=== Log file for cores: nauty-genbg_-d10:0_-D10:3_3_18_30:30



>A nauty-genbg n=3+18 e=30:30 d=10:0 D=10:3  class=0/100
>Z 2 graphs generated in 0.08 sec
>F 2 cores checked in 0.00 sec
>A nauty-genbg n=3+18 e=30:30 d=10:0 D=10:3  class=1/100
>Z 4 graphs generated in 0.08 sec
>F 4 cores checked in 0.00 sec
>A nauty-genbg n=3+18 e=30:30 d=10:0 D=10:3  class=2/100
>Z 1 graphs generated in 0.08 sec
>F 1 cores checked in 0.00 sec
>A nauty-genbg n=3+18 e=30:30 d=10:0 D=10:3  class=3/100
>Z 2 graphs generated in 0.08 sec
>F 2 cores checked in 0.00 sec
>A nauty-genbg n=3+18 e=30:30 d=10:0 D=10:3  class=4/100
>Z 2 graphs generated in 0.08 sec
>F 2 cores checked in 0.00 sec
>A nauty-genbg n=3+18 e=30:30 d=10:0 D=10:3  class=5/100
>Z 1 graphs generated in 0.08 sec
>F 1 cores checked in 0.00 sec
>A nauty-genbg n=3+18 e=30:30 d=10:0 D=10:3  class=6/100
>Z 3 graphs generated in 0.08 sec
>F 3 cores checked in 0.00 sec
>A nauty-genbg n=3+18 e=30:30 d=10:0 D=10:3  class=7/100
>Z 1 graphs generated in 0.08 sec
>F 1 cores checked in 0.00 sec
>A nauty-genbg n=3+18 e=30:30 d=10:0 D=10:3  class=8/100
>Z 2 graphs generated in 0.08 sec
>F 2 cores checked in 0.00 sec
>A nauty-genbg n=3+18 e=30:30 d=10:0 D=10:3  class=9/100
>Z 1 graphs generated in 0.08 sec
>F 1 cores checked in 0.00 sec
>A nauty-genbg n=3+18 e=30:30 d=10:0 D=10:3  class=10/100
>Z 1 graphs generated in 0.08 sec
>F 1 cores checked in 0.00 sec
>A nauty-genbg n=3+18 e=30:30 d=10:0 D=10:3  class=11/100
>Z 1 graphs generated in 0.08 sec
>F 1 cores checked in 0.00 sec
>A nauty-genbg n=3+18 e=30:30 d=10:0 D=10:3  class=12/100
>Z 2 graphs generated in 0.08 sec
>F 2 cores checked in 0.00 sec
>A nauty-genbg n=3+18 e=30:30 d=10:0 D=10:3  class=13/100
>Z 2 graphs generated in 0.08 sec
>F 2 cores checked in 0.00 sec
>A nauty-genbg n=3+18 e=30:30 d=10:0 D=10:3  class=14/100
>Z 1 graphs generated in 0.08 sec
>F 1 cores checked in 0.00 sec
>A nauty-genbg n=3+18 e=30:30 d=10:0 D=10:3  class=15/100
>Z 1 graphs generated in 0.08 sec
>F 1 cores checked in 0.00 sec
>A nauty-genbg n=3+18 e=30:30 d=10:0 D=10:3  class=16/100
>Z 1 graphs generated in 0.08 sec
>F 1 cores checked in 0.00 sec
>A nauty-genbg n=3+18 e=30:30 d=10:0 D=10:3  class=17/100
>Z 1 graphs generated in 0.08 sec
>F 1 cores checked in 0.00 sec
>A nauty-genbg n=3+18 e=30:30 d=10:0 D=10:3  class=18/100
>Z 2 graphs generated in 0.08 sec
>F 2 cores checked in 0.00 sec
>A nauty-genbg n=3+18 e=30:30 d=10:0 D=10:3  class=19/100
>Z 1 graphs generated in 0.08 sec
>F 1 cores checked in 0.00 sec
>A nauty-genbg n=3+18 e=30:30 d=10:0 D=10:3  class=20/100
>Z 1 graphs generated in 0.08 sec
>F 1 cores checked in 0.00 sec
>A nauty-genbg n=3+18 e=30:30 d=10:0 D=10:3  class=21/100
>Z 2 graphs generated in 0.08 sec
>F 2 cores checked in 0.00 sec
>A nauty-genbg n=3+18 e=30:30 d=10:0 D=10:3  class=22/100
>Z 2 graphs generated in 0.08 sec
>F 2 cores checked in 0.00 sec
>A nauty-genbg n=3+18 e=30:30 d=10:0 D=10:3  class=23/100
>Z 2 graphs generated in 0.08 sec
>F 2 cores checked in 0.00 sec
>A nauty-genbg n=3+18 e=30:30 d=10:0 D=10:3  class=24/100
>Z 2 graphs generated in 0.08 sec
>F 2 cores checked in 0.00 sec
>A nauty-genbg n=3+18 e=30:30 d=10:0 D=10:3  class=25/100
>Z 2 graphs generated in 0.08 sec
>F 2 cores checked in 0.00 sec
>A nauty-genbg n=3+18 e=30:30 d=10:0 D=10:3  class=26/100
>Z 1 graphs generated in 0.08 sec
>F 1 cores checked in 0.00 sec
>A nauty-genbg n=3+18 e=30:30 d=10:0 D=10:3  class=27/100
>Z 3 graphs generated in 0.08 sec
>F 3 cores checked in 0.00 sec
>A nauty-genbg n=3+18 e=30:30 d=10:0 D=10:3  class=28/100
>Z 2 graphs generated in 0.08 sec
>F 2 cores checked in 0.00 sec
>A nauty-genbg n=3+18 e=30:30 d=10:0 D=10:3  class=29/100
>Z 2 graphs generated in 0.08 sec
>F 2 cores checked in 0.00 sec
>A nauty-genbg n=3+18 e=30:30 d=10:0 D=10:3  class=30/100
>Z 1 graphs generated in 0.08 sec
>F 1 cores checked in 0.00 sec
>A nauty-genbg n=3+18 e=30:30 d=10:0 D=10:3  class=31/100
>Z 1 graphs generated in 0.08 sec
>F 1 cores checked in 0.00 sec
>A nauty-genbg n=3+18 e=30:30 d=10:0 D=10:3  class=32/100
>Z 2 graphs generated in 0.08 sec
>F 2 cores checked in 0.00 sec
>A nauty-genbg n=3+18 e=30:30 d=10:0 D=10:3  class=33/100
>Z 1 graphs generated in 0.08 sec
>F 1 cores checked in 0.00 sec
>A nauty-genbg n=3+18 e=30:30 d=10:0 D=10:3  class=34/100
>Z 1 graphs generated in 0.08 sec
>F 1 cores checked in 0.00 sec
>A nauty-genbg n=3+18 e=30:30 d=10:0 D=10:3  class=35/100
>Z 0 graphs generated in 0.08 sec
>F 0 cores checked in 0.00 sec
>A nauty-genbg n=3+18 e=30:30 d=10:0 D=10:3  class=36/100
>Z 1 graphs generated in 0.08 sec
>F 1 cores checked in 0.00 sec
>A nauty-genbg n=3+18 e=30:30 d=10:0 D=10:3  class=37/100
>Z 1 graphs generated in 0.08 sec
>F 1 cores checked in 0.00 sec
>A nauty-genbg n=3+18 e=30:30 d=10:0 D=10:3  class=38/100
>Z 2 graphs generated in 0.08 sec
>F 2 cores checked in 0.00 sec
>A nauty-genbg n=3+18 e=30:30 d=10:0 D=10:3  class=39/100
>Z 2 graphs generated in 0.08 sec
>F 2 cores checked in 0.00 sec
>A nauty-genbg n=3+18 e=30:30 d=10:0 D=10:3  class=40/100
>Z 1 graphs generated in 0.08 sec
>F 1 cores checked in 0.00 sec
>A nauty-genbg n=3+18 e=30:30 d=10:0 D=10:3  class=41/100
>Z 2 graphs generated in 0.08 sec
>F 2 cores checked in 0.00 sec
>A nauty-genbg n=3+18 e=30:30 d=10:0 D=10:3  class=42/100
>Z 3 graphs generated in 0.08 sec
>F 3 cores checked in 0.00 sec
>A nauty-genbg n=3+18 e=30:30 d=10:0 D=10:3  class=43/100
>Z 4 graphs generated in 0.08 sec
>F 4 cores checked in 0.00 sec
>A nauty-genbg n=3+18 e=30:30 d=10:0 D=10:3  class=44/100
>Z 2 graphs generated in 0.08 sec
>F 2 cores checked in 0.00 sec
>A nauty-genbg n=3+18 e=30:30 d=10:0 D=10:3  class=45/100
>Z 2 graphs generated in 0.08 sec
>F 2 cores checked in 0.00 sec
>A nauty-genbg n=3+18 e=30:30 d=10:0 D=10:3  class=46/100
>Z 3 graphs generated in 0.08 sec
>F 3 cores checked in 0.00 sec
>A nauty-genbg n=3+18 e=30:30 d=10:0 D=10:3  class=47/100
>Z 2 graphs generated in 0.08 sec
>F 2 cores checked in 0.00 sec
>A nauty-genbg n=3+18 e=30:30 d=10:0 D=10:3  class=48/100
>Z 3 graphs generated in 0.08 sec
>F 3 cores checked in 0.00 sec
>A nauty-genbg n=3+18 e=30:30 d=10:0 D=10:3  class=49/100
>Z 1 graphs generated in 0.08 sec
>F 1 cores checked in 0.00 sec
>A nauty-genbg n=3+18 e=30:30 d=10:0 D=10:3  class=50/100
>Z 2 graphs generated in 0.08 sec
>F 2 cores checked in 0.00 sec
>A nauty-genbg n=3+18 e=30:30 d=10:0 D=10:3  class=51/100
>Z 2 graphs generated in 0.08 sec
>F 2 cores checked in 0.00 sec
>A nauty-genbg n=3+18 e=30:30 d=10:0 D=10:3  class=52/100
>Z 2 graphs generated in 0.08 sec
>F 2 cores checked in 0.00 sec
>A nauty-genbg n=3+18 e=30:30 d=10:0 D=10:3  class=53/100
>Z 1 graphs generated in 0.08 sec
>F 1 cores checked in 0.00 sec
>A nauty-genbg n=3+18 e=30:30 d=10:0 D=10:3  class=54/100
>Z 2 graphs generated in 0.08 sec
>F 2 cores checked in 0.00 sec
>A nauty-genbg n=3+18 e=30:30 d=10:0 D=10:3  class=55/100
>Z 1 graphs generated in 0.08 sec
>F 1 cores checked in 0.00 sec
>A nauty-genbg n=3+18 e=30:30 d=10:0 D=10:3  class=56/100
>Z 1 graphs generated in 0.08 sec
>F 1 cores checked in 0.00 sec
>A nauty-genbg n=3+18 e=30:30 d=10:0 D=10:3  class=57/100
>Z 0 graphs generated in 0.08 sec
>F 0 cores checked in 0.00 sec
>A nauty-genbg n=3+18 e=30:30 d=10:0 D=10:3  class=58/100
>Z 0 graphs generated in 0.08 sec
>F 0 cores checked in 0.00 sec
>A nauty-genbg n=3+18 e=30:30 d=10:0 D=10:3  class=59/100
>Z 2 graphs generated in 0.08 sec
>F 2 cores checked in 0.00 sec
>A nauty-genbg n=3+18 e=30:30 d=10:0 D=10:3  class=60/100
>Z 2 graphs generated in 0.08 sec
>F 2 cores checked in 0.00 sec
>A nauty-genbg n=3+18 e=30:30 d=10:0 D=10:3  class=61/100
>Z 1 graphs generated in 0.08 sec
>F 1 cores checked in 0.00 sec
>A nauty-genbg n=3+18 e=30:30 d=10:0 D=10:3  class=62/100
>Z 1 graphs generated in 0.08 sec
>F 1 cores checked in 0.00 sec
>A nauty-genbg n=3+18 e=30:30 d=10:0 D=10:3  class=63/100
>Z 0 graphs generated in 0.08 sec
>F 0 cores checked in 0.00 sec
>A nauty-genbg n=3+18 e=30:30 d=10:0 D=10:3  class=64/100
>Z 1 graphs generated in 0.08 sec
>F 1 cores checked in 0.00 sec
>A nauty-genbg n=3+18 e=30:30 d=10:0 D=10:3  class=65/100
>Z 1 graphs generated in 0.08 sec
>F 1 cores checked in 0.00 sec
>A nauty-genbg n=3+18 e=30:30 d=10:0 D=10:3  class=66/100
>Z 0 graphs generated in 0.08 sec
>F 0 cores checked in 0.00 sec
>A nauty-genbg n=3+18 e=30:30 d=10:0 D=10:3  class=67/100
>Z 0 graphs generated in 0.08 sec
>F 0 cores checked in 0.00 sec
>A nauty-genbg n=3+18 e=30:30 d=10:0 D=10:3  class=68/100
>Z 0 graphs generated in 0.08 sec
>F 0 cores checked in 0.00 sec
>A nauty-genbg n=3+18 e=30:30 d=10:0 D=10:3  class=69/100
>Z 2 graphs generated in 0.08 sec
>F 2 cores checked in 0.00 sec
>A nauty-genbg n=3+18 e=30:30 d=10:0 D=10:3  class=70/100
>Z 0 graphs generated in 0.08 sec
>F 0 cores checked in 0.00 sec
>A nauty-genbg n=3+18 e=30:30 d=10:0 D=10:3  class=71/100
>Z 0 graphs generated in 0.08 sec
>F 0 cores checked in 0.00 sec
>A nauty-genbg n=3+18 e=30:30 d=10:0 D=10:3  class=72/100
>Z 1 graphs generated in 0.08 sec
>F 1 cores checked in 0.00 sec
>A nauty-genbg n=3+18 e=30:30 d=10:0 D=10:3  class=73/100
>Z 0 graphs generated in 0.08 sec
>F 0 cores checked in 0.00 sec
>A nauty-genbg n=3+18 e=30:30 d=10:0 D=10:3  class=74/100
>Z 0 graphs generated in 0.08 sec
>F 0 cores checked in 0.00 sec
>A nauty-genbg n=3+18 e=30:30 d=10:0 D=10:3  class=75/100
>Z 1 graphs generated in 0.08 sec
>F 1 cores checked in 0.00 sec
>A nauty-genbg n=3+18 e=30:30 d=10:0 D=10:3  class=76/100
>Z 0 graphs generated in 0.08 sec
>F 0 cores checked in 0.00 sec
>A nauty-genbg n=3+18 e=30:30 d=10:0 D=10:3  class=77/100
>Z 1 graphs generated in 0.08 sec
>F 1 cores checked in 0.00 sec
>A nauty-genbg n=3+18 e=30:30 d=10:0 D=10:3  class=78/100
>Z 1 graphs generated in 0.08 sec
>F 1 cores checked in 0.00 sec
>A nauty-genbg n=3+18 e=30:30 d=10:0 D=10:3  class=79/100
>Z 1 graphs generated in 0.08 sec
>F 1 cores checked in 0.00 sec
>A nauty-genbg n=3+18 e=30:30 d=10:0 D=10:3  class=80/100
>Z 2 graphs generated in 0.08 sec
>F 2 cores checked in 0.00 sec
>A nauty-genbg n=3+18 e=30:30 d=10:0 D=10:3  class=81/100
>Z 2 graphs generated in 0.08 sec
>F 2 cores checked in 0.00 sec
>A nauty-genbg n=3+18 e=30:30 d=10:0 D=10:3  class=82/100
>Z 2 graphs generated in 0.08 sec
>F 2 cores checked in 0.00 sec
>A nauty-genbg n=3+18 e=30:30 d=10:0 D=10:3  class=83/100
>Z 2 graphs generated in 0.08 sec
>F 2 cores checked in 0.00 sec
>A nauty-genbg n=3+18 e=30:30 d=10:0 D=10:3  class=84/100
>Z 1 graphs generated in 0.08 sec
>F 1 cores checked in 0.00 sec
>A nauty-genbg n=3+18 e=30:30 d=10:0 D=10:3  class=85/100
>Z 2 graphs generated in 0.08 sec
>F 2 cores checked in 0.00 sec
>A nauty-genbg n=3+18 e=30:30 d=10:0 D=10:3  class=86/100
>Z 1 graphs generated in 0.08 sec
>F 1 cores checked in 0.00 sec
>A nauty-genbg n=3+18 e=30:30 d=10:0 D=10:3  class=87/100
>Z 2 graphs generated in 0.08 sec
>F 2 cores checked in 0.00 sec
>A nauty-genbg n=3+18 e=30:30 d=10:0 D=10:3  class=88/100
>Z 2 graphs generated in 0.08 sec
>F 2 cores checked in 0.00 sec
>A nauty-genbg n=3+18 e=30:30 d=10:0 D=10:3  class=89/100
>Z 1 graphs generated in 0.08 sec
>F 1 cores checked in 0.00 sec
>A nauty-genbg n=3+18 e=30:30 d=10:0 D=10:3  class=90/100
>Z 2 graphs generated in 0.08 sec
>F 2 cores checked in 0.00 sec
>A nauty-genbg n=3+18 e=30:30 d=10:0 D=10:3  class=91/100
>Z 3 graphs generated in 0.08 sec
>F 3 cores checked in 0.00 sec
>A nauty-genbg n=3+18 e=30:30 d=10:0 D=10:3  class=92/100
>Z 2 graphs generated in 0.08 sec
>F 2 cores checked in 0.00 sec
>A nauty-genbg n=3+18 e=30:30 d=10:0 D=10:3  class=93/100
>Z 2 graphs generated in 0.08 sec
>F 2 cores checked in 0.00 sec
>A nauty-genbg n=3+18 e=30:30 d=10:0 D=10:3  class=94/100
>Z 1 graphs generated in 0.08 sec
>F 1 cores checked in 0.00 sec
>A nauty-genbg n=3+18 e=30:30 d=10:0 D=10:3  class=95/100
>Z 2 graphs generated in 0.08 sec
>F 2 cores checked in 0.00 sec
>A nauty-genbg n=3+18 e=30:30 d=10:0 D=10:3  class=96/100
>Z 2 graphs generated in 0.08 sec
>F 2 cores checked in 0.00 sec
>A nauty-genbg n=3+18 e=30:30 d=10:0 D=10:3  class=97/100
>Z 2 graphs generated in 0.08 sec
>F 2 cores checked in 0.00 sec
>A nauty-genbg n=3+18 e=30:30 d=10:0 D=10:3  class=98/100
>Z 3 graphs generated in 0.08 sec
>F 3 cores checked in 0.00 sec
>A nauty-genbg n=3+18 e=30:30 d=10:0 D=10:3  class=99/100
>Z 2 graphs generated in 0.08 sec
>F 2 cores checked in 0.00 sec



===Total number of cores generated: 150
===Total number of cores checked: 150
===Total time for generation: 8.00 seconds
===Total time for checking: 0.00 seconds
===Total number of exceptional cores: 0
