=== Log file for cores: nauty-genbg_-d4:0_-D7:3_6_15_31:31



>A nauty-genbg n=6+15 e=31:31 d=4:0 D=7:3  class=0/100
>Z 1724352 graphs generated in 114.47 sec
>F 1724352 cores checked in 861.82 sec
>A nauty-genbg n=6+15 e=31:31 d=4:0 D=7:3  class=1/100
>Z 1711189 graphs generated in 114.26 sec
>F 1711189 cores checked in 871.09 sec
>A nauty-genbg n=6+15 e=31:31 d=4:0 D=7:3  class=2/100
>Z 1710342 graphs generated in 114.25 sec
>F 1710342 cores checked in 863.93 sec
>A nauty-genbg n=6+15 e=31:31 d=4:0 D=7:3  class=3/100
>Z 1705530 graphs generated in 114.26 sec
>F 1705530 cores checked in 830.82 sec
>A nauty-genbg n=6+15 e=31:31 d=4:0 D=7:3  class=4/100
>Z 1721012 graphs generated in 114.40 sec
>F 1721012 cores checked in 872.76 sec
>A nauty-genbg n=6+15 e=31:31 d=4:0 D=7:3  class=5/100
>Z 1709195 graphs generated in 114.09 sec
>F 1709195 cores checked in 927.79 sec
>A nauty-genbg n=6+15 e=31:31 d=4:0 D=7:3  class=6/100
>Z 1705446 graphs generated in 114.16 sec
>F 1705446 cores checked in 910.55 sec
>A nauty-genbg n=6+15 e=31:31 d=4:0 D=7:3  class=7/100
>Z 1707914 graphs generated in 114.29 sec
>F 1707914 cores checked in 886.62 sec
>A nauty-genbg n=6+15 e=31:31 d=4:0 D=7:3  class=8/100
>Z 1713875 graphs generated in 114.37 sec
>F 1713875 cores checked in 928.96 sec
>A nauty-genbg n=6+15 e=31:31 d=4:0 D=7:3  class=9/100
>Z 1716389 graphs generated in 114.24 sec
>F 1716389 cores checked in 854.29 sec
>A nauty-genbg n=6+15 e=31:31 d=4:0 D=7:3  class=10/100
>Z 1720739 graphs generated in 114.40 sec
>F 1720739 cores checked in 865.27 sec
>A nauty-genbg n=6+15 e=31:31 d=4:0 D=7:3  class=11/100
>Z 1711825 graphs generated in 114.24 sec
>F 1711825 cores checked in 873.01 sec
>A nauty-genbg n=6+15 e=31:31 d=4:0 D=7:3  class=12/100
>Z 1710980 graphs generated in 114.00 sec
>F 1710980 cores checked in 879.39 sec
>A nauty-genbg n=6+15 e=31:31 d=4:0 D=7:3  class=13/100
>Z 1718504 graphs generated in 114.05 sec
>F 1718504 cores checked in 853.11 sec
>A nauty-genbg n=6+15 e=31:31 d=4:0 D=7:3  class=14/100
>Z 1717704 graphs generated in 113.98 sec
>F 1717704 cores checked in 882.13 sec
>A nauty-genbg n=6+15 e=31:31 d=4:0 D=7:3  class=15/100
>Z 1710288 graphs generated in 114.06 sec
>F 1710288 cores checked in 904.44 sec
>A nauty-genbg n=6+15 e=31:31 d=4:0 D=7:3  class=16/100
>Z 1707214 graphs generated in 113.82 sec
>F 1707214 cores checked in 894.20 sec
>A nauty-genbg n=6+15 e=31:31 d=4:0 D=7:3  class=17/100
>Z 1714264 graphs generated in 113.90 sec
>F 1714264 cores checked in 883.80 sec
>A nauty-genbg n=6+15 e=31:31 d=4:0 D=7:3  class=18/100
>Z 1710126 graphs generated in 113.92 sec
>F 1710126 cores checked in 849.89 sec
>A nauty-genbg n=6+15 e=31:31 d=4:0 D=7:3  class=19/100
>Z 1719937 graphs generated in 113.89 sec
>F 1719937 cores checked in 861.83 sec
>A nauty-genbg n=6+15 e=31:31 d=4:0 D=7:3  class=20/100
>Z 1719004 graphs generated in 120.79 sec
>F 1719004 cores checked in 839.87 sec
>A nauty-genbg n=6+15 e=31:31 d=4:0 D=7:3  class=21/100
>Z 1709926 graphs generated in 113.99 sec
>F 1709926 cores checked in 871.46 sec
>A nauty-genbg n=6+15 e=31:31 d=4:0 D=7:3  class=22/100
>Z 1706682 graphs generated in 113.96 sec
>F 1706682 cores checked in 822.28 sec
>A nauty-genbg n=6+15 e=31:31 d=4:0 D=7:3  class=23/100
>Z 1708046 graphs generated in 113.56 sec
>F 1708046 cores checked in 875.36 sec
>A nauty-genbg n=6+15 e=31:31 d=4:0 D=7:3  class=24/100
>Z 1714754 graphs generated in 113.58 sec
>F 1714754 cores checked in 865.84 sec
>A nauty-genbg n=6+15 e=31:31 d=4:0 D=7:3  class=25/100
>Z 1709062 graphs generated in 113.31 sec
>F 1709062 cores checked in 882.67 sec
>A nauty-genbg n=6+15 e=31:31 d=4:0 D=7:3  class=26/100
>Z 1708943 graphs generated in 113.33 sec
>F 1708943 cores checked in 875.50 sec
>A nauty-genbg n=6+15 e=31:31 d=4:0 D=7:3  class=27/100
>Z 1705808 graphs generated in 113.03 sec
>F 1705808 cores checked in 894.89 sec
>A nauty-genbg n=6+15 e=31:31 d=4:0 D=7:3  class=28/100
>Z 1710944 graphs generated in 113.12 sec
>F 1710944 cores checked in 891.89 sec
>A nauty-genbg n=6+15 e=31:31 d=4:0 D=7:3  class=29/100
>Z 1713461 graphs generated in 113.29 sec
>F 1713461 cores checked in 856.95 sec
>A nauty-genbg n=6+15 e=31:31 d=4:0 D=7:3  class=30/100
>Z 1716734 graphs generated in 113.16 sec
>F 1716734 cores checked in 841.61 sec
>A nauty-genbg n=6+15 e=31:31 d=4:0 D=7:3  class=31/100
>Z 1710660 graphs generated in 113.25 sec
>F 1710660 cores checked in 880.06 sec
>A nauty-genbg n=6+15 e=31:31 d=4:0 D=7:3  class=32/100
>Z 1715595 graphs generated in 113.24 sec
>F 1715595 cores checked in 888.15 sec
>A nauty-genbg n=6+15 e=31:31 d=4:0 D=7:3  class=33/100
>Z 1706989 graphs generated in 113.03 sec
>F 1706989 cores checked in 933.26 sec
>A nauty-genbg n=6+15 e=31:31 d=4:0 D=7:3  class=34/100
>Z 1704609 graphs generated in 113.30 sec
>F 1704609 cores checked in 900.12 sec
>A nauty-genbg n=6+15 e=31:31 d=4:0 D=7:3  class=35/100
>Z 1695175 graphs generated in 113.13 sec
>F 1695175 cores checked in 875.93 sec
>A nauty-genbg n=6+15 e=31:31 d=4:0 D=7:3  class=36/100
>Z 1698609 graphs generated in 113.15 sec
>F 1698609 cores checked in 884.00 sec
>A nauty-genbg n=6+15 e=31:31 d=4:0 D=7:3  class=37/100
>Z 1709206 graphs generated in 112.99 sec
>F 1709206 cores checked in 874.79 sec
>A nauty-genbg n=6+15 e=31:31 d=4:0 D=7:3  class=38/100
>Z 1705295 graphs generated in 113.16 sec
>F 1705295 cores checked in 877.89 sec
>A nauty-genbg n=6+15 e=31:31 d=4:0 D=7:3  class=39/100
>Z 1719621 graphs generated in 113.26 sec
>F 1719621 cores checked in 921.15 sec
>A nauty-genbg n=6+15 e=31:31 d=4:0 D=7:3  class=40/100
>Z 1721896 graphs generated in 113.16 sec
>F 1721896 cores checked in 870.22 sec
>A nauty-genbg n=6+15 e=31:31 d=4:0 D=7:3  class=41/100
>Z 1709453 graphs generated in 113.21 sec
>F 1709453 cores checked in 900.41 sec
>A nauty-genbg n=6+15 e=31:31 d=4:0 D=7:3  class=42/100
>Z 1721394 graphs generated in 113.34 sec
>F 1721394 cores checked in 921.79 sec
>A nauty-genbg n=6+15 e=31:31 d=4:0 D=7:3  class=43/100
>Z 1708655 graphs generated in 112.92 sec
>F 1708655 cores checked in 868.28 sec
>A nauty-genbg n=6+15 e=31:31 d=4:0 D=7:3  class=44/100
>Z 1706773 graphs generated in 113.20 sec
>F 1706773 cores checked in 862.58 sec
>A nauty-genbg n=6+15 e=31:31 d=4:0 D=7:3  class=45/100
>Z 1719449 graphs generated in 113.24 sec
>F 1719449 cores checked in 885.59 sec
>A nauty-genbg n=6+15 e=31:31 d=4:0 D=7:3  class=46/100
>Z 1707259 graphs generated in 113.11 sec
>F 1707259 cores checked in 859.16 sec
>A nauty-genbg n=6+15 e=31:31 d=4:0 D=7:3  class=47/100
>Z 1711493 graphs generated in 113.12 sec
>F 1711493 cores checked in 860.72 sec
>A nauty-genbg n=6+15 e=31:31 d=4:0 D=7:3  class=48/100
>Z 1713212 graphs generated in 113.10 sec
>F 1713212 cores checked in 853.04 sec
>A nauty-genbg n=6+15 e=31:31 d=4:0 D=7:3  class=49/100
>Z 1719976 graphs generated in 113.29 sec
>F 1719976 cores checked in 873.39 sec
>A nauty-genbg n=6+15 e=31:31 d=4:0 D=7:3  class=50/100
>Z 1718916 graphs generated in 113.27 sec
>F 1718916 cores checked in 862.73 sec
>A nauty-genbg n=6+15 e=31:31 d=4:0 D=7:3  class=51/100
>Z 1699444 graphs generated in 113.01 sec
>F 1699444 cores checked in 882.30 sec
>A nauty-genbg n=6+15 e=31:31 d=4:0 D=7:3  class=52/100
>Z 1709923 graphs generated in 112.99 sec
>F 1709923 cores checked in 922.89 sec
>A nauty-genbg n=6+15 e=31:31 d=4:0 D=7:3  class=53/100
>Z 1719135 graphs generated in 113.10 sec
>F 1719135 cores checked in 916.18 sec
>A nauty-genbg n=6+15 e=31:31 d=4:0 D=7:3  class=54/100
>Z 1713490 graphs generated in 112.97 sec
>F 1713490 cores checked in 895.78 sec
>A nauty-genbg n=6+15 e=31:31 d=4:0 D=7:3  class=55/100
>Z 1712433 graphs generated in 112.93 sec
>F 1712433 cores checked in 868.68 sec
>A nauty-genbg n=6+15 e=31:31 d=4:0 D=7:3  class=56/100
>Z 1698052 graphs generated in 112.65 sec
>F 1698052 cores checked in 882.36 sec
>A nauty-genbg n=6+15 e=31:31 d=4:0 D=7:3  class=57/100
>Z 1695578 graphs generated in 112.47 sec
>F 1695578 cores checked in 863.71 sec
>A nauty-genbg n=6+15 e=31:31 d=4:0 D=7:3  class=58/100
>Z 1704778 graphs generated in 112.85 sec
>F 1704778 cores checked in 866.75 sec
>A nauty-genbg n=6+15 e=31:31 d=4:0 D=7:3  class=59/100
>Z 1709046 graphs generated in 112.55 sec
>F 1709046 cores checked in 860.45 sec
>A nauty-genbg n=6+15 e=31:31 d=4:0 D=7:3  class=60/100
>Z 1720675 graphs generated in 112.99 sec
>F 1720675 cores checked in 854.97 sec
>A nauty-genbg n=6+15 e=31:31 d=4:0 D=7:3  class=61/100
>Z 1695579 graphs generated in 112.97 sec
>F 1695579 cores checked in 872.22 sec
>A nauty-genbg n=6+15 e=31:31 d=4:0 D=7:3  class=62/100
>Z 1697483 graphs generated in 112.64 sec
>F 1697483 cores checked in 833.34 sec
>A nauty-genbg n=6+15 e=31:31 d=4:0 D=7:3  class=63/100
>Z 1708214 graphs generated in 112.73 sec
>F 1708214 cores checked in 885.86 sec
>A nauty-genbg n=6+15 e=31:31 d=4:0 D=7:3  class=64/100
>Z 1711556 graphs generated in 112.88 sec
>F 1711556 cores checked in 851.58 sec
>A nauty-genbg n=6+15 e=31:31 d=4:0 D=7:3  class=65/100
>Z 1708909 graphs generated in 112.71 sec
>F 1708909 cores checked in 842.85 sec
>A nauty-genbg n=6+15 e=31:31 d=4:0 D=7:3  class=66/100
>Z 1705713 graphs generated in 112.80 sec
>F 1705713 cores checked in 849.51 sec
>A nauty-genbg n=6+15 e=31:31 d=4:0 D=7:3  class=67/100
>Z 1694383 graphs generated in 112.73 sec
>F 1694383 cores checked in 912.50 sec
>A nauty-genbg n=6+15 e=31:31 d=4:0 D=7:3  class=68/100
>Z 1703307 graphs generated in 112.82 sec
>F 1703307 cores checked in 839.89 sec
>A nauty-genbg n=6+15 e=31:31 d=4:0 D=7:3  class=69/100
>Z 1717974 graphs generated in 113.14 sec
>F 1717974 cores checked in 836.39 sec
>A nauty-genbg n=6+15 e=31:31 d=4:0 D=7:3  class=70/100
>Z 1705302 graphs generated in 112.87 sec
>F 1705302 cores checked in 857.20 sec
>A nauty-genbg n=6+15 e=31:31 d=4:0 D=7:3  class=71/100
>Z 1693014 graphs generated in 112.74 sec
>F 1693014 cores checked in 809.63 sec
>A nauty-genbg n=6+15 e=31:31 d=4:0 D=7:3  class=72/100
>Z 1708078 graphs generated in 113.09 sec
>F 1708078 cores checked in 904.69 sec
>A nauty-genbg n=6+15 e=31:31 d=4:0 D=7:3  class=73/100
>Z 1712623 graphs generated in 112.78 sec
>F 1712623 cores checked in 871.34 sec
>A nauty-genbg n=6+15 e=31:31 d=4:0 D=7:3  class=74/100
>Z 1712803 graphs generated in 112.75 sec
>F 1712803 cores checked in 905.95 sec
>A nauty-genbg n=6+15 e=31:31 d=4:0 D=7:3  class=75/100
>Z 1709110 graphs generated in 112.53 sec
>F 1709110 cores checked in 918.83 sec
>A nauty-genbg n=6+15 e=31:31 d=4:0 D=7:3  class=76/100
>Z 1711789 graphs generated in 112.72 sec
>F 1711789 cores checked in 902.69 sec
>A nauty-genbg n=6+15 e=31:31 d=4:0 D=7:3  class=77/100
>Z 1705478 graphs generated in 112.63 sec
>F 1705478 cores checked in 890.88 sec
>A nauty-genbg n=6+15 e=31:31 d=4:0 D=7:3  class=78/100
>Z 1712065 graphs generated in 112.60 sec
>F 1712065 cores checked in 881.27 sec
>A nauty-genbg n=6+15 e=31:31 d=4:0 D=7:3  class=79/100
>Z 1705671 graphs generated in 112.82 sec
>F 1705671 cores checked in 852.05 sec
>A nauty-genbg n=6+15 e=31:31 d=4:0 D=7:3  class=80/100
>Z 1719424 graphs generated in 113.01 sec
>F 1719424 cores checked in 886.22 sec
>A nauty-genbg n=6+15 e=31:31 d=4:0 D=7:3  class=81/100
>Z 1691722 graphs generated in 112.72 sec
>F 1691722 cores checked in 817.93 sec
>A nauty-genbg n=6+15 e=31:31 d=4:0 D=7:3  class=82/100
>Z 1712155 graphs generated in 112.64 sec
>F 1712155 cores checked in 835.46 sec
>A nauty-genbg n=6+15 e=31:31 d=4:0 D=7:3  class=83/100
>Z 1710532 graphs generated in 112.82 sec
>F 1710532 cores checked in 901.58 sec
>A nauty-genbg n=6+15 e=31:31 d=4:0 D=7:3  class=84/100
>Z 1721690 graphs generated in 112.95 sec
>F 1721690 cores checked in 895.15 sec
>A nauty-genbg n=6+15 e=31:31 d=4:0 D=7:3  class=85/100
>Z 1715378 graphs generated in 112.83 sec
>F 1715378 cores checked in 909.30 sec
>A nauty-genbg n=6+15 e=31:31 d=4:0 D=7:3  class=86/100
>Z 1709466 graphs generated in 112.83 sec
>F 1709466 cores checked in 862.44 sec
>A nauty-genbg n=6+15 e=31:31 d=4:0 D=7:3  class=87/100
>Z 1708072 graphs generated in 112.43 sec
>F 1708072 cores checked in 886.61 sec
>A nauty-genbg n=6+15 e=31:31 d=4:0 D=7:3  class=88/100
>Z 1712887 graphs generated in 112.48 sec
>F 1712887 cores checked in 903.09 sec
>A nauty-genbg n=6+15 e=31:31 d=4:0 D=7:3  class=89/100
>Z 1718334 graphs generated in 112.37 sec
>F 1718334 cores checked in 861.27 sec
>A nauty-genbg n=6+15 e=31:31 d=4:0 D=7:3  class=90/100
>Z 1711503 graphs generated in 112.43 sec
>F 1711503 cores checked in 876.77 sec
>A nauty-genbg n=6+15 e=31:31 d=4:0 D=7:3  class=91/100
>Z 1704064 graphs generated in 112.52 sec
>F 1704064 cores checked in 838.38 sec
>A nauty-genbg n=6+15 e=31:31 d=4:0 D=7:3  class=92/100
>Z 1710770 graphs generated in 112.54 sec
>F 1710770 cores checked in 876.10 sec
>A nauty-genbg n=6+15 e=31:31 d=4:0 D=7:3  class=93/100
>Z 1707624 graphs generated in 112.51 sec
>F 1707624 cores checked in 899.06 sec
>A nauty-genbg n=6+15 e=31:31 d=4:0 D=7:3  class=94/100
>Z 1715468 graphs generated in 112.55 sec
>F 1715468 cores checked in 872.70 sec
>A nauty-genbg n=6+15 e=31:31 d=4:0 D=7:3  class=95/100
>Z 1711463 graphs generated in 112.52 sec
>F 1711463 cores checked in 860.76 sec
>A nauty-genbg n=6+15 e=31:31 d=4:0 D=7:3  class=96/100
>Z 1710309 graphs generated in 112.44 sec
>F 1710309 cores checked in 915.92 sec
>A nauty-genbg n=6+15 e=31:31 d=4:0 D=7:3  class=97/100
>Z 1707560 graphs generated in 112.46 sec
>F 1707560 cores checked in 845.53 sec
>A nauty-genbg n=6+15 e=31:31 d=4:0 D=7:3  class=98/100
>Z 1709472 graphs generated in 112.48 sec
>F 1709472 cores checked in 875.60 sec
>A nauty-genbg n=6+15 e=31:31 d=4:0 D=7:3  class=99/100
>Z 1704471 graphs generated in 112.48 sec
>F 1704471 cores checked in 845.01 sec



===Total number of cores generated: 171028393
===Total number of cores checked: 171028393
===Total time for generation: 11325.11 seconds
===Total time for checking: 87524.90 seconds
===Total number of exceptional cores: 0
