=== Log file for cores: nauty-genbg_-d4:0_-D7:3_4_17_25:25



>A nauty-genbg n=4+17 e=25:25 d=4:0 D=7:3  class=0/100
>Z 346 graphs generated in 0.96 sec
>F 346 cores checked in 114716.01 sec
>A nauty-genbg n=4+17 e=25:25 d=4:0 D=7:3  class=1/100
>Z 316 graphs generated in 0.95 sec
>F 316 cores checked in 65777.94 sec
>A nauty-genbg n=4+17 e=25:25 d=4:0 D=7:3  class=2/100
>Z 300 graphs generated in 0.95 sec
>F 300 cores checked in 52874.82 sec
>A nauty-genbg n=4+17 e=25:25 d=4:0 D=7:3  class=3/100
>Z 251 graphs generated in 0.97 sec
>F 251 cores checked in 138033.73 sec
>A nauty-genbg n=4+17 e=25:25 d=4:0 D=7:3  class=4/100
>Z 290 graphs generated in 0.97 sec
>F 290 cores checked in 60488.34 sec
>A nauty-genbg n=4+17 e=25:25 d=4:0 D=7:3  class=5/100
>Z 357 graphs generated in 0.96 sec
>F 357 cores checked in 65753.27 sec
>A nauty-genbg n=4+17 e=25:25 d=4:0 D=7:3  class=6/100
>Z 336 graphs generated in 0.96 sec
>F 336 cores checked in 104557.23 sec
>A nauty-genbg n=4+17 e=25:25 d=4:0 D=7:3  class=7/100
>Z 291 graphs generated in 0.96 sec
>F 291 cores checked in 77759.09 sec
>A nauty-genbg n=4+17 e=25:25 d=4:0 D=7:3  class=8/100
>Z 259 graphs generated in 0.92 sec
>F 259 cores checked in 73473.33 sec
>A nauty-genbg n=4+17 e=25:25 d=4:0 D=7:3  class=9/100
>Z 329 graphs generated in 0.96 sec
>F 329 cores checked in 147617.29 sec
>A nauty-genbg n=4+17 e=25:25 d=4:0 D=7:3  class=10/100
>Z 356 graphs generated in 0.95 sec
>F 356 cores checked in 44226.24 sec
>A nauty-genbg n=4+17 e=25:25 d=4:0 D=7:3  class=11/100
>Z 321 graphs generated in 0.96 sec
>F 321 cores checked in 41598.23 sec
>A nauty-genbg n=4+17 e=25:25 d=4:0 D=7:3  class=12/100
>Z 312 graphs generated in 0.96 sec
>F 312 cores checked in 56173.99 sec
>A nauty-genbg n=4+17 e=25:25 d=4:0 D=7:3  class=13/100
>Z 298 graphs generated in 0.95 sec
>F 298 cores checked in 32218.40 sec
>A nauty-genbg n=4+17 e=25:25 d=4:0 D=7:3  class=14/100
>Z 259 graphs generated in 0.95 sec
>F 259 cores checked in 72686.95 sec
>A nauty-genbg n=4+17 e=25:25 d=4:0 D=7:3  class=15/100
>Z 312 graphs generated in 0.96 sec
>F 312 cores checked in 60042.72 sec
>A nauty-genbg n=4+17 e=25:25 d=4:0 D=7:3  class=16/100
>Z 325 graphs generated in 0.95 sec
>F 325 cores checked in 46885.53 sec
>A nauty-genbg n=4+17 e=25:25 d=4:0 D=7:3  class=17/100
>Z 313 graphs generated in 0.96 sec
>F 313 cores checked in 85601.06 sec
>A nauty-genbg n=4+17 e=25:25 d=4:0 D=7:3  class=18/100
>Z 307 graphs generated in 0.96 sec
>F 307 cores checked in 37930.10 sec
>A nauty-genbg n=4+17 e=25:25 d=4:0 D=7:3  class=19/100
>Z 358 graphs generated in 0.96 sec
>F 358 cores checked in 50932.29 sec
>A nauty-genbg n=4+17 e=25:25 d=4:0 D=7:3  class=20/100
>Z 304 graphs generated in 0.96 sec
>F 304 cores checked in 85886.86 sec
>A nauty-genbg n=4+17 e=25:25 d=4:0 D=7:3  class=21/100
>Z 318 graphs generated in 0.95 sec
>F 318 cores checked in 44580.68 sec
>A nauty-genbg n=4+17 e=25:25 d=4:0 D=7:3  class=22/100
>Z 340 graphs generated in 0.96 sec
>F 340 cores checked in 87645.86 sec
>A nauty-genbg n=4+17 e=25:25 d=4:0 D=7:3  class=23/100
>Z 327 graphs generated in 0.95 sec
>F 327 cores checked in 20024.27 sec
>A nauty-genbg n=4+17 e=25:25 d=4:0 D=7:3  class=24/100
>Z 315 graphs generated in 0.95 sec
>F 315 cores checked in 33816.16 sec
>A nauty-genbg n=4+17 e=25:25 d=4:0 D=7:3  class=25/100
>Z 297 graphs generated in 0.96 sec
>F 297 cores checked in 9400.49 sec
>A nauty-genbg n=4+17 e=25:25 d=4:0 D=7:3  class=26/100
>Z 298 graphs generated in 0.95 sec
>F 298 cores checked in 6295.65 sec
>A nauty-genbg n=4+17 e=25:25 d=4:0 D=7:3  class=27/100
>Z 364 graphs generated in 0.96 sec
>F 364 cores checked in 94381.37 sec
>A nauty-genbg n=4+17 e=25:25 d=4:0 D=7:3  class=28/100
>Z 268 graphs generated in 0.96 sec
>F 268 cores checked in 52188.05 sec
>A nauty-genbg n=4+17 e=25:25 d=4:0 D=7:3  class=29/100
>Z 314 graphs generated in 0.98 sec
>F 314 cores checked in 54952.42 sec
>A nauty-genbg n=4+17 e=25:25 d=4:0 D=7:3  class=30/100
>Z 301 graphs generated in 0.96 sec
>F 301 cores checked in 77559.78 sec
>A nauty-genbg n=4+17 e=25:25 d=4:0 D=7:3  class=31/100
>Z 354 graphs generated in 0.95 sec
>F 354 cores checked in 68286.44 sec
>A nauty-genbg n=4+17 e=25:25 d=4:0 D=7:3  class=32/100
>Z 326 graphs generated in 0.95 sec
>F 326 cores checked in 83325.32 sec
>A nauty-genbg n=4+17 e=25:25 d=4:0 D=7:3  class=33/100
>Z 392 graphs generated in 0.96 sec
>F 392 cores checked in 25158.93 sec
>A nauty-genbg n=4+17 e=25:25 d=4:0 D=7:3  class=34/100
>Z 307 graphs generated in 0.95 sec
>F 307 cores checked in 130148.66 sec
>A nauty-genbg n=4+17 e=25:25 d=4:0 D=7:3  class=35/100
>Z 329 graphs generated in 0.96 sec
>F 329 cores checked in 90800.39 sec
>A nauty-genbg n=4+17 e=25:25 d=4:0 D=7:3  class=36/100
>Z 332 graphs generated in 0.96 sec
>F 332 cores checked in 90647.44 sec
>A nauty-genbg n=4+17 e=25:25 d=4:0 D=7:3  class=37/100
>Z 384 graphs generated in 0.96 sec
>F 384 cores checked in 99412.02 sec
>A nauty-genbg n=4+17 e=25:25 d=4:0 D=7:3  class=38/100
>Z 329 graphs generated in 0.76 sec
>F 329 cores checked in 12376.92 sec
>A nauty-genbg n=4+17 e=25:25 d=4:0 D=7:3  class=39/100
>Z 359 graphs generated in 0.96 sec
>F 359 cores checked in 98518.19 sec
>A nauty-genbg n=4+17 e=25:25 d=4:0 D=7:3  class=40/100
>Z 325 graphs generated in 0.96 sec
>F 325 cores checked in 130445.24 sec
>A nauty-genbg n=4+17 e=25:25 d=4:0 D=7:3  class=41/100
>Z 357 graphs generated in 0.96 sec
>F 357 cores checked in 75233.80 sec
>A nauty-genbg n=4+17 e=25:25 d=4:0 D=7:3  class=42/100
>Z 320 graphs generated in 0.81 sec
>F 320 cores checked in 75863.75 sec
>A nauty-genbg n=4+17 e=25:25 d=4:0 D=7:3  class=43/100
>Z 354 graphs generated in 0.95 sec
>F 354 cores checked in 114222.96 sec
>A nauty-genbg n=4+17 e=25:25 d=4:0 D=7:3  class=44/100
>Z 386 graphs generated in 0.96 sec
>F 386 cores checked in 45233.91 sec
>A nauty-genbg n=4+17 e=25:25 d=4:0 D=7:3  class=45/100
>Z 294 graphs generated in 0.95 sec
>F 294 cores checked in 200240.95 sec
>A nauty-genbg n=4+17 e=25:25 d=4:0 D=7:3  class=46/100
>Z 375 graphs generated in 0.95 sec
>F 375 cores checked in 98981.99 sec
>A nauty-genbg n=4+17 e=25:25 d=4:0 D=7:3  class=47/100
>Z 343 graphs generated in 0.96 sec
>F 343 cores checked in 378382.53 sec
>A nauty-genbg n=4+17 e=25:25 d=4:0 D=7:3  class=48/100
>Z 326 graphs generated in 0.96 sec
>F 326 cores checked in 51814.25 sec
>A nauty-genbg n=4+17 e=25:25 d=4:0 D=7:3  class=49/100
>Z 351 graphs generated in 0.96 sec
>F 351 cores checked in 85194.76 sec
>A nauty-genbg n=4+17 e=25:25 d=4:0 D=7:3  class=50/100
>Z 369 graphs generated in 0.96 sec
>F 369 cores checked in 191524.99 sec
>A nauty-genbg n=4+17 e=25:25 d=4:0 D=7:3  class=51/100
>Z 352 graphs generated in 0.96 sec
>F 352 cores checked in 188410.67 sec
>A nauty-genbg n=4+17 e=25:25 d=4:0 D=7:3  class=52/100
>Z 375 graphs generated in 0.95 sec
>F 375 cores checked in 28440.26 sec
>A nauty-genbg n=4+17 e=25:25 d=4:0 D=7:3  class=53/100
>Z 388 graphs generated in 0.95 sec
>F 388 cores checked in 172372.65 sec
>A nauty-genbg n=4+17 e=25:25 d=4:0 D=7:3  class=54/100
>Z 317 graphs generated in 0.97 sec
>F 317 cores checked in 159565.72 sec
>A nauty-genbg n=4+17 e=25:25 d=4:0 D=7:3  class=55/100
>Z 361 graphs generated in 0.96 sec
>F 361 cores checked in 40276.71 sec
>A nauty-genbg n=4+17 e=25:25 d=4:0 D=7:3  class=56/100
>Z 407 graphs generated in 0.96 sec
>F 407 cores checked in 53780.05 sec
>A nauty-genbg n=4+17 e=25:25 d=4:0 D=7:3  class=57/100
>Z 358 graphs generated in 0.96 sec
>F 358 cores checked in 62106.06 sec
>A nauty-genbg n=4+17 e=25:25 d=4:0 D=7:3  class=58/100
>Z 394 graphs generated in 0.96 sec
>F 394 cores checked in 34559.91 sec
>A nauty-genbg n=4+17 e=25:25 d=4:0 D=7:3  class=59/100
>Z 315 graphs generated in 0.95 sec
>F 315 cores checked in 129471.96 sec
>A nauty-genbg n=4+17 e=25:25 d=4:0 D=7:3  class=60/100
>Z 323 graphs generated in 0.96 sec
>F 323 cores checked in 50362.45 sec
>A nauty-genbg n=4+17 e=25:25 d=4:0 D=7:3  class=61/100
>Z 307 graphs generated in 0.96 sec
>F 307 cores checked in 79903.65 sec
>A nauty-genbg n=4+17 e=25:25 d=4:0 D=7:3  class=62/100
>Z 267 graphs generated in 0.95 sec
>F 267 cores checked in 124556.68 sec
>A nauty-genbg n=4+17 e=25:25 d=4:0 D=7:3  class=63/100
>Z 308 graphs generated in 0.95 sec
>F 308 cores checked in 69859.13 sec
>A nauty-genbg n=4+17 e=25:25 d=4:0 D=7:3  class=64/100
>Z 303 graphs generated in 0.96 sec
>F 303 cores checked in 36667.52 sec
>A nauty-genbg n=4+17 e=25:25 d=4:0 D=7:3  class=65/100
>Z 343 graphs generated in 0.96 sec
>F 343 cores checked in 311709.43 sec
>A nauty-genbg n=4+17 e=25:25 d=4:0 D=7:3  class=66/100
>Z 273 graphs generated in 0.95 sec
>F 273 cores checked in 143065.62 sec
>A nauty-genbg n=4+17 e=25:25 d=4:0 D=7:3  class=67/100
>Z 293 graphs generated in 0.95 sec
>F 293 cores checked in 222785.74 sec
>A nauty-genbg n=4+17 e=25:25 d=4:0 D=7:3  class=68/100
>Z 311 graphs generated in 0.96 sec
>F 311 cores checked in 22198.48 sec
>A nauty-genbg n=4+17 e=25:25 d=4:0 D=7:3  class=69/100
>Z 296 graphs generated in 0.96 sec
>F 296 cores checked in 57273.92 sec
>A nauty-genbg n=4+17 e=25:25 d=4:0 D=7:3  class=70/100
>Z 333 graphs generated in 0.86 sec
>F 333 cores checked in 257895.01 sec
>A nauty-genbg n=4+17 e=25:25 d=4:0 D=7:3  class=71/100
>Z 308 graphs generated in 0.96 sec
>F 308 cores checked in 131298.14 sec
>A nauty-genbg n=4+17 e=25:25 d=4:0 D=7:3  class=72/100
>Z 321 graphs generated in 0.95 sec
>F 321 cores checked in 881.91 sec
>A nauty-genbg n=4+17 e=25:25 d=4:0 D=7:3  class=73/100
>Z 308 graphs generated in 0.95 sec
>F 308 cores checked in 19981.01 sec
>A nauty-genbg n=4+17 e=25:25 d=4:0 D=7:3  class=74/100
>Z 314 graphs generated in 0.96 sec
>F 314 cores checked in 65740.87 sec
>A nauty-genbg n=4+17 e=25:25 d=4:0 D=7:3  class=75/100
>Z 282 graphs generated in 0.95 sec
>F 282 cores checked in 51230.24 sec
>A nauty-genbg n=4+17 e=25:25 d=4:0 D=7:3  class=76/100
>Z 272 graphs generated in 0.95 sec
>F 272 cores checked in 88361.07 sec
>A nauty-genbg n=4+17 e=25:25 d=4:0 D=7:3  class=77/100
>Z 285 graphs generated in 0.95 sec
>F 285 cores checked in 47307.37 sec
>A nauty-genbg n=4+17 e=25:25 d=4:0 D=7:3  class=78/100
>Z 296 graphs generated in 0.96 sec
>F 296 cores checked in 87651.27 sec
>A nauty-genbg n=4+17 e=25:25 d=4:0 D=7:3  class=79/100
>Z 330 graphs generated in 0.96 sec
>F 330 cores checked in 18362.21 sec
>A nauty-genbg n=4+17 e=25:25 d=4:0 D=7:3  class=80/100
>Z 284 graphs generated in 0.95 sec
>F 284 cores checked in 40786.89 sec
>A nauty-genbg n=4+17 e=25:25 d=4:0 D=7:3  class=81/100
>Z 317 graphs generated in 0.92 sec
>F 317 cores checked in 307249.39 sec
>A nauty-genbg n=4+17 e=25:25 d=4:0 D=7:3  class=82/100
>Z 327 graphs generated in 0.96 sec
>F 327 cores checked in 227107.32 sec
>A nauty-genbg n=4+17 e=25:25 d=4:0 D=7:3  class=83/100
>Z 323 graphs generated in 0.95 sec
>F 323 cores checked in 87930.50 sec
>A nauty-genbg n=4+17 e=25:25 d=4:0 D=7:3  class=84/100
>Z 296 graphs generated in 0.91 sec
>F 296 cores checked in 107292.98 sec
>A nauty-genbg n=4+17 e=25:25 d=4:0 D=7:3  class=85/100
>Z 286 graphs generated in 0.96 sec
>F 286 cores checked in 18120.22 sec
>A nauty-genbg n=4+17 e=25:25 d=4:0 D=7:3  class=86/100
>Z 272 graphs generated in 0.96 sec
>F 272 cores checked in 139001.44 sec
>A nauty-genbg n=4+17 e=25:25 d=4:0 D=7:3  class=87/100
>Z 308 graphs generated in 0.87 sec
>F 308 cores checked in 94335.11 sec
>A nauty-genbg n=4+17 e=25:25 d=4:0 D=7:3  class=88/100
>Z 290 graphs generated in 0.95 sec
>F 290 cores checked in 158405.06 sec
>A nauty-genbg n=4+17 e=25:25 d=4:0 D=7:3  class=89/100
>Z 401 graphs generated in 0.97 sec
>F 401 cores checked in 198921.19 sec
>A nauty-genbg n=4+17 e=25:25 d=4:0 D=7:3  class=90/100
>Z 338 graphs generated in 0.95 sec
>F 338 cores checked in 17774.39 sec
>A nauty-genbg n=4+17 e=25:25 d=4:0 D=7:3  class=91/100
>Z 288 graphs generated in 0.96 sec
>F 288 cores checked in 50280.14 sec
>A nauty-genbg n=4+17 e=25:25 d=4:0 D=7:3  class=92/100
>Z 332 graphs generated in 0.94 sec
>F 332 cores checked in 68056.62 sec
>A nauty-genbg n=4+17 e=25:25 d=4:0 D=7:3  class=93/100
>Z 304 graphs generated in 0.95 sec
>F 304 cores checked in 195831.66 sec
>A nauty-genbg n=4+17 e=25:25 d=4:0 D=7:3  class=94/100
>Z 335 graphs generated in 0.96 sec
>F 335 cores checked in 76136.97 sec
>A nauty-genbg n=4+17 e=25:25 d=4:0 D=7:3  class=95/100
>Z 322 graphs generated in 0.96 sec
>F 322 cores checked in 12369.51 sec
>A nauty-genbg n=4+17 e=25:25 d=4:0 D=7:3  class=96/100
>Z 330 graphs generated in 0.95 sec
>F 330 cores checked in 36475.89 sec
>A nauty-genbg n=4+17 e=25:25 d=4:0 D=7:3  class=97/100
>Z 276 graphs generated in 0.95 sec
>F 276 cores checked in 92895.45 sec
>A nauty-genbg n=4+17 e=25:25 d=4:0 D=7:3  class=98/100
>Z 299 graphs generated in 0.96 sec
>F 299 cores checked in 53026.17 sec
>A nauty-genbg n=4+17 e=25:25 d=4:0 D=7:3  class=99/100
>Z 271 graphs generated in 0.95 sec
>F 271 cores checked in 1807.84 sec



===Total number of cores generated: 32133
===Total number of cores checked: 32133
===Total time for generation: 95.01 seconds
===Total time for checking: 8881772.04 seconds
===Total number of exceptional cores: 0
