=== Log file for cores: nauty-genbg_-d4:0_-D5:3_6_15_29:29



>A nauty-genbg n=6+15 e=29:29 d=4:0 D=5:3  class=0/100
>Z 22368 graphs generated in 20.30 sec
>F 22368 cores checked in 260.35 sec
>A nauty-genbg n=6+15 e=29:29 d=4:0 D=5:3  class=1/100
>Z 22379 graphs generated in 20.18 sec
>F 22379 cores checked in 241.48 sec
>A nauty-genbg n=6+15 e=29:29 d=4:0 D=5:3  class=2/100
>Z 22585 graphs generated in 20.35 sec
>F 22585 cores checked in 280.27 sec
>A nauty-genbg n=6+15 e=29:29 d=4:0 D=5:3  class=3/100
>Z 22705 graphs generated in 20.32 sec
>F 22705 cores checked in 316.29 sec
>A nauty-genbg n=6+15 e=29:29 d=4:0 D=5:3  class=4/100
>Z 22930 graphs generated in 20.33 sec
>F 22930 cores checked in 251.21 sec
>A nauty-genbg n=6+15 e=29:29 d=4:0 D=5:3  class=5/100
>Z 23213 graphs generated in 20.25 sec
>F 23213 cores checked in 211.54 sec
>A nauty-genbg n=6+15 e=29:29 d=4:0 D=5:3  class=6/100
>Z 22197 graphs generated in 20.14 sec
>F 22197 cores checked in 250.76 sec
>A nauty-genbg n=6+15 e=29:29 d=4:0 D=5:3  class=7/100
>Z 22563 graphs generated in 20.22 sec
>F 22563 cores checked in 327.24 sec
>A nauty-genbg n=6+15 e=29:29 d=4:0 D=5:3  class=8/100
>Z 22835 graphs generated in 20.41 sec
>F 22835 cores checked in 199.87 sec
>A nauty-genbg n=6+15 e=29:29 d=4:0 D=5:3  class=9/100
>Z 22908 graphs generated in 20.31 sec
>F 22908 cores checked in 218.15 sec
>A nauty-genbg n=6+15 e=29:29 d=4:0 D=5:3  class=10/100
>Z 22592 graphs generated in 20.19 sec
>F 22592 cores checked in 239.49 sec
>A nauty-genbg n=6+15 e=29:29 d=4:0 D=5:3  class=11/100
>Z 23114 graphs generated in 20.28 sec
>F 23114 cores checked in 262.07 sec
>A nauty-genbg n=6+15 e=29:29 d=4:0 D=5:3  class=12/100
>Z 23153 graphs generated in 20.25 sec
>F 23153 cores checked in 260.82 sec
>A nauty-genbg n=6+15 e=29:29 d=4:0 D=5:3  class=13/100
>Z 22850 graphs generated in 20.24 sec
>F 22850 cores checked in 260.36 sec
>A nauty-genbg n=6+15 e=29:29 d=4:0 D=5:3  class=14/100
>Z 22778 graphs generated in 20.19 sec
>F 22778 cores checked in 203.85 sec
>A nauty-genbg n=6+15 e=29:29 d=4:0 D=5:3  class=15/100
>Z 22734 graphs generated in 20.24 sec
>F 22734 cores checked in 286.27 sec
>A nauty-genbg n=6+15 e=29:29 d=4:0 D=5:3  class=16/100
>Z 22514 graphs generated in 20.23 sec
>F 22514 cores checked in 241.14 sec
>A nauty-genbg n=6+15 e=29:29 d=4:0 D=5:3  class=17/100
>Z 22639 graphs generated in 20.17 sec
>F 22639 cores checked in 216.45 sec
>A nauty-genbg n=6+15 e=29:29 d=4:0 D=5:3  class=18/100
>Z 22653 graphs generated in 20.19 sec
>F 22653 cores checked in 205.03 sec
>A nauty-genbg n=6+15 e=29:29 d=4:0 D=5:3  class=19/100
>Z 23340 graphs generated in 20.17 sec
>F 23340 cores checked in 250.56 sec
>A nauty-genbg n=6+15 e=29:29 d=4:0 D=5:3  class=20/100
>Z 22626 graphs generated in 20.15 sec
>F 22626 cores checked in 305.36 sec
>A nauty-genbg n=6+15 e=29:29 d=4:0 D=5:3  class=21/100
>Z 22620 graphs generated in 20.09 sec
>F 22620 cores checked in 294.86 sec
>A nauty-genbg n=6+15 e=29:29 d=4:0 D=5:3  class=22/100
>Z 22763 graphs generated in 20.21 sec
>F 22763 cores checked in 210.19 sec
>A nauty-genbg n=6+15 e=29:29 d=4:0 D=5:3  class=23/100
>Z 23000 graphs generated in 20.21 sec
>F 23000 cores checked in 204.09 sec
>A nauty-genbg n=6+15 e=29:29 d=4:0 D=5:3  class=24/100
>Z 22853 graphs generated in 20.18 sec
>F 22853 cores checked in 308.54 sec
>A nauty-genbg n=6+15 e=29:29 d=4:0 D=5:3  class=25/100
>Z 22730 graphs generated in 20.30 sec
>F 22730 cores checked in 242.43 sec
>A nauty-genbg n=6+15 e=29:29 d=4:0 D=5:3  class=26/100
>Z 22519 graphs generated in 20.18 sec
>F 22519 cores checked in 251.36 sec
>A nauty-genbg n=6+15 e=29:29 d=4:0 D=5:3  class=27/100
>Z 22475 graphs generated in 20.16 sec
>F 22475 cores checked in 270.53 sec
>A nauty-genbg n=6+15 e=29:29 d=4:0 D=5:3  class=28/100
>Z 22487 graphs generated in 20.15 sec
>F 22487 cores checked in 184.30 sec
>A nauty-genbg n=6+15 e=29:29 d=4:0 D=5:3  class=29/100
>Z 22871 graphs generated in 20.25 sec
>F 22871 cores checked in 253.98 sec
>A nauty-genbg n=6+15 e=29:29 d=4:0 D=5:3  class=30/100
>Z 22559 graphs generated in 20.17 sec
>F 22559 cores checked in 269.32 sec
>A nauty-genbg n=6+15 e=29:29 d=4:0 D=5:3  class=31/100
>Z 22654 graphs generated in 20.15 sec
>F 22654 cores checked in 239.94 sec
>A nauty-genbg n=6+15 e=29:29 d=4:0 D=5:3  class=32/100
>Z 22343 graphs generated in 20.20 sec
>F 22343 cores checked in 248.27 sec
>A nauty-genbg n=6+15 e=29:29 d=4:0 D=5:3  class=33/100
>Z 22499 graphs generated in 20.13 sec
>F 22499 cores checked in 251.84 sec
>A nauty-genbg n=6+15 e=29:29 d=4:0 D=5:3  class=34/100
>Z 23021 graphs generated in 20.23 sec
>F 23021 cores checked in 235.21 sec
>A nauty-genbg n=6+15 e=29:29 d=4:0 D=5:3  class=35/100
>Z 22416 graphs generated in 20.17 sec
>F 22416 cores checked in 268.72 sec
>A nauty-genbg n=6+15 e=29:29 d=4:0 D=5:3  class=36/100
>Z 22836 graphs generated in 20.11 sec
>F 22836 cores checked in 193.15 sec
>A nauty-genbg n=6+15 e=29:29 d=4:0 D=5:3  class=37/100
>Z 22832 graphs generated in 20.22 sec
>F 22832 cores checked in 284.83 sec
>A nauty-genbg n=6+15 e=29:29 d=4:0 D=5:3  class=38/100
>Z 22241 graphs generated in 20.20 sec
>F 22241 cores checked in 210.76 sec
>A nauty-genbg n=6+15 e=29:29 d=4:0 D=5:3  class=39/100
>Z 22544 graphs generated in 20.19 sec
>F 22544 cores checked in 214.92 sec
>A nauty-genbg n=6+15 e=29:29 d=4:0 D=5:3  class=40/100
>Z 22871 graphs generated in 20.17 sec
>F 22871 cores checked in 162.90 sec
>A nauty-genbg n=6+15 e=29:29 d=4:0 D=5:3  class=41/100
>Z 22012 graphs generated in 20.11 sec
>F 22012 cores checked in 167.65 sec
>A nauty-genbg n=6+15 e=29:29 d=4:0 D=5:3  class=42/100
>Z 22295 graphs generated in 20.16 sec
>F 22295 cores checked in 243.40 sec
>A nauty-genbg n=6+15 e=29:29 d=4:0 D=5:3  class=43/100
>Z 22449 graphs generated in 20.19 sec
>F 22449 cores checked in 242.47 sec
>A nauty-genbg n=6+15 e=29:29 d=4:0 D=5:3  class=44/100
>Z 22244 graphs generated in 20.18 sec
>F 22244 cores checked in 168.43 sec
>A nauty-genbg n=6+15 e=29:29 d=4:0 D=5:3  class=45/100
>Z 22523 graphs generated in 20.13 sec
>F 22523 cores checked in 184.51 sec
>A nauty-genbg n=6+15 e=29:29 d=4:0 D=5:3  class=46/100
>Z 22570 graphs generated in 20.24 sec
>F 22570 cores checked in 206.08 sec
>A nauty-genbg n=6+15 e=29:29 d=4:0 D=5:3  class=47/100
>Z 22612 graphs generated in 20.20 sec
>F 22612 cores checked in 230.35 sec
>A nauty-genbg n=6+15 e=29:29 d=4:0 D=5:3  class=48/100
>Z 22804 graphs generated in 20.22 sec
>F 22804 cores checked in 204.87 sec
>A nauty-genbg n=6+15 e=29:29 d=4:0 D=5:3  class=49/100
>Z 22428 graphs generated in 20.17 sec
>F 22428 cores checked in 171.92 sec
>A nauty-genbg n=6+15 e=29:29 d=4:0 D=5:3  class=50/100
>Z 22627 graphs generated in 20.14 sec
>F 22627 cores checked in 249.63 sec
>A nauty-genbg n=6+15 e=29:29 d=4:0 D=5:3  class=51/100
>Z 22657 graphs generated in 20.14 sec
>F 22657 cores checked in 300.83 sec
>A nauty-genbg n=6+15 e=29:29 d=4:0 D=5:3  class=52/100
>Z 22799 graphs generated in 20.18 sec
>F 22799 cores checked in 239.66 sec
>A nauty-genbg n=6+15 e=29:29 d=4:0 D=5:3  class=53/100
>Z 22505 graphs generated in 20.21 sec
>F 22505 cores checked in 201.06 sec
>A nauty-genbg n=6+15 e=29:29 d=4:0 D=5:3  class=54/100
>Z 22567 graphs generated in 20.16 sec
>F 22567 cores checked in 279.42 sec
>A nauty-genbg n=6+15 e=29:29 d=4:0 D=5:3  class=55/100
>Z 22156 graphs generated in 20.19 sec
>F 22156 cores checked in 182.98 sec
>A nauty-genbg n=6+15 e=29:29 d=4:0 D=5:3  class=56/100
>Z 22467 graphs generated in 20.17 sec
>F 22467 cores checked in 189.41 sec
>A nauty-genbg n=6+15 e=29:29 d=4:0 D=5:3  class=57/100
>Z 22657 graphs generated in 20.17 sec
>F 22657 cores checked in 202.91 sec
>A nauty-genbg n=6+15 e=29:29 d=4:0 D=5:3  class=58/100
>Z 22560 graphs generated in 20.20 sec
>F 22560 cores checked in 233.87 sec
>A nauty-genbg n=6+15 e=29:29 d=4:0 D=5:3  class=59/100
>Z 22917 graphs generated in 20.18 sec
>F 22917 cores checked in 217.69 sec
>A nauty-genbg n=6+15 e=29:29 d=4:0 D=5:3  class=60/100
>Z 22096 graphs generated in 20.09 sec
>F 22096 cores checked in 248.34 sec
>A nauty-genbg n=6+15 e=29:29 d=4:0 D=5:3  class=61/100
>Z 22363 graphs generated in 20.16 sec
>F 22363 cores checked in 213.04 sec
>A nauty-genbg n=6+15 e=29:29 d=4:0 D=5:3  class=62/100
>Z 22710 graphs generated in 20.11 sec
>F 22710 cores checked in 192.44 sec
>A nauty-genbg n=6+15 e=29:29 d=4:0 D=5:3  class=63/100
>Z 22758 graphs generated in 20.15 sec
>F 22758 cores checked in 243.14 sec
>A nauty-genbg n=6+15 e=29:29 d=4:0 D=5:3  class=64/100
>Z 22878 graphs generated in 20.12 sec
>F 22878 cores checked in 272.50 sec
>A nauty-genbg n=6+15 e=29:29 d=4:0 D=5:3  class=65/100
>Z 22417 graphs generated in 20.16 sec
>F 22417 cores checked in 282.38 sec
>A nauty-genbg n=6+15 e=29:29 d=4:0 D=5:3  class=66/100
>Z 22670 graphs generated in 20.18 sec
>F 22670 cores checked in 212.86 sec
>A nauty-genbg n=6+15 e=29:29 d=4:0 D=5:3  class=67/100
>Z 22335 graphs generated in 20.16 sec
>F 22335 cores checked in 222.23 sec
>A nauty-genbg n=6+15 e=29:29 d=4:0 D=5:3  class=68/100
>Z 22377 graphs generated in 20.18 sec
>F 22377 cores checked in 206.83 sec
>A nauty-genbg n=6+15 e=29:29 d=4:0 D=5:3  class=69/100
>Z 22634 graphs generated in 20.14 sec
>F 22634 cores checked in 251.59 sec
>A nauty-genbg n=6+15 e=29:29 d=4:0 D=5:3  class=70/100
>Z 22516 graphs generated in 20.21 sec
>F 22516 cores checked in 266.07 sec
>A nauty-genbg n=6+15 e=29:29 d=4:0 D=5:3  class=71/100
>Z 22508 graphs generated in 20.16 sec
>F 22508 cores checked in 237.78 sec
>A nauty-genbg n=6+15 e=29:29 d=4:0 D=5:3  class=72/100
>Z 22957 graphs generated in 20.23 sec
>F 22957 cores checked in 208.67 sec
>A nauty-genbg n=6+15 e=29:29 d=4:0 D=5:3  class=73/100
>Z 22867 graphs generated in 20.21 sec
>F 22867 cores checked in 241.21 sec
>A nauty-genbg n=6+15 e=29:29 d=4:0 D=5:3  class=74/100
>Z 22412 graphs generated in 20.19 sec
>F 22412 cores checked in 189.18 sec
>A nauty-genbg n=6+15 e=29:29 d=4:0 D=5:3  class=75/100
>Z 22578 graphs generated in 20.24 sec
>F 22578 cores checked in 269.49 sec
>A nauty-genbg n=6+15 e=29:29 d=4:0 D=5:3  class=76/100
>Z 22848 graphs generated in 20.23 sec
>F 22848 cores checked in 221.15 sec
>A nauty-genbg n=6+15 e=29:29 d=4:0 D=5:3  class=77/100
>Z 22772 graphs generated in 20.18 sec
>F 22772 cores checked in 274.46 sec
>A nauty-genbg n=6+15 e=29:29 d=4:0 D=5:3  class=78/100
>Z 22363 graphs generated in 20.24 sec
>F 22363 cores checked in 217.01 sec
>A nauty-genbg n=6+15 e=29:29 d=4:0 D=5:3  class=79/100
>Z 22499 graphs generated in 20.14 sec
>F 22499 cores checked in 314.97 sec
>A nauty-genbg n=6+15 e=29:29 d=4:0 D=5:3  class=80/100
>Z 22750 graphs generated in 20.13 sec
>F 22750 cores checked in 205.42 sec
>A nauty-genbg n=6+15 e=29:29 d=4:0 D=5:3  class=81/100
>Z 22472 graphs generated in 20.16 sec
>F 22472 cores checked in 169.78 sec
>A nauty-genbg n=6+15 e=29:29 d=4:0 D=5:3  class=82/100
>Z 22476 graphs generated in 20.13 sec
>F 22476 cores checked in 263.42 sec
>A nauty-genbg n=6+15 e=29:29 d=4:0 D=5:3  class=83/100
>Z 22704 graphs generated in 20.15 sec
>F 22704 cores checked in 240.74 sec
>A nauty-genbg n=6+15 e=29:29 d=4:0 D=5:3  class=84/100
>Z 22703 graphs generated in 20.15 sec
>F 22703 cores checked in 242.55 sec
>A nauty-genbg n=6+15 e=29:29 d=4:0 D=5:3  class=85/100
>Z 22777 graphs generated in 20.15 sec
>F 22777 cores checked in 200.74 sec
>A nauty-genbg n=6+15 e=29:29 d=4:0 D=5:3  class=86/100
>Z 22725 graphs generated in 20.12 sec
>F 22725 cores checked in 199.87 sec
>A nauty-genbg n=6+15 e=29:29 d=4:0 D=5:3  class=87/100
>Z 22145 graphs generated in 20.18 sec
>F 22145 cores checked in 194.27 sec
>A nauty-genbg n=6+15 e=29:29 d=4:0 D=5:3  class=88/100
>Z 22870 graphs generated in 20.18 sec
>F 22870 cores checked in 178.03 sec
>A nauty-genbg n=6+15 e=29:29 d=4:0 D=5:3  class=89/100
>Z 22076 graphs generated in 20.15 sec
>F 22076 cores checked in 194.08 sec
>A nauty-genbg n=6+15 e=29:29 d=4:0 D=5:3  class=90/100
>Z 22461 graphs generated in 20.20 sec
>F 22461 cores checked in 231.24 sec
>A nauty-genbg n=6+15 e=29:29 d=4:0 D=5:3  class=91/100
>Z 22251 graphs generated in 20.11 sec
>F 22251 cores checked in 251.21 sec
>A nauty-genbg n=6+15 e=29:29 d=4:0 D=5:3  class=92/100
>Z 22810 graphs generated in 20.20 sec
>F 22810 cores checked in 213.76 sec
>A nauty-genbg n=6+15 e=29:29 d=4:0 D=5:3  class=93/100
>Z 22506 graphs generated in 20.15 sec
>F 22506 cores checked in 264.12 sec
>A nauty-genbg n=6+15 e=29:29 d=4:0 D=5:3  class=94/100
>Z 22470 graphs generated in 20.16 sec
>F 22470 cores checked in 260.84 sec
>A nauty-genbg n=6+15 e=29:29 d=4:0 D=5:3  class=95/100
>Z 22287 graphs generated in 20.08 sec
>F 22287 cores checked in 238.99 sec
>A nauty-genbg n=6+15 e=29:29 d=4:0 D=5:3  class=96/100
>Z 22494 graphs generated in 20.23 sec
>F 22494 cores checked in 293.45 sec
>A nauty-genbg n=6+15 e=29:29 d=4:0 D=5:3  class=97/100
>Z 22095 graphs generated in 22.19 sec
>F 22095 cores checked in 250.18 sec
>A nauty-genbg n=6+15 e=29:29 d=4:0 D=5:3  class=98/100
>Z 22472 graphs generated in 20.05 sec
>F 22472 cores checked in 235.85 sec
>A nauty-genbg n=6+15 e=29:29 d=4:0 D=5:3  class=99/100
>Z 22749 graphs generated in 20.11 sec
>F 22749 cores checked in 231.10 sec



===Total number of cores generated: 2260510
===Total number of cores checked: 2260510
===Total time for generation: 2020.58 seconds
===Total time for checking: 23550.82 seconds
===Total number of exceptional cores: 0
