=== Log file for cores: nauty-genbg_-d4:0_-D6:3_5_15_27:27



>A nauty-genbg n=5+15 e=27:27 d=4:0 D=6:3  class=0/100
>Z 6728 graphs generated in 3.25 sec
>F 6728 cores checked in 4.37 sec
>A nauty-genbg n=5+15 e=27:27 d=4:0 D=6:3  class=1/100
>Z 6852 graphs generated in 3.25 sec
>F 6852 cores checked in 4.47 sec
>A nauty-genbg n=5+15 e=27:27 d=4:0 D=6:3  class=2/100
>Z 6817 graphs generated in 3.28 sec
>F 6817 cores checked in 4.39 sec
>A nauty-genbg n=5+15 e=27:27 d=4:0 D=6:3  class=3/100
>Z 7031 graphs generated in 3.29 sec
>F 7031 cores checked in 4.64 sec
>A nauty-genbg n=5+15 e=27:27 d=4:0 D=6:3  class=4/100
>Z 6820 graphs generated in 3.28 sec
>F 6820 cores checked in 4.38 sec
>A nauty-genbg n=5+15 e=27:27 d=4:0 D=6:3  class=5/100
>Z 6941 graphs generated in 3.23 sec
>F 6941 cores checked in 4.48 sec
>A nauty-genbg n=5+15 e=27:27 d=4:0 D=6:3  class=6/100
>Z 7096 graphs generated in 3.22 sec
>F 7096 cores checked in 4.59 sec
>A nauty-genbg n=5+15 e=27:27 d=4:0 D=6:3  class=7/100
>Z 6687 graphs generated in 3.16 sec
>F 6687 cores checked in 4.32 sec
>A nauty-genbg n=5+15 e=27:27 d=4:0 D=6:3  class=8/100
>Z 6685 graphs generated in 3.29 sec
>F 6685 cores checked in 4.32 sec
>A nauty-genbg n=5+15 e=27:27 d=4:0 D=6:3  class=9/100
>Z 6883 graphs generated in 3.25 sec
>F 6883 cores checked in 4.44 sec
>A nauty-genbg n=5+15 e=27:27 d=4:0 D=6:3  class=10/100
>Z 6589 graphs generated in 3.27 sec
>F 6589 cores checked in 4.23 sec
>A nauty-genbg n=5+15 e=27:27 d=4:0 D=6:3  class=11/100
>Z 6535 graphs generated in 3.25 sec
>F 6535 cores checked in 4.25 sec
>A nauty-genbg n=5+15 e=27:27 d=4:0 D=6:3  class=12/100
>Z 6704 graphs generated in 3.23 sec
>F 6704 cores checked in 4.36 sec
>A nauty-genbg n=5+15 e=27:27 d=4:0 D=6:3  class=13/100
>Z 6801 graphs generated in 3.25 sec
>F 6801 cores checked in 4.41 sec
>A nauty-genbg n=5+15 e=27:27 d=4:0 D=6:3  class=14/100
>Z 6583 graphs generated in 3.25 sec
>F 6583 cores checked in 4.31 sec
>A nauty-genbg n=5+15 e=27:27 d=4:0 D=6:3  class=15/100
>Z 6826 graphs generated in 3.26 sec
>F 6826 cores checked in 4.41 sec
>A nauty-genbg n=5+15 e=27:27 d=4:0 D=6:3  class=16/100
>Z 6542 graphs generated in 3.20 sec
>F 6542 cores checked in 4.26 sec
>A nauty-genbg n=5+15 e=27:27 d=4:0 D=6:3  class=17/100
>Z 6711 graphs generated in 3.23 sec
>F 6711 cores checked in 4.35 sec
>A nauty-genbg n=5+15 e=27:27 d=4:0 D=6:3  class=18/100
>Z 6293 graphs generated in 3.18 sec
>F 6293 cores checked in 4.09 sec
>A nauty-genbg n=5+15 e=27:27 d=4:0 D=6:3  class=19/100
>Z 6523 graphs generated in 3.22 sec
>F 6523 cores checked in 4.27 sec
>A nauty-genbg n=5+15 e=27:27 d=4:0 D=6:3  class=20/100
>Z 6575 graphs generated in 3.24 sec
>F 6575 cores checked in 4.27 sec
>A nauty-genbg n=5+15 e=27:27 d=4:0 D=6:3  class=21/100
>Z 6684 graphs generated in 3.25 sec
>F 6684 cores checked in 4.36 sec
>A nauty-genbg n=5+15 e=27:27 d=4:0 D=6:3  class=22/100
>Z 6363 graphs generated in 3.22 sec
>F 6363 cores checked in 4.17 sec
>A nauty-genbg n=5+15 e=27:27 d=4:0 D=6:3  class=23/100
>Z 6377 graphs generated in 3.24 sec
>F 6377 cores checked in 4.16 sec
>A nauty-genbg n=5+15 e=27:27 d=4:0 D=6:3  class=24/100
>Z 6754 graphs generated in 3.22 sec
>F 6754 cores checked in 4.40 sec
>A nauty-genbg n=5+15 e=27:27 d=4:0 D=6:3  class=25/100
>Z 6424 graphs generated in 3.24 sec
>F 6424 cores checked in 4.20 sec
>A nauty-genbg n=5+15 e=27:27 d=4:0 D=6:3  class=26/100
>Z 6726 graphs generated in 3.20 sec
>F 6726 cores checked in 4.37 sec
>A nauty-genbg n=5+15 e=27:27 d=4:0 D=6:3  class=27/100
>Z 6557 graphs generated in 3.24 sec
>F 6557 cores checked in 4.27 sec
>A nauty-genbg n=5+15 e=27:27 d=4:0 D=6:3  class=28/100
>Z 6781 graphs generated in 3.25 sec
>F 6781 cores checked in 4.43 sec
>A nauty-genbg n=5+15 e=27:27 d=4:0 D=6:3  class=29/100
>Z 6879 graphs generated in 3.24 sec
>F 6879 cores checked in 4.51 sec
>A nauty-genbg n=5+15 e=27:27 d=4:0 D=6:3  class=30/100
>Z 6513 graphs generated in 3.22 sec
>F 6513 cores checked in 4.27 sec
>A nauty-genbg n=5+15 e=27:27 d=4:0 D=6:3  class=31/100
>Z 6694 graphs generated in 3.23 sec
>F 6694 cores checked in 4.39 sec
>A nauty-genbg n=5+15 e=27:27 d=4:0 D=6:3  class=32/100
>Z 7081 graphs generated in 3.26 sec
>F 7081 cores checked in 4.63 sec
>A nauty-genbg n=5+15 e=27:27 d=4:0 D=6:3  class=33/100
>Z 6588 graphs generated in 3.20 sec
>F 6588 cores checked in 4.31 sec
>A nauty-genbg n=5+15 e=27:27 d=4:0 D=6:3  class=34/100
>Z 7079 graphs generated in 3.23 sec
>F 7079 cores checked in 4.61 sec
>A nauty-genbg n=5+15 e=27:27 d=4:0 D=6:3  class=35/100
>Z 6835 graphs generated in 3.24 sec
>F 6835 cores checked in 4.47 sec
>A nauty-genbg n=5+15 e=27:27 d=4:0 D=6:3  class=36/100
>Z 6749 graphs generated in 3.27 sec
>F 6749 cores checked in 4.39 sec
>A nauty-genbg n=5+15 e=27:27 d=4:0 D=6:3  class=37/100
>Z 6489 graphs generated in 3.26 sec
>F 6489 cores checked in 4.25 sec
>A nauty-genbg n=5+15 e=27:27 d=4:0 D=6:3  class=38/100
>Z 6532 graphs generated in 3.16 sec
>F 6532 cores checked in 4.26 sec
>A nauty-genbg n=5+15 e=27:27 d=4:0 D=6:3  class=39/100
>Z 6638 graphs generated in 3.21 sec
>F 6638 cores checked in 4.38 sec
>A nauty-genbg n=5+15 e=27:27 d=4:0 D=6:3  class=40/100
>Z 6251 graphs generated in 3.19 sec
>F 6251 cores checked in 4.78 sec
>A nauty-genbg n=5+15 e=27:27 d=4:0 D=6:3  class=41/100
>Z 6662 graphs generated in 3.24 sec
>F 6662 cores checked in 5.09 sec
>A nauty-genbg n=5+15 e=27:27 d=4:0 D=6:3  class=42/100
>Z 6879 graphs generated in 3.17 sec
>F 6879 cores checked in 4.51 sec
>A nauty-genbg n=5+15 e=27:27 d=4:0 D=6:3  class=43/100
>Z 6333 graphs generated in 3.17 sec
>F 6333 cores checked in 4.18 sec
>A nauty-genbg n=5+15 e=27:27 d=4:0 D=6:3  class=44/100
>Z 6649 graphs generated in 3.23 sec
>F 6649 cores checked in 4.37 sec
>A nauty-genbg n=5+15 e=27:27 d=4:0 D=6:3  class=45/100
>Z 6800 graphs generated in 3.23 sec
>F 6800 cores checked in 4.48 sec
>A nauty-genbg n=5+15 e=27:27 d=4:0 D=6:3  class=46/100
>Z 6591 graphs generated in 3.22 sec
>F 6591 cores checked in 4.35 sec
>A nauty-genbg n=5+15 e=27:27 d=4:0 D=6:3  class=47/100
>Z 6630 graphs generated in 3.21 sec
>F 6630 cores checked in 4.35 sec
>A nauty-genbg n=5+15 e=27:27 d=4:0 D=6:3  class=48/100
>Z 6740 graphs generated in 3.23 sec
>F 6740 cores checked in 4.43 sec
>A nauty-genbg n=5+15 e=27:27 d=4:0 D=6:3  class=49/100
>Z 6982 graphs generated in 3.25 sec
>F 6982 cores checked in 4.58 sec
>A nauty-genbg n=5+15 e=27:27 d=4:0 D=6:3  class=50/100
>Z 6663 graphs generated in 3.22 sec
>F 6663 cores checked in 4.41 sec
>A nauty-genbg n=5+15 e=27:27 d=4:0 D=6:3  class=51/100
>Z 6399 graphs generated in 3.18 sec
>F 6399 cores checked in 4.20 sec
>A nauty-genbg n=5+15 e=27:27 d=4:0 D=6:3  class=52/100
>Z 7015 graphs generated in 3.25 sec
>F 7015 cores checked in 4.61 sec
>A nauty-genbg n=5+15 e=27:27 d=4:0 D=6:3  class=53/100
>Z 6825 graphs generated in 3.20 sec
>F 6825 cores checked in 4.50 sec
>A nauty-genbg n=5+15 e=27:27 d=4:0 D=6:3  class=54/100
>Z 6791 graphs generated in 3.22 sec
>F 6791 cores checked in 4.46 sec
>A nauty-genbg n=5+15 e=27:27 d=4:0 D=6:3  class=55/100
>Z 6738 graphs generated in 3.22 sec
>F 6738 cores checked in 4.42 sec
>A nauty-genbg n=5+15 e=27:27 d=4:0 D=6:3  class=56/100
>Z 6759 graphs generated in 3.24 sec
>F 6759 cores checked in 7.21 sec
>A nauty-genbg n=5+15 e=27:27 d=4:0 D=6:3  class=57/100
>Z 6643 graphs generated in 3.20 sec
>F 6643 cores checked in 4.38 sec
>A nauty-genbg n=5+15 e=27:27 d=4:0 D=6:3  class=58/100
>Z 6844 graphs generated in 3.19 sec
>F 6844 cores checked in 4.48 sec
>A nauty-genbg n=5+15 e=27:27 d=4:0 D=6:3  class=59/100
>Z 6886 graphs generated in 3.25 sec
>F 6886 cores checked in 4.52 sec
>A nauty-genbg n=5+15 e=27:27 d=4:0 D=6:3  class=60/100
>Z 6899 graphs generated in 3.17 sec
>F 6899 cores checked in 4.54 sec
>A nauty-genbg n=5+15 e=27:27 d=4:0 D=6:3  class=61/100
>Z 6757 graphs generated in 3.19 sec
>F 6757 cores checked in 4.44 sec
>A nauty-genbg n=5+15 e=27:27 d=4:0 D=6:3  class=62/100
>Z 6884 graphs generated in 3.21 sec
>F 6884 cores checked in 4.50 sec
>A nauty-genbg n=5+15 e=27:27 d=4:0 D=6:3  class=63/100
>Z 6666 graphs generated in 3.17 sec
>F 6666 cores checked in 4.42 sec
>A nauty-genbg n=5+15 e=27:27 d=4:0 D=6:3  class=64/100
>Z 7025 graphs generated in 3.25 sec
>F 7025 cores checked in 4.63 sec
>A nauty-genbg n=5+15 e=27:27 d=4:0 D=6:3  class=65/100
>Z 6946 graphs generated in 3.13 sec
>F 6946 cores checked in 4.60 sec
>A nauty-genbg n=5+15 e=27:27 d=4:0 D=6:3  class=66/100
>Z 6878 graphs generated in 3.20 sec
>F 6878 cores checked in 4.56 sec
>A nauty-genbg n=5+15 e=27:27 d=4:0 D=6:3  class=67/100
>Z 6748 graphs generated in 3.20 sec
>F 6748 cores checked in 4.47 sec
>A nauty-genbg n=5+15 e=27:27 d=4:0 D=6:3  class=68/100
>Z 7083 graphs generated in 3.17 sec
>F 7083 cores checked in 4.68 sec
>A nauty-genbg n=5+15 e=27:27 d=4:0 D=6:3  class=69/100
>Z 7151 graphs generated in 3.26 sec
>F 7151 cores checked in 4.73 sec
>A nauty-genbg n=5+15 e=27:27 d=4:0 D=6:3  class=70/100
>Z 6633 graphs generated in 3.23 sec
>F 6633 cores checked in 4.37 sec
>A nauty-genbg n=5+15 e=27:27 d=4:0 D=6:3  class=71/100
>Z 6933 graphs generated in 3.18 sec
>F 6933 cores checked in 4.62 sec
>A nauty-genbg n=5+15 e=27:27 d=4:0 D=6:3  class=72/100
>Z 6785 graphs generated in 3.22 sec
>F 6785 cores checked in 4.48 sec
>A nauty-genbg n=5+15 e=27:27 d=4:0 D=6:3  class=73/100
>Z 6739 graphs generated in 3.22 sec
>F 6739 cores checked in 4.50 sec
>A nauty-genbg n=5+15 e=27:27 d=4:0 D=6:3  class=74/100
>Z 6926 graphs generated in 3.16 sec
>F 6926 cores checked in 4.54 sec
>A nauty-genbg n=5+15 e=27:27 d=4:0 D=6:3  class=75/100
>Z 6833 graphs generated in 3.21 sec
>F 6833 cores checked in 4.51 sec
>A nauty-genbg n=5+15 e=27:27 d=4:0 D=6:3  class=76/100
>Z 6381 graphs generated in 3.20 sec
>F 6381 cores checked in 4.21 sec
>A nauty-genbg n=5+15 e=27:27 d=4:0 D=6:3  class=77/100
>Z 6916 graphs generated in 3.20 sec
>F 6916 cores checked in 4.56 sec
>A nauty-genbg n=5+15 e=27:27 d=4:0 D=6:3  class=78/100
>Z 6377 graphs generated in 3.20 sec
>F 6377 cores checked in 4.24 sec
>A nauty-genbg n=5+15 e=27:27 d=4:0 D=6:3  class=79/100
>Z 6777 graphs generated in 3.22 sec
>F 6777 cores checked in 4.47 sec
>A nauty-genbg n=5+15 e=27:27 d=4:0 D=6:3  class=80/100
>Z 6976 graphs generated in 3.25 sec
>F 6976 cores checked in 4.60 sec
>A nauty-genbg n=5+15 e=27:27 d=4:0 D=6:3  class=81/100
>Z 6934 graphs generated in 3.21 sec
>F 6934 cores checked in 4.57 sec
>A nauty-genbg n=5+15 e=27:27 d=4:0 D=6:3  class=82/100
>Z 6777 graphs generated in 3.19 sec
>F 6777 cores checked in 4.47 sec
>A nauty-genbg n=5+15 e=27:27 d=4:0 D=6:3  class=83/100
>Z 6973 graphs generated in 3.19 sec
>F 6973 cores checked in 4.58 sec
>A nauty-genbg n=5+15 e=27:27 d=4:0 D=6:3  class=84/100
>Z 7021 graphs generated in 3.22 sec
>F 7021 cores checked in 4.61 sec
>A nauty-genbg n=5+15 e=27:27 d=4:0 D=6:3  class=85/100
>Z 6579 graphs generated in 3.18 sec
>F 6579 cores checked in 4.33 sec
>A nauty-genbg n=5+15 e=27:27 d=4:0 D=6:3  class=86/100
>Z 6753 graphs generated in 3.22 sec
>F 6753 cores checked in 4.46 sec
>A nauty-genbg n=5+15 e=27:27 d=4:0 D=6:3  class=87/100
>Z 7056 graphs generated in 3.20 sec
>F 7056 cores checked in 4.66 sec
>A nauty-genbg n=5+15 e=27:27 d=4:0 D=6:3  class=88/100
>Z 6511 graphs generated in 3.23 sec
>F 6511 cores checked in 4.32 sec
>A nauty-genbg n=5+15 e=27:27 d=4:0 D=6:3  class=89/100
>Z 6561 graphs generated in 3.19 sec
>F 6561 cores checked in 4.31 sec
>A nauty-genbg n=5+15 e=27:27 d=4:0 D=6:3  class=90/100
>Z 6801 graphs generated in 3.21 sec
>F 6801 cores checked in 4.50 sec
>A nauty-genbg n=5+15 e=27:27 d=4:0 D=6:3  class=91/100
>Z 6590 graphs generated in 3.20 sec
>F 6590 cores checked in 4.33 sec
>A nauty-genbg n=5+15 e=27:27 d=4:0 D=6:3  class=92/100
>Z 6558 graphs generated in 3.26 sec
>F 6558 cores checked in 4.33 sec
>A nauty-genbg n=5+15 e=27:27 d=4:0 D=6:3  class=93/100
>Z 6869 graphs generated in 3.24 sec
>F 6869 cores checked in 4.55 sec
>A nauty-genbg n=5+15 e=27:27 d=4:0 D=6:3  class=94/100
>Z 6883 graphs generated in 3.16 sec
>F 6883 cores checked in 4.51 sec
>A nauty-genbg n=5+15 e=27:27 d=4:0 D=6:3  class=95/100
>Z 7059 graphs generated in 3.15 sec
>F 7059 cores checked in 4.66 sec
>A nauty-genbg n=5+15 e=27:27 d=4:0 D=6:3  class=96/100
>Z 7088 graphs generated in 3.20 sec
>F 7088 cores checked in 4.68 sec
>A nauty-genbg n=5+15 e=27:27 d=4:0 D=6:3  class=97/100
>Z 6510 graphs generated in 3.19 sec
>F 6510 cores checked in 4.31 sec
>A nauty-genbg n=5+15 e=27:27 d=4:0 D=6:3  class=98/100
>Z 6880 graphs generated in 3.18 sec
>F 6880 cores checked in 4.55 sec
>A nauty-genbg n=5+15 e=27:27 d=4:0 D=6:3  class=99/100
>Z 6822 graphs generated in 3.22 sec
>F 6822 cores checked in 4.51 sec



===Total number of cores generated: 674583
===Total number of cores checked: 674583
===Total time for generation: 321.85 seconds
===Total time for checking: 446.66 seconds
===Total number of exceptional cores: 0
