=== Log file for cores: nauty-genbg_-d4:0_-D8:3_5_16_30:30



>A nauty-genbg n=5+16 e=30:30 d=4:0 D=8:3  class=0/100
>Z 140213 graphs generated in 20.00 sec
>F 140213 cores checked in 211.50 sec
>A nauty-genbg n=5+16 e=30:30 d=4:0 D=8:3  class=1/100
>Z 140830 graphs generated in 19.99 sec
>F 140830 cores checked in 375.67 sec
>A nauty-genbg n=5+16 e=30:30 d=4:0 D=8:3  class=2/100
>Z 136850 graphs generated in 19.99 sec
>F 136850 cores checked in 242.37 sec
>A nauty-genbg n=5+16 e=30:30 d=4:0 D=8:3  class=3/100
>Z 137277 graphs generated in 19.97 sec
>F 137277 cores checked in 311.89 sec
>A nauty-genbg n=5+16 e=30:30 d=4:0 D=8:3  class=4/100
>Z 140155 graphs generated in 20.00 sec
>F 140155 cores checked in 255.64 sec
>A nauty-genbg n=5+16 e=30:30 d=4:0 D=8:3  class=5/100
>Z 138984 graphs generated in 19.99 sec
>F 138984 cores checked in 255.47 sec
>A nauty-genbg n=5+16 e=30:30 d=4:0 D=8:3  class=6/100
>Z 136142 graphs generated in 19.99 sec
>F 136142 cores checked in 347.03 sec
>A nauty-genbg n=5+16 e=30:30 d=4:0 D=8:3  class=7/100
>Z 138780 graphs generated in 19.99 sec
>F 138780 cores checked in 294.48 sec
>A nauty-genbg n=5+16 e=30:30 d=4:0 D=8:3  class=8/100
>Z 140054 graphs generated in 19.99 sec
>F 140054 cores checked in 240.61 sec
>A nauty-genbg n=5+16 e=30:30 d=4:0 D=8:3  class=9/100
>Z 136826 graphs generated in 19.96 sec
>F 136826 cores checked in 335.97 sec
>A nauty-genbg n=5+16 e=30:30 d=4:0 D=8:3  class=10/100
>Z 138492 graphs generated in 20.00 sec
>F 138492 cores checked in 332.04 sec
>A nauty-genbg n=5+16 e=30:30 d=4:0 D=8:3  class=11/100
>Z 139841 graphs generated in 19.98 sec
>F 139841 cores checked in 265.29 sec
>A nauty-genbg n=5+16 e=30:30 d=4:0 D=8:3  class=12/100
>Z 137330 graphs generated in 19.93 sec
>F 137330 cores checked in 296.05 sec
>A nauty-genbg n=5+16 e=30:30 d=4:0 D=8:3  class=13/100
>Z 138090 graphs generated in 19.93 sec
>F 138090 cores checked in 181.19 sec
>A nauty-genbg n=5+16 e=30:30 d=4:0 D=8:3  class=14/100
>Z 142065 graphs generated in 20.03 sec
>F 142065 cores checked in 224.63 sec
>A nauty-genbg n=5+16 e=30:30 d=4:0 D=8:3  class=15/100
>Z 140808 graphs generated in 20.01 sec
>F 140808 cores checked in 159.05 sec
>A nauty-genbg n=5+16 e=30:30 d=4:0 D=8:3  class=16/100
>Z 138387 graphs generated in 19.99 sec
>F 138387 cores checked in 263.32 sec
>A nauty-genbg n=5+16 e=30:30 d=4:0 D=8:3  class=17/100
>Z 136944 graphs generated in 19.96 sec
>F 136944 cores checked in 304.18 sec
>A nauty-genbg n=5+16 e=30:30 d=4:0 D=8:3  class=18/100
>Z 138359 graphs generated in 19.97 sec
>F 138359 cores checked in 205.86 sec
>A nauty-genbg n=5+16 e=30:30 d=4:0 D=8:3  class=19/100
>Z 140003 graphs generated in 20.01 sec
>F 140003 cores checked in 194.34 sec
>A nauty-genbg n=5+16 e=30:30 d=4:0 D=8:3  class=20/100
>Z 138309 graphs generated in 19.98 sec
>F 138309 cores checked in 151.87 sec
>A nauty-genbg n=5+16 e=30:30 d=4:0 D=8:3  class=21/100
>Z 139966 graphs generated in 19.96 sec
>F 139966 cores checked in 390.18 sec
>A nauty-genbg n=5+16 e=30:30 d=4:0 D=8:3  class=22/100
>Z 138221 graphs generated in 19.99 sec
>F 138221 cores checked in 250.09 sec
>A nauty-genbg n=5+16 e=30:30 d=4:0 D=8:3  class=23/100
>Z 136810 graphs generated in 19.94 sec
>F 136810 cores checked in 380.75 sec
>A nauty-genbg n=5+16 e=30:30 d=4:0 D=8:3  class=24/100
>Z 139349 graphs generated in 19.99 sec
>F 139349 cores checked in 245.32 sec
>A nauty-genbg n=5+16 e=30:30 d=4:0 D=8:3  class=25/100
>Z 143789 graphs generated in 20.02 sec
>F 143789 cores checked in 356.31 sec
>A nauty-genbg n=5+16 e=30:30 d=4:0 D=8:3  class=26/100
>Z 139237 graphs generated in 19.97 sec
>F 139237 cores checked in 250.99 sec
>A nauty-genbg n=5+16 e=30:30 d=4:0 D=8:3  class=27/100
>Z 141835 graphs generated in 19.95 sec
>F 141835 cores checked in 216.92 sec
>A nauty-genbg n=5+16 e=30:30 d=4:0 D=8:3  class=28/100
>Z 136339 graphs generated in 19.92 sec
>F 136339 cores checked in 290.84 sec
>A nauty-genbg n=5+16 e=30:30 d=4:0 D=8:3  class=29/100
>Z 138187 graphs generated in 19.95 sec
>F 138187 cores checked in 402.00 sec
>A nauty-genbg n=5+16 e=30:30 d=4:0 D=8:3  class=30/100
>Z 138302 graphs generated in 19.95 sec
>F 138302 cores checked in 322.96 sec
>A nauty-genbg n=5+16 e=30:30 d=4:0 D=8:3  class=31/100
>Z 138721 graphs generated in 19.93 sec
>F 138721 cores checked in 259.63 sec
>A nauty-genbg n=5+16 e=30:30 d=4:0 D=8:3  class=32/100
>Z 133831 graphs generated in 19.85 sec
>F 133831 cores checked in 380.07 sec
>A nauty-genbg n=5+16 e=30:30 d=4:0 D=8:3  class=33/100
>Z 135446 graphs generated in 20.01 sec
>F 135446 cores checked in 225.81 sec
>A nauty-genbg n=5+16 e=30:30 d=4:0 D=8:3  class=34/100
>Z 137069 graphs generated in 19.91 sec
>F 137069 cores checked in 261.63 sec
>A nauty-genbg n=5+16 e=30:30 d=4:0 D=8:3  class=35/100
>Z 136452 graphs generated in 19.97 sec
>F 136452 cores checked in 333.73 sec
>A nauty-genbg n=5+16 e=30:30 d=4:0 D=8:3  class=36/100
>Z 135944 graphs generated in 19.88 sec
>F 135944 cores checked in 322.44 sec
>A nauty-genbg n=5+16 e=30:30 d=4:0 D=8:3  class=37/100
>Z 139082 graphs generated in 19.99 sec
>F 139082 cores checked in 294.96 sec
>A nauty-genbg n=5+16 e=30:30 d=4:0 D=8:3  class=38/100
>Z 136279 graphs generated in 19.87 sec
>F 136279 cores checked in 216.31 sec
>A nauty-genbg n=5+16 e=30:30 d=4:0 D=8:3  class=39/100
>Z 137144 graphs generated in 19.92 sec
>F 137144 cores checked in 443.04 sec
>A nauty-genbg n=5+16 e=30:30 d=4:0 D=8:3  class=40/100
>Z 134812 graphs generated in 19.91 sec
>F 134812 cores checked in 230.16 sec
>A nauty-genbg n=5+16 e=30:30 d=4:0 D=8:3  class=41/100
>Z 137608 graphs generated in 19.89 sec
>F 137608 cores checked in 367.85 sec
>A nauty-genbg n=5+16 e=30:30 d=4:0 D=8:3  class=42/100
>Z 135597 graphs generated in 19.92 sec
>F 135597 cores checked in 275.04 sec
>A nauty-genbg n=5+16 e=30:30 d=4:0 D=8:3  class=43/100
>Z 134137 graphs generated in 19.90 sec
>F 134137 cores checked in 303.04 sec
>A nauty-genbg n=5+16 e=30:30 d=4:0 D=8:3  class=44/100
>Z 139573 graphs generated in 19.97 sec
>F 139573 cores checked in 273.15 sec
>A nauty-genbg n=5+16 e=30:30 d=4:0 D=8:3  class=45/100
>Z 138100 graphs generated in 19.88 sec
>F 138100 cores checked in 414.86 sec
>A nauty-genbg n=5+16 e=30:30 d=4:0 D=8:3  class=46/100
>Z 137344 graphs generated in 19.88 sec
>F 137344 cores checked in 215.91 sec
>A nauty-genbg n=5+16 e=30:30 d=4:0 D=8:3  class=47/100
>Z 138965 graphs generated in 19.95 sec
>F 138965 cores checked in 246.96 sec
>A nauty-genbg n=5+16 e=30:30 d=4:0 D=8:3  class=48/100
>Z 139053 graphs generated in 19.96 sec
>F 139053 cores checked in 411.18 sec
>A nauty-genbg n=5+16 e=30:30 d=4:0 D=8:3  class=49/100
>Z 136006 graphs generated in 19.88 sec
>F 136006 cores checked in 272.79 sec
>A nauty-genbg n=5+16 e=30:30 d=4:0 D=8:3  class=50/100
>Z 135430 graphs generated in 19.90 sec
>F 135430 cores checked in 377.03 sec
>A nauty-genbg n=5+16 e=30:30 d=4:0 D=8:3  class=51/100
>Z 135205 graphs generated in 19.92 sec
>F 135205 cores checked in 486.37 sec
>A nauty-genbg n=5+16 e=30:30 d=4:0 D=8:3  class=52/100
>Z 135316 graphs generated in 19.92 sec
>F 135316 cores checked in 160.36 sec
>A nauty-genbg n=5+16 e=30:30 d=4:0 D=8:3  class=53/100
>Z 138675 graphs generated in 19.98 sec
>F 138675 cores checked in 275.09 sec
>A nauty-genbg n=5+16 e=30:30 d=4:0 D=8:3  class=54/100
>Z 140093 graphs generated in 19.98 sec
>F 140093 cores checked in 368.76 sec
>A nauty-genbg n=5+16 e=30:30 d=4:0 D=8:3  class=55/100
>Z 137220 graphs generated in 19.97 sec
>F 137220 cores checked in 192.89 sec
>A nauty-genbg n=5+16 e=30:30 d=4:0 D=8:3  class=56/100
>Z 135184 graphs generated in 19.90 sec
>F 135184 cores checked in 287.03 sec
>A nauty-genbg n=5+16 e=30:30 d=4:0 D=8:3  class=57/100
>Z 138261 graphs generated in 19.98 sec
>F 138261 cores checked in 344.94 sec
>A nauty-genbg n=5+16 e=30:30 d=4:0 D=8:3  class=58/100
>Z 138356 graphs generated in 19.94 sec
>F 138356 cores checked in 315.81 sec
>A nauty-genbg n=5+16 e=30:30 d=4:0 D=8:3  class=59/100
>Z 140816 graphs generated in 19.96 sec
>F 140816 cores checked in 407.31 sec
>A nauty-genbg n=5+16 e=30:30 d=4:0 D=8:3  class=60/100
>Z 138839 graphs generated in 19.95 sec
>F 138839 cores checked in 364.09 sec
>A nauty-genbg n=5+16 e=30:30 d=4:0 D=8:3  class=61/100
>Z 139712 graphs generated in 19.96 sec
>F 139712 cores checked in 261.64 sec
>A nauty-genbg n=5+16 e=30:30 d=4:0 D=8:3  class=62/100
>Z 136402 graphs generated in 19.88 sec
>F 136402 cores checked in 396.19 sec
>A nauty-genbg n=5+16 e=30:30 d=4:0 D=8:3  class=63/100
>Z 138920 graphs generated in 19.95 sec
>F 138920 cores checked in 342.96 sec
>A nauty-genbg n=5+16 e=30:30 d=4:0 D=8:3  class=64/100
>Z 140795 graphs generated in 19.98 sec
>F 140795 cores checked in 263.10 sec
>A nauty-genbg n=5+16 e=30:30 d=4:0 D=8:3  class=65/100
>Z 136548 graphs generated in 20.44 sec
>F 136548 cores checked in 241.06 sec
>A nauty-genbg n=5+16 e=30:30 d=4:0 D=8:3  class=66/100
>Z 138681 graphs generated in 19.97 sec
>F 138681 cores checked in 293.51 sec
>A nauty-genbg n=5+16 e=30:30 d=4:0 D=8:3  class=67/100
>Z 140191 graphs generated in 19.95 sec
>F 140191 cores checked in 370.26 sec
>A nauty-genbg n=5+16 e=30:30 d=4:0 D=8:3  class=68/100
>Z 139022 graphs generated in 19.98 sec
>F 139022 cores checked in 457.85 sec
>A nauty-genbg n=5+16 e=30:30 d=4:0 D=8:3  class=69/100
>Z 138356 graphs generated in 19.94 sec
>F 138356 cores checked in 549.72 sec
>A nauty-genbg n=5+16 e=30:30 d=4:0 D=8:3  class=70/100
>Z 139914 graphs generated in 19.95 sec
>F 139914 cores checked in 528.90 sec
>A nauty-genbg n=5+16 e=30:30 d=4:0 D=8:3  class=71/100
>Z 138653 graphs generated in 19.95 sec
>F 138653 cores checked in 285.74 sec
>A nauty-genbg n=5+16 e=30:30 d=4:0 D=8:3  class=72/100
>Z 136221 graphs generated in 19.88 sec
>F 136221 cores checked in 391.79 sec
>A nauty-genbg n=5+16 e=30:30 d=4:0 D=8:3  class=73/100
>Z 139233 graphs generated in 19.98 sec
>F 139233 cores checked in 334.07 sec
>A nauty-genbg n=5+16 e=30:30 d=4:0 D=8:3  class=74/100
>Z 139239 graphs generated in 19.99 sec
>F 139239 cores checked in 334.78 sec
>A nauty-genbg n=5+16 e=30:30 d=4:0 D=8:3  class=75/100
>Z 137114 graphs generated in 19.93 sec
>F 137114 cores checked in 377.97 sec
>A nauty-genbg n=5+16 e=30:30 d=4:0 D=8:3  class=76/100
>Z 136588 graphs generated in 19.91 sec
>F 136588 cores checked in 375.24 sec
>A nauty-genbg n=5+16 e=30:30 d=4:0 D=8:3  class=77/100
>Z 139828 graphs generated in 19.95 sec
>F 139828 cores checked in 552.02 sec
>A nauty-genbg n=5+16 e=30:30 d=4:0 D=8:3  class=78/100
>Z 138548 graphs generated in 19.97 sec
>F 138548 cores checked in 254.85 sec
>A nauty-genbg n=5+16 e=30:30 d=4:0 D=8:3  class=79/100
>Z 139383 graphs generated in 19.93 sec
>F 139383 cores checked in 358.10 sec
>A nauty-genbg n=5+16 e=30:30 d=4:0 D=8:3  class=80/100
>Z 141128 graphs generated in 19.91 sec
>F 141128 cores checked in 404.44 sec
>A nauty-genbg n=5+16 e=30:30 d=4:0 D=8:3  class=81/100
>Z 139843 graphs generated in 19.89 sec
>F 139843 cores checked in 336.13 sec
>A nauty-genbg n=5+16 e=30:30 d=4:0 D=8:3  class=82/100
>Z 136446 graphs generated in 19.95 sec
>F 136446 cores checked in 357.21 sec
>A nauty-genbg n=5+16 e=30:30 d=4:0 D=8:3  class=83/100
>Z 137359 graphs generated in 19.89 sec
>F 137359 cores checked in 418.11 sec
>A nauty-genbg n=5+16 e=30:30 d=4:0 D=8:3  class=84/100
>Z 140422 graphs generated in 19.95 sec
>F 140422 cores checked in 290.30 sec
>A nauty-genbg n=5+16 e=30:30 d=4:0 D=8:3  class=85/100
>Z 139661 graphs generated in 19.98 sec
>F 139661 cores checked in 427.54 sec
>A nauty-genbg n=5+16 e=30:30 d=4:0 D=8:3  class=86/100
>Z 141315 graphs generated in 19.97 sec
>F 141315 cores checked in 206.93 sec
>A nauty-genbg n=5+16 e=30:30 d=4:0 D=8:3  class=87/100
>Z 140607 graphs generated in 19.92 sec
>F 140607 cores checked in 288.31 sec
>A nauty-genbg n=5+16 e=30:30 d=4:0 D=8:3  class=88/100
>Z 136592 graphs generated in 19.87 sec
>F 136592 cores checked in 290.03 sec
>A nauty-genbg n=5+16 e=30:30 d=4:0 D=8:3  class=89/100
>Z 138573 graphs generated in 19.92 sec
>F 138573 cores checked in 379.89 sec
>A nauty-genbg n=5+16 e=30:30 d=4:0 D=8:3  class=90/100
>Z 140029 graphs generated in 19.96 sec
>F 140029 cores checked in 366.83 sec
>A nauty-genbg n=5+16 e=30:30 d=4:0 D=8:3  class=91/100
>Z 137583 graphs generated in 19.92 sec
>F 137583 cores checked in 273.85 sec
>A nauty-genbg n=5+16 e=30:30 d=4:0 D=8:3  class=92/100
>Z 139267 graphs generated in 19.93 sec
>F 139267 cores checked in 173.81 sec
>A nauty-genbg n=5+16 e=30:30 d=4:0 D=8:3  class=93/100
>Z 138355 graphs generated in 19.92 sec
>F 138355 cores checked in 193.81 sec
>A nauty-genbg n=5+16 e=30:30 d=4:0 D=8:3  class=94/100
>Z 142200 graphs generated in 19.97 sec
>F 142200 cores checked in 366.43 sec
>A nauty-genbg n=5+16 e=30:30 d=4:0 D=8:3  class=95/100
>Z 138434 graphs generated in 19.92 sec
>F 138434 cores checked in 463.69 sec
>A nauty-genbg n=5+16 e=30:30 d=4:0 D=8:3  class=96/100
>Z 138948 graphs generated in 19.96 sec
>F 138948 cores checked in 393.80 sec
>A nauty-genbg n=5+16 e=30:30 d=4:0 D=8:3  class=97/100
>Z 139955 graphs generated in 19.92 sec
>F 139955 cores checked in 306.60 sec
>A nauty-genbg n=5+16 e=30:30 d=4:0 D=8:3  class=98/100
>Z 137584 graphs generated in 19.91 sec
>F 137584 cores checked in 249.85 sec
>A nauty-genbg n=5+16 e=30:30 d=4:0 D=8:3  class=99/100
>Z 137182 graphs generated in 19.86 sec
>F 137182 cores checked in 281.80 sec



===Total number of cores generated: 13836163
===Total number of cores checked: 13836163
===Total time for generation: 1995.18 seconds
===Total time for checking: 31322.16 seconds
===Total number of exceptional cores: 0
