=== Log file for cores: nauty-genbg_-d4:0_-D7:3_5_16_28:28



>A nauty-genbg n=5+16 e=28:28 d=4:0 D=7:3  class=0/100
>Z 43676 graphs generated in 9.45 sec
>F 43676 cores checked in 33038.59 sec
>A nauty-genbg n=5+16 e=28:28 d=4:0 D=7:3  class=1/100
>Z 44960 graphs generated in 9.49 sec
>F 44960 cores checked in 27263.61 sec
>A nauty-genbg n=5+16 e=28:28 d=4:0 D=7:3  class=2/100
>Z 45016 graphs generated in 9.49 sec
>F 45016 cores checked in 32129.88 sec
>A nauty-genbg n=5+16 e=28:28 d=4:0 D=7:3  class=3/100
>Z 45003 graphs generated in 9.49 sec
>F 45003 cores checked in 24978.36 sec
>A nauty-genbg n=5+16 e=28:28 d=4:0 D=7:3  class=4/100
>Z 45382 graphs generated in 9.48 sec
>F 45382 cores checked in 37592.51 sec
>A nauty-genbg n=5+16 e=28:28 d=4:0 D=7:3  class=5/100
>Z 45020 graphs generated in 9.48 sec
>F 45020 cores checked in 29544.11 sec
>A nauty-genbg n=5+16 e=28:28 d=4:0 D=7:3  class=6/100
>Z 45025 graphs generated in 9.49 sec
>F 45025 cores checked in 26080.64 sec
>A nauty-genbg n=5+16 e=28:28 d=4:0 D=7:3  class=7/100
>Z 44884 graphs generated in 9.50 sec
>F 44884 cores checked in 36503.21 sec
>A nauty-genbg n=5+16 e=28:28 d=4:0 D=7:3  class=8/100
>Z 44714 graphs generated in 9.49 sec
>F 44714 cores checked in 28897.27 sec
>A nauty-genbg n=5+16 e=28:28 d=4:0 D=7:3  class=9/100
>Z 44825 graphs generated in 9.50 sec
>F 44825 cores checked in 24273.49 sec
>A nauty-genbg n=5+16 e=28:28 d=4:0 D=7:3  class=10/100
>Z 44138 graphs generated in 9.50 sec
>F 44138 cores checked in 32971.47 sec
>A nauty-genbg n=5+16 e=28:28 d=4:0 D=7:3  class=11/100
>Z 43934 graphs generated in 9.46 sec
>F 43934 cores checked in 29764.41 sec
>A nauty-genbg n=5+16 e=28:28 d=4:0 D=7:3  class=12/100
>Z 44929 graphs generated in 9.50 sec
>F 44929 cores checked in 24278.67 sec
>A nauty-genbg n=5+16 e=28:28 d=4:0 D=7:3  class=13/100
>Z 43687 graphs generated in 9.48 sec
>F 43687 cores checked in 28876.69 sec
>A nauty-genbg n=5+16 e=28:28 d=4:0 D=7:3  class=14/100
>Z 43756 graphs generated in 9.48 sec
>F 43756 cores checked in 30063.63 sec
>A nauty-genbg n=5+16 e=28:28 d=4:0 D=7:3  class=15/100
>Z 44972 graphs generated in 9.49 sec
>F 44972 cores checked in 26948.14 sec
>A nauty-genbg n=5+16 e=28:28 d=4:0 D=7:3  class=16/100
>Z 45418 graphs generated in 9.49 sec
>F 45418 cores checked in 35169.24 sec
>A nauty-genbg n=5+16 e=28:28 d=4:0 D=7:3  class=17/100
>Z 45112 graphs generated in 9.49 sec
>F 45112 cores checked in 42972.22 sec
>A nauty-genbg n=5+16 e=28:28 d=4:0 D=7:3  class=18/100
>Z 44699 graphs generated in 9.47 sec
>F 44699 cores checked in 28290.08 sec
>A nauty-genbg n=5+16 e=28:28 d=4:0 D=7:3  class=19/100
>Z 44123 graphs generated in 9.48 sec
>F 44123 cores checked in 28868.74 sec
>A nauty-genbg n=5+16 e=28:28 d=4:0 D=7:3  class=20/100
>Z 43931 graphs generated in 9.50 sec
>F 43931 cores checked in 32789.17 sec
>A nauty-genbg n=5+16 e=28:28 d=4:0 D=7:3  class=21/100
>Z 44977 graphs generated in 9.50 sec
>F 44977 cores checked in 32578.63 sec
>A nauty-genbg n=5+16 e=28:28 d=4:0 D=7:3  class=22/100
>Z 43835 graphs generated in 9.49 sec
>F 43835 cores checked in 29658.08 sec
>A nauty-genbg n=5+16 e=28:28 d=4:0 D=7:3  class=23/100
>Z 45254 graphs generated in 9.51 sec
>F 45254 cores checked in 31016.18 sec
>A nauty-genbg n=5+16 e=28:28 d=4:0 D=7:3  class=24/100
>Z 44802 graphs generated in 9.51 sec
>F 44802 cores checked in 29440.95 sec
>A nauty-genbg n=5+16 e=28:28 d=4:0 D=7:3  class=25/100
>Z 44680 graphs generated in 9.49 sec
>F 44680 cores checked in 36880.77 sec
>A nauty-genbg n=5+16 e=28:28 d=4:0 D=7:3  class=26/100
>Z 44436 graphs generated in 9.50 sec
>F 44436 cores checked in 32311.51 sec
>A nauty-genbg n=5+16 e=28:28 d=4:0 D=7:3  class=27/100
>Z 44873 graphs generated in 9.48 sec
>F 44873 cores checked in 30408.19 sec
>A nauty-genbg n=5+16 e=28:28 d=4:0 D=7:3  class=28/100
>Z 44694 graphs generated in 9.48 sec
>F 44694 cores checked in 31656.47 sec
>A nauty-genbg n=5+16 e=28:28 d=4:0 D=7:3  class=29/100
>Z 42958 graphs generated in 9.48 sec
>F 42958 cores checked in 31817.85 sec
>A nauty-genbg n=5+16 e=28:28 d=4:0 D=7:3  class=30/100
>Z 44241 graphs generated in 9.49 sec
>F 44241 cores checked in 37175.95 sec
>A nauty-genbg n=5+16 e=28:28 d=4:0 D=7:3  class=31/100
>Z 45002 graphs generated in 9.51 sec
>F 45002 cores checked in 34052.46 sec
>A nauty-genbg n=5+16 e=28:28 d=4:0 D=7:3  class=32/100
>Z 46527 graphs generated in 9.53 sec
>F 46527 cores checked in 33629.23 sec
>A nauty-genbg n=5+16 e=28:28 d=4:0 D=7:3  class=33/100
>Z 44793 graphs generated in 9.48 sec
>F 44793 cores checked in 24146.96 sec
>A nauty-genbg n=5+16 e=28:28 d=4:0 D=7:3  class=34/100
>Z 44027 graphs generated in 9.48 sec
>F 44027 cores checked in 27983.29 sec
>A nauty-genbg n=5+16 e=28:28 d=4:0 D=7:3  class=35/100
>Z 46259 graphs generated in 9.53 sec
>F 46259 cores checked in 28706.41 sec
>A nauty-genbg n=5+16 e=28:28 d=4:0 D=7:3  class=36/100
>Z 45313 graphs generated in 9.49 sec
>F 45313 cores checked in 28975.24 sec
>A nauty-genbg n=5+16 e=28:28 d=4:0 D=7:3  class=37/100
>Z 44578 graphs generated in 9.48 sec
>F 44578 cores checked in 33852.35 sec
>A nauty-genbg n=5+16 e=28:28 d=4:0 D=7:3  class=38/100
>Z 44582 graphs generated in 9.49 sec
>F 44582 cores checked in 39942.29 sec
>A nauty-genbg n=5+16 e=28:28 d=4:0 D=7:3  class=39/100
>Z 44825 graphs generated in 9.49 sec
>F 44825 cores checked in 32672.91 sec
>A nauty-genbg n=5+16 e=28:28 d=4:0 D=7:3  class=40/100
>Z 44386 graphs generated in 9.50 sec
>F 44386 cores checked in 35520.13 sec
>A nauty-genbg n=5+16 e=28:28 d=4:0 D=7:3  class=41/100
>Z 45921 graphs generated in 9.51 sec
>F 45921 cores checked in 30923.07 sec
>A nauty-genbg n=5+16 e=28:28 d=4:0 D=7:3  class=42/100
>Z 44070 graphs generated in 9.49 sec
>F 44070 cores checked in 27720.79 sec
>A nauty-genbg n=5+16 e=28:28 d=4:0 D=7:3  class=43/100
>Z 44858 graphs generated in 9.51 sec
>F 44858 cores checked in 23466.57 sec
>A nauty-genbg n=5+16 e=28:28 d=4:0 D=7:3  class=44/100
>Z 44134 graphs generated in 9.50 sec
>F 44134 cores checked in 30451.57 sec
>A nauty-genbg n=5+16 e=28:28 d=4:0 D=7:3  class=45/100
>Z 44049 graphs generated in 9.50 sec
>F 44049 cores checked in 26906.26 sec
>A nauty-genbg n=5+16 e=28:28 d=4:0 D=7:3  class=46/100
>Z 44535 graphs generated in 9.50 sec
>F 44535 cores checked in 28020.24 sec
>A nauty-genbg n=5+16 e=28:28 d=4:0 D=7:3  class=47/100
>Z 44564 graphs generated in 9.50 sec
>F 44564 cores checked in 29610.29 sec
>A nauty-genbg n=5+16 e=28:28 d=4:0 D=7:3  class=48/100
>Z 45003 graphs generated in 9.50 sec
>F 45003 cores checked in 25084.24 sec
>A nauty-genbg n=5+16 e=28:28 d=4:0 D=7:3  class=49/100
>Z 44401 graphs generated in 9.49 sec
>F 44401 cores checked in 27800.57 sec
>A nauty-genbg n=5+16 e=28:28 d=4:0 D=7:3  class=50/100
>Z 44455 graphs generated in 9.50 sec
>F 44455 cores checked in 29505.39 sec
>A nauty-genbg n=5+16 e=28:28 d=4:0 D=7:3  class=51/100
>Z 44728 graphs generated in 9.51 sec
>F 44728 cores checked in 33429.10 sec
>A nauty-genbg n=5+16 e=28:28 d=4:0 D=7:3  class=52/100
>Z 45517 graphs generated in 9.52 sec
>F 45517 cores checked in 26527.89 sec
>A nauty-genbg n=5+16 e=28:28 d=4:0 D=7:3  class=53/100
>Z 46114 graphs generated in 9.51 sec
>F 46114 cores checked in 29838.17 sec
>A nauty-genbg n=5+16 e=28:28 d=4:0 D=7:3  class=54/100
>Z 44411 graphs generated in 9.51 sec
>F 44411 cores checked in 27669.45 sec
>A nauty-genbg n=5+16 e=28:28 d=4:0 D=7:3  class=55/100
>Z 44649 graphs generated in 9.50 sec
>F 44649 cores checked in 34572.15 sec
>A nauty-genbg n=5+16 e=28:28 d=4:0 D=7:3  class=56/100
>Z 45761 graphs generated in 9.53 sec
>F 45761 cores checked in 31247.79 sec
>A nauty-genbg n=5+16 e=28:28 d=4:0 D=7:3  class=57/100
>Z 44783 graphs generated in 9.51 sec
>F 44783 cores checked in 28784.85 sec
>A nauty-genbg n=5+16 e=28:28 d=4:0 D=7:3  class=58/100
>Z 45636 graphs generated in 9.52 sec
>F 45636 cores checked in 32826.84 sec
>A nauty-genbg n=5+16 e=28:28 d=4:0 D=7:3  class=59/100
>Z 46153 graphs generated in 9.50 sec
>F 46153 cores checked in 35269.75 sec
>A nauty-genbg n=5+16 e=28:28 d=4:0 D=7:3  class=60/100
>Z 43463 graphs generated in 9.51 sec
>F 43463 cores checked in 29166.20 sec
>A nauty-genbg n=5+16 e=28:28 d=4:0 D=7:3  class=61/100
>Z 44761 graphs generated in 9.51 sec
>F 44761 cores checked in 31606.43 sec
>A nauty-genbg n=5+16 e=28:28 d=4:0 D=7:3  class=62/100
>Z 44202 graphs generated in 9.50 sec
>F 44202 cores checked in 43651.04 sec
>A nauty-genbg n=5+16 e=28:28 d=4:0 D=7:3  class=63/100
>Z 45392 graphs generated in 9.53 sec
>F 45392 cores checked in 34855.06 sec
>A nauty-genbg n=5+16 e=28:28 d=4:0 D=7:3  class=64/100
>Z 43991 graphs generated in 9.50 sec
>F 43991 cores checked in 28931.58 sec
>A nauty-genbg n=5+16 e=28:28 d=4:0 D=7:3  class=65/100
>Z 45640 graphs generated in 9.50 sec
>F 45640 cores checked in 31868.48 sec
>A nauty-genbg n=5+16 e=28:28 d=4:0 D=7:3  class=66/100
>Z 44463 graphs generated in 9.49 sec
>F 44463 cores checked in 33388.54 sec
>A nauty-genbg n=5+16 e=28:28 d=4:0 D=7:3  class=67/100
>Z 45623 graphs generated in 9.50 sec
>F 45623 cores checked in 29159.69 sec
>A nauty-genbg n=5+16 e=28:28 d=4:0 D=7:3  class=68/100
>Z 45760 graphs generated in 9.52 sec
>F 45760 cores checked in 31472.55 sec
>A nauty-genbg n=5+16 e=28:28 d=4:0 D=7:3  class=69/100
>Z 46256 graphs generated in 9.50 sec
>F 46256 cores checked in 35550.46 sec
>A nauty-genbg n=5+16 e=28:28 d=4:0 D=7:3  class=70/100
>Z 44605 graphs generated in 9.47 sec
>F 44605 cores checked in 33433.49 sec
>A nauty-genbg n=5+16 e=28:28 d=4:0 D=7:3  class=71/100
>Z 44964 graphs generated in 9.48 sec
>F 44964 cores checked in 34389.42 sec
>A nauty-genbg n=5+16 e=28:28 d=4:0 D=7:3  class=72/100
>Z 44286 graphs generated in 9.50 sec
>F 44286 cores checked in 23989.15 sec
>A nauty-genbg n=5+16 e=28:28 d=4:0 D=7:3  class=73/100
>Z 46187 graphs generated in 9.54 sec
>F 46187 cores checked in 36562.51 sec
>A nauty-genbg n=5+16 e=28:28 d=4:0 D=7:3  class=74/100
>Z 45429 graphs generated in 9.60 sec
>F 45429 cores checked in 29872.74 sec
>A nauty-genbg n=5+16 e=28:28 d=4:0 D=7:3  class=75/100
>Z 44860 graphs generated in 9.51 sec
>F 44860 cores checked in 34497.60 sec
>A nauty-genbg n=5+16 e=28:28 d=4:0 D=7:3  class=76/100
>Z 45136 graphs generated in 9.49 sec
>F 45136 cores checked in 25591.01 sec
>A nauty-genbg n=5+16 e=28:28 d=4:0 D=7:3  class=77/100
>Z 45094 graphs generated in 9.50 sec
>F 45094 cores checked in 32087.56 sec
>A nauty-genbg n=5+16 e=28:28 d=4:0 D=7:3  class=78/100
>Z 45658 graphs generated in 9.47 sec
>F 45658 cores checked in 30082.33 sec
>A nauty-genbg n=5+16 e=28:28 d=4:0 D=7:3  class=79/100
>Z 46125 graphs generated in 9.54 sec
>F 46125 cores checked in 35751.92 sec
>A nauty-genbg n=5+16 e=28:28 d=4:0 D=7:3  class=80/100
>Z 44554 graphs generated in 9.49 sec
>F 44554 cores checked in 22806.70 sec
>A nauty-genbg n=5+16 e=28:28 d=4:0 D=7:3  class=81/100
>Z 44017 graphs generated in 9.48 sec
>F 44017 cores checked in 24180.93 sec
>A nauty-genbg n=5+16 e=28:28 d=4:0 D=7:3  class=82/100
>Z 44798 graphs generated in 9.50 sec
>F 44798 cores checked in 34166.09 sec
>A nauty-genbg n=5+16 e=28:28 d=4:0 D=7:3  class=83/100
>Z 45628 graphs generated in 9.50 sec
>F 45628 cores checked in 27217.86 sec
>A nauty-genbg n=5+16 e=28:28 d=4:0 D=7:3  class=84/100
>Z 44373 graphs generated in 9.49 sec
>F 44373 cores checked in 23531.46 sec
>A nauty-genbg n=5+16 e=28:28 d=4:0 D=7:3  class=85/100
>Z 45066 graphs generated in 9.41 sec
>F 45066 cores checked in 27421.43 sec
>A nauty-genbg n=5+16 e=28:28 d=4:0 D=7:3  class=86/100
>Z 43876 graphs generated in 9.49 sec
>F 43876 cores checked in 26372.76 sec
>A nauty-genbg n=5+16 e=28:28 d=4:0 D=7:3  class=87/100
>Z 43667 graphs generated in 9.47 sec
>F 43667 cores checked in 22584.40 sec
>A nauty-genbg n=5+16 e=28:28 d=4:0 D=7:3  class=88/100
>Z 45925 graphs generated in 9.52 sec
>F 45925 cores checked in 29503.83 sec
>A nauty-genbg n=5+16 e=28:28 d=4:0 D=7:3  class=89/100
>Z 44990 graphs generated in 9.52 sec
>F 44990 cores checked in 21946.99 sec
>A nauty-genbg n=5+16 e=28:28 d=4:0 D=7:3  class=90/100
>Z 44859 graphs generated in 9.49 sec
>F 44859 cores checked in 30231.56 sec
>A nauty-genbg n=5+16 e=28:28 d=4:0 D=7:3  class=91/100
>Z 43750 graphs generated in 9.48 sec
>F 43750 cores checked in 25799.35 sec
>A nauty-genbg n=5+16 e=28:28 d=4:0 D=7:3  class=92/100
>Z 45232 graphs generated in 9.49 sec
>F 45232 cores checked in 34917.69 sec
>A nauty-genbg n=5+16 e=28:28 d=4:0 D=7:3  class=93/100
>Z 44780 graphs generated in 9.49 sec
>F 44780 cores checked in 24889.42 sec
>A nauty-genbg n=5+16 e=28:28 d=4:0 D=7:3  class=94/100
>Z 44201 graphs generated in 9.47 sec
>F 44201 cores checked in 33812.26 sec
>A nauty-genbg n=5+16 e=28:28 d=4:0 D=7:3  class=95/100
>Z 44953 graphs generated in 9.40 sec
>F 44953 cores checked in 36070.30 sec
>A nauty-genbg n=5+16 e=28:28 d=4:0 D=7:3  class=96/100
>Z 44937 graphs generated in 9.48 sec
>F 44937 cores checked in 23552.03 sec
>A nauty-genbg n=5+16 e=28:28 d=4:0 D=7:3  class=97/100
>Z 44202 graphs generated in 9.42 sec
>F 44202 cores checked in 33305.64 sec
>A nauty-genbg n=5+16 e=28:28 d=4:0 D=7:3  class=98/100
>Z 44020 graphs generated in 9.41 sec
>F 44020 cores checked in 32641.48 sec
>A nauty-genbg n=5+16 e=28:28 d=4:0 D=7:3  class=99/100
>Z 44969 graphs generated in 9.45 sec
>F 44969 cores checked in 31914.18 sec



===Total number of cores generated: 4480680
===Total number of cores checked: 4480680
===Total time for generation: 949.33 seconds
===Total time for checking: 3056149.08 seconds
===Total number of exceptional cores: 0
