=== Log file for cores: nauty-genbg_-d4:0_-D7:3_6_15_35:35



>A nauty-genbg n=6+15 e=35:35 d=4:0 D=7:3  class=0/100
>Z 2450518 graphs generated in 369.61 sec
>F 2450518 cores checked in 1576.78 sec
>A nauty-genbg n=6+15 e=35:35 d=4:0 D=7:3  class=1/100
>Z 2453112 graphs generated in 369.33 sec
>F 2453112 cores checked in 1571.40 sec
>A nauty-genbg n=6+15 e=35:35 d=4:0 D=7:3  class=2/100
>Z 2448077 graphs generated in 369.62 sec
>F 2448077 cores checked in 1574.17 sec
>A nauty-genbg n=6+15 e=35:35 d=4:0 D=7:3  class=3/100
>Z 2465158 graphs generated in 369.11 sec
>F 2465158 cores checked in 1581.52 sec
>A nauty-genbg n=6+15 e=35:35 d=4:0 D=7:3  class=4/100
>Z 2450005 graphs generated in 369.18 sec
>F 2450005 cores checked in 1574.62 sec
>A nauty-genbg n=6+15 e=35:35 d=4:0 D=7:3  class=5/100
>Z 2456012 graphs generated in 369.28 sec
>F 2456012 cores checked in 1563.95 sec
>A nauty-genbg n=6+15 e=35:35 d=4:0 D=7:3  class=6/100
>Z 2451990 graphs generated in 369.64 sec
>F 2451990 cores checked in 1565.45 sec
>A nauty-genbg n=6+15 e=35:35 d=4:0 D=7:3  class=7/100
>Z 2456004 graphs generated in 369.21 sec
>F 2456004 cores checked in 1575.95 sec
>A nauty-genbg n=6+15 e=35:35 d=4:0 D=7:3  class=8/100
>Z 2454911 graphs generated in 372.12 sec
>F 2454911 cores checked in 1574.47 sec
>A nauty-genbg n=6+15 e=35:35 d=4:0 D=7:3  class=9/100
>Z 2445118 graphs generated in 369.15 sec
>F 2445118 cores checked in 1557.01 sec
>A nauty-genbg n=6+15 e=35:35 d=4:0 D=7:3  class=10/100
>Z 2441059 graphs generated in 369.05 sec
>F 2441059 cores checked in 1569.25 sec
>A nauty-genbg n=6+15 e=35:35 d=4:0 D=7:3  class=11/100
>Z 2437651 graphs generated in 369.49 sec
>F 2437651 cores checked in 1558.32 sec
>A nauty-genbg n=6+15 e=35:35 d=4:0 D=7:3  class=12/100
>Z 2436462 graphs generated in 369.52 sec
>F 2436462 cores checked in 1568.60 sec
>A nauty-genbg n=6+15 e=35:35 d=4:0 D=7:3  class=13/100
>Z 2455030 graphs generated in 369.55 sec
>F 2455030 cores checked in 1565.93 sec
>A nauty-genbg n=6+15 e=35:35 d=4:0 D=7:3  class=14/100
>Z 2464981 graphs generated in 369.51 sec
>F 2464981 cores checked in 1573.46 sec
>A nauty-genbg n=6+15 e=35:35 d=4:0 D=7:3  class=15/100
>Z 2451769 graphs generated in 370.15 sec
>F 2451769 cores checked in 1576.25 sec
>A nauty-genbg n=6+15 e=35:35 d=4:0 D=7:3  class=16/100
>Z 2451592 graphs generated in 369.50 sec
>F 2451592 cores checked in 1567.76 sec
>A nauty-genbg n=6+15 e=35:35 d=4:0 D=7:3  class=17/100
>Z 2440543 graphs generated in 370.29 sec
>F 2440543 cores checked in 1559.53 sec
>A nauty-genbg n=6+15 e=35:35 d=4:0 D=7:3  class=18/100
>Z 2450023 graphs generated in 369.81 sec
>F 2450023 cores checked in 1575.96 sec
>A nauty-genbg n=6+15 e=35:35 d=4:0 D=7:3  class=19/100
>Z 2443141 graphs generated in 369.03 sec
>F 2443141 cores checked in 1560.51 sec
>A nauty-genbg n=6+15 e=35:35 d=4:0 D=7:3  class=20/100
>Z 2454551 graphs generated in 369.76 sec
>F 2454551 cores checked in 1570.55 sec
>A nauty-genbg n=6+15 e=35:35 d=4:0 D=7:3  class=21/100
>Z 2438625 graphs generated in 369.47 sec
>F 2438625 cores checked in 1562.78 sec
>A nauty-genbg n=6+15 e=35:35 d=4:0 D=7:3  class=22/100
>Z 2444354 graphs generated in 369.55 sec
>F 2444354 cores checked in 1567.41 sec
>A nauty-genbg n=6+15 e=35:35 d=4:0 D=7:3  class=23/100
>Z 2458510 graphs generated in 369.26 sec
>F 2458510 cores checked in 1565.27 sec
>A nauty-genbg n=6+15 e=35:35 d=4:0 D=7:3  class=24/100
>Z 2455013 graphs generated in 369.30 sec
>F 2455013 cores checked in 1568.59 sec
>A nauty-genbg n=6+15 e=35:35 d=4:0 D=7:3  class=25/100
>Z 2448870 graphs generated in 369.75 sec
>F 2448870 cores checked in 1608.35 sec
>A nauty-genbg n=6+15 e=35:35 d=4:0 D=7:3  class=26/100
>Z 2451133 graphs generated in 369.67 sec
>F 2451133 cores checked in 1569.37 sec
>A nauty-genbg n=6+15 e=35:35 d=4:0 D=7:3  class=27/100
>Z 2453546 graphs generated in 369.76 sec
>F 2453546 cores checked in 1569.48 sec
>A nauty-genbg n=6+15 e=35:35 d=4:0 D=7:3  class=28/100
>Z 2460832 graphs generated in 369.88 sec
>F 2460832 cores checked in 1567.26 sec
>A nauty-genbg n=6+15 e=35:35 d=4:0 D=7:3  class=29/100
>Z 2450213 graphs generated in 369.49 sec
>F 2450213 cores checked in 1563.98 sec
>A nauty-genbg n=6+15 e=35:35 d=4:0 D=7:3  class=30/100
>Z 2452166 graphs generated in 369.45 sec
>F 2452166 cores checked in 1566.39 sec
>A nauty-genbg n=6+15 e=35:35 d=4:0 D=7:3  class=31/100
>Z 2446345 graphs generated in 369.83 sec
>F 2446345 cores checked in 1562.94 sec
>A nauty-genbg n=6+15 e=35:35 d=4:0 D=7:3  class=32/100
>Z 2433450 graphs generated in 369.90 sec
>F 2433450 cores checked in 1559.90 sec
>A nauty-genbg n=6+15 e=35:35 d=4:0 D=7:3  class=33/100
>Z 2451374 graphs generated in 369.57 sec
>F 2451374 cores checked in 1572.53 sec
>A nauty-genbg n=6+15 e=35:35 d=4:0 D=7:3  class=34/100
>Z 2450148 graphs generated in 370.43 sec
>F 2450148 cores checked in 1567.87 sec
>A nauty-genbg n=6+15 e=35:35 d=4:0 D=7:3  class=35/100
>Z 2443480 graphs generated in 369.51 sec
>F 2443480 cores checked in 1553.29 sec
>A nauty-genbg n=6+15 e=35:35 d=4:0 D=7:3  class=36/100
>Z 2448135 graphs generated in 369.32 sec
>F 2448135 cores checked in 1560.90 sec
>A nauty-genbg n=6+15 e=35:35 d=4:0 D=7:3  class=37/100
>Z 2442486 graphs generated in 369.55 sec
>F 2442486 cores checked in 1562.79 sec
>A nauty-genbg n=6+15 e=35:35 d=4:0 D=7:3  class=38/100
>Z 2450845 graphs generated in 369.99 sec
>F 2450845 cores checked in 1564.98 sec
>A nauty-genbg n=6+15 e=35:35 d=4:0 D=7:3  class=39/100
>Z 2443404 graphs generated in 369.58 sec
>F 2443404 cores checked in 1555.22 sec
>A nauty-genbg n=6+15 e=35:35 d=4:0 D=7:3  class=40/100
>Z 2450434 graphs generated in 369.91 sec
>F 2450434 cores checked in 1570.11 sec
>A nauty-genbg n=6+15 e=35:35 d=4:0 D=7:3  class=41/100
>Z 2436425 graphs generated in 369.28 sec
>F 2436425 cores checked in 1555.14 sec
>A nauty-genbg n=6+15 e=35:35 d=4:0 D=7:3  class=42/100
>Z 2438671 graphs generated in 369.09 sec
>F 2438671 cores checked in 1560.35 sec
>A nauty-genbg n=6+15 e=35:35 d=4:0 D=7:3  class=43/100
>Z 2453544 graphs generated in 369.64 sec
>F 2453544 cores checked in 1567.91 sec
>A nauty-genbg n=6+15 e=35:35 d=4:0 D=7:3  class=44/100
>Z 2454659 graphs generated in 369.49 sec
>F 2454659 cores checked in 1566.21 sec
>A nauty-genbg n=6+15 e=35:35 d=4:0 D=7:3  class=45/100
>Z 2449424 graphs generated in 369.51 sec
>F 2449424 cores checked in 1560.59 sec
>A nauty-genbg n=6+15 e=35:35 d=4:0 D=7:3  class=46/100
>Z 2453568 graphs generated in 370.05 sec
>F 2453568 cores checked in 1568.77 sec
>A nauty-genbg n=6+15 e=35:35 d=4:0 D=7:3  class=47/100
>Z 2438635 graphs generated in 368.90 sec
>F 2438635 cores checked in 1553.06 sec
>A nauty-genbg n=6+15 e=35:35 d=4:0 D=7:3  class=48/100
>Z 2453379 graphs generated in 369.71 sec
>F 2453379 cores checked in 1567.52 sec
>A nauty-genbg n=6+15 e=35:35 d=4:0 D=7:3  class=49/100
>Z 2450408 graphs generated in 369.82 sec
>F 2450408 cores checked in 1571.29 sec
>A nauty-genbg n=6+15 e=35:35 d=4:0 D=7:3  class=50/100
>Z 2446971 graphs generated in 368.98 sec
>F 2446971 cores checked in 1559.59 sec
>A nauty-genbg n=6+15 e=35:35 d=4:0 D=7:3  class=51/100
>Z 2442507 graphs generated in 369.77 sec
>F 2442507 cores checked in 1559.25 sec
>A nauty-genbg n=6+15 e=35:35 d=4:0 D=7:3  class=52/100
>Z 2435899 graphs generated in 369.27 sec
>F 2435899 cores checked in 1563.46 sec
>A nauty-genbg n=6+15 e=35:35 d=4:0 D=7:3  class=53/100
>Z 2446516 graphs generated in 368.98 sec
>F 2446516 cores checked in 1576.72 sec
>A nauty-genbg n=6+15 e=35:35 d=4:0 D=7:3  class=54/100
>Z 2458266 graphs generated in 369.25 sec
>F 2458266 cores checked in 1575.63 sec
>A nauty-genbg n=6+15 e=35:35 d=4:0 D=7:3  class=55/100
>Z 2449645 graphs generated in 369.54 sec
>F 2449645 cores checked in 1560.95 sec
>A nauty-genbg n=6+15 e=35:35 d=4:0 D=7:3  class=56/100
>Z 2447754 graphs generated in 369.70 sec
>F 2447754 cores checked in 1565.44 sec
>A nauty-genbg n=6+15 e=35:35 d=4:0 D=7:3  class=57/100
>Z 2436909 graphs generated in 369.29 sec
>F 2436909 cores checked in 1555.14 sec
>A nauty-genbg n=6+15 e=35:35 d=4:0 D=7:3  class=58/100
>Z 2453830 graphs generated in 369.52 sec
>F 2453830 cores checked in 1573.30 sec
>A nauty-genbg n=6+15 e=35:35 d=4:0 D=7:3  class=59/100
>Z 2442024 graphs generated in 368.98 sec
>F 2442024 cores checked in 1560.95 sec
>A nauty-genbg n=6+15 e=35:35 d=4:0 D=7:3  class=60/100
>Z 2441077 graphs generated in 368.95 sec
>F 2441077 cores checked in 1558.47 sec
>A nauty-genbg n=6+15 e=35:35 d=4:0 D=7:3  class=61/100
>Z 2436591 graphs generated in 369.09 sec
>F 2436591 cores checked in 1553.58 sec
>A nauty-genbg n=6+15 e=35:35 d=4:0 D=7:3  class=62/100
>Z 2427391 graphs generated in 369.98 sec
>F 2427391 cores checked in 1554.34 sec
>A nauty-genbg n=6+15 e=35:35 d=4:0 D=7:3  class=63/100
>Z 2446445 graphs generated in 370.46 sec
>F 2446445 cores checked in 1565.09 sec
>A nauty-genbg n=6+15 e=35:35 d=4:0 D=7:3  class=64/100
>Z 2445748 graphs generated in 369.48 sec
>F 2445748 cores checked in 1562.78 sec
>A nauty-genbg n=6+15 e=35:35 d=4:0 D=7:3  class=65/100
>Z 2456400 graphs generated in 371.93 sec
>F 2456400 cores checked in 1569.21 sec
>A nauty-genbg n=6+15 e=35:35 d=4:0 D=7:3  class=66/100
>Z 2450582 graphs generated in 368.96 sec
>F 2450582 cores checked in 1580.49 sec
>A nauty-genbg n=6+15 e=35:35 d=4:0 D=7:3  class=67/100
>Z 2445513 graphs generated in 368.94 sec
>F 2445513 cores checked in 1560.24 sec
>A nauty-genbg n=6+15 e=35:35 d=4:0 D=7:3  class=68/100
>Z 2453428 graphs generated in 369.62 sec
>F 2453428 cores checked in 1566.66 sec
>A nauty-genbg n=6+15 e=35:35 d=4:0 D=7:3  class=69/100
>Z 2439205 graphs generated in 369.03 sec
>F 2439205 cores checked in 1562.40 sec
>A nauty-genbg n=6+15 e=35:35 d=4:0 D=7:3  class=70/100
>Z 2455340 graphs generated in 369.21 sec
>F 2455340 cores checked in 1571.67 sec
>A nauty-genbg n=6+15 e=35:35 d=4:0 D=7:3  class=71/100
>Z 2445203 graphs generated in 369.45 sec
>F 2445203 cores checked in 1557.98 sec
>A nauty-genbg n=6+15 e=35:35 d=4:0 D=7:3  class=72/100
>Z 2439153 graphs generated in 369.12 sec
>F 2439153 cores checked in 1555.27 sec
>A nauty-genbg n=6+15 e=35:35 d=4:0 D=7:3  class=73/100
>Z 2447592 graphs generated in 369.11 sec
>F 2447592 cores checked in 1568.76 sec
>A nauty-genbg n=6+15 e=35:35 d=4:0 D=7:3  class=74/100
>Z 2454161 graphs generated in 369.53 sec
>F 2454161 cores checked in 1572.64 sec
>A nauty-genbg n=6+15 e=35:35 d=4:0 D=7:3  class=75/100
>Z 2449788 graphs generated in 369.72 sec
>F 2449788 cores checked in 1560.84 sec
>A nauty-genbg n=6+15 e=35:35 d=4:0 D=7:3  class=76/100
>Z 2451158 graphs generated in 370.65 sec
>F 2451158 cores checked in 1561.08 sec
>A nauty-genbg n=6+15 e=35:35 d=4:0 D=7:3  class=77/100
>Z 2445631 graphs generated in 370.81 sec
>F 2445631 cores checked in 1555.04 sec
>A nauty-genbg n=6+15 e=35:35 d=4:0 D=7:3  class=78/100
>Z 2450563 graphs generated in 371.49 sec
>F 2450563 cores checked in 1560.05 sec
>A nauty-genbg n=6+15 e=35:35 d=4:0 D=7:3  class=79/100
>Z 2450805 graphs generated in 371.20 sec
>F 2450805 cores checked in 1555.43 sec
>A nauty-genbg n=6+15 e=35:35 d=4:0 D=7:3  class=80/100
>Z 2455646 graphs generated in 371.33 sec
>F 2455646 cores checked in 1557.70 sec
>A nauty-genbg n=6+15 e=35:35 d=4:0 D=7:3  class=81/100
>Z 2440180 graphs generated in 371.30 sec
>F 2440180 cores checked in 1551.48 sec
>A nauty-genbg n=6+15 e=35:35 d=4:0 D=7:3  class=82/100
>Z 2438518 graphs generated in 372.70 sec
>F 2438518 cores checked in 1546.39 sec
>A nauty-genbg n=6+15 e=35:35 d=4:0 D=7:3  class=83/100
>Z 2461246 graphs generated in 374.20 sec
>F 2461246 cores checked in 1554.58 sec
>A nauty-genbg n=6+15 e=35:35 d=4:0 D=7:3  class=84/100
>Z 2454978 graphs generated in 373.99 sec
>F 2454978 cores checked in 1555.26 sec
>A nauty-genbg n=6+15 e=35:35 d=4:0 D=7:3  class=85/100
>Z 2441861 graphs generated in 373.71 sec
>F 2441861 cores checked in 1546.32 sec
>A nauty-genbg n=6+15 e=35:35 d=4:0 D=7:3  class=86/100
>Z 2448305 graphs generated in 374.17 sec
>F 2448305 cores checked in 1551.59 sec
>A nauty-genbg n=6+15 e=35:35 d=4:0 D=7:3  class=87/100
>Z 2443899 graphs generated in 374.55 sec
>F 2443899 cores checked in 1551.17 sec
>A nauty-genbg n=6+15 e=35:35 d=4:0 D=7:3  class=88/100
>Z 2451283 graphs generated in 374.12 sec
>F 2451283 cores checked in 1552.04 sec
>A nauty-genbg n=6+15 e=35:35 d=4:0 D=7:3  class=89/100
>Z 2445840 graphs generated in 373.97 sec
>F 2445840 cores checked in 1553.83 sec
>A nauty-genbg n=6+15 e=35:35 d=4:0 D=7:3  class=90/100
>Z 2443104 graphs generated in 373.92 sec
>F 2443104 cores checked in 1546.44 sec
>A nauty-genbg n=6+15 e=35:35 d=4:0 D=7:3  class=91/100
>Z 2443269 graphs generated in 374.09 sec
>F 2443269 cores checked in 1548.01 sec
>A nauty-genbg n=6+15 e=35:35 d=4:0 D=7:3  class=92/100
>Z 2428825 graphs generated in 374.13 sec
>F 2428825 cores checked in 1537.55 sec
>A nauty-genbg n=6+15 e=35:35 d=4:0 D=7:3  class=93/100
>Z 2447970 graphs generated in 374.27 sec
>F 2447970 cores checked in 1545.72 sec
>A nauty-genbg n=6+15 e=35:35 d=4:0 D=7:3  class=94/100
>Z 2460514 graphs generated in 397.77 sec
>F 2460514 cores checked in 1554.36 sec
>A nauty-genbg n=6+15 e=35:35 d=4:0 D=7:3  class=95/100
>Z 2450326 graphs generated in 374.64 sec
>F 2450326 cores checked in 1553.00 sec
>A nauty-genbg n=6+15 e=35:35 d=4:0 D=7:3  class=96/100
>Z 2447068 graphs generated in 373.97 sec
>F 2447068 cores checked in 1554.76 sec
>A nauty-genbg n=6+15 e=35:35 d=4:0 D=7:3  class=97/100
>Z 2439023 graphs generated in 374.40 sec
>F 2439023 cores checked in 1545.40 sec
>A nauty-genbg n=6+15 e=35:35 d=4:0 D=7:3  class=98/100
>Z 2446627 graphs generated in 374.38 sec
>F 2446627 cores checked in 1549.75 sec
>A nauty-genbg n=6+15 e=35:35 d=4:0 D=7:3  class=99/100
>Z 2451608 graphs generated in 375.92 sec
>F 2451608 cores checked in 1569.18 sec



===Total number of cores generated: 244791968
===Total number of cores checked: 244791968
===Total time for generation: 37072.11 seconds
===Total time for checking: 156298.67 seconds
===Total number of exceptional cores: 0
