=== Log file for cores: nauty-genbg_-d4:0_-D5:3_8_13_35:35



>A nauty-genbg n=8+13 e=35:35 d=4:0 D=5:3  class=0/100
>Z 729549 graphs generated in 468.34 sec
>F 729549 cores checked in 766.90 sec
>A nauty-genbg n=8+13 e=35:35 d=4:0 D=5:3  class=1/100
>Z 730648 graphs generated in 467.15 sec
>F 730648 cores checked in 765.57 sec
>A nauty-genbg n=8+13 e=35:35 d=4:0 D=5:3  class=2/100
>Z 731315 graphs generated in 467.64 sec
>F 731315 cores checked in 768.89 sec
>A nauty-genbg n=8+13 e=35:35 d=4:0 D=5:3  class=3/100
>Z 731669 graphs generated in 467.69 sec
>F 731669 cores checked in 770.54 sec
>A nauty-genbg n=8+13 e=35:35 d=4:0 D=5:3  class=4/100
>Z 731378 graphs generated in 468.33 sec
>F 731378 cores checked in 765.83 sec
>A nauty-genbg n=8+13 e=35:35 d=4:0 D=5:3  class=5/100
>Z 731602 graphs generated in 469.26 sec
>F 731602 cores checked in 769.52 sec
>A nauty-genbg n=8+13 e=35:35 d=4:0 D=5:3  class=6/100
>Z 729446 graphs generated in 468.95 sec
>F 729446 cores checked in 765.46 sec
>A nauty-genbg n=8+13 e=35:35 d=4:0 D=5:3  class=7/100
>Z 729436 graphs generated in 469.03 sec
>F 729436 cores checked in 769.03 sec
>A nauty-genbg n=8+13 e=35:35 d=4:0 D=5:3  class=8/100
>Z 731709 graphs generated in 467.85 sec
>F 731709 cores checked in 767.01 sec
>A nauty-genbg n=8+13 e=35:35 d=4:0 D=5:3  class=9/100
>Z 732943 graphs generated in 468.03 sec
>F 732943 cores checked in 770.34 sec
>A nauty-genbg n=8+13 e=35:35 d=4:0 D=5:3  class=10/100
>Z 731592 graphs generated in 467.56 sec
>F 731592 cores checked in 768.14 sec
>A nauty-genbg n=8+13 e=35:35 d=4:0 D=5:3  class=11/100
>Z 728349 graphs generated in 467.63 sec
>F 728349 cores checked in 766.09 sec
>A nauty-genbg n=8+13 e=35:35 d=4:0 D=5:3  class=12/100
>Z 730478 graphs generated in 467.94 sec
>F 730478 cores checked in 768.04 sec
>A nauty-genbg n=8+13 e=35:35 d=4:0 D=5:3  class=13/100
>Z 730266 graphs generated in 467.85 sec
>F 730266 cores checked in 767.29 sec
>A nauty-genbg n=8+13 e=35:35 d=4:0 D=5:3  class=14/100
>Z 731482 graphs generated in 467.41 sec
>F 731482 cores checked in 769.18 sec
>A nauty-genbg n=8+13 e=35:35 d=4:0 D=5:3  class=15/100
>Z 730761 graphs generated in 467.73 sec
>F 730761 cores checked in 767.94 sec
>A nauty-genbg n=8+13 e=35:35 d=4:0 D=5:3  class=16/100
>Z 730790 graphs generated in 467.21 sec
>F 730790 cores checked in 769.90 sec
>A nauty-genbg n=8+13 e=35:35 d=4:0 D=5:3  class=17/100
>Z 730275 graphs generated in 467.20 sec
>F 730275 cores checked in 766.00 sec
>A nauty-genbg n=8+13 e=35:35 d=4:0 D=5:3  class=18/100
>Z 730541 graphs generated in 467.27 sec
>F 730541 cores checked in 769.61 sec
>A nauty-genbg n=8+13 e=35:35 d=4:0 D=5:3  class=19/100
>Z 727702 graphs generated in 466.86 sec
>F 727702 cores checked in 767.38 sec
>A nauty-genbg n=8+13 e=35:35 d=4:0 D=5:3  class=20/100
>Z 731181 graphs generated in 467.13 sec
>F 731181 cores checked in 770.84 sec
>A nauty-genbg n=8+13 e=35:35 d=4:0 D=5:3  class=21/100
>Z 731355 graphs generated in 466.85 sec
>F 731355 cores checked in 770.15 sec
>A nauty-genbg n=8+13 e=35:35 d=4:0 D=5:3  class=22/100
>Z 729287 graphs generated in 466.61 sec
>F 729287 cores checked in 770.14 sec
>A nauty-genbg n=8+13 e=35:35 d=4:0 D=5:3  class=23/100
>Z 729078 graphs generated in 466.94 sec
>F 729078 cores checked in 767.47 sec
>A nauty-genbg n=8+13 e=35:35 d=4:0 D=5:3  class=24/100
>Z 730784 graphs generated in 467.38 sec
>F 730784 cores checked in 769.54 sec
>A nauty-genbg n=8+13 e=35:35 d=4:0 D=5:3  class=25/100
>Z 729409 graphs generated in 467.18 sec
>F 729409 cores checked in 766.30 sec
>A nauty-genbg n=8+13 e=35:35 d=4:0 D=5:3  class=26/100
>Z 728353 graphs generated in 467.31 sec
>F 728353 cores checked in 766.09 sec
>A nauty-genbg n=8+13 e=35:35 d=4:0 D=5:3  class=27/100
>Z 728628 graphs generated in 467.00 sec
>F 728628 cores checked in 767.37 sec
>A nauty-genbg n=8+13 e=35:35 d=4:0 D=5:3  class=28/100
>Z 730004 graphs generated in 467.44 sec
>F 730004 cores checked in 770.27 sec
>A nauty-genbg n=8+13 e=35:35 d=4:0 D=5:3  class=29/100
>Z 732736 graphs generated in 467.38 sec
>F 732736 cores checked in 772.03 sec
>A nauty-genbg n=8+13 e=35:35 d=4:0 D=5:3  class=30/100
>Z 729716 graphs generated in 467.46 sec
>F 729716 cores checked in 765.53 sec
>A nauty-genbg n=8+13 e=35:35 d=4:0 D=5:3  class=31/100
>Z 728545 graphs generated in 466.94 sec
>F 728545 cores checked in 768.63 sec
>A nauty-genbg n=8+13 e=35:35 d=4:0 D=5:3  class=32/100
>Z 729808 graphs generated in 467.24 sec
>F 729808 cores checked in 770.04 sec
>A nauty-genbg n=8+13 e=35:35 d=4:0 D=5:3  class=33/100
>Z 727373 graphs generated in 467.17 sec
>F 727373 cores checked in 764.14 sec
>A nauty-genbg n=8+13 e=35:35 d=4:0 D=5:3  class=34/100
>Z 730342 graphs generated in 482.04 sec
>F 730342 cores checked in 767.02 sec
>A nauty-genbg n=8+13 e=35:35 d=4:0 D=5:3  class=35/100
>Z 729385 graphs generated in 467.06 sec
>F 729385 cores checked in 767.73 sec
>A nauty-genbg n=8+13 e=35:35 d=4:0 D=5:3  class=36/100
>Z 730559 graphs generated in 467.83 sec
>F 730559 cores checked in 770.56 sec
>A nauty-genbg n=8+13 e=35:35 d=4:0 D=5:3  class=37/100
>Z 729645 graphs generated in 468.24 sec
>F 729645 cores checked in 768.17 sec
>A nauty-genbg n=8+13 e=35:35 d=4:0 D=5:3  class=38/100
>Z 731305 graphs generated in 468.01 sec
>F 731305 cores checked in 768.32 sec
>A nauty-genbg n=8+13 e=35:35 d=4:0 D=5:3  class=39/100
>Z 731595 graphs generated in 468.32 sec
>F 731595 cores checked in 770.65 sec
>A nauty-genbg n=8+13 e=35:35 d=4:0 D=5:3  class=40/100
>Z 730199 graphs generated in 491.53 sec
>F 730199 cores checked in 769.00 sec
>A nauty-genbg n=8+13 e=35:35 d=4:0 D=5:3  class=41/100
>Z 731010 graphs generated in 468.60 sec
>F 731010 cores checked in 769.16 sec
>A nauty-genbg n=8+13 e=35:35 d=4:0 D=5:3  class=42/100
>Z 730939 graphs generated in 481.72 sec
>F 730939 cores checked in 768.44 sec
>A nauty-genbg n=8+13 e=35:35 d=4:0 D=5:3  class=43/100
>Z 730920 graphs generated in 468.41 sec
>F 730920 cores checked in 767.18 sec
>A nauty-genbg n=8+13 e=35:35 d=4:0 D=5:3  class=44/100
>Z 729228 graphs generated in 469.87 sec
>F 729228 cores checked in 767.08 sec
>A nauty-genbg n=8+13 e=35:35 d=4:0 D=5:3  class=45/100
>Z 729312 graphs generated in 469.17 sec
>F 729312 cores checked in 767.73 sec
>A nauty-genbg n=8+13 e=35:35 d=4:0 D=5:3  class=46/100
>Z 728422 graphs generated in 467.65 sec
>F 728422 cores checked in 766.61 sec
>A nauty-genbg n=8+13 e=35:35 d=4:0 D=5:3  class=47/100
>Z 731345 graphs generated in 468.22 sec
>F 731345 cores checked in 768.21 sec
>A nauty-genbg n=8+13 e=35:35 d=4:0 D=5:3  class=48/100
>Z 728521 graphs generated in 468.53 sec
>F 728521 cores checked in 764.14 sec
>A nauty-genbg n=8+13 e=35:35 d=4:0 D=5:3  class=49/100
>Z 728954 graphs generated in 468.15 sec
>F 728954 cores checked in 765.76 sec
>A nauty-genbg n=8+13 e=35:35 d=4:0 D=5:3  class=50/100
>Z 731774 graphs generated in 468.04 sec
>F 731774 cores checked in 771.28 sec
>A nauty-genbg n=8+13 e=35:35 d=4:0 D=5:3  class=51/100
>Z 731358 graphs generated in 468.25 sec
>F 731358 cores checked in 771.23 sec
>A nauty-genbg n=8+13 e=35:35 d=4:0 D=5:3  class=52/100
>Z 731006 graphs generated in 468.49 sec
>F 731006 cores checked in 772.67 sec
>A nauty-genbg n=8+13 e=35:35 d=4:0 D=5:3  class=53/100
>Z 730567 graphs generated in 468.06 sec
>F 730567 cores checked in 767.34 sec
>A nauty-genbg n=8+13 e=35:35 d=4:0 D=5:3  class=54/100
>Z 731171 graphs generated in 468.13 sec
>F 731171 cores checked in 770.44 sec
>A nauty-genbg n=8+13 e=35:35 d=4:0 D=5:3  class=55/100
>Z 732243 graphs generated in 468.34 sec
>F 732243 cores checked in 771.35 sec
>A nauty-genbg n=8+13 e=35:35 d=4:0 D=5:3  class=56/100
>Z 730688 graphs generated in 469.28 sec
>F 730688 cores checked in 767.66 sec
>A nauty-genbg n=8+13 e=35:35 d=4:0 D=5:3  class=57/100
>Z 730822 graphs generated in 467.55 sec
>F 730822 cores checked in 829.55 sec
>A nauty-genbg n=8+13 e=35:35 d=4:0 D=5:3  class=58/100
>Z 728780 graphs generated in 468.62 sec
>F 728780 cores checked in 766.50 sec
>A nauty-genbg n=8+13 e=35:35 d=4:0 D=5:3  class=59/100
>Z 731082 graphs generated in 467.67 sec
>F 731082 cores checked in 776.26 sec
>A nauty-genbg n=8+13 e=35:35 d=4:0 D=5:3  class=60/100
>Z 730073 graphs generated in 467.91 sec
>F 730073 cores checked in 768.65 sec
>A nauty-genbg n=8+13 e=35:35 d=4:0 D=5:3  class=61/100
>Z 732601 graphs generated in 470.18 sec
>F 732601 cores checked in 768.19 sec
>A nauty-genbg n=8+13 e=35:35 d=4:0 D=5:3  class=62/100
>Z 728978 graphs generated in 468.99 sec
>F 728978 cores checked in 764.04 sec
>A nauty-genbg n=8+13 e=35:35 d=4:0 D=5:3  class=63/100
>Z 731270 graphs generated in 467.99 sec
>F 731270 cores checked in 768.95 sec
>A nauty-genbg n=8+13 e=35:35 d=4:0 D=5:3  class=64/100
>Z 731293 graphs generated in 468.27 sec
>F 731293 cores checked in 769.63 sec
>A nauty-genbg n=8+13 e=35:35 d=4:0 D=5:3  class=65/100
>Z 730906 graphs generated in 468.27 sec
>F 730906 cores checked in 770.50 sec
>A nauty-genbg n=8+13 e=35:35 d=4:0 D=5:3  class=66/100
>Z 729523 graphs generated in 468.14 sec
>F 729523 cores checked in 767.18 sec
>A nauty-genbg n=8+13 e=35:35 d=4:0 D=5:3  class=67/100
>Z 729055 graphs generated in 467.96 sec
>F 729055 cores checked in 765.75 sec
>A nauty-genbg n=8+13 e=35:35 d=4:0 D=5:3  class=68/100
>Z 728043 graphs generated in 467.90 sec
>F 728043 cores checked in 767.57 sec
>A nauty-genbg n=8+13 e=35:35 d=4:0 D=5:3  class=69/100
>Z 727990 graphs generated in 468.04 sec
>F 727990 cores checked in 767.41 sec
>A nauty-genbg n=8+13 e=35:35 d=4:0 D=5:3  class=70/100
>Z 730453 graphs generated in 467.65 sec
>F 730453 cores checked in 770.79 sec
>A nauty-genbg n=8+13 e=35:35 d=4:0 D=5:3  class=71/100
>Z 730414 graphs generated in 468.20 sec
>F 730414 cores checked in 768.55 sec
>A nauty-genbg n=8+13 e=35:35 d=4:0 D=5:3  class=72/100
>Z 730598 graphs generated in 468.00 sec
>F 730598 cores checked in 769.97 sec
>A nauty-genbg n=8+13 e=35:35 d=4:0 D=5:3  class=73/100
>Z 733509 graphs generated in 468.43 sec
>F 733509 cores checked in 772.05 sec
>A nauty-genbg n=8+13 e=35:35 d=4:0 D=5:3  class=74/100
>Z 731321 graphs generated in 467.80 sec
>F 731321 cores checked in 770.84 sec
>A nauty-genbg n=8+13 e=35:35 d=4:0 D=5:3  class=75/100
>Z 729637 graphs generated in 468.08 sec
>F 729637 cores checked in 768.57 sec
>A nauty-genbg n=8+13 e=35:35 d=4:0 D=5:3  class=76/100
>Z 731347 graphs generated in 468.87 sec
>F 731347 cores checked in 769.22 sec
>A nauty-genbg n=8+13 e=35:35 d=4:0 D=5:3  class=77/100
>Z 729478 graphs generated in 468.12 sec
>F 729478 cores checked in 769.60 sec
>A nauty-genbg n=8+13 e=35:35 d=4:0 D=5:3  class=78/100
>Z 730371 graphs generated in 467.81 sec
>F 730371 cores checked in 771.65 sec
>A nauty-genbg n=8+13 e=35:35 d=4:0 D=5:3  class=79/100
>Z 732827 graphs generated in 468.02 sec
>F 732827 cores checked in 768.79 sec
>A nauty-genbg n=8+13 e=35:35 d=4:0 D=5:3  class=80/100
>Z 728423 graphs generated in 468.25 sec
>F 728423 cores checked in 766.52 sec
>A nauty-genbg n=8+13 e=35:35 d=4:0 D=5:3  class=81/100
>Z 732305 graphs generated in 469.05 sec
>F 732305 cores checked in 770.55 sec
>A nauty-genbg n=8+13 e=35:35 d=4:0 D=5:3  class=82/100
>Z 729769 graphs generated in 469.07 sec
>F 729769 cores checked in 765.21 sec
>A nauty-genbg n=8+13 e=35:35 d=4:0 D=5:3  class=83/100
>Z 730496 graphs generated in 469.05 sec
>F 730496 cores checked in 766.13 sec
>A nauty-genbg n=8+13 e=35:35 d=4:0 D=5:3  class=84/100
>Z 729150 graphs generated in 469.05 sec
>F 729150 cores checked in 766.17 sec
>A nauty-genbg n=8+13 e=35:35 d=4:0 D=5:3  class=85/100
>Z 730465 graphs generated in 469.47 sec
>F 730465 cores checked in 768.34 sec
>A nauty-genbg n=8+13 e=35:35 d=4:0 D=5:3  class=86/100
>Z 730069 graphs generated in 469.80 sec
>F 730069 cores checked in 766.16 sec
>A nauty-genbg n=8+13 e=35:35 d=4:0 D=5:3  class=87/100
>Z 730678 graphs generated in 469.90 sec
>F 730678 cores checked in 768.97 sec
>A nauty-genbg n=8+13 e=35:35 d=4:0 D=5:3  class=88/100
>Z 731395 graphs generated in 469.66 sec
>F 731395 cores checked in 767.32 sec
>A nauty-genbg n=8+13 e=35:35 d=4:0 D=5:3  class=89/100
>Z 731914 graphs generated in 469.62 sec
>F 731914 cores checked in 768.24 sec
>A nauty-genbg n=8+13 e=35:35 d=4:0 D=5:3  class=90/100
>Z 726060 graphs generated in 468.38 sec
>F 726060 cores checked in 762.13 sec
>A nauty-genbg n=8+13 e=35:35 d=4:0 D=5:3  class=91/100
>Z 729448 graphs generated in 469.11 sec
>F 729448 cores checked in 766.17 sec
>A nauty-genbg n=8+13 e=35:35 d=4:0 D=5:3  class=92/100
>Z 731843 graphs generated in 469.43 sec
>F 731843 cores checked in 765.24 sec
>A nauty-genbg n=8+13 e=35:35 d=4:0 D=5:3  class=93/100
>Z 730310 graphs generated in 469.77 sec
>F 730310 cores checked in 767.87 sec
>A nauty-genbg n=8+13 e=35:35 d=4:0 D=5:3  class=94/100
>Z 733112 graphs generated in 469.71 sec
>F 733112 cores checked in 772.89 sec
>A nauty-genbg n=8+13 e=35:35 d=4:0 D=5:3  class=95/100
>Z 731689 graphs generated in 469.57 sec
>F 731689 cores checked in 766.35 sec
>A nauty-genbg n=8+13 e=35:35 d=4:0 D=5:3  class=96/100
>Z 728631 graphs generated in 469.15 sec
>F 728631 cores checked in 765.05 sec
>A nauty-genbg n=8+13 e=35:35 d=4:0 D=5:3  class=97/100
>Z 728053 graphs generated in 469.48 sec
>F 728053 cores checked in 767.08 sec
>A nauty-genbg n=8+13 e=35:35 d=4:0 D=5:3  class=98/100
>Z 729173 graphs generated in 469.35 sec
>F 729173 cores checked in 764.19 sec
>A nauty-genbg n=8+13 e=35:35 d=4:0 D=5:3  class=99/100
>Z 728672 graphs generated in 471.79 sec
>F 728672 cores checked in 761.91 sec



===Total number of cores generated: 73030702
===Total number of cores checked: 73030702
===Total time for generation: 46876.03 seconds
===Total time for checking: 76877.63 seconds
===Total number of exceptional cores: 0
