=== Log file for cores: nauty-genbg_-d4:0_-D5:3_7_14_32:32



>A nauty-genbg n=7+14 e=32:32 d=4:0 D=5:3  class=0/100
>Z 757298 graphs generated in 216.78 sec
>F 757298 cores checked in 753.36 sec
>A nauty-genbg n=7+14 e=32:32 d=4:0 D=5:3  class=1/100
>Z 759773 graphs generated in 216.54 sec
>F 759773 cores checked in 754.43 sec
>A nauty-genbg n=7+14 e=32:32 d=4:0 D=5:3  class=2/100
>Z 757561 graphs generated in 216.51 sec
>F 757561 cores checked in 751.48 sec
>A nauty-genbg n=7+14 e=32:32 d=4:0 D=5:3  class=3/100
>Z 753825 graphs generated in 216.55 sec
>F 753825 cores checked in 746.78 sec
>A nauty-genbg n=7+14 e=32:32 d=4:0 D=5:3  class=4/100
>Z 758641 graphs generated in 216.15 sec
>F 758641 cores checked in 753.65 sec
>A nauty-genbg n=7+14 e=32:32 d=4:0 D=5:3  class=5/100
>Z 758134 graphs generated in 215.90 sec
>F 758134 cores checked in 752.82 sec
>A nauty-genbg n=7+14 e=32:32 d=4:0 D=5:3  class=6/100
>Z 757690 graphs generated in 215.67 sec
>F 757690 cores checked in 750.71 sec
>A nauty-genbg n=7+14 e=32:32 d=4:0 D=5:3  class=7/100
>Z 756054 graphs generated in 215.32 sec
>F 756054 cores checked in 751.77 sec
>A nauty-genbg n=7+14 e=32:32 d=4:0 D=5:3  class=8/100
>Z 756091 graphs generated in 215.32 sec
>F 756091 cores checked in 752.57 sec
>A nauty-genbg n=7+14 e=32:32 d=4:0 D=5:3  class=9/100
>Z 757382 graphs generated in 215.12 sec
>F 757382 cores checked in 754.52 sec
>A nauty-genbg n=7+14 e=32:32 d=4:0 D=5:3  class=10/100
>Z 755507 graphs generated in 214.87 sec
>F 755507 cores checked in 750.75 sec
>A nauty-genbg n=7+14 e=32:32 d=4:0 D=5:3  class=11/100
>Z 758693 graphs generated in 215.25 sec
>F 758693 cores checked in 753.20 sec
>A nauty-genbg n=7+14 e=32:32 d=4:0 D=5:3  class=12/100
>Z 758463 graphs generated in 215.38 sec
>F 758463 cores checked in 754.13 sec
>A nauty-genbg n=7+14 e=32:32 d=4:0 D=5:3  class=13/100
>Z 758239 graphs generated in 215.07 sec
>F 758239 cores checked in 754.86 sec
>A nauty-genbg n=7+14 e=32:32 d=4:0 D=5:3  class=14/100
>Z 758207 graphs generated in 214.98 sec
>F 758207 cores checked in 755.75 sec
>A nauty-genbg n=7+14 e=32:32 d=4:0 D=5:3  class=15/100
>Z 758820 graphs generated in 215.00 sec
>F 758820 cores checked in 756.24 sec
>A nauty-genbg n=7+14 e=32:32 d=4:0 D=5:3  class=16/100
>Z 756793 graphs generated in 214.87 sec
>F 756793 cores checked in 751.48 sec
>A nauty-genbg n=7+14 e=32:32 d=4:0 D=5:3  class=17/100
>Z 755597 graphs generated in 214.81 sec
>F 755597 cores checked in 750.51 sec
>A nauty-genbg n=7+14 e=32:32 d=4:0 D=5:3  class=18/100
>Z 753446 graphs generated in 215.70 sec
>F 753446 cores checked in 747.45 sec
>A nauty-genbg n=7+14 e=32:32 d=4:0 D=5:3  class=19/100
>Z 755476 graphs generated in 216.32 sec
>F 755476 cores checked in 752.60 sec
>A nauty-genbg n=7+14 e=32:32 d=4:0 D=5:3  class=20/100
>Z 755510 graphs generated in 215.01 sec
>F 755510 cores checked in 749.24 sec
>A nauty-genbg n=7+14 e=32:32 d=4:0 D=5:3  class=21/100
>Z 757285 graphs generated in 214.84 sec
>F 757285 cores checked in 756.31 sec
>A nauty-genbg n=7+14 e=32:32 d=4:0 D=5:3  class=22/100
>Z 753592 graphs generated in 214.99 sec
>F 753592 cores checked in 751.69 sec
>A nauty-genbg n=7+14 e=32:32 d=4:0 D=5:3  class=23/100
>Z 758668 graphs generated in 214.61 sec
>F 758668 cores checked in 757.04 sec
>A nauty-genbg n=7+14 e=32:32 d=4:0 D=5:3  class=24/100
>Z 758926 graphs generated in 214.44 sec
>F 758926 cores checked in 755.09 sec
>A nauty-genbg n=7+14 e=32:32 d=4:0 D=5:3  class=25/100
>Z 759024 graphs generated in 214.51 sec
>F 759024 cores checked in 758.42 sec
>A nauty-genbg n=7+14 e=32:32 d=4:0 D=5:3  class=26/100
>Z 755757 graphs generated in 214.42 sec
>F 755757 cores checked in 753.59 sec
>A nauty-genbg n=7+14 e=32:32 d=4:0 D=5:3  class=27/100
>Z 758274 graphs generated in 214.33 sec
>F 758274 cores checked in 754.73 sec
>A nauty-genbg n=7+14 e=32:32 d=4:0 D=5:3  class=28/100
>Z 758215 graphs generated in 214.51 sec
>F 758215 cores checked in 756.61 sec
>A nauty-genbg n=7+14 e=32:32 d=4:0 D=5:3  class=29/100
>Z 756809 graphs generated in 214.28 sec
>F 756809 cores checked in 752.70 sec
>A nauty-genbg n=7+14 e=32:32 d=4:0 D=5:3  class=30/100
>Z 753501 graphs generated in 214.64 sec
>F 753501 cores checked in 751.34 sec
>A nauty-genbg n=7+14 e=32:32 d=4:0 D=5:3  class=31/100
>Z 756793 graphs generated in 214.55 sec
>F 756793 cores checked in 751.25 sec
>A nauty-genbg n=7+14 e=32:32 d=4:0 D=5:3  class=32/100
>Z 755239 graphs generated in 214.64 sec
>F 755239 cores checked in 750.02 sec
>A nauty-genbg n=7+14 e=32:32 d=4:0 D=5:3  class=33/100
>Z 753987 graphs generated in 214.34 sec
>F 753987 cores checked in 751.05 sec
>A nauty-genbg n=7+14 e=32:32 d=4:0 D=5:3  class=34/100
>Z 758350 graphs generated in 214.64 sec
>F 758350 cores checked in 756.80 sec
>A nauty-genbg n=7+14 e=32:32 d=4:0 D=5:3  class=35/100
>Z 757817 graphs generated in 214.52 sec
>F 757817 cores checked in 754.45 sec
>A nauty-genbg n=7+14 e=32:32 d=4:0 D=5:3  class=36/100
>Z 757274 graphs generated in 214.65 sec
>F 757274 cores checked in 752.24 sec
>A nauty-genbg n=7+14 e=32:32 d=4:0 D=5:3  class=37/100
>Z 760155 graphs generated in 215.52 sec
>F 760155 cores checked in 756.40 sec
>A nauty-genbg n=7+14 e=32:32 d=4:0 D=5:3  class=38/100
>Z 756801 graphs generated in 214.52 sec
>F 756801 cores checked in 756.17 sec
>A nauty-genbg n=7+14 e=32:32 d=4:0 D=5:3  class=39/100
>Z 757410 graphs generated in 214.60 sec
>F 757410 cores checked in 753.92 sec
>A nauty-genbg n=7+14 e=32:32 d=4:0 D=5:3  class=40/100
>Z 758111 graphs generated in 214.73 sec
>F 758111 cores checked in 755.24 sec
>A nauty-genbg n=7+14 e=32:32 d=4:0 D=5:3  class=41/100
>Z 760140 graphs generated in 214.63 sec
>F 760140 cores checked in 758.63 sec
>A nauty-genbg n=7+14 e=32:32 d=4:0 D=5:3  class=42/100
>Z 755263 graphs generated in 214.23 sec
>F 755263 cores checked in 750.13 sec
>A nauty-genbg n=7+14 e=32:32 d=4:0 D=5:3  class=43/100
>Z 757485 graphs generated in 214.21 sec
>F 757485 cores checked in 757.19 sec
>A nauty-genbg n=7+14 e=32:32 d=4:0 D=5:3  class=44/100
>Z 761864 graphs generated in 214.59 sec
>F 761864 cores checked in 756.84 sec
>A nauty-genbg n=7+14 e=32:32 d=4:0 D=5:3  class=45/100
>Z 758712 graphs generated in 214.41 sec
>F 758712 cores checked in 755.05 sec
>A nauty-genbg n=7+14 e=32:32 d=4:0 D=5:3  class=46/100
>Z 760320 graphs generated in 215.32 sec
>F 760320 cores checked in 760.71 sec
>A nauty-genbg n=7+14 e=32:32 d=4:0 D=5:3  class=47/100
>Z 756780 graphs generated in 215.67 sec
>F 756780 cores checked in 752.94 sec
>A nauty-genbg n=7+14 e=32:32 d=4:0 D=5:3  class=48/100
>Z 756292 graphs generated in 214.55 sec
>F 756292 cores checked in 755.31 sec
>A nauty-genbg n=7+14 e=32:32 d=4:0 D=5:3  class=49/100
>Z 760841 graphs generated in 215.44 sec
>F 760841 cores checked in 756.81 sec
>A nauty-genbg n=7+14 e=32:32 d=4:0 D=5:3  class=50/100
>Z 756535 graphs generated in 214.67 sec
>F 756535 cores checked in 756.39 sec
>A nauty-genbg n=7+14 e=32:32 d=4:0 D=5:3  class=51/100
>Z 758908 graphs generated in 214.69 sec
>F 758908 cores checked in 758.27 sec
>A nauty-genbg n=7+14 e=32:32 d=4:0 D=5:3  class=52/100
>Z 757225 graphs generated in 215.15 sec
>F 757225 cores checked in 753.08 sec
>A nauty-genbg n=7+14 e=32:32 d=4:0 D=5:3  class=53/100
>Z 756246 graphs generated in 214.74 sec
>F 756246 cores checked in 754.12 sec
>A nauty-genbg n=7+14 e=32:32 d=4:0 D=5:3  class=54/100
>Z 760723 graphs generated in 214.92 sec
>F 760723 cores checked in 759.27 sec
>A nauty-genbg n=7+14 e=32:32 d=4:0 D=5:3  class=55/100
>Z 760890 graphs generated in 214.88 sec
>F 760890 cores checked in 758.20 sec
>A nauty-genbg n=7+14 e=32:32 d=4:0 D=5:3  class=56/100
>Z 756303 graphs generated in 214.97 sec
>F 756303 cores checked in 752.80 sec
>A nauty-genbg n=7+14 e=32:32 d=4:0 D=5:3  class=57/100
>Z 755889 graphs generated in 214.70 sec
>F 755889 cores checked in 752.07 sec
>A nauty-genbg n=7+14 e=32:32 d=4:0 D=5:3  class=58/100
>Z 756548 graphs generated in 214.66 sec
>F 756548 cores checked in 751.25 sec
>A nauty-genbg n=7+14 e=32:32 d=4:0 D=5:3  class=59/100
>Z 757275 graphs generated in 214.74 sec
>F 757275 cores checked in 755.47 sec
>A nauty-genbg n=7+14 e=32:32 d=4:0 D=5:3  class=60/100
>Z 758053 graphs generated in 214.61 sec
>F 758053 cores checked in 754.37 sec
>A nauty-genbg n=7+14 e=32:32 d=4:0 D=5:3  class=61/100
>Z 760304 graphs generated in 214.72 sec
>F 760304 cores checked in 758.39 sec
>A nauty-genbg n=7+14 e=32:32 d=4:0 D=5:3  class=62/100
>Z 759602 graphs generated in 214.75 sec
>F 759602 cores checked in 756.94 sec
>A nauty-genbg n=7+14 e=32:32 d=4:0 D=5:3  class=63/100
>Z 758196 graphs generated in 214.59 sec
>F 758196 cores checked in 756.07 sec
>A nauty-genbg n=7+14 e=32:32 d=4:0 D=5:3  class=64/100
>Z 755199 graphs generated in 214.77 sec
>F 755199 cores checked in 752.59 sec
>A nauty-genbg n=7+14 e=32:32 d=4:0 D=5:3  class=65/100
>Z 759458 graphs generated in 214.71 sec
>F 759458 cores checked in 757.74 sec
>A nauty-genbg n=7+14 e=32:32 d=4:0 D=5:3  class=66/100
>Z 758516 graphs generated in 214.37 sec
>F 758516 cores checked in 757.36 sec
>A nauty-genbg n=7+14 e=32:32 d=4:0 D=5:3  class=67/100
>Z 759658 graphs generated in 214.53 sec
>F 759658 cores checked in 757.70 sec
>A nauty-genbg n=7+14 e=32:32 d=4:0 D=5:3  class=68/100
>Z 755770 graphs generated in 214.84 sec
>F 755770 cores checked in 753.34 sec
>A nauty-genbg n=7+14 e=32:32 d=4:0 D=5:3  class=69/100
>Z 758018 graphs generated in 214.41 sec
>F 758018 cores checked in 757.41 sec
>A nauty-genbg n=7+14 e=32:32 d=4:0 D=5:3  class=70/100
>Z 759064 graphs generated in 214.46 sec
>F 759064 cores checked in 756.80 sec
>A nauty-genbg n=7+14 e=32:32 d=4:0 D=5:3  class=71/100
>Z 757141 graphs generated in 214.80 sec
>F 757141 cores checked in 752.40 sec
>A nauty-genbg n=7+14 e=32:32 d=4:0 D=5:3  class=72/100
>Z 757306 graphs generated in 214.84 sec
>F 757306 cores checked in 756.63 sec
>A nauty-genbg n=7+14 e=32:32 d=4:0 D=5:3  class=73/100
>Z 758397 graphs generated in 214.56 sec
>F 758397 cores checked in 754.42 sec
>A nauty-genbg n=7+14 e=32:32 d=4:0 D=5:3  class=74/100
>Z 757387 graphs generated in 214.34 sec
>F 757387 cores checked in 754.50 sec
>A nauty-genbg n=7+14 e=32:32 d=4:0 D=5:3  class=75/100
>Z 757952 graphs generated in 214.69 sec
>F 757952 cores checked in 754.18 sec
>A nauty-genbg n=7+14 e=32:32 d=4:0 D=5:3  class=76/100
>Z 754947 graphs generated in 214.60 sec
>F 754947 cores checked in 752.32 sec
>A nauty-genbg n=7+14 e=32:32 d=4:0 D=5:3  class=77/100
>Z 756914 graphs generated in 214.50 sec
>F 756914 cores checked in 752.65 sec
>A nauty-genbg n=7+14 e=32:32 d=4:0 D=5:3  class=78/100
>Z 753951 graphs generated in 215.86 sec
>F 753951 cores checked in 753.02 sec
>A nauty-genbg n=7+14 e=32:32 d=4:0 D=5:3  class=79/100
>Z 757374 graphs generated in 214.43 sec
>F 757374 cores checked in 757.53 sec
>A nauty-genbg n=7+14 e=32:32 d=4:0 D=5:3  class=80/100
>Z 758085 graphs generated in 214.44 sec
>F 758085 cores checked in 756.17 sec
>A nauty-genbg n=7+14 e=32:32 d=4:0 D=5:3  class=81/100
>Z 758258 graphs generated in 214.78 sec
>F 758258 cores checked in 756.10 sec
>A nauty-genbg n=7+14 e=32:32 d=4:0 D=5:3  class=82/100
>Z 756565 graphs generated in 214.59 sec
>F 756565 cores checked in 757.17 sec
>A nauty-genbg n=7+14 e=32:32 d=4:0 D=5:3  class=83/100
>Z 758818 graphs generated in 214.42 sec
>F 758818 cores checked in 757.31 sec
>A nauty-genbg n=7+14 e=32:32 d=4:0 D=5:3  class=84/100
>Z 756990 graphs generated in 214.44 sec
>F 756990 cores checked in 752.51 sec
>A nauty-genbg n=7+14 e=32:32 d=4:0 D=5:3  class=85/100
>Z 757151 graphs generated in 214.58 sec
>F 757151 cores checked in 753.64 sec
>A nauty-genbg n=7+14 e=32:32 d=4:0 D=5:3  class=86/100
>Z 759376 graphs generated in 214.31 sec
>F 759376 cores checked in 754.08 sec
>A nauty-genbg n=7+14 e=32:32 d=4:0 D=5:3  class=87/100
>Z 761109 graphs generated in 214.50 sec
>F 761109 cores checked in 756.95 sec
>A nauty-genbg n=7+14 e=32:32 d=4:0 D=5:3  class=88/100
>Z 757210 graphs generated in 214.53 sec
>F 757210 cores checked in 754.83 sec
>A nauty-genbg n=7+14 e=32:32 d=4:0 D=5:3  class=89/100
>Z 758862 graphs generated in 214.70 sec
>F 758862 cores checked in 757.02 sec
>A nauty-genbg n=7+14 e=32:32 d=4:0 D=5:3  class=90/100
>Z 758486 graphs generated in 214.67 sec
>F 758486 cores checked in 759.82 sec
>A nauty-genbg n=7+14 e=32:32 d=4:0 D=5:3  class=91/100
>Z 755451 graphs generated in 214.85 sec
>F 755451 cores checked in 756.23 sec
>A nauty-genbg n=7+14 e=32:32 d=4:0 D=5:3  class=92/100
>Z 758953 graphs generated in 215.14 sec
>F 758953 cores checked in 755.16 sec
>A nauty-genbg n=7+14 e=32:32 d=4:0 D=5:3  class=93/100
>Z 758839 graphs generated in 214.87 sec
>F 758839 cores checked in 756.05 sec
>A nauty-genbg n=7+14 e=32:32 d=4:0 D=5:3  class=94/100
>Z 760647 graphs generated in 214.86 sec
>F 760647 cores checked in 755.70 sec
>A nauty-genbg n=7+14 e=32:32 d=4:0 D=5:3  class=95/100
>Z 761335 graphs generated in 214.83 sec
>F 761335 cores checked in 758.73 sec
>A nauty-genbg n=7+14 e=32:32 d=4:0 D=5:3  class=96/100
>Z 758020 graphs generated in 214.44 sec
>F 758020 cores checked in 752.24 sec
>A nauty-genbg n=7+14 e=32:32 d=4:0 D=5:3  class=97/100
>Z 758250 graphs generated in 231.26 sec
>F 758250 cores checked in 755.61 sec
>A nauty-genbg n=7+14 e=32:32 d=4:0 D=5:3  class=98/100
>Z 756098 graphs generated in 214.66 sec
>F 756098 cores checked in 750.11 sec
>A nauty-genbg n=7+14 e=32:32 d=4:0 D=5:3  class=99/100
>Z 758974 graphs generated in 215.19 sec
>F 758974 cores checked in 758.04 sec



===Total number of cores generated: 75764111
===Total number of cores checked: 75764111
===Total time for generation: 21504.01 seconds
===Total time for checking: 75457.72 seconds
===Total number of exceptional cores: 0
