=== Log file for cores: nauty-genbg_-d4:0_-D7:3_5_15_29:29



>A nauty-genbg n=5+15 e=29:29 d=4:0 D=7:3  class=0/100
>Z 36554 graphs generated in 7.00 sec
>F 36554 cores checked in 12.66 sec
>A nauty-genbg n=5+15 e=29:29 d=4:0 D=7:3  class=1/100
>Z 35253 graphs generated in 7.01 sec
>F 35253 cores checked in 12.11 sec
>A nauty-genbg n=5+15 e=29:29 d=4:0 D=7:3  class=2/100
>Z 35335 graphs generated in 7.00 sec
>F 35335 cores checked in 12.07 sec
>A nauty-genbg n=5+15 e=29:29 d=4:0 D=7:3  class=3/100
>Z 35390 graphs generated in 7.00 sec
>F 35390 cores checked in 12.40 sec
>A nauty-genbg n=5+15 e=29:29 d=4:0 D=7:3  class=4/100
>Z 36686 graphs generated in 6.98 sec
>F 36686 cores checked in 12.67 sec
>A nauty-genbg n=5+15 e=29:29 d=4:0 D=7:3  class=5/100
>Z 34674 graphs generated in 6.97 sec
>F 34674 cores checked in 12.21 sec
>A nauty-genbg n=5+15 e=29:29 d=4:0 D=7:3  class=6/100
>Z 36351 graphs generated in 7.04 sec
>F 36351 cores checked in 12.64 sec
>A nauty-genbg n=5+15 e=29:29 d=4:0 D=7:3  class=7/100
>Z 35595 graphs generated in 7.01 sec
>F 35595 cores checked in 12.39 sec
>A nauty-genbg n=5+15 e=29:29 d=4:0 D=7:3  class=8/100
>Z 36045 graphs generated in 7.02 sec
>F 36045 cores checked in 12.56 sec
>A nauty-genbg n=5+15 e=29:29 d=4:0 D=7:3  class=9/100
>Z 34904 graphs generated in 6.98 sec
>F 34904 cores checked in 12.06 sec
>A nauty-genbg n=5+15 e=29:29 d=4:0 D=7:3  class=10/100
>Z 36676 graphs generated in 7.01 sec
>F 36676 cores checked in 12.70 sec
>A nauty-genbg n=5+15 e=29:29 d=4:0 D=7:3  class=11/100
>Z 35014 graphs generated in 7.01 sec
>F 35014 cores checked in 12.09 sec
>A nauty-genbg n=5+15 e=29:29 d=4:0 D=7:3  class=12/100
>Z 34638 graphs generated in 6.97 sec
>F 34638 cores checked in 12.00 sec
>A nauty-genbg n=5+15 e=29:29 d=4:0 D=7:3  class=13/100
>Z 34400 graphs generated in 6.94 sec
>F 34400 cores checked in 11.87 sec
>A nauty-genbg n=5+15 e=29:29 d=4:0 D=7:3  class=14/100
>Z 35551 graphs generated in 6.94 sec
>F 35551 cores checked in 12.25 sec
>A nauty-genbg n=5+15 e=29:29 d=4:0 D=7:3  class=15/100
>Z 35063 graphs generated in 7.02 sec
>F 35063 cores checked in 12.20 sec
>A nauty-genbg n=5+15 e=29:29 d=4:0 D=7:3  class=16/100
>Z 34855 graphs generated in 7.00 sec
>F 34855 cores checked in 12.00 sec
>A nauty-genbg n=5+15 e=29:29 d=4:0 D=7:3  class=17/100
>Z 35808 graphs generated in 7.00 sec
>F 35808 cores checked in 12.48 sec
>A nauty-genbg n=5+15 e=29:29 d=4:0 D=7:3  class=18/100
>Z 35145 graphs generated in 6.99 sec
>F 35145 cores checked in 12.31 sec
>A nauty-genbg n=5+15 e=29:29 d=4:0 D=7:3  class=19/100
>Z 34908 graphs generated in 6.95 sec
>F 34908 cores checked in 12.12 sec
>A nauty-genbg n=5+15 e=29:29 d=4:0 D=7:3  class=20/100
>Z 35799 graphs generated in 7.00 sec
>F 35799 cores checked in 12.30 sec
>A nauty-genbg n=5+15 e=29:29 d=4:0 D=7:3  class=21/100
>Z 34753 graphs generated in 6.94 sec
>F 34753 cores checked in 12.11 sec
>A nauty-genbg n=5+15 e=29:29 d=4:0 D=7:3  class=22/100
>Z 34788 graphs generated in 7.01 sec
>F 34788 cores checked in 12.06 sec
>A nauty-genbg n=5+15 e=29:29 d=4:0 D=7:3  class=23/100
>Z 34927 graphs generated in 6.88 sec
>F 34927 cores checked in 12.00 sec
>A nauty-genbg n=5+15 e=29:29 d=4:0 D=7:3  class=24/100
>Z 36080 graphs generated in 7.03 sec
>F 36080 cores checked in 12.49 sec
>A nauty-genbg n=5+15 e=29:29 d=4:0 D=7:3  class=25/100
>Z 35545 graphs generated in 7.00 sec
>F 35545 cores checked in 12.39 sec
>A nauty-genbg n=5+15 e=29:29 d=4:0 D=7:3  class=26/100
>Z 35652 graphs generated in 6.93 sec
>F 35652 cores checked in 12.38 sec
>A nauty-genbg n=5+15 e=29:29 d=4:0 D=7:3  class=27/100
>Z 35754 graphs generated in 7.00 sec
>F 35754 cores checked in 12.35 sec
>A nauty-genbg n=5+15 e=29:29 d=4:0 D=7:3  class=28/100
>Z 35596 graphs generated in 6.98 sec
>F 35596 cores checked in 12.29 sec
>A nauty-genbg n=5+15 e=29:29 d=4:0 D=7:3  class=29/100
>Z 35499 graphs generated in 6.99 sec
>F 35499 cores checked in 12.18 sec
>A nauty-genbg n=5+15 e=29:29 d=4:0 D=7:3  class=30/100
>Z 36067 graphs generated in 6.96 sec
>F 36067 cores checked in 12.34 sec
>A nauty-genbg n=5+15 e=29:29 d=4:0 D=7:3  class=31/100
>Z 35447 graphs generated in 6.98 sec
>F 35447 cores checked in 12.36 sec
>A nauty-genbg n=5+15 e=29:29 d=4:0 D=7:3  class=32/100
>Z 35041 graphs generated in 6.95 sec
>F 35041 cores checked in 12.18 sec
>A nauty-genbg n=5+15 e=29:29 d=4:0 D=7:3  class=33/100
>Z 35252 graphs generated in 6.95 sec
>F 35252 cores checked in 12.24 sec
>A nauty-genbg n=5+15 e=29:29 d=4:0 D=7:3  class=34/100
>Z 34994 graphs generated in 6.98 sec
>F 34994 cores checked in 12.11 sec
>A nauty-genbg n=5+15 e=29:29 d=4:0 D=7:3  class=35/100
>Z 35784 graphs generated in 6.95 sec
>F 35784 cores checked in 12.45 sec
>A nauty-genbg n=5+15 e=29:29 d=4:0 D=7:3  class=36/100
>Z 34482 graphs generated in 6.97 sec
>F 34482 cores checked in 11.87 sec
>A nauty-genbg n=5+15 e=29:29 d=4:0 D=7:3  class=37/100
>Z 35749 graphs generated in 7.00 sec
>F 35749 cores checked in 12.40 sec
>A nauty-genbg n=5+15 e=29:29 d=4:0 D=7:3  class=38/100
>Z 35971 graphs generated in 6.96 sec
>F 35971 cores checked in 12.33 sec
>A nauty-genbg n=5+15 e=29:29 d=4:0 D=7:3  class=39/100
>Z 35582 graphs generated in 7.01 sec
>F 35582 cores checked in 12.35 sec
>A nauty-genbg n=5+15 e=29:29 d=4:0 D=7:3  class=40/100
>Z 36333 graphs generated in 7.00 sec
>F 36333 cores checked in 12.54 sec
>A nauty-genbg n=5+15 e=29:29 d=4:0 D=7:3  class=41/100
>Z 36193 graphs generated in 6.98 sec
>F 36193 cores checked in 12.46 sec
>A nauty-genbg n=5+15 e=29:29 d=4:0 D=7:3  class=42/100
>Z 35768 graphs generated in 6.99 sec
>F 35768 cores checked in 12.47 sec
>A nauty-genbg n=5+15 e=29:29 d=4:0 D=7:3  class=43/100
>Z 35997 graphs generated in 6.99 sec
>F 35997 cores checked in 12.47 sec
>A nauty-genbg n=5+15 e=29:29 d=4:0 D=7:3  class=44/100
>Z 35390 graphs generated in 6.95 sec
>F 35390 cores checked in 12.19 sec
>A nauty-genbg n=5+15 e=29:29 d=4:0 D=7:3  class=45/100
>Z 34984 graphs generated in 6.98 sec
>F 34984 cores checked in 12.30 sec
>A nauty-genbg n=5+15 e=29:29 d=4:0 D=7:3  class=46/100
>Z 35320 graphs generated in 6.96 sec
>F 35320 cores checked in 12.18 sec
>A nauty-genbg n=5+15 e=29:29 d=4:0 D=7:3  class=47/100
>Z 35765 graphs generated in 7.00 sec
>F 35765 cores checked in 12.50 sec
>A nauty-genbg n=5+15 e=29:29 d=4:0 D=7:3  class=48/100
>Z 35516 graphs generated in 6.97 sec
>F 35516 cores checked in 12.40 sec
>A nauty-genbg n=5+15 e=29:29 d=4:0 D=7:3  class=49/100
>Z 35358 graphs generated in 6.98 sec
>F 35358 cores checked in 12.15 sec
>A nauty-genbg n=5+15 e=29:29 d=4:0 D=7:3  class=50/100
>Z 36013 graphs generated in 6.95 sec
>F 36013 cores checked in 12.51 sec
>A nauty-genbg n=5+15 e=29:29 d=4:0 D=7:3  class=51/100
>Z 35938 graphs generated in 6.95 sec
>F 35938 cores checked in 12.40 sec
>A nauty-genbg n=5+15 e=29:29 d=4:0 D=7:3  class=52/100
>Z 35540 graphs generated in 6.97 sec
>F 35540 cores checked in 12.28 sec
>A nauty-genbg n=5+15 e=29:29 d=4:0 D=7:3  class=53/100
>Z 34976 graphs generated in 6.99 sec
>F 34976 cores checked in 11.96 sec
>A nauty-genbg n=5+15 e=29:29 d=4:0 D=7:3  class=54/100
>Z 35452 graphs generated in 7.01 sec
>F 35452 cores checked in 12.19 sec
>A nauty-genbg n=5+15 e=29:29 d=4:0 D=7:3  class=55/100
>Z 34449 graphs generated in 6.93 sec
>F 34449 cores checked in 12.08 sec
>A nauty-genbg n=5+15 e=29:29 d=4:0 D=7:3  class=56/100
>Z 33676 graphs generated in 6.91 sec
>F 33676 cores checked in 11.74 sec
>A nauty-genbg n=5+15 e=29:29 d=4:0 D=7:3  class=57/100
>Z 35041 graphs generated in 6.96 sec
>F 35041 cores checked in 12.03 sec
>A nauty-genbg n=5+15 e=29:29 d=4:0 D=7:3  class=58/100
>Z 34488 graphs generated in 6.98 sec
>F 34488 cores checked in 12.05 sec
>A nauty-genbg n=5+15 e=29:29 d=4:0 D=7:3  class=59/100
>Z 35298 graphs generated in 7.24 sec
>F 35298 cores checked in 12.21 sec
>A nauty-genbg n=5+15 e=29:29 d=4:0 D=7:3  class=60/100
>Z 36563 graphs generated in 6.96 sec
>F 36563 cores checked in 12.70 sec
>A nauty-genbg n=5+15 e=29:29 d=4:0 D=7:3  class=61/100
>Z 35219 graphs generated in 6.96 sec
>F 35219 cores checked in 12.34 sec
>A nauty-genbg n=5+15 e=29:29 d=4:0 D=7:3  class=62/100
>Z 35885 graphs generated in 6.90 sec
>F 35885 cores checked in 12.28 sec
>A nauty-genbg n=5+15 e=29:29 d=4:0 D=7:3  class=63/100
>Z 35351 graphs generated in 6.91 sec
>F 35351 cores checked in 12.12 sec
>A nauty-genbg n=5+15 e=29:29 d=4:0 D=7:3  class=64/100
>Z 35055 graphs generated in 6.95 sec
>F 35055 cores checked in 12.15 sec
>A nauty-genbg n=5+15 e=29:29 d=4:0 D=7:3  class=65/100
>Z 34189 graphs generated in 6.86 sec
>F 34189 cores checked in 12.07 sec
>A nauty-genbg n=5+15 e=29:29 d=4:0 D=7:3  class=66/100
>Z 35588 graphs generated in 6.90 sec
>F 35588 cores checked in 12.50 sec
>A nauty-genbg n=5+15 e=29:29 d=4:0 D=7:3  class=67/100
>Z 35390 graphs generated in 7.00 sec
>F 35390 cores checked in 12.29 sec
>A nauty-genbg n=5+15 e=29:29 d=4:0 D=7:3  class=68/100
>Z 35736 graphs generated in 6.95 sec
>F 35736 cores checked in 12.41 sec
>A nauty-genbg n=5+15 e=29:29 d=4:0 D=7:3  class=69/100
>Z 33909 graphs generated in 6.97 sec
>F 33909 cores checked in 11.73 sec
>A nauty-genbg n=5+15 e=29:29 d=4:0 D=7:3  class=70/100
>Z 35618 graphs generated in 6.96 sec
>F 35618 cores checked in 12.43 sec
>A nauty-genbg n=5+15 e=29:29 d=4:0 D=7:3  class=71/100
>Z 34824 graphs generated in 6.98 sec
>F 34824 cores checked in 12.07 sec
>A nauty-genbg n=5+15 e=29:29 d=4:0 D=7:3  class=72/100
>Z 34571 graphs generated in 6.98 sec
>F 34571 cores checked in 11.96 sec
>A nauty-genbg n=5+15 e=29:29 d=4:0 D=7:3  class=73/100
>Z 34870 graphs generated in 7.20 sec
>F 34870 cores checked in 12.12 sec
>A nauty-genbg n=5+15 e=29:29 d=4:0 D=7:3  class=74/100
>Z 35761 graphs generated in 6.96 sec
>F 35761 cores checked in 12.48 sec
>A nauty-genbg n=5+15 e=29:29 d=4:0 D=7:3  class=75/100
>Z 34608 graphs generated in 7.00 sec
>F 34608 cores checked in 12.14 sec
>A nauty-genbg n=5+15 e=29:29 d=4:0 D=7:3  class=76/100
>Z 34996 graphs generated in 6.92 sec
>F 34996 cores checked in 12.27 sec
>A nauty-genbg n=5+15 e=29:29 d=4:0 D=7:3  class=77/100
>Z 35376 graphs generated in 6.95 sec
>F 35376 cores checked in 12.58 sec
>A nauty-genbg n=5+15 e=29:29 d=4:0 D=7:3  class=78/100
>Z 35181 graphs generated in 6.94 sec
>F 35181 cores checked in 12.20 sec
>A nauty-genbg n=5+15 e=29:29 d=4:0 D=7:3  class=79/100
>Z 35218 graphs generated in 6.94 sec
>F 35218 cores checked in 12.15 sec
>A nauty-genbg n=5+15 e=29:29 d=4:0 D=7:3  class=80/100
>Z 34731 graphs generated in 6.98 sec
>F 34731 cores checked in 12.03 sec
>A nauty-genbg n=5+15 e=29:29 d=4:0 D=7:3  class=81/100
>Z 33951 graphs generated in 6.93 sec
>F 33951 cores checked in 11.72 sec
>A nauty-genbg n=5+15 e=29:29 d=4:0 D=7:3  class=82/100
>Z 35496 graphs generated in 6.96 sec
>F 35496 cores checked in 12.36 sec
>A nauty-genbg n=5+15 e=29:29 d=4:0 D=7:3  class=83/100
>Z 36861 graphs generated in 6.94 sec
>F 36861 cores checked in 12.85 sec
>A nauty-genbg n=5+15 e=29:29 d=4:0 D=7:3  class=84/100
>Z 34914 graphs generated in 6.95 sec
>F 34914 cores checked in 12.06 sec
>A nauty-genbg n=5+15 e=29:29 d=4:0 D=7:3  class=85/100
>Z 35930 graphs generated in 7.00 sec
>F 35930 cores checked in 12.71 sec
>A nauty-genbg n=5+15 e=29:29 d=4:0 D=7:3  class=86/100
>Z 35793 graphs generated in 6.94 sec
>F 35793 cores checked in 12.46 sec
>A nauty-genbg n=5+15 e=29:29 d=4:0 D=7:3  class=87/100
>Z 34810 graphs generated in 6.99 sec
>F 34810 cores checked in 12.17 sec
>A nauty-genbg n=5+15 e=29:29 d=4:0 D=7:3  class=88/100
>Z 34025 graphs generated in 6.93 sec
>F 34025 cores checked in 11.83 sec
>A nauty-genbg n=5+15 e=29:29 d=4:0 D=7:3  class=89/100
>Z 35159 graphs generated in 6.93 sec
>F 35159 cores checked in 12.27 sec
>A nauty-genbg n=5+15 e=29:29 d=4:0 D=7:3  class=90/100
>Z 35300 graphs generated in 6.96 sec
>F 35300 cores checked in 12.43 sec
>A nauty-genbg n=5+15 e=29:29 d=4:0 D=7:3  class=91/100
>Z 34270 graphs generated in 6.91 sec
>F 34270 cores checked in 11.82 sec
>A nauty-genbg n=5+15 e=29:29 d=4:0 D=7:3  class=92/100
>Z 34838 graphs generated in 6.98 sec
>F 34838 cores checked in 12.08 sec
>A nauty-genbg n=5+15 e=29:29 d=4:0 D=7:3  class=93/100
>Z 35612 graphs generated in 6.97 sec
>F 35612 cores checked in 12.31 sec
>A nauty-genbg n=5+15 e=29:29 d=4:0 D=7:3  class=94/100
>Z 35502 graphs generated in 6.96 sec
>F 35502 cores checked in 12.24 sec
>A nauty-genbg n=5+15 e=29:29 d=4:0 D=7:3  class=95/100
>Z 34163 graphs generated in 7.03 sec
>F 34163 cores checked in 11.83 sec
>A nauty-genbg n=5+15 e=29:29 d=4:0 D=7:3  class=96/100
>Z 35955 graphs generated in 7.03 sec
>F 35955 cores checked in 12.49 sec
>A nauty-genbg n=5+15 e=29:29 d=4:0 D=7:3  class=97/100
>Z 34183 graphs generated in 7.08 sec
>F 34183 cores checked in 11.68 sec
>A nauty-genbg n=5+15 e=29:29 d=4:0 D=7:3  class=98/100
>Z 35438 graphs generated in 7.11 sec
>F 35438 cores checked in 12.25 sec
>A nauty-genbg n=5+15 e=29:29 d=4:0 D=7:3  class=99/100
>Z 35489 graphs generated in 7.11 sec
>F 35489 cores checked in 12.01 sec



===Total number of cores generated: 3531430
===Total number of cores checked: 3531430
===Total time for generation: 697.88 seconds
===Total time for checking: 1224.67 seconds
===Total number of exceptional cores: 0
