=== Log file for cores: nauty-genbg_-d4:0_-D6:3_8_13_37:37



>A nauty-genbg n=8+13 e=37:37 d=4:0 D=6:3  class=0/100
>Z 1324313 graphs generated in 445.97 sec
>F 1324313 cores checked in 479.25 sec
>A nauty-genbg n=8+13 e=37:37 d=4:0 D=6:3  class=1/100
>Z 1322614 graphs generated in 445.55 sec
>F 1322614 cores checked in 479.72 sec
>A nauty-genbg n=8+13 e=37:37 d=4:0 D=6:3  class=2/100
>Z 1328010 graphs generated in 446.20 sec
>F 1328010 cores checked in 481.27 sec
>A nauty-genbg n=8+13 e=37:37 d=4:0 D=6:3  class=3/100
>Z 1314914 graphs generated in 447.27 sec
>F 1314914 cores checked in 476.43 sec
>A nauty-genbg n=8+13 e=37:37 d=4:0 D=6:3  class=4/100
>Z 1325896 graphs generated in 445.95 sec
>F 1325896 cores checked in 482.02 sec
>A nauty-genbg n=8+13 e=37:37 d=4:0 D=6:3  class=5/100
>Z 1319774 graphs generated in 445.57 sec
>F 1319774 cores checked in 478.32 sec
>A nauty-genbg n=8+13 e=37:37 d=4:0 D=6:3  class=6/100
>Z 1321548 graphs generated in 446.12 sec
>F 1321548 cores checked in 479.11 sec
>A nauty-genbg n=8+13 e=37:37 d=4:0 D=6:3  class=7/100
>Z 1315528 graphs generated in 445.65 sec
>F 1315528 cores checked in 477.13 sec
>A nauty-genbg n=8+13 e=37:37 d=4:0 D=6:3  class=8/100
>Z 1314861 graphs generated in 447.08 sec
>F 1314861 cores checked in 478.23 sec
>A nauty-genbg n=8+13 e=37:37 d=4:0 D=6:3  class=9/100
>Z 1321944 graphs generated in 445.82 sec
>F 1321944 cores checked in 478.35 sec
>A nauty-genbg n=8+13 e=37:37 d=4:0 D=6:3  class=10/100
>Z 1319257 graphs generated in 445.51 sec
>F 1319257 cores checked in 479.48 sec
>A nauty-genbg n=8+13 e=37:37 d=4:0 D=6:3  class=11/100
>Z 1321716 graphs generated in 446.02 sec
>F 1321716 cores checked in 479.65 sec
>A nauty-genbg n=8+13 e=37:37 d=4:0 D=6:3  class=12/100
>Z 1320181 graphs generated in 446.06 sec
>F 1320181 cores checked in 481.04 sec
>A nauty-genbg n=8+13 e=37:37 d=4:0 D=6:3  class=13/100
>Z 1316932 graphs generated in 445.95 sec
>F 1316932 cores checked in 479.13 sec
>A nauty-genbg n=8+13 e=37:37 d=4:0 D=6:3  class=14/100
>Z 1321402 graphs generated in 446.05 sec
>F 1321402 cores checked in 479.90 sec
>A nauty-genbg n=8+13 e=37:37 d=4:0 D=6:3  class=15/100
>Z 1321010 graphs generated in 446.19 sec
>F 1321010 cores checked in 480.15 sec
>A nauty-genbg n=8+13 e=37:37 d=4:0 D=6:3  class=16/100
>Z 1322910 graphs generated in 446.44 sec
>F 1322910 cores checked in 479.64 sec
>A nauty-genbg n=8+13 e=37:37 d=4:0 D=6:3  class=17/100
>Z 1321346 graphs generated in 458.40 sec
>F 1321346 cores checked in 478.34 sec
>A nauty-genbg n=8+13 e=37:37 d=4:0 D=6:3  class=18/100
>Z 1321952 graphs generated in 446.76 sec
>F 1321952 cores checked in 481.25 sec
>A nauty-genbg n=8+13 e=37:37 d=4:0 D=6:3  class=19/100
>Z 1319531 graphs generated in 446.55 sec
>F 1319531 cores checked in 478.21 sec
>A nauty-genbg n=8+13 e=37:37 d=4:0 D=6:3  class=20/100
>Z 1320097 graphs generated in 446.40 sec
>F 1320097 cores checked in 479.00 sec
>A nauty-genbg n=8+13 e=37:37 d=4:0 D=6:3  class=21/100
>Z 1317785 graphs generated in 446.66 sec
>F 1317785 cores checked in 478.22 sec
>A nauty-genbg n=8+13 e=37:37 d=4:0 D=6:3  class=22/100
>Z 1322173 graphs generated in 446.35 sec
>F 1322173 cores checked in 479.34 sec
>A nauty-genbg n=8+13 e=37:37 d=4:0 D=6:3  class=23/100
>Z 1317476 graphs generated in 446.60 sec
>F 1317476 cores checked in 476.32 sec
>A nauty-genbg n=8+13 e=37:37 d=4:0 D=6:3  class=24/100
>Z 1320787 graphs generated in 447.69 sec
>F 1320787 cores checked in 478.62 sec
>A nauty-genbg n=8+13 e=37:37 d=4:0 D=6:3  class=25/100
>Z 1321291 graphs generated in 448.58 sec
>F 1321291 cores checked in 478.55 sec
>A nauty-genbg n=8+13 e=37:37 d=4:0 D=6:3  class=26/100
>Z 1322379 graphs generated in 448.21 sec
>F 1322379 cores checked in 478.00 sec
>A nauty-genbg n=8+13 e=37:37 d=4:0 D=6:3  class=27/100
>Z 1321753 graphs generated in 448.87 sec
>F 1321753 cores checked in 477.95 sec
>A nauty-genbg n=8+13 e=37:37 d=4:0 D=6:3  class=28/100
>Z 1319347 graphs generated in 449.36 sec
>F 1319347 cores checked in 476.39 sec
>A nauty-genbg n=8+13 e=37:37 d=4:0 D=6:3  class=29/100
>Z 1321284 graphs generated in 448.74 sec
>F 1321284 cores checked in 476.18 sec
>A nauty-genbg n=8+13 e=37:37 d=4:0 D=6:3  class=30/100
>Z 1319897 graphs generated in 449.15 sec
>F 1319897 cores checked in 475.01 sec
>A nauty-genbg n=8+13 e=37:37 d=4:0 D=6:3  class=31/100
>Z 1314130 graphs generated in 448.95 sec
>F 1314130 cores checked in 474.32 sec
>A nauty-genbg n=8+13 e=37:37 d=4:0 D=6:3  class=32/100
>Z 1317783 graphs generated in 449.20 sec
>F 1317783 cores checked in 476.22 sec
>A nauty-genbg n=8+13 e=37:37 d=4:0 D=6:3  class=33/100
>Z 1322205 graphs generated in 449.25 sec
>F 1322205 cores checked in 476.86 sec
>A nauty-genbg n=8+13 e=37:37 d=4:0 D=6:3  class=34/100
>Z 1322241 graphs generated in 449.19 sec
>F 1322241 cores checked in 479.00 sec
>A nauty-genbg n=8+13 e=37:37 d=4:0 D=6:3  class=35/100
>Z 1318229 graphs generated in 449.12 sec
>F 1318229 cores checked in 476.01 sec
>A nauty-genbg n=8+13 e=37:37 d=4:0 D=6:3  class=36/100
>Z 1322500 graphs generated in 449.92 sec
>F 1322500 cores checked in 477.20 sec
>A nauty-genbg n=8+13 e=37:37 d=4:0 D=6:3  class=37/100
>Z 1319715 graphs generated in 449.05 sec
>F 1319715 cores checked in 477.05 sec
>A nauty-genbg n=8+13 e=37:37 d=4:0 D=6:3  class=38/100
>Z 1319894 graphs generated in 449.31 sec
>F 1319894 cores checked in 475.66 sec
>A nauty-genbg n=8+13 e=37:37 d=4:0 D=6:3  class=39/100
>Z 1327197 graphs generated in 449.61 sec
>F 1327197 cores checked in 479.41 sec
>A nauty-genbg n=8+13 e=37:37 d=4:0 D=6:3  class=40/100
>Z 1321447 graphs generated in 449.65 sec
>F 1321447 cores checked in 477.83 sec
>A nauty-genbg n=8+13 e=37:37 d=4:0 D=6:3  class=41/100
>Z 1321089 graphs generated in 449.81 sec
>F 1321089 cores checked in 476.12 sec
>A nauty-genbg n=8+13 e=37:37 d=4:0 D=6:3  class=42/100
>Z 1320087 graphs generated in 449.37 sec
>F 1320087 cores checked in 478.22 sec
>A nauty-genbg n=8+13 e=37:37 d=4:0 D=6:3  class=43/100
>Z 1318761 graphs generated in 449.41 sec
>F 1318761 cores checked in 475.17 sec
>A nauty-genbg n=8+13 e=37:37 d=4:0 D=6:3  class=44/100
>Z 1319961 graphs generated in 449.83 sec
>F 1319961 cores checked in 475.79 sec
>A nauty-genbg n=8+13 e=37:37 d=4:0 D=6:3  class=45/100
>Z 1327725 graphs generated in 449.76 sec
>F 1327725 cores checked in 479.88 sec
>A nauty-genbg n=8+13 e=37:37 d=4:0 D=6:3  class=46/100
>Z 1326866 graphs generated in 449.90 sec
>F 1326866 cores checked in 477.93 sec
>A nauty-genbg n=8+13 e=37:37 d=4:0 D=6:3  class=47/100
>Z 1320743 graphs generated in 449.43 sec
>F 1320743 cores checked in 474.76 sec
>A nauty-genbg n=8+13 e=37:37 d=4:0 D=6:3  class=48/100
>Z 1327338 graphs generated in 449.90 sec
>F 1327338 cores checked in 478.41 sec
>A nauty-genbg n=8+13 e=37:37 d=4:0 D=6:3  class=49/100
>Z 1318111 graphs generated in 449.79 sec
>F 1318111 cores checked in 475.75 sec
>A nauty-genbg n=8+13 e=37:37 d=4:0 D=6:3  class=50/100
>Z 1320355 graphs generated in 449.71 sec
>F 1320355 cores checked in 477.53 sec
>A nauty-genbg n=8+13 e=37:37 d=4:0 D=6:3  class=51/100
>Z 1315994 graphs generated in 449.34 sec
>F 1315994 cores checked in 474.07 sec
>A nauty-genbg n=8+13 e=37:37 d=4:0 D=6:3  class=52/100
>Z 1319532 graphs generated in 449.58 sec
>F 1319532 cores checked in 475.77 sec
>A nauty-genbg n=8+13 e=37:37 d=4:0 D=6:3  class=53/100
>Z 1318337 graphs generated in 449.97 sec
>F 1318337 cores checked in 474.50 sec
>A nauty-genbg n=8+13 e=37:37 d=4:0 D=6:3  class=54/100
>Z 1327290 graphs generated in 450.04 sec
>F 1327290 cores checked in 477.98 sec
>A nauty-genbg n=8+13 e=37:37 d=4:0 D=6:3  class=55/100
>Z 1324082 graphs generated in 449.97 sec
>F 1324082 cores checked in 479.41 sec
>A nauty-genbg n=8+13 e=37:37 d=4:0 D=6:3  class=56/100
>Z 1323575 graphs generated in 449.92 sec
>F 1323575 cores checked in 478.82 sec
>A nauty-genbg n=8+13 e=37:37 d=4:0 D=6:3  class=57/100
>Z 1322646 graphs generated in 449.26 sec
>F 1322646 cores checked in 476.68 sec
>A nauty-genbg n=8+13 e=37:37 d=4:0 D=6:3  class=58/100
>Z 1312380 graphs generated in 449.05 sec
>F 1312380 cores checked in 473.01 sec
>A nauty-genbg n=8+13 e=37:37 d=4:0 D=6:3  class=59/100
>Z 1318733 graphs generated in 449.61 sec
>F 1318733 cores checked in 475.74 sec
>A nauty-genbg n=8+13 e=37:37 d=4:0 D=6:3  class=60/100
>Z 1321815 graphs generated in 449.81 sec
>F 1321815 cores checked in 476.79 sec
>A nauty-genbg n=8+13 e=37:37 d=4:0 D=6:3  class=61/100
>Z 1318631 graphs generated in 449.98 sec
>F 1318631 cores checked in 477.13 sec
>A nauty-genbg n=8+13 e=37:37 d=4:0 D=6:3  class=62/100
>Z 1318979 graphs generated in 449.22 sec
>F 1318979 cores checked in 475.88 sec
>A nauty-genbg n=8+13 e=37:37 d=4:0 D=6:3  class=63/100
>Z 1318103 graphs generated in 449.14 sec
>F 1318103 cores checked in 476.13 sec
>A nauty-genbg n=8+13 e=37:37 d=4:0 D=6:3  class=64/100
>Z 1321091 graphs generated in 449.31 sec
>F 1321091 cores checked in 477.40 sec
>A nauty-genbg n=8+13 e=37:37 d=4:0 D=6:3  class=65/100
>Z 1320523 graphs generated in 449.07 sec
>F 1320523 cores checked in 477.50 sec
>A nauty-genbg n=8+13 e=37:37 d=4:0 D=6:3  class=66/100
>Z 1318426 graphs generated in 449.07 sec
>F 1318426 cores checked in 475.52 sec
>A nauty-genbg n=8+13 e=37:37 d=4:0 D=6:3  class=67/100
>Z 1319545 graphs generated in 446.48 sec
>F 1319545 cores checked in 478.72 sec
>A nauty-genbg n=8+13 e=37:37 d=4:0 D=6:3  class=68/100
>Z 1318352 graphs generated in 445.98 sec
>F 1318352 cores checked in 475.06 sec
>A nauty-genbg n=8+13 e=37:37 d=4:0 D=6:3  class=69/100
>Z 1322917 graphs generated in 445.49 sec
>F 1322917 cores checked in 477.55 sec
>A nauty-genbg n=8+13 e=37:37 d=4:0 D=6:3  class=70/100
>Z 1320881 graphs generated in 444.73 sec
>F 1320881 cores checked in 478.41 sec
>A nauty-genbg n=8+13 e=37:37 d=4:0 D=6:3  class=71/100
>Z 1321726 graphs generated in 462.84 sec
>F 1321726 cores checked in 477.37 sec
>A nauty-genbg n=8+13 e=37:37 d=4:0 D=6:3  class=72/100
>Z 1323431 graphs generated in 444.17 sec
>F 1323431 cores checked in 477.82 sec
>A nauty-genbg n=8+13 e=37:37 d=4:0 D=6:3  class=73/100
>Z 1323727 graphs generated in 443.40 sec
>F 1323727 cores checked in 478.06 sec
>A nauty-genbg n=8+13 e=37:37 d=4:0 D=6:3  class=74/100
>Z 1322474 graphs generated in 443.37 sec
>F 1322474 cores checked in 475.57 sec
>A nauty-genbg n=8+13 e=37:37 d=4:0 D=6:3  class=75/100
>Z 1320600 graphs generated in 443.33 sec
>F 1320600 cores checked in 477.04 sec
>A nauty-genbg n=8+13 e=37:37 d=4:0 D=6:3  class=76/100
>Z 1320073 graphs generated in 442.76 sec
>F 1320073 cores checked in 477.88 sec
>A nauty-genbg n=8+13 e=37:37 d=4:0 D=6:3  class=77/100
>Z 1317370 graphs generated in 442.97 sec
>F 1317370 cores checked in 474.43 sec
>A nauty-genbg n=8+13 e=37:37 d=4:0 D=6:3  class=78/100
>Z 1322905 graphs generated in 442.23 sec
>F 1322905 cores checked in 476.82 sec
>A nauty-genbg n=8+13 e=37:37 d=4:0 D=6:3  class=79/100
>Z 1318106 graphs generated in 441.36 sec
>F 1318106 cores checked in 475.18 sec
>A nauty-genbg n=8+13 e=37:37 d=4:0 D=6:3  class=80/100
>Z 1324774 graphs generated in 440.81 sec
>F 1324774 cores checked in 476.64 sec
>A nauty-genbg n=8+13 e=37:37 d=4:0 D=6:3  class=81/100
>Z 1322420 graphs generated in 440.25 sec
>F 1322420 cores checked in 476.46 sec
>A nauty-genbg n=8+13 e=37:37 d=4:0 D=6:3  class=82/100
>Z 1318335 graphs generated in 440.00 sec
>F 1318335 cores checked in 474.65 sec
>A nauty-genbg n=8+13 e=37:37 d=4:0 D=6:3  class=83/100
>Z 1319845 graphs generated in 438.47 sec
>F 1319845 cores checked in 474.40 sec
>A nauty-genbg n=8+13 e=37:37 d=4:0 D=6:3  class=84/100
>Z 1325303 graphs generated in 437.93 sec
>F 1325303 cores checked in 475.63 sec
>A nauty-genbg n=8+13 e=37:37 d=4:0 D=6:3  class=85/100
>Z 1322741 graphs generated in 440.89 sec
>F 1322741 cores checked in 475.49 sec
>A nauty-genbg n=8+13 e=37:37 d=4:0 D=6:3  class=86/100
>Z 1325169 graphs generated in 437.17 sec
>F 1325169 cores checked in 475.48 sec
>A nauty-genbg n=8+13 e=37:37 d=4:0 D=6:3  class=87/100
>Z 1321177 graphs generated in 437.31 sec
>F 1321177 cores checked in 475.49 sec
>A nauty-genbg n=8+13 e=37:37 d=4:0 D=6:3  class=88/100
>Z 1321096 graphs generated in 436.96 sec
>F 1321096 cores checked in 474.96 sec
>A nauty-genbg n=8+13 e=37:37 d=4:0 D=6:3  class=89/100
>Z 1319462 graphs generated in 437.34 sec
>F 1319462 cores checked in 472.10 sec
>A nauty-genbg n=8+13 e=37:37 d=4:0 D=6:3  class=90/100
>Z 1325560 graphs generated in 436.40 sec
>F 1325560 cores checked in 475.82 sec
>A nauty-genbg n=8+13 e=37:37 d=4:0 D=6:3  class=91/100
>Z 1319227 graphs generated in 435.83 sec
>F 1319227 cores checked in 472.71 sec
>A nauty-genbg n=8+13 e=37:37 d=4:0 D=6:3  class=92/100
>Z 1320498 graphs generated in 435.25 sec
>F 1320498 cores checked in 475.43 sec
>A nauty-genbg n=8+13 e=37:37 d=4:0 D=6:3  class=93/100
>Z 1317595 graphs generated in 435.13 sec
>F 1317595 cores checked in 476.67 sec
>A nauty-genbg n=8+13 e=37:37 d=4:0 D=6:3  class=94/100
>Z 1319091 graphs generated in 434.81 sec
>F 1319091 cores checked in 475.73 sec
>A nauty-genbg n=8+13 e=37:37 d=4:0 D=6:3  class=95/100
>Z 1319439 graphs generated in 435.86 sec
>F 1319439 cores checked in 475.50 sec
>A nauty-genbg n=8+13 e=37:37 d=4:0 D=6:3  class=96/100
>Z 1313208 graphs generated in 433.55 sec
>F 1313208 cores checked in 473.52 sec
>A nauty-genbg n=8+13 e=37:37 d=4:0 D=6:3  class=97/100
>Z 1317837 graphs generated in 433.42 sec
>F 1317837 cores checked in 479.79 sec
>A nauty-genbg n=8+13 e=37:37 d=4:0 D=6:3  class=98/100
>Z 1316035 graphs generated in 432.12 sec
>F 1316035 cores checked in 474.27 sec
>A nauty-genbg n=8+13 e=37:37 d=4:0 D=6:3  class=99/100
>Z 1316003 graphs generated in 431.39 sec
>F 1316003 cores checked in 476.93 sec



===Total number of cores generated: 132063344
===Total number of cores checked: 132063344
===Total time for generation: 44564.22 seconds
===Total time for checking: 47709.23 seconds
===Total number of exceptional cores: 0
