=== Log file for cores: nauty-genbg_-d4:0_-D7:3_6_15_33:33



>A nauty-genbg n=6+15 e=33:33 d=4:0 D=7:3  class=0/100
>Z 2874785 graphs generated in 237.55 sec
>F 2874785 cores checked in 1300.35 sec
>A nauty-genbg n=6+15 e=33:33 d=4:0 D=7:3  class=1/100
>Z 2847729 graphs generated in 237.46 sec
>F 2847729 cores checked in 1273.30 sec
>A nauty-genbg n=6+15 e=33:33 d=4:0 D=7:3  class=2/100
>Z 2871676 graphs generated in 237.58 sec
>F 2871676 cores checked in 1289.29 sec
>A nauty-genbg n=6+15 e=33:33 d=4:0 D=7:3  class=3/100
>Z 2877269 graphs generated in 237.63 sec
>F 2877269 cores checked in 1303.77 sec
>A nauty-genbg n=6+15 e=33:33 d=4:0 D=7:3  class=4/100
>Z 2857766 graphs generated in 237.60 sec
>F 2857766 cores checked in 1286.53 sec
>A nauty-genbg n=6+15 e=33:33 d=4:0 D=7:3  class=5/100
>Z 2856587 graphs generated in 237.40 sec
>F 2856587 cores checked in 1290.41 sec
>A nauty-genbg n=6+15 e=33:33 d=4:0 D=7:3  class=6/100
>Z 2877464 graphs generated in 237.58 sec
>F 2877464 cores checked in 1296.20 sec
>A nauty-genbg n=6+15 e=33:33 d=4:0 D=7:3  class=7/100
>Z 2870181 graphs generated in 237.33 sec
>F 2870181 cores checked in 1289.31 sec
>A nauty-genbg n=6+15 e=33:33 d=4:0 D=7:3  class=8/100
>Z 2868793 graphs generated in 237.47 sec
>F 2868793 cores checked in 1298.59 sec
>A nauty-genbg n=6+15 e=33:33 d=4:0 D=7:3  class=9/100
>Z 2894471 graphs generated in 237.78 sec
>F 2894471 cores checked in 1299.10 sec
>A nauty-genbg n=6+15 e=33:33 d=4:0 D=7:3  class=10/100
>Z 2866968 graphs generated in 237.34 sec
>F 2866968 cores checked in 1286.69 sec
>A nauty-genbg n=6+15 e=33:33 d=4:0 D=7:3  class=11/100
>Z 2867020 graphs generated in 237.72 sec
>F 2867020 cores checked in 1291.95 sec
>A nauty-genbg n=6+15 e=33:33 d=4:0 D=7:3  class=12/100
>Z 2870785 graphs generated in 237.46 sec
>F 2870785 cores checked in 1294.41 sec
>A nauty-genbg n=6+15 e=33:33 d=4:0 D=7:3  class=13/100
>Z 2873762 graphs generated in 237.63 sec
>F 2873762 cores checked in 1298.42 sec
>A nauty-genbg n=6+15 e=33:33 d=4:0 D=7:3  class=14/100
>Z 2862378 graphs generated in 237.37 sec
>F 2862378 cores checked in 1291.60 sec
>A nauty-genbg n=6+15 e=33:33 d=4:0 D=7:3  class=15/100
>Z 2862892 graphs generated in 236.79 sec
>F 2862892 cores checked in 1293.25 sec
>A nauty-genbg n=6+15 e=33:33 d=4:0 D=7:3  class=16/100
>Z 2873393 graphs generated in 237.03 sec
>F 2873393 cores checked in 1301.56 sec
>A nauty-genbg n=6+15 e=33:33 d=4:0 D=7:3  class=17/100
>Z 2866403 graphs generated in 236.51 sec
>F 2866403 cores checked in 1291.46 sec
>A nauty-genbg n=6+15 e=33:33 d=4:0 D=7:3  class=18/100
>Z 2870313 graphs generated in 236.70 sec
>F 2870313 cores checked in 1300.90 sec
>A nauty-genbg n=6+15 e=33:33 d=4:0 D=7:3  class=19/100
>Z 2861208 graphs generated in 236.84 sec
>F 2861208 cores checked in 1296.94 sec
>A nauty-genbg n=6+15 e=33:33 d=4:0 D=7:3  class=20/100
>Z 2883403 graphs generated in 241.06 sec
>F 2883403 cores checked in 1307.82 sec
>A nauty-genbg n=6+15 e=33:33 d=4:0 D=7:3  class=21/100
>Z 2856135 graphs generated in 236.66 sec
>F 2856135 cores checked in 1296.76 sec
>A nauty-genbg n=6+15 e=33:33 d=4:0 D=7:3  class=22/100
>Z 2872429 graphs generated in 236.73 sec
>F 2872429 cores checked in 1297.50 sec
>A nauty-genbg n=6+15 e=33:33 d=4:0 D=7:3  class=23/100
>Z 2870167 graphs generated in 236.77 sec
>F 2870167 cores checked in 1305.15 sec
>A nauty-genbg n=6+15 e=33:33 d=4:0 D=7:3  class=24/100
>Z 2848337 graphs generated in 236.37 sec
>F 2848337 cores checked in 1282.61 sec
>A nauty-genbg n=6+15 e=33:33 d=4:0 D=7:3  class=25/100
>Z 2846642 graphs generated in 236.60 sec
>F 2846642 cores checked in 1287.20 sec
>A nauty-genbg n=6+15 e=33:33 d=4:0 D=7:3  class=26/100
>Z 2888896 graphs generated in 236.70 sec
>F 2888896 cores checked in 1309.88 sec
>A nauty-genbg n=6+15 e=33:33 d=4:0 D=7:3  class=27/100
>Z 2865681 graphs generated in 236.54 sec
>F 2865681 cores checked in 1297.62 sec
>A nauty-genbg n=6+15 e=33:33 d=4:0 D=7:3  class=28/100
>Z 2863204 graphs generated in 250.76 sec
>F 2863204 cores checked in 1291.08 sec
>A nauty-genbg n=6+15 e=33:33 d=4:0 D=7:3  class=29/100
>Z 2868864 graphs generated in 236.80 sec
>F 2868864 cores checked in 1298.03 sec
>A nauty-genbg n=6+15 e=33:33 d=4:0 D=7:3  class=30/100
>Z 2860964 graphs generated in 236.45 sec
>F 2860964 cores checked in 1299.42 sec
>A nauty-genbg n=6+15 e=33:33 d=4:0 D=7:3  class=31/100
>Z 2855228 graphs generated in 236.70 sec
>F 2855228 cores checked in 1287.20 sec
>A nauty-genbg n=6+15 e=33:33 d=4:0 D=7:3  class=32/100
>Z 2870858 graphs generated in 236.74 sec
>F 2870858 cores checked in 1301.36 sec
>A nauty-genbg n=6+15 e=33:33 d=4:0 D=7:3  class=33/100
>Z 2865310 graphs generated in 236.48 sec
>F 2865310 cores checked in 1300.44 sec
>A nauty-genbg n=6+15 e=33:33 d=4:0 D=7:3  class=34/100
>Z 2867557 graphs generated in 236.06 sec
>F 2867557 cores checked in 1325.54 sec
>A nauty-genbg n=6+15 e=33:33 d=4:0 D=7:3  class=35/100
>Z 2852417 graphs generated in 236.18 sec
>F 2852417 cores checked in 1290.56 sec
>A nauty-genbg n=6+15 e=33:33 d=4:0 D=7:3  class=36/100
>Z 2858686 graphs generated in 236.11 sec
>F 2858686 cores checked in 1299.64 sec
>A nauty-genbg n=6+15 e=33:33 d=4:0 D=7:3  class=37/100
>Z 2861752 graphs generated in 236.05 sec
>F 2861752 cores checked in 1295.08 sec
>A nauty-genbg n=6+15 e=33:33 d=4:0 D=7:3  class=38/100
>Z 2869193 graphs generated in 236.46 sec
>F 2869193 cores checked in 1291.25 sec
>A nauty-genbg n=6+15 e=33:33 d=4:0 D=7:3  class=39/100
>Z 2862739 graphs generated in 236.45 sec
>F 2862739 cores checked in 1294.51 sec
>A nauty-genbg n=6+15 e=33:33 d=4:0 D=7:3  class=40/100
>Z 2864993 graphs generated in 236.20 sec
>F 2864993 cores checked in 1291.15 sec
>A nauty-genbg n=6+15 e=33:33 d=4:0 D=7:3  class=41/100
>Z 2836642 graphs generated in 235.94 sec
>F 2836642 cores checked in 1285.26 sec
>A nauty-genbg n=6+15 e=33:33 d=4:0 D=7:3  class=42/100
>Z 2851056 graphs generated in 236.40 sec
>F 2851056 cores checked in 1291.22 sec
>A nauty-genbg n=6+15 e=33:33 d=4:0 D=7:3  class=43/100
>Z 2862834 graphs generated in 236.45 sec
>F 2862834 cores checked in 1297.07 sec
>A nauty-genbg n=6+15 e=33:33 d=4:0 D=7:3  class=44/100
>Z 2858914 graphs generated in 236.59 sec
>F 2858914 cores checked in 1292.39 sec
>A nauty-genbg n=6+15 e=33:33 d=4:0 D=7:3  class=45/100
>Z 2852473 graphs generated in 236.25 sec
>F 2852473 cores checked in 1291.19 sec
>A nauty-genbg n=6+15 e=33:33 d=4:0 D=7:3  class=46/100
>Z 2872649 graphs generated in 236.46 sec
>F 2872649 cores checked in 1297.32 sec
>A nauty-genbg n=6+15 e=33:33 d=4:0 D=7:3  class=47/100
>Z 2882428 graphs generated in 236.07 sec
>F 2882428 cores checked in 1300.59 sec
>A nauty-genbg n=6+15 e=33:33 d=4:0 D=7:3  class=48/100
>Z 2869849 graphs generated in 235.83 sec
>F 2869849 cores checked in 1298.08 sec
>A nauty-genbg n=6+15 e=33:33 d=4:0 D=7:3  class=49/100
>Z 2885878 graphs generated in 236.08 sec
>F 2885878 cores checked in 1306.17 sec
>A nauty-genbg n=6+15 e=33:33 d=4:0 D=7:3  class=50/100
>Z 2868514 graphs generated in 236.40 sec
>F 2868514 cores checked in 1299.20 sec
>A nauty-genbg n=6+15 e=33:33 d=4:0 D=7:3  class=51/100
>Z 2855565 graphs generated in 236.17 sec
>F 2855565 cores checked in 1297.75 sec
>A nauty-genbg n=6+15 e=33:33 d=4:0 D=7:3  class=52/100
>Z 2865178 graphs generated in 236.01 sec
>F 2865178 cores checked in 1308.83 sec
>A nauty-genbg n=6+15 e=33:33 d=4:0 D=7:3  class=53/100
>Z 2883388 graphs generated in 236.30 sec
>F 2883388 cores checked in 1306.16 sec
>A nauty-genbg n=6+15 e=33:33 d=4:0 D=7:3  class=54/100
>Z 2864399 graphs generated in 236.64 sec
>F 2864399 cores checked in 1296.65 sec
>A nauty-genbg n=6+15 e=33:33 d=4:0 D=7:3  class=55/100
>Z 2880181 graphs generated in 236.11 sec
>F 2880181 cores checked in 1301.76 sec
>A nauty-genbg n=6+15 e=33:33 d=4:0 D=7:3  class=56/100
>Z 2880460 graphs generated in 236.24 sec
>F 2880460 cores checked in 1305.12 sec
>A nauty-genbg n=6+15 e=33:33 d=4:0 D=7:3  class=57/100
>Z 2872834 graphs generated in 236.05 sec
>F 2872834 cores checked in 1298.85 sec
>A nauty-genbg n=6+15 e=33:33 d=4:0 D=7:3  class=58/100
>Z 2875676 graphs generated in 236.48 sec
>F 2875676 cores checked in 1304.88 sec
>A nauty-genbg n=6+15 e=33:33 d=4:0 D=7:3  class=59/100
>Z 2879392 graphs generated in 236.12 sec
>F 2879392 cores checked in 1309.09 sec
>A nauty-genbg n=6+15 e=33:33 d=4:0 D=7:3  class=60/100
>Z 2872669 graphs generated in 235.97 sec
>F 2872669 cores checked in 1301.02 sec
>A nauty-genbg n=6+15 e=33:33 d=4:0 D=7:3  class=61/100
>Z 2858738 graphs generated in 236.57 sec
>F 2858738 cores checked in 1295.68 sec
>A nauty-genbg n=6+15 e=33:33 d=4:0 D=7:3  class=62/100
>Z 2856067 graphs generated in 236.08 sec
>F 2856067 cores checked in 1298.80 sec
>A nauty-genbg n=6+15 e=33:33 d=4:0 D=7:3  class=63/100
>Z 2883197 graphs generated in 236.43 sec
>F 2883197 cores checked in 1375.50 sec
>A nauty-genbg n=6+15 e=33:33 d=4:0 D=7:3  class=64/100
>Z 2870073 graphs generated in 236.24 sec
>F 2870073 cores checked in 1297.80 sec
>A nauty-genbg n=6+15 e=33:33 d=4:0 D=7:3  class=65/100
>Z 2853889 graphs generated in 236.03 sec
>F 2853889 cores checked in 1299.56 sec
>A nauty-genbg n=6+15 e=33:33 d=4:0 D=7:3  class=66/100
>Z 2881778 graphs generated in 236.06 sec
>F 2881778 cores checked in 1308.69 sec
>A nauty-genbg n=6+15 e=33:33 d=4:0 D=7:3  class=67/100
>Z 2881754 graphs generated in 236.00 sec
>F 2881754 cores checked in 1309.84 sec
>A nauty-genbg n=6+15 e=33:33 d=4:0 D=7:3  class=68/100
>Z 2877853 graphs generated in 236.12 sec
>F 2877853 cores checked in 1310.91 sec
>A nauty-genbg n=6+15 e=33:33 d=4:0 D=7:3  class=69/100
>Z 2889924 graphs generated in 236.16 sec
>F 2889924 cores checked in 1307.03 sec
>A nauty-genbg n=6+15 e=33:33 d=4:0 D=7:3  class=70/100
>Z 2873013 graphs generated in 236.08 sec
>F 2873013 cores checked in 1333.31 sec
>A nauty-genbg n=6+15 e=33:33 d=4:0 D=7:3  class=71/100
>Z 2863438 graphs generated in 236.19 sec
>F 2863438 cores checked in 1294.92 sec
>A nauty-genbg n=6+15 e=33:33 d=4:0 D=7:3  class=72/100
>Z 2860055 graphs generated in 236.22 sec
>F 2860055 cores checked in 1302.95 sec
>A nauty-genbg n=6+15 e=33:33 d=4:0 D=7:3  class=73/100
>Z 2879766 graphs generated in 236.23 sec
>F 2879766 cores checked in 1313.98 sec
>A nauty-genbg n=6+15 e=33:33 d=4:0 D=7:3  class=74/100
>Z 2864825 graphs generated in 237.69 sec
>F 2864825 cores checked in 1303.73 sec
>A nauty-genbg n=6+15 e=33:33 d=4:0 D=7:3  class=75/100
>Z 2866585 graphs generated in 235.99 sec
>F 2866585 cores checked in 1300.54 sec
>A nauty-genbg n=6+15 e=33:33 d=4:0 D=7:3  class=76/100
>Z 2878905 graphs generated in 236.21 sec
>F 2878905 cores checked in 1307.17 sec
>A nauty-genbg n=6+15 e=33:33 d=4:0 D=7:3  class=77/100
>Z 2873089 graphs generated in 236.00 sec
>F 2873089 cores checked in 1298.57 sec
>A nauty-genbg n=6+15 e=33:33 d=4:0 D=7:3  class=78/100
>Z 2864113 graphs generated in 236.13 sec
>F 2864113 cores checked in 1299.65 sec
>A nauty-genbg n=6+15 e=33:33 d=4:0 D=7:3  class=79/100
>Z 2865432 graphs generated in 236.28 sec
>F 2865432 cores checked in 1301.48 sec
>A nauty-genbg n=6+15 e=33:33 d=4:0 D=7:3  class=80/100
>Z 2872295 graphs generated in 236.01 sec
>F 2872295 cores checked in 1310.37 sec
>A nauty-genbg n=6+15 e=33:33 d=4:0 D=7:3  class=81/100
>Z 2849403 graphs generated in 236.06 sec
>F 2849403 cores checked in 1296.40 sec
>A nauty-genbg n=6+15 e=33:33 d=4:0 D=7:3  class=82/100
>Z 2852916 graphs generated in 235.98 sec
>F 2852916 cores checked in 1291.92 sec
>A nauty-genbg n=6+15 e=33:33 d=4:0 D=7:3  class=83/100
>Z 2867977 graphs generated in 235.77 sec
>F 2867977 cores checked in 1296.39 sec
>A nauty-genbg n=6+15 e=33:33 d=4:0 D=7:3  class=84/100
>Z 2865038 graphs generated in 235.89 sec
>F 2865038 cores checked in 1301.40 sec
>A nauty-genbg n=6+15 e=33:33 d=4:0 D=7:3  class=85/100
>Z 2870048 graphs generated in 235.90 sec
>F 2870048 cores checked in 1303.11 sec
>A nauty-genbg n=6+15 e=33:33 d=4:0 D=7:3  class=86/100
>Z 2878420 graphs generated in 236.22 sec
>F 2878420 cores checked in 1305.73 sec
>A nauty-genbg n=6+15 e=33:33 d=4:0 D=7:3  class=87/100
>Z 2876552 graphs generated in 236.23 sec
>F 2876552 cores checked in 1308.94 sec
>A nauty-genbg n=6+15 e=33:33 d=4:0 D=7:3  class=88/100
>Z 2868176 graphs generated in 236.55 sec
>F 2868176 cores checked in 1297.14 sec
>A nauty-genbg n=6+15 e=33:33 d=4:0 D=7:3  class=89/100
>Z 2887394 graphs generated in 236.11 sec
>F 2887394 cores checked in 1300.65 sec
>A nauty-genbg n=6+15 e=33:33 d=4:0 D=7:3  class=90/100
>Z 2864872 graphs generated in 236.05 sec
>F 2864872 cores checked in 1304.23 sec
>A nauty-genbg n=6+15 e=33:33 d=4:0 D=7:3  class=91/100
>Z 2857748 graphs generated in 236.04 sec
>F 2857748 cores checked in 1294.62 sec
>A nauty-genbg n=6+15 e=33:33 d=4:0 D=7:3  class=92/100
>Z 2856259 graphs generated in 236.03 sec
>F 2856259 cores checked in 1288.75 sec
>A nauty-genbg n=6+15 e=33:33 d=4:0 D=7:3  class=93/100
>Z 2870502 graphs generated in 236.27 sec
>F 2870502 cores checked in 1298.86 sec
>A nauty-genbg n=6+15 e=33:33 d=4:0 D=7:3  class=94/100
>Z 2855773 graphs generated in 235.66 sec
>F 2855773 cores checked in 1300.13 sec
>A nauty-genbg n=6+15 e=33:33 d=4:0 D=7:3  class=95/100
>Z 2863161 graphs generated in 236.12 sec
>F 2863161 cores checked in 1294.43 sec
>A nauty-genbg n=6+15 e=33:33 d=4:0 D=7:3  class=96/100
>Z 2865216 graphs generated in 236.32 sec
>F 2865216 cores checked in 1299.24 sec
>A nauty-genbg n=6+15 e=33:33 d=4:0 D=7:3  class=97/100
>Z 2855285 graphs generated in 235.93 sec
>F 2855285 cores checked in 1294.68 sec
>A nauty-genbg n=6+15 e=33:33 d=4:0 D=7:3  class=98/100
>Z 2865072 graphs generated in 236.16 sec
>F 2865072 cores checked in 1300.61 sec
>A nauty-genbg n=6+15 e=33:33 d=4:0 D=7:3  class=99/100
>Z 2871440 graphs generated in 236.21 sec
>F 2871440 cores checked in 1302.41 sec



===Total number of cores generated: 286752318
===Total number of cores checked: 286752318
===Total time for generation: 23666.42 seconds
===Total time for checking: 129962.55 seconds
===Total number of exceptional cores: 0
