=== Log file for cores: nauty-genbg_-d6:0_-D9:3_4_17_33:33



>A nauty-genbg n=4+17 e=33:33 d=6:0 D=9:3  class=0/100
>Z 708 graphs generated in 3.29 sec
>F 708 cores checked in 0.48 sec
>A nauty-genbg n=4+17 e=33:33 d=6:0 D=9:3  class=1/100
>Z 624 graphs generated in 3.30 sec
>F 624 cores checked in 0.43 sec
>A nauty-genbg n=4+17 e=33:33 d=6:0 D=9:3  class=2/100
>Z 663 graphs generated in 3.30 sec
>F 663 cores checked in 0.45 sec
>A nauty-genbg n=4+17 e=33:33 d=6:0 D=9:3  class=3/100
>Z 666 graphs generated in 3.30 sec
>F 666 cores checked in 0.46 sec
>A nauty-genbg n=4+17 e=33:33 d=6:0 D=9:3  class=4/100
>Z 703 graphs generated in 3.30 sec
>F 703 cores checked in 0.48 sec
>A nauty-genbg n=4+17 e=33:33 d=6:0 D=9:3  class=5/100
>Z 687 graphs generated in 3.27 sec
>F 687 cores checked in 0.47 sec
>A nauty-genbg n=4+17 e=33:33 d=6:0 D=9:3  class=6/100
>Z 654 graphs generated in 3.31 sec
>F 654 cores checked in 0.45 sec
>A nauty-genbg n=4+17 e=33:33 d=6:0 D=9:3  class=7/100
>Z 691 graphs generated in 3.31 sec
>F 691 cores checked in 0.47 sec
>A nauty-genbg n=4+17 e=33:33 d=6:0 D=9:3  class=8/100
>Z 655 graphs generated in 3.29 sec
>F 655 cores checked in 0.45 sec
>A nauty-genbg n=4+17 e=33:33 d=6:0 D=9:3  class=9/100
>Z 620 graphs generated in 3.30 sec
>F 620 cores checked in 0.42 sec
>A nauty-genbg n=4+17 e=33:33 d=6:0 D=9:3  class=10/100
>Z 620 graphs generated in 3.30 sec
>F 620 cores checked in 0.43 sec
>A nauty-genbg n=4+17 e=33:33 d=6:0 D=9:3  class=11/100
>Z 662 graphs generated in 3.26 sec
>F 662 cores checked in 0.46 sec
>A nauty-genbg n=4+17 e=33:33 d=6:0 D=9:3  class=12/100
>Z 716 graphs generated in 3.30 sec
>F 716 cores checked in 0.49 sec
>A nauty-genbg n=4+17 e=33:33 d=6:0 D=9:3  class=13/100
>Z 618 graphs generated in 3.39 sec
>F 618 cores checked in 0.43 sec
>A nauty-genbg n=4+17 e=33:33 d=6:0 D=9:3  class=14/100
>Z 617 graphs generated in 3.30 sec
>F 617 cores checked in 0.43 sec
>A nauty-genbg n=4+17 e=33:33 d=6:0 D=9:3  class=15/100
>Z 619 graphs generated in 3.30 sec
>F 619 cores checked in 0.42 sec
>A nauty-genbg n=4+17 e=33:33 d=6:0 D=9:3  class=16/100
>Z 690 graphs generated in 3.31 sec
>F 690 cores checked in 0.47 sec
>A nauty-genbg n=4+17 e=33:33 d=6:0 D=9:3  class=17/100
>Z 684 graphs generated in 3.30 sec
>F 684 cores checked in 16.42 sec
>A nauty-genbg n=4+17 e=33:33 d=6:0 D=9:3  class=18/100
>Z 700 graphs generated in 3.30 sec
>F 700 cores checked in 0.48 sec
>A nauty-genbg n=4+17 e=33:33 d=6:0 D=9:3  class=19/100
>Z 604 graphs generated in 3.27 sec
>F 604 cores checked in 0.41 sec
>A nauty-genbg n=4+17 e=33:33 d=6:0 D=9:3  class=20/100
>Z 689 graphs generated in 3.28 sec
>F 689 cores checked in 0.47 sec
>A nauty-genbg n=4+17 e=33:33 d=6:0 D=9:3  class=21/100
>Z 659 graphs generated in 3.33 sec
>F 659 cores checked in 0.45 sec
>A nauty-genbg n=4+17 e=33:33 d=6:0 D=9:3  class=22/100
>Z 624 graphs generated in 3.25 sec
>F 624 cores checked in 0.43 sec
>A nauty-genbg n=4+17 e=33:33 d=6:0 D=9:3  class=23/100
>Z 634 graphs generated in 3.31 sec
>F 634 cores checked in 0.44 sec
>A nauty-genbg n=4+17 e=33:33 d=6:0 D=9:3  class=24/100
>Z 678 graphs generated in 3.30 sec
>F 678 cores checked in 0.47 sec
>A nauty-genbg n=4+17 e=33:33 d=6:0 D=9:3  class=25/100
>Z 712 graphs generated in 3.32 sec
>F 712 cores checked in 0.49 sec
>A nauty-genbg n=4+17 e=33:33 d=6:0 D=9:3  class=26/100
>Z 623 graphs generated in 3.32 sec
>F 623 cores checked in 0.43 sec
>A nauty-genbg n=4+17 e=33:33 d=6:0 D=9:3  class=27/100
>Z 605 graphs generated in 3.20 sec
>F 605 cores checked in 0.41 sec
>A nauty-genbg n=4+17 e=33:33 d=6:0 D=9:3  class=28/100
>Z 636 graphs generated in 3.31 sec
>F 636 cores checked in 0.44 sec
>A nauty-genbg n=4+17 e=33:33 d=6:0 D=9:3  class=29/100
>Z 616 graphs generated in 3.37 sec
>F 616 cores checked in 0.43 sec
>A nauty-genbg n=4+17 e=33:33 d=6:0 D=9:3  class=30/100
>Z 701 graphs generated in 3.30 sec
>F 701 cores checked in 0.48 sec
>A nauty-genbg n=4+17 e=33:33 d=6:0 D=9:3  class=31/100
>Z 651 graphs generated in 3.30 sec
>F 651 cores checked in 0.45 sec
>A nauty-genbg n=4+17 e=33:33 d=6:0 D=9:3  class=32/100
>Z 695 graphs generated in 3.29 sec
>F 695 cores checked in 0.48 sec
>A nauty-genbg n=4+17 e=33:33 d=6:0 D=9:3  class=33/100
>Z 566 graphs generated in 3.26 sec
>F 566 cores checked in 0.39 sec
>A nauty-genbg n=4+17 e=33:33 d=6:0 D=9:3  class=34/100
>Z 646 graphs generated in 3.30 sec
>F 646 cores checked in 0.44 sec
>A nauty-genbg n=4+17 e=33:33 d=6:0 D=9:3  class=35/100
>Z 687 graphs generated in 3.30 sec
>F 687 cores checked in 0.47 sec
>A nauty-genbg n=4+17 e=33:33 d=6:0 D=9:3  class=36/100
>Z 705 graphs generated in 3.31 sec
>F 705 cores checked in 0.48 sec
>A nauty-genbg n=4+17 e=33:33 d=6:0 D=9:3  class=37/100
>Z 648 graphs generated in 3.31 sec
>F 648 cores checked in 0.44 sec
>A nauty-genbg n=4+17 e=33:33 d=6:0 D=9:3  class=38/100
>Z 682 graphs generated in 3.31 sec
>F 682 cores checked in 0.47 sec
>A nauty-genbg n=4+17 e=33:33 d=6:0 D=9:3  class=39/100
>Z 653 graphs generated in 3.30 sec
>F 653 cores checked in 0.45 sec
>A nauty-genbg n=4+17 e=33:33 d=6:0 D=9:3  class=40/100
>Z 650 graphs generated in 3.29 sec
>F 650 cores checked in 0.45 sec
>A nauty-genbg n=4+17 e=33:33 d=6:0 D=9:3  class=41/100
>Z 627 graphs generated in 3.30 sec
>F 627 cores checked in 0.43 sec
>A nauty-genbg n=4+17 e=33:33 d=6:0 D=9:3  class=42/100
>Z 619 graphs generated in 3.10 sec
>F 619 cores checked in 0.42 sec
>A nauty-genbg n=4+17 e=33:33 d=6:0 D=9:3  class=43/100
>Z 649 graphs generated in 3.30 sec
>F 649 cores checked in 0.44 sec
>A nauty-genbg n=4+17 e=33:33 d=6:0 D=9:3  class=44/100
>Z 648 graphs generated in 3.30 sec
>F 648 cores checked in 0.44 sec
>A nauty-genbg n=4+17 e=33:33 d=6:0 D=9:3  class=45/100
>Z 655 graphs generated in 3.30 sec
>F 655 cores checked in 0.44 sec
>A nauty-genbg n=4+17 e=33:33 d=6:0 D=9:3  class=46/100
>Z 689 graphs generated in 3.31 sec
>F 689 cores checked in 0.47 sec
>A nauty-genbg n=4+17 e=33:33 d=6:0 D=9:3  class=47/100
>Z 638 graphs generated in 3.29 sec
>F 638 cores checked in 0.44 sec
>A nauty-genbg n=4+17 e=33:33 d=6:0 D=9:3  class=48/100
>Z 695 graphs generated in 3.28 sec
>F 695 cores checked in 0.47 sec
>A nauty-genbg n=4+17 e=33:33 d=6:0 D=9:3  class=49/100
>Z 666 graphs generated in 3.29 sec
>F 666 cores checked in 0.45 sec
>A nauty-genbg n=4+17 e=33:33 d=6:0 D=9:3  class=50/100
>Z 705 graphs generated in 3.30 sec
>F 705 cores checked in 0.48 sec
>A nauty-genbg n=4+17 e=33:33 d=6:0 D=9:3  class=51/100
>Z 704 graphs generated in 3.29 sec
>F 704 cores checked in 0.48 sec
>A nauty-genbg n=4+17 e=33:33 d=6:0 D=9:3  class=52/100
>Z 722 graphs generated in 3.31 sec
>F 722 cores checked in 0.49 sec
>A nauty-genbg n=4+17 e=33:33 d=6:0 D=9:3  class=53/100
>Z 694 graphs generated in 3.31 sec
>F 694 cores checked in 0.48 sec
>A nauty-genbg n=4+17 e=33:33 d=6:0 D=9:3  class=54/100
>Z 686 graphs generated in 3.30 sec
>F 686 cores checked in 0.47 sec
>A nauty-genbg n=4+17 e=33:33 d=6:0 D=9:3  class=55/100
>Z 661 graphs generated in 3.11 sec
>F 661 cores checked in 0.45 sec
>A nauty-genbg n=4+17 e=33:33 d=6:0 D=9:3  class=56/100
>Z 686 graphs generated in 3.30 sec
>F 686 cores checked in 0.47 sec
>A nauty-genbg n=4+17 e=33:33 d=6:0 D=9:3  class=57/100
>Z 648 graphs generated in 3.31 sec
>F 648 cores checked in 0.44 sec
>A nauty-genbg n=4+17 e=33:33 d=6:0 D=9:3  class=58/100
>Z 721 graphs generated in 3.31 sec
>F 721 cores checked in 0.49 sec
>A nauty-genbg n=4+17 e=33:33 d=6:0 D=9:3  class=59/100
>Z 675 graphs generated in 3.30 sec
>F 675 cores checked in 0.46 sec
>A nauty-genbg n=4+17 e=33:33 d=6:0 D=9:3  class=60/100
>Z 650 graphs generated in 3.31 sec
>F 650 cores checked in 0.44 sec
>A nauty-genbg n=4+17 e=33:33 d=6:0 D=9:3  class=61/100
>Z 673 graphs generated in 3.30 sec
>F 673 cores checked in 0.46 sec
>A nauty-genbg n=4+17 e=33:33 d=6:0 D=9:3  class=62/100
>Z 730 graphs generated in 3.30 sec
>F 730 cores checked in 0.49 sec
>A nauty-genbg n=4+17 e=33:33 d=6:0 D=9:3  class=63/100
>Z 689 graphs generated in 3.33 sec
>F 689 cores checked in 0.47 sec
>A nauty-genbg n=4+17 e=33:33 d=6:0 D=9:3  class=64/100
>Z 682 graphs generated in 3.28 sec
>F 682 cores checked in 0.46 sec
>A nauty-genbg n=4+17 e=33:33 d=6:0 D=9:3  class=65/100
>Z 637 graphs generated in 3.26 sec
>F 637 cores checked in 0.44 sec
>A nauty-genbg n=4+17 e=33:33 d=6:0 D=9:3  class=66/100
>Z 676 graphs generated in 3.29 sec
>F 676 cores checked in 0.46 sec
>A nauty-genbg n=4+17 e=33:33 d=6:0 D=9:3  class=67/100
>Z 669 graphs generated in 3.30 sec
>F 669 cores checked in 0.46 sec
>A nauty-genbg n=4+17 e=33:33 d=6:0 D=9:3  class=68/100
>Z 642 graphs generated in 3.31 sec
>F 642 cores checked in 0.44 sec
>A nauty-genbg n=4+17 e=33:33 d=6:0 D=9:3  class=69/100
>Z 651 graphs generated in 3.30 sec
>F 651 cores checked in 2.58 sec
>A nauty-genbg n=4+17 e=33:33 d=6:0 D=9:3  class=70/100
>Z 644 graphs generated in 3.31 sec
>F 644 cores checked in 0.44 sec
>A nauty-genbg n=4+17 e=33:33 d=6:0 D=9:3  class=71/100
>Z 664 graphs generated in 3.29 sec
>F 664 cores checked in 0.45 sec
>A nauty-genbg n=4+17 e=33:33 d=6:0 D=9:3  class=72/100
>Z 652 graphs generated in 3.30 sec
>F 652 cores checked in 0.44 sec
>A nauty-genbg n=4+17 e=33:33 d=6:0 D=9:3  class=73/100
>Z 652 graphs generated in 3.30 sec
>F 652 cores checked in 0.45 sec
>A nauty-genbg n=4+17 e=33:33 d=6:0 D=9:3  class=74/100
>Z 680 graphs generated in 3.26 sec
>F 680 cores checked in 0.47 sec
>A nauty-genbg n=4+17 e=33:33 d=6:0 D=9:3  class=75/100
>Z 669 graphs generated in 3.32 sec
>F 669 cores checked in 0.46 sec
>A nauty-genbg n=4+17 e=33:33 d=6:0 D=9:3  class=76/100
>Z 673 graphs generated in 3.31 sec
>F 673 cores checked in 0.46 sec
>A nauty-genbg n=4+17 e=33:33 d=6:0 D=9:3  class=77/100
>Z 613 graphs generated in 3.30 sec
>F 613 cores checked in 0.42 sec
>A nauty-genbg n=4+17 e=33:33 d=6:0 D=9:3  class=78/100
>Z 627 graphs generated in 3.30 sec
>F 627 cores checked in 0.43 sec
>A nauty-genbg n=4+17 e=33:33 d=6:0 D=9:3  class=79/100
>Z 628 graphs generated in 3.41 sec
>F 628 cores checked in 0.44 sec
>A nauty-genbg n=4+17 e=33:33 d=6:0 D=9:3  class=80/100
>Z 658 graphs generated in 3.30 sec
>F 658 cores checked in 0.45 sec
>A nauty-genbg n=4+17 e=33:33 d=6:0 D=9:3  class=81/100
>Z 722 graphs generated in 3.35 sec
>F 722 cores checked in 0.49 sec
>A nauty-genbg n=4+17 e=33:33 d=6:0 D=9:3  class=82/100
>Z 703 graphs generated in 3.32 sec
>F 703 cores checked in 0.48 sec
>A nauty-genbg n=4+17 e=33:33 d=6:0 D=9:3  class=83/100
>Z 630 graphs generated in 3.31 sec
>F 630 cores checked in 0.43 sec
>A nauty-genbg n=4+17 e=33:33 d=6:0 D=9:3  class=84/100
>Z 698 graphs generated in 3.31 sec
>F 698 cores checked in 0.48 sec
>A nauty-genbg n=4+17 e=33:33 d=6:0 D=9:3  class=85/100
>Z 633 graphs generated in 3.29 sec
>F 633 cores checked in 0.43 sec
>A nauty-genbg n=4+17 e=33:33 d=6:0 D=9:3  class=86/100
>Z 705 graphs generated in 3.31 sec
>F 705 cores checked in 0.48 sec
>A nauty-genbg n=4+17 e=33:33 d=6:0 D=9:3  class=87/100
>Z 697 graphs generated in 3.31 sec
>F 697 cores checked in 0.48 sec
>A nauty-genbg n=4+17 e=33:33 d=6:0 D=9:3  class=88/100
>Z 686 graphs generated in 3.31 sec
>F 686 cores checked in 0.47 sec
>A nauty-genbg n=4+17 e=33:33 d=6:0 D=9:3  class=89/100
>Z 663 graphs generated in 3.29 sec
>F 663 cores checked in 0.46 sec
>A nauty-genbg n=4+17 e=33:33 d=6:0 D=9:3  class=90/100
>Z 679 graphs generated in 3.30 sec
>F 679 cores checked in 0.47 sec
>A nauty-genbg n=4+17 e=33:33 d=6:0 D=9:3  class=91/100
>Z 670 graphs generated in 3.30 sec
>F 670 cores checked in 0.46 sec
>A nauty-genbg n=4+17 e=33:33 d=6:0 D=9:3  class=92/100
>Z 630 graphs generated in 3.29 sec
>F 630 cores checked in 0.44 sec
>A nauty-genbg n=4+17 e=33:33 d=6:0 D=9:3  class=93/100
>Z 690 graphs generated in 3.31 sec
>F 690 cores checked in 0.47 sec
>A nauty-genbg n=4+17 e=33:33 d=6:0 D=9:3  class=94/100
>Z 691 graphs generated in 3.33 sec
>F 691 cores checked in 0.48 sec
>A nauty-genbg n=4+17 e=33:33 d=6:0 D=9:3  class=95/100
>Z 697 graphs generated in 3.35 sec
>F 697 cores checked in 0.48 sec
>A nauty-genbg n=4+17 e=33:33 d=6:0 D=9:3  class=96/100
>Z 702 graphs generated in 3.30 sec
>F 702 cores checked in 0.48 sec
>A nauty-genbg n=4+17 e=33:33 d=6:0 D=9:3  class=97/100
>Z 692 graphs generated in 3.30 sec
>F 692 cores checked in 0.47 sec
>A nauty-genbg n=4+17 e=33:33 d=6:0 D=9:3  class=98/100
>Z 698 graphs generated in 3.30 sec
>F 698 cores checked in 0.48 sec
>A nauty-genbg n=4+17 e=33:33 d=6:0 D=9:3  class=99/100
>Z 699 graphs generated in 3.32 sec
>F 699 cores checked in 0.47 sec



===Total number of cores generated: 66593
===Total number of cores checked: 66593
===Total time for generation: 329.85 seconds
===Total time for checking: 63.68 seconds
===Total number of exceptional cores: 0
