=== Log file for cores: nauty-genbg_-d8:0_-D8:3_5_16_40:40



>A nauty-genbg n=5+16 e=40:40 d=8:0 D=8:3  class=0/100
>Z 291 graphs generated in 16.08 sec
>F 291 cores checked in 0.26 sec
>A nauty-genbg n=5+16 e=40:40 d=8:0 D=8:3  class=1/100
>Z 326 graphs generated in 16.86 sec
>F 326 cores checked in 0.29 sec
>A nauty-genbg n=5+16 e=40:40 d=8:0 D=8:3  class=2/100
>Z 309 graphs generated in 16.12 sec
>F 309 cores checked in 0.27 sec
>A nauty-genbg n=5+16 e=40:40 d=8:0 D=8:3  class=3/100
>Z 300 graphs generated in 16.13 sec
>F 300 cores checked in 0.26 sec
>A nauty-genbg n=5+16 e=40:40 d=8:0 D=8:3  class=4/100
>Z 284 graphs generated in 16.16 sec
>F 284 cores checked in 0.25 sec
>A nauty-genbg n=5+16 e=40:40 d=8:0 D=8:3  class=5/100
>Z 307 graphs generated in 16.08 sec
>F 307 cores checked in 0.27 sec
>A nauty-genbg n=5+16 e=40:40 d=8:0 D=8:3  class=6/100
>Z 287 graphs generated in 16.12 sec
>F 287 cores checked in 0.25 sec
>A nauty-genbg n=5+16 e=40:40 d=8:0 D=8:3  class=7/100
>Z 270 graphs generated in 16.13 sec
>F 270 cores checked in 0.23 sec
>A nauty-genbg n=5+16 e=40:40 d=8:0 D=8:3  class=8/100
>Z 305 graphs generated in 16.20 sec
>F 305 cores checked in 0.26 sec
>A nauty-genbg n=5+16 e=40:40 d=8:0 D=8:3  class=9/100
>Z 303 graphs generated in 15.97 sec
>F 303 cores checked in 0.27 sec
>A nauty-genbg n=5+16 e=40:40 d=8:0 D=8:3  class=10/100
>Z 336 graphs generated in 16.13 sec
>F 336 cores checked in 0.30 sec
>A nauty-genbg n=5+16 e=40:40 d=8:0 D=8:3  class=11/100
>Z 309 graphs generated in 15.95 sec
>F 309 cores checked in 0.27 sec
>A nauty-genbg n=5+16 e=40:40 d=8:0 D=8:3  class=12/100
>Z 306 graphs generated in 16.08 sec
>F 306 cores checked in 0.27 sec
>A nauty-genbg n=5+16 e=40:40 d=8:0 D=8:3  class=13/100
>Z 288 graphs generated in 16.03 sec
>F 288 cores checked in 0.25 sec
>A nauty-genbg n=5+16 e=40:40 d=8:0 D=8:3  class=14/100
>Z 298 graphs generated in 15.93 sec
>F 298 cores checked in 0.26 sec
>A nauty-genbg n=5+16 e=40:40 d=8:0 D=8:3  class=15/100
>Z 319 graphs generated in 16.17 sec
>F 319 cores checked in 0.28 sec
>A nauty-genbg n=5+16 e=40:40 d=8:0 D=8:3  class=16/100
>Z 304 graphs generated in 16.03 sec
>F 304 cores checked in 0.26 sec
>A nauty-genbg n=5+16 e=40:40 d=8:0 D=8:3  class=17/100
>Z 293 graphs generated in 16.09 sec
>F 293 cores checked in 0.25 sec
>A nauty-genbg n=5+16 e=40:40 d=8:0 D=8:3  class=18/100
>Z 324 graphs generated in 16.10 sec
>F 324 cores checked in 0.28 sec
>A nauty-genbg n=5+16 e=40:40 d=8:0 D=8:3  class=19/100
>Z 320 graphs generated in 16.07 sec
>F 320 cores checked in 0.28 sec
>A nauty-genbg n=5+16 e=40:40 d=8:0 D=8:3  class=20/100
>Z 335 graphs generated in 16.09 sec
>F 335 cores checked in 0.29 sec
>A nauty-genbg n=5+16 e=40:40 d=8:0 D=8:3  class=21/100
>Z 325 graphs generated in 16.12 sec
>F 325 cores checked in 0.28 sec
>A nauty-genbg n=5+16 e=40:40 d=8:0 D=8:3  class=22/100
>Z 331 graphs generated in 16.01 sec
>F 331 cores checked in 0.29 sec
>A nauty-genbg n=5+16 e=40:40 d=8:0 D=8:3  class=23/100
>Z 304 graphs generated in 16.12 sec
>F 304 cores checked in 0.26 sec
>A nauty-genbg n=5+16 e=40:40 d=8:0 D=8:3  class=24/100
>Z 309 graphs generated in 16.14 sec
>F 309 cores checked in 0.27 sec
>A nauty-genbg n=5+16 e=40:40 d=8:0 D=8:3  class=25/100
>Z 274 graphs generated in 16.10 sec
>F 274 cores checked in 0.24 sec
>A nauty-genbg n=5+16 e=40:40 d=8:0 D=8:3  class=26/100
>Z 333 graphs generated in 16.08 sec
>F 333 cores checked in 0.29 sec
>A nauty-genbg n=5+16 e=40:40 d=8:0 D=8:3  class=27/100
>Z 295 graphs generated in 16.05 sec
>F 295 cores checked in 0.26 sec
>A nauty-genbg n=5+16 e=40:40 d=8:0 D=8:3  class=28/100
>Z 332 graphs generated in 15.96 sec
>F 332 cores checked in 0.29 sec
>A nauty-genbg n=5+16 e=40:40 d=8:0 D=8:3  class=29/100
>Z 278 graphs generated in 15.99 sec
>F 278 cores checked in 0.24 sec
>A nauty-genbg n=5+16 e=40:40 d=8:0 D=8:3  class=30/100
>Z 333 graphs generated in 16.06 sec
>F 333 cores checked in 0.29 sec
>A nauty-genbg n=5+16 e=40:40 d=8:0 D=8:3  class=31/100
>Z 254 graphs generated in 16.10 sec
>F 254 cores checked in 0.22 sec
>A nauty-genbg n=5+16 e=40:40 d=8:0 D=8:3  class=32/100
>Z 295 graphs generated in 15.85 sec
>F 295 cores checked in 0.26 sec
>A nauty-genbg n=5+16 e=40:40 d=8:0 D=8:3  class=33/100
>Z 307 graphs generated in 15.92 sec
>F 307 cores checked in 0.26 sec
>A nauty-genbg n=5+16 e=40:40 d=8:0 D=8:3  class=34/100
>Z 297 graphs generated in 16.10 sec
>F 297 cores checked in 0.26 sec
>A nauty-genbg n=5+16 e=40:40 d=8:0 D=8:3  class=35/100
>Z 333 graphs generated in 16.08 sec
>F 333 cores checked in 0.29 sec
>A nauty-genbg n=5+16 e=40:40 d=8:0 D=8:3  class=36/100
>Z 341 graphs generated in 15.85 sec
>F 341 cores checked in 0.30 sec
>A nauty-genbg n=5+16 e=40:40 d=8:0 D=8:3  class=37/100
>Z 286 graphs generated in 16.00 sec
>F 286 cores checked in 0.25 sec
>A nauty-genbg n=5+16 e=40:40 d=8:0 D=8:3  class=38/100
>Z 316 graphs generated in 15.95 sec
>F 316 cores checked in 0.27 sec
>A nauty-genbg n=5+16 e=40:40 d=8:0 D=8:3  class=39/100
>Z 313 graphs generated in 16.00 sec
>F 313 cores checked in 0.27 sec
>A nauty-genbg n=5+16 e=40:40 d=8:0 D=8:3  class=40/100
>Z 317 graphs generated in 16.06 sec
>F 317 cores checked in 0.28 sec
>A nauty-genbg n=5+16 e=40:40 d=8:0 D=8:3  class=41/100
>Z 309 graphs generated in 15.89 sec
>F 309 cores checked in 0.27 sec
>A nauty-genbg n=5+16 e=40:40 d=8:0 D=8:3  class=42/100
>Z 324 graphs generated in 15.83 sec
>F 324 cores checked in 0.28 sec
>A nauty-genbg n=5+16 e=40:40 d=8:0 D=8:3  class=43/100
>Z 315 graphs generated in 15.82 sec
>F 315 cores checked in 0.27 sec
>A nauty-genbg n=5+16 e=40:40 d=8:0 D=8:3  class=44/100
>Z 308 graphs generated in 15.63 sec
>F 308 cores checked in 0.27 sec
>A nauty-genbg n=5+16 e=40:40 d=8:0 D=8:3  class=45/100
>Z 316 graphs generated in 15.97 sec
>F 316 cores checked in 0.28 sec
>A nauty-genbg n=5+16 e=40:40 d=8:0 D=8:3  class=46/100
>Z 277 graphs generated in 16.11 sec
>F 277 cores checked in 0.24 sec
>A nauty-genbg n=5+16 e=40:40 d=8:0 D=8:3  class=47/100
>Z 283 graphs generated in 15.97 sec
>F 283 cores checked in 0.25 sec
>A nauty-genbg n=5+16 e=40:40 d=8:0 D=8:3  class=48/100
>Z 318 graphs generated in 15.86 sec
>F 318 cores checked in 0.27 sec
>A nauty-genbg n=5+16 e=40:40 d=8:0 D=8:3  class=49/100
>Z 302 graphs generated in 15.66 sec
>F 302 cores checked in 0.26 sec
>A nauty-genbg n=5+16 e=40:40 d=8:0 D=8:3  class=50/100
>Z 281 graphs generated in 15.81 sec
>F 281 cores checked in 0.24 sec
>A nauty-genbg n=5+16 e=40:40 d=8:0 D=8:3  class=51/100
>Z 271 graphs generated in 15.87 sec
>F 271 cores checked in 0.24 sec
>A nauty-genbg n=5+16 e=40:40 d=8:0 D=8:3  class=52/100
>Z 339 graphs generated in 16.22 sec
>F 339 cores checked in 0.29 sec
>A nauty-genbg n=5+16 e=40:40 d=8:0 D=8:3  class=53/100
>Z 303 graphs generated in 16.17 sec
>F 303 cores checked in 0.27 sec
>A nauty-genbg n=5+16 e=40:40 d=8:0 D=8:3  class=54/100
>Z 291 graphs generated in 15.98 sec
>F 291 cores checked in 0.25 sec
>A nauty-genbg n=5+16 e=40:40 d=8:0 D=8:3  class=55/100
>Z 288 graphs generated in 16.09 sec
>F 288 cores checked in 0.25 sec
>A nauty-genbg n=5+16 e=40:40 d=8:0 D=8:3  class=56/100
>Z 314 graphs generated in 16.13 sec
>F 314 cores checked in 0.27 sec
>A nauty-genbg n=5+16 e=40:40 d=8:0 D=8:3  class=57/100
>Z 310 graphs generated in 16.08 sec
>F 310 cores checked in 0.27 sec
>A nauty-genbg n=5+16 e=40:40 d=8:0 D=8:3  class=58/100
>Z 301 graphs generated in 15.89 sec
>F 301 cores checked in 0.26 sec
>A nauty-genbg n=5+16 e=40:40 d=8:0 D=8:3  class=59/100
>Z 286 graphs generated in 15.72 sec
>F 286 cores checked in 0.25 sec
>A nauty-genbg n=5+16 e=40:40 d=8:0 D=8:3  class=60/100
>Z 322 graphs generated in 15.88 sec
>F 322 cores checked in 0.28 sec
>A nauty-genbg n=5+16 e=40:40 d=8:0 D=8:3  class=61/100
>Z 292 graphs generated in 16.13 sec
>F 292 cores checked in 0.25 sec
>A nauty-genbg n=5+16 e=40:40 d=8:0 D=8:3  class=62/100
>Z 305 graphs generated in 16.02 sec
>F 305 cores checked in 0.26 sec
>A nauty-genbg n=5+16 e=40:40 d=8:0 D=8:3  class=63/100
>Z 309 graphs generated in 16.18 sec
>F 309 cores checked in 0.27 sec
>A nauty-genbg n=5+16 e=40:40 d=8:0 D=8:3  class=64/100
>Z 316 graphs generated in 15.98 sec
>F 316 cores checked in 0.27 sec
>A nauty-genbg n=5+16 e=40:40 d=8:0 D=8:3  class=65/100
>Z 293 graphs generated in 15.96 sec
>F 293 cores checked in 0.25 sec
>A nauty-genbg n=5+16 e=40:40 d=8:0 D=8:3  class=66/100
>Z 291 graphs generated in 15.93 sec
>F 291 cores checked in 0.25 sec
>A nauty-genbg n=5+16 e=40:40 d=8:0 D=8:3  class=67/100
>Z 305 graphs generated in 15.96 sec
>F 305 cores checked in 0.27 sec
>A nauty-genbg n=5+16 e=40:40 d=8:0 D=8:3  class=68/100
>Z 266 graphs generated in 15.96 sec
>F 266 cores checked in 0.23 sec
>A nauty-genbg n=5+16 e=40:40 d=8:0 D=8:3  class=69/100
>Z 311 graphs generated in 15.73 sec
>F 311 cores checked in 0.27 sec
>A nauty-genbg n=5+16 e=40:40 d=8:0 D=8:3  class=70/100
>Z 285 graphs generated in 15.85 sec
>F 285 cores checked in 0.24 sec
>A nauty-genbg n=5+16 e=40:40 d=8:0 D=8:3  class=71/100
>Z 292 graphs generated in 15.99 sec
>F 292 cores checked in 0.25 sec
>A nauty-genbg n=5+16 e=40:40 d=8:0 D=8:3  class=72/100
>Z 308 graphs generated in 16.13 sec
>F 308 cores checked in 0.26 sec
>A nauty-genbg n=5+16 e=40:40 d=8:0 D=8:3  class=73/100
>Z 279 graphs generated in 15.93 sec
>F 279 cores checked in 0.25 sec
>A nauty-genbg n=5+16 e=40:40 d=8:0 D=8:3  class=74/100
>Z 314 graphs generated in 16.13 sec
>F 314 cores checked in 0.27 sec
>A nauty-genbg n=5+16 e=40:40 d=8:0 D=8:3  class=75/100
>Z 287 graphs generated in 16.05 sec
>F 287 cores checked in 0.25 sec
>A nauty-genbg n=5+16 e=40:40 d=8:0 D=8:3  class=76/100
>Z 301 graphs generated in 15.64 sec
>F 301 cores checked in 0.26 sec
>A nauty-genbg n=5+16 e=40:40 d=8:0 D=8:3  class=77/100
>Z 321 graphs generated in 16.13 sec
>F 321 cores checked in 0.28 sec
>A nauty-genbg n=5+16 e=40:40 d=8:0 D=8:3  class=78/100
>Z 288 graphs generated in 16.23 sec
>F 288 cores checked in 0.25 sec
>A nauty-genbg n=5+16 e=40:40 d=8:0 D=8:3  class=79/100
>Z 317 graphs generated in 16.03 sec
>F 317 cores checked in 0.27 sec
>A nauty-genbg n=5+16 e=40:40 d=8:0 D=8:3  class=80/100
>Z 300 graphs generated in 15.98 sec
>F 300 cores checked in 0.26 sec
>A nauty-genbg n=5+16 e=40:40 d=8:0 D=8:3  class=81/100
>Z 303 graphs generated in 15.00 sec
>F 303 cores checked in 0.27 sec
>A nauty-genbg n=5+16 e=40:40 d=8:0 D=8:3  class=82/100
>Z 321 graphs generated in 15.93 sec
>F 321 cores checked in 0.28 sec
>A nauty-genbg n=5+16 e=40:40 d=8:0 D=8:3  class=83/100
>Z 293 graphs generated in 16.18 sec
>F 293 cores checked in 0.26 sec
>A nauty-genbg n=5+16 e=40:40 d=8:0 D=8:3  class=84/100
>Z 277 graphs generated in 15.87 sec
>F 277 cores checked in 0.24 sec
>A nauty-genbg n=5+16 e=40:40 d=8:0 D=8:3  class=85/100
>Z 313 graphs generated in 16.03 sec
>F 313 cores checked in 0.27 sec
>A nauty-genbg n=5+16 e=40:40 d=8:0 D=8:3  class=86/100
>Z 320 graphs generated in 15.99 sec
>F 320 cores checked in 0.28 sec
>A nauty-genbg n=5+16 e=40:40 d=8:0 D=8:3  class=87/100
>Z 265 graphs generated in 16.08 sec
>F 265 cores checked in 0.23 sec
>A nauty-genbg n=5+16 e=40:40 d=8:0 D=8:3  class=88/100
>Z 310 graphs generated in 15.95 sec
>F 310 cores checked in 0.27 sec
>A nauty-genbg n=5+16 e=40:40 d=8:0 D=8:3  class=89/100
>Z 295 graphs generated in 16.08 sec
>F 295 cores checked in 0.26 sec
>A nauty-genbg n=5+16 e=40:40 d=8:0 D=8:3  class=90/100
>Z 327 graphs generated in 15.97 sec
>F 327 cores checked in 0.29 sec
>A nauty-genbg n=5+16 e=40:40 d=8:0 D=8:3  class=91/100
>Z 305 graphs generated in 16.02 sec
>F 305 cores checked in 0.26 sec
>A nauty-genbg n=5+16 e=40:40 d=8:0 D=8:3  class=92/100
>Z 300 graphs generated in 16.06 sec
>F 300 cores checked in 0.26 sec
>A nauty-genbg n=5+16 e=40:40 d=8:0 D=8:3  class=93/100
>Z 297 graphs generated in 15.94 sec
>F 297 cores checked in 0.26 sec
>A nauty-genbg n=5+16 e=40:40 d=8:0 D=8:3  class=94/100
>Z 302 graphs generated in 16.15 sec
>F 302 cores checked in 0.26 sec
>A nauty-genbg n=5+16 e=40:40 d=8:0 D=8:3  class=95/100
>Z 341 graphs generated in 17.08 sec
>F 341 cores checked in 0.29 sec
>A nauty-genbg n=5+16 e=40:40 d=8:0 D=8:3  class=96/100
>Z 315 graphs generated in 16.09 sec
>F 315 cores checked in 0.27 sec
>A nauty-genbg n=5+16 e=40:40 d=8:0 D=8:3  class=97/100
>Z 288 graphs generated in 15.90 sec
>F 288 cores checked in 0.25 sec
>A nauty-genbg n=5+16 e=40:40 d=8:0 D=8:3  class=98/100
>Z 325 graphs generated in 16.08 sec
>F 325 cores checked in 0.28 sec
>A nauty-genbg n=5+16 e=40:40 d=8:0 D=8:3  class=99/100
>Z 302 graphs generated in 16.07 sec
>F 302 cores checked in 0.26 sec



===Total number of cores generated: 30424
===Total number of cores checked: 30424
===Total time for generation: 1602.05 seconds
===Total time for checking: 26.43 seconds
===Total number of exceptional cores: 0
