=== Log file for cores: nauty-genbg_-d8:0_-D9:3_4_17_35:35



>A nauty-genbg n=4+17 e=35:35 d=8:0 D=9:3  class=0/100
>Z 124 graphs generated in 1.93 sec
>F 124 cores checked in 0.09 sec
>A nauty-genbg n=4+17 e=35:35 d=8:0 D=9:3  class=1/100
>Z 144 graphs generated in 1.93 sec
>F 144 cores checked in 0.11 sec
>A nauty-genbg n=4+17 e=35:35 d=8:0 D=9:3  class=2/100
>Z 129 graphs generated in 1.71 sec
>F 129 cores checked in 0.09 sec
>A nauty-genbg n=4+17 e=35:35 d=8:0 D=9:3  class=3/100
>Z 123 graphs generated in 1.91 sec
>F 123 cores checked in 0.09 sec
>A nauty-genbg n=4+17 e=35:35 d=8:0 D=9:3  class=4/100
>Z 120 graphs generated in 1.91 sec
>F 120 cores checked in 0.09 sec
>A nauty-genbg n=4+17 e=35:35 d=8:0 D=9:3  class=5/100
>Z 115 graphs generated in 1.91 sec
>F 115 cores checked in 0.08 sec
>A nauty-genbg n=4+17 e=35:35 d=8:0 D=9:3  class=6/100
>Z 135 graphs generated in 1.93 sec
>F 135 cores checked in 0.10 sec
>A nauty-genbg n=4+17 e=35:35 d=8:0 D=9:3  class=7/100
>Z 122 graphs generated in 1.91 sec
>F 122 cores checked in 0.09 sec
>A nauty-genbg n=4+17 e=35:35 d=8:0 D=9:3  class=8/100
>Z 136 graphs generated in 1.87 sec
>F 136 cores checked in 0.10 sec
>A nauty-genbg n=4+17 e=35:35 d=8:0 D=9:3  class=9/100
>Z 125 graphs generated in 1.93 sec
>F 125 cores checked in 0.09 sec
>A nauty-genbg n=4+17 e=35:35 d=8:0 D=9:3  class=10/100
>Z 109 graphs generated in 1.94 sec
>F 109 cores checked in 0.08 sec
>A nauty-genbg n=4+17 e=35:35 d=8:0 D=9:3  class=11/100
>Z 131 graphs generated in 1.93 sec
>F 131 cores checked in 0.10 sec
>A nauty-genbg n=4+17 e=35:35 d=8:0 D=9:3  class=12/100
>Z 112 graphs generated in 1.92 sec
>F 112 cores checked in 0.08 sec
>A nauty-genbg n=4+17 e=35:35 d=8:0 D=9:3  class=13/100
>Z 118 graphs generated in 1.93 sec
>F 118 cores checked in 0.09 sec
>A nauty-genbg n=4+17 e=35:35 d=8:0 D=9:3  class=14/100
>Z 128 graphs generated in 1.93 sec
>F 128 cores checked in 0.09 sec
>A nauty-genbg n=4+17 e=35:35 d=8:0 D=9:3  class=15/100
>Z 134 graphs generated in 1.92 sec
>F 134 cores checked in 0.10 sec
>A nauty-genbg n=4+17 e=35:35 d=8:0 D=9:3  class=16/100
>Z 128 graphs generated in 1.93 sec
>F 128 cores checked in 0.09 sec
>A nauty-genbg n=4+17 e=35:35 d=8:0 D=9:3  class=17/100
>Z 126 graphs generated in 1.92 sec
>F 126 cores checked in 0.09 sec
>A nauty-genbg n=4+17 e=35:35 d=8:0 D=9:3  class=18/100
>Z 144 graphs generated in 1.87 sec
>F 144 cores checked in 0.10 sec
>A nauty-genbg n=4+17 e=35:35 d=8:0 D=9:3  class=19/100
>Z 121 graphs generated in 1.93 sec
>F 121 cores checked in 0.09 sec
>A nauty-genbg n=4+17 e=35:35 d=8:0 D=9:3  class=20/100
>Z 121 graphs generated in 1.93 sec
>F 121 cores checked in 0.09 sec
>A nauty-genbg n=4+17 e=35:35 d=8:0 D=9:3  class=21/100
>Z 113 graphs generated in 1.92 sec
>F 113 cores checked in 0.08 sec
>A nauty-genbg n=4+17 e=35:35 d=8:0 D=9:3  class=22/100
>Z 146 graphs generated in 1.94 sec
>F 146 cores checked in 0.10 sec
>A nauty-genbg n=4+17 e=35:35 d=8:0 D=9:3  class=23/100
>Z 140 graphs generated in 1.89 sec
>F 140 cores checked in 0.10 sec
>A nauty-genbg n=4+17 e=35:35 d=8:0 D=9:3  class=24/100
>Z 138 graphs generated in 1.93 sec
>F 138 cores checked in 0.10 sec
>A nauty-genbg n=4+17 e=35:35 d=8:0 D=9:3  class=25/100
>Z 126 graphs generated in 1.85 sec
>F 126 cores checked in 0.09 sec
>A nauty-genbg n=4+17 e=35:35 d=8:0 D=9:3  class=26/100
>Z 134 graphs generated in 1.93 sec
>F 134 cores checked in 0.10 sec
>A nauty-genbg n=4+17 e=35:35 d=8:0 D=9:3  class=27/100
>Z 139 graphs generated in 1.82 sec
>F 139 cores checked in 0.10 sec
>A nauty-genbg n=4+17 e=35:35 d=8:0 D=9:3  class=28/100
>Z 114 graphs generated in 1.94 sec
>F 114 cores checked in 0.08 sec
>A nauty-genbg n=4+17 e=35:35 d=8:0 D=9:3  class=29/100
>Z 139 graphs generated in 1.93 sec
>F 139 cores checked in 0.10 sec
>A nauty-genbg n=4+17 e=35:35 d=8:0 D=9:3  class=30/100
>Z 145 graphs generated in 1.93 sec
>F 145 cores checked in 0.10 sec
>A nauty-genbg n=4+17 e=35:35 d=8:0 D=9:3  class=31/100
>Z 151 graphs generated in 1.91 sec
>F 151 cores checked in 0.11 sec
>A nauty-genbg n=4+17 e=35:35 d=8:0 D=9:3  class=32/100
>Z 130 graphs generated in 1.92 sec
>F 130 cores checked in 0.10 sec
>A nauty-genbg n=4+17 e=35:35 d=8:0 D=9:3  class=33/100
>Z 105 graphs generated in 1.93 sec
>F 105 cores checked in 0.08 sec
>A nauty-genbg n=4+17 e=35:35 d=8:0 D=9:3  class=34/100
>Z 116 graphs generated in 1.92 sec
>F 116 cores checked in 0.08 sec
>A nauty-genbg n=4+17 e=35:35 d=8:0 D=9:3  class=35/100
>Z 131 graphs generated in 1.93 sec
>F 131 cores checked in 0.09 sec
>A nauty-genbg n=4+17 e=35:35 d=8:0 D=9:3  class=36/100
>Z 138 graphs generated in 1.93 sec
>F 138 cores checked in 0.10 sec
>A nauty-genbg n=4+17 e=35:35 d=8:0 D=9:3  class=37/100
>Z 98 graphs generated in 1.92 sec
>F 98 cores checked in 0.07 sec
>A nauty-genbg n=4+17 e=35:35 d=8:0 D=9:3  class=38/100
>Z 111 graphs generated in 1.93 sec
>F 111 cores checked in 0.08 sec
>A nauty-genbg n=4+17 e=35:35 d=8:0 D=9:3  class=39/100
>Z 151 graphs generated in 1.93 sec
>F 151 cores checked in 0.11 sec
>A nauty-genbg n=4+17 e=35:35 d=8:0 D=9:3  class=40/100
>Z 138 graphs generated in 1.93 sec
>F 138 cores checked in 0.10 sec
>A nauty-genbg n=4+17 e=35:35 d=8:0 D=9:3  class=41/100
>Z 114 graphs generated in 1.92 sec
>F 114 cores checked in 0.09 sec
>A nauty-genbg n=4+17 e=35:35 d=8:0 D=9:3  class=42/100
>Z 132 graphs generated in 1.93 sec
>F 132 cores checked in 0.10 sec
>A nauty-genbg n=4+17 e=35:35 d=8:0 D=9:3  class=43/100
>Z 113 graphs generated in 1.93 sec
>F 113 cores checked in 0.08 sec
>A nauty-genbg n=4+17 e=35:35 d=8:0 D=9:3  class=44/100
>Z 132 graphs generated in 1.94 sec
>F 132 cores checked in 0.10 sec
>A nauty-genbg n=4+17 e=35:35 d=8:0 D=9:3  class=45/100
>Z 137 graphs generated in 1.93 sec
>F 137 cores checked in 0.10 sec
>A nauty-genbg n=4+17 e=35:35 d=8:0 D=9:3  class=46/100
>Z 107 graphs generated in 1.69 sec
>F 107 cores checked in 0.07 sec
>A nauty-genbg n=4+17 e=35:35 d=8:0 D=9:3  class=47/100
>Z 126 graphs generated in 1.92 sec
>F 126 cores checked in 0.09 sec
>A nauty-genbg n=4+17 e=35:35 d=8:0 D=9:3  class=48/100
>Z 130 graphs generated in 1.93 sec
>F 130 cores checked in 0.09 sec
>A nauty-genbg n=4+17 e=35:35 d=8:0 D=9:3  class=49/100
>Z 142 graphs generated in 1.93 sec
>F 142 cores checked in 0.10 sec
>A nauty-genbg n=4+17 e=35:35 d=8:0 D=9:3  class=50/100
>Z 124 graphs generated in 1.92 sec
>F 124 cores checked in 0.09 sec
>A nauty-genbg n=4+17 e=35:35 d=8:0 D=9:3  class=51/100
>Z 147 graphs generated in 1.88 sec
>F 147 cores checked in 0.11 sec
>A nauty-genbg n=4+17 e=35:35 d=8:0 D=9:3  class=52/100
>Z 108 graphs generated in 1.93 sec
>F 108 cores checked in 0.08 sec
>A nauty-genbg n=4+17 e=35:35 d=8:0 D=9:3  class=53/100
>Z 143 graphs generated in 1.79 sec
>F 143 cores checked in 0.10 sec
>A nauty-genbg n=4+17 e=35:35 d=8:0 D=9:3  class=54/100
>Z 111 graphs generated in 1.82 sec
>F 111 cores checked in 0.08 sec
>A nauty-genbg n=4+17 e=35:35 d=8:0 D=9:3  class=55/100
>Z 121 graphs generated in 1.94 sec
>F 121 cores checked in 0.09 sec
>A nauty-genbg n=4+17 e=35:35 d=8:0 D=9:3  class=56/100
>Z 133 graphs generated in 1.76 sec
>F 133 cores checked in 0.10 sec
>A nauty-genbg n=4+17 e=35:35 d=8:0 D=9:3  class=57/100
>Z 146 graphs generated in 1.94 sec
>F 146 cores checked in 0.10 sec
>A nauty-genbg n=4+17 e=35:35 d=8:0 D=9:3  class=58/100
>Z 121 graphs generated in 1.68 sec
>F 121 cores checked in 0.09 sec
>A nauty-genbg n=4+17 e=35:35 d=8:0 D=9:3  class=59/100
>Z 125 graphs generated in 1.93 sec
>F 125 cores checked in 0.09 sec
>A nauty-genbg n=4+17 e=35:35 d=8:0 D=9:3  class=60/100
>Z 142 graphs generated in 1.96 sec
>F 142 cores checked in 0.10 sec
>A nauty-genbg n=4+17 e=35:35 d=8:0 D=9:3  class=61/100
>Z 137 graphs generated in 2.01 sec
>F 137 cores checked in 0.10 sec
>A nauty-genbg n=4+17 e=35:35 d=8:0 D=9:3  class=62/100
>Z 133 graphs generated in 1.95 sec
>F 133 cores checked in 0.09 sec
>A nauty-genbg n=4+17 e=35:35 d=8:0 D=9:3  class=63/100
>Z 129 graphs generated in 1.94 sec
>F 129 cores checked in 0.09 sec
>A nauty-genbg n=4+17 e=35:35 d=8:0 D=9:3  class=64/100
>Z 133 graphs generated in 1.93 sec
>F 133 cores checked in 0.10 sec
>A nauty-genbg n=4+17 e=35:35 d=8:0 D=9:3  class=65/100
>Z 115 graphs generated in 1.92 sec
>F 115 cores checked in 0.08 sec
>A nauty-genbg n=4+17 e=35:35 d=8:0 D=9:3  class=66/100
>Z 147 graphs generated in 1.92 sec
>F 147 cores checked in 0.10 sec
>A nauty-genbg n=4+17 e=35:35 d=8:0 D=9:3  class=67/100
>Z 126 graphs generated in 1.93 sec
>F 126 cores checked in 0.09 sec
>A nauty-genbg n=4+17 e=35:35 d=8:0 D=9:3  class=68/100
>Z 123 graphs generated in 1.93 sec
>F 123 cores checked in 0.09 sec
>A nauty-genbg n=4+17 e=35:35 d=8:0 D=9:3  class=69/100
>Z 123 graphs generated in 1.92 sec
>F 123 cores checked in 0.09 sec
>A nauty-genbg n=4+17 e=35:35 d=8:0 D=9:3  class=70/100
>Z 128 graphs generated in 1.92 sec
>F 128 cores checked in 0.09 sec
>A nauty-genbg n=4+17 e=35:35 d=8:0 D=9:3  class=71/100
>Z 145 graphs generated in 1.92 sec
>F 145 cores checked in 0.11 sec
>A nauty-genbg n=4+17 e=35:35 d=8:0 D=9:3  class=72/100
>Z 127 graphs generated in 1.94 sec
>F 127 cores checked in 0.09 sec
>A nauty-genbg n=4+17 e=35:35 d=8:0 D=9:3  class=73/100
>Z 127 graphs generated in 1.93 sec
>F 127 cores checked in 0.09 sec
>A nauty-genbg n=4+17 e=35:35 d=8:0 D=9:3  class=74/100
>Z 114 graphs generated in 1.93 sec
>F 114 cores checked in 0.64 sec
>A nauty-genbg n=4+17 e=35:35 d=8:0 D=9:3  class=75/100
>Z 103 graphs generated in 1.93 sec
>F 103 cores checked in 0.08 sec
>A nauty-genbg n=4+17 e=35:35 d=8:0 D=9:3  class=76/100
>Z 115 graphs generated in 1.93 sec
>F 115 cores checked in 0.09 sec
>A nauty-genbg n=4+17 e=35:35 d=8:0 D=9:3  class=77/100
>Z 112 graphs generated in 1.92 sec
>F 112 cores checked in 0.08 sec
>A nauty-genbg n=4+17 e=35:35 d=8:0 D=9:3  class=78/100
>Z 117 graphs generated in 1.92 sec
>F 117 cores checked in 0.09 sec
>A nauty-genbg n=4+17 e=35:35 d=8:0 D=9:3  class=79/100
>Z 123 graphs generated in 1.92 sec
>F 123 cores checked in 0.09 sec
>A nauty-genbg n=4+17 e=35:35 d=8:0 D=9:3  class=80/100
>Z 129 graphs generated in 1.92 sec
>F 129 cores checked in 0.09 sec
>A nauty-genbg n=4+17 e=35:35 d=8:0 D=9:3  class=81/100
>Z 125 graphs generated in 1.93 sec
>F 125 cores checked in 0.09 sec
>A nauty-genbg n=4+17 e=35:35 d=8:0 D=9:3  class=82/100
>Z 136 graphs generated in 1.91 sec
>F 136 cores checked in 0.10 sec
>A nauty-genbg n=4+17 e=35:35 d=8:0 D=9:3  class=83/100
>Z 147 graphs generated in 1.93 sec
>F 147 cores checked in 0.11 sec
>A nauty-genbg n=4+17 e=35:35 d=8:0 D=9:3  class=84/100
>Z 133 graphs generated in 1.93 sec
>F 133 cores checked in 0.09 sec
>A nauty-genbg n=4+17 e=35:35 d=8:0 D=9:3  class=85/100
>Z 141 graphs generated in 1.93 sec
>F 141 cores checked in 0.10 sec
>A nauty-genbg n=4+17 e=35:35 d=8:0 D=9:3  class=86/100
>Z 127 graphs generated in 1.92 sec
>F 127 cores checked in 0.09 sec
>A nauty-genbg n=4+17 e=35:35 d=8:0 D=9:3  class=87/100
>Z 118 graphs generated in 1.93 sec
>F 118 cores checked in 0.08 sec
>A nauty-genbg n=4+17 e=35:35 d=8:0 D=9:3  class=88/100
>Z 118 graphs generated in 1.76 sec
>F 118 cores checked in 0.09 sec
>A nauty-genbg n=4+17 e=35:35 d=8:0 D=9:3  class=89/100
>Z 134 graphs generated in 1.87 sec
>F 134 cores checked in 0.10 sec
>A nauty-genbg n=4+17 e=35:35 d=8:0 D=9:3  class=90/100
>Z 124 graphs generated in 1.93 sec
>F 124 cores checked in 0.09 sec
>A nauty-genbg n=4+17 e=35:35 d=8:0 D=9:3  class=91/100
>Z 118 graphs generated in 1.93 sec
>F 118 cores checked in 0.09 sec
>A nauty-genbg n=4+17 e=35:35 d=8:0 D=9:3  class=92/100
>Z 147 graphs generated in 1.88 sec
>F 147 cores checked in 0.11 sec
>A nauty-genbg n=4+17 e=35:35 d=8:0 D=9:3  class=93/100
>Z 123 graphs generated in 1.93 sec
>F 123 cores checked in 0.09 sec
>A nauty-genbg n=4+17 e=35:35 d=8:0 D=9:3  class=94/100
>Z 131 graphs generated in 1.75 sec
>F 131 cores checked in 0.10 sec
>A nauty-genbg n=4+17 e=35:35 d=8:0 D=9:3  class=95/100
>Z 142 graphs generated in 1.90 sec
>F 142 cores checked in 0.11 sec
>A nauty-genbg n=4+17 e=35:35 d=8:0 D=9:3  class=96/100
>Z 122 graphs generated in 1.76 sec
>F 122 cores checked in 0.09 sec
>A nauty-genbg n=4+17 e=35:35 d=8:0 D=9:3  class=97/100
>Z 125 graphs generated in 2.06 sec
>F 125 cores checked in 0.09 sec
>A nauty-genbg n=4+17 e=35:35 d=8:0 D=9:3  class=98/100
>Z 110 graphs generated in 1.95 sec
>F 110 cores checked in 0.08 sec
>A nauty-genbg n=4+17 e=35:35 d=8:0 D=9:3  class=99/100
>Z 132 graphs generated in 1.97 sec
>F 132 cores checked in 0.10 sec



===Total number of cores generated: 12761
===Total number of cores checked: 12761
===Total time for generation: 190.89 seconds
===Total time for checking: 9.82 seconds
===Total number of exceptional cores: 0
