=== Log file for cores: nauty-genbg_-d4:0_-D8:3_4_16_26:26



>A nauty-genbg n=4+16 e=26:26 d=4:0 D=8:3  class=0/100
>Z 986 graphs generated in 1.02 sec
>F 986 cores checked in 0.30 sec
>A nauty-genbg n=4+16 e=26:26 d=4:0 D=8:3  class=1/100
>Z 941 graphs generated in 1.01 sec
>F 941 cores checked in 779.44 sec
>A nauty-genbg n=4+16 e=26:26 d=4:0 D=8:3  class=2/100
>Z 963 graphs generated in 1.03 sec
>F 963 cores checked in 0.28 sec
>A nauty-genbg n=4+16 e=26:26 d=4:0 D=8:3  class=3/100
>Z 998 graphs generated in 0.98 sec
>F 998 cores checked in 0.29 sec
>A nauty-genbg n=4+16 e=26:26 d=4:0 D=8:3  class=4/100
>Z 864 graphs generated in 1.04 sec
>F 864 cores checked in 0.26 sec
>A nauty-genbg n=4+16 e=26:26 d=4:0 D=8:3  class=5/100
>Z 899 graphs generated in 1.00 sec
>F 899 cores checked in 0.26 sec
>A nauty-genbg n=4+16 e=26:26 d=4:0 D=8:3  class=6/100
>Z 968 graphs generated in 1.01 sec
>F 968 cores checked in 114.50 sec
>A nauty-genbg n=4+16 e=26:26 d=4:0 D=8:3  class=7/100
>Z 895 graphs generated in 1.01 sec
>F 895 cores checked in 49.42 sec
>A nauty-genbg n=4+16 e=26:26 d=4:0 D=8:3  class=8/100
>Z 877 graphs generated in 1.02 sec
>F 877 cores checked in 107.41 sec
>A nauty-genbg n=4+16 e=26:26 d=4:0 D=8:3  class=9/100
>Z 925 graphs generated in 0.97 sec
>F 925 cores checked in 162.83 sec
>A nauty-genbg n=4+16 e=26:26 d=4:0 D=8:3  class=10/100
>Z 918 graphs generated in 1.01 sec
>F 918 cores checked in 0.27 sec
>A nauty-genbg n=4+16 e=26:26 d=4:0 D=8:3  class=11/100
>Z 989 graphs generated in 1.02 sec
>F 989 cores checked in 0.28 sec
>A nauty-genbg n=4+16 e=26:26 d=4:0 D=8:3  class=12/100
>Z 867 graphs generated in 1.00 sec
>F 867 cores checked in 114.93 sec
>A nauty-genbg n=4+16 e=26:26 d=4:0 D=8:3  class=13/100
>Z 893 graphs generated in 1.03 sec
>F 893 cores checked in 0.27 sec
>A nauty-genbg n=4+16 e=26:26 d=4:0 D=8:3  class=14/100
>Z 921 graphs generated in 1.01 sec
>F 921 cores checked in 0.28 sec
>A nauty-genbg n=4+16 e=26:26 d=4:0 D=8:3  class=15/100
>Z 982 graphs generated in 1.01 sec
>F 982 cores checked in 0.30 sec
>A nauty-genbg n=4+16 e=26:26 d=4:0 D=8:3  class=16/100
>Z 915 graphs generated in 1.03 sec
>F 915 cores checked in 0.27 sec
>A nauty-genbg n=4+16 e=26:26 d=4:0 D=8:3  class=17/100
>Z 896 graphs generated in 1.01 sec
>F 896 cores checked in 12.80 sec
>A nauty-genbg n=4+16 e=26:26 d=4:0 D=8:3  class=18/100
>Z 914 graphs generated in 1.01 sec
>F 914 cores checked in 0.27 sec
>A nauty-genbg n=4+16 e=26:26 d=4:0 D=8:3  class=19/100
>Z 868 graphs generated in 1.03 sec
>F 868 cores checked in 0.26 sec
>A nauty-genbg n=4+16 e=26:26 d=4:0 D=8:3  class=20/100
>Z 943 graphs generated in 1.03 sec
>F 943 cores checked in 0.28 sec
>A nauty-genbg n=4+16 e=26:26 d=4:0 D=8:3  class=21/100
>Z 944 graphs generated in 0.99 sec
>F 944 cores checked in 213.51 sec
>A nauty-genbg n=4+16 e=26:26 d=4:0 D=8:3  class=22/100
>Z 921 graphs generated in 1.03 sec
>F 921 cores checked in 0.26 sec
>A nauty-genbg n=4+16 e=26:26 d=4:0 D=8:3  class=23/100
>Z 943 graphs generated in 1.01 sec
>F 943 cores checked in 0.28 sec
>A nauty-genbg n=4+16 e=26:26 d=4:0 D=8:3  class=24/100
>Z 895 graphs generated in 1.02 sec
>F 895 cores checked in 13.15 sec
>A nauty-genbg n=4+16 e=26:26 d=4:0 D=8:3  class=25/100
>Z 861 graphs generated in 1.03 sec
>F 861 cores checked in 0.26 sec
>A nauty-genbg n=4+16 e=26:26 d=4:0 D=8:3  class=26/100
>Z 920 graphs generated in 1.01 sec
>F 920 cores checked in 0.27 sec
>A nauty-genbg n=4+16 e=26:26 d=4:0 D=8:3  class=27/100
>Z 863 graphs generated in 1.02 sec
>F 863 cores checked in 0.26 sec
>A nauty-genbg n=4+16 e=26:26 d=4:0 D=8:3  class=28/100
>Z 869 graphs generated in 1.01 sec
>F 869 cores checked in 0.26 sec
>A nauty-genbg n=4+16 e=26:26 d=4:0 D=8:3  class=29/100
>Z 951 graphs generated in 1.02 sec
>F 951 cores checked in 0.27 sec
>A nauty-genbg n=4+16 e=26:26 d=4:0 D=8:3  class=30/100
>Z 816 graphs generated in 1.01 sec
>F 816 cores checked in 0.24 sec
>A nauty-genbg n=4+16 e=26:26 d=4:0 D=8:3  class=31/100
>Z 829 graphs generated in 1.02 sec
>F 829 cores checked in 0.25 sec
>A nauty-genbg n=4+16 e=26:26 d=4:0 D=8:3  class=32/100
>Z 842 graphs generated in 1.02 sec
>F 842 cores checked in 0.24 sec
>A nauty-genbg n=4+16 e=26:26 d=4:0 D=8:3  class=33/100
>Z 807 graphs generated in 1.01 sec
>F 807 cores checked in 49.09 sec
>A nauty-genbg n=4+16 e=26:26 d=4:0 D=8:3  class=34/100
>Z 992 graphs generated in 1.03 sec
>F 992 cores checked in 18.74 sec
>A nauty-genbg n=4+16 e=26:26 d=4:0 D=8:3  class=35/100
>Z 979 graphs generated in 1.01 sec
>F 979 cores checked in 0.29 sec
>A nauty-genbg n=4+16 e=26:26 d=4:0 D=8:3  class=36/100
>Z 928 graphs generated in 1.02 sec
>F 928 cores checked in 0.28 sec
>A nauty-genbg n=4+16 e=26:26 d=4:0 D=8:3  class=37/100
>Z 909 graphs generated in 1.04 sec
>F 909 cores checked in 0.27 sec
>A nauty-genbg n=4+16 e=26:26 d=4:0 D=8:3  class=38/100
>Z 915 graphs generated in 1.01 sec
>F 915 cores checked in 0.29 sec
>A nauty-genbg n=4+16 e=26:26 d=4:0 D=8:3  class=39/100
>Z 939 graphs generated in 1.01 sec
>F 939 cores checked in 0.27 sec
>A nauty-genbg n=4+16 e=26:26 d=4:0 D=8:3  class=40/100
>Z 953 graphs generated in 1.04 sec
>F 953 cores checked in 0.27 sec
>A nauty-genbg n=4+16 e=26:26 d=4:0 D=8:3  class=41/100
>Z 932 graphs generated in 1.01 sec
>F 932 cores checked in 0.28 sec
>A nauty-genbg n=4+16 e=26:26 d=4:0 D=8:3  class=42/100
>Z 921 graphs generated in 1.02 sec
>F 921 cores checked in 844.32 sec
>A nauty-genbg n=4+16 e=26:26 d=4:0 D=8:3  class=43/100
>Z 929 graphs generated in 1.02 sec
>F 929 cores checked in 0.27 sec
>A nauty-genbg n=4+16 e=26:26 d=4:0 D=8:3  class=44/100
>Z 922 graphs generated in 1.04 sec
>F 922 cores checked in 0.28 sec
>A nauty-genbg n=4+16 e=26:26 d=4:0 D=8:3  class=45/100
>Z 908 graphs generated in 1.02 sec
>F 908 cores checked in 0.26 sec
>A nauty-genbg n=4+16 e=26:26 d=4:0 D=8:3  class=46/100
>Z 854 graphs generated in 1.03 sec
>F 854 cores checked in 0.25 sec
>A nauty-genbg n=4+16 e=26:26 d=4:0 D=8:3  class=47/100
>Z 867 graphs generated in 1.01 sec
>F 867 cores checked in 0.25 sec
>A nauty-genbg n=4+16 e=26:26 d=4:0 D=8:3  class=48/100
>Z 930 graphs generated in 1.02 sec
>F 930 cores checked in 0.28 sec
>A nauty-genbg n=4+16 e=26:26 d=4:0 D=8:3  class=49/100
>Z 869 graphs generated in 1.00 sec
>F 869 cores checked in 0.26 sec
>A nauty-genbg n=4+16 e=26:26 d=4:0 D=8:3  class=50/100
>Z 899 graphs generated in 1.00 sec
>F 899 cores checked in 52.64 sec
>A nauty-genbg n=4+16 e=26:26 d=4:0 D=8:3  class=51/100
>Z 989 graphs generated in 1.01 sec
>F 989 cores checked in 23.19 sec
>A nauty-genbg n=4+16 e=26:26 d=4:0 D=8:3  class=52/100
>Z 1084 graphs generated in 1.00 sec
>F 1084 cores checked in 0.32 sec
>A nauty-genbg n=4+16 e=26:26 d=4:0 D=8:3  class=53/100
>Z 929 graphs generated in 1.01 sec
>F 929 cores checked in 0.28 sec
>A nauty-genbg n=4+16 e=26:26 d=4:0 D=8:3  class=54/100
>Z 1009 graphs generated in 1.02 sec
>F 1009 cores checked in 0.30 sec
>A nauty-genbg n=4+16 e=26:26 d=4:0 D=8:3  class=55/100
>Z 1001 graphs generated in 1.01 sec
>F 1001 cores checked in 0.29 sec
>A nauty-genbg n=4+16 e=26:26 d=4:0 D=8:3  class=56/100
>Z 905 graphs generated in 1.00 sec
>F 905 cores checked in 0.27 sec
>A nauty-genbg n=4+16 e=26:26 d=4:0 D=8:3  class=57/100
>Z 901 graphs generated in 1.01 sec
>F 901 cores checked in 0.27 sec
>A nauty-genbg n=4+16 e=26:26 d=4:0 D=8:3  class=58/100
>Z 919 graphs generated in 1.01 sec
>F 919 cores checked in 0.27 sec
>A nauty-genbg n=4+16 e=26:26 d=4:0 D=8:3  class=59/100
>Z 883 graphs generated in 1.01 sec
>F 883 cores checked in 6.73 sec
>A nauty-genbg n=4+16 e=26:26 d=4:0 D=8:3  class=60/100
>Z 893 graphs generated in 1.01 sec
>F 893 cores checked in 0.27 sec
>A nauty-genbg n=4+16 e=26:26 d=4:0 D=8:3  class=61/100
>Z 965 graphs generated in 1.02 sec
>F 965 cores checked in 0.30 sec
>A nauty-genbg n=4+16 e=26:26 d=4:0 D=8:3  class=62/100
>Z 930 graphs generated in 1.00 sec
>F 930 cores checked in 0.27 sec
>A nauty-genbg n=4+16 e=26:26 d=4:0 D=8:3  class=63/100
>Z 875 graphs generated in 1.01 sec
>F 875 cores checked in 0.26 sec
>A nauty-genbg n=4+16 e=26:26 d=4:0 D=8:3  class=64/100
>Z 910 graphs generated in 1.02 sec
>F 910 cores checked in 0.28 sec
>A nauty-genbg n=4+16 e=26:26 d=4:0 D=8:3  class=65/100
>Z 974 graphs generated in 1.01 sec
>F 974 cores checked in 0.28 sec
>A nauty-genbg n=4+16 e=26:26 d=4:0 D=8:3  class=66/100
>Z 860 graphs generated in 1.03 sec
>F 860 cores checked in 0.27 sec
>A nauty-genbg n=4+16 e=26:26 d=4:0 D=8:3  class=67/100
>Z 982 graphs generated in 1.01 sec
>F 982 cores checked in 16.40 sec
>A nauty-genbg n=4+16 e=26:26 d=4:0 D=8:3  class=68/100
>Z 939 graphs generated in 1.02 sec
>F 939 cores checked in 0.27 sec
>A nauty-genbg n=4+16 e=26:26 d=4:0 D=8:3  class=69/100
>Z 944 graphs generated in 1.01 sec
>F 944 cores checked in 0.28 sec
>A nauty-genbg n=4+16 e=26:26 d=4:0 D=8:3  class=70/100
>Z 958 graphs generated in 1.01 sec
>F 958 cores checked in 0.29 sec
>A nauty-genbg n=4+16 e=26:26 d=4:0 D=8:3  class=71/100
>Z 898 graphs generated in 0.97 sec
>F 898 cores checked in 0.27 sec
>A nauty-genbg n=4+16 e=26:26 d=4:0 D=8:3  class=72/100
>Z 943 graphs generated in 1.03 sec
>F 943 cores checked in 0.28 sec
>A nauty-genbg n=4+16 e=26:26 d=4:0 D=8:3  class=73/100
>Z 926 graphs generated in 1.04 sec
>F 926 cores checked in 0.28 sec
>A nauty-genbg n=4+16 e=26:26 d=4:0 D=8:3  class=74/100
>Z 973 graphs generated in 1.01 sec
>F 973 cores checked in 0.31 sec
>A nauty-genbg n=4+16 e=26:26 d=4:0 D=8:3  class=75/100
>Z 931 graphs generated in 1.02 sec
>F 931 cores checked in 0.28 sec
>A nauty-genbg n=4+16 e=26:26 d=4:0 D=8:3  class=76/100
>Z 1014 graphs generated in 1.01 sec
>F 1014 cores checked in 0.30 sec
>A nauty-genbg n=4+16 e=26:26 d=4:0 D=8:3  class=77/100
>Z 1036 graphs generated in 1.02 sec
>F 1036 cores checked in 0.31 sec
>A nauty-genbg n=4+16 e=26:26 d=4:0 D=8:3  class=78/100
>Z 859 graphs generated in 1.02 sec
>F 859 cores checked in 2.33 sec
>A nauty-genbg n=4+16 e=26:26 d=4:0 D=8:3  class=79/100
>Z 1008 graphs generated in 1.00 sec
>F 1008 cores checked in 0.29 sec
>A nauty-genbg n=4+16 e=26:26 d=4:0 D=8:3  class=80/100
>Z 937 graphs generated in 1.00 sec
>F 937 cores checked in 0.27 sec
>A nauty-genbg n=4+16 e=26:26 d=4:0 D=8:3  class=81/100
>Z 866 graphs generated in 1.04 sec
>F 866 cores checked in 77.89 sec
>A nauty-genbg n=4+16 e=26:26 d=4:0 D=8:3  class=82/100
>Z 963 graphs generated in 1.02 sec
>F 963 cores checked in 0.28 sec
>A nauty-genbg n=4+16 e=26:26 d=4:0 D=8:3  class=83/100
>Z 934 graphs generated in 1.01 sec
>F 934 cores checked in 0.28 sec
>A nauty-genbg n=4+16 e=26:26 d=4:0 D=8:3  class=84/100
>Z 908 graphs generated in 1.01 sec
>F 908 cores checked in 0.27 sec
>A nauty-genbg n=4+16 e=26:26 d=4:0 D=8:3  class=85/100
>Z 912 graphs generated in 1.01 sec
>F 912 cores checked in 216.00 sec
>A nauty-genbg n=4+16 e=26:26 d=4:0 D=8:3  class=86/100
>Z 906 graphs generated in 1.01 sec
>F 906 cores checked in 0.26 sec
>A nauty-genbg n=4+16 e=26:26 d=4:0 D=8:3  class=87/100
>Z 915 graphs generated in 1.00 sec
>F 915 cores checked in 0.27 sec
>A nauty-genbg n=4+16 e=26:26 d=4:0 D=8:3  class=88/100
>Z 880 graphs generated in 1.02 sec
>F 880 cores checked in 0.26 sec
>A nauty-genbg n=4+16 e=26:26 d=4:0 D=8:3  class=89/100
>Z 953 graphs generated in 1.10 sec
>F 953 cores checked in 0.29 sec
>A nauty-genbg n=4+16 e=26:26 d=4:0 D=8:3  class=90/100
>Z 996 graphs generated in 1.01 sec
>F 996 cores checked in 0.29 sec
>A nauty-genbg n=4+16 e=26:26 d=4:0 D=8:3  class=91/100
>Z 1022 graphs generated in 1.01 sec
>F 1022 cores checked in 0.30 sec
>A nauty-genbg n=4+16 e=26:26 d=4:0 D=8:3  class=92/100
>Z 960 graphs generated in 1.00 sec
>F 960 cores checked in 46.80 sec
>A nauty-genbg n=4+16 e=26:26 d=4:0 D=8:3  class=93/100
>Z 954 graphs generated in 1.02 sec
>F 954 cores checked in 0.27 sec
>A nauty-genbg n=4+16 e=26:26 d=4:0 D=8:3  class=94/100
>Z 862 graphs generated in 1.01 sec
>F 862 cores checked in 0.26 sec
>A nauty-genbg n=4+16 e=26:26 d=4:0 D=8:3  class=95/100
>Z 911 graphs generated in 1.01 sec
>F 911 cores checked in 0.27 sec
>A nauty-genbg n=4+16 e=26:26 d=4:0 D=8:3  class=96/100
>Z 932 graphs generated in 1.02 sec
>F 932 cores checked in 3.36 sec
>A nauty-genbg n=4+16 e=26:26 d=4:0 D=8:3  class=97/100
>Z 957 graphs generated in 0.94 sec
>F 957 cores checked in 0.28 sec
>A nauty-genbg n=4+16 e=26:26 d=4:0 D=8:3  class=98/100
>Z 828 graphs generated in 1.02 sec
>F 828 cores checked in 118.25 sec
>A nauty-genbg n=4+16 e=26:26 d=4:0 D=8:3  class=99/100
>Z 984 graphs generated in 1.01 sec
>F 984 cores checked in 14.13 sec



===Total number of cores generated: 92547
===Total number of cores checked: 92547
===Total time for generation: 101.43 seconds
===Total time for checking: 3079.06 seconds
===Total number of exceptional cores: 0
