=== Log file for cores: nauty-genbg_-d4:0_-D8:3_4_16_28:28



>A nauty-genbg n=4+16 e=28:28 d=4:0 D=8:3  class=0/100
>Z 761 graphs generated in 1.32 sec
>F 761 cores checked in 0.30 sec
>A nauty-genbg n=4+16 e=28:28 d=4:0 D=8:3  class=1/100
>Z 651 graphs generated in 1.33 sec
>F 651 cores checked in 0.27 sec
>A nauty-genbg n=4+16 e=28:28 d=4:0 D=8:3  class=2/100
>Z 740 graphs generated in 1.33 sec
>F 740 cores checked in 0.29 sec
>A nauty-genbg n=4+16 e=28:28 d=4:0 D=8:3  class=3/100
>Z 597 graphs generated in 1.31 sec
>F 597 cores checked in 0.25 sec
>A nauty-genbg n=4+16 e=28:28 d=4:0 D=8:3  class=4/100
>Z 676 graphs generated in 1.32 sec
>F 676 cores checked in 0.27 sec
>A nauty-genbg n=4+16 e=28:28 d=4:0 D=8:3  class=5/100
>Z 662 graphs generated in 1.31 sec
>F 662 cores checked in 0.27 sec
>A nauty-genbg n=4+16 e=28:28 d=4:0 D=8:3  class=6/100
>Z 658 graphs generated in 1.33 sec
>F 658 cores checked in 0.28 sec
>A nauty-genbg n=4+16 e=28:28 d=4:0 D=8:3  class=7/100
>Z 658 graphs generated in 1.29 sec
>F 658 cores checked in 0.26 sec
>A nauty-genbg n=4+16 e=28:28 d=4:0 D=8:3  class=8/100
>Z 618 graphs generated in 1.25 sec
>F 618 cores checked in 11.11 sec
>A nauty-genbg n=4+16 e=28:28 d=4:0 D=8:3  class=9/100
>Z 682 graphs generated in 1.30 sec
>F 682 cores checked in 0.27 sec
>A nauty-genbg n=4+16 e=28:28 d=4:0 D=8:3  class=10/100
>Z 676 graphs generated in 1.31 sec
>F 676 cores checked in 0.27 sec
>A nauty-genbg n=4+16 e=28:28 d=4:0 D=8:3  class=11/100
>Z 622 graphs generated in 1.31 sec
>F 622 cores checked in 0.24 sec
>A nauty-genbg n=4+16 e=28:28 d=4:0 D=8:3  class=12/100
>Z 707 graphs generated in 1.35 sec
>F 707 cores checked in 0.27 sec
>A nauty-genbg n=4+16 e=28:28 d=4:0 D=8:3  class=13/100
>Z 651 graphs generated in 1.32 sec
>F 651 cores checked in 0.27 sec
>A nauty-genbg n=4+16 e=28:28 d=4:0 D=8:3  class=14/100
>Z 612 graphs generated in 1.31 sec
>F 612 cores checked in 0.25 sec
>A nauty-genbg n=4+16 e=28:28 d=4:0 D=8:3  class=15/100
>Z 640 graphs generated in 1.31 sec
>F 640 cores checked in 0.26 sec
>A nauty-genbg n=4+16 e=28:28 d=4:0 D=8:3  class=16/100
>Z 681 graphs generated in 1.34 sec
>F 681 cores checked in 0.27 sec
>A nauty-genbg n=4+16 e=28:28 d=4:0 D=8:3  class=17/100
>Z 659 graphs generated in 1.30 sec
>F 659 cores checked in 0.27 sec
>A nauty-genbg n=4+16 e=28:28 d=4:0 D=8:3  class=18/100
>Z 746 graphs generated in 1.33 sec
>F 746 cores checked in 0.29 sec
>A nauty-genbg n=4+16 e=28:28 d=4:0 D=8:3  class=19/100
>Z 653 graphs generated in 1.32 sec
>F 653 cores checked in 4.45 sec
>A nauty-genbg n=4+16 e=28:28 d=4:0 D=8:3  class=20/100
>Z 752 graphs generated in 1.31 sec
>F 752 cores checked in 0.30 sec
>A nauty-genbg n=4+16 e=28:28 d=4:0 D=8:3  class=21/100
>Z 763 graphs generated in 1.31 sec
>F 763 cores checked in 0.29 sec
>A nauty-genbg n=4+16 e=28:28 d=4:0 D=8:3  class=22/100
>Z 714 graphs generated in 1.31 sec
>F 714 cores checked in 0.27 sec
>A nauty-genbg n=4+16 e=28:28 d=4:0 D=8:3  class=23/100
>Z 641 graphs generated in 1.33 sec
>F 641 cores checked in 0.26 sec
>A nauty-genbg n=4+16 e=28:28 d=4:0 D=8:3  class=24/100
>Z 722 graphs generated in 1.31 sec
>F 722 cores checked in 0.29 sec
>A nauty-genbg n=4+16 e=28:28 d=4:0 D=8:3  class=25/100
>Z 718 graphs generated in 1.31 sec
>F 718 cores checked in 0.28 sec
>A nauty-genbg n=4+16 e=28:28 d=4:0 D=8:3  class=26/100
>Z 623 graphs generated in 1.32 sec
>F 623 cores checked in 0.25 sec
>A nauty-genbg n=4+16 e=28:28 d=4:0 D=8:3  class=27/100
>Z 681 graphs generated in 1.33 sec
>F 681 cores checked in 0.27 sec
>A nauty-genbg n=4+16 e=28:28 d=4:0 D=8:3  class=28/100
>Z 648 graphs generated in 1.31 sec
>F 648 cores checked in 0.26 sec
>A nauty-genbg n=4+16 e=28:28 d=4:0 D=8:3  class=29/100
>Z 665 graphs generated in 1.33 sec
>F 665 cores checked in 0.27 sec
>A nauty-genbg n=4+16 e=28:28 d=4:0 D=8:3  class=30/100
>Z 650 graphs generated in 1.32 sec
>F 650 cores checked in 0.27 sec
>A nauty-genbg n=4+16 e=28:28 d=4:0 D=8:3  class=31/100
>Z 639 graphs generated in 1.31 sec
>F 639 cores checked in 0.26 sec
>A nauty-genbg n=4+16 e=28:28 d=4:0 D=8:3  class=32/100
>Z 563 graphs generated in 1.31 sec
>F 563 cores checked in 0.23 sec
>A nauty-genbg n=4+16 e=28:28 d=4:0 D=8:3  class=33/100
>Z 727 graphs generated in 1.32 sec
>F 727 cores checked in 0.29 sec
>A nauty-genbg n=4+16 e=28:28 d=4:0 D=8:3  class=34/100
>Z 684 graphs generated in 1.31 sec
>F 684 cores checked in 0.27 sec
>A nauty-genbg n=4+16 e=28:28 d=4:0 D=8:3  class=35/100
>Z 619 graphs generated in 1.31 sec
>F 619 cores checked in 0.26 sec
>A nauty-genbg n=4+16 e=28:28 d=4:0 D=8:3  class=36/100
>Z 700 graphs generated in 1.32 sec
>F 700 cores checked in 0.27 sec
>A nauty-genbg n=4+16 e=28:28 d=4:0 D=8:3  class=37/100
>Z 661 graphs generated in 1.32 sec
>F 661 cores checked in 0.27 sec
>A nauty-genbg n=4+16 e=28:28 d=4:0 D=8:3  class=38/100
>Z 640 graphs generated in 1.32 sec
>F 640 cores checked in 0.26 sec
>A nauty-genbg n=4+16 e=28:28 d=4:0 D=8:3  class=39/100
>Z 710 graphs generated in 1.32 sec
>F 710 cores checked in 0.29 sec
>A nauty-genbg n=4+16 e=28:28 d=4:0 D=8:3  class=40/100
>Z 652 graphs generated in 1.29 sec
>F 652 cores checked in 0.25 sec
>A nauty-genbg n=4+16 e=28:28 d=4:0 D=8:3  class=41/100
>Z 602 graphs generated in 1.29 sec
>F 602 cores checked in 0.24 sec
>A nauty-genbg n=4+16 e=28:28 d=4:0 D=8:3  class=42/100
>Z 633 graphs generated in 1.32 sec
>F 633 cores checked in 0.25 sec
>A nauty-genbg n=4+16 e=28:28 d=4:0 D=8:3  class=43/100
>Z 668 graphs generated in 1.32 sec
>F 668 cores checked in 0.27 sec
>A nauty-genbg n=4+16 e=28:28 d=4:0 D=8:3  class=44/100
>Z 699 graphs generated in 1.31 sec
>F 699 cores checked in 0.28 sec
>A nauty-genbg n=4+16 e=28:28 d=4:0 D=8:3  class=45/100
>Z 655 graphs generated in 1.32 sec
>F 655 cores checked in 24.77 sec
>A nauty-genbg n=4+16 e=28:28 d=4:0 D=8:3  class=46/100
>Z 673 graphs generated in 1.34 sec
>F 673 cores checked in 0.27 sec
>A nauty-genbg n=4+16 e=28:28 d=4:0 D=8:3  class=47/100
>Z 677 graphs generated in 1.31 sec
>F 677 cores checked in 0.26 sec
>A nauty-genbg n=4+16 e=28:28 d=4:0 D=8:3  class=48/100
>Z 629 graphs generated in 1.31 sec
>F 629 cores checked in 1.84 sec
>A nauty-genbg n=4+16 e=28:28 d=4:0 D=8:3  class=49/100
>Z 643 graphs generated in 1.33 sec
>F 643 cores checked in 0.26 sec
>A nauty-genbg n=4+16 e=28:28 d=4:0 D=8:3  class=50/100
>Z 694 graphs generated in 1.32 sec
>F 694 cores checked in 0.28 sec
>A nauty-genbg n=4+16 e=28:28 d=4:0 D=8:3  class=51/100
>Z 684 graphs generated in 1.31 sec
>F 684 cores checked in 47.87 sec
>A nauty-genbg n=4+16 e=28:28 d=4:0 D=8:3  class=52/100
>Z 607 graphs generated in 1.32 sec
>F 607 cores checked in 0.25 sec
>A nauty-genbg n=4+16 e=28:28 d=4:0 D=8:3  class=53/100
>Z 616 graphs generated in 1.31 sec
>F 616 cores checked in 0.24 sec
>A nauty-genbg n=4+16 e=28:28 d=4:0 D=8:3  class=54/100
>Z 645 graphs generated in 1.33 sec
>F 645 cores checked in 0.26 sec
>A nauty-genbg n=4+16 e=28:28 d=4:0 D=8:3  class=55/100
>Z 718 graphs generated in 1.32 sec
>F 718 cores checked in 0.30 sec
>A nauty-genbg n=4+16 e=28:28 d=4:0 D=8:3  class=56/100
>Z 618 graphs generated in 1.32 sec
>F 618 cores checked in 0.25 sec
>A nauty-genbg n=4+16 e=28:28 d=4:0 D=8:3  class=57/100
>Z 648 graphs generated in 1.32 sec
>F 648 cores checked in 0.26 sec
>A nauty-genbg n=4+16 e=28:28 d=4:0 D=8:3  class=58/100
>Z 661 graphs generated in 1.34 sec
>F 661 cores checked in 0.28 sec
>A nauty-genbg n=4+16 e=28:28 d=4:0 D=8:3  class=59/100
>Z 670 graphs generated in 1.31 sec
>F 670 cores checked in 0.28 sec
>A nauty-genbg n=4+16 e=28:28 d=4:0 D=8:3  class=60/100
>Z 616 graphs generated in 1.34 sec
>F 616 cores checked in 0.25 sec
>A nauty-genbg n=4+16 e=28:28 d=4:0 D=8:3  class=61/100
>Z 773 graphs generated in 1.32 sec
>F 773 cores checked in 0.31 sec
>A nauty-genbg n=4+16 e=28:28 d=4:0 D=8:3  class=62/100
>Z 680 graphs generated in 1.32 sec
>F 680 cores checked in 0.29 sec
>A nauty-genbg n=4+16 e=28:28 d=4:0 D=8:3  class=63/100
>Z 644 graphs generated in 1.32 sec
>F 644 cores checked in 0.25 sec
>A nauty-genbg n=4+16 e=28:28 d=4:0 D=8:3  class=64/100
>Z 678 graphs generated in 1.33 sec
>F 678 cores checked in 0.28 sec
>A nauty-genbg n=4+16 e=28:28 d=4:0 D=8:3  class=65/100
>Z 648 graphs generated in 1.31 sec
>F 648 cores checked in 0.27 sec
>A nauty-genbg n=4+16 e=28:28 d=4:0 D=8:3  class=66/100
>Z 630 graphs generated in 1.31 sec
>F 630 cores checked in 0.27 sec
>A nauty-genbg n=4+16 e=28:28 d=4:0 D=8:3  class=67/100
>Z 715 graphs generated in 1.32 sec
>F 715 cores checked in 0.30 sec
>A nauty-genbg n=4+16 e=28:28 d=4:0 D=8:3  class=68/100
>Z 684 graphs generated in 1.32 sec
>F 684 cores checked in 0.27 sec
>A nauty-genbg n=4+16 e=28:28 d=4:0 D=8:3  class=69/100
>Z 631 graphs generated in 1.33 sec
>F 631 cores checked in 0.25 sec
>A nauty-genbg n=4+16 e=28:28 d=4:0 D=8:3  class=70/100
>Z 689 graphs generated in 1.34 sec
>F 689 cores checked in 0.28 sec
>A nauty-genbg n=4+16 e=28:28 d=4:0 D=8:3  class=71/100
>Z 665 graphs generated in 1.30 sec
>F 665 cores checked in 0.26 sec
>A nauty-genbg n=4+16 e=28:28 d=4:0 D=8:3  class=72/100
>Z 670 graphs generated in 1.22 sec
>F 670 cores checked in 0.27 sec
>A nauty-genbg n=4+16 e=28:28 d=4:0 D=8:3  class=73/100
>Z 671 graphs generated in 1.31 sec
>F 671 cores checked in 0.26 sec
>A nauty-genbg n=4+16 e=28:28 d=4:0 D=8:3  class=74/100
>Z 637 graphs generated in 1.31 sec
>F 637 cores checked in 0.26 sec
>A nauty-genbg n=4+16 e=28:28 d=4:0 D=8:3  class=75/100
>Z 674 graphs generated in 1.36 sec
>F 674 cores checked in 0.26 sec
>A nauty-genbg n=4+16 e=28:28 d=4:0 D=8:3  class=76/100
>Z 702 graphs generated in 1.32 sec
>F 702 cores checked in 0.29 sec
>A nauty-genbg n=4+16 e=28:28 d=4:0 D=8:3  class=77/100
>Z 659 graphs generated in 1.32 sec
>F 659 cores checked in 0.26 sec
>A nauty-genbg n=4+16 e=28:28 d=4:0 D=8:3  class=78/100
>Z 625 graphs generated in 1.32 sec
>F 625 cores checked in 0.25 sec
>A nauty-genbg n=4+16 e=28:28 d=4:0 D=8:3  class=79/100
>Z 674 graphs generated in 1.31 sec
>F 674 cores checked in 0.26 sec
>A nauty-genbg n=4+16 e=28:28 d=4:0 D=8:3  class=80/100
>Z 646 graphs generated in 1.31 sec
>F 646 cores checked in 0.26 sec
>A nauty-genbg n=4+16 e=28:28 d=4:0 D=8:3  class=81/100
>Z 714 graphs generated in 1.35 sec
>F 714 cores checked in 48.26 sec
>A nauty-genbg n=4+16 e=28:28 d=4:0 D=8:3  class=82/100
>Z 776 graphs generated in 1.32 sec
>F 776 cores checked in 0.32 sec
>A nauty-genbg n=4+16 e=28:28 d=4:0 D=8:3  class=83/100
>Z 725 graphs generated in 1.31 sec
>F 725 cores checked in 0.28 sec
>A nauty-genbg n=4+16 e=28:28 d=4:0 D=8:3  class=84/100
>Z 686 graphs generated in 1.32 sec
>F 686 cores checked in 0.28 sec
>A nauty-genbg n=4+16 e=28:28 d=4:0 D=8:3  class=85/100
>Z 685 graphs generated in 1.32 sec
>F 685 cores checked in 0.27 sec
>A nauty-genbg n=4+16 e=28:28 d=4:0 D=8:3  class=86/100
>Z 684 graphs generated in 1.31 sec
>F 684 cores checked in 0.28 sec
>A nauty-genbg n=4+16 e=28:28 d=4:0 D=8:3  class=87/100
>Z 721 graphs generated in 1.30 sec
>F 721 cores checked in 0.29 sec
>A nauty-genbg n=4+16 e=28:28 d=4:0 D=8:3  class=88/100
>Z 655 graphs generated in 1.32 sec
>F 655 cores checked in 0.26 sec
>A nauty-genbg n=4+16 e=28:28 d=4:0 D=8:3  class=89/100
>Z 705 graphs generated in 1.32 sec
>F 705 cores checked in 0.27 sec
>A nauty-genbg n=4+16 e=28:28 d=4:0 D=8:3  class=90/100
>Z 670 graphs generated in 1.32 sec
>F 670 cores checked in 0.28 sec
>A nauty-genbg n=4+16 e=28:28 d=4:0 D=8:3  class=91/100
>Z 662 graphs generated in 1.31 sec
>F 662 cores checked in 0.27 sec
>A nauty-genbg n=4+16 e=28:28 d=4:0 D=8:3  class=92/100
>Z 591 graphs generated in 1.31 sec
>F 591 cores checked in 0.24 sec
>A nauty-genbg n=4+16 e=28:28 d=4:0 D=8:3  class=93/100
>Z 659 graphs generated in 1.31 sec
>F 659 cores checked in 0.27 sec
>A nauty-genbg n=4+16 e=28:28 d=4:0 D=8:3  class=94/100
>Z 677 graphs generated in 1.30 sec
>F 677 cores checked in 0.28 sec
>A nauty-genbg n=4+16 e=28:28 d=4:0 D=8:3  class=95/100
>Z 599 graphs generated in 1.31 sec
>F 599 cores checked in 0.25 sec
>A nauty-genbg n=4+16 e=28:28 d=4:0 D=8:3  class=96/100
>Z 649 graphs generated in 1.31 sec
>F 649 cores checked in 0.26 sec
>A nauty-genbg n=4+16 e=28:28 d=4:0 D=8:3  class=97/100
>Z 712 graphs generated in 1.32 sec
>F 712 cores checked in 0.29 sec
>A nauty-genbg n=4+16 e=28:28 d=4:0 D=8:3  class=98/100
>Z 697 graphs generated in 1.31 sec
>F 697 cores checked in 0.29 sec
>A nauty-genbg n=4+16 e=28:28 d=4:0 D=8:3  class=99/100
>Z 689 graphs generated in 1.31 sec
>F 689 cores checked in 0.29 sec



===Total number of cores generated: 66929
===Total number of cores checked: 66929
===Total time for generation: 131.58 seconds
===Total time for checking: 163.66 seconds
===Total number of exceptional cores: 0
