=== Log file for cores: nauty-genbg_-d4:0_-D7:3_7_14_36:36



>A nauty-genbg n=7+14 e=36:36 d=4:0 D=7:3  class=0/100
>Z 15174460 graphs generated in 1342.45 sec
>F 15174460 cores checked in 3640.56 sec
>A nauty-genbg n=7+14 e=36:36 d=4:0 D=7:3  class=1/100
>Z 15181229 graphs generated in 1341.12 sec
>F 15181229 cores checked in 3641.92 sec
>A nauty-genbg n=7+14 e=36:36 d=4:0 D=7:3  class=2/100
>Z 15177668 graphs generated in 1342.20 sec
>F 15177668 cores checked in 3636.77 sec
>A nauty-genbg n=7+14 e=36:36 d=4:0 D=7:3  class=3/100
>Z 15179404 graphs generated in 1341.66 sec
>F 15179404 cores checked in 3645.82 sec
>A nauty-genbg n=7+14 e=36:36 d=4:0 D=7:3  class=4/100
>Z 15189076 graphs generated in 1341.66 sec
>F 15189076 cores checked in 3630.08 sec
>A nauty-genbg n=7+14 e=36:36 d=4:0 D=7:3  class=5/100
>Z 15197487 graphs generated in 1341.79 sec
>F 15197487 cores checked in 3640.88 sec
>A nauty-genbg n=7+14 e=36:36 d=4:0 D=7:3  class=6/100
>Z 15178759 graphs generated in 1341.62 sec
>F 15178759 cores checked in 3647.57 sec
>A nauty-genbg n=7+14 e=36:36 d=4:0 D=7:3  class=7/100
>Z 15158261 graphs generated in 1341.10 sec
>F 15158261 cores checked in 3668.41 sec
>A nauty-genbg n=7+14 e=36:36 d=4:0 D=7:3  class=8/100
>Z 15187753 graphs generated in 1341.39 sec
>F 15187753 cores checked in 3634.23 sec
>A nauty-genbg n=7+14 e=36:36 d=4:0 D=7:3  class=9/100
>Z 15150431 graphs generated in 1340.85 sec
>F 15150431 cores checked in 3628.47 sec
>A nauty-genbg n=7+14 e=36:36 d=4:0 D=7:3  class=10/100
>Z 15172374 graphs generated in 1341.56 sec
>F 15172374 cores checked in 3620.52 sec
>A nauty-genbg n=7+14 e=36:36 d=4:0 D=7:3  class=11/100
>Z 15197666 graphs generated in 1343.02 sec
>F 15197666 cores checked in 3643.65 sec
>A nauty-genbg n=7+14 e=36:36 d=4:0 D=7:3  class=12/100
>Z 15169600 graphs generated in 1341.85 sec
>F 15169600 cores checked in 3641.00 sec
>A nauty-genbg n=7+14 e=36:36 d=4:0 D=7:3  class=13/100
>Z 15174643 graphs generated in 1346.37 sec
>F 15174643 cores checked in 3636.75 sec
>A nauty-genbg n=7+14 e=36:36 d=4:0 D=7:3  class=14/100
>Z 15175183 graphs generated in 1341.99 sec
>F 15175183 cores checked in 3641.00 sec
>A nauty-genbg n=7+14 e=36:36 d=4:0 D=7:3  class=15/100
>Z 15185849 graphs generated in 1342.33 sec
>F 15185849 cores checked in 3633.29 sec
>A nauty-genbg n=7+14 e=36:36 d=4:0 D=7:3  class=16/100
>Z 15200097 graphs generated in 1400.68 sec
>F 15200097 cores checked in 3645.75 sec
>A nauty-genbg n=7+14 e=36:36 d=4:0 D=7:3  class=17/100
>Z 15169850 graphs generated in 1342.00 sec
>F 15169850 cores checked in 3640.59 sec
>A nauty-genbg n=7+14 e=36:36 d=4:0 D=7:3  class=18/100
>Z 15203913 graphs generated in 1342.38 sec
>F 15203913 cores checked in 3634.01 sec
>A nauty-genbg n=7+14 e=36:36 d=4:0 D=7:3  class=19/100
>Z 15184618 graphs generated in 1342.69 sec
>F 15184618 cores checked in 3635.89 sec
>A nauty-genbg n=7+14 e=36:36 d=4:0 D=7:3  class=20/100
>Z 15177358 graphs generated in 1342.65 sec
>F 15177358 cores checked in 3646.83 sec
>A nauty-genbg n=7+14 e=36:36 d=4:0 D=7:3  class=21/100
>Z 15202657 graphs generated in 1342.69 sec
>F 15202657 cores checked in 3638.20 sec
>A nauty-genbg n=7+14 e=36:36 d=4:0 D=7:3  class=22/100
>Z 15203623 graphs generated in 1341.73 sec
>F 15203623 cores checked in 3644.95 sec
>A nauty-genbg n=7+14 e=36:36 d=4:0 D=7:3  class=23/100
>Z 15212959 graphs generated in 1341.99 sec
>F 15212959 cores checked in 3644.80 sec
>A nauty-genbg n=7+14 e=36:36 d=4:0 D=7:3  class=24/100
>Z 15179855 graphs generated in 1343.26 sec
>F 15179855 cores checked in 3634.22 sec
>A nauty-genbg n=7+14 e=36:36 d=4:0 D=7:3  class=25/100
>Z 15209107 graphs generated in 1342.84 sec
>F 15209107 cores checked in 3637.54 sec
>A nauty-genbg n=7+14 e=36:36 d=4:0 D=7:3  class=26/100
>Z 15198414 graphs generated in 1343.54 sec
>F 15198414 cores checked in 3649.95 sec
>A nauty-genbg n=7+14 e=36:36 d=4:0 D=7:3  class=27/100
>Z 15163863 graphs generated in 1342.54 sec
>F 15163863 cores checked in 3635.47 sec
>A nauty-genbg n=7+14 e=36:36 d=4:0 D=7:3  class=28/100
>Z 15184939 graphs generated in 1341.03 sec
>F 15184939 cores checked in 3635.69 sec
>A nauty-genbg n=7+14 e=36:36 d=4:0 D=7:3  class=29/100
>Z 15166554 graphs generated in 1343.09 sec
>F 15166554 cores checked in 3616.47 sec
>A nauty-genbg n=7+14 e=36:36 d=4:0 D=7:3  class=30/100
>Z 15193773 graphs generated in 1345.73 sec
>F 15193773 cores checked in 3624.49 sec
>A nauty-genbg n=7+14 e=36:36 d=4:0 D=7:3  class=31/100
>Z 15188559 graphs generated in 1342.36 sec
>F 15188559 cores checked in 3651.88 sec
>A nauty-genbg n=7+14 e=36:36 d=4:0 D=7:3  class=32/100
>Z 15170364 graphs generated in 1344.71 sec
>F 15170364 cores checked in 3633.85 sec
>A nauty-genbg n=7+14 e=36:36 d=4:0 D=7:3  class=33/100
>Z 15194571 graphs generated in 1343.09 sec
>F 15194571 cores checked in 3629.82 sec
>A nauty-genbg n=7+14 e=36:36 d=4:0 D=7:3  class=34/100
>Z 15203875 graphs generated in 1342.93 sec
>F 15203875 cores checked in 3627.84 sec
>A nauty-genbg n=7+14 e=36:36 d=4:0 D=7:3  class=35/100
>Z 15191412 graphs generated in 1344.01 sec
>F 15191412 cores checked in 3634.41 sec
>A nauty-genbg n=7+14 e=36:36 d=4:0 D=7:3  class=36/100
>Z 15203700 graphs generated in 1343.55 sec
>F 15203700 cores checked in 3645.62 sec
>A nauty-genbg n=7+14 e=36:36 d=4:0 D=7:3  class=37/100
>Z 15181708 graphs generated in 1343.19 sec
>F 15181708 cores checked in 3628.49 sec
>A nauty-genbg n=7+14 e=36:36 d=4:0 D=7:3  class=38/100
>Z 15173448 graphs generated in 1344.53 sec
>F 15173448 cores checked in 3622.65 sec
>A nauty-genbg n=7+14 e=36:36 d=4:0 D=7:3  class=39/100
>Z 15169257 graphs generated in 1343.09 sec
>F 15169257 cores checked in 3622.07 sec
>A nauty-genbg n=7+14 e=36:36 d=4:0 D=7:3  class=40/100
>Z 15213117 graphs generated in 1345.65 sec
>F 15213117 cores checked in 3630.00 sec
>A nauty-genbg n=7+14 e=36:36 d=4:0 D=7:3  class=41/100
>Z 15215530 graphs generated in 1345.24 sec
>F 15215530 cores checked in 3635.09 sec
>A nauty-genbg n=7+14 e=36:36 d=4:0 D=7:3  class=42/100
>Z 15175018 graphs generated in 1345.11 sec
>F 15175018 cores checked in 3636.29 sec
>A nauty-genbg n=7+14 e=36:36 d=4:0 D=7:3  class=43/100
>Z 15208378 graphs generated in 1344.94 sec
>F 15208378 cores checked in 3634.06 sec
>A nauty-genbg n=7+14 e=36:36 d=4:0 D=7:3  class=44/100
>Z 15181605 graphs generated in 1344.57 sec
>F 15181605 cores checked in 3633.21 sec
>A nauty-genbg n=7+14 e=36:36 d=4:0 D=7:3  class=45/100
>Z 15187012 graphs generated in 1347.07 sec
>F 15187012 cores checked in 3633.45 sec
>A nauty-genbg n=7+14 e=36:36 d=4:0 D=7:3  class=46/100
>Z 15179160 graphs generated in 1345.95 sec
>F 15179160 cores checked in 3637.79 sec
>A nauty-genbg n=7+14 e=36:36 d=4:0 D=7:3  class=47/100
>Z 15188293 graphs generated in 1347.32 sec
>F 15188293 cores checked in 3624.35 sec
>A nauty-genbg n=7+14 e=36:36 d=4:0 D=7:3  class=48/100
>Z 15179026 graphs generated in 1345.67 sec
>F 15179026 cores checked in 3629.42 sec
>A nauty-genbg n=7+14 e=36:36 d=4:0 D=7:3  class=49/100
>Z 15185608 graphs generated in 1344.64 sec
>F 15185608 cores checked in 3617.55 sec
>A nauty-genbg n=7+14 e=36:36 d=4:0 D=7:3  class=50/100
>Z 15202859 graphs generated in 1347.08 sec
>F 15202859 cores checked in 3632.59 sec
>A nauty-genbg n=7+14 e=36:36 d=4:0 D=7:3  class=51/100
>Z 15205727 graphs generated in 1345.07 sec
>F 15205727 cores checked in 3634.51 sec
>A nauty-genbg n=7+14 e=36:36 d=4:0 D=7:3  class=52/100
>Z 15162587 graphs generated in 1344.61 sec
>F 15162587 cores checked in 3627.18 sec
>A nauty-genbg n=7+14 e=36:36 d=4:0 D=7:3  class=53/100
>Z 15181830 graphs generated in 1345.18 sec
>F 15181830 cores checked in 3627.88 sec
>A nauty-genbg n=7+14 e=36:36 d=4:0 D=7:3  class=54/100
>Z 15198643 graphs generated in 1344.93 sec
>F 15198643 cores checked in 3638.15 sec
>A nauty-genbg n=7+14 e=36:36 d=4:0 D=7:3  class=55/100
>Z 15208075 graphs generated in 1344.73 sec
>F 15208075 cores checked in 3629.54 sec
>A nauty-genbg n=7+14 e=36:36 d=4:0 D=7:3  class=56/100
>Z 15211057 graphs generated in 1345.96 sec
>F 15211057 cores checked in 3642.66 sec
>A nauty-genbg n=7+14 e=36:36 d=4:0 D=7:3  class=57/100
>Z 15195749 graphs generated in 1345.05 sec
>F 15195749 cores checked in 3622.93 sec
>A nauty-genbg n=7+14 e=36:36 d=4:0 D=7:3  class=58/100
>Z 15191340 graphs generated in 1347.34 sec
>F 15191340 cores checked in 3621.07 sec
>A nauty-genbg n=7+14 e=36:36 d=4:0 D=7:3  class=59/100
>Z 15188788 graphs generated in 1347.80 sec
>F 15188788 cores checked in 3616.56 sec
>A nauty-genbg n=7+14 e=36:36 d=4:0 D=7:3  class=60/100
>Z 15198284 graphs generated in 1346.78 sec
>F 15198284 cores checked in 3624.06 sec
>A nauty-genbg n=7+14 e=36:36 d=4:0 D=7:3  class=61/100
>Z 15182044 graphs generated in 1346.97 sec
>F 15182044 cores checked in 3618.55 sec
>A nauty-genbg n=7+14 e=36:36 d=4:0 D=7:3  class=62/100
>Z 15151154 graphs generated in 1346.32 sec
>F 15151154 cores checked in 3613.15 sec
>A nauty-genbg n=7+14 e=36:36 d=4:0 D=7:3  class=63/100
>Z 15194683 graphs generated in 1347.26 sec
>F 15194683 cores checked in 3628.92 sec
>A nauty-genbg n=7+14 e=36:36 d=4:0 D=7:3  class=64/100
>Z 15200387 graphs generated in 1346.05 sec
>F 15200387 cores checked in 3624.51 sec
>A nauty-genbg n=7+14 e=36:36 d=4:0 D=7:3  class=65/100
>Z 15212404 graphs generated in 1347.82 sec
>F 15212404 cores checked in 3630.46 sec
>A nauty-genbg n=7+14 e=36:36 d=4:0 D=7:3  class=66/100
>Z 15184081 graphs generated in 1347.33 sec
>F 15184081 cores checked in 3621.86 sec
>A nauty-genbg n=7+14 e=36:36 d=4:0 D=7:3  class=67/100
>Z 15177555 graphs generated in 1346.64 sec
>F 15177555 cores checked in 3619.19 sec
>A nauty-genbg n=7+14 e=36:36 d=4:0 D=7:3  class=68/100
>Z 15190097 graphs generated in 1347.11 sec
>F 15190097 cores checked in 3621.41 sec
>A nauty-genbg n=7+14 e=36:36 d=4:0 D=7:3  class=69/100
>Z 15177640 graphs generated in 1346.54 sec
>F 15177640 cores checked in 3615.17 sec
>A nauty-genbg n=7+14 e=36:36 d=4:0 D=7:3  class=70/100
>Z 15202046 graphs generated in 1348.80 sec
>F 15202046 cores checked in 3639.00 sec
>A nauty-genbg n=7+14 e=36:36 d=4:0 D=7:3  class=71/100
>Z 15195987 graphs generated in 1347.78 sec
>F 15195987 cores checked in 3626.17 sec
>A nauty-genbg n=7+14 e=36:36 d=4:0 D=7:3  class=72/100
>Z 15188332 graphs generated in 1345.99 sec
>F 15188332 cores checked in 3630.98 sec
>A nauty-genbg n=7+14 e=36:36 d=4:0 D=7:3  class=73/100
>Z 15188951 graphs generated in 1347.91 sec
>F 15188951 cores checked in 3628.87 sec
>A nauty-genbg n=7+14 e=36:36 d=4:0 D=7:3  class=74/100
>Z 15199885 graphs generated in 1348.26 sec
>F 15199885 cores checked in 3622.20 sec
>A nauty-genbg n=7+14 e=36:36 d=4:0 D=7:3  class=75/100
>Z 15187335 graphs generated in 1347.12 sec
>F 15187335 cores checked in 3660.23 sec
>A nauty-genbg n=7+14 e=36:36 d=4:0 D=7:3  class=76/100
>Z 15177974 graphs generated in 1347.69 sec
>F 15177974 cores checked in 3630.30 sec
>A nauty-genbg n=7+14 e=36:36 d=4:0 D=7:3  class=77/100
>Z 15172319 graphs generated in 1346.66 sec
>F 15172319 cores checked in 3623.35 sec
>A nauty-genbg n=7+14 e=36:36 d=4:0 D=7:3  class=78/100
>Z 15186037 graphs generated in 1346.61 sec
>F 15186037 cores checked in 3624.64 sec
>A nauty-genbg n=7+14 e=36:36 d=4:0 D=7:3  class=79/100
>Z 15196809 graphs generated in 1347.13 sec
>F 15196809 cores checked in 3622.19 sec
>A nauty-genbg n=7+14 e=36:36 d=4:0 D=7:3  class=80/100
>Z 15229118 graphs generated in 1349.22 sec
>F 15229118 cores checked in 3627.80 sec
>A nauty-genbg n=7+14 e=36:36 d=4:0 D=7:3  class=81/100
>Z 15202407 graphs generated in 1346.88 sec
>F 15202407 cores checked in 3625.88 sec
>A nauty-genbg n=7+14 e=36:36 d=4:0 D=7:3  class=82/100
>Z 15166257 graphs generated in 1346.76 sec
>F 15166257 cores checked in 3622.81 sec
>A nauty-genbg n=7+14 e=36:36 d=4:0 D=7:3  class=83/100
>Z 15222946 graphs generated in 1348.02 sec
>F 15222946 cores checked in 3628.36 sec
>A nauty-genbg n=7+14 e=36:36 d=4:0 D=7:3  class=84/100
>Z 15172491 graphs generated in 1347.98 sec
>F 15172491 cores checked in 3629.63 sec
>A nauty-genbg n=7+14 e=36:36 d=4:0 D=7:3  class=85/100
>Z 15182066 graphs generated in 1348.86 sec
>F 15182066 cores checked in 3628.76 sec
>A nauty-genbg n=7+14 e=36:36 d=4:0 D=7:3  class=86/100
>Z 15220116 graphs generated in 1348.68 sec
>F 15220116 cores checked in 3636.76 sec
>A nauty-genbg n=7+14 e=36:36 d=4:0 D=7:3  class=87/100
>Z 15168182 graphs generated in 1347.50 sec
>F 15168182 cores checked in 3609.87 sec
>A nauty-genbg n=7+14 e=36:36 d=4:0 D=7:3  class=88/100
>Z 15182521 graphs generated in 1347.45 sec
>F 15182521 cores checked in 3634.22 sec
>A nauty-genbg n=7+14 e=36:36 d=4:0 D=7:3  class=89/100
>Z 15191933 graphs generated in 1348.31 sec
>F 15191933 cores checked in 3626.33 sec
>A nauty-genbg n=7+14 e=36:36 d=4:0 D=7:3  class=90/100
>Z 15193806 graphs generated in 1347.79 sec
>F 15193806 cores checked in 3627.88 sec
>A nauty-genbg n=7+14 e=36:36 d=4:0 D=7:3  class=91/100
>Z 15210410 graphs generated in 1348.29 sec
>F 15210410 cores checked in 3631.98 sec
>A nauty-genbg n=7+14 e=36:36 d=4:0 D=7:3  class=92/100
>Z 15178761 graphs generated in 1348.62 sec
>F 15178761 cores checked in 3618.13 sec
>A nauty-genbg n=7+14 e=36:36 d=4:0 D=7:3  class=93/100
>Z 15187239 graphs generated in 1347.95 sec
>F 15187239 cores checked in 3624.64 sec
>A nauty-genbg n=7+14 e=36:36 d=4:0 D=7:3  class=94/100
>Z 15178790 graphs generated in 1347.35 sec
>F 15178790 cores checked in 3622.12 sec
>A nauty-genbg n=7+14 e=36:36 d=4:0 D=7:3  class=95/100
>Z 15206348 graphs generated in 1347.99 sec
>F 15206348 cores checked in 3629.30 sec
>A nauty-genbg n=7+14 e=36:36 d=4:0 D=7:3  class=96/100
>Z 15172395 graphs generated in 1347.54 sec
>F 15172395 cores checked in 3628.13 sec
>A nauty-genbg n=7+14 e=36:36 d=4:0 D=7:3  class=97/100
>Z 15143441 graphs generated in 1346.45 sec
>F 15143441 cores checked in 3615.50 sec
>A nauty-genbg n=7+14 e=36:36 d=4:0 D=7:3  class=98/100
>Z 15169806 graphs generated in 1346.69 sec
>F 15169806 cores checked in 3669.78 sec
>A nauty-genbg n=7+14 e=36:36 d=4:0 D=7:3  class=99/100
>Z 15186502 graphs generated in 1347.02 sec
>F 15186502 cores checked in 3622.93 sec



===Total number of cores generated: 1518767258
===Total number of cores checked: 1518767258
===Total time for generation: 134575.29 seconds
===Total time for checking: 363182.70 seconds
===Total number of exceptional cores: 0
