=== Log file for cores: nauty-genbg_-d6:0_-D9:3_3_18_24:24



>A nauty-genbg n=3+18 e=24:24 d=6:0 D=9:3  class=0/100
>Z 10 graphs generated in 0.14 sec
>F 10 cores checked in 83414.79 sec
>A nauty-genbg n=3+18 e=24:24 d=6:0 D=9:3  class=1/100
>Z 9 graphs generated in 0.15 sec
>F 9 cores checked in 9291.42 sec
>A nauty-genbg n=3+18 e=24:24 d=6:0 D=9:3  class=2/100
>Z 13 graphs generated in 0.14 sec
>F 13 cores checked in 0.01 sec
>A nauty-genbg n=3+18 e=24:24 d=6:0 D=9:3  class=3/100
>Z 7 graphs generated in 0.14 sec
>F 7 cores checked in 0.00 sec
>A nauty-genbg n=3+18 e=24:24 d=6:0 D=9:3  class=4/100
>Z 7 graphs generated in 0.14 sec
>F 7 cores checked in 0.00 sec
>A nauty-genbg n=3+18 e=24:24 d=6:0 D=9:3  class=5/100
>Z 9 graphs generated in 0.14 sec
>F 9 cores checked in 0.01 sec
>A nauty-genbg n=3+18 e=24:24 d=6:0 D=9:3  class=6/100
>Z 12 graphs generated in 0.16 sec
>F 12 cores checked in 53547.75 sec
>A nauty-genbg n=3+18 e=24:24 d=6:0 D=9:3  class=7/100
>Z 11 graphs generated in 0.16 sec
>F 11 cores checked in 0.01 sec
>A nauty-genbg n=3+18 e=24:24 d=6:0 D=9:3  class=8/100
>Z 7 graphs generated in 0.15 sec
>F 7 cores checked in 0.00 sec
>A nauty-genbg n=3+18 e=24:24 d=6:0 D=9:3  class=9/100
>Z 10 graphs generated in 0.14 sec
>F 10 cores checked in 0.01 sec
>A nauty-genbg n=3+18 e=24:24 d=6:0 D=9:3  class=10/100
>Z 9 graphs generated in 0.15 sec
>F 9 cores checked in 22976.77 sec
>A nauty-genbg n=3+18 e=24:24 d=6:0 D=9:3  class=11/100
>Z 12 graphs generated in 0.15 sec
>F 12 cores checked in 0.01 sec
>A nauty-genbg n=3+18 e=24:24 d=6:0 D=9:3  class=12/100
>Z 7 graphs generated in 0.15 sec
>F 7 cores checked in 0.00 sec
>A nauty-genbg n=3+18 e=24:24 d=6:0 D=9:3  class=13/100
>Z 8 graphs generated in 0.14 sec
>F 8 cores checked in 15400.16 sec
>A nauty-genbg n=3+18 e=24:24 d=6:0 D=9:3  class=14/100
>Z 9 graphs generated in 0.15 sec
>F 9 cores checked in 0.01 sec
>A nauty-genbg n=3+18 e=24:24 d=6:0 D=9:3  class=15/100
>Z 8 graphs generated in 0.14 sec
>F 8 cores checked in 17248.97 sec
>A nauty-genbg n=3+18 e=24:24 d=6:0 D=9:3  class=16/100
>Z 10 graphs generated in 0.15 sec
>F 10 cores checked in 10932.21 sec
>A nauty-genbg n=3+18 e=24:24 d=6:0 D=9:3  class=17/100
>Z 10 graphs generated in 0.14 sec
>F 10 cores checked in 0.01 sec
>A nauty-genbg n=3+18 e=24:24 d=6:0 D=9:3  class=18/100
>Z 8 graphs generated in 0.15 sec
>F 8 cores checked in 0.00 sec
>A nauty-genbg n=3+18 e=24:24 d=6:0 D=9:3  class=19/100
>Z 10 graphs generated in 0.14 sec
>F 10 cores checked in 0.01 sec
>A nauty-genbg n=3+18 e=24:24 d=6:0 D=9:3  class=20/100
>Z 13 graphs generated in 0.15 sec
>F 13 cores checked in 5920.87 sec
>A nauty-genbg n=3+18 e=24:24 d=6:0 D=9:3  class=21/100
>Z 7 graphs generated in 0.15 sec
>F 7 cores checked in 0.00 sec
>A nauty-genbg n=3+18 e=24:24 d=6:0 D=9:3  class=22/100
>Z 9 graphs generated in 0.15 sec
>F 9 cores checked in 0.01 sec
>A nauty-genbg n=3+18 e=24:24 d=6:0 D=9:3  class=23/100
>Z 7 graphs generated in 0.15 sec
>F 7 cores checked in 0.00 sec
>A nauty-genbg n=3+18 e=24:24 d=6:0 D=9:3  class=24/100
>Z 10 graphs generated in 0.16 sec
>F 10 cores checked in 0.01 sec
>A nauty-genbg n=3+18 e=24:24 d=6:0 D=9:3  class=25/100
>Z 9 graphs generated in 0.15 sec
>F 9 cores checked in 31096.00 sec
>A nauty-genbg n=3+18 e=24:24 d=6:0 D=9:3  class=26/100
>Z 9 graphs generated in 0.14 sec
>F 9 cores checked in 33595.01 sec
>A nauty-genbg n=3+18 e=24:24 d=6:0 D=9:3  class=27/100
>Z 8 graphs generated in 0.15 sec
>F 8 cores checked in 0.00 sec
>A nauty-genbg n=3+18 e=24:24 d=6:0 D=9:3  class=28/100
>Z 7 graphs generated in 0.14 sec
>F 7 cores checked in 0.00 sec
>A nauty-genbg n=3+18 e=24:24 d=6:0 D=9:3  class=29/100
>Z 15 graphs generated in 0.14 sec
>F 15 cores checked in 39733.85 sec
>A nauty-genbg n=3+18 e=24:24 d=6:0 D=9:3  class=30/100
>Z 10 graphs generated in 0.15 sec
>F 10 cores checked in 33780.45 sec
>A nauty-genbg n=3+18 e=24:24 d=6:0 D=9:3  class=31/100
>Z 8 graphs generated in 0.14 sec
>F 8 cores checked in 0.00 sec
>A nauty-genbg n=3+18 e=24:24 d=6:0 D=9:3  class=32/100
>Z 8 graphs generated in 0.15 sec
>F 8 cores checked in 0.00 sec
>A nauty-genbg n=3+18 e=24:24 d=6:0 D=9:3  class=33/100
>Z 5 graphs generated in 0.15 sec
>F 5 cores checked in 0.00 sec
>A nauty-genbg n=3+18 e=24:24 d=6:0 D=9:3  class=34/100
>Z 5 graphs generated in 0.15 sec
>F 5 cores checked in 0.00 sec
>A nauty-genbg n=3+18 e=24:24 d=6:0 D=9:3  class=35/100
>Z 5 graphs generated in 0.16 sec
>F 5 cores checked in 4776.40 sec
>A nauty-genbg n=3+18 e=24:24 d=6:0 D=9:3  class=36/100
>Z 8 graphs generated in 0.15 sec
>F 8 cores checked in 11597.84 sec
>A nauty-genbg n=3+18 e=24:24 d=6:0 D=9:3  class=37/100
>Z 10 graphs generated in 0.15 sec
>F 10 cores checked in 0.01 sec
>A nauty-genbg n=3+18 e=24:24 d=6:0 D=9:3  class=38/100
>Z 9 graphs generated in 0.15 sec
>F 9 cores checked in 0.01 sec
>A nauty-genbg n=3+18 e=24:24 d=6:0 D=9:3  class=39/100
>Z 14 graphs generated in 0.15 sec
>F 14 cores checked in 0.01 sec
>A nauty-genbg n=3+18 e=24:24 d=6:0 D=9:3  class=40/100
>Z 6 graphs generated in 0.15 sec
>F 6 cores checked in 0.00 sec
>A nauty-genbg n=3+18 e=24:24 d=6:0 D=9:3  class=41/100
>Z 6 graphs generated in 0.14 sec
>F 6 cores checked in 0.00 sec
>A nauty-genbg n=3+18 e=24:24 d=6:0 D=9:3  class=42/100
>Z 7 graphs generated in 0.14 sec
>F 7 cores checked in 0.00 sec
>A nauty-genbg n=3+18 e=24:24 d=6:0 D=9:3  class=43/100
>Z 8 graphs generated in 0.15 sec
>F 8 cores checked in 0.01 sec
>A nauty-genbg n=3+18 e=24:24 d=6:0 D=9:3  class=44/100
>Z 11 graphs generated in 0.15 sec
>F 11 cores checked in 1168.53 sec
>A nauty-genbg n=3+18 e=24:24 d=6:0 D=9:3  class=45/100
>Z 10 graphs generated in 0.15 sec
>F 10 cores checked in 9886.48 sec
>A nauty-genbg n=3+18 e=24:24 d=6:0 D=9:3  class=46/100
>Z 10 graphs generated in 0.15 sec
>F 10 cores checked in 5819.19 sec
>A nauty-genbg n=3+18 e=24:24 d=6:0 D=9:3  class=47/100
>Z 13 graphs generated in 0.15 sec
>F 13 cores checked in 0.01 sec
>A nauty-genbg n=3+18 e=24:24 d=6:0 D=9:3  class=48/100
>Z 4 graphs generated in 0.15 sec
>F 4 cores checked in 0.00 sec
>A nauty-genbg n=3+18 e=24:24 d=6:0 D=9:3  class=49/100
>Z 10 graphs generated in 0.15 sec
>F 10 cores checked in 0.01 sec
>A nauty-genbg n=3+18 e=24:24 d=6:0 D=9:3  class=50/100
>Z 10 graphs generated in 0.15 sec
>F 10 cores checked in 0.01 sec
>A nauty-genbg n=3+18 e=24:24 d=6:0 D=9:3  class=51/100
>Z 7 graphs generated in 0.15 sec
>F 7 cores checked in 0.00 sec
>A nauty-genbg n=3+18 e=24:24 d=6:0 D=9:3  class=52/100
>Z 13 graphs generated in 0.15 sec
>F 13 cores checked in 29590.38 sec
>A nauty-genbg n=3+18 e=24:24 d=6:0 D=9:3  class=53/100
>Z 6 graphs generated in 0.15 sec
>F 6 cores checked in 0.00 sec
>A nauty-genbg n=3+18 e=24:24 d=6:0 D=9:3  class=54/100
>Z 9 graphs generated in 0.15 sec
>F 9 cores checked in 0.01 sec
>A nauty-genbg n=3+18 e=24:24 d=6:0 D=9:3  class=55/100
>Z 8 graphs generated in 0.15 sec
>F 8 cores checked in 0.01 sec
>A nauty-genbg n=3+18 e=24:24 d=6:0 D=9:3  class=56/100
>Z 10 graphs generated in 0.15 sec
>F 10 cores checked in 0.01 sec
>A nauty-genbg n=3+18 e=24:24 d=6:0 D=9:3  class=57/100
>Z 10 graphs generated in 0.15 sec
>F 10 cores checked in 0.01 sec
>A nauty-genbg n=3+18 e=24:24 d=6:0 D=9:3  class=58/100
>Z 8 graphs generated in 0.15 sec
>F 8 cores checked in 0.01 sec
>A nauty-genbg n=3+18 e=24:24 d=6:0 D=9:3  class=59/100
>Z 10 graphs generated in 0.15 sec
>F 10 cores checked in 33228.89 sec
>A nauty-genbg n=3+18 e=24:24 d=6:0 D=9:3  class=60/100
>Z 9 graphs generated in 0.15 sec
>F 9 cores checked in 3761.47 sec
>A nauty-genbg n=3+18 e=24:24 d=6:0 D=9:3  class=61/100
>Z 10 graphs generated in 0.15 sec
>F 10 cores checked in 0.01 sec
>A nauty-genbg n=3+18 e=24:24 d=6:0 D=9:3  class=62/100
>Z 12 graphs generated in 0.15 sec
>F 12 cores checked in 10047.25 sec
>A nauty-genbg n=3+18 e=24:24 d=6:0 D=9:3  class=63/100
>Z 8 graphs generated in 0.15 sec
>F 8 cores checked in 0.00 sec
>A nauty-genbg n=3+18 e=24:24 d=6:0 D=9:3  class=64/100
>Z 13 graphs generated in 0.15 sec
>F 13 cores checked in 0.01 sec
>A nauty-genbg n=3+18 e=24:24 d=6:0 D=9:3  class=65/100
>Z 8 graphs generated in 0.15 sec
>F 8 cores checked in 8686.58 sec
>A nauty-genbg n=3+18 e=24:24 d=6:0 D=9:3  class=66/100
>Z 8 graphs generated in 0.15 sec
>F 8 cores checked in 0.01 sec
>A nauty-genbg n=3+18 e=24:24 d=6:0 D=9:3  class=67/100
>Z 12 graphs generated in 0.14 sec
>F 12 cores checked in 14830.92 sec
>A nauty-genbg n=3+18 e=24:24 d=6:0 D=9:3  class=68/100
>Z 7 graphs generated in 0.15 sec
>F 7 cores checked in 55546.15 sec
>A nauty-genbg n=3+18 e=24:24 d=6:0 D=9:3  class=69/100
>Z 12 graphs generated in 0.14 sec
>F 12 cores checked in 20336.97 sec
>A nauty-genbg n=3+18 e=24:24 d=6:0 D=9:3  class=70/100
>Z 12 graphs generated in 0.15 sec
>F 12 cores checked in 5423.52 sec
>A nauty-genbg n=3+18 e=24:24 d=6:0 D=9:3  class=71/100
>Z 12 graphs generated in 0.15 sec
>F 12 cores checked in 0.01 sec
>A nauty-genbg n=3+18 e=24:24 d=6:0 D=9:3  class=72/100
>Z 8 graphs generated in 0.14 sec
>F 8 cores checked in 0.00 sec
>A nauty-genbg n=3+18 e=24:24 d=6:0 D=9:3  class=73/100
>Z 10 graphs generated in 0.15 sec
>F 10 cores checked in 9051.34 sec
>A nauty-genbg n=3+18 e=24:24 d=6:0 D=9:3  class=74/100
>Z 14 graphs generated in 0.15 sec
>F 14 cores checked in 0.01 sec
>A nauty-genbg n=3+18 e=24:24 d=6:0 D=9:3  class=75/100
>Z 9 graphs generated in 0.15 sec
>F 9 cores checked in 0.01 sec
>A nauty-genbg n=3+18 e=24:24 d=6:0 D=9:3  class=76/100
>Z 10 graphs generated in 0.15 sec
>F 10 cores checked in 18358.10 sec
>A nauty-genbg n=3+18 e=24:24 d=6:0 D=9:3  class=77/100
>Z 7 graphs generated in 0.15 sec
>F 7 cores checked in 0.00 sec
>A nauty-genbg n=3+18 e=24:24 d=6:0 D=9:3  class=78/100
>Z 11 graphs generated in 0.15 sec
>F 11 cores checked in 139193.13 sec
>A nauty-genbg n=3+18 e=24:24 d=6:0 D=9:3  class=79/100
>Z 10 graphs generated in 0.15 sec
>F 10 cores checked in 0.01 sec
>A nauty-genbg n=3+18 e=24:24 d=6:0 D=9:3  class=80/100
>Z 12 graphs generated in 0.15 sec
>F 12 cores checked in 0.01 sec
>A nauty-genbg n=3+18 e=24:24 d=6:0 D=9:3  class=81/100
>Z 14 graphs generated in 0.15 sec
>F 14 cores checked in 0.01 sec
>A nauty-genbg n=3+18 e=24:24 d=6:0 D=9:3  class=82/100
>Z 6 graphs generated in 0.15 sec
>F 6 cores checked in 0.00 sec
>A nauty-genbg n=3+18 e=24:24 d=6:0 D=9:3  class=83/100
>Z 10 graphs generated in 0.15 sec
>F 10 cores checked in 0.01 sec
>A nauty-genbg n=3+18 e=24:24 d=6:0 D=9:3  class=84/100
>Z 11 graphs generated in 0.15 sec
>F 11 cores checked in 0.01 sec
>A nauty-genbg n=3+18 e=24:24 d=6:0 D=9:3  class=85/100
>Z 7 graphs generated in 0.15 sec
>F 7 cores checked in 0.00 sec
>A nauty-genbg n=3+18 e=24:24 d=6:0 D=9:3  class=86/100
>Z 8 graphs generated in 0.15 sec
>F 8 cores checked in 0.00 sec
>A nauty-genbg n=3+18 e=24:24 d=6:0 D=9:3  class=87/100
>Z 10 graphs generated in 0.15 sec
>F 10 cores checked in 0.01 sec
>A nauty-genbg n=3+18 e=24:24 d=6:0 D=9:3  class=88/100
>Z 5 graphs generated in 0.15 sec
>F 5 cores checked in 0.00 sec
>A nauty-genbg n=3+18 e=24:24 d=6:0 D=9:3  class=89/100
>Z 8 graphs generated in 0.15 sec
>F 8 cores checked in 0.00 sec
>A nauty-genbg n=3+18 e=24:24 d=6:0 D=9:3  class=90/100
>Z 9 graphs generated in 0.15 sec
>F 9 cores checked in 0.01 sec
>A nauty-genbg n=3+18 e=24:24 d=6:0 D=9:3  class=91/100
>Z 6 graphs generated in 0.15 sec
>F 6 cores checked in 0.00 sec
>A nauty-genbg n=3+18 e=24:24 d=6:0 D=9:3  class=92/100
>Z 8 graphs generated in 0.15 sec
>F 8 cores checked in 35454.39 sec
>A nauty-genbg n=3+18 e=24:24 d=6:0 D=9:3  class=93/100
>Z 9 graphs generated in 0.15 sec
>F 9 cores checked in 0.00 sec
>A nauty-genbg n=3+18 e=24:24 d=6:0 D=9:3  class=94/100
>Z 6 graphs generated in 0.15 sec
>F 6 cores checked in 524.34 sec
>A nauty-genbg n=3+18 e=24:24 d=6:0 D=9:3  class=95/100
>Z 9 graphs generated in 0.15 sec
>F 9 cores checked in 0.01 sec
>A nauty-genbg n=3+18 e=24:24 d=6:0 D=9:3  class=96/100
>Z 6 graphs generated in 0.15 sec
>F 6 cores checked in 0.00 sec
>A nauty-genbg n=3+18 e=24:24 d=6:0 D=9:3  class=97/100
>Z 8 graphs generated in 0.15 sec
>F 8 cores checked in 0.00 sec
>A nauty-genbg n=3+18 e=24:24 d=6:0 D=9:3  class=98/100
>Z 6 graphs generated in 0.15 sec
>F 6 cores checked in 0.00 sec
>A nauty-genbg n=3+18 e=24:24 d=6:0 D=9:3  class=99/100
>Z 12 graphs generated in 0.15 sec
>F 12 cores checked in 833.34 sec



===Total number of cores generated: 910
===Total number of cores checked: 910
===Total time for generation: 14.85 seconds
===Total time for checking: 775053.82 seconds
===Total number of exceptional cores: 0
