=== Log file for cores: nauty-genbg_-d4:0_-D9:3_4_17_27:27



>A nauty-genbg n=4+17 e=27:27 d=4:0 D=9:3  class=0/100
>Z 2027 graphs generated in 2.04 sec
>F 2027 cores checked in 5267.96 sec
>A nauty-genbg n=4+17 e=27:27 d=4:0 D=9:3  class=1/100
>Z 2200 graphs generated in 2.04 sec
>F 2200 cores checked in 2236.35 sec
>A nauty-genbg n=4+17 e=27:27 d=4:0 D=9:3  class=2/100
>Z 2018 graphs generated in 1.96 sec
>F 2018 cores checked in 6292.66 sec
>A nauty-genbg n=4+17 e=27:27 d=4:0 D=9:3  class=3/100
>Z 2144 graphs generated in 2.03 sec
>F 2144 cores checked in 18292.95 sec
>A nauty-genbg n=4+17 e=27:27 d=4:0 D=9:3  class=4/100
>Z 2241 graphs generated in 2.04 sec
>F 2241 cores checked in 7269.15 sec
>A nauty-genbg n=4+17 e=27:27 d=4:0 D=9:3  class=5/100
>Z 2062 graphs generated in 2.04 sec
>F 2062 cores checked in 72.79 sec
>A nauty-genbg n=4+17 e=27:27 d=4:0 D=9:3  class=6/100
>Z 2058 graphs generated in 2.03 sec
>F 2058 cores checked in 18398.11 sec
>A nauty-genbg n=4+17 e=27:27 d=4:0 D=9:3  class=7/100
>Z 2188 graphs generated in 2.05 sec
>F 2188 cores checked in 7534.77 sec
>A nauty-genbg n=4+17 e=27:27 d=4:0 D=9:3  class=8/100
>Z 2135 graphs generated in 2.04 sec
>F 2135 cores checked in 3731.46 sec
>A nauty-genbg n=4+17 e=27:27 d=4:0 D=9:3  class=9/100
>Z 2318 graphs generated in 2.02 sec
>F 2318 cores checked in 1669.75 sec
>A nauty-genbg n=4+17 e=27:27 d=4:0 D=9:3  class=10/100
>Z 2151 graphs generated in 2.03 sec
>F 2151 cores checked in 6731.39 sec
>A nauty-genbg n=4+17 e=27:27 d=4:0 D=9:3  class=11/100
>Z 2194 graphs generated in 2.03 sec
>F 2194 cores checked in 6786.11 sec
>A nauty-genbg n=4+17 e=27:27 d=4:0 D=9:3  class=12/100
>Z 2179 graphs generated in 2.03 sec
>F 2179 cores checked in 7251.95 sec
>A nauty-genbg n=4+17 e=27:27 d=4:0 D=9:3  class=13/100
>Z 2170 graphs generated in 2.04 sec
>F 2170 cores checked in 22448.19 sec
>A nauty-genbg n=4+17 e=27:27 d=4:0 D=9:3  class=14/100
>Z 2193 graphs generated in 2.03 sec
>F 2193 cores checked in 743.26 sec
>A nauty-genbg n=4+17 e=27:27 d=4:0 D=9:3  class=15/100
>Z 2157 graphs generated in 2.02 sec
>F 2157 cores checked in 9092.20 sec
>A nauty-genbg n=4+17 e=27:27 d=4:0 D=9:3  class=16/100
>Z 2178 graphs generated in 2.04 sec
>F 2178 cores checked in 3568.91 sec
>A nauty-genbg n=4+17 e=27:27 d=4:0 D=9:3  class=17/100
>Z 2108 graphs generated in 2.03 sec
>F 2108 cores checked in 5153.43 sec
>A nauty-genbg n=4+17 e=27:27 d=4:0 D=9:3  class=18/100
>Z 2085 graphs generated in 2.03 sec
>F 2085 cores checked in 5986.86 sec
>A nauty-genbg n=4+17 e=27:27 d=4:0 D=9:3  class=19/100
>Z 2095 graphs generated in 2.03 sec
>F 2095 cores checked in 6411.47 sec
>A nauty-genbg n=4+17 e=27:27 d=4:0 D=9:3  class=20/100
>Z 2325 graphs generated in 2.04 sec
>F 2325 cores checked in 11648.77 sec
>A nauty-genbg n=4+17 e=27:27 d=4:0 D=9:3  class=21/100
>Z 2170 graphs generated in 2.04 sec
>F 2170 cores checked in 15830.60 sec
>A nauty-genbg n=4+17 e=27:27 d=4:0 D=9:3  class=22/100
>Z 2252 graphs generated in 2.04 sec
>F 2252 cores checked in 19921.75 sec
>A nauty-genbg n=4+17 e=27:27 d=4:0 D=9:3  class=23/100
>Z 2206 graphs generated in 2.03 sec
>F 2206 cores checked in 2493.51 sec
>A nauty-genbg n=4+17 e=27:27 d=4:0 D=9:3  class=24/100
>Z 2312 graphs generated in 2.04 sec
>F 2312 cores checked in 9842.25 sec
>A nauty-genbg n=4+17 e=27:27 d=4:0 D=9:3  class=25/100
>Z 2323 graphs generated in 2.03 sec
>F 2323 cores checked in 2996.61 sec
>A nauty-genbg n=4+17 e=27:27 d=4:0 D=9:3  class=26/100
>Z 2271 graphs generated in 2.02 sec
>F 2271 cores checked in 713.98 sec
>A nauty-genbg n=4+17 e=27:27 d=4:0 D=9:3  class=27/100
>Z 2066 graphs generated in 2.04 sec
>F 2066 cores checked in 669.05 sec
>A nauty-genbg n=4+17 e=27:27 d=4:0 D=9:3  class=28/100
>Z 2358 graphs generated in 2.03 sec
>F 2358 cores checked in 7333.11 sec
>A nauty-genbg n=4+17 e=27:27 d=4:0 D=9:3  class=29/100
>Z 2242 graphs generated in 2.01 sec
>F 2242 cores checked in 10160.09 sec
>A nauty-genbg n=4+17 e=27:27 d=4:0 D=9:3  class=30/100
>Z 2014 graphs generated in 2.02 sec
>F 2014 cores checked in 3803.24 sec
>A nauty-genbg n=4+17 e=27:27 d=4:0 D=9:3  class=31/100
>Z 2148 graphs generated in 2.02 sec
>F 2148 cores checked in 2927.26 sec
>A nauty-genbg n=4+17 e=27:27 d=4:0 D=9:3  class=32/100
>Z 2315 graphs generated in 2.02 sec
>F 2315 cores checked in 14313.08 sec
>A nauty-genbg n=4+17 e=27:27 d=4:0 D=9:3  class=33/100
>Z 2228 graphs generated in 2.04 sec
>F 2228 cores checked in 3145.50 sec
>A nauty-genbg n=4+17 e=27:27 d=4:0 D=9:3  class=34/100
>Z 2199 graphs generated in 2.01 sec
>F 2199 cores checked in 7669.10 sec
>A nauty-genbg n=4+17 e=27:27 d=4:0 D=9:3  class=35/100
>Z 2210 graphs generated in 2.04 sec
>F 2210 cores checked in 6313.86 sec
>A nauty-genbg n=4+17 e=27:27 d=4:0 D=9:3  class=36/100
>Z 2137 graphs generated in 2.03 sec
>F 2137 cores checked in 662.80 sec
>A nauty-genbg n=4+17 e=27:27 d=4:0 D=9:3  class=37/100
>Z 1985 graphs generated in 2.03 sec
>F 1985 cores checked in 17570.40 sec
>A nauty-genbg n=4+17 e=27:27 d=4:0 D=9:3  class=38/100
>Z 2341 graphs generated in 2.02 sec
>F 2341 cores checked in 13868.91 sec
>A nauty-genbg n=4+17 e=27:27 d=4:0 D=9:3  class=39/100
>Z 2288 graphs generated in 2.04 sec
>F 2288 cores checked in 2266.76 sec
>A nauty-genbg n=4+17 e=27:27 d=4:0 D=9:3  class=40/100
>Z 2182 graphs generated in 2.04 sec
>F 2182 cores checked in 634.06 sec
>A nauty-genbg n=4+17 e=27:27 d=4:0 D=9:3  class=41/100
>Z 2231 graphs generated in 2.04 sec
>F 2231 cores checked in 4458.24 sec
>A nauty-genbg n=4+17 e=27:27 d=4:0 D=9:3  class=42/100
>Z 2238 graphs generated in 2.04 sec
>F 2238 cores checked in 6022.88 sec
>A nauty-genbg n=4+17 e=27:27 d=4:0 D=9:3  class=43/100
>Z 2137 graphs generated in 2.04 sec
>F 2137 cores checked in 6196.56 sec
>A nauty-genbg n=4+17 e=27:27 d=4:0 D=9:3  class=44/100
>Z 2182 graphs generated in 2.03 sec
>F 2182 cores checked in 10513.31 sec
>A nauty-genbg n=4+17 e=27:27 d=4:0 D=9:3  class=45/100
>Z 2175 graphs generated in 2.04 sec
>F 2175 cores checked in 17255.99 sec
>A nauty-genbg n=4+17 e=27:27 d=4:0 D=9:3  class=46/100
>Z 2180 graphs generated in 2.01 sec
>F 2180 cores checked in 2609.15 sec
>A nauty-genbg n=4+17 e=27:27 d=4:0 D=9:3  class=47/100
>Z 2261 graphs generated in 2.05 sec
>F 2261 cores checked in 6131.20 sec
>A nauty-genbg n=4+17 e=27:27 d=4:0 D=9:3  class=48/100
>Z 2074 graphs generated in 2.04 sec
>F 2074 cores checked in 1879.43 sec
>A nauty-genbg n=4+17 e=27:27 d=4:0 D=9:3  class=49/100
>Z 2149 graphs generated in 2.04 sec
>F 2149 cores checked in 7639.20 sec
>A nauty-genbg n=4+17 e=27:27 d=4:0 D=9:3  class=50/100
>Z 2234 graphs generated in 2.02 sec
>F 2234 cores checked in 8797.76 sec
>A nauty-genbg n=4+17 e=27:27 d=4:0 D=9:3  class=51/100
>Z 2134 graphs generated in 2.05 sec
>F 2134 cores checked in 16756.11 sec
>A nauty-genbg n=4+17 e=27:27 d=4:0 D=9:3  class=52/100
>Z 2218 graphs generated in 2.04 sec
>F 2218 cores checked in 21033.53 sec
>A nauty-genbg n=4+17 e=27:27 d=4:0 D=9:3  class=53/100
>Z 2217 graphs generated in 2.03 sec
>F 2217 cores checked in 8187.09 sec
>A nauty-genbg n=4+17 e=27:27 d=4:0 D=9:3  class=54/100
>Z 2185 graphs generated in 2.05 sec
>F 2185 cores checked in 6102.54 sec
>A nauty-genbg n=4+17 e=27:27 d=4:0 D=9:3  class=55/100
>Z 2199 graphs generated in 2.04 sec
>F 2199 cores checked in 2405.18 sec
>A nauty-genbg n=4+17 e=27:27 d=4:0 D=9:3  class=56/100
>Z 2116 graphs generated in 2.03 sec
>F 2116 cores checked in 8856.56 sec
>A nauty-genbg n=4+17 e=27:27 d=4:0 D=9:3  class=57/100
>Z 2324 graphs generated in 2.04 sec
>F 2324 cores checked in 6462.55 sec
>A nauty-genbg n=4+17 e=27:27 d=4:0 D=9:3  class=58/100
>Z 2363 graphs generated in 2.11 sec
>F 2363 cores checked in 6974.15 sec
>A nauty-genbg n=4+17 e=27:27 d=4:0 D=9:3  class=59/100
>Z 2264 graphs generated in 2.04 sec
>F 2264 cores checked in 9895.77 sec
>A nauty-genbg n=4+17 e=27:27 d=4:0 D=9:3  class=60/100
>Z 2278 graphs generated in 2.05 sec
>F 2278 cores checked in 5757.67 sec
>A nauty-genbg n=4+17 e=27:27 d=4:0 D=9:3  class=61/100
>Z 2234 graphs generated in 2.03 sec
>F 2234 cores checked in 6565.20 sec
>A nauty-genbg n=4+17 e=27:27 d=4:0 D=9:3  class=62/100
>Z 2192 graphs generated in 2.01 sec
>F 2192 cores checked in 15911.70 sec
>A nauty-genbg n=4+17 e=27:27 d=4:0 D=9:3  class=63/100
>Z 2158 graphs generated in 2.04 sec
>F 2158 cores checked in 765.21 sec
>A nauty-genbg n=4+17 e=27:27 d=4:0 D=9:3  class=64/100
>Z 2033 graphs generated in 2.08 sec
>F 2033 cores checked in 1379.25 sec
>A nauty-genbg n=4+17 e=27:27 d=4:0 D=9:3  class=65/100
>Z 2208 graphs generated in 2.03 sec
>F 2208 cores checked in 4293.99 sec
>A nauty-genbg n=4+17 e=27:27 d=4:0 D=9:3  class=66/100
>Z 2205 graphs generated in 2.11 sec
>F 2205 cores checked in 845.31 sec
>A nauty-genbg n=4+17 e=27:27 d=4:0 D=9:3  class=67/100
>Z 2130 graphs generated in 2.04 sec
>F 2130 cores checked in 16089.68 sec
>A nauty-genbg n=4+17 e=27:27 d=4:0 D=9:3  class=68/100
>Z 2166 graphs generated in 2.04 sec
>F 2166 cores checked in 9883.12 sec
>A nauty-genbg n=4+17 e=27:27 d=4:0 D=9:3  class=69/100
>Z 2099 graphs generated in 2.03 sec
>F 2099 cores checked in 11660.68 sec
>A nauty-genbg n=4+17 e=27:27 d=4:0 D=9:3  class=70/100
>Z 2100 graphs generated in 2.02 sec
>F 2100 cores checked in 960.79 sec
>A nauty-genbg n=4+17 e=27:27 d=4:0 D=9:3  class=71/100
>Z 2157 graphs generated in 2.04 sec
>F 2157 cores checked in 3767.65 sec
>A nauty-genbg n=4+17 e=27:27 d=4:0 D=9:3  class=72/100
>Z 2008 graphs generated in 2.03 sec
>F 2008 cores checked in 4156.80 sec
>A nauty-genbg n=4+17 e=27:27 d=4:0 D=9:3  class=73/100
>Z 2190 graphs generated in 2.03 sec
>F 2190 cores checked in 20547.91 sec
>A nauty-genbg n=4+17 e=27:27 d=4:0 D=9:3  class=74/100
>Z 2264 graphs generated in 2.04 sec
>F 2264 cores checked in 5209.72 sec
>A nauty-genbg n=4+17 e=27:27 d=4:0 D=9:3  class=75/100
>Z 2247 graphs generated in 2.04 sec
>F 2247 cores checked in 25829.33 sec
>A nauty-genbg n=4+17 e=27:27 d=4:0 D=9:3  class=76/100
>Z 2200 graphs generated in 2.05 sec
>F 2200 cores checked in 4587.13 sec
>A nauty-genbg n=4+17 e=27:27 d=4:0 D=9:3  class=77/100
>Z 2230 graphs generated in 2.05 sec
>F 2230 cores checked in 2600.22 sec
>A nauty-genbg n=4+17 e=27:27 d=4:0 D=9:3  class=78/100
>Z 2172 graphs generated in 2.03 sec
>F 2172 cores checked in 6869.40 sec
>A nauty-genbg n=4+17 e=27:27 d=4:0 D=9:3  class=79/100
>Z 2325 graphs generated in 2.05 sec
>F 2325 cores checked in 4925.93 sec
>A nauty-genbg n=4+17 e=27:27 d=4:0 D=9:3  class=80/100
>Z 2281 graphs generated in 2.03 sec
>F 2281 cores checked in 1989.26 sec
>A nauty-genbg n=4+17 e=27:27 d=4:0 D=9:3  class=81/100
>Z 2201 graphs generated in 2.03 sec
>F 2201 cores checked in 3597.11 sec
>A nauty-genbg n=4+17 e=27:27 d=4:0 D=9:3  class=82/100
>Z 2201 graphs generated in 2.03 sec
>F 2201 cores checked in 7280.51 sec
>A nauty-genbg n=4+17 e=27:27 d=4:0 D=9:3  class=83/100
>Z 2153 graphs generated in 2.03 sec
>F 2153 cores checked in 26135.15 sec
>A nauty-genbg n=4+17 e=27:27 d=4:0 D=9:3  class=84/100
>Z 2145 graphs generated in 2.03 sec
>F 2145 cores checked in 5666.80 sec
>A nauty-genbg n=4+17 e=27:27 d=4:0 D=9:3  class=85/100
>Z 2074 graphs generated in 2.01 sec
>F 2074 cores checked in 4869.69 sec
>A nauty-genbg n=4+17 e=27:27 d=4:0 D=9:3  class=86/100
>Z 2212 graphs generated in 2.04 sec
>F 2212 cores checked in 3913.08 sec
>A nauty-genbg n=4+17 e=27:27 d=4:0 D=9:3  class=87/100
>Z 2147 graphs generated in 2.14 sec
>F 2147 cores checked in 18997.25 sec
>A nauty-genbg n=4+17 e=27:27 d=4:0 D=9:3  class=88/100
>Z 2073 graphs generated in 2.04 sec
>F 2073 cores checked in 10477.72 sec
>A nauty-genbg n=4+17 e=27:27 d=4:0 D=9:3  class=89/100
>Z 2275 graphs generated in 2.04 sec
>F 2275 cores checked in 8015.16 sec
>A nauty-genbg n=4+17 e=27:27 d=4:0 D=9:3  class=90/100
>Z 2265 graphs generated in 2.04 sec
>F 2265 cores checked in 2953.14 sec
>A nauty-genbg n=4+17 e=27:27 d=4:0 D=9:3  class=91/100
>Z 2261 graphs generated in 2.04 sec
>F 2261 cores checked in 986.51 sec
>A nauty-genbg n=4+17 e=27:27 d=4:0 D=9:3  class=92/100
>Z 2325 graphs generated in 2.04 sec
>F 2325 cores checked in 9116.79 sec
>A nauty-genbg n=4+17 e=27:27 d=4:0 D=9:3  class=93/100
>Z 2181 graphs generated in 2.03 sec
>F 2181 cores checked in 2147.73 sec
>A nauty-genbg n=4+17 e=27:27 d=4:0 D=9:3  class=94/100
>Z 2362 graphs generated in 2.05 sec
>F 2362 cores checked in 8558.73 sec
>A nauty-genbg n=4+17 e=27:27 d=4:0 D=9:3  class=95/100
>Z 2303 graphs generated in 2.05 sec
>F 2303 cores checked in 13598.10 sec
>A nauty-genbg n=4+17 e=27:27 d=4:0 D=9:3  class=96/100
>Z 2290 graphs generated in 2.04 sec
>F 2290 cores checked in 22799.24 sec
>A nauty-genbg n=4+17 e=27:27 d=4:0 D=9:3  class=97/100
>Z 2239 graphs generated in 2.04 sec
>F 2239 cores checked in 6265.00 sec
>A nauty-genbg n=4+17 e=27:27 d=4:0 D=9:3  class=98/100
>Z 2227 graphs generated in 2.05 sec
>F 2227 cores checked in 13983.23 sec
>A nauty-genbg n=4+17 e=27:27 d=4:0 D=9:3  class=99/100
>Z 1972 graphs generated in 2.02 sec
>F 1972 cores checked in 8713.88 sec



===Total number of cores generated: 219137
===Total number of cores checked: 219137
===Total time for generation: 203.67 seconds
===Total time for checking: 790572.38 seconds
===Total number of exceptional cores: 0
