=== Log file for cores: nauty-genbg_-d6:0_-D8:3_4_16_30:30



>A nauty-genbg n=4+16 e=30:30 d=6:0 D=8:3  class=0/100
>Z 247 graphs generated in 1.21 sec
>F 247 cores checked in 0.15 sec
>A nauty-genbg n=4+16 e=30:30 d=6:0 D=8:3  class=1/100
>Z 266 graphs generated in 1.22 sec
>F 266 cores checked in 0.17 sec
>A nauty-genbg n=4+16 e=30:30 d=6:0 D=8:3  class=2/100
>Z 220 graphs generated in 1.21 sec
>F 220 cores checked in 0.14 sec
>A nauty-genbg n=4+16 e=30:30 d=6:0 D=8:3  class=3/100
>Z 245 graphs generated in 1.21 sec
>F 245 cores checked in 0.15 sec
>A nauty-genbg n=4+16 e=30:30 d=6:0 D=8:3  class=4/100
>Z 225 graphs generated in 1.21 sec
>F 225 cores checked in 0.14 sec
>A nauty-genbg n=4+16 e=30:30 d=6:0 D=8:3  class=5/100
>Z 222 graphs generated in 1.21 sec
>F 222 cores checked in 0.14 sec
>A nauty-genbg n=4+16 e=30:30 d=6:0 D=8:3  class=6/100
>Z 250 graphs generated in 1.21 sec
>F 250 cores checked in 0.16 sec
>A nauty-genbg n=4+16 e=30:30 d=6:0 D=8:3  class=7/100
>Z 269 graphs generated in 1.22 sec
>F 269 cores checked in 0.17 sec
>A nauty-genbg n=4+16 e=30:30 d=6:0 D=8:3  class=8/100
>Z 255 graphs generated in 1.22 sec
>F 255 cores checked in 0.16 sec
>A nauty-genbg n=4+16 e=30:30 d=6:0 D=8:3  class=9/100
>Z 225 graphs generated in 1.22 sec
>F 225 cores checked in 0.14 sec
>A nauty-genbg n=4+16 e=30:30 d=6:0 D=8:3  class=10/100
>Z 243 graphs generated in 1.21 sec
>F 243 cores checked in 0.15 sec
>A nauty-genbg n=4+16 e=30:30 d=6:0 D=8:3  class=11/100
>Z 235 graphs generated in 1.21 sec
>F 235 cores checked in 0.15 sec
>A nauty-genbg n=4+16 e=30:30 d=6:0 D=8:3  class=12/100
>Z 200 graphs generated in 1.22 sec
>F 200 cores checked in 0.13 sec
>A nauty-genbg n=4+16 e=30:30 d=6:0 D=8:3  class=13/100
>Z 237 graphs generated in 1.21 sec
>F 237 cores checked in 0.15 sec
>A nauty-genbg n=4+16 e=30:30 d=6:0 D=8:3  class=14/100
>Z 237 graphs generated in 1.23 sec
>F 237 cores checked in 0.15 sec
>A nauty-genbg n=4+16 e=30:30 d=6:0 D=8:3  class=15/100
>Z 237 graphs generated in 1.21 sec
>F 237 cores checked in 0.15 sec
>A nauty-genbg n=4+16 e=30:30 d=6:0 D=8:3  class=16/100
>Z 274 graphs generated in 1.05 sec
>F 274 cores checked in 0.17 sec
>A nauty-genbg n=4+16 e=30:30 d=6:0 D=8:3  class=17/100
>Z 261 graphs generated in 1.22 sec
>F 261 cores checked in 0.16 sec
>A nauty-genbg n=4+16 e=30:30 d=6:0 D=8:3  class=18/100
>Z 248 graphs generated in 1.22 sec
>F 248 cores checked in 0.15 sec
>A nauty-genbg n=4+16 e=30:30 d=6:0 D=8:3  class=19/100
>Z 279 graphs generated in 1.21 sec
>F 279 cores checked in 0.17 sec
>A nauty-genbg n=4+16 e=30:30 d=6:0 D=8:3  class=20/100
>Z 236 graphs generated in 1.24 sec
>F 236 cores checked in 0.15 sec
>A nauty-genbg n=4+16 e=30:30 d=6:0 D=8:3  class=21/100
>Z 240 graphs generated in 1.21 sec
>F 240 cores checked in 0.15 sec
>A nauty-genbg n=4+16 e=30:30 d=6:0 D=8:3  class=22/100
>Z 266 graphs generated in 1.22 sec
>F 266 cores checked in 0.17 sec
>A nauty-genbg n=4+16 e=30:30 d=6:0 D=8:3  class=23/100
>Z 262 graphs generated in 1.21 sec
>F 262 cores checked in 0.16 sec
>A nauty-genbg n=4+16 e=30:30 d=6:0 D=8:3  class=24/100
>Z 231 graphs generated in 1.23 sec
>F 231 cores checked in 0.14 sec
>A nauty-genbg n=4+16 e=30:30 d=6:0 D=8:3  class=25/100
>Z 274 graphs generated in 1.23 sec
>F 274 cores checked in 0.17 sec
>A nauty-genbg n=4+16 e=30:30 d=6:0 D=8:3  class=26/100
>Z 260 graphs generated in 1.22 sec
>F 260 cores checked in 0.16 sec
>A nauty-genbg n=4+16 e=30:30 d=6:0 D=8:3  class=27/100
>Z 244 graphs generated in 1.25 sec
>F 244 cores checked in 0.15 sec
>A nauty-genbg n=4+16 e=30:30 d=6:0 D=8:3  class=28/100
>Z 246 graphs generated in 1.24 sec
>F 246 cores checked in 0.16 sec
>A nauty-genbg n=4+16 e=30:30 d=6:0 D=8:3  class=29/100
>Z 229 graphs generated in 1.24 sec
>F 229 cores checked in 0.14 sec
>A nauty-genbg n=4+16 e=30:30 d=6:0 D=8:3  class=30/100
>Z 230 graphs generated in 1.20 sec
>F 230 cores checked in 0.14 sec
>A nauty-genbg n=4+16 e=30:30 d=6:0 D=8:3  class=31/100
>Z 277 graphs generated in 1.22 sec
>F 277 cores checked in 0.17 sec
>A nauty-genbg n=4+16 e=30:30 d=6:0 D=8:3  class=32/100
>Z 212 graphs generated in 1.22 sec
>F 212 cores checked in 0.13 sec
>A nauty-genbg n=4+16 e=30:30 d=6:0 D=8:3  class=33/100
>Z 243 graphs generated in 1.26 sec
>F 243 cores checked in 0.15 sec
>A nauty-genbg n=4+16 e=30:30 d=6:0 D=8:3  class=34/100
>Z 218 graphs generated in 1.21 sec
>F 218 cores checked in 0.14 sec
>A nauty-genbg n=4+16 e=30:30 d=6:0 D=8:3  class=35/100
>Z 222 graphs generated in 1.22 sec
>F 222 cores checked in 0.14 sec
>A nauty-genbg n=4+16 e=30:30 d=6:0 D=8:3  class=36/100
>Z 247 graphs generated in 1.14 sec
>F 247 cores checked in 0.16 sec
>A nauty-genbg n=4+16 e=30:30 d=6:0 D=8:3  class=37/100
>Z 257 graphs generated in 1.23 sec
>F 257 cores checked in 0.16 sec
>A nauty-genbg n=4+16 e=30:30 d=6:0 D=8:3  class=38/100
>Z 286 graphs generated in 1.26 sec
>F 286 cores checked in 0.18 sec
>A nauty-genbg n=4+16 e=30:30 d=6:0 D=8:3  class=39/100
>Z 242 graphs generated in 1.22 sec
>F 242 cores checked in 0.15 sec
>A nauty-genbg n=4+16 e=30:30 d=6:0 D=8:3  class=40/100
>Z 244 graphs generated in 1.24 sec
>F 244 cores checked in 0.15 sec
>A nauty-genbg n=4+16 e=30:30 d=6:0 D=8:3  class=41/100
>Z 259 graphs generated in 1.21 sec
>F 259 cores checked in 0.16 sec
>A nauty-genbg n=4+16 e=30:30 d=6:0 D=8:3  class=42/100
>Z 282 graphs generated in 1.24 sec
>F 282 cores checked in 0.18 sec
>A nauty-genbg n=4+16 e=30:30 d=6:0 D=8:3  class=43/100
>Z 231 graphs generated in 1.16 sec
>F 231 cores checked in 0.15 sec
>A nauty-genbg n=4+16 e=30:30 d=6:0 D=8:3  class=44/100
>Z 245 graphs generated in 1.21 sec
>F 245 cores checked in 0.15 sec
>A nauty-genbg n=4+16 e=30:30 d=6:0 D=8:3  class=45/100
>Z 240 graphs generated in 1.24 sec
>F 240 cores checked in 0.15 sec
>A nauty-genbg n=4+16 e=30:30 d=6:0 D=8:3  class=46/100
>Z 254 graphs generated in 1.22 sec
>F 254 cores checked in 0.16 sec
>A nauty-genbg n=4+16 e=30:30 d=6:0 D=8:3  class=47/100
>Z 217 graphs generated in 1.21 sec
>F 217 cores checked in 0.14 sec
>A nauty-genbg n=4+16 e=30:30 d=6:0 D=8:3  class=48/100
>Z 232 graphs generated in 1.21 sec
>F 232 cores checked in 0.15 sec
>A nauty-genbg n=4+16 e=30:30 d=6:0 D=8:3  class=49/100
>Z 257 graphs generated in 1.22 sec
>F 257 cores checked in 0.16 sec
>A nauty-genbg n=4+16 e=30:30 d=6:0 D=8:3  class=50/100
>Z 251 graphs generated in 1.22 sec
>F 251 cores checked in 0.16 sec
>A nauty-genbg n=4+16 e=30:30 d=6:0 D=8:3  class=51/100
>Z 272 graphs generated in 1.22 sec
>F 272 cores checked in 0.17 sec
>A nauty-genbg n=4+16 e=30:30 d=6:0 D=8:3  class=52/100
>Z 231 graphs generated in 1.18 sec
>F 231 cores checked in 0.14 sec
>A nauty-genbg n=4+16 e=30:30 d=6:0 D=8:3  class=53/100
>Z 250 graphs generated in 1.22 sec
>F 250 cores checked in 0.16 sec
>A nauty-genbg n=4+16 e=30:30 d=6:0 D=8:3  class=54/100
>Z 267 graphs generated in 1.24 sec
>F 267 cores checked in 0.17 sec
>A nauty-genbg n=4+16 e=30:30 d=6:0 D=8:3  class=55/100
>Z 258 graphs generated in 1.21 sec
>F 258 cores checked in 0.16 sec
>A nauty-genbg n=4+16 e=30:30 d=6:0 D=8:3  class=56/100
>Z 282 graphs generated in 1.25 sec
>F 282 cores checked in 0.18 sec
>A nauty-genbg n=4+16 e=30:30 d=6:0 D=8:3  class=57/100
>Z 227 graphs generated in 1.24 sec
>F 227 cores checked in 0.14 sec
>A nauty-genbg n=4+16 e=30:30 d=6:0 D=8:3  class=58/100
>Z 239 graphs generated in 1.22 sec
>F 239 cores checked in 0.15 sec
>A nauty-genbg n=4+16 e=30:30 d=6:0 D=8:3  class=59/100
>Z 257 graphs generated in 1.22 sec
>F 257 cores checked in 0.16 sec
>A nauty-genbg n=4+16 e=30:30 d=6:0 D=8:3  class=60/100
>Z 234 graphs generated in 1.24 sec
>F 234 cores checked in 0.15 sec
>A nauty-genbg n=4+16 e=30:30 d=6:0 D=8:3  class=61/100
>Z 266 graphs generated in 1.22 sec
>F 266 cores checked in 0.17 sec
>A nauty-genbg n=4+16 e=30:30 d=6:0 D=8:3  class=62/100
>Z 248 graphs generated in 1.22 sec
>F 248 cores checked in 0.15 sec
>A nauty-genbg n=4+16 e=30:30 d=6:0 D=8:3  class=63/100
>Z 247 graphs generated in 1.21 sec
>F 247 cores checked in 0.15 sec
>A nauty-genbg n=4+16 e=30:30 d=6:0 D=8:3  class=64/100
>Z 253 graphs generated in 1.24 sec
>F 253 cores checked in 0.16 sec
>A nauty-genbg n=4+16 e=30:30 d=6:0 D=8:3  class=65/100
>Z 253 graphs generated in 1.24 sec
>F 253 cores checked in 0.16 sec
>A nauty-genbg n=4+16 e=30:30 d=6:0 D=8:3  class=66/100
>Z 258 graphs generated in 1.22 sec
>F 258 cores checked in 0.16 sec
>A nauty-genbg n=4+16 e=30:30 d=6:0 D=8:3  class=67/100
>Z 228 graphs generated in 1.22 sec
>F 228 cores checked in 0.14 sec
>A nauty-genbg n=4+16 e=30:30 d=6:0 D=8:3  class=68/100
>Z 271 graphs generated in 1.22 sec
>F 271 cores checked in 0.17 sec
>A nauty-genbg n=4+16 e=30:30 d=6:0 D=8:3  class=69/100
>Z 276 graphs generated in 1.27 sec
>F 276 cores checked in 0.17 sec
>A nauty-genbg n=4+16 e=30:30 d=6:0 D=8:3  class=70/100
>Z 252 graphs generated in 1.22 sec
>F 252 cores checked in 0.16 sec
>A nauty-genbg n=4+16 e=30:30 d=6:0 D=8:3  class=71/100
>Z 238 graphs generated in 1.22 sec
>F 238 cores checked in 0.15 sec
>A nauty-genbg n=4+16 e=30:30 d=6:0 D=8:3  class=72/100
>Z 253 graphs generated in 1.24 sec
>F 253 cores checked in 0.16 sec
>A nauty-genbg n=4+16 e=30:30 d=6:0 D=8:3  class=73/100
>Z 274 graphs generated in 1.22 sec
>F 274 cores checked in 0.17 sec
>A nauty-genbg n=4+16 e=30:30 d=6:0 D=8:3  class=74/100
>Z 245 graphs generated in 1.22 sec
>F 245 cores checked in 0.15 sec
>A nauty-genbg n=4+16 e=30:30 d=6:0 D=8:3  class=75/100
>Z 251 graphs generated in 1.23 sec
>F 251 cores checked in 0.15 sec
>A nauty-genbg n=4+16 e=30:30 d=6:0 D=8:3  class=76/100
>Z 281 graphs generated in 1.22 sec
>F 281 cores checked in 0.17 sec
>A nauty-genbg n=4+16 e=30:30 d=6:0 D=8:3  class=77/100
>Z 270 graphs generated in 1.22 sec
>F 270 cores checked in 0.17 sec
>A nauty-genbg n=4+16 e=30:30 d=6:0 D=8:3  class=78/100
>Z 267 graphs generated in 1.22 sec
>F 267 cores checked in 0.17 sec
>A nauty-genbg n=4+16 e=30:30 d=6:0 D=8:3  class=79/100
>Z 247 graphs generated in 1.21 sec
>F 247 cores checked in 0.15 sec
>A nauty-genbg n=4+16 e=30:30 d=6:0 D=8:3  class=80/100
>Z 265 graphs generated in 1.21 sec
>F 265 cores checked in 3.24 sec
>A nauty-genbg n=4+16 e=30:30 d=6:0 D=8:3  class=81/100
>Z 251 graphs generated in 1.22 sec
>F 251 cores checked in 0.16 sec
>A nauty-genbg n=4+16 e=30:30 d=6:0 D=8:3  class=82/100
>Z 222 graphs generated in 1.20 sec
>F 222 cores checked in 0.14 sec
>A nauty-genbg n=4+16 e=30:30 d=6:0 D=8:3  class=83/100
>Z 278 graphs generated in 1.22 sec
>F 278 cores checked in 0.18 sec
>A nauty-genbg n=4+16 e=30:30 d=6:0 D=8:3  class=84/100
>Z 259 graphs generated in 1.22 sec
>F 259 cores checked in 0.16 sec
>A nauty-genbg n=4+16 e=30:30 d=6:0 D=8:3  class=85/100
>Z 232 graphs generated in 1.21 sec
>F 232 cores checked in 0.15 sec
>A nauty-genbg n=4+16 e=30:30 d=6:0 D=8:3  class=86/100
>Z 251 graphs generated in 1.22 sec
>F 251 cores checked in 0.16 sec
>A nauty-genbg n=4+16 e=30:30 d=6:0 D=8:3  class=87/100
>Z 239 graphs generated in 1.21 sec
>F 239 cores checked in 0.15 sec
>A nauty-genbg n=4+16 e=30:30 d=6:0 D=8:3  class=88/100
>Z 235 graphs generated in 1.24 sec
>F 235 cores checked in 0.15 sec
>A nauty-genbg n=4+16 e=30:30 d=6:0 D=8:3  class=89/100
>Z 263 graphs generated in 1.26 sec
>F 263 cores checked in 0.17 sec
>A nauty-genbg n=4+16 e=30:30 d=6:0 D=8:3  class=90/100
>Z 262 graphs generated in 1.24 sec
>F 262 cores checked in 0.16 sec
>A nauty-genbg n=4+16 e=30:30 d=6:0 D=8:3  class=91/100
>Z 236 graphs generated in 1.22 sec
>F 236 cores checked in 0.15 sec
>A nauty-genbg n=4+16 e=30:30 d=6:0 D=8:3  class=92/100
>Z 246 graphs generated in 1.22 sec
>F 246 cores checked in 0.15 sec
>A nauty-genbg n=4+16 e=30:30 d=6:0 D=8:3  class=93/100
>Z 218 graphs generated in 1.22 sec
>F 218 cores checked in 0.14 sec
>A nauty-genbg n=4+16 e=30:30 d=6:0 D=8:3  class=94/100
>Z 230 graphs generated in 1.19 sec
>F 230 cores checked in 0.14 sec
>A nauty-genbg n=4+16 e=30:30 d=6:0 D=8:3  class=95/100
>Z 238 graphs generated in 1.22 sec
>F 238 cores checked in 0.15 sec
>A nauty-genbg n=4+16 e=30:30 d=6:0 D=8:3  class=96/100
>Z 245 graphs generated in 1.22 sec
>F 245 cores checked in 0.15 sec
>A nauty-genbg n=4+16 e=30:30 d=6:0 D=8:3  class=97/100
>Z 240 graphs generated in 1.18 sec
>F 240 cores checked in 0.15 sec
>A nauty-genbg n=4+16 e=30:30 d=6:0 D=8:3  class=98/100
>Z 214 graphs generated in 1.20 sec
>F 214 cores checked in 0.13 sec
>A nauty-genbg n=4+16 e=30:30 d=6:0 D=8:3  class=99/100
>Z 236 graphs generated in 1.22 sec
>F 236 cores checked in 0.15 sec



===Total number of cores generated: 24764
===Total number of cores checked: 24764
===Total time for generation: 121.84 seconds
===Total time for checking: 18.57 seconds
===Total number of exceptional cores: 0
