=== Log file for cores: nauty-genbg_-d4:0_-D8:3_5_16_34:34



>A nauty-genbg n=5+16 e=34:34 d=4:0 D=8:3  class=0/100
>Z 114861 graphs generated in 47.55 sec
>F 114861 cores checked in 61.24 sec
>A nauty-genbg n=5+16 e=34:34 d=4:0 D=8:3  class=1/100
>Z 114518 graphs generated in 47.52 sec
>F 114518 cores checked in 60.84 sec
>A nauty-genbg n=5+16 e=34:34 d=4:0 D=8:3  class=2/100
>Z 113329 graphs generated in 47.40 sec
>F 113329 cores checked in 60.60 sec
>A nauty-genbg n=5+16 e=34:34 d=4:0 D=8:3  class=3/100
>Z 111924 graphs generated in 47.38 sec
>F 111924 cores checked in 60.26 sec
>A nauty-genbg n=5+16 e=34:34 d=4:0 D=8:3  class=4/100
>Z 114681 graphs generated in 47.40 sec
>F 114681 cores checked in 61.39 sec
>A nauty-genbg n=5+16 e=34:34 d=4:0 D=8:3  class=5/100
>Z 113020 graphs generated in 47.53 sec
>F 113020 cores checked in 60.36 sec
>A nauty-genbg n=5+16 e=34:34 d=4:0 D=8:3  class=6/100
>Z 114890 graphs generated in 47.50 sec
>F 114890 cores checked in 60.81 sec
>A nauty-genbg n=5+16 e=34:34 d=4:0 D=8:3  class=7/100
>Z 115383 graphs generated in 47.47 sec
>F 115383 cores checked in 61.16 sec
>A nauty-genbg n=5+16 e=34:34 d=4:0 D=8:3  class=8/100
>Z 114685 graphs generated in 47.51 sec
>F 114685 cores checked in 61.11 sec
>A nauty-genbg n=5+16 e=34:34 d=4:0 D=8:3  class=9/100
>Z 114467 graphs generated in 47.46 sec
>F 114467 cores checked in 60.71 sec
>A nauty-genbg n=5+16 e=34:34 d=4:0 D=8:3  class=10/100
>Z 115943 graphs generated in 47.49 sec
>F 115943 cores checked in 61.78 sec
>A nauty-genbg n=5+16 e=34:34 d=4:0 D=8:3  class=11/100
>Z 114376 graphs generated in 47.41 sec
>F 114376 cores checked in 60.54 sec
>A nauty-genbg n=5+16 e=34:34 d=4:0 D=8:3  class=12/100
>Z 112909 graphs generated in 47.52 sec
>F 112909 cores checked in 60.02 sec
>A nauty-genbg n=5+16 e=34:34 d=4:0 D=8:3  class=13/100
>Z 113089 graphs generated in 47.48 sec
>F 113089 cores checked in 60.17 sec
>A nauty-genbg n=5+16 e=34:34 d=4:0 D=8:3  class=14/100
>Z 112704 graphs generated in 47.56 sec
>F 112704 cores checked in 59.97 sec
>A nauty-genbg n=5+16 e=34:34 d=4:0 D=8:3  class=15/100
>Z 116077 graphs generated in 47.63 sec
>F 116077 cores checked in 61.69 sec
>A nauty-genbg n=5+16 e=34:34 d=4:0 D=8:3  class=16/100
>Z 114680 graphs generated in 47.46 sec
>F 114680 cores checked in 60.88 sec
>A nauty-genbg n=5+16 e=34:34 d=4:0 D=8:3  class=17/100
>Z 117152 graphs generated in 47.59 sec
>F 117152 cores checked in 62.22 sec
>A nauty-genbg n=5+16 e=34:34 d=4:0 D=8:3  class=18/100
>Z 115012 graphs generated in 47.49 sec
>F 115012 cores checked in 61.34 sec
>A nauty-genbg n=5+16 e=34:34 d=4:0 D=8:3  class=19/100
>Z 113811 graphs generated in 47.51 sec
>F 113811 cores checked in 60.49 sec
>A nauty-genbg n=5+16 e=34:34 d=4:0 D=8:3  class=20/100
>Z 115461 graphs generated in 47.56 sec
>F 115461 cores checked in 61.89 sec
>A nauty-genbg n=5+16 e=34:34 d=4:0 D=8:3  class=21/100
>Z 115905 graphs generated in 47.63 sec
>F 115905 cores checked in 61.72 sec
>A nauty-genbg n=5+16 e=34:34 d=4:0 D=8:3  class=22/100
>Z 116233 graphs generated in 47.46 sec
>F 116233 cores checked in 62.05 sec
>A nauty-genbg n=5+16 e=34:34 d=4:0 D=8:3  class=23/100
>Z 113792 graphs generated in 47.71 sec
>F 113792 cores checked in 61.17 sec
>A nauty-genbg n=5+16 e=34:34 d=4:0 D=8:3  class=24/100
>Z 114623 graphs generated in 47.60 sec
>F 114623 cores checked in 61.19 sec
>A nauty-genbg n=5+16 e=34:34 d=4:0 D=8:3  class=25/100
>Z 114998 graphs generated in 47.57 sec
>F 114998 cores checked in 60.90 sec
>A nauty-genbg n=5+16 e=34:34 d=4:0 D=8:3  class=26/100
>Z 114775 graphs generated in 47.49 sec
>F 114775 cores checked in 61.01 sec
>A nauty-genbg n=5+16 e=34:34 d=4:0 D=8:3  class=27/100
>Z 114907 graphs generated in 47.51 sec
>F 114907 cores checked in 60.76 sec
>A nauty-genbg n=5+16 e=34:34 d=4:0 D=8:3  class=28/100
>Z 114313 graphs generated in 47.46 sec
>F 114313 cores checked in 60.77 sec
>A nauty-genbg n=5+16 e=34:34 d=4:0 D=8:3  class=29/100
>Z 114283 graphs generated in 47.55 sec
>F 114283 cores checked in 60.82 sec
>A nauty-genbg n=5+16 e=34:34 d=4:0 D=8:3  class=30/100
>Z 112787 graphs generated in 47.55 sec
>F 112787 cores checked in 60.02 sec
>A nauty-genbg n=5+16 e=34:34 d=4:0 D=8:3  class=31/100
>Z 114007 graphs generated in 47.41 sec
>F 114007 cores checked in 60.36 sec
>A nauty-genbg n=5+16 e=34:34 d=4:0 D=8:3  class=32/100
>Z 114636 graphs generated in 47.47 sec
>F 114636 cores checked in 61.07 sec
>A nauty-genbg n=5+16 e=34:34 d=4:0 D=8:3  class=33/100
>Z 113478 graphs generated in 47.49 sec
>F 113478 cores checked in 60.53 sec
>A nauty-genbg n=5+16 e=34:34 d=4:0 D=8:3  class=34/100
>Z 115000 graphs generated in 47.52 sec
>F 115000 cores checked in 61.31 sec
>A nauty-genbg n=5+16 e=34:34 d=4:0 D=8:3  class=35/100
>Z 114946 graphs generated in 47.53 sec
>F 114946 cores checked in 60.97 sec
>A nauty-genbg n=5+16 e=34:34 d=4:0 D=8:3  class=36/100
>Z 115582 graphs generated in 47.63 sec
>F 115582 cores checked in 61.42 sec
>A nauty-genbg n=5+16 e=34:34 d=4:0 D=8:3  class=37/100
>Z 115739 graphs generated in 47.60 sec
>F 115739 cores checked in 62.31 sec
>A nauty-genbg n=5+16 e=34:34 d=4:0 D=8:3  class=38/100
>Z 113251 graphs generated in 47.37 sec
>F 113251 cores checked in 59.85 sec
>A nauty-genbg n=5+16 e=34:34 d=4:0 D=8:3  class=39/100
>Z 112920 graphs generated in 47.47 sec
>F 112920 cores checked in 59.83 sec
>A nauty-genbg n=5+16 e=34:34 d=4:0 D=8:3  class=40/100
>Z 113626 graphs generated in 47.45 sec
>F 113626 cores checked in 60.45 sec
>A nauty-genbg n=5+16 e=34:34 d=4:0 D=8:3  class=41/100
>Z 113130 graphs generated in 47.50 sec
>F 113130 cores checked in 59.79 sec
>A nauty-genbg n=5+16 e=34:34 d=4:0 D=8:3  class=42/100
>Z 113191 graphs generated in 47.50 sec
>F 113191 cores checked in 60.20 sec
>A nauty-genbg n=5+16 e=34:34 d=4:0 D=8:3  class=43/100
>Z 113786 graphs generated in 47.56 sec
>F 113786 cores checked in 60.78 sec
>A nauty-genbg n=5+16 e=34:34 d=4:0 D=8:3  class=44/100
>Z 113745 graphs generated in 47.45 sec
>F 113745 cores checked in 60.42 sec
>A nauty-genbg n=5+16 e=34:34 d=4:0 D=8:3  class=45/100
>Z 114188 graphs generated in 47.43 sec
>F 114188 cores checked in 60.57 sec
>A nauty-genbg n=5+16 e=34:34 d=4:0 D=8:3  class=46/100
>Z 114012 graphs generated in 47.56 sec
>F 114012 cores checked in 60.31 sec
>A nauty-genbg n=5+16 e=34:34 d=4:0 D=8:3  class=47/100
>Z 115439 graphs generated in 47.49 sec
>F 115439 cores checked in 61.07 sec
>A nauty-genbg n=5+16 e=34:34 d=4:0 D=8:3  class=48/100
>Z 114126 graphs generated in 47.51 sec
>F 114126 cores checked in 60.75 sec
>A nauty-genbg n=5+16 e=34:34 d=4:0 D=8:3  class=49/100
>Z 113479 graphs generated in 47.44 sec
>F 113479 cores checked in 60.19 sec
>A nauty-genbg n=5+16 e=34:34 d=4:0 D=8:3  class=50/100
>Z 115485 graphs generated in 47.52 sec
>F 115485 cores checked in 61.88 sec
>A nauty-genbg n=5+16 e=34:34 d=4:0 D=8:3  class=51/100
>Z 116032 graphs generated in 47.53 sec
>F 116032 cores checked in 61.62 sec
>A nauty-genbg n=5+16 e=34:34 d=4:0 D=8:3  class=52/100
>Z 114646 graphs generated in 47.49 sec
>F 114646 cores checked in 61.15 sec
>A nauty-genbg n=5+16 e=34:34 d=4:0 D=8:3  class=53/100
>Z 111885 graphs generated in 47.51 sec
>F 111885 cores checked in 59.70 sec
>A nauty-genbg n=5+16 e=34:34 d=4:0 D=8:3  class=54/100
>Z 113382 graphs generated in 47.52 sec
>F 113382 cores checked in 60.50 sec
>A nauty-genbg n=5+16 e=34:34 d=4:0 D=8:3  class=55/100
>Z 115539 graphs generated in 47.58 sec
>F 115539 cores checked in 61.08 sec
>A nauty-genbg n=5+16 e=34:34 d=4:0 D=8:3  class=56/100
>Z 115462 graphs generated in 47.49 sec
>F 115462 cores checked in 61.07 sec
>A nauty-genbg n=5+16 e=34:34 d=4:0 D=8:3  class=57/100
>Z 114514 graphs generated in 47.58 sec
>F 114514 cores checked in 60.47 sec
>A nauty-genbg n=5+16 e=34:34 d=4:0 D=8:3  class=58/100
>Z 114754 graphs generated in 47.49 sec
>F 114754 cores checked in 60.98 sec
>A nauty-genbg n=5+16 e=34:34 d=4:0 D=8:3  class=59/100
>Z 113150 graphs generated in 47.60 sec
>F 113150 cores checked in 60.06 sec
>A nauty-genbg n=5+16 e=34:34 d=4:0 D=8:3  class=60/100
>Z 115053 graphs generated in 47.59 sec
>F 115053 cores checked in 61.89 sec
>A nauty-genbg n=5+16 e=34:34 d=4:0 D=8:3  class=61/100
>Z 113255 graphs generated in 47.51 sec
>F 113255 cores checked in 60.27 sec
>A nauty-genbg n=5+16 e=34:34 d=4:0 D=8:3  class=62/100
>Z 115157 graphs generated in 47.41 sec
>F 115157 cores checked in 61.43 sec
>A nauty-genbg n=5+16 e=34:34 d=4:0 D=8:3  class=63/100
>Z 113348 graphs generated in 47.57 sec
>F 113348 cores checked in 60.55 sec
>A nauty-genbg n=5+16 e=34:34 d=4:0 D=8:3  class=64/100
>Z 114759 graphs generated in 47.70 sec
>F 114759 cores checked in 60.92 sec
>A nauty-genbg n=5+16 e=34:34 d=4:0 D=8:3  class=65/100
>Z 114416 graphs generated in 47.42 sec
>F 114416 cores checked in 60.72 sec
>A nauty-genbg n=5+16 e=34:34 d=4:0 D=8:3  class=66/100
>Z 116170 graphs generated in 47.54 sec
>F 116170 cores checked in 62.48 sec
>A nauty-genbg n=5+16 e=34:34 d=4:0 D=8:3  class=67/100
>Z 116086 graphs generated in 47.53 sec
>F 116086 cores checked in 61.33 sec
>A nauty-genbg n=5+16 e=34:34 d=4:0 D=8:3  class=68/100
>Z 114031 graphs generated in 47.57 sec
>F 114031 cores checked in 60.64 sec
>A nauty-genbg n=5+16 e=34:34 d=4:0 D=8:3  class=69/100
>Z 113091 graphs generated in 47.49 sec
>F 113091 cores checked in 60.03 sec
>A nauty-genbg n=5+16 e=34:34 d=4:0 D=8:3  class=70/100
>Z 114232 graphs generated in 47.56 sec
>F 114232 cores checked in 60.73 sec
>A nauty-genbg n=5+16 e=34:34 d=4:0 D=8:3  class=71/100
>Z 114460 graphs generated in 47.51 sec
>F 114460 cores checked in 60.78 sec
>A nauty-genbg n=5+16 e=34:34 d=4:0 D=8:3  class=72/100
>Z 113773 graphs generated in 47.54 sec
>F 113773 cores checked in 60.81 sec
>A nauty-genbg n=5+16 e=34:34 d=4:0 D=8:3  class=73/100
>Z 113127 graphs generated in 47.51 sec
>F 113127 cores checked in 60.35 sec
>A nauty-genbg n=5+16 e=34:34 d=4:0 D=8:3  class=74/100
>Z 114190 graphs generated in 47.48 sec
>F 114190 cores checked in 60.73 sec
>A nauty-genbg n=5+16 e=34:34 d=4:0 D=8:3  class=75/100
>Z 115082 graphs generated in 47.58 sec
>F 115082 cores checked in 60.90 sec
>A nauty-genbg n=5+16 e=34:34 d=4:0 D=8:3  class=76/100
>Z 114871 graphs generated in 47.59 sec
>F 114871 cores checked in 61.36 sec
>A nauty-genbg n=5+16 e=34:34 d=4:0 D=8:3  class=77/100
>Z 113626 graphs generated in 47.46 sec
>F 113626 cores checked in 60.67 sec
>A nauty-genbg n=5+16 e=34:34 d=4:0 D=8:3  class=78/100
>Z 114601 graphs generated in 47.51 sec
>F 114601 cores checked in 61.17 sec
>A nauty-genbg n=5+16 e=34:34 d=4:0 D=8:3  class=79/100
>Z 113042 graphs generated in 47.47 sec
>F 113042 cores checked in 60.71 sec
>A nauty-genbg n=5+16 e=34:34 d=4:0 D=8:3  class=80/100
>Z 114578 graphs generated in 47.47 sec
>F 114578 cores checked in 60.96 sec
>A nauty-genbg n=5+16 e=34:34 d=4:0 D=8:3  class=81/100
>Z 114539 graphs generated in 47.45 sec
>F 114539 cores checked in 61.60 sec
>A nauty-genbg n=5+16 e=34:34 d=4:0 D=8:3  class=82/100
>Z 113655 graphs generated in 47.45 sec
>F 113655 cores checked in 61.19 sec
>A nauty-genbg n=5+16 e=34:34 d=4:0 D=8:3  class=83/100
>Z 113229 graphs generated in 47.52 sec
>F 113229 cores checked in 60.32 sec
>A nauty-genbg n=5+16 e=34:34 d=4:0 D=8:3  class=84/100
>Z 113508 graphs generated in 47.50 sec
>F 113508 cores checked in 60.36 sec
>A nauty-genbg n=5+16 e=34:34 d=4:0 D=8:3  class=85/100
>Z 115230 graphs generated in 47.52 sec
>F 115230 cores checked in 60.93 sec
>A nauty-genbg n=5+16 e=34:34 d=4:0 D=8:3  class=86/100
>Z 114767 graphs generated in 47.46 sec
>F 114767 cores checked in 60.65 sec
>A nauty-genbg n=5+16 e=34:34 d=4:0 D=8:3  class=87/100
>Z 116587 graphs generated in 47.57 sec
>F 116587 cores checked in 61.68 sec
>A nauty-genbg n=5+16 e=34:34 d=4:0 D=8:3  class=88/100
>Z 115148 graphs generated in 47.42 sec
>F 115148 cores checked in 61.20 sec
>A nauty-genbg n=5+16 e=34:34 d=4:0 D=8:3  class=89/100
>Z 114690 graphs generated in 47.47 sec
>F 114690 cores checked in 61.12 sec
>A nauty-genbg n=5+16 e=34:34 d=4:0 D=8:3  class=90/100
>Z 114898 graphs generated in 47.47 sec
>F 114898 cores checked in 61.18 sec
>A nauty-genbg n=5+16 e=34:34 d=4:0 D=8:3  class=91/100
>Z 114075 graphs generated in 47.61 sec
>F 114075 cores checked in 60.62 sec
>A nauty-genbg n=5+16 e=34:34 d=4:0 D=8:3  class=92/100
>Z 115538 graphs generated in 47.48 sec
>F 115538 cores checked in 61.61 sec
>A nauty-genbg n=5+16 e=34:34 d=4:0 D=8:3  class=93/100
>Z 112690 graphs generated in 47.60 sec
>F 112690 cores checked in 59.99 sec
>A nauty-genbg n=5+16 e=34:34 d=4:0 D=8:3  class=94/100
>Z 112626 graphs generated in 47.51 sec
>F 112626 cores checked in 59.91 sec
>A nauty-genbg n=5+16 e=34:34 d=4:0 D=8:3  class=95/100
>Z 115287 graphs generated in 47.64 sec
>F 115287 cores checked in 61.18 sec
>A nauty-genbg n=5+16 e=34:34 d=4:0 D=8:3  class=96/100
>Z 114673 graphs generated in 47.51 sec
>F 114673 cores checked in 60.88 sec
>A nauty-genbg n=5+16 e=34:34 d=4:0 D=8:3  class=97/100
>Z 115411 graphs generated in 47.40 sec
>F 115411 cores checked in 61.88 sec
>A nauty-genbg n=5+16 e=34:34 d=4:0 D=8:3  class=98/100
>Z 113633 graphs generated in 47.39 sec
>F 113633 cores checked in 61.45 sec
>A nauty-genbg n=5+16 e=34:34 d=4:0 D=8:3  class=99/100
>Z 112668 graphs generated in 47.50 sec
>F 112668 cores checked in 60.71 sec



===Total number of cores generated: 11436518
===Total number of cores checked: 11436518
===Total time for generation: 4751.12 seconds
===Total time for checking: 6088.46 seconds
===Total number of exceptional cores: 0
