=== Log file for cores: nauty-genbg_-d4:0_-D8:3_5_16_32:32



>A nauty-genbg n=5+16 e=32:32 d=4:0 D=8:3  class=0/100
>Z 161140 graphs generated in 32.71 sec
>F 161140 cores checked in 64.00 sec
>A nauty-genbg n=5+16 e=32:32 d=4:0 D=8:3  class=1/100
>Z 160355 graphs generated in 32.70 sec
>F 160355 cores checked in 65.03 sec
>A nauty-genbg n=5+16 e=32:32 d=4:0 D=8:3  class=2/100
>Z 161328 graphs generated in 32.62 sec
>F 161328 cores checked in 65.12 sec
>A nauty-genbg n=5+16 e=32:32 d=4:0 D=8:3  class=3/100
>Z 158504 graphs generated in 32.67 sec
>F 158504 cores checked in 65.73 sec
>A nauty-genbg n=5+16 e=32:32 d=4:0 D=8:3  class=4/100
>Z 159461 graphs generated in 32.79 sec
>F 159461 cores checked in 63.07 sec
>A nauty-genbg n=5+16 e=32:32 d=4:0 D=8:3  class=5/100
>Z 163137 graphs generated in 32.84 sec
>F 163137 cores checked in 64.22 sec
>A nauty-genbg n=5+16 e=32:32 d=4:0 D=8:3  class=6/100
>Z 160726 graphs generated in 32.75 sec
>F 160726 cores checked in 65.34 sec
>A nauty-genbg n=5+16 e=32:32 d=4:0 D=8:3  class=7/100
>Z 161235 graphs generated in 32.77 sec
>F 161235 cores checked in 63.54 sec
>A nauty-genbg n=5+16 e=32:32 d=4:0 D=8:3  class=8/100
>Z 158465 graphs generated in 32.79 sec
>F 158465 cores checked in 62.87 sec
>A nauty-genbg n=5+16 e=32:32 d=4:0 D=8:3  class=9/100
>Z 163206 graphs generated in 32.79 sec
>F 163206 cores checked in 64.62 sec
>A nauty-genbg n=5+16 e=32:32 d=4:0 D=8:3  class=10/100
>Z 161404 graphs generated in 32.75 sec
>F 161404 cores checked in 67.32 sec
>A nauty-genbg n=5+16 e=32:32 d=4:0 D=8:3  class=11/100
>Z 159004 graphs generated in 35.04 sec
>F 159004 cores checked in 65.48 sec
>A nauty-genbg n=5+16 e=32:32 d=4:0 D=8:3  class=12/100
>Z 159826 graphs generated in 32.72 sec
>F 159826 cores checked in 63.52 sec
>A nauty-genbg n=5+16 e=32:32 d=4:0 D=8:3  class=13/100
>Z 162238 graphs generated in 32.77 sec
>F 162238 cores checked in 65.73 sec
>A nauty-genbg n=5+16 e=32:32 d=4:0 D=8:3  class=14/100
>Z 161229 graphs generated in 32.76 sec
>F 161229 cores checked in 72.73 sec
>A nauty-genbg n=5+16 e=32:32 d=4:0 D=8:3  class=15/100
>Z 161156 graphs generated in 32.75 sec
>F 161156 cores checked in 67.33 sec
>A nauty-genbg n=5+16 e=32:32 d=4:0 D=8:3  class=16/100
>Z 159746 graphs generated in 32.72 sec
>F 159746 cores checked in 65.14 sec
>A nauty-genbg n=5+16 e=32:32 d=4:0 D=8:3  class=17/100
>Z 161141 graphs generated in 32.76 sec
>F 161141 cores checked in 66.55 sec
>A nauty-genbg n=5+16 e=32:32 d=4:0 D=8:3  class=18/100
>Z 158984 graphs generated in 32.65 sec
>F 158984 cores checked in 64.46 sec
>A nauty-genbg n=5+16 e=32:32 d=4:0 D=8:3  class=19/100
>Z 162890 graphs generated in 32.71 sec
>F 162890 cores checked in 68.52 sec
>A nauty-genbg n=5+16 e=32:32 d=4:0 D=8:3  class=20/100
>Z 160424 graphs generated in 32.65 sec
>F 160424 cores checked in 64.31 sec
>A nauty-genbg n=5+16 e=32:32 d=4:0 D=8:3  class=21/100
>Z 160995 graphs generated in 32.71 sec
>F 160995 cores checked in 63.22 sec
>A nauty-genbg n=5+16 e=32:32 d=4:0 D=8:3  class=22/100
>Z 159376 graphs generated in 32.71 sec
>F 159376 cores checked in 63.08 sec
>A nauty-genbg n=5+16 e=32:32 d=4:0 D=8:3  class=23/100
>Z 161268 graphs generated in 32.75 sec
>F 161268 cores checked in 63.61 sec
>A nauty-genbg n=5+16 e=32:32 d=4:0 D=8:3  class=24/100
>Z 163123 graphs generated in 32.78 sec
>F 163123 cores checked in 65.87 sec
>A nauty-genbg n=5+16 e=32:32 d=4:0 D=8:3  class=25/100
>Z 161721 graphs generated in 32.72 sec
>F 161721 cores checked in 65.60 sec
>A nauty-genbg n=5+16 e=32:32 d=4:0 D=8:3  class=26/100
>Z 158748 graphs generated in 32.63 sec
>F 158748 cores checked in 65.24 sec
>A nauty-genbg n=5+16 e=32:32 d=4:0 D=8:3  class=27/100
>Z 161144 graphs generated in 32.66 sec
>F 161144 cores checked in 68.58 sec
>A nauty-genbg n=5+16 e=32:32 d=4:0 D=8:3  class=28/100
>Z 159668 graphs generated in 32.64 sec
>F 159668 cores checked in 64.08 sec
>A nauty-genbg n=5+16 e=32:32 d=4:0 D=8:3  class=29/100
>Z 163980 graphs generated in 32.79 sec
>F 163980 cores checked in 64.59 sec
>A nauty-genbg n=5+16 e=32:32 d=4:0 D=8:3  class=30/100
>Z 161135 graphs generated in 32.91 sec
>F 161135 cores checked in 63.53 sec
>A nauty-genbg n=5+16 e=32:32 d=4:0 D=8:3  class=31/100
>Z 161450 graphs generated in 32.60 sec
>F 161450 cores checked in 68.85 sec
>A nauty-genbg n=5+16 e=32:32 d=4:0 D=8:3  class=32/100
>Z 160785 graphs generated in 32.69 sec
>F 160785 cores checked in 63.67 sec
>A nauty-genbg n=5+16 e=32:32 d=4:0 D=8:3  class=33/100
>Z 161009 graphs generated in 32.61 sec
>F 161009 cores checked in 66.33 sec
>A nauty-genbg n=5+16 e=32:32 d=4:0 D=8:3  class=34/100
>Z 160336 graphs generated in 32.64 sec
>F 160336 cores checked in 68.17 sec
>A nauty-genbg n=5+16 e=32:32 d=4:0 D=8:3  class=35/100
>Z 162642 graphs generated in 32.64 sec
>F 162642 cores checked in 65.50 sec
>A nauty-genbg n=5+16 e=32:32 d=4:0 D=8:3  class=36/100
>Z 161007 graphs generated in 32.66 sec
>F 161007 cores checked in 71.83 sec
>A nauty-genbg n=5+16 e=32:32 d=4:0 D=8:3  class=37/100
>Z 163072 graphs generated in 32.66 sec
>F 163072 cores checked in 72.60 sec
>A nauty-genbg n=5+16 e=32:32 d=4:0 D=8:3  class=38/100
>Z 162505 graphs generated in 32.67 sec
>F 162505 cores checked in 67.58 sec
>A nauty-genbg n=5+16 e=32:32 d=4:0 D=8:3  class=39/100
>Z 163949 graphs generated in 32.68 sec
>F 163949 cores checked in 64.93 sec
>A nauty-genbg n=5+16 e=32:32 d=4:0 D=8:3  class=40/100
>Z 164139 graphs generated in 32.68 sec
>F 164139 cores checked in 68.03 sec
>A nauty-genbg n=5+16 e=32:32 d=4:0 D=8:3  class=41/100
>Z 161540 graphs generated in 32.67 sec
>F 161540 cores checked in 63.92 sec
>A nauty-genbg n=5+16 e=32:32 d=4:0 D=8:3  class=42/100
>Z 158547 graphs generated in 32.53 sec
>F 158547 cores checked in 64.25 sec
>A nauty-genbg n=5+16 e=32:32 d=4:0 D=8:3  class=43/100
>Z 160821 graphs generated in 32.73 sec
>F 160821 cores checked in 63.33 sec
>A nauty-genbg n=5+16 e=32:32 d=4:0 D=8:3  class=44/100
>Z 161299 graphs generated in 32.66 sec
>F 161299 cores checked in 64.79 sec
>A nauty-genbg n=5+16 e=32:32 d=4:0 D=8:3  class=45/100
>Z 162347 graphs generated in 32.69 sec
>F 162347 cores checked in 64.61 sec
>A nauty-genbg n=5+16 e=32:32 d=4:0 D=8:3  class=46/100
>Z 164761 graphs generated in 32.67 sec
>F 164761 cores checked in 69.47 sec
>A nauty-genbg n=5+16 e=32:32 d=4:0 D=8:3  class=47/100
>Z 163597 graphs generated in 32.67 sec
>F 163597 cores checked in 64.32 sec
>A nauty-genbg n=5+16 e=32:32 d=4:0 D=8:3  class=48/100
>Z 161940 graphs generated in 32.66 sec
>F 161940 cores checked in 65.34 sec
>A nauty-genbg n=5+16 e=32:32 d=4:0 D=8:3  class=49/100
>Z 164745 graphs generated in 32.74 sec
>F 164745 cores checked in 68.25 sec
>A nauty-genbg n=5+16 e=32:32 d=4:0 D=8:3  class=50/100
>Z 163783 graphs generated in 32.70 sec
>F 163783 cores checked in 67.16 sec
>A nauty-genbg n=5+16 e=32:32 d=4:0 D=8:3  class=51/100
>Z 162018 graphs generated in 32.61 sec
>F 162018 cores checked in 79.03 sec
>A nauty-genbg n=5+16 e=32:32 d=4:0 D=8:3  class=52/100
>Z 159538 graphs generated in 32.59 sec
>F 159538 cores checked in 66.55 sec
>A nauty-genbg n=5+16 e=32:32 d=4:0 D=8:3  class=53/100
>Z 161206 graphs generated in 32.69 sec
>F 161206 cores checked in 63.51 sec
>A nauty-genbg n=5+16 e=32:32 d=4:0 D=8:3  class=54/100
>Z 161409 graphs generated in 32.70 sec
>F 161409 cores checked in 63.57 sec
>A nauty-genbg n=5+16 e=32:32 d=4:0 D=8:3  class=55/100
>Z 163676 graphs generated in 32.73 sec
>F 163676 cores checked in 65.10 sec
>A nauty-genbg n=5+16 e=32:32 d=4:0 D=8:3  class=56/100
>Z 159120 graphs generated in 32.64 sec
>F 159120 cores checked in 74.57 sec
>A nauty-genbg n=5+16 e=32:32 d=4:0 D=8:3  class=57/100
>Z 162908 graphs generated in 32.69 sec
>F 162908 cores checked in 66.08 sec
>A nauty-genbg n=5+16 e=32:32 d=4:0 D=8:3  class=58/100
>Z 160900 graphs generated in 32.71 sec
>F 160900 cores checked in 66.21 sec
>A nauty-genbg n=5+16 e=32:32 d=4:0 D=8:3  class=59/100
>Z 163624 graphs generated in 32.69 sec
>F 163624 cores checked in 64.53 sec
>A nauty-genbg n=5+16 e=32:32 d=4:0 D=8:3  class=60/100
>Z 162892 graphs generated in 32.66 sec
>F 162892 cores checked in 72.49 sec
>A nauty-genbg n=5+16 e=32:32 d=4:0 D=8:3  class=61/100
>Z 161525 graphs generated in 32.64 sec
>F 161525 cores checked in 65.44 sec
>A nauty-genbg n=5+16 e=32:32 d=4:0 D=8:3  class=62/100
>Z 158569 graphs generated in 32.59 sec
>F 158569 cores checked in 62.46 sec
>A nauty-genbg n=5+16 e=32:32 d=4:0 D=8:3  class=63/100
>Z 160342 graphs generated in 32.65 sec
>F 160342 cores checked in 64.24 sec
>A nauty-genbg n=5+16 e=32:32 d=4:0 D=8:3  class=64/100
>Z 158213 graphs generated in 32.60 sec
>F 158213 cores checked in 62.19 sec
>A nauty-genbg n=5+16 e=32:32 d=4:0 D=8:3  class=65/100
>Z 161175 graphs generated in 32.72 sec
>F 161175 cores checked in 64.12 sec
>A nauty-genbg n=5+16 e=32:32 d=4:0 D=8:3  class=66/100
>Z 162702 graphs generated in 32.63 sec
>F 162702 cores checked in 66.45 sec
>A nauty-genbg n=5+16 e=32:32 d=4:0 D=8:3  class=67/100
>Z 163002 graphs generated in 32.72 sec
>F 163002 cores checked in 65.06 sec
>A nauty-genbg n=5+16 e=32:32 d=4:0 D=8:3  class=68/100
>Z 160153 graphs generated in 32.65 sec
>F 160153 cores checked in 68.86 sec
>A nauty-genbg n=5+16 e=32:32 d=4:0 D=8:3  class=69/100
>Z 164169 graphs generated in 32.75 sec
>F 164169 cores checked in 68.25 sec
>A nauty-genbg n=5+16 e=32:32 d=4:0 D=8:3  class=70/100
>Z 159250 graphs generated in 32.62 sec
>F 159250 cores checked in 67.82 sec
>A nauty-genbg n=5+16 e=32:32 d=4:0 D=8:3  class=71/100
>Z 161535 graphs generated in 32.66 sec
>F 161535 cores checked in 67.44 sec
>A nauty-genbg n=5+16 e=32:32 d=4:0 D=8:3  class=72/100
>Z 161139 graphs generated in 32.65 sec
>F 161139 cores checked in 63.83 sec
>A nauty-genbg n=5+16 e=32:32 d=4:0 D=8:3  class=73/100
>Z 160141 graphs generated in 32.70 sec
>F 160141 cores checked in 63.29 sec
>A nauty-genbg n=5+16 e=32:32 d=4:0 D=8:3  class=74/100
>Z 161458 graphs generated in 32.63 sec
>F 161458 cores checked in 67.53 sec
>A nauty-genbg n=5+16 e=32:32 d=4:0 D=8:3  class=75/100
>Z 163655 graphs generated in 32.64 sec
>F 163655 cores checked in 69.43 sec
>A nauty-genbg n=5+16 e=32:32 d=4:0 D=8:3  class=76/100
>Z 161065 graphs generated in 32.65 sec
>F 161065 cores checked in 65.90 sec
>A nauty-genbg n=5+16 e=32:32 d=4:0 D=8:3  class=77/100
>Z 162007 graphs generated in 32.67 sec
>F 162007 cores checked in 69.59 sec
>A nauty-genbg n=5+16 e=32:32 d=4:0 D=8:3  class=78/100
>Z 162139 graphs generated in 32.63 sec
>F 162139 cores checked in 74.83 sec
>A nauty-genbg n=5+16 e=32:32 d=4:0 D=8:3  class=79/100
>Z 164217 graphs generated in 32.63 sec
>F 164217 cores checked in 68.76 sec
>A nauty-genbg n=5+16 e=32:32 d=4:0 D=8:3  class=80/100
>Z 162787 graphs generated in 32.66 sec
>F 162787 cores checked in 68.20 sec
>A nauty-genbg n=5+16 e=32:32 d=4:0 D=8:3  class=81/100
>Z 158515 graphs generated in 32.62 sec
>F 158515 cores checked in 65.70 sec
>A nauty-genbg n=5+16 e=32:32 d=4:0 D=8:3  class=82/100
>Z 161931 graphs generated in 32.70 sec
>F 161931 cores checked in 64.09 sec
>A nauty-genbg n=5+16 e=32:32 d=4:0 D=8:3  class=83/100
>Z 159077 graphs generated in 32.62 sec
>F 159077 cores checked in 62.91 sec
>A nauty-genbg n=5+16 e=32:32 d=4:0 D=8:3  class=84/100
>Z 159416 graphs generated in 32.65 sec
>F 159416 cores checked in 66.99 sec
>A nauty-genbg n=5+16 e=32:32 d=4:0 D=8:3  class=85/100
>Z 160998 graphs generated in 32.61 sec
>F 160998 cores checked in 69.87 sec
>A nauty-genbg n=5+16 e=32:32 d=4:0 D=8:3  class=86/100
>Z 161750 graphs generated in 32.59 sec
>F 161750 cores checked in 64.11 sec
>A nauty-genbg n=5+16 e=32:32 d=4:0 D=8:3  class=87/100
>Z 162044 graphs generated in 32.70 sec
>F 162044 cores checked in 68.48 sec
>A nauty-genbg n=5+16 e=32:32 d=4:0 D=8:3  class=88/100
>Z 160286 graphs generated in 32.62 sec
>F 160286 cores checked in 67.47 sec
>A nauty-genbg n=5+16 e=32:32 d=4:0 D=8:3  class=89/100
>Z 162647 graphs generated in 32.70 sec
>F 162647 cores checked in 73.59 sec
>A nauty-genbg n=5+16 e=32:32 d=4:0 D=8:3  class=90/100
>Z 160015 graphs generated in 32.59 sec
>F 160015 cores checked in 63.38 sec
>A nauty-genbg n=5+16 e=32:32 d=4:0 D=8:3  class=91/100
>Z 160333 graphs generated in 32.65 sec
>F 160333 cores checked in 64.87 sec
>A nauty-genbg n=5+16 e=32:32 d=4:0 D=8:3  class=92/100
>Z 157230 graphs generated in 32.65 sec
>F 157230 cores checked in 62.28 sec
>A nauty-genbg n=5+16 e=32:32 d=4:0 D=8:3  class=93/100
>Z 161350 graphs generated in 32.71 sec
>F 161350 cores checked in 63.46 sec
>A nauty-genbg n=5+16 e=32:32 d=4:0 D=8:3  class=94/100
>Z 160363 graphs generated in 32.72 sec
>F 160363 cores checked in 64.86 sec
>A nauty-genbg n=5+16 e=32:32 d=4:0 D=8:3  class=95/100
>Z 160617 graphs generated in 32.74 sec
>F 160617 cores checked in 68.37 sec
>A nauty-genbg n=5+16 e=32:32 d=4:0 D=8:3  class=96/100
>Z 158910 graphs generated in 32.62 sec
>F 158910 cores checked in 65.86 sec
>A nauty-genbg n=5+16 e=32:32 d=4:0 D=8:3  class=97/100
>Z 161794 graphs generated in 32.70 sec
>F 161794 cores checked in 64.75 sec
>A nauty-genbg n=5+16 e=32:32 d=4:0 D=8:3  class=98/100
>Z 159499 graphs generated in 32.59 sec
>F 159499 cores checked in 68.89 sec
>A nauty-genbg n=5+16 e=32:32 d=4:0 D=8:3  class=99/100
>Z 162503 graphs generated in 32.79 sec
>F 162503 cores checked in 81.42 sec



===Total number of cores generated: 16126843
===Total number of cores checked: 16126843
===Total time for generation: 3270.63 seconds
===Total time for checking: 6641.64 seconds
===Total number of exceptional cores: 0
