=== Log file for cores: nauty-genbg_-d6:0_-D8:3_5_16_38:38



>A nauty-genbg n=5+16 e=38:38 d=6:0 D=8:3  class=0/100
>Z 7855 graphs generated in 46.59 sec
>F 7855 cores checked in 6.49 sec
>A nauty-genbg n=5+16 e=38:38 d=6:0 D=8:3  class=1/100
>Z 7812 graphs generated in 46.70 sec
>F 7812 cores checked in 6.46 sec
>A nauty-genbg n=5+16 e=38:38 d=6:0 D=8:3  class=2/100
>Z 7714 graphs generated in 46.82 sec
>F 7714 cores checked in 6.39 sec
>A nauty-genbg n=5+16 e=38:38 d=6:0 D=8:3  class=3/100
>Z 7702 graphs generated in 46.89 sec
>F 7702 cores checked in 6.39 sec
>A nauty-genbg n=5+16 e=38:38 d=6:0 D=8:3  class=4/100
>Z 7697 graphs generated in 46.82 sec
>F 7697 cores checked in 6.35 sec
>A nauty-genbg n=5+16 e=38:38 d=6:0 D=8:3  class=5/100
>Z 7834 graphs generated in 46.76 sec
>F 7834 cores checked in 6.50 sec
>A nauty-genbg n=5+16 e=38:38 d=6:0 D=8:3  class=6/100
>Z 7691 graphs generated in 46.80 sec
>F 7691 cores checked in 6.41 sec
>A nauty-genbg n=5+16 e=38:38 d=6:0 D=8:3  class=7/100
>Z 7693 graphs generated in 46.69 sec
>F 7693 cores checked in 6.38 sec
>A nauty-genbg n=5+16 e=38:38 d=6:0 D=8:3  class=8/100
>Z 7774 graphs generated in 46.87 sec
>F 7774 cores checked in 6.39 sec
>A nauty-genbg n=5+16 e=38:38 d=6:0 D=8:3  class=9/100
>Z 7440 graphs generated in 46.78 sec
>F 7440 cores checked in 6.14 sec
>A nauty-genbg n=5+16 e=38:38 d=6:0 D=8:3  class=10/100
>Z 7612 graphs generated in 46.98 sec
>F 7612 cores checked in 6.31 sec
>A nauty-genbg n=5+16 e=38:38 d=6:0 D=8:3  class=11/100
>Z 7718 graphs generated in 46.90 sec
>F 7718 cores checked in 6.38 sec
>A nauty-genbg n=5+16 e=38:38 d=6:0 D=8:3  class=12/100
>Z 7645 graphs generated in 46.83 sec
>F 7645 cores checked in 6.33 sec
>A nauty-genbg n=5+16 e=38:38 d=6:0 D=8:3  class=13/100
>Z 7833 graphs generated in 47.14 sec
>F 7833 cores checked in 6.49 sec
>A nauty-genbg n=5+16 e=38:38 d=6:0 D=8:3  class=14/100
>Z 7743 graphs generated in 47.09 sec
>F 7743 cores checked in 6.39 sec
>A nauty-genbg n=5+16 e=38:38 d=6:0 D=8:3  class=15/100
>Z 7873 graphs generated in 47.11 sec
>F 7873 cores checked in 6.53 sec
>A nauty-genbg n=5+16 e=38:38 d=6:0 D=8:3  class=16/100
>Z 7995 graphs generated in 47.05 sec
>F 7995 cores checked in 6.63 sec
>A nauty-genbg n=5+16 e=38:38 d=6:0 D=8:3  class=17/100
>Z 7577 graphs generated in 47.28 sec
>F 7577 cores checked in 6.27 sec
>A nauty-genbg n=5+16 e=38:38 d=6:0 D=8:3  class=18/100
>Z 7900 graphs generated in 46.89 sec
>F 7900 cores checked in 6.55 sec
>A nauty-genbg n=5+16 e=38:38 d=6:0 D=8:3  class=19/100
>Z 7601 graphs generated in 47.08 sec
>F 7601 cores checked in 6.29 sec
>A nauty-genbg n=5+16 e=38:38 d=6:0 D=8:3  class=20/100
>Z 7730 graphs generated in 47.21 sec
>F 7730 cores checked in 6.41 sec
>A nauty-genbg n=5+16 e=38:38 d=6:0 D=8:3  class=21/100
>Z 7882 graphs generated in 47.21 sec
>F 7882 cores checked in 6.54 sec
>A nauty-genbg n=5+16 e=38:38 d=6:0 D=8:3  class=22/100
>Z 7673 graphs generated in 47.09 sec
>F 7673 cores checked in 6.33 sec
>A nauty-genbg n=5+16 e=38:38 d=6:0 D=8:3  class=23/100
>Z 7981 graphs generated in 47.13 sec
>F 7981 cores checked in 6.59 sec
>A nauty-genbg n=5+16 e=38:38 d=6:0 D=8:3  class=24/100
>Z 7628 graphs generated in 47.13 sec
>F 7628 cores checked in 6.31 sec
>A nauty-genbg n=5+16 e=38:38 d=6:0 D=8:3  class=25/100
>Z 7971 graphs generated in 47.31 sec
>F 7971 cores checked in 6.61 sec
>A nauty-genbg n=5+16 e=38:38 d=6:0 D=8:3  class=26/100
>Z 7860 graphs generated in 47.36 sec
>F 7860 cores checked in 6.50 sec
>A nauty-genbg n=5+16 e=38:38 d=6:0 D=8:3  class=27/100
>Z 7894 graphs generated in 47.10 sec
>F 7894 cores checked in 6.55 sec
>A nauty-genbg n=5+16 e=38:38 d=6:0 D=8:3  class=28/100
>Z 7938 graphs generated in 47.21 sec
>F 7938 cores checked in 6.57 sec
>A nauty-genbg n=5+16 e=38:38 d=6:0 D=8:3  class=29/100
>Z 7940 graphs generated in 47.16 sec
>F 7940 cores checked in 6.58 sec
>A nauty-genbg n=5+16 e=38:38 d=6:0 D=8:3  class=30/100
>Z 7694 graphs generated in 47.07 sec
>F 7694 cores checked in 6.41 sec
>A nauty-genbg n=5+16 e=38:38 d=6:0 D=8:3  class=31/100
>Z 7708 graphs generated in 47.20 sec
>F 7708 cores checked in 6.40 sec
>A nauty-genbg n=5+16 e=38:38 d=6:0 D=8:3  class=32/100
>Z 7946 graphs generated in 47.12 sec
>F 7946 cores checked in 6.57 sec
>A nauty-genbg n=5+16 e=38:38 d=6:0 D=8:3  class=33/100
>Z 7854 graphs generated in 47.17 sec
>F 7854 cores checked in 6.49 sec
>A nauty-genbg n=5+16 e=38:38 d=6:0 D=8:3  class=34/100
>Z 7810 graphs generated in 47.10 sec
>F 7810 cores checked in 6.46 sec
>A nauty-genbg n=5+16 e=38:38 d=6:0 D=8:3  class=35/100
>Z 7786 graphs generated in 47.15 sec
>F 7786 cores checked in 6.45 sec
>A nauty-genbg n=5+16 e=38:38 d=6:0 D=8:3  class=36/100
>Z 7691 graphs generated in 47.14 sec
>F 7691 cores checked in 6.38 sec
>A nauty-genbg n=5+16 e=38:38 d=6:0 D=8:3  class=37/100
>Z 7689 graphs generated in 47.37 sec
>F 7689 cores checked in 6.37 sec
>A nauty-genbg n=5+16 e=38:38 d=6:0 D=8:3  class=38/100
>Z 7742 graphs generated in 47.36 sec
>F 7742 cores checked in 6.40 sec
>A nauty-genbg n=5+16 e=38:38 d=6:0 D=8:3  class=39/100
>Z 7840 graphs generated in 47.33 sec
>F 7840 cores checked in 6.49 sec
>A nauty-genbg n=5+16 e=38:38 d=6:0 D=8:3  class=40/100
>Z 7816 graphs generated in 47.19 sec
>F 7816 cores checked in 6.44 sec
>A nauty-genbg n=5+16 e=38:38 d=6:0 D=8:3  class=41/100
>Z 7649 graphs generated in 47.23 sec
>F 7649 cores checked in 6.34 sec
>A nauty-genbg n=5+16 e=38:38 d=6:0 D=8:3  class=42/100
>Z 7886 graphs generated in 47.49 sec
>F 7886 cores checked in 6.53 sec
>A nauty-genbg n=5+16 e=38:38 d=6:0 D=8:3  class=43/100
>Z 7900 graphs generated in 47.24 sec
>F 7900 cores checked in 6.54 sec
>A nauty-genbg n=5+16 e=38:38 d=6:0 D=8:3  class=44/100
>Z 7898 graphs generated in 48.08 sec
>F 7898 cores checked in 6.54 sec
>A nauty-genbg n=5+16 e=38:38 d=6:0 D=8:3  class=45/100
>Z 7803 graphs generated in 47.28 sec
>F 7803 cores checked in 6.50 sec
>A nauty-genbg n=5+16 e=38:38 d=6:0 D=8:3  class=46/100
>Z 7922 graphs generated in 47.47 sec
>F 7922 cores checked in 6.55 sec
>A nauty-genbg n=5+16 e=38:38 d=6:0 D=8:3  class=47/100
>Z 7944 graphs generated in 47.24 sec
>F 7944 cores checked in 6.58 sec
>A nauty-genbg n=5+16 e=38:38 d=6:0 D=8:3  class=48/100
>Z 7876 graphs generated in 47.33 sec
>F 7876 cores checked in 6.51 sec
>A nauty-genbg n=5+16 e=38:38 d=6:0 D=8:3  class=49/100
>Z 7756 graphs generated in 47.32 sec
>F 7756 cores checked in 6.43 sec
>A nauty-genbg n=5+16 e=38:38 d=6:0 D=8:3  class=50/100
>Z 8006 graphs generated in 47.46 sec
>F 8006 cores checked in 6.62 sec
>A nauty-genbg n=5+16 e=38:38 d=6:0 D=8:3  class=51/100
>Z 7475 graphs generated in 47.13 sec
>F 7475 cores checked in 6.21 sec
>A nauty-genbg n=5+16 e=38:38 d=6:0 D=8:3  class=52/100
>Z 7754 graphs generated in 47.31 sec
>F 7754 cores checked in 6.43 sec
>A nauty-genbg n=5+16 e=38:38 d=6:0 D=8:3  class=53/100
>Z 7910 graphs generated in 47.23 sec
>F 7910 cores checked in 6.56 sec
>A nauty-genbg n=5+16 e=38:38 d=6:0 D=8:3  class=54/100
>Z 7656 graphs generated in 47.38 sec
>F 7656 cores checked in 6.35 sec
>A nauty-genbg n=5+16 e=38:38 d=6:0 D=8:3  class=55/100
>Z 7712 graphs generated in 47.26 sec
>F 7712 cores checked in 6.38 sec
>A nauty-genbg n=5+16 e=38:38 d=6:0 D=8:3  class=56/100
>Z 7889 graphs generated in 47.63 sec
>F 7889 cores checked in 6.57 sec
>A nauty-genbg n=5+16 e=38:38 d=6:0 D=8:3  class=57/100
>Z 7572 graphs generated in 47.17 sec
>F 7572 cores checked in 6.31 sec
>A nauty-genbg n=5+16 e=38:38 d=6:0 D=8:3  class=58/100
>Z 7833 graphs generated in 47.23 sec
>F 7833 cores checked in 6.51 sec
>A nauty-genbg n=5+16 e=38:38 d=6:0 D=8:3  class=59/100
>Z 7939 graphs generated in 47.42 sec
>F 7939 cores checked in 6.59 sec
>A nauty-genbg n=5+16 e=38:38 d=6:0 D=8:3  class=60/100
>Z 7818 graphs generated in 47.42 sec
>F 7818 cores checked in 6.47 sec
>A nauty-genbg n=5+16 e=38:38 d=6:0 D=8:3  class=61/100
>Z 8016 graphs generated in 47.32 sec
>F 8016 cores checked in 6.69 sec
>A nauty-genbg n=5+16 e=38:38 d=6:0 D=8:3  class=62/100
>Z 7860 graphs generated in 47.29 sec
>F 7860 cores checked in 6.53 sec
>A nauty-genbg n=5+16 e=38:38 d=6:0 D=8:3  class=63/100
>Z 7908 graphs generated in 47.09 sec
>F 7908 cores checked in 6.55 sec
>A nauty-genbg n=5+16 e=38:38 d=6:0 D=8:3  class=64/100
>Z 7772 graphs generated in 47.41 sec
>F 7772 cores checked in 6.44 sec
>A nauty-genbg n=5+16 e=38:38 d=6:0 D=8:3  class=65/100
>Z 7933 graphs generated in 47.39 sec
>F 7933 cores checked in 6.59 sec
>A nauty-genbg n=5+16 e=38:38 d=6:0 D=8:3  class=66/100
>Z 7907 graphs generated in 47.18 sec
>F 7907 cores checked in 6.56 sec
>A nauty-genbg n=5+16 e=38:38 d=6:0 D=8:3  class=67/100
>Z 7820 graphs generated in 47.39 sec
>F 7820 cores checked in 6.53 sec
>A nauty-genbg n=5+16 e=38:38 d=6:0 D=8:3  class=68/100
>Z 7873 graphs generated in 47.41 sec
>F 7873 cores checked in 6.73 sec
>A nauty-genbg n=5+16 e=38:38 d=6:0 D=8:3  class=69/100
>Z 7940 graphs generated in 47.18 sec
>F 7940 cores checked in 6.60 sec
>A nauty-genbg n=5+16 e=38:38 d=6:0 D=8:3  class=70/100
>Z 7604 graphs generated in 47.26 sec
>F 7604 cores checked in 6.31 sec
>A nauty-genbg n=5+16 e=38:38 d=6:0 D=8:3  class=71/100
>Z 7800 graphs generated in 47.26 sec
>F 7800 cores checked in 6.50 sec
>A nauty-genbg n=5+16 e=38:38 d=6:0 D=8:3  class=72/100
>Z 7913 graphs generated in 47.33 sec
>F 7913 cores checked in 6.56 sec
>A nauty-genbg n=5+16 e=38:38 d=6:0 D=8:3  class=73/100
>Z 7875 graphs generated in 47.30 sec
>F 7875 cores checked in 6.54 sec
>A nauty-genbg n=5+16 e=38:38 d=6:0 D=8:3  class=74/100
>Z 7982 graphs generated in 47.32 sec
>F 7982 cores checked in 6.61 sec
>A nauty-genbg n=5+16 e=38:38 d=6:0 D=8:3  class=75/100
>Z 7838 graphs generated in 47.45 sec
>F 7838 cores checked in 6.51 sec
>A nauty-genbg n=5+16 e=38:38 d=6:0 D=8:3  class=76/100
>Z 7842 graphs generated in 47.06 sec
>F 7842 cores checked in 6.50 sec
>A nauty-genbg n=5+16 e=38:38 d=6:0 D=8:3  class=77/100
>Z 7942 graphs generated in 47.67 sec
>F 7942 cores checked in 6.61 sec
>A nauty-genbg n=5+16 e=38:38 d=6:0 D=8:3  class=78/100
>Z 7890 graphs generated in 47.22 sec
>F 7890 cores checked in 6.56 sec
>A nauty-genbg n=5+16 e=38:38 d=6:0 D=8:3  class=79/100
>Z 7863 graphs generated in 47.42 sec
>F 7863 cores checked in 6.54 sec
>A nauty-genbg n=5+16 e=38:38 d=6:0 D=8:3  class=80/100
>Z 7731 graphs generated in 47.26 sec
>F 7731 cores checked in 6.40 sec
>A nauty-genbg n=5+16 e=38:38 d=6:0 D=8:3  class=81/100
>Z 7736 graphs generated in 47.41 sec
>F 7736 cores checked in 6.42 sec
>A nauty-genbg n=5+16 e=38:38 d=6:0 D=8:3  class=82/100
>Z 7982 graphs generated in 47.49 sec
>F 7982 cores checked in 6.60 sec
>A nauty-genbg n=5+16 e=38:38 d=6:0 D=8:3  class=83/100
>Z 7891 graphs generated in 47.30 sec
>F 7891 cores checked in 6.56 sec
>A nauty-genbg n=5+16 e=38:38 d=6:0 D=8:3  class=84/100
>Z 7775 graphs generated in 47.31 sec
>F 7775 cores checked in 6.46 sec
>A nauty-genbg n=5+16 e=38:38 d=6:0 D=8:3  class=85/100
>Z 7892 graphs generated in 47.28 sec
>F 7892 cores checked in 6.53 sec
>A nauty-genbg n=5+16 e=38:38 d=6:0 D=8:3  class=86/100
>Z 7845 graphs generated in 47.14 sec
>F 7845 cores checked in 6.49 sec
>A nauty-genbg n=5+16 e=38:38 d=6:0 D=8:3  class=87/100
>Z 7739 graphs generated in 47.22 sec
>F 7739 cores checked in 6.44 sec
>A nauty-genbg n=5+16 e=38:38 d=6:0 D=8:3  class=88/100
>Z 7866 graphs generated in 47.08 sec
>F 7866 cores checked in 6.50 sec
>A nauty-genbg n=5+16 e=38:38 d=6:0 D=8:3  class=89/100
>Z 8050 graphs generated in 47.11 sec
>F 8050 cores checked in 6.70 sec
>A nauty-genbg n=5+16 e=38:38 d=6:0 D=8:3  class=90/100
>Z 8113 graphs generated in 47.16 sec
>F 8113 cores checked in 6.70 sec
>A nauty-genbg n=5+16 e=38:38 d=6:0 D=8:3  class=91/100
>Z 7670 graphs generated in 47.41 sec
>F 7670 cores checked in 6.34 sec
>A nauty-genbg n=5+16 e=38:38 d=6:0 D=8:3  class=92/100
>Z 7925 graphs generated in 47.45 sec
>F 7925 cores checked in 6.52 sec
>A nauty-genbg n=5+16 e=38:38 d=6:0 D=8:3  class=93/100
>Z 7856 graphs generated in 47.36 sec
>F 7856 cores checked in 6.49 sec
>A nauty-genbg n=5+16 e=38:38 d=6:0 D=8:3  class=94/100
>Z 7722 graphs generated in 47.24 sec
>F 7722 cores checked in 6.37 sec
>A nauty-genbg n=5+16 e=38:38 d=6:0 D=8:3  class=95/100
>Z 7795 graphs generated in 47.44 sec
>F 7795 cores checked in 6.41 sec
>A nauty-genbg n=5+16 e=38:38 d=6:0 D=8:3  class=96/100
>Z 7953 graphs generated in 47.27 sec
>F 7953 cores checked in 6.59 sec
>A nauty-genbg n=5+16 e=38:38 d=6:0 D=8:3  class=97/100
>Z 7630 graphs generated in 47.37 sec
>F 7630 cores checked in 6.30 sec
>A nauty-genbg n=5+16 e=38:38 d=6:0 D=8:3  class=98/100
>Z 7697 graphs generated in 47.20 sec
>F 7697 cores checked in 6.33 sec
>A nauty-genbg n=5+16 e=38:38 d=6:0 D=8:3  class=99/100
>Z 7812 graphs generated in 47.21 sec
>F 7812 cores checked in 6.43 sec



===Total number of cores generated: 781238
===Total number of cores checked: 781238
===Total time for generation: 4721.16 seconds
===Total time for checking: 647.48 seconds
===Total number of exceptional cores: 0
