=== Log file for cores: nauty-genbg_-d4:0_-D7:3_7_14_34:34



>A nauty-genbg n=7+14 e=34:34 d=4:0 D=7:3  class=0/100
>Z 10988757 graphs generated in 968.83 sec
>F 10988757 cores checked in 4698.84 sec
>A nauty-genbg n=7+14 e=34:34 d=4:0 D=7:3  class=1/100
>Z 11004957 graphs generated in 969.84 sec
>F 11004957 cores checked in 4689.56 sec
>A nauty-genbg n=7+14 e=34:34 d=4:0 D=7:3  class=2/100
>Z 11053002 graphs generated in 969.13 sec
>F 11053002 cores checked in 4743.57 sec
>A nauty-genbg n=7+14 e=34:34 d=4:0 D=7:3  class=3/100
>Z 10982586 graphs generated in 969.69 sec
>F 10982586 cores checked in 4695.39 sec
>A nauty-genbg n=7+14 e=34:34 d=4:0 D=7:3  class=4/100
>Z 10959755 graphs generated in 968.01 sec
>F 10959755 cores checked in 4690.37 sec
>A nauty-genbg n=7+14 e=34:34 d=4:0 D=7:3  class=5/100
>Z 10981379 graphs generated in 969.30 sec
>F 10981379 cores checked in 4696.19 sec
>A nauty-genbg n=7+14 e=34:34 d=4:0 D=7:3  class=6/100
>Z 10985400 graphs generated in 968.59 sec
>F 10985400 cores checked in 4700.60 sec
>A nauty-genbg n=7+14 e=34:34 d=4:0 D=7:3  class=7/100
>Z 11034929 graphs generated in 971.67 sec
>F 11034929 cores checked in 4713.66 sec
>A nauty-genbg n=7+14 e=34:34 d=4:0 D=7:3  class=8/100
>Z 10957403 graphs generated in 968.03 sec
>F 10957403 cores checked in 4675.83 sec
>A nauty-genbg n=7+14 e=34:34 d=4:0 D=7:3  class=9/100
>Z 10954646 graphs generated in 969.11 sec
>F 10954646 cores checked in 4690.90 sec
>A nauty-genbg n=7+14 e=34:34 d=4:0 D=7:3  class=10/100
>Z 10965514 graphs generated in 969.25 sec
>F 10965514 cores checked in 4698.26 sec
>A nauty-genbg n=7+14 e=34:34 d=4:0 D=7:3  class=11/100
>Z 10978313 graphs generated in 969.07 sec
>F 10978313 cores checked in 4704.17 sec
>A nauty-genbg n=7+14 e=34:34 d=4:0 D=7:3  class=12/100
>Z 11011763 graphs generated in 970.43 sec
>F 11011763 cores checked in 4701.21 sec
>A nauty-genbg n=7+14 e=34:34 d=4:0 D=7:3  class=13/100
>Z 10976123 graphs generated in 969.14 sec
>F 10976123 cores checked in 4700.79 sec
>A nauty-genbg n=7+14 e=34:34 d=4:0 D=7:3  class=14/100
>Z 10961581 graphs generated in 969.80 sec
>F 10961581 cores checked in 4685.23 sec
>A nauty-genbg n=7+14 e=34:34 d=4:0 D=7:3  class=15/100
>Z 10967819 graphs generated in 972.26 sec
>F 10967819 cores checked in 4687.81 sec
>A nauty-genbg n=7+14 e=34:34 d=4:0 D=7:3  class=16/100
>Z 10977469 graphs generated in 969.74 sec
>F 10977469 cores checked in 4680.72 sec
>A nauty-genbg n=7+14 e=34:34 d=4:0 D=7:3  class=17/100
>Z 11038175 graphs generated in 970.40 sec
>F 11038175 cores checked in 4723.42 sec
>A nauty-genbg n=7+14 e=34:34 d=4:0 D=7:3  class=18/100
>Z 10976950 graphs generated in 969.32 sec
>F 10976950 cores checked in 4781.52 sec
>A nauty-genbg n=7+14 e=34:34 d=4:0 D=7:3  class=19/100
>Z 10974301 graphs generated in 969.77 sec
>F 10974301 cores checked in 4680.73 sec
>A nauty-genbg n=7+14 e=34:34 d=4:0 D=7:3  class=20/100
>Z 10998263 graphs generated in 969.14 sec
>F 10998263 cores checked in 4761.17 sec
>A nauty-genbg n=7+14 e=34:34 d=4:0 D=7:3  class=21/100
>Z 10977422 graphs generated in 969.88 sec
>F 10977422 cores checked in 4681.60 sec
>A nauty-genbg n=7+14 e=34:34 d=4:0 D=7:3  class=22/100
>Z 11005135 graphs generated in 970.61 sec
>F 11005135 cores checked in 4699.33 sec
>A nauty-genbg n=7+14 e=34:34 d=4:0 D=7:3  class=23/100
>Z 10977270 graphs generated in 968.67 sec
>F 10977270 cores checked in 4696.73 sec
>A nauty-genbg n=7+14 e=34:34 d=4:0 D=7:3  class=24/100
>Z 10955607 graphs generated in 968.19 sec
>F 10955607 cores checked in 4673.11 sec
>A nauty-genbg n=7+14 e=34:34 d=4:0 D=7:3  class=25/100
>Z 11004316 graphs generated in 968.85 sec
>F 11004316 cores checked in 4715.54 sec
>A nauty-genbg n=7+14 e=34:34 d=4:0 D=7:3  class=26/100
>Z 10994666 graphs generated in 969.52 sec
>F 10994666 cores checked in 4692.62 sec
>A nauty-genbg n=7+14 e=34:34 d=4:0 D=7:3  class=27/100
>Z 11013729 graphs generated in 970.73 sec
>F 11013729 cores checked in 4700.08 sec
>A nauty-genbg n=7+14 e=34:34 d=4:0 D=7:3  class=28/100
>Z 10983311 graphs generated in 969.82 sec
>F 10983311 cores checked in 4682.19 sec
>A nauty-genbg n=7+14 e=34:34 d=4:0 D=7:3  class=29/100
>Z 10979591 graphs generated in 969.44 sec
>F 10979591 cores checked in 4696.10 sec
>A nauty-genbg n=7+14 e=34:34 d=4:0 D=7:3  class=30/100
>Z 10983042 graphs generated in 969.24 sec
>F 10983042 cores checked in 4692.24 sec
>A nauty-genbg n=7+14 e=34:34 d=4:0 D=7:3  class=31/100
>Z 10988631 graphs generated in 969.12 sec
>F 10988631 cores checked in 4702.39 sec
>A nauty-genbg n=7+14 e=34:34 d=4:0 D=7:3  class=32/100
>Z 11016658 graphs generated in 969.64 sec
>F 11016658 cores checked in 4706.30 sec
>A nauty-genbg n=7+14 e=34:34 d=4:0 D=7:3  class=33/100
>Z 10984985 graphs generated in 969.75 sec
>F 10984985 cores checked in 4707.74 sec
>A nauty-genbg n=7+14 e=34:34 d=4:0 D=7:3  class=34/100
>Z 10957284 graphs generated in 970.18 sec
>F 10957284 cores checked in 4772.67 sec
>A nauty-genbg n=7+14 e=34:34 d=4:0 D=7:3  class=35/100
>Z 10985396 graphs generated in 971.06 sec
>F 10985396 cores checked in 4693.87 sec
>A nauty-genbg n=7+14 e=34:34 d=4:0 D=7:3  class=36/100
>Z 10972410 graphs generated in 969.60 sec
>F 10972410 cores checked in 4696.26 sec
>A nauty-genbg n=7+14 e=34:34 d=4:0 D=7:3  class=37/100
>Z 11039206 graphs generated in 970.86 sec
>F 11039206 cores checked in 4718.40 sec
>A nauty-genbg n=7+14 e=34:34 d=4:0 D=7:3  class=38/100
>Z 10998784 graphs generated in 977.09 sec
>F 10998784 cores checked in 4690.74 sec
>A nauty-genbg n=7+14 e=34:34 d=4:0 D=7:3  class=39/100
>Z 10968732 graphs generated in 970.53 sec
>F 10968732 cores checked in 4690.10 sec
>A nauty-genbg n=7+14 e=34:34 d=4:0 D=7:3  class=40/100
>Z 10970070 graphs generated in 970.44 sec
>F 10970070 cores checked in 4692.10 sec
>A nauty-genbg n=7+14 e=34:34 d=4:0 D=7:3  class=41/100
>Z 10980663 graphs generated in 969.44 sec
>F 10980663 cores checked in 4702.59 sec
>A nauty-genbg n=7+14 e=34:34 d=4:0 D=7:3  class=42/100
>Z 11018224 graphs generated in 970.73 sec
>F 11018224 cores checked in 4713.63 sec
>A nauty-genbg n=7+14 e=34:34 d=4:0 D=7:3  class=43/100
>Z 10977445 graphs generated in 968.99 sec
>F 10977445 cores checked in 4687.98 sec
>A nauty-genbg n=7+14 e=34:34 d=4:0 D=7:3  class=44/100
>Z 10956866 graphs generated in 969.13 sec
>F 10956866 cores checked in 4684.22 sec
>A nauty-genbg n=7+14 e=34:34 d=4:0 D=7:3  class=45/100
>Z 10972432 graphs generated in 970.40 sec
>F 10972432 cores checked in 4680.92 sec
>A nauty-genbg n=7+14 e=34:34 d=4:0 D=7:3  class=46/100
>Z 10974434 graphs generated in 969.73 sec
>F 10974434 cores checked in 4672.14 sec
>A nauty-genbg n=7+14 e=34:34 d=4:0 D=7:3  class=47/100
>Z 11004977 graphs generated in 969.89 sec
>F 11004977 cores checked in 4694.11 sec
>A nauty-genbg n=7+14 e=34:34 d=4:0 D=7:3  class=48/100
>Z 10989086 graphs generated in 972.09 sec
>F 10989086 cores checked in 4702.25 sec
>A nauty-genbg n=7+14 e=34:34 d=4:0 D=7:3  class=49/100
>Z 10967430 graphs generated in 969.14 sec
>F 10967430 cores checked in 4675.80 sec
>A nauty-genbg n=7+14 e=34:34 d=4:0 D=7:3  class=50/100
>Z 10995540 graphs generated in 971.29 sec
>F 10995540 cores checked in 4672.28 sec
>A nauty-genbg n=7+14 e=34:34 d=4:0 D=7:3  class=51/100
>Z 10993476 graphs generated in 972.39 sec
>F 10993476 cores checked in 4706.63 sec
>A nauty-genbg n=7+14 e=34:34 d=4:0 D=7:3  class=52/100
>Z 11038892 graphs generated in 971.20 sec
>F 11038892 cores checked in 4725.73 sec
>A nauty-genbg n=7+14 e=34:34 d=4:0 D=7:3  class=53/100
>Z 10974768 graphs generated in 970.87 sec
>F 10974768 cores checked in 4674.11 sec
>A nauty-genbg n=7+14 e=34:34 d=4:0 D=7:3  class=54/100
>Z 10948396 graphs generated in 969.00 sec
>F 10948396 cores checked in 4685.69 sec
>A nauty-genbg n=7+14 e=34:34 d=4:0 D=7:3  class=55/100
>Z 10976739 graphs generated in 973.42 sec
>F 10976739 cores checked in 4731.84 sec
>A nauty-genbg n=7+14 e=34:34 d=4:0 D=7:3  class=56/100
>Z 10989030 graphs generated in 970.58 sec
>F 10989030 cores checked in 4707.75 sec
>A nauty-genbg n=7+14 e=34:34 d=4:0 D=7:3  class=57/100
>Z 11014888 graphs generated in 971.60 sec
>F 11014888 cores checked in 4683.99 sec
>A nauty-genbg n=7+14 e=34:34 d=4:0 D=7:3  class=58/100
>Z 10968676 graphs generated in 969.44 sec
>F 10968676 cores checked in 4683.89 sec
>A nauty-genbg n=7+14 e=34:34 d=4:0 D=7:3  class=59/100
>Z 10926673 graphs generated in 969.46 sec
>F 10926673 cores checked in 4694.32 sec
>A nauty-genbg n=7+14 e=34:34 d=4:0 D=7:3  class=60/100
>Z 10981071 graphs generated in 969.63 sec
>F 10981071 cores checked in 4687.84 sec
>A nauty-genbg n=7+14 e=34:34 d=4:0 D=7:3  class=61/100
>Z 11001977 graphs generated in 970.37 sec
>F 11001977 cores checked in 4698.11 sec
>A nauty-genbg n=7+14 e=34:34 d=4:0 D=7:3  class=62/100
>Z 11014019 graphs generated in 970.47 sec
>F 11014019 cores checked in 4708.86 sec
>A nauty-genbg n=7+14 e=34:34 d=4:0 D=7:3  class=63/100
>Z 10969227 graphs generated in 969.21 sec
>F 10969227 cores checked in 4690.64 sec
>A nauty-genbg n=7+14 e=34:34 d=4:0 D=7:3  class=64/100
>Z 10962345 graphs generated in 969.99 sec
>F 10962345 cores checked in 4707.35 sec
>A nauty-genbg n=7+14 e=34:34 d=4:0 D=7:3  class=65/100
>Z 11003617 graphs generated in 970.17 sec
>F 11003617 cores checked in 4691.92 sec
>A nauty-genbg n=7+14 e=34:34 d=4:0 D=7:3  class=66/100
>Z 10994901 graphs generated in 971.14 sec
>F 10994901 cores checked in 4694.13 sec
>A nauty-genbg n=7+14 e=34:34 d=4:0 D=7:3  class=67/100
>Z 11031503 graphs generated in 970.53 sec
>F 11031503 cores checked in 4705.56 sec
>A nauty-genbg n=7+14 e=34:34 d=4:0 D=7:3  class=68/100
>Z 10999276 graphs generated in 970.48 sec
>F 10999276 cores checked in 4689.76 sec
>A nauty-genbg n=7+14 e=34:34 d=4:0 D=7:3  class=69/100
>Z 10983353 graphs generated in 970.67 sec
>F 10983353 cores checked in 4687.50 sec
>A nauty-genbg n=7+14 e=34:34 d=4:0 D=7:3  class=70/100
>Z 10993739 graphs generated in 970.52 sec
>F 10993739 cores checked in 4696.77 sec
>A nauty-genbg n=7+14 e=34:34 d=4:0 D=7:3  class=71/100
>Z 10995780 graphs generated in 970.05 sec
>F 10995780 cores checked in 4708.23 sec
>A nauty-genbg n=7+14 e=34:34 d=4:0 D=7:3  class=72/100
>Z 11036505 graphs generated in 971.02 sec
>F 11036505 cores checked in 4717.84 sec
>A nauty-genbg n=7+14 e=34:34 d=4:0 D=7:3  class=73/100
>Z 10995395 graphs generated in 969.82 sec
>F 10995395 cores checked in 4707.14 sec
>A nauty-genbg n=7+14 e=34:34 d=4:0 D=7:3  class=74/100
>Z 10966602 graphs generated in 970.28 sec
>F 10966602 cores checked in 4709.33 sec
>A nauty-genbg n=7+14 e=34:34 d=4:0 D=7:3  class=75/100
>Z 10998142 graphs generated in 969.91 sec
>F 10998142 cores checked in 4705.20 sec
>A nauty-genbg n=7+14 e=34:34 d=4:0 D=7:3  class=76/100
>Z 10992826 graphs generated in 970.69 sec
>F 10992826 cores checked in 4679.28 sec
>A nauty-genbg n=7+14 e=34:34 d=4:0 D=7:3  class=77/100
>Z 11021606 graphs generated in 970.56 sec
>F 11021606 cores checked in 4710.45 sec
>A nauty-genbg n=7+14 e=34:34 d=4:0 D=7:3  class=78/100
>Z 10976474 graphs generated in 970.38 sec
>F 10976474 cores checked in 4684.36 sec
>A nauty-genbg n=7+14 e=34:34 d=4:0 D=7:3  class=79/100
>Z 10955473 graphs generated in 971.66 sec
>F 10955473 cores checked in 4689.13 sec
>A nauty-genbg n=7+14 e=34:34 d=4:0 D=7:3  class=80/100
>Z 10968081 graphs generated in 971.07 sec
>F 10968081 cores checked in 4681.37 sec
>A nauty-genbg n=7+14 e=34:34 d=4:0 D=7:3  class=81/100
>Z 10971454 graphs generated in 969.59 sec
>F 10971454 cores checked in 4683.91 sec
>A nauty-genbg n=7+14 e=34:34 d=4:0 D=7:3  class=82/100
>Z 11011698 graphs generated in 970.73 sec
>F 11011698 cores checked in 4692.71 sec
>A nauty-genbg n=7+14 e=34:34 d=4:0 D=7:3  class=83/100
>Z 10965834 graphs generated in 969.48 sec
>F 10965834 cores checked in 4690.15 sec
>A nauty-genbg n=7+14 e=34:34 d=4:0 D=7:3  class=84/100
>Z 10968244 graphs generated in 971.13 sec
>F 10968244 cores checked in 4686.69 sec
>A nauty-genbg n=7+14 e=34:34 d=4:0 D=7:3  class=85/100
>Z 10993393 graphs generated in 973.32 sec
>F 10993393 cores checked in 4694.37 sec
>A nauty-genbg n=7+14 e=34:34 d=4:0 D=7:3  class=86/100
>Z 10999011 graphs generated in 973.88 sec
>F 10999011 cores checked in 4710.33 sec
>A nauty-genbg n=7+14 e=34:34 d=4:0 D=7:3  class=87/100
>Z 11024121 graphs generated in 973.80 sec
>F 11024121 cores checked in 4697.43 sec
>A nauty-genbg n=7+14 e=34:34 d=4:0 D=7:3  class=88/100
>Z 10988941 graphs generated in 973.07 sec
>F 10988941 cores checked in 4738.38 sec
>A nauty-genbg n=7+14 e=34:34 d=4:0 D=7:3  class=89/100
>Z 10933199 graphs generated in 973.71 sec
>F 10933199 cores checked in 4665.25 sec
>A nauty-genbg n=7+14 e=34:34 d=4:0 D=7:3  class=90/100
>Z 10982415 graphs generated in 974.22 sec
>F 10982415 cores checked in 4667.91 sec
>A nauty-genbg n=7+14 e=34:34 d=4:0 D=7:3  class=91/100
>Z 10979356 graphs generated in 973.52 sec
>F 10979356 cores checked in 4686.00 sec
>A nauty-genbg n=7+14 e=34:34 d=4:0 D=7:3  class=92/100
>Z 11011866 graphs generated in 974.16 sec
>F 11011866 cores checked in 4686.61 sec
>A nauty-genbg n=7+14 e=34:34 d=4:0 D=7:3  class=93/100
>Z 10968540 graphs generated in 973.41 sec
>F 10968540 cores checked in 4670.96 sec
>A nauty-genbg n=7+14 e=34:34 d=4:0 D=7:3  class=94/100
>Z 10955203 graphs generated in 974.89 sec
>F 10955203 cores checked in 4666.55 sec
>A nauty-genbg n=7+14 e=34:34 d=4:0 D=7:3  class=95/100
>Z 10980620 graphs generated in 974.37 sec
>F 10980620 cores checked in 4660.04 sec
>A nauty-genbg n=7+14 e=34:34 d=4:0 D=7:3  class=96/100
>Z 10971723 graphs generated in 974.61 sec
>F 10971723 cores checked in 4682.29 sec
>A nauty-genbg n=7+14 e=34:34 d=4:0 D=7:3  class=97/100
>Z 11022914 graphs generated in 976.44 sec
>F 11022914 cores checked in 4687.27 sec
>A nauty-genbg n=7+14 e=34:34 d=4:0 D=7:3  class=98/100
>Z 10977062 graphs generated in 974.94 sec
>F 10977062 cores checked in 4681.23 sec
>A nauty-genbg n=7+14 e=34:34 d=4:0 D=7:3  class=99/100
>Z 10952491 graphs generated in 973.93 sec
>F 10952491 cores checked in 4671.29 sec



===Total number of cores generated: 1098653962
===Total number of cores checked: 1098653962
===Total time for generation: 97074.35 seconds
===Total time for checking: 469650.06 seconds
===Total number of exceptional cores: 0
