=== Log file for cores: nauty-genbg_-d4:0_-D9:3_4_17_29:29



>A nauty-genbg n=4+17 e=29:29 d=4:0 D=9:3  class=0/100
>Z 2239 graphs generated in 2.81 sec
>F 2239 cores checked in 73.01 sec
>A nauty-genbg n=4+17 e=29:29 d=4:0 D=9:3  class=1/100
>Z 2204 graphs generated in 2.82 sec
>F 2204 cores checked in 1.22 sec
>A nauty-genbg n=4+17 e=29:29 d=4:0 D=9:3  class=2/100
>Z 2312 graphs generated in 2.83 sec
>F 2312 cores checked in 30.69 sec
>A nauty-genbg n=4+17 e=29:29 d=4:0 D=9:3  class=3/100
>Z 2140 graphs generated in 2.81 sec
>F 2140 cores checked in 275.40 sec
>A nauty-genbg n=4+17 e=29:29 d=4:0 D=9:3  class=4/100
>Z 2339 graphs generated in 2.84 sec
>F 2339 cores checked in 83.43 sec
>A nauty-genbg n=4+17 e=29:29 d=4:0 D=9:3  class=5/100
>Z 2279 graphs generated in 2.81 sec
>F 2279 cores checked in 247.96 sec
>A nauty-genbg n=4+17 e=29:29 d=4:0 D=9:3  class=6/100
>Z 2191 graphs generated in 2.83 sec
>F 2191 cores checked in 255.94 sec
>A nauty-genbg n=4+17 e=29:29 d=4:0 D=9:3  class=7/100
>Z 2324 graphs generated in 2.83 sec
>F 2324 cores checked in 580.37 sec
>A nauty-genbg n=4+17 e=29:29 d=4:0 D=9:3  class=8/100
>Z 2373 graphs generated in 2.82 sec
>F 2373 cores checked in 42.99 sec
>A nauty-genbg n=4+17 e=29:29 d=4:0 D=9:3  class=9/100
>Z 2264 graphs generated in 2.84 sec
>F 2264 cores checked in 76.83 sec
>A nauty-genbg n=4+17 e=29:29 d=4:0 D=9:3  class=10/100
>Z 2211 graphs generated in 2.82 sec
>F 2211 cores checked in 316.94 sec
>A nauty-genbg n=4+17 e=29:29 d=4:0 D=9:3  class=11/100
>Z 2378 graphs generated in 2.83 sec
>F 2378 cores checked in 34.21 sec
>A nauty-genbg n=4+17 e=29:29 d=4:0 D=9:3  class=12/100
>Z 2300 graphs generated in 2.83 sec
>F 2300 cores checked in 1017.71 sec
>A nauty-genbg n=4+17 e=29:29 d=4:0 D=9:3  class=13/100
>Z 2321 graphs generated in 2.83 sec
>F 2321 cores checked in 2401.70 sec
>A nauty-genbg n=4+17 e=29:29 d=4:0 D=9:3  class=14/100
>Z 2415 graphs generated in 2.84 sec
>F 2415 cores checked in 9.49 sec
>A nauty-genbg n=4+17 e=29:29 d=4:0 D=9:3  class=15/100
>Z 2388 graphs generated in 2.83 sec
>F 2388 cores checked in 1.32 sec
>A nauty-genbg n=4+17 e=29:29 d=4:0 D=9:3  class=16/100
>Z 2379 graphs generated in 2.82 sec
>F 2379 cores checked in 16.96 sec
>A nauty-genbg n=4+17 e=29:29 d=4:0 D=9:3  class=17/100
>Z 2317 graphs generated in 2.83 sec
>F 2317 cores checked in 1.30 sec
>A nauty-genbg n=4+17 e=29:29 d=4:0 D=9:3  class=18/100
>Z 2289 graphs generated in 2.83 sec
>F 2289 cores checked in 1.29 sec
>A nauty-genbg n=4+17 e=29:29 d=4:0 D=9:3  class=19/100
>Z 2312 graphs generated in 2.81 sec
>F 2312 cores checked in 117.18 sec
>A nauty-genbg n=4+17 e=29:29 d=4:0 D=9:3  class=20/100
>Z 2441 graphs generated in 2.82 sec
>F 2441 cores checked in 1033.57 sec
>A nauty-genbg n=4+17 e=29:29 d=4:0 D=9:3  class=21/100
>Z 2277 graphs generated in 2.82 sec
>F 2277 cores checked in 1.26 sec
>A nauty-genbg n=4+17 e=29:29 d=4:0 D=9:3  class=22/100
>Z 2305 graphs generated in 2.82 sec
>F 2305 cores checked in 128.49 sec
>A nauty-genbg n=4+17 e=29:29 d=4:0 D=9:3  class=23/100
>Z 2287 graphs generated in 2.82 sec
>F 2287 cores checked in 67.36 sec
>A nauty-genbg n=4+17 e=29:29 d=4:0 D=9:3  class=24/100
>Z 2324 graphs generated in 2.83 sec
>F 2324 cores checked in 1.30 sec
>A nauty-genbg n=4+17 e=29:29 d=4:0 D=9:3  class=25/100
>Z 2237 graphs generated in 2.81 sec
>F 2237 cores checked in 1.22 sec
>A nauty-genbg n=4+17 e=29:29 d=4:0 D=9:3  class=26/100
>Z 2283 graphs generated in 2.82 sec
>F 2283 cores checked in 1.26 sec
>A nauty-genbg n=4+17 e=29:29 d=4:0 D=9:3  class=27/100
>Z 2330 graphs generated in 2.82 sec
>F 2330 cores checked in 1.28 sec
>A nauty-genbg n=4+17 e=29:29 d=4:0 D=9:3  class=28/100
>Z 2464 graphs generated in 2.84 sec
>F 2464 cores checked in 585.59 sec
>A nauty-genbg n=4+17 e=29:29 d=4:0 D=9:3  class=29/100
>Z 2266 graphs generated in 2.83 sec
>F 2266 cores checked in 1.25 sec
>A nauty-genbg n=4+17 e=29:29 d=4:0 D=9:3  class=30/100
>Z 2288 graphs generated in 2.83 sec
>F 2288 cores checked in 1.29 sec
>A nauty-genbg n=4+17 e=29:29 d=4:0 D=9:3  class=31/100
>Z 2221 graphs generated in 2.83 sec
>F 2221 cores checked in 348.57 sec
>A nauty-genbg n=4+17 e=29:29 d=4:0 D=9:3  class=32/100
>Z 2369 graphs generated in 2.83 sec
>F 2369 cores checked in 1.27 sec
>A nauty-genbg n=4+17 e=29:29 d=4:0 D=9:3  class=33/100
>Z 2222 graphs generated in 2.83 sec
>F 2222 cores checked in 1.22 sec
>A nauty-genbg n=4+17 e=29:29 d=4:0 D=9:3  class=34/100
>Z 2212 graphs generated in 2.82 sec
>F 2212 cores checked in 1.21 sec
>A nauty-genbg n=4+17 e=29:29 d=4:0 D=9:3  class=35/100
>Z 2302 graphs generated in 2.82 sec
>F 2302 cores checked in 821.50 sec
>A nauty-genbg n=4+17 e=29:29 d=4:0 D=9:3  class=36/100
>Z 2308 graphs generated in 2.83 sec
>F 2308 cores checked in 1.29 sec
>A nauty-genbg n=4+17 e=29:29 d=4:0 D=9:3  class=37/100
>Z 2157 graphs generated in 2.82 sec
>F 2157 cores checked in 1.20 sec
>A nauty-genbg n=4+17 e=29:29 d=4:0 D=9:3  class=38/100
>Z 2191 graphs generated in 2.83 sec
>F 2191 cores checked in 1.23 sec
>A nauty-genbg n=4+17 e=29:29 d=4:0 D=9:3  class=39/100
>Z 2237 graphs generated in 2.82 sec
>F 2237 cores checked in 91.37 sec
>A nauty-genbg n=4+17 e=29:29 d=4:0 D=9:3  class=40/100
>Z 2294 graphs generated in 2.82 sec
>F 2294 cores checked in 1.28 sec
>A nauty-genbg n=4+17 e=29:29 d=4:0 D=9:3  class=41/100
>Z 2160 graphs generated in 2.80 sec
>F 2160 cores checked in 1.18 sec
>A nauty-genbg n=4+17 e=29:29 d=4:0 D=9:3  class=42/100
>Z 2162 graphs generated in 2.82 sec
>F 2162 cores checked in 25.73 sec
>A nauty-genbg n=4+17 e=29:29 d=4:0 D=9:3  class=43/100
>Z 2247 graphs generated in 2.82 sec
>F 2247 cores checked in 641.31 sec
>A nauty-genbg n=4+17 e=29:29 d=4:0 D=9:3  class=44/100
>Z 2277 graphs generated in 2.87 sec
>F 2277 cores checked in 96.55 sec
>A nauty-genbg n=4+17 e=29:29 d=4:0 D=9:3  class=45/100
>Z 2277 graphs generated in 2.82 sec
>F 2277 cores checked in 1.27 sec
>A nauty-genbg n=4+17 e=29:29 d=4:0 D=9:3  class=46/100
>Z 2134 graphs generated in 2.82 sec
>F 2134 cores checked in 1.17 sec
>A nauty-genbg n=4+17 e=29:29 d=4:0 D=9:3  class=47/100
>Z 2184 graphs generated in 2.82 sec
>F 2184 cores checked in 20.49 sec
>A nauty-genbg n=4+17 e=29:29 d=4:0 D=9:3  class=48/100
>Z 2206 graphs generated in 2.82 sec
>F 2206 cores checked in 202.98 sec
>A nauty-genbg n=4+17 e=29:29 d=4:0 D=9:3  class=49/100
>Z 2349 graphs generated in 2.74 sec
>F 2349 cores checked in 27.63 sec
>A nauty-genbg n=4+17 e=29:29 d=4:0 D=9:3  class=50/100
>Z 2249 graphs generated in 2.79 sec
>F 2249 cores checked in 1.23 sec
>A nauty-genbg n=4+17 e=29:29 d=4:0 D=9:3  class=51/100
>Z 2221 graphs generated in 2.81 sec
>F 2221 cores checked in 25.85 sec
>A nauty-genbg n=4+17 e=29:29 d=4:0 D=9:3  class=52/100
>Z 2302 graphs generated in 2.83 sec
>F 2302 cores checked in 899.11 sec
>A nauty-genbg n=4+17 e=29:29 d=4:0 D=9:3  class=53/100
>Z 2162 graphs generated in 2.82 sec
>F 2162 cores checked in 359.05 sec
>A nauty-genbg n=4+17 e=29:29 d=4:0 D=9:3  class=54/100
>Z 2389 graphs generated in 2.84 sec
>F 2389 cores checked in 18.97 sec
>A nauty-genbg n=4+17 e=29:29 d=4:0 D=9:3  class=55/100
>Z 2288 graphs generated in 2.83 sec
>F 2288 cores checked in 2276.52 sec
>A nauty-genbg n=4+17 e=29:29 d=4:0 D=9:3  class=56/100
>Z 2382 graphs generated in 2.84 sec
>F 2382 cores checked in 78.15 sec
>A nauty-genbg n=4+17 e=29:29 d=4:0 D=9:3  class=57/100
>Z 2300 graphs generated in 2.83 sec
>F 2300 cores checked in 1.30 sec
>A nauty-genbg n=4+17 e=29:29 d=4:0 D=9:3  class=58/100
>Z 2249 graphs generated in 2.83 sec
>F 2249 cores checked in 1.26 sec
>A nauty-genbg n=4+17 e=29:29 d=4:0 D=9:3  class=59/100
>Z 2189 graphs generated in 2.83 sec
>F 2189 cores checked in 243.10 sec
>A nauty-genbg n=4+17 e=29:29 d=4:0 D=9:3  class=60/100
>Z 2260 graphs generated in 2.83 sec
>F 2260 cores checked in 268.04 sec
>A nauty-genbg n=4+17 e=29:29 d=4:0 D=9:3  class=61/100
>Z 2308 graphs generated in 2.83 sec
>F 2308 cores checked in 64.87 sec
>A nauty-genbg n=4+17 e=29:29 d=4:0 D=9:3  class=62/100
>Z 2202 graphs generated in 2.83 sec
>F 2202 cores checked in 119.88 sec
>A nauty-genbg n=4+17 e=29:29 d=4:0 D=9:3  class=63/100
>Z 2262 graphs generated in 2.82 sec
>F 2262 cores checked in 17.29 sec
>A nauty-genbg n=4+17 e=29:29 d=4:0 D=9:3  class=64/100
>Z 2269 graphs generated in 2.82 sec
>F 2269 cores checked in 1.25 sec
>A nauty-genbg n=4+17 e=29:29 d=4:0 D=9:3  class=65/100
>Z 2194 graphs generated in 2.82 sec
>F 2194 cores checked in 35.43 sec
>A nauty-genbg n=4+17 e=29:29 d=4:0 D=9:3  class=66/100
>Z 2205 graphs generated in 2.83 sec
>F 2205 cores checked in 96.78 sec
>A nauty-genbg n=4+17 e=29:29 d=4:0 D=9:3  class=67/100
>Z 2308 graphs generated in 2.82 sec
>F 2308 cores checked in 37.73 sec
>A nauty-genbg n=4+17 e=29:29 d=4:0 D=9:3  class=68/100
>Z 2316 graphs generated in 2.82 sec
>F 2316 cores checked in 19.16 sec
>A nauty-genbg n=4+17 e=29:29 d=4:0 D=9:3  class=69/100
>Z 2327 graphs generated in 2.82 sec
>F 2327 cores checked in 74.79 sec
>A nauty-genbg n=4+17 e=29:29 d=4:0 D=9:3  class=70/100
>Z 2366 graphs generated in 2.82 sec
>F 2366 cores checked in 61.49 sec
>A nauty-genbg n=4+17 e=29:29 d=4:0 D=9:3  class=71/100
>Z 2127 graphs generated in 2.83 sec
>F 2127 cores checked in 913.57 sec
>A nauty-genbg n=4+17 e=29:29 d=4:0 D=9:3  class=72/100
>Z 2281 graphs generated in 2.83 sec
>F 2281 cores checked in 111.15 sec
>A nauty-genbg n=4+17 e=29:29 d=4:0 D=9:3  class=73/100
>Z 2277 graphs generated in 2.81 sec
>F 2277 cores checked in 297.31 sec
>A nauty-genbg n=4+17 e=29:29 d=4:0 D=9:3  class=74/100
>Z 2301 graphs generated in 2.83 sec
>F 2301 cores checked in 66.86 sec
>A nauty-genbg n=4+17 e=29:29 d=4:0 D=9:3  class=75/100
>Z 2303 graphs generated in 2.81 sec
>F 2303 cores checked in 1.33 sec
>A nauty-genbg n=4+17 e=29:29 d=4:0 D=9:3  class=76/100
>Z 2154 graphs generated in 2.81 sec
>F 2154 cores checked in 1.19 sec
>A nauty-genbg n=4+17 e=29:29 d=4:0 D=9:3  class=77/100
>Z 2065 graphs generated in 2.81 sec
>F 2065 cores checked in 771.46 sec
>A nauty-genbg n=4+17 e=29:29 d=4:0 D=9:3  class=78/100
>Z 2267 graphs generated in 2.81 sec
>F 2267 cores checked in 294.91 sec
>A nauty-genbg n=4+17 e=29:29 d=4:0 D=9:3  class=79/100
>Z 2244 graphs generated in 2.82 sec
>F 2244 cores checked in 1.21 sec
>A nauty-genbg n=4+17 e=29:29 d=4:0 D=9:3  class=80/100
>Z 2357 graphs generated in 2.82 sec
>F 2357 cores checked in 3402.97 sec
>A nauty-genbg n=4+17 e=29:29 d=4:0 D=9:3  class=81/100
>Z 2174 graphs generated in 2.81 sec
>F 2174 cores checked in 2970.26 sec
>A nauty-genbg n=4+17 e=29:29 d=4:0 D=9:3  class=82/100
>Z 2242 graphs generated in 2.81 sec
>F 2242 cores checked in 1.25 sec
>A nauty-genbg n=4+17 e=29:29 d=4:0 D=9:3  class=83/100
>Z 2224 graphs generated in 2.82 sec
>F 2224 cores checked in 41.51 sec
>A nauty-genbg n=4+17 e=29:29 d=4:0 D=9:3  class=84/100
>Z 2210 graphs generated in 2.83 sec
>F 2210 cores checked in 126.25 sec
>A nauty-genbg n=4+17 e=29:29 d=4:0 D=9:3  class=85/100
>Z 2257 graphs generated in 2.82 sec
>F 2257 cores checked in 21.22 sec
>A nauty-genbg n=4+17 e=29:29 d=4:0 D=9:3  class=86/100
>Z 2182 graphs generated in 2.79 sec
>F 2182 cores checked in 1.18 sec
>A nauty-genbg n=4+17 e=29:29 d=4:0 D=9:3  class=87/100
>Z 2305 graphs generated in 2.83 sec
>F 2305 cores checked in 289.63 sec
>A nauty-genbg n=4+17 e=29:29 d=4:0 D=9:3  class=88/100
>Z 2307 graphs generated in 2.82 sec
>F 2307 cores checked in 898.90 sec
>A nauty-genbg n=4+17 e=29:29 d=4:0 D=9:3  class=89/100
>Z 2241 graphs generated in 2.82 sec
>F 2241 cores checked in 18.68 sec
>A nauty-genbg n=4+17 e=29:29 d=4:0 D=9:3  class=90/100
>Z 2237 graphs generated in 2.82 sec
>F 2237 cores checked in 1.24 sec
>A nauty-genbg n=4+17 e=29:29 d=4:0 D=9:3  class=91/100
>Z 2127 graphs generated in 2.82 sec
>F 2127 cores checked in 155.65 sec
>A nauty-genbg n=4+17 e=29:29 d=4:0 D=9:3  class=92/100
>Z 2455 graphs generated in 2.82 sec
>F 2455 cores checked in 1.35 sec
>A nauty-genbg n=4+17 e=29:29 d=4:0 D=9:3  class=93/100
>Z 2236 graphs generated in 2.82 sec
>F 2236 cores checked in 104.21 sec
>A nauty-genbg n=4+17 e=29:29 d=4:0 D=9:3  class=94/100
>Z 2200 graphs generated in 2.81 sec
>F 2200 cores checked in 79.27 sec
>A nauty-genbg n=4+17 e=29:29 d=4:0 D=9:3  class=95/100
>Z 2418 graphs generated in 2.83 sec
>F 2418 cores checked in 1.33 sec
>A nauty-genbg n=4+17 e=29:29 d=4:0 D=9:3  class=96/100
>Z 2337 graphs generated in 2.82 sec
>F 2337 cores checked in 513.98 sec
>A nauty-genbg n=4+17 e=29:29 d=4:0 D=9:3  class=97/100
>Z 2292 graphs generated in 2.82 sec
>F 2292 cores checked in 1662.26 sec
>A nauty-genbg n=4+17 e=29:29 d=4:0 D=9:3  class=98/100
>Z 2299 graphs generated in 2.81 sec
>F 2299 cores checked in 437.94 sec
>A nauty-genbg n=4+17 e=29:29 d=4:0 D=9:3  class=99/100
>Z 2189 graphs generated in 2.82 sec
>F 2189 cores checked in 337.02 sec



===Total number of cores generated: 227042
===Total number of cores checked: 227042
===Total time for generation: 282.18 seconds
===Total time for checking: 27924.60 seconds
===Total number of exceptional cores: 0
