=== Log file for cores: nauty-genbg_-d4:0_-D8:3_5_16_36:36



>A nauty-genbg n=5+16 e=36:36 d=4:0 D=8:3  class=0/100
>Z 44734 graphs generated in 56.57 sec
>F 44734 cores checked in 32.26 sec
>A nauty-genbg n=5+16 e=36:36 d=4:0 D=8:3  class=1/100
>Z 45181 graphs generated in 56.55 sec
>F 45181 cores checked in 32.65 sec
>A nauty-genbg n=5+16 e=36:36 d=4:0 D=8:3  class=2/100
>Z 44657 graphs generated in 56.54 sec
>F 44657 cores checked in 32.32 sec
>A nauty-genbg n=5+16 e=36:36 d=4:0 D=8:3  class=3/100
>Z 45202 graphs generated in 56.76 sec
>F 45202 cores checked in 32.73 sec
>A nauty-genbg n=5+16 e=36:36 d=4:0 D=8:3  class=4/100
>Z 44187 graphs generated in 56.63 sec
>F 44187 cores checked in 31.90 sec
>A nauty-genbg n=5+16 e=36:36 d=4:0 D=8:3  class=5/100
>Z 44531 graphs generated in 56.81 sec
>F 44531 cores checked in 32.30 sec
>A nauty-genbg n=5+16 e=36:36 d=4:0 D=8:3  class=6/100
>Z 44731 graphs generated in 56.49 sec
>F 44731 cores checked in 32.45 sec
>A nauty-genbg n=5+16 e=36:36 d=4:0 D=8:3  class=7/100
>Z 44257 graphs generated in 56.63 sec
>F 44257 cores checked in 31.81 sec
>A nauty-genbg n=5+16 e=36:36 d=4:0 D=8:3  class=8/100
>Z 44946 graphs generated in 56.68 sec
>F 44946 cores checked in 32.48 sec
>A nauty-genbg n=5+16 e=36:36 d=4:0 D=8:3  class=9/100
>Z 45031 graphs generated in 56.62 sec
>F 45031 cores checked in 32.54 sec
>A nauty-genbg n=5+16 e=36:36 d=4:0 D=8:3  class=10/100
>Z 44498 graphs generated in 56.70 sec
>F 44498 cores checked in 32.13 sec
>A nauty-genbg n=5+16 e=36:36 d=4:0 D=8:3  class=11/100
>Z 44606 graphs generated in 56.66 sec
>F 44606 cores checked in 32.29 sec
>A nauty-genbg n=5+16 e=36:36 d=4:0 D=8:3  class=12/100
>Z 45079 graphs generated in 56.72 sec
>F 45079 cores checked in 32.60 sec
>A nauty-genbg n=5+16 e=36:36 d=4:0 D=8:3  class=13/100
>Z 44805 graphs generated in 56.75 sec
>F 44805 cores checked in 32.25 sec
>A nauty-genbg n=5+16 e=36:36 d=4:0 D=8:3  class=14/100
>Z 44439 graphs generated in 56.60 sec
>F 44439 cores checked in 32.57 sec
>A nauty-genbg n=5+16 e=36:36 d=4:0 D=8:3  class=15/100
>Z 44601 graphs generated in 56.75 sec
>F 44601 cores checked in 32.25 sec
>A nauty-genbg n=5+16 e=36:36 d=4:0 D=8:3  class=16/100
>Z 43831 graphs generated in 56.92 sec
>F 43831 cores checked in 31.76 sec
>A nauty-genbg n=5+16 e=36:36 d=4:0 D=8:3  class=17/100
>Z 44508 graphs generated in 56.94 sec
>F 44508 cores checked in 32.03 sec
>A nauty-genbg n=5+16 e=36:36 d=4:0 D=8:3  class=18/100
>Z 44844 graphs generated in 57.02 sec
>F 44844 cores checked in 32.44 sec
>A nauty-genbg n=5+16 e=36:36 d=4:0 D=8:3  class=19/100
>Z 44525 graphs generated in 57.01 sec
>F 44525 cores checked in 32.16 sec
>A nauty-genbg n=5+16 e=36:36 d=4:0 D=8:3  class=20/100
>Z 44160 graphs generated in 56.88 sec
>F 44160 cores checked in 32.04 sec
>A nauty-genbg n=5+16 e=36:36 d=4:0 D=8:3  class=21/100
>Z 44532 graphs generated in 56.77 sec
>F 44532 cores checked in 32.16 sec
>A nauty-genbg n=5+16 e=36:36 d=4:0 D=8:3  class=22/100
>Z 44738 graphs generated in 56.91 sec
>F 44738 cores checked in 32.49 sec
>A nauty-genbg n=5+16 e=36:36 d=4:0 D=8:3  class=23/100
>Z 44712 graphs generated in 56.89 sec
>F 44712 cores checked in 32.37 sec
>A nauty-genbg n=5+16 e=36:36 d=4:0 D=8:3  class=24/100
>Z 44510 graphs generated in 56.83 sec
>F 44510 cores checked in 32.40 sec
>A nauty-genbg n=5+16 e=36:36 d=4:0 D=8:3  class=25/100
>Z 45009 graphs generated in 56.84 sec
>F 45009 cores checked in 32.70 sec
>A nauty-genbg n=5+16 e=36:36 d=4:0 D=8:3  class=26/100
>Z 43884 graphs generated in 56.72 sec
>F 43884 cores checked in 31.83 sec
>A nauty-genbg n=5+16 e=36:36 d=4:0 D=8:3  class=27/100
>Z 44455 graphs generated in 56.87 sec
>F 44455 cores checked in 32.16 sec
>A nauty-genbg n=5+16 e=36:36 d=4:0 D=8:3  class=28/100
>Z 45493 graphs generated in 56.83 sec
>F 45493 cores checked in 33.29 sec
>A nauty-genbg n=5+16 e=36:36 d=4:0 D=8:3  class=29/100
>Z 44644 graphs generated in 56.77 sec
>F 44644 cores checked in 32.34 sec
>A nauty-genbg n=5+16 e=36:36 d=4:0 D=8:3  class=30/100
>Z 45222 graphs generated in 56.79 sec
>F 45222 cores checked in 32.84 sec
>A nauty-genbg n=5+16 e=36:36 d=4:0 D=8:3  class=31/100
>Z 44770 graphs generated in 56.77 sec
>F 44770 cores checked in 32.33 sec
>A nauty-genbg n=5+16 e=36:36 d=4:0 D=8:3  class=32/100
>Z 44347 graphs generated in 56.76 sec
>F 44347 cores checked in 32.16 sec
>A nauty-genbg n=5+16 e=36:36 d=4:0 D=8:3  class=33/100
>Z 44908 graphs generated in 57.05 sec
>F 44908 cores checked in 32.47 sec
>A nauty-genbg n=5+16 e=36:36 d=4:0 D=8:3  class=34/100
>Z 44728 graphs generated in 56.80 sec
>F 44728 cores checked in 32.28 sec
>A nauty-genbg n=5+16 e=36:36 d=4:0 D=8:3  class=35/100
>Z 45236 graphs generated in 56.85 sec
>F 45236 cores checked in 33.53 sec
>A nauty-genbg n=5+16 e=36:36 d=4:0 D=8:3  class=36/100
>Z 45120 graphs generated in 56.76 sec
>F 45120 cores checked in 32.53 sec
>A nauty-genbg n=5+16 e=36:36 d=4:0 D=8:3  class=37/100
>Z 45091 graphs generated in 56.77 sec
>F 45091 cores checked in 32.30 sec
>A nauty-genbg n=5+16 e=36:36 d=4:0 D=8:3  class=38/100
>Z 45426 graphs generated in 56.88 sec
>F 45426 cores checked in 32.90 sec
>A nauty-genbg n=5+16 e=36:36 d=4:0 D=8:3  class=39/100
>Z 44492 graphs generated in 56.92 sec
>F 44492 cores checked in 32.33 sec
>A nauty-genbg n=5+16 e=36:36 d=4:0 D=8:3  class=40/100
>Z 44399 graphs generated in 56.90 sec
>F 44399 cores checked in 32.37 sec
>A nauty-genbg n=5+16 e=36:36 d=4:0 D=8:3  class=41/100
>Z 44192 graphs generated in 56.84 sec
>F 44192 cores checked in 31.94 sec
>A nauty-genbg n=5+16 e=36:36 d=4:0 D=8:3  class=42/100
>Z 44658 graphs generated in 56.95 sec
>F 44658 cores checked in 32.40 sec
>A nauty-genbg n=5+16 e=36:36 d=4:0 D=8:3  class=43/100
>Z 45003 graphs generated in 56.86 sec
>F 45003 cores checked in 32.42 sec
>A nauty-genbg n=5+16 e=36:36 d=4:0 D=8:3  class=44/100
>Z 44718 graphs generated in 56.78 sec
>F 44718 cores checked in 32.21 sec
>A nauty-genbg n=5+16 e=36:36 d=4:0 D=8:3  class=45/100
>Z 44750 graphs generated in 56.85 sec
>F 44750 cores checked in 32.29 sec
>A nauty-genbg n=5+16 e=36:36 d=4:0 D=8:3  class=46/100
>Z 44043 graphs generated in 56.95 sec
>F 44043 cores checked in 31.86 sec
>A nauty-genbg n=5+16 e=36:36 d=4:0 D=8:3  class=47/100
>Z 44716 graphs generated in 56.84 sec
>F 44716 cores checked in 32.25 sec
>A nauty-genbg n=5+16 e=36:36 d=4:0 D=8:3  class=48/100
>Z 44724 graphs generated in 56.92 sec
>F 44724 cores checked in 32.33 sec
>A nauty-genbg n=5+16 e=36:36 d=4:0 D=8:3  class=49/100
>Z 44959 graphs generated in 56.69 sec
>F 44959 cores checked in 32.56 sec
>A nauty-genbg n=5+16 e=36:36 d=4:0 D=8:3  class=50/100
>Z 43828 graphs generated in 56.79 sec
>F 43828 cores checked in 31.67 sec
>A nauty-genbg n=5+16 e=36:36 d=4:0 D=8:3  class=51/100
>Z 44063 graphs generated in 56.83 sec
>F 44063 cores checked in 31.94 sec
>A nauty-genbg n=5+16 e=36:36 d=4:0 D=8:3  class=52/100
>Z 44472 graphs generated in 56.88 sec
>F 44472 cores checked in 32.25 sec
>A nauty-genbg n=5+16 e=36:36 d=4:0 D=8:3  class=53/100
>Z 44911 graphs generated in 56.84 sec
>F 44911 cores checked in 32.31 sec
>A nauty-genbg n=5+16 e=36:36 d=4:0 D=8:3  class=54/100
>Z 44060 graphs generated in 56.80 sec
>F 44060 cores checked in 31.79 sec
>A nauty-genbg n=5+16 e=36:36 d=4:0 D=8:3  class=55/100
>Z 44587 graphs generated in 56.82 sec
>F 44587 cores checked in 32.24 sec
>A nauty-genbg n=5+16 e=36:36 d=4:0 D=8:3  class=56/100
>Z 44084 graphs generated in 56.89 sec
>F 44084 cores checked in 31.90 sec
>A nauty-genbg n=5+16 e=36:36 d=4:0 D=8:3  class=57/100
>Z 44342 graphs generated in 56.88 sec
>F 44342 cores checked in 32.06 sec
>A nauty-genbg n=5+16 e=36:36 d=4:0 D=8:3  class=58/100
>Z 45175 graphs generated in 56.78 sec
>F 45175 cores checked in 32.89 sec
>A nauty-genbg n=5+16 e=36:36 d=4:0 D=8:3  class=59/100
>Z 44020 graphs generated in 56.88 sec
>F 44020 cores checked in 31.82 sec
>A nauty-genbg n=5+16 e=36:36 d=4:0 D=8:3  class=60/100
>Z 44984 graphs generated in 56.82 sec
>F 44984 cores checked in 32.61 sec
>A nauty-genbg n=5+16 e=36:36 d=4:0 D=8:3  class=61/100
>Z 45337 graphs generated in 56.81 sec
>F 45337 cores checked in 33.03 sec
>A nauty-genbg n=5+16 e=36:36 d=4:0 D=8:3  class=62/100
>Z 45024 graphs generated in 56.98 sec
>F 45024 cores checked in 32.71 sec
>A nauty-genbg n=5+16 e=36:36 d=4:0 D=8:3  class=63/100
>Z 45061 graphs generated in 56.92 sec
>F 45061 cores checked in 32.60 sec
>A nauty-genbg n=5+16 e=36:36 d=4:0 D=8:3  class=64/100
>Z 44803 graphs generated in 56.83 sec
>F 44803 cores checked in 32.58 sec
>A nauty-genbg n=5+16 e=36:36 d=4:0 D=8:3  class=65/100
>Z 44809 graphs generated in 56.91 sec
>F 44809 cores checked in 32.34 sec
>A nauty-genbg n=5+16 e=36:36 d=4:0 D=8:3  class=66/100
>Z 44103 graphs generated in 56.89 sec
>F 44103 cores checked in 31.98 sec
>A nauty-genbg n=5+16 e=36:36 d=4:0 D=8:3  class=67/100
>Z 44769 graphs generated in 56.83 sec
>F 44769 cores checked in 32.23 sec
>A nauty-genbg n=5+16 e=36:36 d=4:0 D=8:3  class=68/100
>Z 45242 graphs generated in 56.81 sec
>F 45242 cores checked in 32.77 sec
>A nauty-genbg n=5+16 e=36:36 d=4:0 D=8:3  class=69/100
>Z 44339 graphs generated in 56.80 sec
>F 44339 cores checked in 31.95 sec
>A nauty-genbg n=5+16 e=36:36 d=4:0 D=8:3  class=70/100
>Z 44666 graphs generated in 56.82 sec
>F 44666 cores checked in 32.50 sec
>A nauty-genbg n=5+16 e=36:36 d=4:0 D=8:3  class=71/100
>Z 44202 graphs generated in 56.89 sec
>F 44202 cores checked in 31.87 sec
>A nauty-genbg n=5+16 e=36:36 d=4:0 D=8:3  class=72/100
>Z 44264 graphs generated in 56.77 sec
>F 44264 cores checked in 32.10 sec
>A nauty-genbg n=5+16 e=36:36 d=4:0 D=8:3  class=73/100
>Z 44385 graphs generated in 56.92 sec
>F 44385 cores checked in 32.06 sec
>A nauty-genbg n=5+16 e=36:36 d=4:0 D=8:3  class=74/100
>Z 44527 graphs generated in 56.78 sec
>F 44527 cores checked in 32.19 sec
>A nauty-genbg n=5+16 e=36:36 d=4:0 D=8:3  class=75/100
>Z 45154 graphs generated in 56.83 sec
>F 45154 cores checked in 32.85 sec
>A nauty-genbg n=5+16 e=36:36 d=4:0 D=8:3  class=76/100
>Z 44648 graphs generated in 56.74 sec
>F 44648 cores checked in 32.33 sec
>A nauty-genbg n=5+16 e=36:36 d=4:0 D=8:3  class=77/100
>Z 45180 graphs generated in 56.75 sec
>F 45180 cores checked in 32.77 sec
>A nauty-genbg n=5+16 e=36:36 d=4:0 D=8:3  class=78/100
>Z 44866 graphs generated in 56.75 sec
>F 44866 cores checked in 32.59 sec
>A nauty-genbg n=5+16 e=36:36 d=4:0 D=8:3  class=79/100
>Z 44845 graphs generated in 56.78 sec
>F 44845 cores checked in 32.21 sec
>A nauty-genbg n=5+16 e=36:36 d=4:0 D=8:3  class=80/100
>Z 44226 graphs generated in 56.82 sec
>F 44226 cores checked in 32.18 sec
>A nauty-genbg n=5+16 e=36:36 d=4:0 D=8:3  class=81/100
>Z 44747 graphs generated in 56.83 sec
>F 44747 cores checked in 32.45 sec
>A nauty-genbg n=5+16 e=36:36 d=4:0 D=8:3  class=82/100
>Z 44144 graphs generated in 56.80 sec
>F 44144 cores checked in 31.98 sec
>A nauty-genbg n=5+16 e=36:36 d=4:0 D=8:3  class=83/100
>Z 43871 graphs generated in 56.86 sec
>F 43871 cores checked in 31.61 sec
>A nauty-genbg n=5+16 e=36:36 d=4:0 D=8:3  class=84/100
>Z 44154 graphs generated in 56.77 sec
>F 44154 cores checked in 32.48 sec
>A nauty-genbg n=5+16 e=36:36 d=4:0 D=8:3  class=85/100
>Z 44760 graphs generated in 56.83 sec
>F 44760 cores checked in 32.48 sec
>A nauty-genbg n=5+16 e=36:36 d=4:0 D=8:3  class=86/100
>Z 45035 graphs generated in 56.83 sec
>F 45035 cores checked in 32.56 sec
>A nauty-genbg n=5+16 e=36:36 d=4:0 D=8:3  class=87/100
>Z 45137 graphs generated in 56.69 sec
>F 45137 cores checked in 32.68 sec
>A nauty-genbg n=5+16 e=36:36 d=4:0 D=8:3  class=88/100
>Z 45156 graphs generated in 56.75 sec
>F 45156 cores checked in 32.58 sec
>A nauty-genbg n=5+16 e=36:36 d=4:0 D=8:3  class=89/100
>Z 44589 graphs generated in 56.65 sec
>F 44589 cores checked in 32.15 sec
>A nauty-genbg n=5+16 e=36:36 d=4:0 D=8:3  class=90/100
>Z 45335 graphs generated in 56.79 sec
>F 45335 cores checked in 32.82 sec
>A nauty-genbg n=5+16 e=36:36 d=4:0 D=8:3  class=91/100
>Z 45543 graphs generated in 56.96 sec
>F 45543 cores checked in 33.02 sec
>A nauty-genbg n=5+16 e=36:36 d=4:0 D=8:3  class=92/100
>Z 45050 graphs generated in 56.83 sec
>F 45050 cores checked in 32.65 sec
>A nauty-genbg n=5+16 e=36:36 d=4:0 D=8:3  class=93/100
>Z 44788 graphs generated in 56.84 sec
>F 44788 cores checked in 32.40 sec
>A nauty-genbg n=5+16 e=36:36 d=4:0 D=8:3  class=94/100
>Z 44605 graphs generated in 56.98 sec
>F 44605 cores checked in 32.20 sec
>A nauty-genbg n=5+16 e=36:36 d=4:0 D=8:3  class=95/100
>Z 44651 graphs generated in 56.96 sec
>F 44651 cores checked in 32.14 sec
>A nauty-genbg n=5+16 e=36:36 d=4:0 D=8:3  class=96/100
>Z 44173 graphs generated in 56.87 sec
>F 44173 cores checked in 32.08 sec
>A nauty-genbg n=5+16 e=36:36 d=4:0 D=8:3  class=97/100
>Z 44521 graphs generated in 57.14 sec
>F 44521 cores checked in 31.96 sec
>A nauty-genbg n=5+16 e=36:36 d=4:0 D=8:3  class=98/100
>Z 45054 graphs generated in 57.19 sec
>F 45054 cores checked in 32.71 sec
>A nauty-genbg n=5+16 e=36:36 d=4:0 D=8:3  class=99/100
>Z 44402 graphs generated in 57.16 sec
>F 44402 cores checked in 32.11 sec



===Total number of cores generated: 4467523
===Total number of cores checked: 4467523
===Total time for generation: 5682.16 seconds
===Total time for checking: 3234.38 seconds
===Total number of exceptional cores: 0
