=== Log file for cores: nauty-genbg_-d4:0_-D7:3_6_15_37:37



>A nauty-genbg n=6+15 e=37:37 d=4:0 D=7:3  class=0/100
>Z 979079 graphs generated in 401.15 sec
>F 979079 cores checked in 188.13 sec
>A nauty-genbg n=6+15 e=37:37 d=4:0 D=7:3  class=1/100
>Z 974938 graphs generated in 403.43 sec
>F 974938 cores checked in 187.09 sec
>A nauty-genbg n=6+15 e=37:37 d=4:0 D=7:3  class=2/100
>Z 972087 graphs generated in 401.96 sec
>F 972087 cores checked in 187.16 sec
>A nauty-genbg n=6+15 e=37:37 d=4:0 D=7:3  class=3/100
>Z 977611 graphs generated in 403.55 sec
>F 977611 cores checked in 187.91 sec
>A nauty-genbg n=6+15 e=37:37 d=4:0 D=7:3  class=4/100
>Z 979934 graphs generated in 403.37 sec
>F 979934 cores checked in 188.53 sec
>A nauty-genbg n=6+15 e=37:37 d=4:0 D=7:3  class=5/100
>Z 977211 graphs generated in 405.39 sec
>F 977211 cores checked in 187.47 sec
>A nauty-genbg n=6+15 e=37:37 d=4:0 D=7:3  class=6/100
>Z 979307 graphs generated in 405.12 sec
>F 979307 cores checked in 188.52 sec
>A nauty-genbg n=6+15 e=37:37 d=4:0 D=7:3  class=7/100
>Z 982748 graphs generated in 403.67 sec
>F 982748 cores checked in 189.13 sec
>A nauty-genbg n=6+15 e=37:37 d=4:0 D=7:3  class=8/100
>Z 969093 graphs generated in 403.75 sec
>F 969093 cores checked in 185.64 sec
>A nauty-genbg n=6+15 e=37:37 d=4:0 D=7:3  class=9/100
>Z 975392 graphs generated in 404.84 sec
>F 975392 cores checked in 186.97 sec
>A nauty-genbg n=6+15 e=37:37 d=4:0 D=7:3  class=10/100
>Z 970295 graphs generated in 404.60 sec
>F 970295 cores checked in 186.30 sec
>A nauty-genbg n=6+15 e=37:37 d=4:0 D=7:3  class=11/100
>Z 965329 graphs generated in 405.46 sec
>F 965329 cores checked in 185.17 sec
>A nauty-genbg n=6+15 e=37:37 d=4:0 D=7:3  class=12/100
>Z 966401 graphs generated in 406.00 sec
>F 966401 cores checked in 185.77 sec
>A nauty-genbg n=6+15 e=37:37 d=4:0 D=7:3  class=13/100
>Z 966390 graphs generated in 407.34 sec
>F 966390 cores checked in 184.93 sec
>A nauty-genbg n=6+15 e=37:37 d=4:0 D=7:3  class=14/100
>Z 975749 graphs generated in 408.89 sec
>F 975749 cores checked in 187.07 sec
>A nauty-genbg n=6+15 e=37:37 d=4:0 D=7:3  class=15/100
>Z 979043 graphs generated in 408.57 sec
>F 979043 cores checked in 186.98 sec
>A nauty-genbg n=6+15 e=37:37 d=4:0 D=7:3  class=16/100
>Z 980888 graphs generated in 408.56 sec
>F 980888 cores checked in 187.85 sec
>A nauty-genbg n=6+15 e=37:37 d=4:0 D=7:3  class=17/100
>Z 979992 graphs generated in 409.22 sec
>F 979992 cores checked in 187.45 sec
>A nauty-genbg n=6+15 e=37:37 d=4:0 D=7:3  class=18/100
>Z 976123 graphs generated in 408.83 sec
>F 976123 cores checked in 186.69 sec
>A nauty-genbg n=6+15 e=37:37 d=4:0 D=7:3  class=19/100
>Z 975583 graphs generated in 409.05 sec
>F 975583 cores checked in 185.78 sec
>A nauty-genbg n=6+15 e=37:37 d=4:0 D=7:3  class=20/100
>Z 979425 graphs generated in 408.69 sec
>F 979425 cores checked in 187.41 sec
>A nauty-genbg n=6+15 e=37:37 d=4:0 D=7:3  class=21/100
>Z 975926 graphs generated in 409.92 sec
>F 975926 cores checked in 186.74 sec
>A nauty-genbg n=6+15 e=37:37 d=4:0 D=7:3  class=22/100
>Z 971881 graphs generated in 410.10 sec
>F 971881 cores checked in 186.91 sec
>A nauty-genbg n=6+15 e=37:37 d=4:0 D=7:3  class=23/100
>Z 969315 graphs generated in 409.74 sec
>F 969315 cores checked in 185.73 sec
>A nauty-genbg n=6+15 e=37:37 d=4:0 D=7:3  class=24/100
>Z 977352 graphs generated in 409.82 sec
>F 977352 cores checked in 186.31 sec
>A nauty-genbg n=6+15 e=37:37 d=4:0 D=7:3  class=25/100
>Z 978609 graphs generated in 410.69 sec
>F 978609 cores checked in 187.40 sec
>A nauty-genbg n=6+15 e=37:37 d=4:0 D=7:3  class=26/100
>Z 970024 graphs generated in 409.87 sec
>F 970024 cores checked in 185.84 sec
>A nauty-genbg n=6+15 e=37:37 d=4:0 D=7:3  class=27/100
>Z 974002 graphs generated in 409.10 sec
>F 974002 cores checked in 186.56 sec
>A nauty-genbg n=6+15 e=37:37 d=4:0 D=7:3  class=28/100
>Z 966669 graphs generated in 409.40 sec
>F 966669 cores checked in 185.46 sec
>A nauty-genbg n=6+15 e=37:37 d=4:0 D=7:3  class=29/100
>Z 971586 graphs generated in 410.32 sec
>F 971586 cores checked in 186.61 sec
>A nauty-genbg n=6+15 e=37:37 d=4:0 D=7:3  class=30/100
>Z 972034 graphs generated in 410.18 sec
>F 972034 cores checked in 186.44 sec
>A nauty-genbg n=6+15 e=37:37 d=4:0 D=7:3  class=31/100
>Z 967032 graphs generated in 409.60 sec
>F 967032 cores checked in 185.04 sec
>A nauty-genbg n=6+15 e=37:37 d=4:0 D=7:3  class=32/100
>Z 973299 graphs generated in 411.22 sec
>F 973299 cores checked in 186.55 sec
>A nauty-genbg n=6+15 e=37:37 d=4:0 D=7:3  class=33/100
>Z 972255 graphs generated in 409.96 sec
>F 972255 cores checked in 185.51 sec
>A nauty-genbg n=6+15 e=37:37 d=4:0 D=7:3  class=34/100
>Z 974361 graphs generated in 410.01 sec
>F 974361 cores checked in 186.02 sec
>A nauty-genbg n=6+15 e=37:37 d=4:0 D=7:3  class=35/100
>Z 975892 graphs generated in 409.90 sec
>F 975892 cores checked in 186.88 sec
>A nauty-genbg n=6+15 e=37:37 d=4:0 D=7:3  class=36/100
>Z 977604 graphs generated in 410.41 sec
>F 977604 cores checked in 186.83 sec
>A nauty-genbg n=6+15 e=37:37 d=4:0 D=7:3  class=37/100
>Z 981517 graphs generated in 410.49 sec
>F 981517 cores checked in 187.46 sec
>A nauty-genbg n=6+15 e=37:37 d=4:0 D=7:3  class=38/100
>Z 970692 graphs generated in 411.39 sec
>F 970692 cores checked in 185.86 sec
>A nauty-genbg n=6+15 e=37:37 d=4:0 D=7:3  class=39/100
>Z 972096 graphs generated in 410.73 sec
>F 972096 cores checked in 185.65 sec
>A nauty-genbg n=6+15 e=37:37 d=4:0 D=7:3  class=40/100
>Z 972695 graphs generated in 409.54 sec
>F 972695 cores checked in 185.86 sec
>A nauty-genbg n=6+15 e=37:37 d=4:0 D=7:3  class=41/100
>Z 975469 graphs generated in 409.58 sec
>F 975469 cores checked in 186.43 sec
>A nauty-genbg n=6+15 e=37:37 d=4:0 D=7:3  class=42/100
>Z 974050 graphs generated in 409.98 sec
>F 974050 cores checked in 186.67 sec
>A nauty-genbg n=6+15 e=37:37 d=4:0 D=7:3  class=43/100
>Z 976042 graphs generated in 410.19 sec
>F 976042 cores checked in 186.74 sec
>A nauty-genbg n=6+15 e=37:37 d=4:0 D=7:3  class=44/100
>Z 975871 graphs generated in 409.51 sec
>F 975871 cores checked in 186.24 sec
>A nauty-genbg n=6+15 e=37:37 d=4:0 D=7:3  class=45/100
>Z 977638 graphs generated in 409.95 sec
>F 977638 cores checked in 187.62 sec
>A nauty-genbg n=6+15 e=37:37 d=4:0 D=7:3  class=46/100
>Z 975384 graphs generated in 410.24 sec
>F 975384 cores checked in 186.36 sec
>A nauty-genbg n=6+15 e=37:37 d=4:0 D=7:3  class=47/100
>Z 972421 graphs generated in 410.33 sec
>F 972421 cores checked in 186.07 sec
>A nauty-genbg n=6+15 e=37:37 d=4:0 D=7:3  class=48/100
>Z 967248 graphs generated in 410.51 sec
>F 967248 cores checked in 184.85 sec
>A nauty-genbg n=6+15 e=37:37 d=4:0 D=7:3  class=49/100
>Z 968871 graphs generated in 410.75 sec
>F 968871 cores checked in 185.47 sec
>A nauty-genbg n=6+15 e=37:37 d=4:0 D=7:3  class=50/100
>Z 974799 graphs generated in 410.42 sec
>F 974799 cores checked in 186.15 sec
>A nauty-genbg n=6+15 e=37:37 d=4:0 D=7:3  class=51/100
>Z 972570 graphs generated in 410.43 sec
>F 972570 cores checked in 185.57 sec
>A nauty-genbg n=6+15 e=37:37 d=4:0 D=7:3  class=52/100
>Z 968049 graphs generated in 410.91 sec
>F 968049 cores checked in 185.89 sec
>A nauty-genbg n=6+15 e=37:37 d=4:0 D=7:3  class=53/100
>Z 967894 graphs generated in 409.10 sec
>F 967894 cores checked in 185.69 sec
>A nauty-genbg n=6+15 e=37:37 d=4:0 D=7:3  class=54/100
>Z 972124 graphs generated in 412.03 sec
>F 972124 cores checked in 185.91 sec
>A nauty-genbg n=6+15 e=37:37 d=4:0 D=7:3  class=55/100
>Z 976211 graphs generated in 411.32 sec
>F 976211 cores checked in 187.50 sec
>A nauty-genbg n=6+15 e=37:37 d=4:0 D=7:3  class=56/100
>Z 976454 graphs generated in 411.42 sec
>F 976454 cores checked in 186.23 sec
>A nauty-genbg n=6+15 e=37:37 d=4:0 D=7:3  class=57/100
>Z 979366 graphs generated in 411.51 sec
>F 979366 cores checked in 187.86 sec
>A nauty-genbg n=6+15 e=37:37 d=4:0 D=7:3  class=58/100
>Z 970154 graphs generated in 411.08 sec
>F 970154 cores checked in 186.27 sec
>A nauty-genbg n=6+15 e=37:37 d=4:0 D=7:3  class=59/100
>Z 971065 graphs generated in 411.32 sec
>F 971065 cores checked in 186.51 sec
>A nauty-genbg n=6+15 e=37:37 d=4:0 D=7:3  class=60/100
>Z 973558 graphs generated in 410.93 sec
>F 973558 cores checked in 186.22 sec
>A nauty-genbg n=6+15 e=37:37 d=4:0 D=7:3  class=61/100
>Z 972635 graphs generated in 412.67 sec
>F 972635 cores checked in 185.87 sec
>A nauty-genbg n=6+15 e=37:37 d=4:0 D=7:3  class=62/100
>Z 973330 graphs generated in 411.87 sec
>F 973330 cores checked in 186.18 sec
>A nauty-genbg n=6+15 e=37:37 d=4:0 D=7:3  class=63/100
>Z 973859 graphs generated in 412.92 sec
>F 973859 cores checked in 185.98 sec
>A nauty-genbg n=6+15 e=37:37 d=4:0 D=7:3  class=64/100
>Z 974743 graphs generated in 412.57 sec
>F 974743 cores checked in 186.05 sec
>A nauty-genbg n=6+15 e=37:37 d=4:0 D=7:3  class=65/100
>Z 980982 graphs generated in 413.01 sec
>F 980982 cores checked in 188.08 sec
>A nauty-genbg n=6+15 e=37:37 d=4:0 D=7:3  class=66/100
>Z 975864 graphs generated in 412.89 sec
>F 975864 cores checked in 186.79 sec
>A nauty-genbg n=6+15 e=37:37 d=4:0 D=7:3  class=67/100
>Z 979405 graphs generated in 413.26 sec
>F 979405 cores checked in 187.24 sec
>A nauty-genbg n=6+15 e=37:37 d=4:0 D=7:3  class=68/100
>Z 964957 graphs generated in 412.68 sec
>F 964957 cores checked in 184.93 sec
>A nauty-genbg n=6+15 e=37:37 d=4:0 D=7:3  class=69/100
>Z 967901 graphs generated in 413.36 sec
>F 967901 cores checked in 185.24 sec
>A nauty-genbg n=6+15 e=37:37 d=4:0 D=7:3  class=70/100
>Z 971742 graphs generated in 413.46 sec
>F 971742 cores checked in 186.22 sec
>A nauty-genbg n=6+15 e=37:37 d=4:0 D=7:3  class=71/100
>Z 969441 graphs generated in 413.32 sec
>F 969441 cores checked in 185.88 sec
>A nauty-genbg n=6+15 e=37:37 d=4:0 D=7:3  class=72/100
>Z 966721 graphs generated in 412.35 sec
>F 966721 cores checked in 185.44 sec
>A nauty-genbg n=6+15 e=37:37 d=4:0 D=7:3  class=73/100
>Z 976031 graphs generated in 412.66 sec
>F 976031 cores checked in 186.29 sec
>A nauty-genbg n=6+15 e=37:37 d=4:0 D=7:3  class=74/100
>Z 978099 graphs generated in 413.07 sec
>F 978099 cores checked in 187.20 sec
>A nauty-genbg n=6+15 e=37:37 d=4:0 D=7:3  class=75/100
>Z 982582 graphs generated in 413.59 sec
>F 982582 cores checked in 187.97 sec
>A nauty-genbg n=6+15 e=37:37 d=4:0 D=7:3  class=76/100
>Z 974835 graphs generated in 412.65 sec
>F 974835 cores checked in 186.24 sec
>A nauty-genbg n=6+15 e=37:37 d=4:0 D=7:3  class=77/100
>Z 979950 graphs generated in 413.72 sec
>F 979950 cores checked in 187.70 sec
>A nauty-genbg n=6+15 e=37:37 d=4:0 D=7:3  class=78/100
>Z 974276 graphs generated in 413.75 sec
>F 974276 cores checked in 186.38 sec
>A nauty-genbg n=6+15 e=37:37 d=4:0 D=7:3  class=79/100
>Z 974050 graphs generated in 413.33 sec
>F 974050 cores checked in 186.51 sec
>A nauty-genbg n=6+15 e=37:37 d=4:0 D=7:3  class=80/100
>Z 978739 graphs generated in 413.45 sec
>F 978739 cores checked in 186.95 sec
>A nauty-genbg n=6+15 e=37:37 d=4:0 D=7:3  class=81/100
>Z 974773 graphs generated in 412.91 sec
>F 974773 cores checked in 186.42 sec
>A nauty-genbg n=6+15 e=37:37 d=4:0 D=7:3  class=82/100
>Z 973498 graphs generated in 413.27 sec
>F 973498 cores checked in 195.17 sec
>A nauty-genbg n=6+15 e=37:37 d=4:0 D=7:3  class=83/100
>Z 976687 graphs generated in 412.91 sec
>F 976687 cores checked in 185.85 sec
>A nauty-genbg n=6+15 e=37:37 d=4:0 D=7:3  class=84/100
>Z 979757 graphs generated in 412.81 sec
>F 979757 cores checked in 187.80 sec
>A nauty-genbg n=6+15 e=37:37 d=4:0 D=7:3  class=85/100
>Z 976920 graphs generated in 412.06 sec
>F 976920 cores checked in 187.22 sec
>A nauty-genbg n=6+15 e=37:37 d=4:0 D=7:3  class=86/100
>Z 980223 graphs generated in 411.86 sec
>F 980223 cores checked in 187.52 sec
>A nauty-genbg n=6+15 e=37:37 d=4:0 D=7:3  class=87/100
>Z 979312 graphs generated in 411.30 sec
>F 979312 cores checked in 186.55 sec
>A nauty-genbg n=6+15 e=37:37 d=4:0 D=7:3  class=88/100
>Z 970025 graphs generated in 411.23 sec
>F 970025 cores checked in 185.93 sec
>A nauty-genbg n=6+15 e=37:37 d=4:0 D=7:3  class=89/100
>Z 974760 graphs generated in 411.56 sec
>F 974760 cores checked in 186.51 sec
>A nauty-genbg n=6+15 e=37:37 d=4:0 D=7:3  class=90/100
>Z 974385 graphs generated in 410.40 sec
>F 974385 cores checked in 186.52 sec
>A nauty-genbg n=6+15 e=37:37 d=4:0 D=7:3  class=91/100
>Z 973809 graphs generated in 410.75 sec
>F 973809 cores checked in 186.27 sec
>A nauty-genbg n=6+15 e=37:37 d=4:0 D=7:3  class=92/100
>Z 972278 graphs generated in 411.35 sec
>F 972278 cores checked in 186.38 sec
>A nauty-genbg n=6+15 e=37:37 d=4:0 D=7:3  class=93/100
>Z 972402 graphs generated in 410.58 sec
>F 972402 cores checked in 186.14 sec
>A nauty-genbg n=6+15 e=37:37 d=4:0 D=7:3  class=94/100
>Z 977779 graphs generated in 411.20 sec
>F 977779 cores checked in 187.20 sec
>A nauty-genbg n=6+15 e=37:37 d=4:0 D=7:3  class=95/100
>Z 982555 graphs generated in 410.15 sec
>F 982555 cores checked in 188.26 sec
>A nauty-genbg n=6+15 e=37:37 d=4:0 D=7:3  class=96/100
>Z 985510 graphs generated in 410.93 sec
>F 985510 cores checked in 188.41 sec
>A nauty-genbg n=6+15 e=37:37 d=4:0 D=7:3  class=97/100
>Z 985689 graphs generated in 410.25 sec
>F 985689 cores checked in 188.66 sec
>A nauty-genbg n=6+15 e=37:37 d=4:0 D=7:3  class=98/100
>Z 975797 graphs generated in 408.74 sec
>F 975797 cores checked in 186.04 sec
>A nauty-genbg n=6+15 e=37:37 d=4:0 D=7:3  class=99/100
>Z 971195 graphs generated in 407.04 sec
>F 971195 cores checked in 186.43 sec



===Total number of cores generated: 97460193
===Total number of cores checked: 97460193
===Total time for generation: 41007.22 seconds
===Total time for checking: 18668.28 seconds
===Total number of exceptional cores: 0
