=== Log file for cores: nauty-genbg_-d4:0_-D9:3_4_17_31:31



>A nauty-genbg n=4+17 e=31:31 d=4:0 D=9:3  class=0/100
>Z 1599 graphs generated in 3.41 sec
>F 1599 cores checked in 42.71 sec
>A nauty-genbg n=4+17 e=31:31 d=4:0 D=9:3  class=1/100
>Z 1663 graphs generated in 3.42 sec
>F 1663 cores checked in 1.09 sec
>A nauty-genbg n=4+17 e=31:31 d=4:0 D=9:3  class=2/100
>Z 1685 graphs generated in 3.41 sec
>F 1685 cores checked in 1.10 sec
>A nauty-genbg n=4+17 e=31:31 d=4:0 D=9:3  class=3/100
>Z 1668 graphs generated in 3.42 sec
>F 1668 cores checked in 1.10 sec
>A nauty-genbg n=4+17 e=31:31 d=4:0 D=9:3  class=4/100
>Z 1594 graphs generated in 3.42 sec
>F 1594 cores checked in 1.04 sec
>A nauty-genbg n=4+17 e=31:31 d=4:0 D=9:3  class=5/100
>Z 1699 graphs generated in 3.42 sec
>F 1699 cores checked in 1.11 sec
>A nauty-genbg n=4+17 e=31:31 d=4:0 D=9:3  class=6/100
>Z 1615 graphs generated in 3.42 sec
>F 1615 cores checked in 1.06 sec
>A nauty-genbg n=4+17 e=31:31 d=4:0 D=9:3  class=7/100
>Z 1620 graphs generated in 3.41 sec
>F 1620 cores checked in 1.06 sec
>A nauty-genbg n=4+17 e=31:31 d=4:0 D=9:3  class=8/100
>Z 1458 graphs generated in 3.41 sec
>F 1458 cores checked in 0.97 sec
>A nauty-genbg n=4+17 e=31:31 d=4:0 D=9:3  class=9/100
>Z 1634 graphs generated in 3.40 sec
>F 1634 cores checked in 1.08 sec
>A nauty-genbg n=4+17 e=31:31 d=4:0 D=9:3  class=10/100
>Z 1754 graphs generated in 3.42 sec
>F 1754 cores checked in 1.15 sec
>A nauty-genbg n=4+17 e=31:31 d=4:0 D=9:3  class=11/100
>Z 1619 graphs generated in 3.42 sec
>F 1619 cores checked in 1.07 sec
>A nauty-genbg n=4+17 e=31:31 d=4:0 D=9:3  class=12/100
>Z 1471 graphs generated in 3.41 sec
>F 1471 cores checked in 0.97 sec
>A nauty-genbg n=4+17 e=31:31 d=4:0 D=9:3  class=13/100
>Z 1613 graphs generated in 3.40 sec
>F 1613 cores checked in 1.07 sec
>A nauty-genbg n=4+17 e=31:31 d=4:0 D=9:3  class=14/100
>Z 1591 graphs generated in 3.41 sec
>F 1591 cores checked in 1.06 sec
>A nauty-genbg n=4+17 e=31:31 d=4:0 D=9:3  class=15/100
>Z 1719 graphs generated in 3.40 sec
>F 1719 cores checked in 1.14 sec
>A nauty-genbg n=4+17 e=31:31 d=4:0 D=9:3  class=16/100
>Z 1619 graphs generated in 3.42 sec
>F 1619 cores checked in 1.08 sec
>A nauty-genbg n=4+17 e=31:31 d=4:0 D=9:3  class=17/100
>Z 1776 graphs generated in 3.41 sec
>F 1776 cores checked in 1.19 sec
>A nauty-genbg n=4+17 e=31:31 d=4:0 D=9:3  class=18/100
>Z 1563 graphs generated in 3.42 sec
>F 1563 cores checked in 1.02 sec
>A nauty-genbg n=4+17 e=31:31 d=4:0 D=9:3  class=19/100
>Z 1677 graphs generated in 3.34 sec
>F 1677 cores checked in 1.12 sec
>A nauty-genbg n=4+17 e=31:31 d=4:0 D=9:3  class=20/100
>Z 1685 graphs generated in 3.41 sec
>F 1685 cores checked in 1.11 sec
>A nauty-genbg n=4+17 e=31:31 d=4:0 D=9:3  class=21/100
>Z 1635 graphs generated in 3.41 sec
>F 1635 cores checked in 1.08 sec
>A nauty-genbg n=4+17 e=31:31 d=4:0 D=9:3  class=22/100
>Z 1641 graphs generated in 3.42 sec
>F 1641 cores checked in 8.95 sec
>A nauty-genbg n=4+17 e=31:31 d=4:0 D=9:3  class=23/100
>Z 1618 graphs generated in 3.43 sec
>F 1618 cores checked in 1.05 sec
>A nauty-genbg n=4+17 e=31:31 d=4:0 D=9:3  class=24/100
>Z 1511 graphs generated in 3.41 sec
>F 1511 cores checked in 0.98 sec
>A nauty-genbg n=4+17 e=31:31 d=4:0 D=9:3  class=25/100
>Z 1627 graphs generated in 3.41 sec
>F 1627 cores checked in 1.07 sec
>A nauty-genbg n=4+17 e=31:31 d=4:0 D=9:3  class=26/100
>Z 1516 graphs generated in 3.40 sec
>F 1516 cores checked in 17.09 sec
>A nauty-genbg n=4+17 e=31:31 d=4:0 D=9:3  class=27/100
>Z 1585 graphs generated in 3.41 sec
>F 1585 cores checked in 78.39 sec
>A nauty-genbg n=4+17 e=31:31 d=4:0 D=9:3  class=28/100
>Z 1492 graphs generated in 3.41 sec
>F 1492 cores checked in 0.98 sec
>A nauty-genbg n=4+17 e=31:31 d=4:0 D=9:3  class=29/100
>Z 1619 graphs generated in 3.42 sec
>F 1619 cores checked in 1.06 sec
>A nauty-genbg n=4+17 e=31:31 d=4:0 D=9:3  class=30/100
>Z 1654 graphs generated in 3.41 sec
>F 1654 cores checked in 1.09 sec
>A nauty-genbg n=4+17 e=31:31 d=4:0 D=9:3  class=31/100
>Z 1558 graphs generated in 3.41 sec
>F 1558 cores checked in 1.02 sec
>A nauty-genbg n=4+17 e=31:31 d=4:0 D=9:3  class=32/100
>Z 1503 graphs generated in 3.43 sec
>F 1503 cores checked in 0.97 sec
>A nauty-genbg n=4+17 e=31:31 d=4:0 D=9:3  class=33/100
>Z 1607 graphs generated in 3.41 sec
>F 1607 cores checked in 1.04 sec
>A nauty-genbg n=4+17 e=31:31 d=4:0 D=9:3  class=34/100
>Z 1551 graphs generated in 3.40 sec
>F 1551 cores checked in 1.02 sec
>A nauty-genbg n=4+17 e=31:31 d=4:0 D=9:3  class=35/100
>Z 1618 graphs generated in 3.41 sec
>F 1618 cores checked in 1.05 sec
>A nauty-genbg n=4+17 e=31:31 d=4:0 D=9:3  class=36/100
>Z 1526 graphs generated in 3.41 sec
>F 1526 cores checked in 0.98 sec
>A nauty-genbg n=4+17 e=31:31 d=4:0 D=9:3  class=37/100
>Z 1613 graphs generated in 3.42 sec
>F 1613 cores checked in 1.04 sec
>A nauty-genbg n=4+17 e=31:31 d=4:0 D=9:3  class=38/100
>Z 1654 graphs generated in 3.42 sec
>F 1654 cores checked in 1.08 sec
>A nauty-genbg n=4+17 e=31:31 d=4:0 D=9:3  class=39/100
>Z 1587 graphs generated in 3.42 sec
>F 1587 cores checked in 1.03 sec
>A nauty-genbg n=4+17 e=31:31 d=4:0 D=9:3  class=40/100
>Z 1565 graphs generated in 3.42 sec
>F 1565 cores checked in 1.02 sec
>A nauty-genbg n=4+17 e=31:31 d=4:0 D=9:3  class=41/100
>Z 1627 graphs generated in 3.41 sec
>F 1627 cores checked in 1.06 sec
>A nauty-genbg n=4+17 e=31:31 d=4:0 D=9:3  class=42/100
>Z 1566 graphs generated in 3.43 sec
>F 1566 cores checked in 1.02 sec
>A nauty-genbg n=4+17 e=31:31 d=4:0 D=9:3  class=43/100
>Z 1699 graphs generated in 3.41 sec
>F 1699 cores checked in 1.11 sec
>A nauty-genbg n=4+17 e=31:31 d=4:0 D=9:3  class=44/100
>Z 1587 graphs generated in 3.41 sec
>F 1587 cores checked in 1.05 sec
>A nauty-genbg n=4+17 e=31:31 d=4:0 D=9:3  class=45/100
>Z 1662 graphs generated in 3.42 sec
>F 1662 cores checked in 1.09 sec
>A nauty-genbg n=4+17 e=31:31 d=4:0 D=9:3  class=46/100
>Z 1448 graphs generated in 3.41 sec
>F 1448 cores checked in 0.94 sec
>A nauty-genbg n=4+17 e=31:31 d=4:0 D=9:3  class=47/100
>Z 1501 graphs generated in 3.41 sec
>F 1501 cores checked in 0.99 sec
>A nauty-genbg n=4+17 e=31:31 d=4:0 D=9:3  class=48/100
>Z 1538 graphs generated in 3.42 sec
>F 1538 cores checked in 1.00 sec
>A nauty-genbg n=4+17 e=31:31 d=4:0 D=9:3  class=49/100
>Z 1616 graphs generated in 3.41 sec
>F 1616 cores checked in 1.07 sec
>A nauty-genbg n=4+17 e=31:31 d=4:0 D=9:3  class=50/100
>Z 1638 graphs generated in 3.47 sec
>F 1638 cores checked in 1.09 sec
>A nauty-genbg n=4+17 e=31:31 d=4:0 D=9:3  class=51/100
>Z 1637 graphs generated in 3.42 sec
>F 1637 cores checked in 1.08 sec
>A nauty-genbg n=4+17 e=31:31 d=4:0 D=9:3  class=52/100
>Z 1521 graphs generated in 3.42 sec
>F 1521 cores checked in 1.00 sec
>A nauty-genbg n=4+17 e=31:31 d=4:0 D=9:3  class=53/100
>Z 1634 graphs generated in 3.41 sec
>F 1634 cores checked in 1.09 sec
>A nauty-genbg n=4+17 e=31:31 d=4:0 D=9:3  class=54/100
>Z 1702 graphs generated in 3.42 sec
>F 1702 cores checked in 1.15 sec
>A nauty-genbg n=4+17 e=31:31 d=4:0 D=9:3  class=55/100
>Z 1576 graphs generated in 3.41 sec
>F 1576 cores checked in 26.20 sec
>A nauty-genbg n=4+17 e=31:31 d=4:0 D=9:3  class=56/100
>Z 1544 graphs generated in 3.41 sec
>F 1544 cores checked in 121.40 sec
>A nauty-genbg n=4+17 e=31:31 d=4:0 D=9:3  class=57/100
>Z 1487 graphs generated in 3.40 sec
>F 1487 cores checked in 0.97 sec
>A nauty-genbg n=4+17 e=31:31 d=4:0 D=9:3  class=58/100
>Z 1483 graphs generated in 3.43 sec
>F 1483 cores checked in 55.35 sec
>A nauty-genbg n=4+17 e=31:31 d=4:0 D=9:3  class=59/100
>Z 1663 graphs generated in 3.42 sec
>F 1663 cores checked in 1.08 sec
>A nauty-genbg n=4+17 e=31:31 d=4:0 D=9:3  class=60/100
>Z 1531 graphs generated in 3.41 sec
>F 1531 cores checked in 1.01 sec
>A nauty-genbg n=4+17 e=31:31 d=4:0 D=9:3  class=61/100
>Z 1587 graphs generated in 3.42 sec
>F 1587 cores checked in 1.02 sec
>A nauty-genbg n=4+17 e=31:31 d=4:0 D=9:3  class=62/100
>Z 1592 graphs generated in 3.42 sec
>F 1592 cores checked in 6.58 sec
>A nauty-genbg n=4+17 e=31:31 d=4:0 D=9:3  class=63/100
>Z 1501 graphs generated in 3.41 sec
>F 1501 cores checked in 0.97 sec
>A nauty-genbg n=4+17 e=31:31 d=4:0 D=9:3  class=64/100
>Z 1616 graphs generated in 3.44 sec
>F 1616 cores checked in 1.04 sec
>A nauty-genbg n=4+17 e=31:31 d=4:0 D=9:3  class=65/100
>Z 1626 graphs generated in 3.41 sec
>F 1626 cores checked in 1.07 sec
>A nauty-genbg n=4+17 e=31:31 d=4:0 D=9:3  class=66/100
>Z 1534 graphs generated in 3.42 sec
>F 1534 cores checked in 1.00 sec
>A nauty-genbg n=4+17 e=31:31 d=4:0 D=9:3  class=67/100
>Z 1541 graphs generated in 3.42 sec
>F 1541 cores checked in 19.87 sec
>A nauty-genbg n=4+17 e=31:31 d=4:0 D=9:3  class=68/100
>Z 1518 graphs generated in 3.40 sec
>F 1518 cores checked in 1.01 sec
>A nauty-genbg n=4+17 e=31:31 d=4:0 D=9:3  class=69/100
>Z 1561 graphs generated in 3.42 sec
>F 1561 cores checked in 1.02 sec
>A nauty-genbg n=4+17 e=31:31 d=4:0 D=9:3  class=70/100
>Z 1575 graphs generated in 3.39 sec
>F 1575 cores checked in 3.57 sec
>A nauty-genbg n=4+17 e=31:31 d=4:0 D=9:3  class=71/100
>Z 1502 graphs generated in 3.41 sec
>F 1502 cores checked in 1.88 sec
>A nauty-genbg n=4+17 e=31:31 d=4:0 D=9:3  class=72/100
>Z 1529 graphs generated in 3.41 sec
>F 1529 cores checked in 2.74 sec
>A nauty-genbg n=4+17 e=31:31 d=4:0 D=9:3  class=73/100
>Z 1423 graphs generated in 3.37 sec
>F 1423 cores checked in 0.93 sec
>A nauty-genbg n=4+17 e=31:31 d=4:0 D=9:3  class=74/100
>Z 1486 graphs generated in 3.41 sec
>F 1486 cores checked in 0.98 sec
>A nauty-genbg n=4+17 e=31:31 d=4:0 D=9:3  class=75/100
>Z 1617 graphs generated in 3.41 sec
>F 1617 cores checked in 1.06 sec
>A nauty-genbg n=4+17 e=31:31 d=4:0 D=9:3  class=76/100
>Z 1623 graphs generated in 3.43 sec
>F 1623 cores checked in 1.06 sec
>A nauty-genbg n=4+17 e=31:31 d=4:0 D=9:3  class=77/100
>Z 1616 graphs generated in 3.42 sec
>F 1616 cores checked in 1.07 sec
>A nauty-genbg n=4+17 e=31:31 d=4:0 D=9:3  class=78/100
>Z 1420 graphs generated in 3.42 sec
>F 1420 cores checked in 0.94 sec
>A nauty-genbg n=4+17 e=31:31 d=4:0 D=9:3  class=79/100
>Z 1516 graphs generated in 3.40 sec
>F 1516 cores checked in 1.01 sec
>A nauty-genbg n=4+17 e=31:31 d=4:0 D=9:3  class=80/100
>Z 1592 graphs generated in 3.41 sec
>F 1592 cores checked in 1.04 sec
>A nauty-genbg n=4+17 e=31:31 d=4:0 D=9:3  class=81/100
>Z 1632 graphs generated in 3.42 sec
>F 1632 cores checked in 1.08 sec
>A nauty-genbg n=4+17 e=31:31 d=4:0 D=9:3  class=82/100
>Z 1533 graphs generated in 3.39 sec
>F 1533 cores checked in 115.55 sec
>A nauty-genbg n=4+17 e=31:31 d=4:0 D=9:3  class=83/100
>Z 1552 graphs generated in 3.43 sec
>F 1552 cores checked in 1.02 sec
>A nauty-genbg n=4+17 e=31:31 d=4:0 D=9:3  class=84/100
>Z 1532 graphs generated in 3.40 sec
>F 1532 cores checked in 1.02 sec
>A nauty-genbg n=4+17 e=31:31 d=4:0 D=9:3  class=85/100
>Z 1594 graphs generated in 3.42 sec
>F 1594 cores checked in 1.05 sec
>A nauty-genbg n=4+17 e=31:31 d=4:0 D=9:3  class=86/100
>Z 1583 graphs generated in 3.41 sec
>F 1583 cores checked in 1.04 sec
>A nauty-genbg n=4+17 e=31:31 d=4:0 D=9:3  class=87/100
>Z 1590 graphs generated in 3.41 sec
>F 1590 cores checked in 1.05 sec
>A nauty-genbg n=4+17 e=31:31 d=4:0 D=9:3  class=88/100
>Z 1565 graphs generated in 3.42 sec
>F 1565 cores checked in 1.03 sec
>A nauty-genbg n=4+17 e=31:31 d=4:0 D=9:3  class=89/100
>Z 1605 graphs generated in 3.40 sec
>F 1605 cores checked in 1.06 sec
>A nauty-genbg n=4+17 e=31:31 d=4:0 D=9:3  class=90/100
>Z 1603 graphs generated in 3.42 sec
>F 1603 cores checked in 162.76 sec
>A nauty-genbg n=4+17 e=31:31 d=4:0 D=9:3  class=91/100
>Z 1608 graphs generated in 3.40 sec
>F 1608 cores checked in 1.07 sec
>A nauty-genbg n=4+17 e=31:31 d=4:0 D=9:3  class=92/100
>Z 1631 graphs generated in 3.41 sec
>F 1631 cores checked in 1.08 sec
>A nauty-genbg n=4+17 e=31:31 d=4:0 D=9:3  class=93/100
>Z 1593 graphs generated in 3.43 sec
>F 1593 cores checked in 1.05 sec
>A nauty-genbg n=4+17 e=31:31 d=4:0 D=9:3  class=94/100
>Z 1535 graphs generated in 3.41 sec
>F 1535 cores checked in 1.02 sec
>A nauty-genbg n=4+17 e=31:31 d=4:0 D=9:3  class=95/100
>Z 1566 graphs generated in 3.41 sec
>F 1566 cores checked in 1.04 sec
>A nauty-genbg n=4+17 e=31:31 d=4:0 D=9:3  class=96/100
>Z 1480 graphs generated in 3.41 sec
>F 1480 cores checked in 0.98 sec
>A nauty-genbg n=4+17 e=31:31 d=4:0 D=9:3  class=97/100
>Z 1539 graphs generated in 3.40 sec
>F 1539 cores checked in 1.02 sec
>A nauty-genbg n=4+17 e=31:31 d=4:0 D=9:3  class=98/100
>Z 1531 graphs generated in 3.41 sec
>F 1531 cores checked in 1.01 sec
>A nauty-genbg n=4+17 e=31:31 d=4:0 D=9:3  class=99/100
>Z 1583 graphs generated in 3.43 sec
>F 1583 cores checked in 1.03 sec



===Total number of cores generated: 158492
===Total number of cores checked: 158492
===Total time for generation: 341.30 seconds
===Total time for checking: 752.86 seconds
===Total number of exceptional cores: 0
