=== Log file for genbg_-d4:0_-D7:3_6_15_31:31



>A genbg n=6+15 e=31:31 d=4:0 D=7:3  class=0/200
>Z 864743 graphs generated in 101.49 sec
>F 864743 cores checked in 425.65 sec
>A genbg n=6+15 e=31:31 d=4:0 D=7:3  class=1/200
>Z 853252 graphs generated in 101.39 sec
>F 853252 cores checked in 385.26 sec
>A genbg n=6+15 e=31:31 d=4:0 D=7:3  class=2/200
>Z 854642 graphs generated in 101.35 sec
>F 854642 cores checked in 395.97 sec
>A genbg n=6+15 e=31:31 d=4:0 D=7:3  class=3/200
>Z 852324 graphs generated in 101.40 sec
>F 852324 cores checked in 396.30 sec
>A genbg n=6+15 e=31:31 d=4:0 D=7:3  class=4/200
>Z 860405 graphs generated in 101.45 sec
>F 860405 cores checked in 425.48 sec
>A genbg n=6+15 e=31:31 d=4:0 D=7:3  class=5/200
>Z 854290 graphs generated in 102.05 sec
>F 854290 cores checked in 451.98 sec
>A genbg n=6+15 e=31:31 d=4:0 D=7:3  class=6/200
>Z 856090 graphs generated in 101.28 sec
>F 856090 cores checked in 461.65 sec
>A genbg n=6+15 e=31:31 d=4:0 D=7:3  class=7/200
>Z 852494 graphs generated in 101.28 sec
>F 852494 cores checked in 437.61 sec
>A genbg n=6+15 e=31:31 d=4:0 D=7:3  class=8/200
>Z 855055 graphs generated in 101.15 sec
>F 855055 cores checked in 450.41 sec
>A genbg n=6+15 e=31:31 d=4:0 D=7:3  class=9/200
>Z 856399 graphs generated in 101.31 sec
>F 856399 cores checked in 402.20 sec
>A genbg n=6+15 e=31:31 d=4:0 D=7:3  class=10/200
>Z 860636 graphs generated in 101.33 sec
>F 860636 cores checked in 409.63 sec
>A genbg n=6+15 e=31:31 d=4:0 D=7:3  class=11/200
>Z 855334 graphs generated in 101.40 sec
>F 855334 cores checked in 417.04 sec
>A genbg n=6+15 e=31:31 d=4:0 D=7:3  class=12/200
>Z 854421 graphs generated in 101.30 sec
>F 854421 cores checked in 426.65 sec
>A genbg n=6+15 e=31:31 d=4:0 D=7:3  class=13/200
>Z 860164 graphs generated in 101.14 sec
>F 860164 cores checked in 423.71 sec
>A genbg n=6+15 e=31:31 d=4:0 D=7:3  class=14/200
>Z 856547 graphs generated in 101.17 sec
>F 856547 cores checked in 415.80 sec
>A genbg n=6+15 e=31:31 d=4:0 D=7:3  class=15/200
>Z 852855 graphs generated in 100.89 sec
>F 852855 cores checked in 417.40 sec
>A genbg n=6+15 e=31:31 d=4:0 D=7:3  class=16/200
>Z 851926 graphs generated in 101.29 sec
>F 851926 cores checked in 453.89 sec
>A genbg n=6+15 e=31:31 d=4:0 D=7:3  class=17/200
>Z 856832 graphs generated in 100.96 sec
>F 856832 cores checked in 421.32 sec
>A genbg n=6+15 e=31:31 d=4:0 D=7:3  class=18/200
>Z 856488 graphs generated in 100.96 sec
>F 856488 cores checked in 386.95 sec
>A genbg n=6+15 e=31:31 d=4:0 D=7:3  class=19/200
>Z 860600 graphs generated in 101.01 sec
>F 860600 cores checked in 415.54 sec
>A genbg n=6+15 e=31:31 d=4:0 D=7:3  class=20/200
>Z 863447 graphs generated in 101.16 sec
>F 863447 cores checked in 394.64 sec
>A genbg n=6+15 e=31:31 d=4:0 D=7:3  class=21/200
>Z 856208 graphs generated in 101.17 sec
>F 856208 cores checked in 423.76 sec
>A genbg n=6+15 e=31:31 d=4:0 D=7:3  class=22/200
>Z 855049 graphs generated in 100.97 sec
>F 855049 cores checked in 377.42 sec
>A genbg n=6+15 e=31:31 d=4:0 D=7:3  class=23/200
>Z 852805 graphs generated in 100.78 sec
>F 852805 cores checked in 428.79 sec
>A genbg n=6+15 e=31:31 d=4:0 D=7:3  class=24/200
>Z 856640 graphs generated in 100.85 sec
>F 856640 cores checked in 418.79 sec
>A genbg n=6+15 e=31:31 d=4:0 D=7:3  class=25/200
>Z 856678 graphs generated in 100.81 sec
>F 856678 cores checked in 454.22 sec
>A genbg n=6+15 e=31:31 d=4:0 D=7:3  class=26/200
>Z 851603 graphs generated in 100.78 sec
>F 851603 cores checked in 441.26 sec
>A genbg n=6+15 e=31:31 d=4:0 D=7:3  class=27/200
>Z 851482 graphs generated in 100.69 sec
>F 851482 cores checked in 442.53 sec
>A genbg n=6+15 e=31:31 d=4:0 D=7:3  class=28/200
>Z 853807 graphs generated in 100.71 sec
>F 853807 cores checked in 419.95 sec
>A genbg n=6+15 e=31:31 d=4:0 D=7:3  class=29/200
>Z 855731 graphs generated in 100.74 sec
>F 855731 cores checked in 416.08 sec
>A genbg n=6+15 e=31:31 d=4:0 D=7:3  class=30/200
>Z 856127 graphs generated in 100.57 sec
>F 856127 cores checked in 389.82 sec
>A genbg n=6+15 e=31:31 d=4:0 D=7:3  class=31/200
>Z 852449 graphs generated in 100.67 sec
>F 852449 cores checked in 432.80 sec
>A genbg n=6+15 e=31:31 d=4:0 D=7:3  class=32/200
>Z 858282 graphs generated in 100.92 sec
>F 858282 cores checked in 414.20 sec
>A genbg n=6+15 e=31:31 d=4:0 D=7:3  class=33/200
>Z 851228 graphs generated in 100.55 sec
>F 851228 cores checked in 463.39 sec
>A genbg n=6+15 e=31:31 d=4:0 D=7:3  class=34/200
>Z 849372 graphs generated in 100.69 sec
>F 849372 cores checked in 422.32 sec
>A genbg n=6+15 e=31:31 d=4:0 D=7:3  class=35/200
>Z 846695 graphs generated in 100.65 sec
>F 846695 cores checked in 440.69 sec
>A genbg n=6+15 e=31:31 d=4:0 D=7:3  class=36/200
>Z 850306 graphs generated in 100.81 sec
>F 850306 cores checked in 416.22 sec
>A genbg n=6+15 e=31:31 d=4:0 D=7:3  class=37/200
>Z 853818 graphs generated in 100.69 sec
>F 853818 cores checked in 436.73 sec
>A genbg n=6+15 e=31:31 d=4:0 D=7:3  class=38/200
>Z 851722 graphs generated in 100.69 sec
>F 851722 cores checked in 439.21 sec
>A genbg n=6+15 e=31:31 d=4:0 D=7:3  class=39/200
>Z 860018 graphs generated in 100.72 sec
>F 860018 cores checked in 406.08 sec
>A genbg n=6+15 e=31:31 d=4:0 D=7:3  class=40/200
>Z 859990 graphs generated in 100.85 sec
>F 859990 cores checked in 417.00 sec
>A genbg n=6+15 e=31:31 d=4:0 D=7:3  class=41/200
>Z 851771 graphs generated in 100.76 sec
>F 851771 cores checked in 434.24 sec
>A genbg n=6+15 e=31:31 d=4:0 D=7:3  class=42/200
>Z 860522 graphs generated in 100.74 sec
>F 860522 cores checked in 437.59 sec
>A genbg n=6+15 e=31:31 d=4:0 D=7:3  class=43/200
>Z 852445 graphs generated in 100.85 sec
>F 852445 cores checked in 409.27 sec
>A genbg n=6+15 e=31:31 d=4:0 D=7:3  class=44/200
>Z 851508 graphs generated in 100.80 sec
>F 851508 cores checked in 400.62 sec
>A genbg n=6+15 e=31:31 d=4:0 D=7:3  class=45/200
>Z 861720 graphs generated in 100.82 sec
>F 861720 cores checked in 395.81 sec
>A genbg n=6+15 e=31:31 d=4:0 D=7:3  class=46/200
>Z 850642 graphs generated in 100.95 sec
>F 850642 cores checked in 376.72 sec
>A genbg n=6+15 e=31:31 d=4:0 D=7:3  class=47/200
>Z 858680 graphs generated in 100.83 sec
>F 858680 cores checked in 406.26 sec
>A genbg n=6+15 e=31:31 d=4:0 D=7:3  class=48/200
>Z 854874 graphs generated in 100.86 sec
>F 854874 cores checked in 419.69 sec
>A genbg n=6+15 e=31:31 d=4:0 D=7:3  class=49/200
>Z 860596 graphs generated in 100.89 sec
>F 860596 cores checked in 414.37 sec
>A genbg n=6+15 e=31:31 d=4:0 D=7:3  class=50/200
>Z 858849 graphs generated in 100.99 sec
>F 858849 cores checked in 403.88 sec
>A genbg n=6+15 e=31:31 d=4:0 D=7:3  class=51/200
>Z 848541 graphs generated in 100.79 sec
>F 848541 cores checked in 432.49 sec
>A genbg n=6+15 e=31:31 d=4:0 D=7:3  class=52/200
>Z 858484 graphs generated in 100.93 sec
>F 858484 cores checked in 403.44 sec
>A genbg n=6+15 e=31:31 d=4:0 D=7:3  class=53/200
>Z 861376 graphs generated in 100.80 sec
>F 861376 cores checked in 465.44 sec
>A genbg n=6+15 e=31:31 d=4:0 D=7:3  class=54/200
>Z 859859 graphs generated in 100.89 sec
>F 859859 cores checked in 392.51 sec
>A genbg n=6+15 e=31:31 d=4:0 D=7:3  class=55/200
>Z 859518 graphs generated in 100.82 sec
>F 859518 cores checked in 403.03 sec
>A genbg n=6+15 e=31:31 d=4:0 D=7:3  class=56/200
>Z 845226 graphs generated in 100.70 sec
>F 845226 cores checked in 394.59 sec
>A genbg n=6+15 e=31:31 d=4:0 D=7:3  class=57/200
>Z 844818 graphs generated in 100.53 sec
>F 844818 cores checked in 403.15 sec
>A genbg n=6+15 e=31:31 d=4:0 D=7:3  class=58/200
>Z 851446 graphs generated in 100.60 sec
>F 851446 cores checked in 383.65 sec
>A genbg n=6+15 e=31:31 d=4:0 D=7:3  class=59/200
>Z 854955 graphs generated in 100.68 sec
>F 854955 cores checked in 406.11 sec
>A genbg n=6+15 e=31:31 d=4:0 D=7:3  class=60/200
>Z 862418 graphs generated in 100.76 sec
>F 862418 cores checked in 396.69 sec
>A genbg n=6+15 e=31:31 d=4:0 D=7:3  class=61/200
>Z 852516 graphs generated in 100.61 sec
>F 852516 cores checked in 423.37 sec
>A genbg n=6+15 e=31:31 d=4:0 D=7:3  class=62/200
>Z 852054 graphs generated in 100.56 sec
>F 852054 cores checked in 389.42 sec
>A genbg n=6+15 e=31:31 d=4:0 D=7:3  class=63/200
>Z 853056 graphs generated in 100.51 sec
>F 853056 cores checked in 420.22 sec
>A genbg n=6+15 e=31:31 d=4:0 D=7:3  class=64/200
>Z 853704 graphs generated in 100.67 sec
>F 853704 cores checked in 395.23 sec
>A genbg n=6+15 e=31:31 d=4:0 D=7:3  class=65/200
>Z 854249 graphs generated in 100.78 sec
>F 854249 cores checked in 408.53 sec
>A genbg n=6+15 e=31:31 d=4:0 D=7:3  class=66/200
>Z 852329 graphs generated in 100.63 sec
>F 852329 cores checked in 411.70 sec
>A genbg n=6+15 e=31:31 d=4:0 D=7:3  class=67/200
>Z 850550 graphs generated in 100.49 sec
>F 850550 cores checked in 465.99 sec
>A genbg n=6+15 e=31:31 d=4:0 D=7:3  class=68/200
>Z 849565 graphs generated in 100.60 sec
>F 849565 cores checked in 370.78 sec
>A genbg n=6+15 e=31:31 d=4:0 D=7:3  class=69/200
>Z 860983 graphs generated in 100.68 sec
>F 860983 cores checked in 378.25 sec
>A genbg n=6+15 e=31:31 d=4:0 D=7:3  class=70/200
>Z 856147 graphs generated in 100.66 sec
>F 856147 cores checked in 422.53 sec
>A genbg n=6+15 e=31:31 d=4:0 D=7:3  class=71/200
>Z 848616 graphs generated in 100.66 sec
>F 848616 cores checked in 379.04 sec
>A genbg n=6+15 e=31:31 d=4:0 D=7:3  class=72/200
>Z 856185 graphs generated in 100.79 sec
>F 856185 cores checked in 413.00 sec
>A genbg n=6+15 e=31:31 d=4:0 D=7:3  class=73/200
>Z 857584 graphs generated in 100.59 sec
>F 857584 cores checked in 415.18 sec
>A genbg n=6+15 e=31:31 d=4:0 D=7:3  class=74/200
>Z 856108 graphs generated in 100.63 sec
>F 856108 cores checked in 417.28 sec
>A genbg n=6+15 e=31:31 d=4:0 D=7:3  class=75/200
>Z 853157 graphs generated in 100.60 sec
>F 853157 cores checked in 464.40 sec
>A genbg n=6+15 e=31:31 d=4:0 D=7:3  class=76/200
>Z 857280 graphs generated in 100.70 sec
>F 857280 cores checked in 420.77 sec
>A genbg n=6+15 e=31:31 d=4:0 D=7:3  class=77/200
>Z 851782 graphs generated in 100.56 sec
>F 851782 cores checked in 403.63 sec
>A genbg n=6+15 e=31:31 d=4:0 D=7:3  class=78/200
>Z 852848 graphs generated in 100.69 sec
>F 852848 cores checked in 452.10 sec
>A genbg n=6+15 e=31:31 d=4:0 D=7:3  class=79/200
>Z 855185 graphs generated in 100.58 sec
>F 855185 cores checked in 416.27 sec
>A genbg n=6+15 e=31:31 d=4:0 D=7:3  class=80/200
>Z 858409 graphs generated in 100.87 sec
>F 858409 cores checked in 430.86 sec
>A genbg n=6+15 e=31:31 d=4:0 D=7:3  class=81/200
>Z 848352 graphs generated in 100.56 sec
>F 848352 cores checked in 387.52 sec
>A genbg n=6+15 e=31:31 d=4:0 D=7:3  class=82/200
>Z 857310 graphs generated in 100.77 sec
>F 857310 cores checked in 401.47 sec
>A genbg n=6+15 e=31:31 d=4:0 D=7:3  class=83/200
>Z 859131 graphs generated in 100.74 sec
>F 859131 cores checked in 446.15 sec
>A genbg n=6+15 e=31:31 d=4:0 D=7:3  class=84/200
>Z 861768 graphs generated in 100.79 sec
>F 861768 cores checked in 434.42 sec
>A genbg n=6+15 e=31:31 d=4:0 D=7:3  class=85/200
>Z 860761 graphs generated in 100.73 sec
>F 860761 cores checked in 449.73 sec
>A genbg n=6+15 e=31:31 d=4:0 D=7:3  class=86/200
>Z 849178 graphs generated in 100.75 sec
>F 849178 cores checked in 381.98 sec
>A genbg n=6+15 e=31:31 d=4:0 D=7:3  class=87/200
>Z 851384 graphs generated in 100.68 sec
>F 851384 cores checked in 417.01 sec
>A genbg n=6+15 e=31:31 d=4:0 D=7:3  class=88/200
>Z 860065 graphs generated in 100.80 sec
>F 860065 cores checked in 427.19 sec
>A genbg n=6+15 e=31:31 d=4:0 D=7:3  class=89/200
>Z 856582 graphs generated in 100.70 sec
>F 856582 cores checked in 421.11 sec
>A genbg n=6+15 e=31:31 d=4:0 D=7:3  class=90/200
>Z 859467 graphs generated in 100.82 sec
>F 859467 cores checked in 437.72 sec
>A genbg n=6+15 e=31:31 d=4:0 D=7:3  class=91/200
>Z 854014 graphs generated in 100.70 sec
>F 854014 cores checked in 412.76 sec
>A genbg n=6+15 e=31:31 d=4:0 D=7:3  class=92/200
>Z 856699 graphs generated in 100.67 sec
>F 856699 cores checked in 414.40 sec
>A genbg n=6+15 e=31:31 d=4:0 D=7:3  class=93/200
>Z 855311 graphs generated in 100.56 sec
>F 855311 cores checked in 401.15 sec
>A genbg n=6+15 e=31:31 d=4:0 D=7:3  class=94/200
>Z 858810 graphs generated in 100.60 sec
>F 858810 cores checked in 412.67 sec
>A genbg n=6+15 e=31:31 d=4:0 D=7:3  class=95/200
>Z 857302 graphs generated in 100.53 sec
>F 857302 cores checked in 418.54 sec
>A genbg n=6+15 e=31:31 d=4:0 D=7:3  class=96/200
>Z 856836 graphs generated in 100.54 sec
>F 856836 cores checked in 462.78 sec
>A genbg n=6+15 e=31:31 d=4:0 D=7:3  class=97/200
>Z 850004 graphs generated in 100.50 sec
>F 850004 cores checked in 401.75 sec
>A genbg n=6+15 e=31:31 d=4:0 D=7:3  class=98/200
>Z 854453 graphs generated in 100.67 sec
>F 854453 cores checked in 431.70 sec
>A genbg n=6+15 e=31:31 d=4:0 D=7:3  class=99/200
>Z 849248 graphs generated in 100.53 sec
>F 849248 cores checked in 383.28 sec
>A genbg n=6+15 e=31:31 d=4:0 D=7:3  class=100/200
>Z 859609 graphs generated in 100.45 sec
>F 859609 cores checked in 389.99 sec
>A genbg n=6+15 e=31:31 d=4:0 D=7:3  class=101/200
>Z 857937 graphs generated in 100.49 sec
>F 857937 cores checked in 447.56 sec
>A genbg n=6+15 e=31:31 d=4:0 D=7:3  class=102/200
>Z 855700 graphs generated in 100.45 sec
>F 855700 cores checked in 433.06 sec
>A genbg n=6+15 e=31:31 d=4:0 D=7:3  class=103/200
>Z 853206 graphs generated in 100.40 sec
>F 853206 cores checked in 392.11 sec
>A genbg n=6+15 e=31:31 d=4:0 D=7:3  class=104/200
>Z 860607 graphs generated in 100.51 sec
>F 860607 cores checked in 408.59 sec
>A genbg n=6+15 e=31:31 d=4:0 D=7:3  class=105/200
>Z 854905 graphs generated in 100.48 sec
>F 854905 cores checked in 451.42 sec
>A genbg n=6+15 e=31:31 d=4:0 D=7:3  class=106/200
>Z 849356 graphs generated in 100.54 sec
>F 849356 cores checked in 409.14 sec
>A genbg n=6+15 e=31:31 d=4:0 D=7:3  class=107/200
>Z 855420 graphs generated in 100.54 sec
>F 855420 cores checked in 416.55 sec
>A genbg n=6+15 e=31:31 d=4:0 D=7:3  class=108/200
>Z 858820 graphs generated in 100.44 sec
>F 858820 cores checked in 447.89 sec
>A genbg n=6+15 e=31:31 d=4:0 D=7:3  class=109/200
>Z 859990 graphs generated in 100.42 sec
>F 859990 cores checked in 408.39 sec
>A genbg n=6+15 e=31:31 d=4:0 D=7:3  class=110/200
>Z 860103 graphs generated in 100.67 sec
>F 860103 cores checked in 418.57 sec
>A genbg n=6+15 e=31:31 d=4:0 D=7:3  class=111/200
>Z 856491 graphs generated in 100.63 sec
>F 856491 cores checked in 423.36 sec
>A genbg n=6+15 e=31:31 d=4:0 D=7:3  class=112/200
>Z 856559 graphs generated in 100.69 sec
>F 856559 cores checked in 421.39 sec
>A genbg n=6+15 e=31:31 d=4:0 D=7:3  class=113/200
>Z 858340 graphs generated in 100.40 sec
>F 858340 cores checked in 387.90 sec
>A genbg n=6+15 e=31:31 d=4:0 D=7:3  class=114/200
>Z 861157 graphs generated in 100.56 sec
>F 861157 cores checked in 436.69 sec
>A genbg n=6+15 e=31:31 d=4:0 D=7:3  class=115/200
>Z 857433 graphs generated in 100.45 sec
>F 857433 cores checked in 457.26 sec
>A genbg n=6+15 e=31:31 d=4:0 D=7:3  class=116/200
>Z 855288 graphs generated in 100.53 sec
>F 855288 cores checked in 407.70 sec
>A genbg n=6+15 e=31:31 d=4:0 D=7:3  class=117/200
>Z 857432 graphs generated in 107.14 sec
>F 857432 cores checked in 430.94 sec
>A genbg n=6+15 e=31:31 d=4:0 D=7:3  class=118/200
>Z 853638 graphs generated in 100.66 sec
>F 853638 cores checked in 419.32 sec
>A genbg n=6+15 e=31:31 d=4:0 D=7:3  class=119/200
>Z 859337 graphs generated in 100.53 sec
>F 859337 cores checked in 400.71 sec
>A genbg n=6+15 e=31:31 d=4:0 D=7:3  class=120/200
>Z 855557 graphs generated in 100.43 sec
>F 855557 cores checked in 399.13 sec
>A genbg n=6+15 e=31:31 d=4:0 D=7:3  class=121/200
>Z 853718 graphs generated in 100.57 sec
>F 853718 cores checked in 413.55 sec
>A genbg n=6+15 e=31:31 d=4:0 D=7:3  class=122/200
>Z 851633 graphs generated in 100.31 sec
>F 851633 cores checked in 397.24 sec
>A genbg n=6+15 e=31:31 d=4:0 D=7:3  class=123/200
>Z 855241 graphs generated in 100.61 sec
>F 855241 cores checked in 402.05 sec
>A genbg n=6+15 e=31:31 d=4:0 D=7:3  class=124/200
>Z 858114 graphs generated in 100.41 sec
>F 858114 cores checked in 410.08 sec
>A genbg n=6+15 e=31:31 d=4:0 D=7:3  class=125/200
>Z 852384 graphs generated in 100.53 sec
>F 852384 cores checked in 392.70 sec
>A genbg n=6+15 e=31:31 d=4:0 D=7:3  class=126/200
>Z 857340 graphs generated in 100.35 sec
>F 857340 cores checked in 395.57 sec
>A genbg n=6+15 e=31:31 d=4:0 D=7:3  class=127/200
>Z 854326 graphs generated in 100.37 sec
>F 854326 cores checked in 416.68 sec
>A genbg n=6+15 e=31:31 d=4:0 D=7:3  class=128/200
>Z 857137 graphs generated in 100.64 sec
>F 857137 cores checked in 434.62 sec
>A genbg n=6+15 e=31:31 d=4:0 D=7:3  class=129/200
>Z 857730 graphs generated in 100.80 sec
>F 857730 cores checked in 403.09 sec
>A genbg n=6+15 e=31:31 d=4:0 D=7:3  class=130/200
>Z 860607 graphs generated in 100.39 sec
>F 860607 cores checked in 403.67 sec
>A genbg n=6+15 e=31:31 d=4:0 D=7:3  class=131/200
>Z 858211 graphs generated in 100.17 sec
>F 858211 cores checked in 410.40 sec
>A genbg n=6+15 e=31:31 d=4:0 D=7:3  class=132/200
>Z 857313 graphs generated in 100.39 sec
>F 857313 cores checked in 433.28 sec
>A genbg n=6+15 e=31:31 d=4:0 D=7:3  class=133/200
>Z 855761 graphs generated in 100.53 sec
>F 855761 cores checked in 442.34 sec
>A genbg n=6+15 e=31:31 d=4:0 D=7:3  class=134/200
>Z 855237 graphs generated in 100.36 sec
>F 855237 cores checked in 443.47 sec
>A genbg n=6+15 e=31:31 d=4:0 D=7:3  class=135/200
>Z 848480 graphs generated in 100.22 sec
>F 848480 cores checked in 398.20 sec
>A genbg n=6+15 e=31:31 d=4:0 D=7:3  class=136/200
>Z 848303 graphs generated in 100.23 sec
>F 848303 cores checked in 434.36 sec
>A genbg n=6+15 e=31:31 d=4:0 D=7:3  class=137/200
>Z 855388 graphs generated in 100.12 sec
>F 855388 cores checked in 398.13 sec
>A genbg n=6+15 e=31:31 d=4:0 D=7:3  class=138/200
>Z 853573 graphs generated in 100.29 sec
>F 853573 cores checked in 407.05 sec
>A genbg n=6+15 e=31:31 d=4:0 D=7:3  class=139/200
>Z 859603 graphs generated in 100.26 sec
>F 859603 cores checked in 486.86 sec
>A genbg n=6+15 e=31:31 d=4:0 D=7:3  class=140/200
>Z 861906 graphs generated in 100.51 sec
>F 861906 cores checked in 415.05 sec
>A genbg n=6+15 e=31:31 d=4:0 D=7:3  class=141/200
>Z 857682 graphs generated in 100.36 sec
>F 857682 cores checked in 432.62 sec
>A genbg n=6+15 e=31:31 d=4:0 D=7:3  class=142/200
>Z 860872 graphs generated in 100.33 sec
>F 860872 cores checked in 453.24 sec
>A genbg n=6+15 e=31:31 d=4:0 D=7:3  class=143/200
>Z 856210 graphs generated in 100.43 sec
>F 856210 cores checked in 418.22 sec
>A genbg n=6+15 e=31:31 d=4:0 D=7:3  class=144/200
>Z 855265 graphs generated in 100.42 sec
>F 855265 cores checked in 416.88 sec
>A genbg n=6+15 e=31:31 d=4:0 D=7:3  class=145/200
>Z 857729 graphs generated in 100.22 sec
>F 857729 cores checked in 452.17 sec
>A genbg n=6+15 e=31:31 d=4:0 D=7:3  class=146/200
>Z 856617 graphs generated in 100.54 sec
>F 856617 cores checked in 443.60 sec
>A genbg n=6+15 e=31:31 d=4:0 D=7:3  class=147/200
>Z 852813 graphs generated in 100.38 sec
>F 852813 cores checked in 407.94 sec
>A genbg n=6+15 e=31:31 d=4:0 D=7:3  class=148/200
>Z 858338 graphs generated in 100.44 sec
>F 858338 cores checked in 394.74 sec
>A genbg n=6+15 e=31:31 d=4:0 D=7:3  class=149/200
>Z 859380 graphs generated in 100.45 sec
>F 859380 cores checked in 416.74 sec
>A genbg n=6+15 e=31:31 d=4:0 D=7:3  class=150/200
>Z 860067 graphs generated in 100.51 sec
>F 860067 cores checked in 417.32 sec
>A genbg n=6+15 e=31:31 d=4:0 D=7:3  class=151/200
>Z 850903 graphs generated in 100.42 sec
>F 850903 cores checked in 412.89 sec
>A genbg n=6+15 e=31:31 d=4:0 D=7:3  class=152/200
>Z 851439 graphs generated in 100.25 sec
>F 851439 cores checked in 491.30 sec
>A genbg n=6+15 e=31:31 d=4:0 D=7:3  class=153/200
>Z 857759 graphs generated in 100.35 sec
>F 857759 cores checked in 418.86 sec
>A genbg n=6+15 e=31:31 d=4:0 D=7:3  class=154/200
>Z 853631 graphs generated in 100.33 sec
>F 853631 cores checked in 473.39 sec
>A genbg n=6+15 e=31:31 d=4:0 D=7:3  class=155/200
>Z 852915 graphs generated in 100.38 sec
>F 852915 cores checked in 423.46 sec
>A genbg n=6+15 e=31:31 d=4:0 D=7:3  class=156/200
>Z 852826 graphs generated in 100.36 sec
>F 852826 cores checked in 447.95 sec
>A genbg n=6+15 e=31:31 d=4:0 D=7:3  class=157/200
>Z 850760 graphs generated in 100.36 sec
>F 850760 cores checked in 420.19 sec
>A genbg n=6+15 e=31:31 d=4:0 D=7:3  class=158/200
>Z 853332 graphs generated in 100.34 sec
>F 853332 cores checked in 434.17 sec
>A genbg n=6+15 e=31:31 d=4:0 D=7:3  class=159/200
>Z 854091 graphs generated in 100.61 sec
>F 854091 cores checked in 408.89 sec
>A genbg n=6+15 e=31:31 d=4:0 D=7:3  class=160/200
>Z 858257 graphs generated in 100.32 sec
>F 858257 cores checked in 403.81 sec
>A genbg n=6+15 e=31:31 d=4:0 D=7:3  class=161/200
>Z 843063 graphs generated in 100.26 sec
>F 843063 cores checked in 408.29 sec
>A genbg n=6+15 e=31:31 d=4:0 D=7:3  class=162/200
>Z 845429 graphs generated in 100.24 sec
>F 845429 cores checked in 399.09 sec
>A genbg n=6+15 e=31:31 d=4:0 D=7:3  class=163/200
>Z 855158 graphs generated in 100.26 sec
>F 855158 cores checked in 423.38 sec
>A genbg n=6+15 e=31:31 d=4:0 D=7:3  class=164/200
>Z 857852 graphs generated in 100.50 sec
>F 857852 cores checked in 409.39 sec
>A genbg n=6+15 e=31:31 d=4:0 D=7:3  class=165/200
>Z 854660 graphs generated in 100.28 sec
>F 854660 cores checked in 389.25 sec
>A genbg n=6+15 e=31:31 d=4:0 D=7:3  class=166/200
>Z 853384 graphs generated in 100.11 sec
>F 853384 cores checked in 389.67 sec
>A genbg n=6+15 e=31:31 d=4:0 D=7:3  class=167/200
>Z 843833 graphs generated in 100.26 sec
>F 843833 cores checked in 419.42 sec
>A genbg n=6+15 e=31:31 d=4:0 D=7:3  class=168/200
>Z 853742 graphs generated in 100.24 sec
>F 853742 cores checked in 423.60 sec
>A genbg n=6+15 e=31:31 d=4:0 D=7:3  class=169/200
>Z 856991 graphs generated in 100.45 sec
>F 856991 cores checked in 409.07 sec
>A genbg n=6+15 e=31:31 d=4:0 D=7:3  class=170/200
>Z 849155 graphs generated in 100.33 sec
>F 849155 cores checked in 395.43 sec
>A genbg n=6+15 e=31:31 d=4:0 D=7:3  class=171/200
>Z 844398 graphs generated in 100.34 sec
>F 844398 cores checked in 381.61 sec
>A genbg n=6+15 e=31:31 d=4:0 D=7:3  class=172/200
>Z 851893 graphs generated in 99.96 sec
>F 851893 cores checked in 437.87 sec
>A genbg n=6+15 e=31:31 d=4:0 D=7:3  class=173/200
>Z 855039 graphs generated in 99.99 sec
>F 855039 cores checked in 425.23 sec
>A genbg n=6+15 e=31:31 d=4:0 D=7:3  class=174/200
>Z 856695 graphs generated in 99.92 sec
>F 856695 cores checked in 458.35 sec
>A genbg n=6+15 e=31:31 d=4:0 D=7:3  class=175/200
>Z 855953 graphs generated in 99.97 sec
>F 855953 cores checked in 426.08 sec
>A genbg n=6+15 e=31:31 d=4:0 D=7:3  class=176/200
>Z 854509 graphs generated in 100.11 sec
>F 854509 cores checked in 448.21 sec
>A genbg n=6+15 e=31:31 d=4:0 D=7:3  class=177/200
>Z 853696 graphs generated in 100.01 sec
>F 853696 cores checked in 449.02 sec
>A genbg n=6+15 e=31:31 d=4:0 D=7:3  class=178/200
>Z 859217 graphs generated in 100.18 sec
>F 859217 cores checked in 389.47 sec
>A genbg n=6+15 e=31:31 d=4:0 D=7:3  class=179/200
>Z 850486 graphs generated in 100.10 sec
>F 850486 cores checked in 391.22 sec
>A genbg n=6+15 e=31:31 d=4:0 D=7:3  class=180/200
>Z 861015 graphs generated in 100.35 sec
>F 861015 cores checked in 416.01 sec
>A genbg n=6+15 e=31:31 d=4:0 D=7:3  class=181/200
>Z 843370 graphs generated in 100.15 sec
>F 843370 cores checked in 385.76 sec
>A genbg n=6+15 e=31:31 d=4:0 D=7:3  class=182/200
>Z 854845 graphs generated in 100.33 sec
>F 854845 cores checked in 387.31 sec
>A genbg n=6+15 e=31:31 d=4:0 D=7:3  class=183/200
>Z 851401 graphs generated in 100.07 sec
>F 851401 cores checked in 425.90 sec
>A genbg n=6+15 e=31:31 d=4:0 D=7:3  class=184/200
>Z 859922 graphs generated in 100.28 sec
>F 859922 cores checked in 428.32 sec
>A genbg n=6+15 e=31:31 d=4:0 D=7:3  class=185/200
>Z 854617 graphs generated in 100.02 sec
>F 854617 cores checked in 436.71 sec
>A genbg n=6+15 e=31:31 d=4:0 D=7:3  class=186/200
>Z 860288 graphs generated in 100.20 sec
>F 860288 cores checked in 441.02 sec
>A genbg n=6+15 e=31:31 d=4:0 D=7:3  class=187/200
>Z 856688 graphs generated in 100.29 sec
>F 856688 cores checked in 431.81 sec
>A genbg n=6+15 e=31:31 d=4:0 D=7:3  class=188/200
>Z 852822 graphs generated in 100.19 sec
>F 852822 cores checked in 443.17 sec
>A genbg n=6+15 e=31:31 d=4:0 D=7:3  class=189/200
>Z 861752 graphs generated in 100.12 sec
>F 861752 cores checked in 391.82 sec
>A genbg n=6+15 e=31:31 d=4:0 D=7:3  class=190/200
>Z 852036 graphs generated in 100.11 sec
>F 852036 cores checked in 399.62 sec
>A genbg n=6+15 e=31:31 d=4:0 D=7:3  class=191/200
>Z 850050 graphs generated in 100.16 sec
>F 850050 cores checked in 379.93 sec
>A genbg n=6+15 e=31:31 d=4:0 D=7:3  class=192/200
>Z 854071 graphs generated in 100.19 sec
>F 854071 cores checked in 421.84 sec
>A genbg n=6+15 e=31:31 d=4:0 D=7:3  class=193/200
>Z 852313 graphs generated in 99.91 sec
>F 852313 cores checked in 461.05 sec
>A genbg n=6+15 e=31:31 d=4:0 D=7:3  class=194/200
>Z 856658 graphs generated in 100.21 sec
>F 856658 cores checked in 414.47 sec
>A genbg n=6+15 e=31:31 d=4:0 D=7:3  class=195/200
>Z 854161 graphs generated in 99.95 sec
>F 854161 cores checked in 394.87 sec
>A genbg n=6+15 e=31:31 d=4:0 D=7:3  class=196/200
>Z 853473 graphs generated in 100.10 sec
>F 853473 cores checked in 418.08 sec
>A genbg n=6+15 e=31:31 d=4:0 D=7:3  class=197/200
>Z 857556 graphs generated in 99.98 sec
>F 857556 cores checked in 397.55 sec
>A genbg n=6+15 e=31:31 d=4:0 D=7:3  class=198/200
>Z 855019 graphs generated in 100.23 sec
>F 855019 cores checked in 402.00 sec
>A genbg n=6+15 e=31:31 d=4:0 D=7:3  class=199/200
>Z 855223 graphs generated in 100.00 sec
>F 855223 cores checked in 417.70 sec



=== Total number of graphs generated: 171028393
=== Total number of graphs checked: 171028393
=== Total time for generation: 20123.18 seconds
=== Total time for checking: 83640.80 seconds
=== Total number of exceptional graphs: 0

