=== Log file for genbg_-d4:0_-D5:3_7_14_32:32



>A genbg n=7+14 e=32:32 d=4:0 D=5:3  class=0/200
>Z 379665 graphs generated in 207.96 sec
>F 379665 cores checked in 350.82 sec
>A genbg n=7+14 e=32:32 d=4:0 D=5:3  class=1/200
>Z 380198 graphs generated in 208.23 sec
>F 380198 cores checked in 351.43 sec
>A genbg n=7+14 e=32:32 d=4:0 D=5:3  class=2/200
>Z 378919 graphs generated in 208.40 sec
>F 378919 cores checked in 349.62 sec
>A genbg n=7+14 e=32:32 d=4:0 D=5:3  class=3/200
>Z 377530 graphs generated in 208.60 sec
>F 377530 cores checked in 348.86 sec
>A genbg n=7+14 e=32:32 d=4:0 D=5:3  class=4/200
>Z 379992 graphs generated in 208.50 sec
>F 379992 cores checked in 351.13 sec
>A genbg n=7+14 e=32:32 d=4:0 D=5:3  class=5/200
>Z 379990 graphs generated in 207.87 sec
>F 379990 cores checked in 352.27 sec
>A genbg n=7+14 e=32:32 d=4:0 D=5:3  class=6/200
>Z 377529 graphs generated in 208.24 sec
>F 377529 cores checked in 348.45 sec
>A genbg n=7+14 e=32:32 d=4:0 D=5:3  class=7/200
>Z 378422 graphs generated in 207.61 sec
>F 378422 cores checked in 351.64 sec
>A genbg n=7+14 e=32:32 d=4:0 D=5:3  class=8/200
>Z 378159 graphs generated in 207.92 sec
>F 378159 cores checked in 349.81 sec
>A genbg n=7+14 e=32:32 d=4:0 D=5:3  class=9/200
>Z 379713 graphs generated in 207.78 sec
>F 379713 cores checked in 352.17 sec
>A genbg n=7+14 e=32:32 d=4:0 D=5:3  class=10/200
>Z 376769 graphs generated in 207.64 sec
>F 376769 cores checked in 347.98 sec
>A genbg n=7+14 e=32:32 d=4:0 D=5:3  class=11/200
>Z 380951 graphs generated in 207.90 sec
>F 380951 cores checked in 351.86 sec
>A genbg n=7+14 e=32:32 d=4:0 D=5:3  class=12/200
>Z 377921 graphs generated in 207.89 sec
>F 377921 cores checked in 350.30 sec
>A genbg n=7+14 e=32:32 d=4:0 D=5:3  class=13/200
>Z 379522 graphs generated in 207.53 sec
>F 379522 cores checked in 351.31 sec
>A genbg n=7+14 e=32:32 d=4:0 D=5:3  class=14/200
>Z 378551 graphs generated in 207.52 sec
>F 378551 cores checked in 350.96 sec
>A genbg n=7+14 e=32:32 d=4:0 D=5:3  class=15/200
>Z 378312 graphs generated in 207.26 sec
>F 378312 cores checked in 348.85 sec
>A genbg n=7+14 e=32:32 d=4:0 D=5:3  class=16/200
>Z 377340 graphs generated in 207.19 sec
>F 377340 cores checked in 347.92 sec
>A genbg n=7+14 e=32:32 d=4:0 D=5:3  class=17/200
>Z 376691 graphs generated in 207.17 sec
>F 376691 cores checked in 347.48 sec
>A genbg n=7+14 e=32:32 d=4:0 D=5:3  class=18/200
>Z 375396 graphs generated in 207.34 sec
>F 375396 cores checked in 348.20 sec
>A genbg n=7+14 e=32:32 d=4:0 D=5:3  class=19/200
>Z 376794 graphs generated in 207.12 sec
>F 376794 cores checked in 350.31 sec
>A genbg n=7+14 e=32:32 d=4:0 D=5:3  class=20/200
>Z 379041 graphs generated in 206.90 sec
>F 379041 cores checked in 351.61 sec
>A genbg n=7+14 e=32:32 d=4:0 D=5:3  class=21/200
>Z 379126 graphs generated in 206.63 sec
>F 379126 cores checked in 350.06 sec
>A genbg n=7+14 e=32:32 d=4:0 D=5:3  class=22/200
>Z 375426 graphs generated in 206.41 sec
>F 375426 cores checked in 348.82 sec
>A genbg n=7+14 e=32:32 d=4:0 D=5:3  class=23/200
>Z 379853 graphs generated in 206.52 sec
>F 379853 cores checked in 351.13 sec
>A genbg n=7+14 e=32:32 d=4:0 D=5:3  class=24/200
>Z 379121 graphs generated in 206.55 sec
>F 379121 cores checked in 351.42 sec
>A genbg n=7+14 e=32:32 d=4:0 D=5:3  class=25/200
>Z 379608 graphs generated in 206.92 sec
>F 379608 cores checked in 352.16 sec
>A genbg n=7+14 e=32:32 d=4:0 D=5:3  class=26/200
>Z 377359 graphs generated in 206.16 sec
>F 377359 cores checked in 348.96 sec
>A genbg n=7+14 e=32:32 d=4:0 D=5:3  class=27/200
>Z 379595 graphs generated in 206.39 sec
>F 379595 cores checked in 351.95 sec
>A genbg n=7+14 e=32:32 d=4:0 D=5:3  class=28/200
>Z 378226 graphs generated in 206.33 sec
>F 378226 cores checked in 350.85 sec
>A genbg n=7+14 e=32:32 d=4:0 D=5:3  class=29/200
>Z 378199 graphs generated in 206.07 sec
>F 378199 cores checked in 350.34 sec
>A genbg n=7+14 e=32:32 d=4:0 D=5:3  class=30/200
>Z 376948 graphs generated in 205.86 sec
>F 376948 cores checked in 349.71 sec
>A genbg n=7+14 e=32:32 d=4:0 D=5:3  class=31/200
>Z 376557 graphs generated in 205.74 sec
>F 376557 cores checked in 346.79 sec
>A genbg n=7+14 e=32:32 d=4:0 D=5:3  class=32/200
>Z 376490 graphs generated in 205.78 sec
>F 376490 cores checked in 349.51 sec
>A genbg n=7+14 e=32:32 d=4:0 D=5:3  class=33/200
>Z 377139 graphs generated in 206.23 sec
>F 377139 cores checked in 350.31 sec
>A genbg n=7+14 e=32:32 d=4:0 D=5:3  class=34/200
>Z 379776 graphs generated in 205.62 sec
>F 379776 cores checked in 352.41 sec
>A genbg n=7+14 e=32:32 d=4:0 D=5:3  class=35/200
>Z 380185 graphs generated in 205.51 sec
>F 380185 cores checked in 352.27 sec
>A genbg n=7+14 e=32:32 d=4:0 D=5:3  class=36/200
>Z 379325 graphs generated in 205.25 sec
>F 379325 cores checked in 353.12 sec
>A genbg n=7+14 e=32:32 d=4:0 D=5:3  class=37/200
>Z 381790 graphs generated in 207.89 sec
>F 381790 cores checked in 353.39 sec
>A genbg n=7+14 e=32:32 d=4:0 D=5:3  class=38/200
>Z 379727 graphs generated in 205.25 sec
>F 379727 cores checked in 352.05 sec
>A genbg n=7+14 e=32:32 d=4:0 D=5:3  class=39/200
>Z 381237 graphs generated in 205.04 sec
>F 381237 cores checked in 354.67 sec
>A genbg n=7+14 e=32:32 d=4:0 D=5:3  class=40/200
>Z 381154 graphs generated in 205.12 sec
>F 381154 cores checked in 353.73 sec
>A genbg n=7+14 e=32:32 d=4:0 D=5:3  class=41/200
>Z 382045 graphs generated in 205.44 sec
>F 382045 cores checked in 355.21 sec
>A genbg n=7+14 e=32:32 d=4:0 D=5:3  class=42/200
>Z 377776 graphs generated in 204.93 sec
>F 377776 cores checked in 353.07 sec
>A genbg n=7+14 e=32:32 d=4:0 D=5:3  class=43/200
>Z 377777 graphs generated in 205.11 sec
>F 377777 cores checked in 352.44 sec
>A genbg n=7+14 e=32:32 d=4:0 D=5:3  class=44/200
>Z 381612 graphs generated in 205.06 sec
>F 381612 cores checked in 355.49 sec
>A genbg n=7+14 e=32:32 d=4:0 D=5:3  class=45/200
>Z 379012 graphs generated in 205.15 sec
>F 379012 cores checked in 353.00 sec
>A genbg n=7+14 e=32:32 d=4:0 D=5:3  class=46/200
>Z 379793 graphs generated in 204.85 sec
>F 379793 cores checked in 352.96 sec
>A genbg n=7+14 e=32:32 d=4:0 D=5:3  class=47/200
>Z 376104 graphs generated in 205.11 sec
>F 376104 cores checked in 352.27 sec
>A genbg n=7+14 e=32:32 d=4:0 D=5:3  class=48/200
>Z 377487 graphs generated in 208.03 sec
>F 377487 cores checked in 351.81 sec
>A genbg n=7+14 e=32:32 d=4:0 D=5:3  class=49/200
>Z 381236 graphs generated in 204.93 sec
>F 381236 cores checked in 355.80 sec
>A genbg n=7+14 e=32:32 d=4:0 D=5:3  class=50/200
>Z 379526 graphs generated in 205.16 sec
>F 379526 cores checked in 353.53 sec
>A genbg n=7+14 e=32:32 d=4:0 D=5:3  class=51/200
>Z 380245 graphs generated in 205.52 sec
>F 380245 cores checked in 353.58 sec
>A genbg n=7+14 e=32:32 d=4:0 D=5:3  class=52/200
>Z 379534 graphs generated in 205.17 sec
>F 379534 cores checked in 351.73 sec
>A genbg n=7+14 e=32:32 d=4:0 D=5:3  class=53/200
>Z 376871 graphs generated in 205.08 sec
>F 376871 cores checked in 350.92 sec
>A genbg n=7+14 e=32:32 d=4:0 D=5:3  class=54/200
>Z 380678 graphs generated in 205.49 sec
>F 380678 cores checked in 353.49 sec
>A genbg n=7+14 e=32:32 d=4:0 D=5:3  class=55/200
>Z 381356 graphs generated in 205.17 sec
>F 381356 cores checked in 354.64 sec
>A genbg n=7+14 e=32:32 d=4:0 D=5:3  class=56/200
>Z 379613 graphs generated in 205.16 sec
>F 379613 cores checked in 352.52 sec
>A genbg n=7+14 e=32:32 d=4:0 D=5:3  class=57/200
>Z 377239 graphs generated in 205.00 sec
>F 377239 cores checked in 353.39 sec
>A genbg n=7+14 e=32:32 d=4:0 D=5:3  class=58/200
>Z 378452 graphs generated in 205.15 sec
>F 378452 cores checked in 352.38 sec
>A genbg n=7+14 e=32:32 d=4:0 D=5:3  class=59/200
>Z 380318 graphs generated in 205.06 sec
>F 380318 cores checked in 356.31 sec
>A genbg n=7+14 e=32:32 d=4:0 D=5:3  class=60/200
>Z 380504 graphs generated in 204.98 sec
>F 380504 cores checked in 354.76 sec
>A genbg n=7+14 e=32:32 d=4:0 D=5:3  class=61/200
>Z 381510 graphs generated in 204.85 sec
>F 381510 cores checked in 356.08 sec
>A genbg n=7+14 e=32:32 d=4:0 D=5:3  class=62/200
>Z 380007 graphs generated in 204.72 sec
>F 380007 cores checked in 352.27 sec
>A genbg n=7+14 e=32:32 d=4:0 D=5:3  class=63/200
>Z 378452 graphs generated in 204.74 sec
>F 378452 cores checked in 351.43 sec
>A genbg n=7+14 e=32:32 d=4:0 D=5:3  class=64/200
>Z 377545 graphs generated in 204.94 sec
>F 377545 cores checked in 351.71 sec
>A genbg n=7+14 e=32:32 d=4:0 D=5:3  class=65/200
>Z 379761 graphs generated in 204.93 sec
>F 379761 cores checked in 351.92 sec
>A genbg n=7+14 e=32:32 d=4:0 D=5:3  class=66/200
>Z 381163 graphs generated in 204.87 sec
>F 381163 cores checked in 356.10 sec
>A genbg n=7+14 e=32:32 d=4:0 D=5:3  class=67/200
>Z 378343 graphs generated in 204.53 sec
>F 378343 cores checked in 352.43 sec
>A genbg n=7+14 e=32:32 d=4:0 D=5:3  class=68/200
>Z 377723 graphs generated in 204.70 sec
>F 377723 cores checked in 351.97 sec
>A genbg n=7+14 e=32:32 d=4:0 D=5:3  class=69/200
>Z 379050 graphs generated in 204.87 sec
>F 379050 cores checked in 352.59 sec
>A genbg n=7+14 e=32:32 d=4:0 D=5:3  class=70/200
>Z 378925 graphs generated in 206.20 sec
>F 378925 cores checked in 351.62 sec
>A genbg n=7+14 e=32:32 d=4:0 D=5:3  class=71/200
>Z 380529 graphs generated in 204.97 sec
>F 380529 cores checked in 353.90 sec
>A genbg n=7+14 e=32:32 d=4:0 D=5:3  class=72/200
>Z 379868 graphs generated in 205.03 sec
>F 379868 cores checked in 354.92 sec
>A genbg n=7+14 e=32:32 d=4:0 D=5:3  class=73/200
>Z 380171 graphs generated in 204.66 sec
>F 380171 cores checked in 353.45 sec
>A genbg n=7+14 e=32:32 d=4:0 D=5:3  class=74/200
>Z 379924 graphs generated in 204.82 sec
>F 379924 cores checked in 352.68 sec
>A genbg n=7+14 e=32:32 d=4:0 D=5:3  class=75/200
>Z 380506 graphs generated in 204.87 sec
>F 380506 cores checked in 354.23 sec
>A genbg n=7+14 e=32:32 d=4:0 D=5:3  class=76/200
>Z 377873 graphs generated in 204.54 sec
>F 377873 cores checked in 352.22 sec
>A genbg n=7+14 e=32:32 d=4:0 D=5:3  class=77/200
>Z 378097 graphs generated in 204.42 sec
>F 378097 cores checked in 351.95 sec
>A genbg n=7+14 e=32:32 d=4:0 D=5:3  class=78/200
>Z 376546 graphs generated in 204.64 sec
>F 376546 cores checked in 351.70 sec
>A genbg n=7+14 e=32:32 d=4:0 D=5:3  class=79/200
>Z 378914 graphs generated in 204.59 sec
>F 378914 cores checked in 355.97 sec
>A genbg n=7+14 e=32:32 d=4:0 D=5:3  class=80/200
>Z 378375 graphs generated in 204.51 sec
>F 378375 cores checked in 353.15 sec
>A genbg n=7+14 e=32:32 d=4:0 D=5:3  class=81/200
>Z 376997 graphs generated in 204.85 sec
>F 376997 cores checked in 350.67 sec
>A genbg n=7+14 e=32:32 d=4:0 D=5:3  class=82/200
>Z 377469 graphs generated in 204.93 sec
>F 377469 cores checked in 350.89 sec
>A genbg n=7+14 e=32:32 d=4:0 D=5:3  class=83/200
>Z 377052 graphs generated in 204.63 sec
>F 377052 cores checked in 349.76 sec
>A genbg n=7+14 e=32:32 d=4:0 D=5:3  class=84/200
>Z 378190 graphs generated in 205.15 sec
>F 378190 cores checked in 352.41 sec
>A genbg n=7+14 e=32:32 d=4:0 D=5:3  class=85/200
>Z 377650 graphs generated in 205.75 sec
>F 377650 cores checked in 350.31 sec
>A genbg n=7+14 e=32:32 d=4:0 D=5:3  class=86/200
>Z 379056 graphs generated in 204.66 sec
>F 379056 cores checked in 354.47 sec
>A genbg n=7+14 e=32:32 d=4:0 D=5:3  class=87/200
>Z 379139 graphs generated in 205.17 sec
>F 379139 cores checked in 351.12 sec
>A genbg n=7+14 e=32:32 d=4:0 D=5:3  class=88/200
>Z 376264 graphs generated in 204.74 sec
>F 376264 cores checked in 349.77 sec
>A genbg n=7+14 e=32:32 d=4:0 D=5:3  class=89/200
>Z 378046 graphs generated in 205.18 sec
>F 378046 cores checked in 348.88 sec
>A genbg n=7+14 e=32:32 d=4:0 D=5:3  class=90/200
>Z 377131 graphs generated in 205.01 sec
>F 377131 cores checked in 348.86 sec
>A genbg n=7+14 e=32:32 d=4:0 D=5:3  class=91/200
>Z 378313 graphs generated in 205.37 sec
>F 378313 cores checked in 350.91 sec
>A genbg n=7+14 e=32:32 d=4:0 D=5:3  class=92/200
>Z 378680 graphs generated in 205.38 sec
>F 378680 cores checked in 351.66 sec
>A genbg n=7+14 e=32:32 d=4:0 D=5:3  class=93/200
>Z 378980 graphs generated in 205.20 sec
>F 378980 cores checked in 353.07 sec
>A genbg n=7+14 e=32:32 d=4:0 D=5:3  class=94/200
>Z 381252 graphs generated in 205.20 sec
>F 381252 cores checked in 354.26 sec
>A genbg n=7+14 e=32:32 d=4:0 D=5:3  class=95/200
>Z 381218 graphs generated in 205.03 sec
>F 381218 cores checked in 354.73 sec
>A genbg n=7+14 e=32:32 d=4:0 D=5:3  class=96/200
>Z 380200 graphs generated in 205.16 sec
>F 380200 cores checked in 353.01 sec
>A genbg n=7+14 e=32:32 d=4:0 D=5:3  class=97/200
>Z 378691 graphs generated in 205.36 sec
>F 378691 cores checked in 350.58 sec
>A genbg n=7+14 e=32:32 d=4:0 D=5:3  class=98/200
>Z 377126 graphs generated in 205.42 sec
>F 377126 cores checked in 349.80 sec
>A genbg n=7+14 e=32:32 d=4:0 D=5:3  class=99/200
>Z 379029 graphs generated in 204.63 sec
>F 379029 cores checked in 353.92 sec
>A genbg n=7+14 e=32:32 d=4:0 D=5:3  class=100/200
>Z 377633 graphs generated in 204.59 sec
>F 377633 cores checked in 349.99 sec
>A genbg n=7+14 e=32:32 d=4:0 D=5:3  class=101/200
>Z 379575 graphs generated in 205.12 sec
>F 379575 cores checked in 352.98 sec
>A genbg n=7+14 e=32:32 d=4:0 D=5:3  class=102/200
>Z 378642 graphs generated in 204.99 sec
>F 378642 cores checked in 351.91 sec
>A genbg n=7+14 e=32:32 d=4:0 D=5:3  class=103/200
>Z 376295 graphs generated in 204.74 sec
>F 376295 cores checked in 350.06 sec
>A genbg n=7+14 e=32:32 d=4:0 D=5:3  class=104/200
>Z 378649 graphs generated in 205.28 sec
>F 378649 cores checked in 351.53 sec
>A genbg n=7+14 e=32:32 d=4:0 D=5:3  class=105/200
>Z 378144 graphs generated in 205.03 sec
>F 378144 cores checked in 350.66 sec
>A genbg n=7+14 e=32:32 d=4:0 D=5:3  class=106/200
>Z 380161 graphs generated in 205.17 sec
>F 380161 cores checked in 351.87 sec
>A genbg n=7+14 e=32:32 d=4:0 D=5:3  class=107/200
>Z 377632 graphs generated in 204.97 sec
>F 377632 cores checked in 349.19 sec
>A genbg n=7+14 e=32:32 d=4:0 D=5:3  class=108/200
>Z 377932 graphs generated in 204.71 sec
>F 377932 cores checked in 352.69 sec
>A genbg n=7+14 e=32:32 d=4:0 D=5:3  class=109/200
>Z 377669 graphs generated in 206.17 sec
>F 377669 cores checked in 352.32 sec
>A genbg n=7+14 e=32:32 d=4:0 D=5:3  class=110/200
>Z 378738 graphs generated in 205.20 sec
>F 378738 cores checked in 352.05 sec
>A genbg n=7+14 e=32:32 d=4:0 D=5:3  class=111/200
>Z 377742 graphs generated in 204.98 sec
>F 377742 cores checked in 352.87 sec
>A genbg n=7+14 e=32:32 d=4:0 D=5:3  class=112/200
>Z 380542 graphs generated in 204.93 sec
>F 380542 cores checked in 351.91 sec
>A genbg n=7+14 e=32:32 d=4:0 D=5:3  class=113/200
>Z 378717 graphs generated in 204.95 sec
>F 378717 cores checked in 351.36 sec
>A genbg n=7+14 e=32:32 d=4:0 D=5:3  class=114/200
>Z 379656 graphs generated in 204.82 sec
>F 379656 cores checked in 353.27 sec
>A genbg n=7+14 e=32:32 d=4:0 D=5:3  class=115/200
>Z 380508 graphs generated in 204.58 sec
>F 380508 cores checked in 354.29 sec
>A genbg n=7+14 e=32:32 d=4:0 D=5:3  class=116/200
>Z 379453 graphs generated in 205.15 sec
>F 379453 cores checked in 352.38 sec
>A genbg n=7+14 e=32:32 d=4:0 D=5:3  class=117/200
>Z 378906 graphs generated in 204.86 sec
>F 378906 cores checked in 351.83 sec
>A genbg n=7+14 e=32:32 d=4:0 D=5:3  class=118/200
>Z 378050 graphs generated in 204.63 sec
>F 378050 cores checked in 350.81 sec
>A genbg n=7+14 e=32:32 d=4:0 D=5:3  class=119/200
>Z 378682 graphs generated in 204.70 sec
>F 378682 cores checked in 352.16 sec
>A genbg n=7+14 e=32:32 d=4:0 D=5:3  class=120/200
>Z 376469 graphs generated in 204.65 sec
>F 376469 cores checked in 349.00 sec
>A genbg n=7+14 e=32:32 d=4:0 D=5:3  class=121/200
>Z 378159 graphs generated in 204.87 sec
>F 378159 cores checked in 350.81 sec
>A genbg n=7+14 e=32:32 d=4:0 D=5:3  class=122/200
>Z 378166 graphs generated in 204.70 sec
>F 378166 cores checked in 351.55 sec
>A genbg n=7+14 e=32:32 d=4:0 D=5:3  class=123/200
>Z 378815 graphs generated in 205.62 sec
>F 378815 cores checked in 353.76 sec
>A genbg n=7+14 e=32:32 d=4:0 D=5:3  class=124/200
>Z 379805 graphs generated in 204.70 sec
>F 379805 cores checked in 352.97 sec
>A genbg n=7+14 e=32:32 d=4:0 D=5:3  class=125/200
>Z 379416 graphs generated in 204.88 sec
>F 379416 cores checked in 350.45 sec
>A genbg n=7+14 e=32:32 d=4:0 D=5:3  class=126/200
>Z 378398 graphs generated in 204.72 sec
>F 378398 cores checked in 351.06 sec
>A genbg n=7+14 e=32:32 d=4:0 D=5:3  class=127/200
>Z 378679 graphs generated in 204.86 sec
>F 378679 cores checked in 353.55 sec
>A genbg n=7+14 e=32:32 d=4:0 D=5:3  class=128/200
>Z 379989 graphs generated in 205.05 sec
>F 379989 cores checked in 357.61 sec
>A genbg n=7+14 e=32:32 d=4:0 D=5:3  class=129/200
>Z 378610 graphs generated in 205.49 sec
>F 378610 cores checked in 356.58 sec
>A genbg n=7+14 e=32:32 d=4:0 D=5:3  class=130/200
>Z 376553 graphs generated in 204.78 sec
>F 376553 cores checked in 350.28 sec
>A genbg n=7+14 e=32:32 d=4:0 D=5:3  class=131/200
>Z 380236 graphs generated in 204.98 sec
>F 380236 cores checked in 353.49 sec
>A genbg n=7+14 e=32:32 d=4:0 D=5:3  class=132/200
>Z 378749 graphs generated in 205.32 sec
>F 378749 cores checked in 352.59 sec
>A genbg n=7+14 e=32:32 d=4:0 D=5:3  class=133/200
>Z 376848 graphs generated in 204.90 sec
>F 376848 cores checked in 350.94 sec
>A genbg n=7+14 e=32:32 d=4:0 D=5:3  class=134/200
>Z 378574 graphs generated in 204.53 sec
>F 378574 cores checked in 350.49 sec
>A genbg n=7+14 e=32:32 d=4:0 D=5:3  class=135/200
>Z 377632 graphs generated in 204.81 sec
>F 377632 cores checked in 350.72 sec
>A genbg n=7+14 e=32:32 d=4:0 D=5:3  class=136/200
>Z 377949 graphs generated in 206.85 sec
>F 377949 cores checked in 350.18 sec
>A genbg n=7+14 e=32:32 d=4:0 D=5:3  class=137/200
>Z 378365 graphs generated in 205.04 sec
>F 378365 cores checked in 351.56 sec
>A genbg n=7+14 e=32:32 d=4:0 D=5:3  class=138/200
>Z 377074 graphs generated in 204.86 sec
>F 377074 cores checked in 351.12 sec
>A genbg n=7+14 e=32:32 d=4:0 D=5:3  class=139/200
>Z 376173 graphs generated in 205.21 sec
>F 376173 cores checked in 350.57 sec
>A genbg n=7+14 e=32:32 d=4:0 D=5:3  class=140/200
>Z 376957 graphs generated in 204.89 sec
>F 376957 cores checked in 351.06 sec
>A genbg n=7+14 e=32:32 d=4:0 D=5:3  class=141/200
>Z 378095 graphs generated in 205.23 sec
>F 378095 cores checked in 351.51 sec
>A genbg n=7+14 e=32:32 d=4:0 D=5:3  class=142/200
>Z 377487 graphs generated in 205.00 sec
>F 377487 cores checked in 350.38 sec
>A genbg n=7+14 e=32:32 d=4:0 D=5:3  class=143/200
>Z 379708 graphs generated in 204.97 sec
>F 379708 cores checked in 352.11 sec
>A genbg n=7+14 e=32:32 d=4:0 D=5:3  class=144/200
>Z 380252 graphs generated in 205.06 sec
>F 380252 cores checked in 352.01 sec
>A genbg n=7+14 e=32:32 d=4:0 D=5:3  class=145/200
>Z 379700 graphs generated in 205.26 sec
>F 379700 cores checked in 353.86 sec
>A genbg n=7+14 e=32:32 d=4:0 D=5:3  class=146/200
>Z 380527 graphs generated in 205.07 sec
>F 380527 cores checked in 354.48 sec
>A genbg n=7+14 e=32:32 d=4:0 D=5:3  class=147/200
>Z 380676 graphs generated in 204.89 sec
>F 380676 cores checked in 352.82 sec
>A genbg n=7+14 e=32:32 d=4:0 D=5:3  class=148/200
>Z 378805 graphs generated in 204.74 sec
>F 378805 cores checked in 352.49 sec
>A genbg n=7+14 e=32:32 d=4:0 D=5:3  class=149/200
>Z 379605 graphs generated in 205.03 sec
>F 379605 cores checked in 352.82 sec
>A genbg n=7+14 e=32:32 d=4:0 D=5:3  class=150/200
>Z 377009 graphs generated in 204.55 sec
>F 377009 cores checked in 351.52 sec
>A genbg n=7+14 e=32:32 d=4:0 D=5:3  class=151/200
>Z 378663 graphs generated in 204.48 sec
>F 378663 cores checked in 352.88 sec
>A genbg n=7+14 e=32:32 d=4:0 D=5:3  class=152/200
>Z 377691 graphs generated in 204.59 sec
>F 377691 cores checked in 350.70 sec
>A genbg n=7+14 e=32:32 d=4:0 D=5:3  class=153/200
>Z 379375 graphs generated in 206.38 sec
>F 379375 cores checked in 354.01 sec
>A genbg n=7+14 e=32:32 d=4:0 D=5:3  class=154/200
>Z 380045 graphs generated in 204.63 sec
>F 380045 cores checked in 353.65 sec
>A genbg n=7+14 e=32:32 d=4:0 D=5:3  class=155/200
>Z 379534 graphs generated in 204.43 sec
>F 379534 cores checked in 352.73 sec
>A genbg n=7+14 e=32:32 d=4:0 D=5:3  class=156/200
>Z 376690 graphs generated in 204.84 sec
>F 376690 cores checked in 351.99 sec
>A genbg n=7+14 e=32:32 d=4:0 D=5:3  class=157/200
>Z 378650 graphs generated in 204.79 sec
>F 378650 cores checked in 353.88 sec
>A genbg n=7+14 e=32:32 d=4:0 D=5:3  class=158/200
>Z 378096 graphs generated in 204.80 sec
>F 378096 cores checked in 351.27 sec
>A genbg n=7+14 e=32:32 d=4:0 D=5:3  class=159/200
>Z 376957 graphs generated in 204.51 sec
>F 376957 cores checked in 350.71 sec
>A genbg n=7+14 e=32:32 d=4:0 D=5:3  class=160/200
>Z 377549 graphs generated in 204.60 sec
>F 377549 cores checked in 350.86 sec
>A genbg n=7+14 e=32:32 d=4:0 D=5:3  class=161/200
>Z 378794 graphs generated in 204.78 sec
>F 378794 cores checked in 352.70 sec
>A genbg n=7+14 e=32:32 d=4:0 D=5:3  class=162/200
>Z 379595 graphs generated in 206.33 sec
>F 379595 cores checked in 353.15 sec
>A genbg n=7+14 e=32:32 d=4:0 D=5:3  class=163/200
>Z 379744 graphs generated in 204.55 sec
>F 379744 cores checked in 352.17 sec
>A genbg n=7+14 e=32:32 d=4:0 D=5:3  class=164/200
>Z 377654 graphs generated in 204.86 sec
>F 377654 cores checked in 351.08 sec
>A genbg n=7+14 e=32:32 d=4:0 D=5:3  class=165/200
>Z 379697 graphs generated in 204.66 sec
>F 379697 cores checked in 353.67 sec
>A genbg n=7+14 e=32:32 d=4:0 D=5:3  class=166/200
>Z 377353 graphs generated in 204.59 sec
>F 377353 cores checked in 352.84 sec
>A genbg n=7+14 e=32:32 d=4:0 D=5:3  class=167/200
>Z 381315 graphs generated in 204.60 sec
>F 381315 cores checked in 355.29 sec
>A genbg n=7+14 e=32:32 d=4:0 D=5:3  class=168/200
>Z 378047 graphs generated in 204.75 sec
>F 378047 cores checked in 352.89 sec
>A genbg n=7+14 e=32:32 d=4:0 D=5:3  class=169/200
>Z 378968 graphs generated in 205.11 sec
>F 378968 cores checked in 353.28 sec
>A genbg n=7+14 e=32:32 d=4:0 D=5:3  class=170/200
>Z 380139 graphs generated in 204.89 sec
>F 380139 cores checked in 353.74 sec
>A genbg n=7+14 e=32:32 d=4:0 D=5:3  class=171/200
>Z 376612 graphs generated in 204.82 sec
>F 376612 cores checked in 350.40 sec
>A genbg n=7+14 e=32:32 d=4:0 D=5:3  class=172/200
>Z 377438 graphs generated in 205.04 sec
>F 377438 cores checked in 351.83 sec
>A genbg n=7+14 e=32:32 d=4:0 D=5:3  class=173/200
>Z 378226 graphs generated in 205.10 sec
>F 378226 cores checked in 351.11 sec
>A genbg n=7+14 e=32:32 d=4:0 D=5:3  class=174/200
>Z 377463 graphs generated in 204.91 sec
>F 377463 cores checked in 349.61 sec
>A genbg n=7+14 e=32:32 d=4:0 D=5:3  class=175/200
>Z 377446 graphs generated in 204.95 sec
>F 377446 cores checked in 350.74 sec
>A genbg n=7+14 e=32:32 d=4:0 D=5:3  class=176/200
>Z 377074 graphs generated in 204.81 sec
>F 377074 cores checked in 352.02 sec
>A genbg n=7+14 e=32:32 d=4:0 D=5:3  class=177/200
>Z 378817 graphs generated in 205.13 sec
>F 378817 cores checked in 353.23 sec
>A genbg n=7+14 e=32:32 d=4:0 D=5:3  class=178/200
>Z 377405 graphs generated in 204.89 sec
>F 377405 cores checked in 353.18 sec
>A genbg n=7+14 e=32:32 d=4:0 D=5:3  class=179/200
>Z 378460 graphs generated in 205.05 sec
>F 378460 cores checked in 352.73 sec
>A genbg n=7+14 e=32:32 d=4:0 D=5:3  class=180/200
>Z 379710 graphs generated in 205.09 sec
>F 379710 cores checked in 351.92 sec
>A genbg n=7+14 e=32:32 d=4:0 D=5:3  class=181/200
>Z 381261 graphs generated in 205.22 sec
>F 381261 cores checked in 354.67 sec
>A genbg n=7+14 e=32:32 d=4:0 D=5:3  class=182/200
>Z 379096 graphs generated in 205.14 sec
>F 379096 cores checked in 352.77 sec
>A genbg n=7+14 e=32:32 d=4:0 D=5:3  class=183/200
>Z 381766 graphs generated in 205.19 sec
>F 381766 cores checked in 356.12 sec
>A genbg n=7+14 e=32:32 d=4:0 D=5:3  class=184/200
>Z 378800 graphs generated in 205.22 sec
>F 378800 cores checked in 352.24 sec
>A genbg n=7+14 e=32:32 d=4:0 D=5:3  class=185/200
>Z 379501 graphs generated in 204.91 sec
>F 379501 cores checked in 354.52 sec
>A genbg n=7+14 e=32:32 d=4:0 D=5:3  class=186/200
>Z 380320 graphs generated in 204.70 sec
>F 380320 cores checked in 353.94 sec
>A genbg n=7+14 e=32:32 d=4:0 D=5:3  class=187/200
>Z 381970 graphs generated in 204.90 sec
>F 381970 cores checked in 354.79 sec
>A genbg n=7+14 e=32:32 d=4:0 D=5:3  class=188/200
>Z 380946 graphs generated in 204.80 sec
>F 380946 cores checked in 356.56 sec
>A genbg n=7+14 e=32:32 d=4:0 D=5:3  class=189/200
>Z 380816 graphs generated in 204.80 sec
>F 380816 cores checked in 354.52 sec
>A genbg n=7+14 e=32:32 d=4:0 D=5:3  class=190/200
>Z 381355 graphs generated in 205.36 sec
>F 381355 cores checked in 354.96 sec
>A genbg n=7+14 e=32:32 d=4:0 D=5:3  class=191/200
>Z 377138 graphs generated in 204.98 sec
>F 377138 cores checked in 350.35 sec
>A genbg n=7+14 e=32:32 d=4:0 D=5:3  class=192/200
>Z 380273 graphs generated in 204.94 sec
>F 380273 cores checked in 352.98 sec
>A genbg n=7+14 e=32:32 d=4:0 D=5:3  class=193/200
>Z 379859 graphs generated in 205.17 sec
>F 379859 cores checked in 353.74 sec
>A genbg n=7+14 e=32:32 d=4:0 D=5:3  class=194/200
>Z 379395 graphs generated in 204.96 sec
>F 379395 cores checked in 354.88 sec
>A genbg n=7+14 e=32:32 d=4:0 D=5:3  class=195/200
>Z 380117 graphs generated in 204.79 sec
>F 380117 cores checked in 353.92 sec
>A genbg n=7+14 e=32:32 d=4:0 D=5:3  class=196/200
>Z 377820 graphs generated in 204.72 sec
>F 377820 cores checked in 352.80 sec
>A genbg n=7+14 e=32:32 d=4:0 D=5:3  class=197/200
>Z 379559 graphs generated in 205.12 sec
>F 379559 cores checked in 352.06 sec
>A genbg n=7+14 e=32:32 d=4:0 D=5:3  class=198/200
>Z 378972 graphs generated in 204.96 sec
>F 378972 cores checked in 352.24 sec
>A genbg n=7+14 e=32:32 d=4:0 D=5:3  class=199/200
>Z 379945 graphs generated in 204.80 sec
>F 379945 cores checked in 353.95 sec



=== Total number of graphs generated: 75764111
=== Total number of graphs checked: 75764111
=== Total time for generation: 41079.33 seconds
=== Total time for checking: 70430.04 seconds
=== Total number of exceptional graphs: 0

