=== Log file for genbg_-d4:0_-D9:3_4_17_27:27



>A genbg n=4+17 e=27:27 d=4:0 D=9:3  class=0/200
>Z 1001 graphs generated in 2.00 sec
>F 1001 cores checked in 4257.36 sec
>A genbg n=4+17 e=27:27 d=4:0 D=9:3  class=1/200
>Z 1101 graphs generated in 1.98 sec
>F 1101 cores checked in 2051.72 sec
>A genbg n=4+17 e=27:27 d=4:0 D=9:3  class=2/200
>Z 997 graphs generated in 1.87 sec
>F 997 cores checked in 4350.04 sec
>A genbg n=4+17 e=27:27 d=4:0 D=9:3  class=3/200
>Z 1088 graphs generated in 1.99 sec
>F 1088 cores checked in 6697.18 sec
>A genbg n=4+17 e=27:27 d=4:0 D=9:3  class=4/200
>Z 1108 graphs generated in 2.01 sec
>F 1108 cores checked in 1521.64 sec
>A genbg n=4+17 e=27:27 d=4:0 D=9:3  class=5/200
>Z 968 graphs generated in 2.01 sec
>F 968 cores checked in 0.39 sec
>A genbg n=4+17 e=27:27 d=4:0 D=9:3  class=6/200
>Z 987 graphs generated in 1.99 sec
>F 987 cores checked in 16481.97 sec
>A genbg n=4+17 e=27:27 d=4:0 D=9:3  class=7/200
>Z 1114 graphs generated in 1.95 sec
>F 1114 cores checked in 6565.59 sec
>A genbg n=4+17 e=27:27 d=4:0 D=9:3  class=8/200
>Z 1000 graphs generated in 2.00 sec
>F 1000 cores checked in 719.10 sec
>A genbg n=4+17 e=27:27 d=4:0 D=9:3  class=9/200
>Z 1139 graphs generated in 1.98 sec
>F 1139 cores checked in 897.09 sec
>A genbg n=4+17 e=27:27 d=4:0 D=9:3  class=10/200
>Z 1105 graphs generated in 2.02 sec
>F 1105 cores checked in 3447.95 sec
>A genbg n=4+17 e=27:27 d=4:0 D=9:3  class=11/200
>Z 1133 graphs generated in 1.99 sec
>F 1133 cores checked in 3273.22 sec
>A genbg n=4+17 e=27:27 d=4:0 D=9:3  class=12/200
>Z 1120 graphs generated in 1.80 sec
>F 1120 cores checked in 7555.96 sec
>A genbg n=4+17 e=27:27 d=4:0 D=9:3  class=13/200
>Z 1074 graphs generated in 1.98 sec
>F 1074 cores checked in 20341.11 sec
>A genbg n=4+17 e=27:27 d=4:0 D=9:3  class=14/200
>Z 1098 graphs generated in 1.98 sec
>F 1098 cores checked in 722.38 sec
>A genbg n=4+17 e=27:27 d=4:0 D=9:3  class=15/200
>Z 1106 graphs generated in 2.11 sec
>F 1106 cores checked in 8495.77 sec
>A genbg n=4+17 e=27:27 d=4:0 D=9:3  class=16/200
>Z 1123 graphs generated in 2.00 sec
>F 1123 cores checked in 644.22 sec
>A genbg n=4+17 e=27:27 d=4:0 D=9:3  class=17/200
>Z 1102 graphs generated in 1.99 sec
>F 1102 cores checked in 4451.43 sec
>A genbg n=4+17 e=27:27 d=4:0 D=9:3  class=18/200
>Z 1077 graphs generated in 2.01 sec
>F 1077 cores checked in 3476.01 sec
>A genbg n=4+17 e=27:27 d=4:0 D=9:3  class=19/200
>Z 982 graphs generated in 1.98 sec
>F 982 cores checked in 2688.25 sec
>A genbg n=4+17 e=27:27 d=4:0 D=9:3  class=20/200
>Z 1190 graphs generated in 1.99 sec
>F 1190 cores checked in 5764.60 sec
>A genbg n=4+17 e=27:27 d=4:0 D=9:3  class=21/200
>Z 1142 graphs generated in 2.00 sec
>F 1142 cores checked in 1033.00 sec
>A genbg n=4+17 e=27:27 d=4:0 D=9:3  class=22/200
>Z 1083 graphs generated in 1.98 sec
>F 1083 cores checked in 2662.06 sec
>A genbg n=4+17 e=27:27 d=4:0 D=9:3  class=23/200
>Z 1162 graphs generated in 2.00 sec
>F 1162 cores checked in 565.32 sec
>A genbg n=4+17 e=27:27 d=4:0 D=9:3  class=24/200
>Z 1154 graphs generated in 2.00 sec
>F 1154 cores checked in 13.46 sec
>A genbg n=4+17 e=27:27 d=4:0 D=9:3  class=25/200
>Z 1170 graphs generated in 1.98 sec
>F 1170 cores checked in 366.37 sec
>A genbg n=4+17 e=27:27 d=4:0 D=9:3  class=26/200
>Z 1087 graphs generated in 1.99 sec
>F 1087 cores checked in 671.99 sec
>A genbg n=4+17 e=27:27 d=4:0 D=9:3  class=27/200
>Z 1052 graphs generated in 1.99 sec
>F 1052 cores checked in 615.74 sec
>A genbg n=4+17 e=27:27 d=4:0 D=9:3  class=28/200
>Z 1229 graphs generated in 1.98 sec
>F 1229 cores checked in 7259.47 sec
>A genbg n=4+17 e=27:27 d=4:0 D=9:3  class=29/200
>Z 1169 graphs generated in 1.98 sec
>F 1169 cores checked in 7121.69 sec
>A genbg n=4+17 e=27:27 d=4:0 D=9:3  class=30/200
>Z 975 graphs generated in 1.99 sec
>F 975 cores checked in 295.50 sec
>A genbg n=4+17 e=27:27 d=4:0 D=9:3  class=31/200
>Z 1048 graphs generated in 1.99 sec
>F 1048 cores checked in 277.37 sec
>A genbg n=4+17 e=27:27 d=4:0 D=9:3  class=32/200
>Z 1157 graphs generated in 1.99 sec
>F 1157 cores checked in 1199.68 sec
>A genbg n=4+17 e=27:27 d=4:0 D=9:3  class=33/200
>Z 1215 graphs generated in 2.00 sec
>F 1215 cores checked in 2971.75 sec
>A genbg n=4+17 e=27:27 d=4:0 D=9:3  class=34/200
>Z 1179 graphs generated in 1.99 sec
>F 1179 cores checked in 4709.41 sec
>A genbg n=4+17 e=27:27 d=4:0 D=9:3  class=35/200
>Z 1170 graphs generated in 1.99 sec
>F 1170 cores checked in 4670.22 sec
>A genbg n=4+17 e=27:27 d=4:0 D=9:3  class=36/200
>Z 1013 graphs generated in 1.98 sec
>F 1013 cores checked in 568.19 sec
>A genbg n=4+17 e=27:27 d=4:0 D=9:3  class=37/200
>Z 1057 graphs generated in 1.99 sec
>F 1057 cores checked in 17687.17 sec
>A genbg n=4+17 e=27:27 d=4:0 D=9:3  class=38/200
>Z 1176 graphs generated in 1.99 sec
>F 1176 cores checked in 11566.52 sec
>A genbg n=4+17 e=27:27 d=4:0 D=9:3  class=39/200
>Z 1140 graphs generated in 2.00 sec
>F 1140 cores checked in 680.98 sec
>A genbg n=4+17 e=27:27 d=4:0 D=9:3  class=40/200
>Z 1132 graphs generated in 1.99 sec
>F 1132 cores checked in 209.15 sec
>A genbg n=4+17 e=27:27 d=4:0 D=9:3  class=41/200
>Z 1086 graphs generated in 1.98 sec
>F 1086 cores checked in 311.95 sec
>A genbg n=4+17 e=27:27 d=4:0 D=9:3  class=42/200
>Z 1076 graphs generated in 1.99 sec
>F 1076 cores checked in 473.11 sec
>A genbg n=4+17 e=27:27 d=4:0 D=9:3  class=43/200
>Z 1030 graphs generated in 1.99 sec
>F 1030 cores checked in 5011.71 sec
>A genbg n=4+17 e=27:27 d=4:0 D=9:3  class=44/200
>Z 1046 graphs generated in 1.99 sec
>F 1046 cores checked in 7905.65 sec
>A genbg n=4+17 e=27:27 d=4:0 D=9:3  class=45/200
>Z 1068 graphs generated in 1.99 sec
>F 1068 cores checked in 11169.57 sec
>A genbg n=4+17 e=27:27 d=4:0 D=9:3  class=46/200
>Z 1121 graphs generated in 2.00 sec
>F 1121 cores checked in 20.65 sec
>A genbg n=4+17 e=27:27 d=4:0 D=9:3  class=47/200
>Z 1101 graphs generated in 2.09 sec
>F 1101 cores checked in 376.05 sec
>A genbg n=4+17 e=27:27 d=4:0 D=9:3  class=48/200
>Z 1009 graphs generated in 1.98 sec
>F 1009 cores checked in 70.35 sec
>A genbg n=4+17 e=27:27 d=4:0 D=9:3  class=49/200
>Z 1086 graphs generated in 1.99 sec
>F 1086 cores checked in 1921.13 sec
>A genbg n=4+17 e=27:27 d=4:0 D=9:3  class=50/200
>Z 1087 graphs generated in 1.98 sec
>F 1087 cores checked in 5075.77 sec
>A genbg n=4+17 e=27:27 d=4:0 D=9:3  class=51/200
>Z 1067 graphs generated in 1.99 sec
>F 1067 cores checked in 5119.37 sec
>A genbg n=4+17 e=27:27 d=4:0 D=9:3  class=52/200
>Z 1203 graphs generated in 1.99 sec
>F 1203 cores checked in 19175.47 sec
>A genbg n=4+17 e=27:27 d=4:0 D=9:3  class=53/200
>Z 1119 graphs generated in 2.00 sec
>F 1119 cores checked in 1601.20 sec
>A genbg n=4+17 e=27:27 d=4:0 D=9:3  class=54/200
>Z 1066 graphs generated in 1.96 sec
>F 1066 cores checked in 565.47 sec
>A genbg n=4+17 e=27:27 d=4:0 D=9:3  class=55/200
>Z 1066 graphs generated in 2.05 sec
>F 1066 cores checked in 2178.19 sec
>A genbg n=4+17 e=27:27 d=4:0 D=9:3  class=56/200
>Z 1027 graphs generated in 1.99 sec
>F 1027 cores checked in 2584.28 sec
>A genbg n=4+17 e=27:27 d=4:0 D=9:3  class=57/200
>Z 1134 graphs generated in 1.98 sec
>F 1134 cores checked in 5694.43 sec
>A genbg n=4+17 e=27:27 d=4:0 D=9:3  class=58/200
>Z 1206 graphs generated in 2.01 sec
>F 1206 cores checked in 6825.90 sec
>A genbg n=4+17 e=27:27 d=4:0 D=9:3  class=59/200
>Z 1163 graphs generated in 1.99 sec
>F 1163 cores checked in 9543.87 sec
>A genbg n=4+17 e=27:27 d=4:0 D=9:3  class=60/200
>Z 1090 graphs generated in 1.99 sec
>F 1090 cores checked in 3697.55 sec
>A genbg n=4+17 e=27:27 d=4:0 D=9:3  class=61/200
>Z 1109 graphs generated in 1.98 sec
>F 1109 cores checked in 1731.24 sec
>A genbg n=4+17 e=27:27 d=4:0 D=9:3  class=62/200
>Z 1013 graphs generated in 1.98 sec
>F 1013 cores checked in 545.94 sec
>A genbg n=4+17 e=27:27 d=4:0 D=9:3  class=63/200
>Z 1069 graphs generated in 1.99 sec
>F 1069 cores checked in 166.42 sec
>A genbg n=4+17 e=27:27 d=4:0 D=9:3  class=64/200
>Z 1015 graphs generated in 1.99 sec
>F 1015 cores checked in 771.62 sec
>A genbg n=4+17 e=27:27 d=4:0 D=9:3  class=65/200
>Z 1069 graphs generated in 1.99 sec
>F 1069 cores checked in 2790.89 sec
>A genbg n=4+17 e=27:27 d=4:0 D=9:3  class=66/200
>Z 1116 graphs generated in 1.98 sec
>F 1116 cores checked in 0.46 sec
>A genbg n=4+17 e=27:27 d=4:0 D=9:3  class=67/200
>Z 1100 graphs generated in 1.98 sec
>F 1100 cores checked in 12176.20 sec
>A genbg n=4+17 e=27:27 d=4:0 D=9:3  class=68/200
>Z 1065 graphs generated in 1.97 sec
>F 1065 cores checked in 676.99 sec
>A genbg n=4+17 e=27:27 d=4:0 D=9:3  class=69/200
>Z 1087 graphs generated in 2.00 sec
>F 1087 cores checked in 1958.49 sec
>A genbg n=4+17 e=27:27 d=4:0 D=9:3  class=70/200
>Z 1119 graphs generated in 1.98 sec
>F 1119 cores checked in 907.85 sec
>A genbg n=4+17 e=27:27 d=4:0 D=9:3  class=71/200
>Z 1067 graphs generated in 1.99 sec
>F 1067 cores checked in 2560.47 sec
>A genbg n=4+17 e=27:27 d=4:0 D=9:3  class=72/200
>Z 993 graphs generated in 1.99 sec
>F 993 cores checked in 3490.54 sec
>A genbg n=4+17 e=27:27 d=4:0 D=9:3  class=73/200
>Z 1191 graphs generated in 1.99 sec
>F 1191 cores checked in 13596.66 sec
>A genbg n=4+17 e=27:27 d=4:0 D=9:3  class=74/200
>Z 1127 graphs generated in 1.99 sec
>F 1127 cores checked in 597.69 sec
>A genbg n=4+17 e=27:27 d=4:0 D=9:3  class=75/200
>Z 1029 graphs generated in 1.98 sec
>F 1029 cores checked in 6676.17 sec
>A genbg n=4+17 e=27:27 d=4:0 D=9:3  class=76/200
>Z 1100 graphs generated in 1.99 sec
>F 1100 cores checked in 1501.36 sec
>A genbg n=4+17 e=27:27 d=4:0 D=9:3  class=77/200
>Z 1081 graphs generated in 2.00 sec
>F 1081 cores checked in 730.37 sec
>A genbg n=4+17 e=27:27 d=4:0 D=9:3  class=78/200
>Z 1067 graphs generated in 1.99 sec
>F 1067 cores checked in 173.95 sec
>A genbg n=4+17 e=27:27 d=4:0 D=9:3  class=79/200
>Z 1160 graphs generated in 1.99 sec
>F 1160 cores checked in 2370.80 sec
>A genbg n=4+17 e=27:27 d=4:0 D=9:3  class=80/200
>Z 1121 graphs generated in 1.97 sec
>F 1121 cores checked in 708.09 sec
>A genbg n=4+17 e=27:27 d=4:0 D=9:3  class=81/200
>Z 1069 graphs generated in 1.99 sec
>F 1069 cores checked in 684.77 sec
>A genbg n=4+17 e=27:27 d=4:0 D=9:3  class=82/200
>Z 1027 graphs generated in 1.98 sec
>F 1027 cores checked in 6201.65 sec
>A genbg n=4+17 e=27:27 d=4:0 D=9:3  class=83/200
>Z 1062 graphs generated in 1.84 sec
>F 1062 cores checked in 7900.32 sec
>A genbg n=4+17 e=27:27 d=4:0 D=9:3  class=84/200
>Z 1064 graphs generated in 2.00 sec
>F 1064 cores checked in 177.52 sec
>A genbg n=4+17 e=27:27 d=4:0 D=9:3  class=85/200
>Z 1079 graphs generated in 1.98 sec
>F 1079 cores checked in 4473.94 sec
>A genbg n=4+17 e=27:27 d=4:0 D=9:3  class=86/200
>Z 1129 graphs generated in 1.99 sec
>F 1129 cores checked in 3736.33 sec
>A genbg n=4+17 e=27:27 d=4:0 D=9:3  class=87/200
>Z 1203 graphs generated in 1.99 sec
>F 1203 cores checked in 19620.74 sec
>A genbg n=4+17 e=27:27 d=4:0 D=9:3  class=88/200
>Z 1048 graphs generated in 1.98 sec
>F 1048 cores checked in 9877.81 sec
>A genbg n=4+17 e=27:27 d=4:0 D=9:3  class=89/200
>Z 1129 graphs generated in 1.98 sec
>F 1129 cores checked in 197.36 sec
>A genbg n=4+17 e=27:27 d=4:0 D=9:3  class=90/200
>Z 1192 graphs generated in 1.97 sec
>F 1192 cores checked in 1115.17 sec
>A genbg n=4+17 e=27:27 d=4:0 D=9:3  class=91/200
>Z 1197 graphs generated in 2.01 sec
>F 1197 cores checked in 0.48 sec
>A genbg n=4+17 e=27:27 d=4:0 D=9:3  class=92/200
>Z 1158 graphs generated in 1.99 sec
>F 1158 cores checked in 6621.00 sec
>A genbg n=4+17 e=27:27 d=4:0 D=9:3  class=93/200
>Z 1109 graphs generated in 1.99 sec
>F 1109 cores checked in 1275.31 sec
>A genbg n=4+17 e=27:27 d=4:0 D=9:3  class=94/200
>Z 1164 graphs generated in 2.02 sec
>F 1164 cores checked in 3789.00 sec
>A genbg n=4+17 e=27:27 d=4:0 D=9:3  class=95/200
>Z 1114 graphs generated in 1.98 sec
>F 1114 cores checked in 232.77 sec
>A genbg n=4+17 e=27:27 d=4:0 D=9:3  class=96/200
>Z 1145 graphs generated in 1.93 sec
>F 1145 cores checked in 15345.61 sec
>A genbg n=4+17 e=27:27 d=4:0 D=9:3  class=97/200
>Z 1024 graphs generated in 1.98 sec
>F 1024 cores checked in 170.20 sec
>A genbg n=4+17 e=27:27 d=4:0 D=9:3  class=98/200
>Z 1094 graphs generated in 1.99 sec
>F 1094 cores checked in 149.49 sec
>A genbg n=4+17 e=27:27 d=4:0 D=9:3  class=99/200
>Z 951 graphs generated in 1.98 sec
>F 951 cores checked in 6476.52 sec
>A genbg n=4+17 e=27:27 d=4:0 D=9:3  class=100/200
>Z 1026 graphs generated in 1.99 sec
>F 1026 cores checked in 813.17 sec
>A genbg n=4+17 e=27:27 d=4:0 D=9:3  class=101/200
>Z 1099 graphs generated in 1.99 sec
>F 1099 cores checked in 29.98 sec
>A genbg n=4+17 e=27:27 d=4:0 D=9:3  class=102/200
>Z 1021 graphs generated in 1.98 sec
>F 1021 cores checked in 2283.15 sec
>A genbg n=4+17 e=27:27 d=4:0 D=9:3  class=103/200
>Z 1056 graphs generated in 1.99 sec
>F 1056 cores checked in 11418.25 sec
>A genbg n=4+17 e=27:27 d=4:0 D=9:3  class=104/200
>Z 1133 graphs generated in 1.98 sec
>F 1133 cores checked in 5714.98 sec
>A genbg n=4+17 e=27:27 d=4:0 D=9:3  class=105/200
>Z 1094 graphs generated in 1.99 sec
>F 1094 cores checked in 792.79 sec
>A genbg n=4+17 e=27:27 d=4:0 D=9:3  class=106/200
>Z 1071 graphs generated in 1.98 sec
>F 1071 cores checked in 1693.41 sec
>A genbg n=4+17 e=27:27 d=4:0 D=9:3  class=107/200
>Z 1074 graphs generated in 2.02 sec
>F 1074 cores checked in 595.49 sec
>A genbg n=4+17 e=27:27 d=4:0 D=9:3  class=108/200
>Z 1135 graphs generated in 2.00 sec
>F 1135 cores checked in 3081.08 sec
>A genbg n=4+17 e=27:27 d=4:0 D=9:3  class=109/200
>Z 1179 graphs generated in 1.73 sec
>F 1179 cores checked in 659.77 sec
>A genbg n=4+17 e=27:27 d=4:0 D=9:3  class=110/200
>Z 1046 graphs generated in 1.97 sec
>F 1046 cores checked in 3005.97 sec
>A genbg n=4+17 e=27:27 d=4:0 D=9:3  class=111/200
>Z 1061 graphs generated in 2.00 sec
>F 1061 cores checked in 3234.50 sec
>A genbg n=4+17 e=27:27 d=4:0 D=9:3  class=112/200
>Z 1059 graphs generated in 1.93 sec
>F 1059 cores checked in 469.50 sec
>A genbg n=4+17 e=27:27 d=4:0 D=9:3  class=113/200
>Z 1096 graphs generated in 2.00 sec
>F 1096 cores checked in 1668.44 sec
>A genbg n=4+17 e=27:27 d=4:0 D=9:3  class=114/200
>Z 1095 graphs generated in 1.98 sec
>F 1095 cores checked in 61.33 sec
>A genbg n=4+17 e=27:27 d=4:0 D=9:3  class=115/200
>Z 1051 graphs generated in 1.99 sec
>F 1051 cores checked in 164.08 sec
>A genbg n=4+17 e=27:27 d=4:0 D=9:3  class=116/200
>Z 1055 graphs generated in 2.00 sec
>F 1055 cores checked in 3276.19 sec
>A genbg n=4+17 e=27:27 d=4:0 D=9:3  class=117/200
>Z 1006 graphs generated in 1.99 sec
>F 1006 cores checked in 387.16 sec
>A genbg n=4+17 e=27:27 d=4:0 D=9:3  class=118/200
>Z 1008 graphs generated in 1.99 sec
>F 1008 cores checked in 2058.20 sec
>A genbg n=4+17 e=27:27 d=4:0 D=9:3  class=119/200
>Z 1113 graphs generated in 1.99 sec
>F 1113 cores checked in 3307.28 sec
>A genbg n=4+17 e=27:27 d=4:0 D=9:3  class=120/200
>Z 1135 graphs generated in 1.99 sec
>F 1135 cores checked in 6169.20 sec
>A genbg n=4+17 e=27:27 d=4:0 D=9:3  class=121/200
>Z 1028 graphs generated in 1.98 sec
>F 1028 cores checked in 14298.12 sec
>A genbg n=4+17 e=27:27 d=4:0 D=9:3  class=122/200
>Z 1169 graphs generated in 1.99 sec
>F 1169 cores checked in 16982.66 sec
>A genbg n=4+17 e=27:27 d=4:0 D=9:3  class=123/200
>Z 1044 graphs generated in 1.98 sec
>F 1044 cores checked in 2001.67 sec
>A genbg n=4+17 e=27:27 d=4:0 D=9:3  class=124/200
>Z 1158 graphs generated in 1.99 sec
>F 1158 cores checked in 10711.59 sec
>A genbg n=4+17 e=27:27 d=4:0 D=9:3  class=125/200
>Z 1153 graphs generated in 1.99 sec
>F 1153 cores checked in 2438.82 sec
>A genbg n=4+17 e=27:27 d=4:0 D=9:3  class=126/200
>Z 1184 graphs generated in 1.99 sec
>F 1184 cores checked in 0.48 sec
>A genbg n=4+17 e=27:27 d=4:0 D=9:3  class=127/200
>Z 1014 graphs generated in 1.98 sec
>F 1014 cores checked in 42.39 sec
>A genbg n=4+17 e=27:27 d=4:0 D=9:3  class=128/200
>Z 1129 graphs generated in 1.99 sec
>F 1129 cores checked in 0.46 sec
>A genbg n=4+17 e=27:27 d=4:0 D=9:3  class=129/200
>Z 1073 graphs generated in 1.99 sec
>F 1073 cores checked in 3732.78 sec
>A genbg n=4+17 e=27:27 d=4:0 D=9:3  class=130/200
>Z 1039 graphs generated in 1.98 sec
>F 1039 cores checked in 3402.09 sec
>A genbg n=4+17 e=27:27 d=4:0 D=9:3  class=131/200
>Z 1100 graphs generated in 1.98 sec
>F 1100 cores checked in 2611.97 sec
>A genbg n=4+17 e=27:27 d=4:0 D=9:3  class=132/200
>Z 1158 graphs generated in 1.99 sec
>F 1158 cores checked in 14241.26 sec
>A genbg n=4+17 e=27:27 d=4:0 D=9:3  class=133/200
>Z 1013 graphs generated in 1.99 sec
>F 1013 cores checked in 0.39 sec
>A genbg n=4+17 e=27:27 d=4:0 D=9:3  class=134/200
>Z 1020 graphs generated in 1.98 sec
>F 1020 cores checked in 3717.11 sec
>A genbg n=4+17 e=27:27 d=4:0 D=9:3  class=135/200
>Z 1040 graphs generated in 1.98 sec
>F 1040 cores checked in 1965.09 sec
>A genbg n=4+17 e=27:27 d=4:0 D=9:3  class=136/200
>Z 1124 graphs generated in 1.99 sec
>F 1124 cores checked in 463.76 sec
>A genbg n=4+17 e=27:27 d=4:0 D=9:3  class=137/200
>Z 928 graphs generated in 1.98 sec
>F 928 cores checked in 244.18 sec
>A genbg n=4+17 e=27:27 d=4:0 D=9:3  class=138/200
>Z 1165 graphs generated in 2.01 sec
>F 1165 cores checked in 1288.23 sec
>A genbg n=4+17 e=27:27 d=4:0 D=9:3  class=139/200
>Z 1148 graphs generated in 1.99 sec
>F 1148 cores checked in 1627.05 sec
>A genbg n=4+17 e=27:27 d=4:0 D=9:3  class=140/200
>Z 1050 graphs generated in 1.98 sec
>F 1050 cores checked in 384.02 sec
>A genbg n=4+17 e=27:27 d=4:0 D=9:3  class=141/200
>Z 1145 graphs generated in 1.99 sec
>F 1145 cores checked in 5823.59 sec
>A genbg n=4+17 e=27:27 d=4:0 D=9:3  class=142/200
>Z 1162 graphs generated in 2.00 sec
>F 1162 cores checked in 5381.21 sec
>A genbg n=4+17 e=27:27 d=4:0 D=9:3  class=143/200
>Z 1107 graphs generated in 1.99 sec
>F 1107 cores checked in 1770.31 sec
>A genbg n=4+17 e=27:27 d=4:0 D=9:3  class=144/200
>Z 1136 graphs generated in 1.98 sec
>F 1136 cores checked in 4595.49 sec
>A genbg n=4+17 e=27:27 d=4:0 D=9:3  class=145/200
>Z 1107 graphs generated in 1.99 sec
>F 1107 cores checked in 6576.39 sec
>A genbg n=4+17 e=27:27 d=4:0 D=9:3  class=146/200
>Z 1059 graphs generated in 1.99 sec
>F 1059 cores checked in 2604.55 sec
>A genbg n=4+17 e=27:27 d=4:0 D=9:3  class=147/200
>Z 1160 graphs generated in 1.99 sec
>F 1160 cores checked in 5492.25 sec
>A genbg n=4+17 e=27:27 d=4:0 D=9:3  class=148/200
>Z 1065 graphs generated in 1.98 sec
>F 1065 cores checked in 1708.09 sec
>A genbg n=4+17 e=27:27 d=4:0 D=9:3  class=149/200
>Z 1063 graphs generated in 1.99 sec
>F 1063 cores checked in 6069.13 sec
>A genbg n=4+17 e=27:27 d=4:0 D=9:3  class=150/200
>Z 1147 graphs generated in 1.99 sec
>F 1147 cores checked in 3284.78 sec
>A genbg n=4+17 e=27:27 d=4:0 D=9:3  class=151/200
>Z 1067 graphs generated in 1.98 sec
>F 1067 cores checked in 10924.33 sec
>A genbg n=4+17 e=27:27 d=4:0 D=9:3  class=152/200
>Z 1015 graphs generated in 1.98 sec
>F 1015 cores checked in 106.30 sec
>A genbg n=4+17 e=27:27 d=4:0 D=9:3  class=153/200
>Z 1098 graphs generated in 1.99 sec
>F 1098 cores checked in 6659.02 sec
>A genbg n=4+17 e=27:27 d=4:0 D=9:3  class=154/200
>Z 1119 graphs generated in 1.99 sec
>F 1119 cores checked in 5240.51 sec
>A genbg n=4+17 e=27:27 d=4:0 D=9:3  class=155/200
>Z 1133 graphs generated in 2.00 sec
>F 1133 cores checked in 153.57 sec
>A genbg n=4+17 e=27:27 d=4:0 D=9:3  class=156/200
>Z 1089 graphs generated in 1.99 sec
>F 1089 cores checked in 5927.92 sec
>A genbg n=4+17 e=27:27 d=4:0 D=9:3  class=157/200
>Z 1190 graphs generated in 2.00 sec
>F 1190 cores checked in 299.00 sec
>A genbg n=4+17 e=27:27 d=4:0 D=9:3  class=158/200
>Z 1157 graphs generated in 1.98 sec
>F 1157 cores checked in 331.86 sec
>A genbg n=4+17 e=27:27 d=4:0 D=9:3  class=159/200
>Z 1101 graphs generated in 1.99 sec
>F 1101 cores checked in 569.95 sec
>A genbg n=4+17 e=27:27 d=4:0 D=9:3  class=160/200
>Z 1188 graphs generated in 1.99 sec
>F 1188 cores checked in 1972.66 sec
>A genbg n=4+17 e=27:27 d=4:0 D=9:3  class=161/200
>Z 1125 graphs generated in 1.98 sec
>F 1125 cores checked in 4625.72 sec
>A genbg n=4+17 e=27:27 d=4:0 D=9:3  class=162/200
>Z 1179 graphs generated in 1.98 sec
>F 1179 cores checked in 14755.11 sec
>A genbg n=4+17 e=27:27 d=4:0 D=9:3  class=163/200
>Z 1089 graphs generated in 1.90 sec
>F 1089 cores checked in 702.22 sec
>A genbg n=4+17 e=27:27 d=4:0 D=9:3  class=164/200
>Z 1018 graphs generated in 1.98 sec
>F 1018 cores checked in 552.01 sec
>A genbg n=4+17 e=27:27 d=4:0 D=9:3  class=165/200
>Z 1139 graphs generated in 1.99 sec
>F 1139 cores checked in 2507.61 sec
>A genbg n=4+17 e=27:27 d=4:0 D=9:3  class=166/200
>Z 1089 graphs generated in 2.02 sec
>F 1089 cores checked in 786.47 sec
>A genbg n=4+17 e=27:27 d=4:0 D=9:3  class=167/200
>Z 1030 graphs generated in 1.98 sec
>F 1030 cores checked in 2776.20 sec
>A genbg n=4+17 e=27:27 d=4:0 D=9:3  class=168/200
>Z 1101 graphs generated in 1.99 sec
>F 1101 cores checked in 9087.70 sec
>A genbg n=4+17 e=27:27 d=4:0 D=9:3  class=169/200
>Z 1012 graphs generated in 1.98 sec
>F 1012 cores checked in 9132.22 sec
>A genbg n=4+17 e=27:27 d=4:0 D=9:3  class=170/200
>Z 981 graphs generated in 1.98 sec
>F 981 cores checked in 0.39 sec
>A genbg n=4+17 e=27:27 d=4:0 D=9:3  class=171/200
>Z 1090 graphs generated in 1.99 sec
>F 1090 cores checked in 1323.94 sec
>A genbg n=4+17 e=27:27 d=4:0 D=9:3  class=172/200
>Z 1015 graphs generated in 1.99 sec
>F 1015 cores checked in 574.65 sec
>A genbg n=4+17 e=27:27 d=4:0 D=9:3  class=173/200
>Z 999 graphs generated in 1.99 sec
>F 999 cores checked in 9673.95 sec
>A genbg n=4+17 e=27:27 d=4:0 D=9:3  class=174/200
>Z 1137 graphs generated in 1.98 sec
>F 1137 cores checked in 4924.85 sec
>A genbg n=4+17 e=27:27 d=4:0 D=9:3  class=175/200
>Z 1218 graphs generated in 1.99 sec
>F 1218 cores checked in 14291.34 sec
>A genbg n=4+17 e=27:27 d=4:0 D=9:3  class=176/200
>Z 1100 graphs generated in 1.99 sec
>F 1100 cores checked in 2885.00 sec
>A genbg n=4+17 e=27:27 d=4:0 D=9:3  class=177/200
>Z 1149 graphs generated in 1.98 sec
>F 1149 cores checked in 1845.64 sec
>A genbg n=4+17 e=27:27 d=4:0 D=9:3  class=178/200
>Z 1105 graphs generated in 1.99 sec
>F 1105 cores checked in 6558.65 sec
>A genbg n=4+17 e=27:27 d=4:0 D=9:3  class=179/200
>Z 1165 graphs generated in 1.87 sec
>F 1165 cores checked in 2446.99 sec
>A genbg n=4+17 e=27:27 d=4:0 D=9:3  class=180/200
>Z 1160 graphs generated in 1.99 sec
>F 1160 cores checked in 1296.10 sec
>A genbg n=4+17 e=27:27 d=4:0 D=9:3  class=181/200
>Z 1132 graphs generated in 2.00 sec
>F 1132 cores checked in 3335.54 sec
>A genbg n=4+17 e=27:27 d=4:0 D=9:3  class=182/200
>Z 1174 graphs generated in 1.98 sec
>F 1174 cores checked in 1010.99 sec
>A genbg n=4+17 e=27:27 d=4:0 D=9:3  class=183/200
>Z 1091 graphs generated in 1.99 sec
>F 1091 cores checked in 18684.82 sec
>A genbg n=4+17 e=27:27 d=4:0 D=9:3  class=184/200
>Z 1081 graphs generated in 1.98 sec
>F 1081 cores checked in 5401.04 sec
>A genbg n=4+17 e=27:27 d=4:0 D=9:3  class=185/200
>Z 995 graphs generated in 2.00 sec
>F 995 cores checked in 283.17 sec
>A genbg n=4+17 e=27:27 d=4:0 D=9:3  class=186/200
>Z 1083 graphs generated in 2.00 sec
>F 1083 cores checked in 277.38 sec
>A genbg n=4+17 e=27:27 d=4:0 D=9:3  class=187/200
>Z 944 graphs generated in 1.99 sec
>F 944 cores checked in 1189.37 sec
>A genbg n=4+17 e=27:27 d=4:0 D=9:3  class=188/200
>Z 1025 graphs generated in 1.98 sec
>F 1025 cores checked in 889.94 sec
>A genbg n=4+17 e=27:27 d=4:0 D=9:3  class=189/200
>Z 1146 graphs generated in 2.00 sec
>F 1146 cores checked in 8019.74 sec
>A genbg n=4+17 e=27:27 d=4:0 D=9:3  class=190/200
>Z 1073 graphs generated in 1.98 sec
>F 1073 cores checked in 2312.38 sec
>A genbg n=4+17 e=27:27 d=4:0 D=9:3  class=191/200
>Z 1064 graphs generated in 2.02 sec
>F 1064 cores checked in 947.34 sec
>A genbg n=4+17 e=27:27 d=4:0 D=9:3  class=192/200
>Z 1167 graphs generated in 1.99 sec
>F 1167 cores checked in 1916.96 sec
>A genbg n=4+17 e=27:27 d=4:0 D=9:3  class=193/200
>Z 1072 graphs generated in 1.99 sec
>F 1072 cores checked in 815.92 sec
>A genbg n=4+17 e=27:27 d=4:0 D=9:3  class=194/200
>Z 1198 graphs generated in 2.00 sec
>F 1198 cores checked in 4809.76 sec
>A genbg n=4+17 e=27:27 d=4:0 D=9:3  class=195/200
>Z 1189 graphs generated in 2.03 sec
>F 1189 cores checked in 14068.83 sec
>A genbg n=4+17 e=27:27 d=4:0 D=9:3  class=196/200
>Z 1145 graphs generated in 1.99 sec
>F 1145 cores checked in 6174.33 sec
>A genbg n=4+17 e=27:27 d=4:0 D=9:3  class=197/200
>Z 1215 graphs generated in 2.01 sec
>F 1215 cores checked in 6864.77 sec
>A genbg n=4+17 e=27:27 d=4:0 D=9:3  class=198/200
>Z 1133 graphs generated in 1.99 sec
>F 1133 cores checked in 13943.92 sec
>A genbg n=4+17 e=27:27 d=4:0 D=9:3  class=199/200
>Z 1021 graphs generated in 1.99 sec
>F 1021 cores checked in 1420.08 sec



=== Total number of graphs generated: 219137
=== Total number of graphs checked: 219137
=== Total time for generation: 397.09 seconds
=== Total time for checking: 790689.87 seconds
=== Total number of exceptional graphs: 0

