=== Log file for genbg_-d4:0_-D7:3_7_14_36:36



>A genbg n=7+14 e=36:36 d=4:0 D=7:3  class=0/200
>Z 7594929 graphs generated in 1211.48 sec
>F 7594929 cores checked in 1535.53 sec
>A genbg n=7+14 e=36:36 d=4:0 D=7:3  class=1/200
>Z 7592988 graphs generated in 1211.75 sec
>F 7592988 cores checked in 1549.41 sec
>A genbg n=7+14 e=36:36 d=4:0 D=7:3  class=2/200
>Z 7581342 graphs generated in 1212.01 sec
>F 7581342 cores checked in 1536.80 sec
>A genbg n=7+14 e=36:36 d=4:0 D=7:3  class=3/200
>Z 7581566 graphs generated in 1211.66 sec
>F 7581566 cores checked in 1536.31 sec
>A genbg n=7+14 e=36:36 d=4:0 D=7:3  class=4/200
>Z 7594987 graphs generated in 1211.79 sec
>F 7594987 cores checked in 1534.44 sec
>A genbg n=7+14 e=36:36 d=4:0 D=7:3  class=5/200
>Z 7595780 graphs generated in 1211.14 sec
>F 7595780 cores checked in 1540.50 sec
>A genbg n=7+14 e=36:36 d=4:0 D=7:3  class=6/200
>Z 7594614 graphs generated in 1211.53 sec
>F 7594614 cores checked in 1541.87 sec
>A genbg n=7+14 e=36:36 d=4:0 D=7:3  class=7/200
>Z 7582277 graphs generated in 1210.97 sec
>F 7582277 cores checked in 1538.12 sec
>A genbg n=7+14 e=36:36 d=4:0 D=7:3  class=8/200
>Z 7581761 graphs generated in 1210.35 sec
>F 7581761 cores checked in 1534.08 sec
>A genbg n=7+14 e=36:36 d=4:0 D=7:3  class=9/200
>Z 7583551 graphs generated in 1266.55 sec
>F 7583551 cores checked in 1532.44 sec
>A genbg n=7+14 e=36:36 d=4:0 D=7:3  class=10/200
>Z 7588545 graphs generated in 1214.84 sec
>F 7588545 cores checked in 1535.16 sec
>A genbg n=7+14 e=36:36 d=4:0 D=7:3  class=11/200
>Z 7607228 graphs generated in 1214.82 sec
>F 7607228 cores checked in 1537.56 sec
>A genbg n=7+14 e=36:36 d=4:0 D=7:3  class=12/200
>Z 7580866 graphs generated in 1214.51 sec
>F 7580866 cores checked in 1529.82 sec
>A genbg n=7+14 e=36:36 d=4:0 D=7:3  class=13/200
>Z 7591139 graphs generated in 1214.40 sec
>F 7591139 cores checked in 1532.84 sec
>A genbg n=7+14 e=36:36 d=4:0 D=7:3  class=14/200
>Z 7569835 graphs generated in 1215.55 sec
>F 7569835 cores checked in 1526.68 sec
>A genbg n=7+14 e=36:36 d=4:0 D=7:3  class=15/200
>Z 7591940 graphs generated in 1344.49 sec
>F 7591940 cores checked in 1531.33 sec
>A genbg n=7+14 e=36:36 d=4:0 D=7:3  class=16/200
>Z 7598325 graphs generated in 1215.16 sec
>F 7598325 cores checked in 1535.02 sec
>A genbg n=7+14 e=36:36 d=4:0 D=7:3  class=17/200
>Z 7585226 graphs generated in 1215.02 sec
>F 7585226 cores checked in 1533.15 sec
>A genbg n=7+14 e=36:36 d=4:0 D=7:3  class=18/200
>Z 7597414 graphs generated in 1214.31 sec
>F 7597414 cores checked in 1532.08 sec
>A genbg n=7+14 e=36:36 d=4:0 D=7:3  class=19/200
>Z 7599116 graphs generated in 1214.82 sec
>F 7599116 cores checked in 1555.20 sec
>A genbg n=7+14 e=36:36 d=4:0 D=7:3  class=20/200
>Z 7595156 graphs generated in 1228.06 sec
>F 7595156 cores checked in 1528.90 sec
>A genbg n=7+14 e=36:36 d=4:0 D=7:3  class=21/200
>Z 7599305 graphs generated in 1223.07 sec
>F 7599305 cores checked in 1527.94 sec
>A genbg n=7+14 e=36:36 d=4:0 D=7:3  class=22/200
>Z 7603687 graphs generated in 1234.33 sec
>F 7603687 cores checked in 1528.46 sec
>A genbg n=7+14 e=36:36 d=4:0 D=7:3  class=23/200
>Z 7604641 graphs generated in 1224.52 sec
>F 7604641 cores checked in 1550.76 sec
>A genbg n=7+14 e=36:36 d=4:0 D=7:3  class=24/200
>Z 7609952 graphs generated in 1224.10 sec
>F 7609952 cores checked in 1531.68 sec
>A genbg n=7+14 e=36:36 d=4:0 D=7:3  class=25/200
>Z 7613514 graphs generated in 1223.42 sec
>F 7613514 cores checked in 1526.67 sec
>A genbg n=7+14 e=36:36 d=4:0 D=7:3  class=26/200
>Z 7607139 graphs generated in 1224.86 sec
>F 7607139 cores checked in 1528.07 sec
>A genbg n=7+14 e=36:36 d=4:0 D=7:3  class=27/200
>Z 7575392 graphs generated in 1223.73 sec
>F 7575392 cores checked in 1524.89 sec
>A genbg n=7+14 e=36:36 d=4:0 D=7:3  class=28/200
>Z 7599301 graphs generated in 1224.35 sec
>F 7599301 cores checked in 1532.41 sec
>A genbg n=7+14 e=36:36 d=4:0 D=7:3  class=29/200
>Z 7578481 graphs generated in 1224.34 sec
>F 7578481 cores checked in 1525.77 sec
>A genbg n=7+14 e=36:36 d=4:0 D=7:3  class=30/200
>Z 7595675 graphs generated in 1227.85 sec
>F 7595675 cores checked in 1527.88 sec
>A genbg n=7+14 e=36:36 d=4:0 D=7:3  class=31/200
>Z 7591584 graphs generated in 1226.95 sec
>F 7591584 cores checked in 1529.67 sec
>A genbg n=7+14 e=36:36 d=4:0 D=7:3  class=32/200
>Z 7593244 graphs generated in 1228.67 sec
>F 7593244 cores checked in 1524.21 sec
>A genbg n=7+14 e=36:36 d=4:0 D=7:3  class=33/200
>Z 7601892 graphs generated in 1229.77 sec
>F 7601892 cores checked in 1525.77 sec
>A genbg n=7+14 e=36:36 d=4:0 D=7:3  class=34/200
>Z 7591959 graphs generated in 1229.09 sec
>F 7591959 cores checked in 1524.59 sec
>A genbg n=7+14 e=36:36 d=4:0 D=7:3  class=35/200
>Z 7597931 graphs generated in 1228.76 sec
>F 7597931 cores checked in 1525.20 sec
>A genbg n=7+14 e=36:36 d=4:0 D=7:3  class=36/200
>Z 7602084 graphs generated in 1229.40 sec
>F 7602084 cores checked in 1526.86 sec
>A genbg n=7+14 e=36:36 d=4:0 D=7:3  class=37/200
>Z 7580444 graphs generated in 1228.96 sec
>F 7580444 cores checked in 1523.91 sec
>A genbg n=7+14 e=36:36 d=4:0 D=7:3  class=38/200
>Z 7586009 graphs generated in 1228.98 sec
>F 7586009 cores checked in 1527.20 sec
>A genbg n=7+14 e=36:36 d=4:0 D=7:3  class=39/200
>Z 7589601 graphs generated in 1228.12 sec
>F 7589601 cores checked in 1524.50 sec
>A genbg n=7+14 e=36:36 d=4:0 D=7:3  class=40/200
>Z 7595298 graphs generated in 1228.33 sec
>F 7595298 cores checked in 1526.59 sec
>A genbg n=7+14 e=36:36 d=4:0 D=7:3  class=41/200
>Z 7608629 graphs generated in 1232.40 sec
>F 7608629 cores checked in 1529.09 sec
>A genbg n=7+14 e=36:36 d=4:0 D=7:3  class=42/200
>Z 7588826 graphs generated in 1227.64 sec
>F 7588826 cores checked in 1529.74 sec
>A genbg n=7+14 e=36:36 d=4:0 D=7:3  class=43/200
>Z 7608341 graphs generated in 1227.78 sec
>F 7608341 cores checked in 1534.01 sec
>A genbg n=7+14 e=36:36 d=4:0 D=7:3  class=44/200
>Z 7602600 graphs generated in 1228.12 sec
>F 7602600 cores checked in 1527.72 sec
>A genbg n=7+14 e=36:36 d=4:0 D=7:3  class=45/200
>Z 7603420 graphs generated in 1228.52 sec
>F 7603420 cores checked in 1523.77 sec
>A genbg n=7+14 e=36:36 d=4:0 D=7:3  class=46/200
>Z 7594322 graphs generated in 1227.07 sec
>F 7594322 cores checked in 1525.26 sec
>A genbg n=7+14 e=36:36 d=4:0 D=7:3  class=47/200
>Z 7588199 graphs generated in 1227.97 sec
>F 7588199 cores checked in 1528.44 sec
>A genbg n=7+14 e=36:36 d=4:0 D=7:3  class=48/200
>Z 7596355 graphs generated in 1228.55 sec
>F 7596355 cores checked in 1529.78 sec
>A genbg n=7+14 e=36:36 d=4:0 D=7:3  class=49/200
>Z 7588969 graphs generated in 1227.37 sec
>F 7588969 cores checked in 1518.95 sec
>A genbg n=7+14 e=36:36 d=4:0 D=7:3  class=50/200
>Z 7588847 graphs generated in 1228.49 sec
>F 7588847 cores checked in 1528.60 sec
>A genbg n=7+14 e=36:36 d=4:0 D=7:3  class=51/200
>Z 7606043 graphs generated in 1228.23 sec
>F 7606043 cores checked in 1527.41 sec
>A genbg n=7+14 e=36:36 d=4:0 D=7:3  class=52/200
>Z 7583501 graphs generated in 1227.17 sec
>F 7583501 cores checked in 1525.20 sec
>A genbg n=7+14 e=36:36 d=4:0 D=7:3  class=53/200
>Z 7586925 graphs generated in 1227.54 sec
>F 7586925 cores checked in 1523.90 sec
>A genbg n=7+14 e=36:36 d=4:0 D=7:3  class=54/200
>Z 7599388 graphs generated in 1227.82 sec
>F 7599388 cores checked in 1525.37 sec
>A genbg n=7+14 e=36:36 d=4:0 D=7:3  class=55/200
>Z 7604866 graphs generated in 1226.85 sec
>F 7604866 cores checked in 1521.97 sec
>A genbg n=7+14 e=36:36 d=4:0 D=7:3  class=56/200
>Z 7605667 graphs generated in 1227.60 sec
>F 7605667 cores checked in 1531.16 sec
>A genbg n=7+14 e=36:36 d=4:0 D=7:3  class=57/200
>Z 7603956 graphs generated in 1227.36 sec
>F 7603956 cores checked in 1526.62 sec
>A genbg n=7+14 e=36:36 d=4:0 D=7:3  class=58/200
>Z 7597875 graphs generated in 1228.56 sec
>F 7597875 cores checked in 1526.06 sec
>A genbg n=7+14 e=36:36 d=4:0 D=7:3  class=59/200
>Z 7612432 graphs generated in 1227.79 sec
>F 7612432 cores checked in 1531.23 sec
>A genbg n=7+14 e=36:36 d=4:0 D=7:3  class=60/200
>Z 7596671 graphs generated in 1228.14 sec
>F 7596671 cores checked in 1524.93 sec
>A genbg n=7+14 e=36:36 d=4:0 D=7:3  class=61/200
>Z 7612156 graphs generated in 1227.19 sec
>F 7612156 cores checked in 1527.32 sec
>A genbg n=7+14 e=36:36 d=4:0 D=7:3  class=62/200
>Z 7577367 graphs generated in 1227.31 sec
>F 7577367 cores checked in 1527.54 sec
>A genbg n=7+14 e=36:36 d=4:0 D=7:3  class=63/200
>Z 7609623 graphs generated in 1227.40 sec
>F 7609623 cores checked in 1526.80 sec
>A genbg n=7+14 e=36:36 d=4:0 D=7:3  class=64/200
>Z 7618382 graphs generated in 1226.80 sec
>F 7618382 cores checked in 1531.83 sec
>A genbg n=7+14 e=36:36 d=4:0 D=7:3  class=65/200
>Z 7601925 graphs generated in 1227.53 sec
>F 7601925 cores checked in 1521.72 sec
>A genbg n=7+14 e=36:36 d=4:0 D=7:3  class=66/200
>Z 7603011 graphs generated in 1227.36 sec
>F 7603011 cores checked in 1528.78 sec
>A genbg n=7+14 e=36:36 d=4:0 D=7:3  class=67/200
>Z 7592787 graphs generated in 1228.67 sec
>F 7592787 cores checked in 1527.59 sec
>A genbg n=7+14 e=36:36 d=4:0 D=7:3  class=68/200
>Z 7594598 graphs generated in 1228.52 sec
>F 7594598 cores checked in 1527.93 sec
>A genbg n=7+14 e=36:36 d=4:0 D=7:3  class=69/200
>Z 7592051 graphs generated in 1226.26 sec
>F 7592051 cores checked in 1521.42 sec
>A genbg n=7+14 e=36:36 d=4:0 D=7:3  class=70/200
>Z 7606181 graphs generated in 1233.03 sec
>F 7606181 cores checked in 1532.73 sec
>A genbg n=7+14 e=36:36 d=4:0 D=7:3  class=71/200
>Z 7597094 graphs generated in 1231.14 sec
>F 7597094 cores checked in 1524.03 sec
>A genbg n=7+14 e=36:36 d=4:0 D=7:3  class=72/200
>Z 7591321 graphs generated in 1227.64 sec
>F 7591321 cores checked in 1523.57 sec
>A genbg n=7+14 e=36:36 d=4:0 D=7:3  class=73/200
>Z 7601861 graphs generated in 1228.70 sec
>F 7601861 cores checked in 1524.66 sec
>A genbg n=7+14 e=36:36 d=4:0 D=7:3  class=74/200
>Z 7605141 graphs generated in 1228.53 sec
>F 7605141 cores checked in 1522.40 sec
>A genbg n=7+14 e=36:36 d=4:0 D=7:3  class=75/200
>Z 7583627 graphs generated in 1228.20 sec
>F 7583627 cores checked in 1522.00 sec
>A genbg n=7+14 e=36:36 d=4:0 D=7:3  class=76/200
>Z 7584615 graphs generated in 1227.31 sec
>F 7584615 cores checked in 1519.94 sec
>A genbg n=7+14 e=36:36 d=4:0 D=7:3  class=77/200
>Z 7585360 graphs generated in 1227.83 sec
>F 7585360 cores checked in 1524.71 sec
>A genbg n=7+14 e=36:36 d=4:0 D=7:3  class=78/200
>Z 7597301 graphs generated in 1227.45 sec
>F 7597301 cores checked in 1528.39 sec
>A genbg n=7+14 e=36:36 d=4:0 D=7:3  class=79/200
>Z 7599085 graphs generated in 1228.16 sec
>F 7599085 cores checked in 1527.11 sec
>A genbg n=7+14 e=36:36 d=4:0 D=7:3  class=80/200
>Z 7611361 graphs generated in 1229.77 sec
>F 7611361 cores checked in 1529.17 sec
>A genbg n=7+14 e=36:36 d=4:0 D=7:3  class=81/200
>Z 7598258 graphs generated in 1229.57 sec
>F 7598258 cores checked in 1527.54 sec
>A genbg n=7+14 e=36:36 d=4:0 D=7:3  class=82/200
>Z 7576697 graphs generated in 1228.27 sec
>F 7576697 cores checked in 1525.86 sec
>A genbg n=7+14 e=36:36 d=4:0 D=7:3  class=83/200
>Z 7610297 graphs generated in 1239.60 sec
>F 7610297 cores checked in 1532.19 sec
>A genbg n=7+14 e=36:36 d=4:0 D=7:3  class=84/200
>Z 7573274 graphs generated in 1229.23 sec
>F 7573274 cores checked in 1518.51 sec
>A genbg n=7+14 e=36:36 d=4:0 D=7:3  class=85/200
>Z 7597130 graphs generated in 1228.12 sec
>F 7597130 cores checked in 1524.72 sec
>A genbg n=7+14 e=36:36 d=4:0 D=7:3  class=86/200
>Z 7623526 graphs generated in 1229.57 sec
>F 7623526 cores checked in 1534.21 sec
>A genbg n=7+14 e=36:36 d=4:0 D=7:3  class=87/200
>Z 7593480 graphs generated in 1227.98 sec
>F 7593480 cores checked in 1522.86 sec
>A genbg n=7+14 e=36:36 d=4:0 D=7:3  class=88/200
>Z 7597671 graphs generated in 1228.21 sec
>F 7597671 cores checked in 1527.15 sec
>A genbg n=7+14 e=36:36 d=4:0 D=7:3  class=89/200
>Z 7609728 graphs generated in 1229.13 sec
>F 7609728 cores checked in 1525.11 sec
>A genbg n=7+14 e=36:36 d=4:0 D=7:3  class=90/200
>Z 7605723 graphs generated in 1228.29 sec
>F 7605723 cores checked in 1524.34 sec
>A genbg n=7+14 e=36:36 d=4:0 D=7:3  class=91/200
>Z 7604888 graphs generated in 1228.39 sec
>F 7604888 cores checked in 1528.03 sec
>A genbg n=7+14 e=36:36 d=4:0 D=7:3  class=92/200
>Z 7589304 graphs generated in 1228.24 sec
>F 7589304 cores checked in 1522.80 sec
>A genbg n=7+14 e=36:36 d=4:0 D=7:3  class=93/200
>Z 7592801 graphs generated in 1229.53 sec
>F 7592801 cores checked in 1522.96 sec
>A genbg n=7+14 e=36:36 d=4:0 D=7:3  class=94/200
>Z 7605358 graphs generated in 1227.62 sec
>F 7605358 cores checked in 1530.27 sec
>A genbg n=7+14 e=36:36 d=4:0 D=7:3  class=95/200
>Z 7603792 graphs generated in 1226.99 sec
>F 7603792 cores checked in 1523.98 sec
>A genbg n=7+14 e=36:36 d=4:0 D=7:3  class=96/200
>Z 7591328 graphs generated in 1227.22 sec
>F 7591328 cores checked in 1525.48 sec
>A genbg n=7+14 e=36:36 d=4:0 D=7:3  class=97/200
>Z 7581520 graphs generated in 1227.53 sec
>F 7581520 cores checked in 1525.91 sec
>A genbg n=7+14 e=36:36 d=4:0 D=7:3  class=98/200
>Z 7588515 graphs generated in 1227.26 sec
>F 7588515 cores checked in 1524.71 sec
>A genbg n=7+14 e=36:36 d=4:0 D=7:3  class=99/200
>Z 7598155 graphs generated in 1227.38 sec
>F 7598155 cores checked in 1527.44 sec
>A genbg n=7+14 e=36:36 d=4:0 D=7:3  class=100/200
>Z 7579531 graphs generated in 1226.63 sec
>F 7579531 cores checked in 1524.64 sec
>A genbg n=7+14 e=36:36 d=4:0 D=7:3  class=101/200
>Z 7588241 graphs generated in 1227.66 sec
>F 7588241 cores checked in 1524.38 sec
>A genbg n=7+14 e=36:36 d=4:0 D=7:3  class=102/200
>Z 7596326 graphs generated in 1227.06 sec
>F 7596326 cores checked in 1524.53 sec
>A genbg n=7+14 e=36:36 d=4:0 D=7:3  class=103/200
>Z 7597838 graphs generated in 1226.79 sec
>F 7597838 cores checked in 1524.16 sec
>A genbg n=7+14 e=36:36 d=4:0 D=7:3  class=104/200
>Z 7594089 graphs generated in 1226.65 sec
>F 7594089 cores checked in 1527.80 sec
>A genbg n=7+14 e=36:36 d=4:0 D=7:3  class=105/200
>Z 7601707 graphs generated in 1227.92 sec
>F 7601707 cores checked in 1521.94 sec
>A genbg n=7+14 e=36:36 d=4:0 D=7:3  class=106/200
>Z 7584145 graphs generated in 1227.35 sec
>F 7584145 cores checked in 1526.76 sec
>A genbg n=7+14 e=36:36 d=4:0 D=7:3  class=107/200
>Z 7575984 graphs generated in 1226.87 sec
>F 7575984 cores checked in 1523.24 sec
>A genbg n=7+14 e=36:36 d=4:0 D=7:3  class=108/200
>Z 7605992 graphs generated in 1227.13 sec
>F 7605992 cores checked in 1523.72 sec
>A genbg n=7+14 e=36:36 d=4:0 D=7:3  class=109/200
>Z 7566880 graphs generated in 1228.68 sec
>F 7566880 cores checked in 1515.51 sec
>A genbg n=7+14 e=36:36 d=4:0 D=7:3  class=110/200
>Z 7583829 graphs generated in 1227.14 sec
>F 7583829 cores checked in 1519.85 sec
>A genbg n=7+14 e=36:36 d=4:0 D=7:3  class=111/200
>Z 7590438 graphs generated in 1229.11 sec
>F 7590438 cores checked in 1526.98 sec
>A genbg n=7+14 e=36:36 d=4:0 D=7:3  class=112/200
>Z 7588734 graphs generated in 1227.83 sec
>F 7588734 cores checked in 1526.71 sec
>A genbg n=7+14 e=36:36 d=4:0 D=7:3  class=113/200
>Z 7583504 graphs generated in 1227.85 sec
>F 7583504 cores checked in 1521.28 sec
>A genbg n=7+14 e=36:36 d=4:0 D=7:3  class=114/200
>Z 7605348 graphs generated in 1227.65 sec
>F 7605348 cores checked in 1524.42 sec
>A genbg n=7+14 e=36:36 d=4:0 D=7:3  class=115/200
>Z 7593909 graphs generated in 1228.30 sec
>F 7593909 cores checked in 1522.67 sec
>A genbg n=7+14 e=36:36 d=4:0 D=7:3  class=116/200
>Z 7601772 graphs generated in 1232.65 sec
>F 7601772 cores checked in 1524.88 sec
>A genbg n=7+14 e=36:36 d=4:0 D=7:3  class=117/200
>Z 7584624 graphs generated in 1228.45 sec
>F 7584624 cores checked in 1524.58 sec
>A genbg n=7+14 e=36:36 d=4:0 D=7:3  class=118/200
>Z 7606499 graphs generated in 1229.49 sec
>F 7606499 cores checked in 1528.03 sec
>A genbg n=7+14 e=36:36 d=4:0 D=7:3  class=119/200
>Z 7585502 graphs generated in 1228.83 sec
>F 7585502 cores checked in 1525.49 sec
>A genbg n=7+14 e=36:36 d=4:0 D=7:3  class=120/200
>Z 7582202 graphs generated in 1228.84 sec
>F 7582202 cores checked in 1526.89 sec
>A genbg n=7+14 e=36:36 d=4:0 D=7:3  class=121/200
>Z 7603352 graphs generated in 1228.81 sec
>F 7603352 cores checked in 1529.91 sec
>A genbg n=7+14 e=36:36 d=4:0 D=7:3  class=122/200
>Z 7599936 graphs generated in 1228.30 sec
>F 7599936 cores checked in 1526.58 sec
>A genbg n=7+14 e=36:36 d=4:0 D=7:3  class=123/200
>Z 7608318 graphs generated in 1230.43 sec
>F 7608318 cores checked in 1521.01 sec
>A genbg n=7+14 e=36:36 d=4:0 D=7:3  class=124/200
>Z 7569903 graphs generated in 1229.58 sec
>F 7569903 cores checked in 1520.21 sec
>A genbg n=7+14 e=36:36 d=4:0 D=7:3  class=125/200
>Z 7595593 graphs generated in 1227.99 sec
>F 7595593 cores checked in 1524.73 sec
>A genbg n=7+14 e=36:36 d=4:0 D=7:3  class=126/200
>Z 7591275 graphs generated in 1228.16 sec
>F 7591275 cores checked in 1524.26 sec
>A genbg n=7+14 e=36:36 d=4:0 D=7:3  class=127/200
>Z 7588471 graphs generated in 1228.18 sec
>F 7588471 cores checked in 1525.75 sec
>A genbg n=7+14 e=36:36 d=4:0 D=7:3  class=128/200
>Z 7585638 graphs generated in 1228.20 sec
>F 7585638 cores checked in 1525.08 sec
>A genbg n=7+14 e=36:36 d=4:0 D=7:3  class=129/200
>Z 7588073 graphs generated in 1228.13 sec
>F 7588073 cores checked in 1522.55 sec
>A genbg n=7+14 e=36:36 d=4:0 D=7:3  class=130/200
>Z 7598098 graphs generated in 1228.08 sec
>F 7598098 cores checked in 1523.58 sec
>A genbg n=7+14 e=36:36 d=4:0 D=7:3  class=131/200
>Z 7596975 graphs generated in 1232.85 sec
>F 7596975 cores checked in 1526.64 sec
>A genbg n=7+14 e=36:36 d=4:0 D=7:3  class=132/200
>Z 7577120 graphs generated in 1227.28 sec
>F 7577120 cores checked in 1523.61 sec
>A genbg n=7+14 e=36:36 d=4:0 D=7:3  class=133/200
>Z 7592679 graphs generated in 1228.55 sec
>F 7592679 cores checked in 1529.44 sec
>A genbg n=7+14 e=36:36 d=4:0 D=7:3  class=134/200
>Z 7611916 graphs generated in 1228.32 sec
>F 7611916 cores checked in 1528.27 sec
>A genbg n=7+14 e=36:36 d=4:0 D=7:3  class=135/200
>Z 7593481 graphs generated in 1229.55 sec
>F 7593481 cores checked in 1521.61 sec
>A genbg n=7+14 e=36:36 d=4:0 D=7:3  class=136/200
>Z 7601616 graphs generated in 1228.14 sec
>F 7601616 cores checked in 1532.93 sec
>A genbg n=7+14 e=36:36 d=4:0 D=7:3  class=137/200
>Z 7601264 graphs generated in 1226.94 sec
>F 7601264 cores checked in 1523.25 sec
>A genbg n=7+14 e=36:36 d=4:0 D=7:3  class=138/200
>Z 7587439 graphs generated in 1226.61 sec
>F 7587439 cores checked in 1525.24 sec
>A genbg n=7+14 e=36:36 d=4:0 D=7:3  class=139/200
>Z 7579656 graphs generated in 1227.93 sec
>F 7579656 cores checked in 1537.33 sec
>A genbg n=7+14 e=36:36 d=4:0 D=7:3  class=140/200
>Z 7617819 graphs generated in 1226.34 sec
>F 7617819 cores checked in 1528.43 sec
>A genbg n=7+14 e=36:36 d=4:0 D=7:3  class=141/200
>Z 7606901 graphs generated in 1227.63 sec
>F 7606901 cores checked in 1530.82 sec
>A genbg n=7+14 e=36:36 d=4:0 D=7:3  class=142/200
>Z 7586192 graphs generated in 1227.54 sec
>F 7586192 cores checked in 1526.61 sec
>A genbg n=7+14 e=36:36 d=4:0 D=7:3  class=143/200
>Z 7600037 graphs generated in 1226.91 sec
>F 7600037 cores checked in 1527.02 sec
>A genbg n=7+14 e=36:36 d=4:0 D=7:3  class=144/200
>Z 7579005 graphs generated in 1226.68 sec
>F 7579005 cores checked in 1522.27 sec
>A genbg n=7+14 e=36:36 d=4:0 D=7:3  class=145/200
>Z 7583592 graphs generated in 1227.39 sec
>F 7583592 cores checked in 1525.84 sec
>A genbg n=7+14 e=36:36 d=4:0 D=7:3  class=146/200
>Z 7584838 graphs generated in 1226.85 sec
>F 7584838 cores checked in 1527.88 sec
>A genbg n=7+14 e=36:36 d=4:0 D=7:3  class=147/200
>Z 7600094 graphs generated in 1228.25 sec
>F 7600094 cores checked in 1525.60 sec
>A genbg n=7+14 e=36:36 d=4:0 D=7:3  class=148/200
>Z 7582671 graphs generated in 1227.80 sec
>F 7582671 cores checked in 1522.02 sec
>A genbg n=7+14 e=36:36 d=4:0 D=7:3  class=149/200
>Z 7596639 graphs generated in 1227.45 sec
>F 7596639 cores checked in 1523.33 sec
>A genbg n=7+14 e=36:36 d=4:0 D=7:3  class=150/200
>Z 7614012 graphs generated in 1227.15 sec
>F 7614012 cores checked in 1534.85 sec
>A genbg n=7+14 e=36:36 d=4:0 D=7:3  class=151/200
>Z 7599684 graphs generated in 1228.12 sec
>F 7599684 cores checked in 1526.18 sec
>A genbg n=7+14 e=36:36 d=4:0 D=7:3  class=152/200
>Z 7579086 graphs generated in 1227.07 sec
>F 7579086 cores checked in 1524.36 sec
>A genbg n=7+14 e=36:36 d=4:0 D=7:3  class=153/200
>Z 7594905 graphs generated in 1227.50 sec
>F 7594905 cores checked in 1524.34 sec
>A genbg n=7+14 e=36:36 d=4:0 D=7:3  class=154/200
>Z 7599255 graphs generated in 1226.67 sec
>F 7599255 cores checked in 1527.16 sec
>A genbg n=7+14 e=36:36 d=4:0 D=7:3  class=155/200
>Z 7603209 graphs generated in 1227.62 sec
>F 7603209 cores checked in 1528.04 sec
>A genbg n=7+14 e=36:36 d=4:0 D=7:3  class=156/200
>Z 7605390 graphs generated in 1227.95 sec
>F 7605390 cores checked in 1528.95 sec
>A genbg n=7+14 e=36:36 d=4:0 D=7:3  class=157/200
>Z 7591793 graphs generated in 1228.42 sec
>F 7591793 cores checked in 1523.55 sec
>A genbg n=7+14 e=36:36 d=4:0 D=7:3  class=158/200
>Z 7593465 graphs generated in 1228.31 sec
>F 7593465 cores checked in 1525.40 sec
>A genbg n=7+14 e=36:36 d=4:0 D=7:3  class=159/200
>Z 7576356 graphs generated in 1228.82 sec
>F 7576356 cores checked in 1521.65 sec
>A genbg n=7+14 e=36:36 d=4:0 D=7:3  class=160/200
>Z 7601613 graphs generated in 1228.14 sec
>F 7601613 cores checked in 1528.34 sec
>A genbg n=7+14 e=36:36 d=4:0 D=7:3  class=161/200
>Z 7569888 graphs generated in 1228.10 sec
>F 7569888 cores checked in 1523.34 sec
>A genbg n=7+14 e=36:36 d=4:0 D=7:3  class=162/200
>Z 7573787 graphs generated in 1227.76 sec
>F 7573787 cores checked in 1524.77 sec
>A genbg n=7+14 e=36:36 d=4:0 D=7:3  class=163/200
>Z 7585060 graphs generated in 1228.55 sec
>F 7585060 cores checked in 1518.72 sec
>A genbg n=7+14 e=36:36 d=4:0 D=7:3  class=164/200
>Z 7582005 graphs generated in 1229.41 sec
>F 7582005 cores checked in 1518.87 sec
>A genbg n=7+14 e=36:36 d=4:0 D=7:3  class=165/200
>Z 7610479 graphs generated in 1228.18 sec
>F 7610479 cores checked in 1523.15 sec
>A genbg n=7+14 e=36:36 d=4:0 D=7:3  class=166/200
>Z 7581070 graphs generated in 1229.00 sec
>F 7581070 cores checked in 1526.77 sec
>A genbg n=7+14 e=36:36 d=4:0 D=7:3  class=167/200
>Z 7584768 graphs generated in 1228.73 sec
>F 7584768 cores checked in 1519.44 sec
>A genbg n=7+14 e=36:36 d=4:0 D=7:3  class=168/200
>Z 7595499 graphs generated in 1228.24 sec
>F 7595499 cores checked in 1523.58 sec
>A genbg n=7+14 e=36:36 d=4:0 D=7:3  class=169/200
>Z 7585589 graphs generated in 1227.93 sec
>F 7585589 cores checked in 1523.75 sec
>A genbg n=7+14 e=36:36 d=4:0 D=7:3  class=170/200
>Z 7595865 graphs generated in 1228.67 sec
>F 7595865 cores checked in 1532.04 sec
>A genbg n=7+14 e=36:36 d=4:0 D=7:3  class=171/200
>Z 7598893 graphs generated in 1229.13 sec
>F 7598893 cores checked in 1529.36 sec
>A genbg n=7+14 e=36:36 d=4:0 D=7:3  class=172/200
>Z 7597011 graphs generated in 1228.57 sec
>F 7597011 cores checked in 1527.19 sec
>A genbg n=7+14 e=36:36 d=4:0 D=7:3  class=173/200
>Z 7587090 graphs generated in 1229.13 sec
>F 7587090 cores checked in 1523.52 sec
>A genbg n=7+14 e=36:36 d=4:0 D=7:3  class=174/200
>Z 7594744 graphs generated in 1228.01 sec
>F 7594744 cores checked in 1529.01 sec
>A genbg n=7+14 e=36:36 d=4:0 D=7:3  class=175/200
>Z 7603708 graphs generated in 1228.42 sec
>F 7603708 cores checked in 1538.15 sec
>A genbg n=7+14 e=36:36 d=4:0 D=7:3  class=176/200
>Z 7593359 graphs generated in 1228.31 sec
>F 7593359 cores checked in 1528.17 sec
>A genbg n=7+14 e=36:36 d=4:0 D=7:3  class=177/200
>Z 7586959 graphs generated in 1227.45 sec
>F 7586959 cores checked in 1526.61 sec
>A genbg n=7+14 e=36:36 d=4:0 D=7:3  class=178/200
>Z 7588736 graphs generated in 1227.98 sec
>F 7588736 cores checked in 1525.55 sec
>A genbg n=7+14 e=36:36 d=4:0 D=7:3  class=179/200
>Z 7597724 graphs generated in 1227.54 sec
>F 7597724 cores checked in 1525.17 sec
>A genbg n=7+14 e=36:36 d=4:0 D=7:3  class=180/200
>Z 7617757 graphs generated in 1226.22 sec
>F 7617757 cores checked in 1526.27 sec
>A genbg n=7+14 e=36:36 d=4:0 D=7:3  class=181/200
>Z 7604149 graphs generated in 1227.06 sec
>F 7604149 cores checked in 1528.70 sec
>A genbg n=7+14 e=36:36 d=4:0 D=7:3  class=182/200
>Z 7589560 graphs generated in 1226.12 sec
>F 7589560 cores checked in 1524.83 sec
>A genbg n=7+14 e=36:36 d=4:0 D=7:3  class=183/200
>Z 7612649 graphs generated in 1227.34 sec
>F 7612649 cores checked in 1528.12 sec
>A genbg n=7+14 e=36:36 d=4:0 D=7:3  class=184/200
>Z 7599217 graphs generated in 1227.88 sec
>F 7599217 cores checked in 1532.19 sec
>A genbg n=7+14 e=36:36 d=4:0 D=7:3  class=185/200
>Z 7584936 graphs generated in 1231.68 sec
>F 7584936 cores checked in 1524.86 sec
>A genbg n=7+14 e=36:36 d=4:0 D=7:3  class=186/200
>Z 7596590 graphs generated in 1227.37 sec
>F 7596590 cores checked in 1530.02 sec
>A genbg n=7+14 e=36:36 d=4:0 D=7:3  class=187/200
>Z 7574702 graphs generated in 1226.97 sec
>F 7574702 cores checked in 1520.89 sec
>A genbg n=7+14 e=36:36 d=4:0 D=7:3  class=188/200
>Z 7584850 graphs generated in 1228.74 sec
>F 7584850 cores checked in 1527.62 sec
>A genbg n=7+14 e=36:36 d=4:0 D=7:3  class=189/200
>Z 7582205 graphs generated in 1228.91 sec
>F 7582205 cores checked in 1525.98 sec
>A genbg n=7+14 e=36:36 d=4:0 D=7:3  class=190/200
>Z 7588083 graphs generated in 1228.52 sec
>F 7588083 cores checked in 1525.73 sec
>A genbg n=7+14 e=36:36 d=4:0 D=7:3  class=191/200
>Z 7605522 graphs generated in 1230.88 sec
>F 7605522 cores checked in 1530.53 sec
>A genbg n=7+14 e=36:36 d=4:0 D=7:3  class=192/200
>Z 7589457 graphs generated in 1229.16 sec
>F 7589457 cores checked in 1525.11 sec
>A genbg n=7+14 e=36:36 d=4:0 D=7:3  class=193/200
>Z 7594438 graphs generated in 1229.96 sec
>F 7594438 cores checked in 1526.76 sec
>A genbg n=7+14 e=36:36 d=4:0 D=7:3  class=194/200
>Z 7573432 graphs generated in 1229.05 sec
>F 7573432 cores checked in 1522.23 sec
>A genbg n=7+14 e=36:36 d=4:0 D=7:3  class=195/200
>Z 7602556 graphs generated in 1228.19 sec
>F 7602556 cores checked in 1527.59 sec
>A genbg n=7+14 e=36:36 d=4:0 D=7:3  class=196/200
>Z 7581067 graphs generated in 1229.73 sec
>F 7581067 cores checked in 1524.56 sec
>A genbg n=7+14 e=36:36 d=4:0 D=7:3  class=197/200
>Z 7561921 graphs generated in 1229.19 sec
>F 7561921 cores checked in 1520.57 sec
>A genbg n=7+14 e=36:36 d=4:0 D=7:3  class=198/200
>Z 7581291 graphs generated in 1229.73 sec
>F 7581291 cores checked in 1523.99 sec
>A genbg n=7+14 e=36:36 d=4:0 D=7:3  class=199/200
>Z 7588347 graphs generated in 1241.07 sec
>F 7588347 cores checked in 1522.48 sec



=== Total number of graphs generated: 1518767258
=== Total number of graphs checked: 1518767258
=== Total time for generation: 245523.11 seconds
=== Total time for checking: 305432.46 seconds
=== Total number of exceptional graphs: 0

