=== Log file for genbg_-d8:0_-D8:3_5_16_40:40



>A genbg n=5+16 e=40:40 d=8:0 D=8:3  class=0/200
>Z 156 graphs generated in 16.15 sec
>F 156 cores checked in 0.12 sec
>A genbg n=5+16 e=40:40 d=8:0 D=8:3  class=1/200
>Z 171 graphs generated in 16.14 sec
>F 171 cores checked in 0.13 sec
>A genbg n=5+16 e=40:40 d=8:0 D=8:3  class=2/200
>Z 162 graphs generated in 16.00 sec
>F 162 cores checked in 0.13 sec
>A genbg n=5+16 e=40:40 d=8:0 D=8:3  class=3/200
>Z 150 graphs generated in 16.16 sec
>F 150 cores checked in 0.12 sec
>A genbg n=5+16 e=40:40 d=8:0 D=8:3  class=4/200
>Z 142 graphs generated in 16.09 sec
>F 142 cores checked in 0.11 sec
>A genbg n=5+16 e=40:40 d=8:0 D=8:3  class=5/200
>Z 150 graphs generated in 16.15 sec
>F 150 cores checked in 0.12 sec
>A genbg n=5+16 e=40:40 d=8:0 D=8:3  class=6/200
>Z 144 graphs generated in 15.97 sec
>F 144 cores checked in 0.11 sec
>A genbg n=5+16 e=40:40 d=8:0 D=8:3  class=7/200
>Z 152 graphs generated in 16.11 sec
>F 152 cores checked in 0.12 sec
>A genbg n=5+16 e=40:40 d=8:0 D=8:3  class=8/200
>Z 147 graphs generated in 16.01 sec
>F 147 cores checked in 0.12 sec
>A genbg n=5+16 e=40:40 d=8:0 D=8:3  class=9/200
>Z 155 graphs generated in 16.13 sec
>F 155 cores checked in 0.12 sec
>A genbg n=5+16 e=40:40 d=8:0 D=8:3  class=10/200
>Z 174 graphs generated in 16.19 sec
>F 174 cores checked in 0.14 sec
>A genbg n=5+16 e=40:40 d=8:0 D=8:3  class=11/200
>Z 160 graphs generated in 16.23 sec
>F 160 cores checked in 0.12 sec
>A genbg n=5+16 e=40:40 d=8:0 D=8:3  class=12/200
>Z 168 graphs generated in 15.96 sec
>F 168 cores checked in 0.13 sec
>A genbg n=5+16 e=40:40 d=8:0 D=8:3  class=13/200
>Z 147 graphs generated in 15.91 sec
>F 147 cores checked in 0.12 sec
>A genbg n=5+16 e=40:40 d=8:0 D=8:3  class=14/200
>Z 134 graphs generated in 16.10 sec
>F 134 cores checked in 0.10 sec
>A genbg n=5+16 e=40:40 d=8:0 D=8:3  class=15/200
>Z 153 graphs generated in 16.07 sec
>F 153 cores checked in 0.12 sec
>A genbg n=5+16 e=40:40 d=8:0 D=8:3  class=16/200
>Z 158 graphs generated in 16.00 sec
>F 158 cores checked in 0.12 sec
>A genbg n=5+16 e=40:40 d=8:0 D=8:3  class=17/200
>Z 145 graphs generated in 16.17 sec
>F 145 cores checked in 0.11 sec
>A genbg n=5+16 e=40:40 d=8:0 D=8:3  class=18/200
>Z 170 graphs generated in 16.12 sec
>F 170 cores checked in 0.13 sec
>A genbg n=5+16 e=40:40 d=8:0 D=8:3  class=19/200
>Z 145 graphs generated in 16.12 sec
>F 145 cores checked in 0.11 sec
>A genbg n=5+16 e=40:40 d=8:0 D=8:3  class=20/200
>Z 162 graphs generated in 16.13 sec
>F 162 cores checked in 0.13 sec
>A genbg n=5+16 e=40:40 d=8:0 D=8:3  class=21/200
>Z 155 graphs generated in 16.11 sec
>F 155 cores checked in 0.12 sec
>A genbg n=5+16 e=40:40 d=8:0 D=8:3  class=22/200
>Z 171 graphs generated in 16.20 sec
>F 171 cores checked in 0.13 sec
>A genbg n=5+16 e=40:40 d=8:0 D=8:3  class=23/200
>Z 160 graphs generated in 15.92 sec
>F 160 cores checked in 0.13 sec
>A genbg n=5+16 e=40:40 d=8:0 D=8:3  class=24/200
>Z 154 graphs generated in 15.79 sec
>F 154 cores checked in 0.12 sec
>A genbg n=5+16 e=40:40 d=8:0 D=8:3  class=25/200
>Z 137 graphs generated in 15.40 sec
>F 137 cores checked in 0.11 sec
>A genbg n=5+16 e=40:40 d=8:0 D=8:3  class=26/200
>Z 164 graphs generated in 15.98 sec
>F 164 cores checked in 0.13 sec
>A genbg n=5+16 e=40:40 d=8:0 D=8:3  class=27/200
>Z 135 graphs generated in 16.26 sec
>F 135 cores checked in 0.10 sec
>A genbg n=5+16 e=40:40 d=8:0 D=8:3  class=28/200
>Z 165 graphs generated in 15.90 sec
>F 165 cores checked in 0.13 sec
>A genbg n=5+16 e=40:40 d=8:0 D=8:3  class=29/200
>Z 150 graphs generated in 16.20 sec
>F 150 cores checked in 0.12 sec
>A genbg n=5+16 e=40:40 d=8:0 D=8:3  class=30/200
>Z 162 graphs generated in 15.88 sec
>F 162 cores checked in 0.13 sec
>A genbg n=5+16 e=40:40 d=8:0 D=8:3  class=31/200
>Z 132 graphs generated in 15.90 sec
>F 132 cores checked in 0.10 sec
>A genbg n=5+16 e=40:40 d=8:0 D=8:3  class=32/200
>Z 147 graphs generated in 15.87 sec
>F 147 cores checked in 0.12 sec
>A genbg n=5+16 e=40:40 d=8:0 D=8:3  class=33/200
>Z 158 graphs generated in 15.53 sec
>F 158 cores checked in 0.12 sec
>A genbg n=5+16 e=40:40 d=8:0 D=8:3  class=34/200
>Z 152 graphs generated in 15.89 sec
>F 152 cores checked in 0.12 sec
>A genbg n=5+16 e=40:40 d=8:0 D=8:3  class=35/200
>Z 166 graphs generated in 15.35 sec
>F 166 cores checked in 0.13 sec
>A genbg n=5+16 e=40:40 d=8:0 D=8:3  class=36/200
>Z 160 graphs generated in 16.17 sec
>F 160 cores checked in 0.13 sec
>A genbg n=5+16 e=40:40 d=8:0 D=8:3  class=37/200
>Z 135 graphs generated in 16.08 sec
>F 135 cores checked in 0.11 sec
>A genbg n=5+16 e=40:40 d=8:0 D=8:3  class=38/200
>Z 157 graphs generated in 16.18 sec
>F 157 cores checked in 0.12 sec
>A genbg n=5+16 e=40:40 d=8:0 D=8:3  class=39/200
>Z 163 graphs generated in 15.53 sec
>F 163 cores checked in 0.13 sec
>A genbg n=5+16 e=40:40 d=8:0 D=8:3  class=40/200
>Z 169 graphs generated in 15.90 sec
>F 169 cores checked in 0.13 sec
>A genbg n=5+16 e=40:40 d=8:0 D=8:3  class=41/200
>Z 155 graphs generated in 16.07 sec
>F 155 cores checked in 0.12 sec
>A genbg n=5+16 e=40:40 d=8:0 D=8:3  class=42/200
>Z 157 graphs generated in 15.74 sec
>F 157 cores checked in 0.12 sec
>A genbg n=5+16 e=40:40 d=8:0 D=8:3  class=43/200
>Z 153 graphs generated in 15.89 sec
>F 153 cores checked in 0.11 sec
>A genbg n=5+16 e=40:40 d=8:0 D=8:3  class=44/200
>Z 153 graphs generated in 16.12 sec
>F 153 cores checked in 0.12 sec
>A genbg n=5+16 e=40:40 d=8:0 D=8:3  class=45/200
>Z 154 graphs generated in 15.91 sec
>F 154 cores checked in 0.12 sec
>A genbg n=5+16 e=40:40 d=8:0 D=8:3  class=46/200
>Z 132 graphs generated in 16.12 sec
>F 132 cores checked in 0.10 sec
>A genbg n=5+16 e=40:40 d=8:0 D=8:3  class=47/200
>Z 130 graphs generated in 15.42 sec
>F 130 cores checked in 0.10 sec
>A genbg n=5+16 e=40:40 d=8:0 D=8:3  class=48/200
>Z 155 graphs generated in 16.25 sec
>F 155 cores checked in 0.12 sec
>A genbg n=5+16 e=40:40 d=8:0 D=8:3  class=49/200
>Z 140 graphs generated in 17.19 sec
>F 140 cores checked in 0.11 sec
>A genbg n=5+16 e=40:40 d=8:0 D=8:3  class=50/200
>Z 132 graphs generated in 15.73 sec
>F 132 cores checked in 0.10 sec
>A genbg n=5+16 e=40:40 d=8:0 D=8:3  class=51/200
>Z 144 graphs generated in 16.05 sec
>F 144 cores checked in 0.11 sec
>A genbg n=5+16 e=40:40 d=8:0 D=8:3  class=52/200
>Z 169 graphs generated in 15.85 sec
>F 169 cores checked in 0.13 sec
>A genbg n=5+16 e=40:40 d=8:0 D=8:3  class=53/200
>Z 166 graphs generated in 15.92 sec
>F 166 cores checked in 0.13 sec
>A genbg n=5+16 e=40:40 d=8:0 D=8:3  class=54/200
>Z 146 graphs generated in 15.86 sec
>F 146 cores checked in 0.11 sec
>A genbg n=5+16 e=40:40 d=8:0 D=8:3  class=55/200
>Z 139 graphs generated in 16.28 sec
>F 139 cores checked in 0.11 sec
>A genbg n=5+16 e=40:40 d=8:0 D=8:3  class=56/200
>Z 165 graphs generated in 15.80 sec
>F 165 cores checked in 0.13 sec
>A genbg n=5+16 e=40:40 d=8:0 D=8:3  class=57/200
>Z 151 graphs generated in 14.54 sec
>F 151 cores checked in 0.12 sec
>A genbg n=5+16 e=40:40 d=8:0 D=8:3  class=58/200
>Z 149 graphs generated in 15.36 sec
>F 149 cores checked in 0.12 sec
>A genbg n=5+16 e=40:40 d=8:0 D=8:3  class=59/200
>Z 138 graphs generated in 16.18 sec
>F 138 cores checked in 0.11 sec
>A genbg n=5+16 e=40:40 d=8:0 D=8:3  class=60/200
>Z 166 graphs generated in 15.80 sec
>F 166 cores checked in 0.13 sec
>A genbg n=5+16 e=40:40 d=8:0 D=8:3  class=61/200
>Z 152 graphs generated in 15.77 sec
>F 152 cores checked in 0.12 sec
>A genbg n=5+16 e=40:40 d=8:0 D=8:3  class=62/200
>Z 157 graphs generated in 15.87 sec
>F 157 cores checked in 0.12 sec
>A genbg n=5+16 e=40:40 d=8:0 D=8:3  class=63/200
>Z 162 graphs generated in 16.20 sec
>F 162 cores checked in 0.13 sec
>A genbg n=5+16 e=40:40 d=8:0 D=8:3  class=64/200
>Z 153 graphs generated in 16.09 sec
>F 153 cores checked in 0.12 sec
>A genbg n=5+16 e=40:40 d=8:0 D=8:3  class=65/200
>Z 144 graphs generated in 15.65 sec
>F 144 cores checked in 0.11 sec
>A genbg n=5+16 e=40:40 d=8:0 D=8:3  class=66/200
>Z 151 graphs generated in 16.06 sec
>F 151 cores checked in 0.12 sec
>A genbg n=5+16 e=40:40 d=8:0 D=8:3  class=67/200
>Z 148 graphs generated in 15.73 sec
>F 148 cores checked in 0.12 sec
>A genbg n=5+16 e=40:40 d=8:0 D=8:3  class=68/200
>Z 136 graphs generated in 15.95 sec
>F 136 cores checked in 0.11 sec
>A genbg n=5+16 e=40:40 d=8:0 D=8:3  class=69/200
>Z 156 graphs generated in 16.25 sec
>F 156 cores checked in 0.12 sec
>A genbg n=5+16 e=40:40 d=8:0 D=8:3  class=70/200
>Z 145 graphs generated in 15.91 sec
>F 145 cores checked in 0.11 sec
>A genbg n=5+16 e=40:40 d=8:0 D=8:3  class=71/200
>Z 159 graphs generated in 15.85 sec
>F 159 cores checked in 0.12 sec
>A genbg n=5+16 e=40:40 d=8:0 D=8:3  class=72/200
>Z 170 graphs generated in 16.27 sec
>F 170 cores checked in 0.13 sec
>A genbg n=5+16 e=40:40 d=8:0 D=8:3  class=73/200
>Z 138 graphs generated in 16.04 sec
>F 138 cores checked in 0.11 sec
>A genbg n=5+16 e=40:40 d=8:0 D=8:3  class=74/200
>Z 155 graphs generated in 15.47 sec
>F 155 cores checked in 0.12 sec
>A genbg n=5+16 e=40:40 d=8:0 D=8:3  class=75/200
>Z 134 graphs generated in 15.62 sec
>F 134 cores checked in 0.11 sec
>A genbg n=5+16 e=40:40 d=8:0 D=8:3  class=76/200
>Z 153 graphs generated in 16.07 sec
>F 153 cores checked in 0.12 sec
>A genbg n=5+16 e=40:40 d=8:0 D=8:3  class=77/200
>Z 167 graphs generated in 15.90 sec
>F 167 cores checked in 0.13 sec
>A genbg n=5+16 e=40:40 d=8:0 D=8:3  class=78/200
>Z 144 graphs generated in 16.03 sec
>F 144 cores checked in 0.11 sec
>A genbg n=5+16 e=40:40 d=8:0 D=8:3  class=79/200
>Z 153 graphs generated in 15.82 sec
>F 153 cores checked in 0.12 sec
>A genbg n=5+16 e=40:40 d=8:0 D=8:3  class=80/200
>Z 150 graphs generated in 15.87 sec
>F 150 cores checked in 0.12 sec
>A genbg n=5+16 e=40:40 d=8:0 D=8:3  class=81/200
>Z 154 graphs generated in 16.16 sec
>F 154 cores checked in 0.12 sec
>A genbg n=5+16 e=40:40 d=8:0 D=8:3  class=82/200
>Z 168 graphs generated in 15.89 sec
>F 168 cores checked in 0.13 sec
>A genbg n=5+16 e=40:40 d=8:0 D=8:3  class=83/200
>Z 148 graphs generated in 15.70 sec
>F 148 cores checked in 0.12 sec
>A genbg n=5+16 e=40:40 d=8:0 D=8:3  class=84/200
>Z 130 graphs generated in 15.59 sec
>F 130 cores checked in 0.10 sec
>A genbg n=5+16 e=40:40 d=8:0 D=8:3  class=85/200
>Z 162 graphs generated in 16.05 sec
>F 162 cores checked in 0.12 sec
>A genbg n=5+16 e=40:40 d=8:0 D=8:3  class=86/200
>Z 167 graphs generated in 16.08 sec
>F 167 cores checked in 0.13 sec
>A genbg n=5+16 e=40:40 d=8:0 D=8:3  class=87/200
>Z 122 graphs generated in 15.84 sec
>F 122 cores checked in 0.10 sec
>A genbg n=5+16 e=40:40 d=8:0 D=8:3  class=88/200
>Z 178 graphs generated in 15.75 sec
>F 178 cores checked in 0.14 sec
>A genbg n=5+16 e=40:40 d=8:0 D=8:3  class=89/200
>Z 150 graphs generated in 15.37 sec
>F 150 cores checked in 0.12 sec
>A genbg n=5+16 e=40:40 d=8:0 D=8:3  class=90/200
>Z 181 graphs generated in 16.12 sec
>F 181 cores checked in 0.14 sec
>A genbg n=5+16 e=40:40 d=8:0 D=8:3  class=91/200
>Z 150 graphs generated in 15.48 sec
>F 150 cores checked in 0.12 sec
>A genbg n=5+16 e=40:40 d=8:0 D=8:3  class=92/200
>Z 136 graphs generated in 15.74 sec
>F 136 cores checked in 0.11 sec
>A genbg n=5+16 e=40:40 d=8:0 D=8:3  class=93/200
>Z 146 graphs generated in 15.79 sec
>F 146 cores checked in 0.12 sec
>A genbg n=5+16 e=40:40 d=8:0 D=8:3  class=94/200
>Z 158 graphs generated in 16.19 sec
>F 158 cores checked in 0.13 sec
>A genbg n=5+16 e=40:40 d=8:0 D=8:3  class=95/200
>Z 187 graphs generated in 15.81 sec
>F 187 cores checked in 0.14 sec
>A genbg n=5+16 e=40:40 d=8:0 D=8:3  class=96/200
>Z 141 graphs generated in 16.21 sec
>F 141 cores checked in 0.11 sec
>A genbg n=5+16 e=40:40 d=8:0 D=8:3  class=97/200
>Z 129 graphs generated in 15.90 sec
>F 129 cores checked in 0.10 sec
>A genbg n=5+16 e=40:40 d=8:0 D=8:3  class=98/200
>Z 166 graphs generated in 15.96 sec
>F 166 cores checked in 0.13 sec
>A genbg n=5+16 e=40:40 d=8:0 D=8:3  class=99/200
>Z 152 graphs generated in 15.93 sec
>F 152 cores checked in 0.12 sec
>A genbg n=5+16 e=40:40 d=8:0 D=8:3  class=100/200
>Z 135 graphs generated in 15.45 sec
>F 135 cores checked in 0.11 sec
>A genbg n=5+16 e=40:40 d=8:0 D=8:3  class=101/200
>Z 155 graphs generated in 15.82 sec
>F 155 cores checked in 0.12 sec
>A genbg n=5+16 e=40:40 d=8:0 D=8:3  class=102/200
>Z 147 graphs generated in 16.07 sec
>F 147 cores checked in 0.12 sec
>A genbg n=5+16 e=40:40 d=8:0 D=8:3  class=103/200
>Z 150 graphs generated in 15.53 sec
>F 150 cores checked in 0.12 sec
>A genbg n=5+16 e=40:40 d=8:0 D=8:3  class=104/200
>Z 142 graphs generated in 16.05 sec
>F 142 cores checked in 0.11 sec
>A genbg n=5+16 e=40:40 d=8:0 D=8:3  class=105/200
>Z 157 graphs generated in 16.05 sec
>F 157 cores checked in 0.12 sec
>A genbg n=5+16 e=40:40 d=8:0 D=8:3  class=106/200
>Z 143 graphs generated in 16.17 sec
>F 143 cores checked in 0.11 sec
>A genbg n=5+16 e=40:40 d=8:0 D=8:3  class=107/200
>Z 118 graphs generated in 15.98 sec
>F 118 cores checked in 0.10 sec
>A genbg n=5+16 e=40:40 d=8:0 D=8:3  class=108/200
>Z 158 graphs generated in 15.95 sec
>F 158 cores checked in 0.12 sec
>A genbg n=5+16 e=40:40 d=8:0 D=8:3  class=109/200
>Z 148 graphs generated in 16.21 sec
>F 148 cores checked in 0.12 sec
>A genbg n=5+16 e=40:40 d=8:0 D=8:3  class=110/200
>Z 162 graphs generated in 15.26 sec
>F 162 cores checked in 0.13 sec
>A genbg n=5+16 e=40:40 d=8:0 D=8:3  class=111/200
>Z 149 graphs generated in 15.78 sec
>F 149 cores checked in 0.12 sec
>A genbg n=5+16 e=40:40 d=8:0 D=8:3  class=112/200
>Z 138 graphs generated in 15.84 sec
>F 138 cores checked in 0.11 sec
>A genbg n=5+16 e=40:40 d=8:0 D=8:3  class=113/200
>Z 141 graphs generated in 16.08 sec
>F 141 cores checked in 0.11 sec
>A genbg n=5+16 e=40:40 d=8:0 D=8:3  class=114/200
>Z 164 graphs generated in 15.77 sec
>F 164 cores checked in 0.13 sec
>A genbg n=5+16 e=40:40 d=8:0 D=8:3  class=115/200
>Z 166 graphs generated in 15.71 sec
>F 166 cores checked in 0.13 sec
>A genbg n=5+16 e=40:40 d=8:0 D=8:3  class=116/200
>Z 146 graphs generated in 15.80 sec
>F 146 cores checked in 0.12 sec
>A genbg n=5+16 e=40:40 d=8:0 D=8:3  class=117/200
>Z 148 graphs generated in 15.71 sec
>F 148 cores checked in 0.12 sec
>A genbg n=5+16 e=40:40 d=8:0 D=8:3  class=118/200
>Z 154 graphs generated in 15.78 sec
>F 154 cores checked in 0.12 sec
>A genbg n=5+16 e=40:40 d=8:0 D=8:3  class=119/200
>Z 175 graphs generated in 15.87 sec
>F 175 cores checked in 0.14 sec
>A genbg n=5+16 e=40:40 d=8:0 D=8:3  class=120/200
>Z 173 graphs generated in 15.88 sec
>F 173 cores checked in 0.13 sec
>A genbg n=5+16 e=40:40 d=8:0 D=8:3  class=121/200
>Z 170 graphs generated in 15.98 sec
>F 170 cores checked in 0.13 sec
>A genbg n=5+16 e=40:40 d=8:0 D=8:3  class=122/200
>Z 160 graphs generated in 16.01 sec
>F 160 cores checked in 0.12 sec
>A genbg n=5+16 e=40:40 d=8:0 D=8:3  class=123/200
>Z 144 graphs generated in 15.98 sec
>F 144 cores checked in 0.11 sec
>A genbg n=5+16 e=40:40 d=8:0 D=8:3  class=124/200
>Z 155 graphs generated in 16.22 sec
>F 155 cores checked in 0.12 sec
>A genbg n=5+16 e=40:40 d=8:0 D=8:3  class=125/200
>Z 137 graphs generated in 15.05 sec
>F 137 cores checked in 0.11 sec
>A genbg n=5+16 e=40:40 d=8:0 D=8:3  class=126/200
>Z 169 graphs generated in 15.46 sec
>F 169 cores checked in 0.13 sec
>A genbg n=5+16 e=40:40 d=8:0 D=8:3  class=127/200
>Z 160 graphs generated in 15.19 sec
>F 160 cores checked in 0.12 sec
>A genbg n=5+16 e=40:40 d=8:0 D=8:3  class=128/200
>Z 167 graphs generated in 15.68 sec
>F 167 cores checked in 0.13 sec
>A genbg n=5+16 e=40:40 d=8:0 D=8:3  class=129/200
>Z 128 graphs generated in 16.13 sec
>F 128 cores checked in 0.10 sec
>A genbg n=5+16 e=40:40 d=8:0 D=8:3  class=130/200
>Z 171 graphs generated in 15.90 sec
>F 171 cores checked in 0.13 sec
>A genbg n=5+16 e=40:40 d=8:0 D=8:3  class=131/200
>Z 122 graphs generated in 15.83 sec
>F 122 cores checked in 0.10 sec
>A genbg n=5+16 e=40:40 d=8:0 D=8:3  class=132/200
>Z 148 graphs generated in 15.97 sec
>F 148 cores checked in 0.12 sec
>A genbg n=5+16 e=40:40 d=8:0 D=8:3  class=133/200
>Z 149 graphs generated in 15.96 sec
>F 149 cores checked in 0.12 sec
>A genbg n=5+16 e=40:40 d=8:0 D=8:3  class=134/200
>Z 145 graphs generated in 15.56 sec
>F 145 cores checked in 0.11 sec
>A genbg n=5+16 e=40:40 d=8:0 D=8:3  class=135/200
>Z 167 graphs generated in 16.14 sec
>F 167 cores checked in 0.12 sec
>A genbg n=5+16 e=40:40 d=8:0 D=8:3  class=136/200
>Z 181 graphs generated in 15.40 sec
>F 181 cores checked in 0.14 sec
>A genbg n=5+16 e=40:40 d=8:0 D=8:3  class=137/200
>Z 151 graphs generated in 16.00 sec
>F 151 cores checked in 0.12 sec
>A genbg n=5+16 e=40:40 d=8:0 D=8:3  class=138/200
>Z 159 graphs generated in 16.28 sec
>F 159 cores checked in 0.13 sec
>A genbg n=5+16 e=40:40 d=8:0 D=8:3  class=139/200
>Z 150 graphs generated in 15.69 sec
>F 150 cores checked in 0.12 sec
>A genbg n=5+16 e=40:40 d=8:0 D=8:3  class=140/200
>Z 148 graphs generated in 15.96 sec
>F 148 cores checked in 0.12 sec
>A genbg n=5+16 e=40:40 d=8:0 D=8:3  class=141/200
>Z 154 graphs generated in 16.15 sec
>F 154 cores checked in 0.12 sec
>A genbg n=5+16 e=40:40 d=8:0 D=8:3  class=142/200
>Z 167 graphs generated in 15.39 sec
>F 167 cores checked in 0.13 sec
>A genbg n=5+16 e=40:40 d=8:0 D=8:3  class=143/200
>Z 162 graphs generated in 15.78 sec
>F 162 cores checked in 0.13 sec
>A genbg n=5+16 e=40:40 d=8:0 D=8:3  class=144/200
>Z 155 graphs generated in 16.20 sec
>F 155 cores checked in 0.12 sec
>A genbg n=5+16 e=40:40 d=8:0 D=8:3  class=145/200
>Z 162 graphs generated in 15.51 sec
>F 162 cores checked in 0.13 sec
>A genbg n=5+16 e=40:40 d=8:0 D=8:3  class=146/200
>Z 145 graphs generated in 16.17 sec
>F 145 cores checked in 0.11 sec
>A genbg n=5+16 e=40:40 d=8:0 D=8:3  class=147/200
>Z 153 graphs generated in 16.30 sec
>F 153 cores checked in 0.12 sec
>A genbg n=5+16 e=40:40 d=8:0 D=8:3  class=148/200
>Z 163 graphs generated in 16.08 sec
>F 163 cores checked in 0.13 sec
>A genbg n=5+16 e=40:40 d=8:0 D=8:3  class=149/200
>Z 162 graphs generated in 16.05 sec
>F 162 cores checked in 0.12 sec
>A genbg n=5+16 e=40:40 d=8:0 D=8:3  class=150/200
>Z 149 graphs generated in 16.18 sec
>F 149 cores checked in 0.12 sec
>A genbg n=5+16 e=40:40 d=8:0 D=8:3  class=151/200
>Z 127 graphs generated in 15.78 sec
>F 127 cores checked in 0.10 sec
>A genbg n=5+16 e=40:40 d=8:0 D=8:3  class=152/200
>Z 170 graphs generated in 16.16 sec
>F 170 cores checked in 0.13 sec
>A genbg n=5+16 e=40:40 d=8:0 D=8:3  class=153/200
>Z 137 graphs generated in 15.56 sec
>F 137 cores checked in 0.11 sec
>A genbg n=5+16 e=40:40 d=8:0 D=8:3  class=154/200
>Z 145 graphs generated in 15.32 sec
>F 145 cores checked in 0.12 sec
>A genbg n=5+16 e=40:40 d=8:0 D=8:3  class=155/200
>Z 149 graphs generated in 15.89 sec
>F 149 cores checked in 0.12 sec
>A genbg n=5+16 e=40:40 d=8:0 D=8:3  class=156/200
>Z 149 graphs generated in 15.86 sec
>F 149 cores checked in 0.12 sec
>A genbg n=5+16 e=40:40 d=8:0 D=8:3  class=157/200
>Z 159 graphs generated in 15.61 sec
>F 159 cores checked in 0.13 sec
>A genbg n=5+16 e=40:40 d=8:0 D=8:3  class=158/200
>Z 152 graphs generated in 15.96 sec
>F 152 cores checked in 0.12 sec
>A genbg n=5+16 e=40:40 d=8:0 D=8:3  class=159/200
>Z 148 graphs generated in 15.84 sec
>F 148 cores checked in 0.12 sec
>A genbg n=5+16 e=40:40 d=8:0 D=8:3  class=160/200
>Z 156 graphs generated in 15.97 sec
>F 156 cores checked in 0.12 sec
>A genbg n=5+16 e=40:40 d=8:0 D=8:3  class=161/200
>Z 140 graphs generated in 16.10 sec
>F 140 cores checked in 0.11 sec
>A genbg n=5+16 e=40:40 d=8:0 D=8:3  class=162/200
>Z 148 graphs generated in 16.14 sec
>F 148 cores checked in 0.12 sec
>A genbg n=5+16 e=40:40 d=8:0 D=8:3  class=163/200
>Z 147 graphs generated in 15.86 sec
>F 147 cores checked in 0.12 sec
>A genbg n=5+16 e=40:40 d=8:0 D=8:3  class=164/200
>Z 163 graphs generated in 16.26 sec
>F 163 cores checked in 0.13 sec
>A genbg n=5+16 e=40:40 d=8:0 D=8:3  class=165/200
>Z 149 graphs generated in 15.87 sec
>F 149 cores checked in 0.12 sec
>A genbg n=5+16 e=40:40 d=8:0 D=8:3  class=166/200
>Z 140 graphs generated in 16.23 sec
>F 140 cores checked in 0.11 sec
>A genbg n=5+16 e=40:40 d=8:0 D=8:3  class=167/200
>Z 157 graphs generated in 15.84 sec
>F 157 cores checked in 0.13 sec
>A genbg n=5+16 e=40:40 d=8:0 D=8:3  class=168/200
>Z 130 graphs generated in 15.65 sec
>F 130 cores checked in 0.10 sec
>A genbg n=5+16 e=40:40 d=8:0 D=8:3  class=169/200
>Z 155 graphs generated in 15.75 sec
>F 155 cores checked in 0.12 sec
>A genbg n=5+16 e=40:40 d=8:0 D=8:3  class=170/200
>Z 140 graphs generated in 16.04 sec
>F 140 cores checked in 0.11 sec
>A genbg n=5+16 e=40:40 d=8:0 D=8:3  class=171/200
>Z 133 graphs generated in 16.06 sec
>F 133 cores checked in 0.10 sec
>A genbg n=5+16 e=40:40 d=8:0 D=8:3  class=172/200
>Z 138 graphs generated in 15.84 sec
>F 138 cores checked in 0.11 sec
>A genbg n=5+16 e=40:40 d=8:0 D=8:3  class=173/200
>Z 141 graphs generated in 16.14 sec
>F 141 cores checked in 0.11 sec
>A genbg n=5+16 e=40:40 d=8:0 D=8:3  class=174/200
>Z 159 graphs generated in 16.07 sec
>F 159 cores checked in 0.12 sec
>A genbg n=5+16 e=40:40 d=8:0 D=8:3  class=175/200
>Z 153 graphs generated in 16.15 sec
>F 153 cores checked in 0.12 sec
>A genbg n=5+16 e=40:40 d=8:0 D=8:3  class=176/200
>Z 148 graphs generated in 15.96 sec
>F 148 cores checked in 0.12 sec
>A genbg n=5+16 e=40:40 d=8:0 D=8:3  class=177/200
>Z 154 graphs generated in 15.33 sec
>F 154 cores checked in 0.12 sec
>A genbg n=5+16 e=40:40 d=8:0 D=8:3  class=178/200
>Z 144 graphs generated in 15.89 sec
>F 144 cores checked in 0.11 sec
>A genbg n=5+16 e=40:40 d=8:0 D=8:3  class=179/200
>Z 164 graphs generated in 15.91 sec
>F 164 cores checked in 0.13 sec
>A genbg n=5+16 e=40:40 d=8:0 D=8:3  class=180/200
>Z 150 graphs generated in 15.43 sec
>F 150 cores checked in 0.12 sec
>A genbg n=5+16 e=40:40 d=8:0 D=8:3  class=181/200
>Z 149 graphs generated in 16.08 sec
>F 149 cores checked in 0.12 sec
>A genbg n=5+16 e=40:40 d=8:0 D=8:3  class=182/200
>Z 153 graphs generated in 16.02 sec
>F 153 cores checked in 0.12 sec
>A genbg n=5+16 e=40:40 d=8:0 D=8:3  class=183/200
>Z 145 graphs generated in 15.44 sec
>F 145 cores checked in 0.11 sec
>A genbg n=5+16 e=40:40 d=8:0 D=8:3  class=184/200
>Z 147 graphs generated in 15.96 sec
>F 147 cores checked in 0.12 sec
>A genbg n=5+16 e=40:40 d=8:0 D=8:3  class=185/200
>Z 151 graphs generated in 16.12 sec
>F 151 cores checked in 0.12 sec
>A genbg n=5+16 e=40:40 d=8:0 D=8:3  class=186/200
>Z 153 graphs generated in 15.78 sec
>F 153 cores checked in 0.12 sec
>A genbg n=5+16 e=40:40 d=8:0 D=8:3  class=187/200
>Z 143 graphs generated in 16.05 sec
>F 143 cores checked in 0.11 sec
>A genbg n=5+16 e=40:40 d=8:0 D=8:3  class=188/200
>Z 132 graphs generated in 16.01 sec
>F 132 cores checked in 0.10 sec
>A genbg n=5+16 e=40:40 d=8:0 D=8:3  class=189/200
>Z 145 graphs generated in 16.06 sec
>F 145 cores checked in 0.11 sec
>A genbg n=5+16 e=40:40 d=8:0 D=8:3  class=190/200
>Z 146 graphs generated in 15.68 sec
>F 146 cores checked in 0.11 sec
>A genbg n=5+16 e=40:40 d=8:0 D=8:3  class=191/200
>Z 155 graphs generated in 16.10 sec
>F 155 cores checked in 0.12 sec
>A genbg n=5+16 e=40:40 d=8:0 D=8:3  class=192/200
>Z 164 graphs generated in 16.25 sec
>F 164 cores checked in 0.13 sec
>A genbg n=5+16 e=40:40 d=8:0 D=8:3  class=193/200
>Z 151 graphs generated in 16.22 sec
>F 151 cores checked in 0.12 sec
>A genbg n=5+16 e=40:40 d=8:0 D=8:3  class=194/200
>Z 144 graphs generated in 16.13 sec
>F 144 cores checked in 0.11 sec
>A genbg n=5+16 e=40:40 d=8:0 D=8:3  class=195/200
>Z 154 graphs generated in 16.00 sec
>F 154 cores checked in 0.12 sec
>A genbg n=5+16 e=40:40 d=8:0 D=8:3  class=196/200
>Z 174 graphs generated in 15.88 sec
>F 174 cores checked in 0.14 sec
>A genbg n=5+16 e=40:40 d=8:0 D=8:3  class=197/200
>Z 159 graphs generated in 15.83 sec
>F 159 cores checked in 0.12 sec
>A genbg n=5+16 e=40:40 d=8:0 D=8:3  class=198/200
>Z 159 graphs generated in 15.89 sec
>F 159 cores checked in 0.13 sec
>A genbg n=5+16 e=40:40 d=8:0 D=8:3  class=199/200
>Z 150 graphs generated in 16.04 sec
>F 150 cores checked in 0.12 sec



=== Total number of graphs generated: 30424
=== Total number of graphs checked: 30424
=== Total time for generation: 3182.98 seconds
=== Total time for checking: 23.86 seconds
=== Total number of exceptional graphs: 0

