=== Log file for genbg_-d4:0_-D6:3_8_13_37:37



>A genbg n=8+13 e=37:37 d=4:0 D=6:3  class=0/200
>Z 661843 graphs generated in 420.41 sec
>F 661843 cores checked in 212.02 sec
>A genbg n=8+13 e=37:37 d=4:0 D=6:3  class=1/200
>Z 662154 graphs generated in 420.68 sec
>F 662154 cores checked in 213.11 sec
>A genbg n=8+13 e=37:37 d=4:0 D=6:3  class=2/200
>Z 661669 graphs generated in 420.43 sec
>F 661669 cores checked in 212.29 sec
>A genbg n=8+13 e=37:37 d=4:0 D=6:3  class=3/200
>Z 657803 graphs generated in 420.52 sec
>F 657803 cores checked in 211.28 sec
>A genbg n=8+13 e=37:37 d=4:0 D=6:3  class=4/200
>Z 663788 graphs generated in 420.91 sec
>F 663788 cores checked in 213.17 sec
>A genbg n=8+13 e=37:37 d=4:0 D=6:3  class=5/200
>Z 662347 graphs generated in 421.55 sec
>F 662347 cores checked in 212.74 sec
>A genbg n=8+13 e=37:37 d=4:0 D=6:3  class=6/200
>Z 662279 graphs generated in 421.45 sec
>F 662279 cores checked in 212.24 sec
>A genbg n=8+13 e=37:37 d=4:0 D=6:3  class=7/200
>Z 658989 graphs generated in 420.81 sec
>F 658989 cores checked in 212.41 sec
>A genbg n=8+13 e=37:37 d=4:0 D=6:3  class=8/200
>Z 655484 graphs generated in 420.62 sec
>F 655484 cores checked in 211.17 sec
>A genbg n=8+13 e=37:37 d=4:0 D=6:3  class=9/200
>Z 660097 graphs generated in 421.28 sec
>F 660097 cores checked in 211.77 sec
>A genbg n=8+13 e=37:37 d=4:0 D=6:3  class=10/200
>Z 660603 graphs generated in 420.76 sec
>F 660603 cores checked in 211.58 sec
>A genbg n=8+13 e=37:37 d=4:0 D=6:3  class=11/200
>Z 660503 graphs generated in 420.89 sec
>F 660503 cores checked in 212.13 sec
>A genbg n=8+13 e=37:37 d=4:0 D=6:3  class=12/200
>Z 659594 graphs generated in 420.24 sec
>F 659594 cores checked in 213.45 sec
>A genbg n=8+13 e=37:37 d=4:0 D=6:3  class=13/200
>Z 659085 graphs generated in 422.89 sec
>F 659085 cores checked in 211.92 sec
>A genbg n=8+13 e=37:37 d=4:0 D=6:3  class=14/200
>Z 660590 graphs generated in 423.04 sec
>F 660590 cores checked in 212.56 sec
>A genbg n=8+13 e=37:37 d=4:0 D=6:3  class=15/200
>Z 661155 graphs generated in 422.88 sec
>F 661155 cores checked in 214.05 sec
>A genbg n=8+13 e=37:37 d=4:0 D=6:3  class=16/200
>Z 661852 graphs generated in 424.15 sec
>F 661852 cores checked in 211.45 sec
>A genbg n=8+13 e=37:37 d=4:0 D=6:3  class=17/200
>Z 658148 graphs generated in 424.22 sec
>F 658148 cores checked in 211.24 sec
>A genbg n=8+13 e=37:37 d=4:0 D=6:3  class=18/200
>Z 659188 graphs generated in 423.32 sec
>F 659188 cores checked in 212.03 sec
>A genbg n=8+13 e=37:37 d=4:0 D=6:3  class=19/200
>Z 660352 graphs generated in 423.12 sec
>F 660352 cores checked in 212.66 sec
>A genbg n=8+13 e=37:37 d=4:0 D=6:3  class=20/200
>Z 662508 graphs generated in 423.49 sec
>F 662508 cores checked in 212.43 sec
>A genbg n=8+13 e=37:37 d=4:0 D=6:3  class=21/200
>Z 659594 graphs generated in 423.94 sec
>F 659594 cores checked in 211.56 sec
>A genbg n=8+13 e=37:37 d=4:0 D=6:3  class=22/200
>Z 661928 graphs generated in 424.18 sec
>F 661928 cores checked in 212.87 sec
>A genbg n=8+13 e=37:37 d=4:0 D=6:3  class=23/200
>Z 658519 graphs generated in 423.80 sec
>F 658519 cores checked in 210.90 sec
>A genbg n=8+13 e=37:37 d=4:0 D=6:3  class=24/200
>Z 659119 graphs generated in 423.14 sec
>F 659119 cores checked in 211.61 sec
>A genbg n=8+13 e=37:37 d=4:0 D=6:3  class=25/200
>Z 661346 graphs generated in 432.24 sec
>F 661346 cores checked in 212.74 sec
>A genbg n=8+13 e=37:37 d=4:0 D=6:3  class=26/200
>Z 664294 graphs generated in 424.19 sec
>F 664294 cores checked in 213.54 sec
>A genbg n=8+13 e=37:37 d=4:0 D=6:3  class=27/200
>Z 661145 graphs generated in 423.90 sec
>F 661145 cores checked in 212.88 sec
>A genbg n=8+13 e=37:37 d=4:0 D=6:3  class=28/200
>Z 660057 graphs generated in 423.83 sec
>F 660057 cores checked in 211.77 sec
>A genbg n=8+13 e=37:37 d=4:0 D=6:3  class=29/200
>Z 660429 graphs generated in 424.12 sec
>F 660429 cores checked in 211.67 sec
>A genbg n=8+13 e=37:37 d=4:0 D=6:3  class=30/200
>Z 659700 graphs generated in 424.18 sec
>F 659700 cores checked in 212.03 sec
>A genbg n=8+13 e=37:37 d=4:0 D=6:3  class=31/200
>Z 657154 graphs generated in 423.62 sec
>F 657154 cores checked in 211.66 sec
>A genbg n=8+13 e=37:37 d=4:0 D=6:3  class=32/200
>Z 658520 graphs generated in 424.08 sec
>F 658520 cores checked in 211.73 sec
>A genbg n=8+13 e=37:37 d=4:0 D=6:3  class=33/200
>Z 662520 graphs generated in 424.39 sec
>F 662520 cores checked in 212.88 sec
>A genbg n=8+13 e=37:37 d=4:0 D=6:3  class=34/200
>Z 659105 graphs generated in 424.83 sec
>F 659105 cores checked in 212.35 sec
>A genbg n=8+13 e=37:37 d=4:0 D=6:3  class=35/200
>Z 660239 graphs generated in 425.50 sec
>F 660239 cores checked in 212.41 sec
>A genbg n=8+13 e=37:37 d=4:0 D=6:3  class=36/200
>Z 661566 graphs generated in 424.68 sec
>F 661566 cores checked in 212.00 sec
>A genbg n=8+13 e=37:37 d=4:0 D=6:3  class=37/200
>Z 659297 graphs generated in 424.47 sec
>F 659297 cores checked in 211.83 sec
>A genbg n=8+13 e=37:37 d=4:0 D=6:3  class=38/200
>Z 660480 graphs generated in 424.64 sec
>F 660480 cores checked in 211.43 sec
>A genbg n=8+13 e=37:37 d=4:0 D=6:3  class=39/200
>Z 663958 graphs generated in 425.07 sec
>F 663958 cores checked in 213.96 sec
>A genbg n=8+13 e=37:37 d=4:0 D=6:3  class=40/200
>Z 662643 graphs generated in 424.94 sec
>F 662643 cores checked in 213.76 sec
>A genbg n=8+13 e=37:37 d=4:0 D=6:3  class=41/200
>Z 659319 graphs generated in 425.19 sec
>F 659319 cores checked in 212.06 sec
>A genbg n=8+13 e=37:37 d=4:0 D=6:3  class=42/200
>Z 659797 graphs generated in 424.59 sec
>F 659797 cores checked in 211.40 sec
>A genbg n=8+13 e=37:37 d=4:0 D=6:3  class=43/200
>Z 658859 graphs generated in 424.89 sec
>F 658859 cores checked in 210.65 sec
>A genbg n=8+13 e=37:37 d=4:0 D=6:3  class=44/200
>Z 660117 graphs generated in 425.59 sec
>F 660117 cores checked in 211.62 sec
>A genbg n=8+13 e=37:37 d=4:0 D=6:3  class=45/200
>Z 662885 graphs generated in 425.16 sec
>F 662885 cores checked in 213.95 sec
>A genbg n=8+13 e=37:37 d=4:0 D=6:3  class=46/200
>Z 663767 graphs generated in 425.57 sec
>F 663767 cores checked in 213.47 sec
>A genbg n=8+13 e=37:37 d=4:0 D=6:3  class=47/200
>Z 658898 graphs generated in 424.93 sec
>F 658898 cores checked in 211.44 sec
>A genbg n=8+13 e=37:37 d=4:0 D=6:3  class=48/200
>Z 661960 graphs generated in 424.95 sec
>F 661960 cores checked in 212.88 sec
>A genbg n=8+13 e=37:37 d=4:0 D=6:3  class=49/200
>Z 658647 graphs generated in 424.98 sec
>F 658647 cores checked in 211.18 sec
>A genbg n=8+13 e=37:37 d=4:0 D=6:3  class=50/200
>Z 659673 graphs generated in 426.70 sec
>F 659673 cores checked in 211.61 sec
>A genbg n=8+13 e=37:37 d=4:0 D=6:3  class=51/200
>Z 659583 graphs generated in 425.14 sec
>F 659583 cores checked in 210.72 sec
>A genbg n=8+13 e=37:37 d=4:0 D=6:3  class=52/200
>Z 659554 graphs generated in 424.73 sec
>F 659554 cores checked in 211.59 sec
>A genbg n=8+13 e=37:37 d=4:0 D=6:3  class=53/200
>Z 658947 graphs generated in 424.97 sec
>F 658947 cores checked in 211.14 sec
>A genbg n=8+13 e=37:37 d=4:0 D=6:3  class=54/200
>Z 662896 graphs generated in 425.05 sec
>F 662896 cores checked in 212.38 sec
>A genbg n=8+13 e=37:37 d=4:0 D=6:3  class=55/200
>Z 662848 graphs generated in 424.76 sec
>F 662848 cores checked in 212.93 sec
>A genbg n=8+13 e=37:37 d=4:0 D=6:3  class=56/200
>Z 663912 graphs generated in 425.30 sec
>F 663912 cores checked in 212.74 sec
>A genbg n=8+13 e=37:37 d=4:0 D=6:3  class=57/200
>Z 666037 graphs generated in 424.60 sec
>F 666037 cores checked in 212.51 sec
>A genbg n=8+13 e=37:37 d=4:0 D=6:3  class=58/200
>Z 656863 graphs generated in 425.31 sec
>F 656863 cores checked in 210.62 sec
>A genbg n=8+13 e=37:37 d=4:0 D=6:3  class=59/200
>Z 659631 graphs generated in 425.11 sec
>F 659631 cores checked in 211.66 sec
>A genbg n=8+13 e=37:37 d=4:0 D=6:3  class=60/200
>Z 663147 graphs generated in 425.10 sec
>F 663147 cores checked in 212.57 sec
>A genbg n=8+13 e=37:37 d=4:0 D=6:3  class=61/200
>Z 661054 graphs generated in 426.01 sec
>F 661054 cores checked in 211.85 sec
>A genbg n=8+13 e=37:37 d=4:0 D=6:3  class=62/200
>Z 660223 graphs generated in 425.07 sec
>F 660223 cores checked in 212.28 sec
>A genbg n=8+13 e=37:37 d=4:0 D=6:3  class=63/200
>Z 660400 graphs generated in 425.03 sec
>F 660400 cores checked in 211.79 sec
>A genbg n=8+13 e=37:37 d=4:0 D=6:3  class=64/200
>Z 660207 graphs generated in 424.76 sec
>F 660207 cores checked in 211.98 sec
>A genbg n=8+13 e=37:37 d=4:0 D=6:3  class=65/200
>Z 660382 graphs generated in 424.77 sec
>F 660382 cores checked in 211.42 sec
>A genbg n=8+13 e=37:37 d=4:0 D=6:3  class=66/200
>Z 659649 graphs generated in 425.24 sec
>F 659649 cores checked in 211.84 sec
>A genbg n=8+13 e=37:37 d=4:0 D=6:3  class=67/200
>Z 660494 graphs generated in 425.33 sec
>F 660494 cores checked in 213.18 sec
>A genbg n=8+13 e=37:37 d=4:0 D=6:3  class=68/200
>Z 659493 graphs generated in 424.77 sec
>F 659493 cores checked in 211.12 sec
>A genbg n=8+13 e=37:37 d=4:0 D=6:3  class=69/200
>Z 662654 graphs generated in 425.06 sec
>F 662654 cores checked in 212.50 sec
>A genbg n=8+13 e=37:37 d=4:0 D=6:3  class=70/200
>Z 659429 graphs generated in 424.90 sec
>F 659429 cores checked in 212.42 sec
>A genbg n=8+13 e=37:37 d=4:0 D=6:3  class=71/200
>Z 661948 graphs generated in 425.11 sec
>F 661948 cores checked in 211.53 sec
>A genbg n=8+13 e=37:37 d=4:0 D=6:3  class=72/200
>Z 662260 graphs generated in 424.90 sec
>F 662260 cores checked in 211.80 sec
>A genbg n=8+13 e=37:37 d=4:0 D=6:3  class=73/200
>Z 661392 graphs generated in 425.20 sec
>F 661392 cores checked in 212.77 sec
>A genbg n=8+13 e=37:37 d=4:0 D=6:3  class=74/200
>Z 662562 graphs generated in 425.23 sec
>F 662562 cores checked in 212.03 sec
>A genbg n=8+13 e=37:37 d=4:0 D=6:3  class=75/200
>Z 660181 graphs generated in 424.47 sec
>F 660181 cores checked in 211.08 sec
>A genbg n=8+13 e=37:37 d=4:0 D=6:3  class=76/200
>Z 660541 graphs generated in 424.83 sec
>F 660541 cores checked in 213.30 sec
>A genbg n=8+13 e=37:37 d=4:0 D=6:3  class=77/200
>Z 658506 graphs generated in 424.85 sec
>F 658506 cores checked in 211.15 sec
>A genbg n=8+13 e=37:37 d=4:0 D=6:3  class=78/200
>Z 661487 graphs generated in 424.73 sec
>F 661487 cores checked in 213.66 sec
>A genbg n=8+13 e=37:37 d=4:0 D=6:3  class=79/200
>Z 659306 graphs generated in 426.12 sec
>F 659306 cores checked in 212.16 sec
>A genbg n=8+13 e=37:37 d=4:0 D=6:3  class=80/200
>Z 663894 graphs generated in 425.76 sec
>F 663894 cores checked in 214.36 sec
>A genbg n=8+13 e=37:37 d=4:0 D=6:3  class=81/200
>Z 661198 graphs generated in 424.88 sec
>F 661198 cores checked in 212.86 sec
>A genbg n=8+13 e=37:37 d=4:0 D=6:3  class=82/200
>Z 659246 graphs generated in 425.07 sec
>F 659246 cores checked in 211.74 sec
>A genbg n=8+13 e=37:37 d=4:0 D=6:3  class=83/200
>Z 661390 graphs generated in 424.47 sec
>F 661390 cores checked in 211.45 sec
>A genbg n=8+13 e=37:37 d=4:0 D=6:3  class=84/200
>Z 660903 graphs generated in 424.62 sec
>F 660903 cores checked in 212.22 sec
>A genbg n=8+13 e=37:37 d=4:0 D=6:3  class=85/200
>Z 660876 graphs generated in 424.42 sec
>F 660876 cores checked in 212.12 sec
>A genbg n=8+13 e=37:37 d=4:0 D=6:3  class=86/200
>Z 660342 graphs generated in 425.20 sec
>F 660342 cores checked in 212.21 sec
>A genbg n=8+13 e=37:37 d=4:0 D=6:3  class=87/200
>Z 658294 graphs generated in 425.02 sec
>F 658294 cores checked in 211.99 sec
>A genbg n=8+13 e=37:37 d=4:0 D=6:3  class=88/200
>Z 661018 graphs generated in 425.06 sec
>F 661018 cores checked in 211.27 sec
>A genbg n=8+13 e=37:37 d=4:0 D=6:3  class=89/200
>Z 660407 graphs generated in 425.03 sec
>F 660407 cores checked in 211.47 sec
>A genbg n=8+13 e=37:37 d=4:0 D=6:3  class=90/200
>Z 661155 graphs generated in 425.30 sec
>F 661155 cores checked in 212.28 sec
>A genbg n=8+13 e=37:37 d=4:0 D=6:3  class=91/200
>Z 659326 graphs generated in 425.28 sec
>F 659326 cores checked in 211.86 sec
>A genbg n=8+13 e=37:37 d=4:0 D=6:3  class=92/200
>Z 660149 graphs generated in 424.93 sec
>F 660149 cores checked in 211.53 sec
>A genbg n=8+13 e=37:37 d=4:0 D=6:3  class=93/200
>Z 659676 graphs generated in 427.37 sec
>F 659676 cores checked in 212.01 sec
>A genbg n=8+13 e=37:37 d=4:0 D=6:3  class=94/200
>Z 661767 graphs generated in 425.13 sec
>F 661767 cores checked in 213.14 sec
>A genbg n=8+13 e=37:37 d=4:0 D=6:3  class=95/200
>Z 659243 graphs generated in 425.34 sec
>F 659243 cores checked in 211.85 sec
>A genbg n=8+13 e=37:37 d=4:0 D=6:3  class=96/200
>Z 656364 graphs generated in 424.53 sec
>F 656364 cores checked in 211.22 sec
>A genbg n=8+13 e=37:37 d=4:0 D=6:3  class=97/200
>Z 659234 graphs generated in 424.96 sec
>F 659234 cores checked in 212.00 sec
>A genbg n=8+13 e=37:37 d=4:0 D=6:3  class=98/200
>Z 657335 graphs generated in 424.81 sec
>F 657335 cores checked in 210.06 sec
>A genbg n=8+13 e=37:37 d=4:0 D=6:3  class=99/200
>Z 658144 graphs generated in 424.99 sec
>F 658144 cores checked in 211.42 sec
>A genbg n=8+13 e=37:37 d=4:0 D=6:3  class=100/200
>Z 662470 graphs generated in 425.00 sec
>F 662470 cores checked in 212.80 sec
>A genbg n=8+13 e=37:37 d=4:0 D=6:3  class=101/200
>Z 660460 graphs generated in 425.03 sec
>F 660460 cores checked in 211.52 sec
>A genbg n=8+13 e=37:37 d=4:0 D=6:3  class=102/200
>Z 666341 graphs generated in 425.46 sec
>F 666341 cores checked in 213.89 sec
>A genbg n=8+13 e=37:37 d=4:0 D=6:3  class=103/200
>Z 657111 graphs generated in 424.55 sec
>F 657111 cores checked in 210.00 sec
>A genbg n=8+13 e=37:37 d=4:0 D=6:3  class=104/200
>Z 662108 graphs generated in 424.94 sec
>F 662108 cores checked in 212.88 sec
>A genbg n=8+13 e=37:37 d=4:0 D=6:3  class=105/200
>Z 657427 graphs generated in 425.24 sec
>F 657427 cores checked in 211.07 sec
>A genbg n=8+13 e=37:37 d=4:0 D=6:3  class=106/200
>Z 659269 graphs generated in 425.11 sec
>F 659269 cores checked in 211.03 sec
>A genbg n=8+13 e=37:37 d=4:0 D=6:3  class=107/200
>Z 656539 graphs generated in 424.82 sec
>F 656539 cores checked in 210.57 sec
>A genbg n=8+13 e=37:37 d=4:0 D=6:3  class=108/200
>Z 659377 graphs generated in 425.37 sec
>F 659377 cores checked in 212.15 sec
>A genbg n=8+13 e=37:37 d=4:0 D=6:3  class=109/200
>Z 661847 graphs generated in 425.37 sec
>F 661847 cores checked in 211.32 sec
>A genbg n=8+13 e=37:37 d=4:0 D=6:3  class=110/200
>Z 658654 graphs generated in 425.04 sec
>F 658654 cores checked in 212.98 sec
>A genbg n=8+13 e=37:37 d=4:0 D=6:3  class=111/200
>Z 661213 graphs generated in 425.01 sec
>F 661213 cores checked in 212.26 sec
>A genbg n=8+13 e=37:37 d=4:0 D=6:3  class=112/200
>Z 660587 graphs generated in 424.51 sec
>F 660587 cores checked in 211.88 sec
>A genbg n=8+13 e=37:37 d=4:0 D=6:3  class=113/200
>Z 657847 graphs generated in 424.71 sec
>F 657847 cores checked in 211.61 sec
>A genbg n=8+13 e=37:37 d=4:0 D=6:3  class=114/200
>Z 660812 graphs generated in 425.83 sec
>F 660812 cores checked in 212.54 sec
>A genbg n=8+13 e=37:37 d=4:0 D=6:3  class=115/200
>Z 659855 graphs generated in 424.60 sec
>F 659855 cores checked in 212.03 sec
>A genbg n=8+13 e=37:37 d=4:0 D=6:3  class=116/200
>Z 661058 graphs generated in 424.66 sec
>F 661058 cores checked in 212.52 sec
>A genbg n=8+13 e=37:37 d=4:0 D=6:3  class=117/200
>Z 663198 graphs generated in 425.10 sec
>F 663198 cores checked in 212.52 sec
>A genbg n=8+13 e=37:37 d=4:0 D=6:3  class=118/200
>Z 662764 graphs generated in 425.01 sec
>F 662764 cores checked in 213.02 sec
>A genbg n=8+13 e=37:37 d=4:0 D=6:3  class=119/200
>Z 659179 graphs generated in 424.88 sec
>F 659179 cores checked in 210.62 sec
>A genbg n=8+13 e=37:37 d=4:0 D=6:3  class=120/200
>Z 657589 graphs generated in 425.13 sec
>F 657589 cores checked in 211.55 sec
>A genbg n=8+13 e=37:37 d=4:0 D=6:3  class=121/200
>Z 658191 graphs generated in 425.04 sec
>F 658191 cores checked in 211.96 sec
>A genbg n=8+13 e=37:37 d=4:0 D=6:3  class=122/200
>Z 660245 graphs generated in 425.21 sec
>F 660245 cores checked in 211.56 sec
>A genbg n=8+13 e=37:37 d=4:0 D=6:3  class=123/200
>Z 658957 graphs generated in 424.74 sec
>F 658957 cores checked in 211.24 sec
>A genbg n=8+13 e=37:37 d=4:0 D=6:3  class=124/200
>Z 661668 graphs generated in 424.45 sec
>F 661668 cores checked in 212.25 sec
>A genbg n=8+13 e=37:37 d=4:0 D=6:3  class=125/200
>Z 659945 graphs generated in 424.92 sec
>F 659945 cores checked in 211.75 sec
>A genbg n=8+13 e=37:37 d=4:0 D=6:3  class=126/200
>Z 658085 graphs generated in 424.80 sec
>F 658085 cores checked in 211.32 sec
>A genbg n=8+13 e=37:37 d=4:0 D=6:3  class=127/200
>Z 660608 graphs generated in 424.80 sec
>F 660608 cores checked in 213.35 sec
>A genbg n=8+13 e=37:37 d=4:0 D=6:3  class=128/200
>Z 659290 graphs generated in 425.32 sec
>F 659290 cores checked in 210.74 sec
>A genbg n=8+13 e=37:37 d=4:0 D=6:3  class=129/200
>Z 660855 graphs generated in 424.95 sec
>F 660855 cores checked in 212.06 sec
>A genbg n=8+13 e=37:37 d=4:0 D=6:3  class=130/200
>Z 660197 graphs generated in 424.97 sec
>F 660197 cores checked in 211.06 sec
>A genbg n=8+13 e=37:37 d=4:0 D=6:3  class=131/200
>Z 656976 graphs generated in 424.61 sec
>F 656976 cores checked in 211.13 sec
>A genbg n=8+13 e=37:37 d=4:0 D=6:3  class=132/200
>Z 659263 graphs generated in 424.70 sec
>F 659263 cores checked in 211.97 sec
>A genbg n=8+13 e=37:37 d=4:0 D=6:3  class=133/200
>Z 659685 graphs generated in 425.08 sec
>F 659685 cores checked in 210.66 sec
>A genbg n=8+13 e=37:37 d=4:0 D=6:3  class=134/200
>Z 663136 graphs generated in 427.48 sec
>F 663136 cores checked in 212.74 sec
>A genbg n=8+13 e=37:37 d=4:0 D=6:3  class=135/200
>Z 657990 graphs generated in 424.91 sec
>F 657990 cores checked in 210.84 sec
>A genbg n=8+13 e=37:37 d=4:0 D=6:3  class=136/200
>Z 660934 graphs generated in 424.98 sec
>F 660934 cores checked in 212.21 sec
>A genbg n=8+13 e=37:37 d=4:0 D=6:3  class=137/200
>Z 660418 graphs generated in 425.36 sec
>F 660418 cores checked in 212.69 sec
>A genbg n=8+13 e=37:37 d=4:0 D=6:3  class=138/200
>Z 659414 graphs generated in 425.01 sec
>F 659414 cores checked in 210.78 sec
>A genbg n=8+13 e=37:37 d=4:0 D=6:3  class=139/200
>Z 663239 graphs generated in 424.96 sec
>F 663239 cores checked in 212.61 sec
>A genbg n=8+13 e=37:37 d=4:0 D=6:3  class=140/200
>Z 658804 graphs generated in 425.47 sec
>F 658804 cores checked in 213.82 sec
>A genbg n=8+13 e=37:37 d=4:0 D=6:3  class=141/200
>Z 661770 graphs generated in 425.35 sec
>F 661770 cores checked in 212.34 sec
>A genbg n=8+13 e=37:37 d=4:0 D=6:3  class=142/200
>Z 660290 graphs generated in 425.36 sec
>F 660290 cores checked in 212.15 sec
>A genbg n=8+13 e=37:37 d=4:0 D=6:3  class=143/200
>Z 659902 graphs generated in 424.88 sec
>F 659902 cores checked in 212.10 sec
>A genbg n=8+13 e=37:37 d=4:0 D=6:3  class=144/200
>Z 659844 graphs generated in 424.96 sec
>F 659844 cores checked in 211.74 sec
>A genbg n=8+13 e=37:37 d=4:0 D=6:3  class=145/200
>Z 664840 graphs generated in 425.11 sec
>F 664840 cores checked in 212.68 sec
>A genbg n=8+13 e=37:37 d=4:0 D=6:3  class=146/200
>Z 663099 graphs generated in 429.52 sec
>F 663099 cores checked in 213.44 sec
>A genbg n=8+13 e=37:37 d=4:0 D=6:3  class=147/200
>Z 661845 graphs generated in 425.60 sec
>F 661845 cores checked in 213.05 sec
>A genbg n=8+13 e=37:37 d=4:0 D=6:3  class=148/200
>Z 665378 graphs generated in 424.92 sec
>F 665378 cores checked in 213.38 sec
>A genbg n=8+13 e=37:37 d=4:0 D=6:3  class=149/200
>Z 659464 graphs generated in 425.23 sec
>F 659464 cores checked in 211.29 sec
>A genbg n=8+13 e=37:37 d=4:0 D=6:3  class=150/200
>Z 660682 graphs generated in 425.84 sec
>F 660682 cores checked in 211.51 sec
>A genbg n=8+13 e=37:37 d=4:0 D=6:3  class=151/200
>Z 656411 graphs generated in 424.88 sec
>F 656411 cores checked in 210.48 sec
>A genbg n=8+13 e=37:37 d=4:0 D=6:3  class=152/200
>Z 659978 graphs generated in 425.06 sec
>F 659978 cores checked in 211.62 sec
>A genbg n=8+13 e=37:37 d=4:0 D=6:3  class=153/200
>Z 659390 graphs generated in 424.94 sec
>F 659390 cores checked in 210.54 sec
>A genbg n=8+13 e=37:37 d=4:0 D=6:3  class=154/200
>Z 664394 graphs generated in 424.94 sec
>F 664394 cores checked in 214.79 sec
>A genbg n=8+13 e=37:37 d=4:0 D=6:3  class=155/200
>Z 661234 graphs generated in 426.66 sec
>F 661234 cores checked in 213.39 sec
>A genbg n=8+13 e=37:37 d=4:0 D=6:3  class=156/200
>Z 659663 graphs generated in 424.88 sec
>F 659663 cores checked in 212.02 sec
>A genbg n=8+13 e=37:37 d=4:0 D=6:3  class=157/200
>Z 656609 graphs generated in 424.49 sec
>F 656609 cores checked in 214.49 sec
>A genbg n=8+13 e=37:37 d=4:0 D=6:3  class=158/200
>Z 655517 graphs generated in 424.80 sec
>F 655517 cores checked in 209.62 sec
>A genbg n=8+13 e=37:37 d=4:0 D=6:3  class=159/200
>Z 659102 graphs generated in 425.01 sec
>F 659102 cores checked in 211.87 sec
>A genbg n=8+13 e=37:37 d=4:0 D=6:3  class=160/200
>Z 658668 graphs generated in 426.36 sec
>F 658668 cores checked in 211.36 sec
>A genbg n=8+13 e=37:37 d=4:0 D=6:3  class=161/200
>Z 657577 graphs generated in 425.83 sec
>F 657577 cores checked in 211.50 sec
>A genbg n=8+13 e=37:37 d=4:0 D=6:3  class=162/200
>Z 658756 graphs generated in 425.29 sec
>F 658756 cores checked in 210.76 sec
>A genbg n=8+13 e=37:37 d=4:0 D=6:3  class=163/200
>Z 657703 graphs generated in 424.87 sec
>F 657703 cores checked in 210.88 sec
>A genbg n=8+13 e=37:37 d=4:0 D=6:3  class=164/200
>Z 660884 graphs generated in 424.34 sec
>F 660884 cores checked in 211.65 sec
>A genbg n=8+13 e=37:37 d=4:0 D=6:3  class=165/200
>Z 660141 graphs generated in 424.97 sec
>F 660141 cores checked in 210.78 sec
>A genbg n=8+13 e=37:37 d=4:0 D=6:3  class=166/200
>Z 658777 graphs generated in 436.77 sec
>F 658777 cores checked in 211.63 sec
>A genbg n=8+13 e=37:37 d=4:0 D=6:3  class=167/200
>Z 659051 graphs generated in 424.74 sec
>F 659051 cores checked in 212.00 sec
>A genbg n=8+13 e=37:37 d=4:0 D=6:3  class=168/200
>Z 658859 graphs generated in 424.55 sec
>F 658859 cores checked in 210.96 sec
>A genbg n=8+13 e=37:37 d=4:0 D=6:3  class=169/200
>Z 660263 graphs generated in 424.76 sec
>F 660263 cores checked in 211.32 sec
>A genbg n=8+13 e=37:37 d=4:0 D=6:3  class=170/200
>Z 661452 graphs generated in 424.47 sec
>F 661452 cores checked in 212.38 sec
>A genbg n=8+13 e=37:37 d=4:0 D=6:3  class=171/200
>Z 659778 graphs generated in 424.42 sec
>F 659778 cores checked in 211.48 sec
>A genbg n=8+13 e=37:37 d=4:0 D=6:3  class=172/200
>Z 661171 graphs generated in 424.21 sec
>F 661171 cores checked in 212.72 sec
>A genbg n=8+13 e=37:37 d=4:0 D=6:3  class=173/200
>Z 662335 graphs generated in 425.00 sec
>F 662335 cores checked in 212.56 sec
>A genbg n=8+13 e=37:37 d=4:0 D=6:3  class=174/200
>Z 659912 graphs generated in 424.33 sec
>F 659912 cores checked in 211.64 sec
>A genbg n=8+13 e=37:37 d=4:0 D=6:3  class=175/200
>Z 660419 graphs generated in 423.84 sec
>F 660419 cores checked in 211.98 sec
>A genbg n=8+13 e=37:37 d=4:0 D=6:3  class=176/200
>Z 659532 graphs generated in 424.29 sec
>F 659532 cores checked in 212.31 sec
>A genbg n=8+13 e=37:37 d=4:0 D=6:3  class=177/200
>Z 658864 graphs generated in 423.73 sec
>F 658864 cores checked in 210.53 sec
>A genbg n=8+13 e=37:37 d=4:0 D=6:3  class=178/200
>Z 661418 graphs generated in 423.51 sec
>F 661418 cores checked in 212.07 sec
>A genbg n=8+13 e=37:37 d=4:0 D=6:3  class=179/200
>Z 658800 graphs generated in 423.24 sec
>F 658800 cores checked in 211.22 sec
>A genbg n=8+13 e=37:37 d=4:0 D=6:3  class=180/200
>Z 660880 graphs generated in 423.34 sec
>F 660880 cores checked in 211.69 sec
>A genbg n=8+13 e=37:37 d=4:0 D=6:3  class=181/200
>Z 661222 graphs generated in 421.72 sec
>F 661222 cores checked in 210.86 sec
>A genbg n=8+13 e=37:37 d=4:0 D=6:3  class=182/200
>Z 659089 graphs generated in 421.37 sec
>F 659089 cores checked in 210.81 sec
>A genbg n=8+13 e=37:37 d=4:0 D=6:3  class=183/200
>Z 658455 graphs generated in 419.27 sec
>F 658455 cores checked in 210.74 sec
>A genbg n=8+13 e=37:37 d=4:0 D=6:3  class=184/200
>Z 664400 graphs generated in 419.22 sec
>F 664400 cores checked in 211.78 sec
>A genbg n=8+13 e=37:37 d=4:0 D=6:3  class=185/200
>Z 661865 graphs generated in 418.17 sec
>F 661865 cores checked in 211.08 sec
>A genbg n=8+13 e=37:37 d=4:0 D=6:3  class=186/200
>Z 664827 graphs generated in 416.80 sec
>F 664827 cores checked in 211.51 sec
>A genbg n=8+13 e=37:37 d=4:0 D=6:3  class=187/200
>Z 662883 graphs generated in 415.43 sec
>F 662883 cores checked in 212.12 sec
>A genbg n=8+13 e=37:37 d=4:0 D=6:3  class=188/200
>Z 660078 graphs generated in 411.19 sec
>F 660078 cores checked in 211.57 sec
>A genbg n=8+13 e=37:37 d=4:0 D=6:3  class=189/200
>Z 659055 graphs generated in 399.46 sec
>F 659055 cores checked in 211.60 sec
>A genbg n=8+13 e=37:37 d=4:0 D=6:3  class=190/200
>Z 664405 graphs generated in 394.46 sec
>F 664405 cores checked in 213.34 sec
>A genbg n=8+13 e=37:37 d=4:0 D=6:3  class=191/200
>Z 659901 graphs generated in 387.42 sec
>F 659901 cores checked in 211.44 sec
>A genbg n=8+13 e=37:37 d=4:0 D=6:3  class=192/200
>Z 660349 graphs generated in 384.35 sec
>F 660349 cores checked in 214.15 sec
>A genbg n=8+13 e=37:37 d=4:0 D=6:3  class=193/200
>Z 657919 graphs generated in 388.22 sec
>F 657919 cores checked in 213.07 sec
>A genbg n=8+13 e=37:37 d=4:0 D=6:3  class=194/200
>Z 657324 graphs generated in 389.70 sec
>F 657324 cores checked in 214.01 sec
>A genbg n=8+13 e=37:37 d=4:0 D=6:3  class=195/200
>Z 660196 graphs generated in 390.21 sec
>F 660196 cores checked in 214.71 sec
>A genbg n=8+13 e=37:37 d=4:0 D=6:3  class=196/200
>Z 656844 graphs generated in 385.78 sec
>F 656844 cores checked in 213.56 sec
>A genbg n=8+13 e=37:37 d=4:0 D=6:3  class=197/200
>Z 658603 graphs generated in 374.52 sec
>F 658603 cores checked in 214.40 sec
>A genbg n=8+13 e=37:37 d=4:0 D=6:3  class=198/200
>Z 658700 graphs generated in 383.17 sec
>F 658700 cores checked in 216.04 sec
>A genbg n=8+13 e=37:37 d=4:0 D=6:3  class=199/200
>Z 657859 graphs generated in 369.27 sec
>F 657859 cores checked in 216.20 sec



=== Total number of graphs generated: 132063344
=== Total number of graphs checked: 132063344
=== Total time for generation: 84458.72 seconds
=== Total time for checking: 42417.73 seconds
=== Total number of exceptional graphs: 0

