=== Log file for genbg_-d4:0_-D8:3_4_16_28:28



>A genbg n=4+16 e=28:28 d=4:0 D=8:3  class=0/200
>Z 389 graphs generated in 1.16 sec
>F 389 cores checked in 0.14 sec
>A genbg n=4+16 e=28:28 d=4:0 D=8:3  class=1/200
>Z 343 graphs generated in 1.30 sec
>F 343 cores checked in 0.12 sec
>A genbg n=4+16 e=28:28 d=4:0 D=8:3  class=2/200
>Z 401 graphs generated in 1.30 sec
>F 401 cores checked in 0.14 sec
>A genbg n=4+16 e=28:28 d=4:0 D=8:3  class=3/200
>Z 317 graphs generated in 1.07 sec
>F 317 cores checked in 0.12 sec
>A genbg n=4+16 e=28:28 d=4:0 D=8:3  class=4/200
>Z 338 graphs generated in 1.29 sec
>F 338 cores checked in 0.12 sec
>A genbg n=4+16 e=28:28 d=4:0 D=8:3  class=5/200
>Z 333 graphs generated in 1.23 sec
>F 333 cores checked in 0.12 sec
>A genbg n=4+16 e=28:28 d=4:0 D=8:3  class=6/200
>Z 305 graphs generated in 1.19 sec
>F 305 cores checked in 0.11 sec
>A genbg n=4+16 e=28:28 d=4:0 D=8:3  class=7/200
>Z 331 graphs generated in 1.29 sec
>F 331 cores checked in 0.12 sec
>A genbg n=4+16 e=28:28 d=4:0 D=8:3  class=8/200
>Z 300 graphs generated in 1.30 sec
>F 300 cores checked in 467.56 sec
>A genbg n=4+16 e=28:28 d=4:0 D=8:3  class=9/200
>Z 336 graphs generated in 1.29 sec
>F 336 cores checked in 0.12 sec
>A genbg n=4+16 e=28:28 d=4:0 D=8:3  class=10/200
>Z 335 graphs generated in 1.28 sec
>F 335 cores checked in 0.12 sec
>A genbg n=4+16 e=28:28 d=4:0 D=8:3  class=11/200
>Z 310 graphs generated in 1.23 sec
>F 310 cores checked in 0.11 sec
>A genbg n=4+16 e=28:28 d=4:0 D=8:3  class=12/200
>Z 317 graphs generated in 1.10 sec
>F 317 cores checked in 0.11 sec
>A genbg n=4+16 e=28:28 d=4:0 D=8:3  class=13/200
>Z 314 graphs generated in 1.27 sec
>F 314 cores checked in 0.12 sec
>A genbg n=4+16 e=28:28 d=4:0 D=8:3  class=14/200
>Z 304 graphs generated in 1.30 sec
>F 304 cores checked in 0.11 sec
>A genbg n=4+16 e=28:28 d=4:0 D=8:3  class=15/200
>Z 314 graphs generated in 1.30 sec
>F 314 cores checked in 0.11 sec
>A genbg n=4+16 e=28:28 d=4:0 D=8:3  class=16/200
>Z 376 graphs generated in 1.29 sec
>F 376 cores checked in 0.13 sec
>A genbg n=4+16 e=28:28 d=4:0 D=8:3  class=17/200
>Z 358 graphs generated in 1.30 sec
>F 358 cores checked in 0.13 sec
>A genbg n=4+16 e=28:28 d=4:0 D=8:3  class=18/200
>Z 363 graphs generated in 1.33 sec
>F 363 cores checked in 0.12 sec
>A genbg n=4+16 e=28:28 d=4:0 D=8:3  class=19/200
>Z 330 graphs generated in 1.13 sec
>F 330 cores checked in 0.11 sec
>A genbg n=4+16 e=28:28 d=4:0 D=8:3  class=20/200
>Z 394 graphs generated in 1.30 sec
>F 394 cores checked in 0.13 sec
>A genbg n=4+16 e=28:28 d=4:0 D=8:3  class=21/200
>Z 359 graphs generated in 1.29 sec
>F 359 cores checked in 0.11 sec
>A genbg n=4+16 e=28:28 d=4:0 D=8:3  class=22/200
>Z 377 graphs generated in 1.29 sec
>F 377 cores checked in 0.13 sec
>A genbg n=4+16 e=28:28 d=4:0 D=8:3  class=23/200
>Z 309 graphs generated in 1.31 sec
>F 309 cores checked in 0.11 sec
>A genbg n=4+16 e=28:28 d=4:0 D=8:3  class=24/200
>Z 377 graphs generated in 1.29 sec
>F 377 cores checked in 0.12 sec
>A genbg n=4+16 e=28:28 d=4:0 D=8:3  class=25/200
>Z 372 graphs generated in 1.28 sec
>F 372 cores checked in 0.13 sec
>A genbg n=4+16 e=28:28 d=4:0 D=8:3  class=26/200
>Z 320 graphs generated in 1.26 sec
>F 320 cores checked in 0.11 sec
>A genbg n=4+16 e=28:28 d=4:0 D=8:3  class=27/200
>Z 334 graphs generated in 1.20 sec
>F 334 cores checked in 0.12 sec
>A genbg n=4+16 e=28:28 d=4:0 D=8:3  class=28/200
>Z 349 graphs generated in 1.23 sec
>F 349 cores checked in 0.12 sec
>A genbg n=4+16 e=28:28 d=4:0 D=8:3  class=29/200
>Z 328 graphs generated in 1.29 sec
>F 328 cores checked in 0.11 sec
>A genbg n=4+16 e=28:28 d=4:0 D=8:3  class=30/200
>Z 328 graphs generated in 1.09 sec
>F 328 cores checked in 0.12 sec
>A genbg n=4+16 e=28:28 d=4:0 D=8:3  class=31/200
>Z 337 graphs generated in 1.29 sec
>F 337 cores checked in 0.12 sec
>A genbg n=4+16 e=28:28 d=4:0 D=8:3  class=32/200
>Z 275 graphs generated in 1.30 sec
>F 275 cores checked in 0.10 sec
>A genbg n=4+16 e=28:28 d=4:0 D=8:3  class=33/200
>Z 358 graphs generated in 1.26 sec
>F 358 cores checked in 0.12 sec
>A genbg n=4+16 e=28:28 d=4:0 D=8:3  class=34/200
>Z 331 graphs generated in 1.14 sec
>F 331 cores checked in 0.12 sec
>A genbg n=4+16 e=28:28 d=4:0 D=8:3  class=35/200
>Z 309 graphs generated in 1.24 sec
>F 309 cores checked in 0.12 sec
>A genbg n=4+16 e=28:28 d=4:0 D=8:3  class=36/200
>Z 319 graphs generated in 1.30 sec
>F 319 cores checked in 0.11 sec
>A genbg n=4+16 e=28:28 d=4:0 D=8:3  class=37/200
>Z 332 graphs generated in 1.31 sec
>F 332 cores checked in 0.12 sec
>A genbg n=4+16 e=28:28 d=4:0 D=8:3  class=38/200
>Z 317 graphs generated in 1.15 sec
>F 317 cores checked in 0.11 sec
>A genbg n=4+16 e=28:28 d=4:0 D=8:3  class=39/200
>Z 352 graphs generated in 1.32 sec
>F 352 cores checked in 0.13 sec
>A genbg n=4+16 e=28:28 d=4:0 D=8:3  class=40/200
>Z 355 graphs generated in 1.29 sec
>F 355 cores checked in 0.12 sec
>A genbg n=4+16 e=28:28 d=4:0 D=8:3  class=41/200
>Z 309 graphs generated in 1.29 sec
>F 309 cores checked in 0.12 sec
>A genbg n=4+16 e=28:28 d=4:0 D=8:3  class=42/200
>Z 298 graphs generated in 1.30 sec
>F 298 cores checked in 0.11 sec
>A genbg n=4+16 e=28:28 d=4:0 D=8:3  class=43/200
>Z 296 graphs generated in 1.29 sec
>F 296 cores checked in 0.10 sec
>A genbg n=4+16 e=28:28 d=4:0 D=8:3  class=44/200
>Z 294 graphs generated in 1.24 sec
>F 294 cores checked in 0.10 sec
>A genbg n=4+16 e=28:28 d=4:0 D=8:3  class=45/200
>Z 295 graphs generated in 1.10 sec
>F 295 cores checked in 0.10 sec
>A genbg n=4+16 e=28:28 d=4:0 D=8:3  class=46/200
>Z 344 graphs generated in 1.30 sec
>F 344 cores checked in 0.11 sec
>A genbg n=4+16 e=28:28 d=4:0 D=8:3  class=47/200
>Z 365 graphs generated in 1.14 sec
>F 365 cores checked in 0.13 sec
>A genbg n=4+16 e=28:28 d=4:0 D=8:3  class=48/200
>Z 372 graphs generated in 1.24 sec
>F 372 cores checked in 0.12 sec
>A genbg n=4+16 e=28:28 d=4:0 D=8:3  class=49/200
>Z 327 graphs generated in 1.30 sec
>F 327 cores checked in 0.11 sec
>A genbg n=4+16 e=28:28 d=4:0 D=8:3  class=50/200
>Z 332 graphs generated in 1.29 sec
>F 332 cores checked in 0.12 sec
>A genbg n=4+16 e=28:28 d=4:0 D=8:3  class=51/200
>Z 339 graphs generated in 1.16 sec
>F 339 cores checked in 43.17 sec
>A genbg n=4+16 e=28:28 d=4:0 D=8:3  class=52/200
>Z 308 graphs generated in 1.27 sec
>F 308 cores checked in 0.11 sec
>A genbg n=4+16 e=28:28 d=4:0 D=8:3  class=53/200
>Z 308 graphs generated in 1.29 sec
>F 308 cores checked in 0.11 sec
>A genbg n=4+16 e=28:28 d=4:0 D=8:3  class=54/200
>Z 326 graphs generated in 1.14 sec
>F 326 cores checked in 0.11 sec
>A genbg n=4+16 e=28:28 d=4:0 D=8:3  class=55/200
>Z 389 graphs generated in 1.23 sec
>F 389 cores checked in 0.14 sec
>A genbg n=4+16 e=28:28 d=4:0 D=8:3  class=56/200
>Z 309 graphs generated in 1.27 sec
>F 309 cores checked in 0.11 sec
>A genbg n=4+16 e=28:28 d=4:0 D=8:3  class=57/200
>Z 300 graphs generated in 1.28 sec
>F 300 cores checked in 0.10 sec
>A genbg n=4+16 e=28:28 d=4:0 D=8:3  class=58/200
>Z 322 graphs generated in 1.28 sec
>F 322 cores checked in 0.12 sec
>A genbg n=4+16 e=28:28 d=4:0 D=8:3  class=59/200
>Z 324 graphs generated in 1.15 sec
>F 324 cores checked in 0.11 sec
>A genbg n=4+16 e=28:28 d=4:0 D=8:3  class=60/200
>Z 347 graphs generated in 1.29 sec
>F 347 cores checked in 0.11 sec
>A genbg n=4+16 e=28:28 d=4:0 D=8:3  class=61/200
>Z 413 graphs generated in 1.30 sec
>F 413 cores checked in 0.14 sec
>A genbg n=4+16 e=28:28 d=4:0 D=8:3  class=62/200
>Z 363 graphs generated in 1.25 sec
>F 363 cores checked in 0.13 sec
>A genbg n=4+16 e=28:28 d=4:0 D=8:3  class=63/200
>Z 321 graphs generated in 1.12 sec
>F 321 cores checked in 0.10 sec
>A genbg n=4+16 e=28:28 d=4:0 D=8:3  class=64/200
>Z 358 graphs generated in 1.26 sec
>F 358 cores checked in 0.13 sec
>A genbg n=4+16 e=28:28 d=4:0 D=8:3  class=65/200
>Z 329 graphs generated in 1.33 sec
>F 329 cores checked in 0.12 sec
>A genbg n=4+16 e=28:28 d=4:0 D=8:3  class=66/200
>Z 326 graphs generated in 1.29 sec
>F 326 cores checked in 0.11 sec
>A genbg n=4+16 e=28:28 d=4:0 D=8:3  class=67/200
>Z 362 graphs generated in 1.20 sec
>F 362 cores checked in 0.13 sec
>A genbg n=4+16 e=28:28 d=4:0 D=8:3  class=68/200
>Z 315 graphs generated in 1.31 sec
>F 315 cores checked in 0.12 sec
>A genbg n=4+16 e=28:28 d=4:0 D=8:3  class=69/200
>Z 318 graphs generated in 1.29 sec
>F 318 cores checked in 0.11 sec
>A genbg n=4+16 e=28:28 d=4:0 D=8:3  class=70/200
>Z 340 graphs generated in 1.30 sec
>F 340 cores checked in 0.12 sec
>A genbg n=4+16 e=28:28 d=4:0 D=8:3  class=71/200
>Z 335 graphs generated in 1.29 sec
>F 335 cores checked in 0.12 sec
>A genbg n=4+16 e=28:28 d=4:0 D=8:3  class=72/200
>Z 366 graphs generated in 1.30 sec
>F 366 cores checked in 0.13 sec
>A genbg n=4+16 e=28:28 d=4:0 D=8:3  class=73/200
>Z 363 graphs generated in 1.29 sec
>F 363 cores checked in 0.12 sec
>A genbg n=4+16 e=28:28 d=4:0 D=8:3  class=74/200
>Z 297 graphs generated in 1.30 sec
>F 297 cores checked in 0.10 sec
>A genbg n=4+16 e=28:28 d=4:0 D=8:3  class=75/200
>Z 331 graphs generated in 1.29 sec
>F 331 cores checked in 0.11 sec
>A genbg n=4+16 e=28:28 d=4:0 D=8:3  class=76/200
>Z 324 graphs generated in 1.05 sec
>F 324 cores checked in 0.11 sec
>A genbg n=4+16 e=28:28 d=4:0 D=8:3  class=77/200
>Z 307 graphs generated in 1.30 sec
>F 307 cores checked in 0.10 sec
>A genbg n=4+16 e=28:28 d=4:0 D=8:3  class=78/200
>Z 322 graphs generated in 1.31 sec
>F 322 cores checked in 0.11 sec
>A genbg n=4+16 e=28:28 d=4:0 D=8:3  class=79/200
>Z 348 graphs generated in 1.29 sec
>F 348 cores checked in 0.12 sec
>A genbg n=4+16 e=28:28 d=4:0 D=8:3  class=80/200
>Z 357 graphs generated in 1.29 sec
>F 357 cores checked in 0.13 sec
>A genbg n=4+16 e=28:28 d=4:0 D=8:3  class=81/200
>Z 333 graphs generated in 1.30 sec
>F 333 cores checked in 42.83 sec
>A genbg n=4+16 e=28:28 d=4:0 D=8:3  class=82/200
>Z 374 graphs generated in 1.29 sec
>F 374 cores checked in 0.14 sec
>A genbg n=4+16 e=28:28 d=4:0 D=8:3  class=83/200
>Z 364 graphs generated in 1.29 sec
>F 364 cores checked in 0.13 sec
>A genbg n=4+16 e=28:28 d=4:0 D=8:3  class=84/200
>Z 334 graphs generated in 1.19 sec
>F 334 cores checked in 0.12 sec
>A genbg n=4+16 e=28:28 d=4:0 D=8:3  class=85/200
>Z 341 graphs generated in 1.30 sec
>F 341 cores checked in 0.12 sec
>A genbg n=4+16 e=28:28 d=4:0 D=8:3  class=86/200
>Z 292 graphs generated in 1.16 sec
>F 292 cores checked in 0.10 sec
>A genbg n=4+16 e=28:28 d=4:0 D=8:3  class=87/200
>Z 351 graphs generated in 1.27 sec
>F 351 cores checked in 0.12 sec
>A genbg n=4+16 e=28:28 d=4:0 D=8:3  class=88/200
>Z 321 graphs generated in 1.31 sec
>F 321 cores checked in 0.11 sec
>A genbg n=4+16 e=28:28 d=4:0 D=8:3  class=89/200
>Z 324 graphs generated in 1.21 sec
>F 324 cores checked in 0.11 sec
>A genbg n=4+16 e=28:28 d=4:0 D=8:3  class=90/200
>Z 329 graphs generated in 1.29 sec
>F 329 cores checked in 0.12 sec
>A genbg n=4+16 e=28:28 d=4:0 D=8:3  class=91/200
>Z 328 graphs generated in 1.29 sec
>F 328 cores checked in 0.11 sec
>A genbg n=4+16 e=28:28 d=4:0 D=8:3  class=92/200
>Z 288 graphs generated in 1.29 sec
>F 288 cores checked in 0.11 sec
>A genbg n=4+16 e=28:28 d=4:0 D=8:3  class=93/200
>Z 302 graphs generated in 1.30 sec
>F 302 cores checked in 0.12 sec
>A genbg n=4+16 e=28:28 d=4:0 D=8:3  class=94/200
>Z 380 graphs generated in 1.29 sec
>F 380 cores checked in 0.13 sec
>A genbg n=4+16 e=28:28 d=4:0 D=8:3  class=95/200
>Z 309 graphs generated in 1.29 sec
>F 309 cores checked in 0.12 sec
>A genbg n=4+16 e=28:28 d=4:0 D=8:3  class=96/200
>Z 342 graphs generated in 1.28 sec
>F 342 cores checked in 0.12 sec
>A genbg n=4+16 e=28:28 d=4:0 D=8:3  class=97/200
>Z 355 graphs generated in 1.19 sec
>F 355 cores checked in 0.13 sec
>A genbg n=4+16 e=28:28 d=4:0 D=8:3  class=98/200
>Z 308 graphs generated in 1.36 sec
>F 308 cores checked in 0.12 sec
>A genbg n=4+16 e=28:28 d=4:0 D=8:3  class=99/200
>Z 340 graphs generated in 1.30 sec
>F 340 cores checked in 0.12 sec
>A genbg n=4+16 e=28:28 d=4:0 D=8:3  class=100/200
>Z 372 graphs generated in 1.29 sec
>F 372 cores checked in 0.13 sec
>A genbg n=4+16 e=28:28 d=4:0 D=8:3  class=101/200
>Z 308 graphs generated in 1.30 sec
>F 308 cores checked in 0.11 sec
>A genbg n=4+16 e=28:28 d=4:0 D=8:3  class=102/200
>Z 339 graphs generated in 1.26 sec
>F 339 cores checked in 0.12 sec
>A genbg n=4+16 e=28:28 d=4:0 D=8:3  class=103/200
>Z 280 graphs generated in 1.24 sec
>F 280 cores checked in 0.10 sec
>A genbg n=4+16 e=28:28 d=4:0 D=8:3  class=104/200
>Z 338 graphs generated in 1.18 sec
>F 338 cores checked in 0.12 sec
>A genbg n=4+16 e=28:28 d=4:0 D=8:3  class=105/200
>Z 329 graphs generated in 1.30 sec
>F 329 cores checked in 0.12 sec
>A genbg n=4+16 e=28:28 d=4:0 D=8:3  class=106/200
>Z 353 graphs generated in 1.24 sec
>F 353 cores checked in 0.13 sec
>A genbg n=4+16 e=28:28 d=4:0 D=8:3  class=107/200
>Z 327 graphs generated in 1.11 sec
>F 327 cores checked in 0.11 sec
>A genbg n=4+16 e=28:28 d=4:0 D=8:3  class=108/200
>Z 318 graphs generated in 1.30 sec
>F 318 cores checked in 0.10 sec
>A genbg n=4+16 e=28:28 d=4:0 D=8:3  class=109/200
>Z 346 graphs generated in 1.29 sec
>F 346 cores checked in 0.13 sec
>A genbg n=4+16 e=28:28 d=4:0 D=8:3  class=110/200
>Z 341 graphs generated in 1.12 sec
>F 341 cores checked in 0.12 sec
>A genbg n=4+16 e=28:28 d=4:0 D=8:3  class=111/200
>Z 312 graphs generated in 1.33 sec
>F 312 cores checked in 0.10 sec
>A genbg n=4+16 e=28:28 d=4:0 D=8:3  class=112/200
>Z 390 graphs generated in 1.10 sec
>F 390 cores checked in 0.13 sec
>A genbg n=4+16 e=28:28 d=4:0 D=8:3  class=113/200
>Z 337 graphs generated in 1.20 sec
>F 337 cores checked in 0.12 sec
>A genbg n=4+16 e=28:28 d=4:0 D=8:3  class=114/200
>Z 308 graphs generated in 1.29 sec
>F 308 cores checked in 0.11 sec
>A genbg n=4+16 e=28:28 d=4:0 D=8:3  class=115/200
>Z 326 graphs generated in 1.22 sec
>F 326 cores checked in 0.12 sec
>A genbg n=4+16 e=28:28 d=4:0 D=8:3  class=116/200
>Z 305 graphs generated in 1.28 sec
>F 305 cores checked in 0.11 sec
>A genbg n=4+16 e=28:28 d=4:0 D=8:3  class=117/200
>Z 301 graphs generated in 1.19 sec
>F 301 cores checked in 0.11 sec
>A genbg n=4+16 e=28:28 d=4:0 D=8:3  class=118/200
>Z 383 graphs generated in 1.29 sec
>F 383 cores checked in 0.13 sec
>A genbg n=4+16 e=28:28 d=4:0 D=8:3  class=119/200
>Z 323 graphs generated in 1.28 sec
>F 323 cores checked in 3.59 sec
>A genbg n=4+16 e=28:28 d=4:0 D=8:3  class=120/200
>Z 358 graphs generated in 1.30 sec
>F 358 cores checked in 0.13 sec
>A genbg n=4+16 e=28:28 d=4:0 D=8:3  class=121/200
>Z 404 graphs generated in 1.28 sec
>F 404 cores checked in 0.14 sec
>A genbg n=4+16 e=28:28 d=4:0 D=8:3  class=122/200
>Z 337 graphs generated in 1.29 sec
>F 337 cores checked in 0.12 sec
>A genbg n=4+16 e=28:28 d=4:0 D=8:3  class=123/200
>Z 332 graphs generated in 1.29 sec
>F 332 cores checked in 0.12 sec
>A genbg n=4+16 e=28:28 d=4:0 D=8:3  class=124/200
>Z 345 graphs generated in 1.24 sec
>F 345 cores checked in 0.12 sec
>A genbg n=4+16 e=28:28 d=4:0 D=8:3  class=125/200
>Z 346 graphs generated in 1.29 sec
>F 346 cores checked in 0.12 sec
>A genbg n=4+16 e=28:28 d=4:0 D=8:3  class=126/200
>Z 303 graphs generated in 1.29 sec
>F 303 cores checked in 0.10 sec
>A genbg n=4+16 e=28:28 d=4:0 D=8:3  class=127/200
>Z 347 graphs generated in 1.22 sec
>F 347 cores checked in 0.12 sec
>A genbg n=4+16 e=28:28 d=4:0 D=8:3  class=128/200
>Z 299 graphs generated in 1.19 sec
>F 299 cores checked in 0.11 sec
>A genbg n=4+16 e=28:28 d=4:0 D=8:3  class=129/200
>Z 337 graphs generated in 1.04 sec
>F 337 cores checked in 0.12 sec
>A genbg n=4+16 e=28:28 d=4:0 D=8:3  class=130/200
>Z 322 graphs generated in 1.30 sec
>F 322 cores checked in 0.12 sec
>A genbg n=4+16 e=28:28 d=4:0 D=8:3  class=131/200
>Z 302 graphs generated in 1.26 sec
>F 302 cores checked in 0.11 sec
>A genbg n=4+16 e=28:28 d=4:0 D=8:3  class=132/200
>Z 288 graphs generated in 1.29 sec
>F 288 cores checked in 0.10 sec
>A genbg n=4+16 e=28:28 d=4:0 D=8:3  class=133/200
>Z 369 graphs generated in 1.30 sec
>F 369 cores checked in 0.13 sec
>A genbg n=4+16 e=28:28 d=4:0 D=8:3  class=134/200
>Z 353 graphs generated in 0.94 sec
>F 353 cores checked in 0.12 sec
>A genbg n=4+16 e=28:28 d=4:0 D=8:3  class=135/200
>Z 310 graphs generated in 1.29 sec
>F 310 cores checked in 0.11 sec
>A genbg n=4+16 e=28:28 d=4:0 D=8:3  class=136/200
>Z 381 graphs generated in 1.04 sec
>F 381 cores checked in 0.12 sec
>A genbg n=4+16 e=28:28 d=4:0 D=8:3  class=137/200
>Z 329 graphs generated in 1.30 sec
>F 329 cores checked in 0.11 sec
>A genbg n=4+16 e=28:28 d=4:0 D=8:3  class=138/200
>Z 323 graphs generated in 1.11 sec
>F 323 cores checked in 0.12 sec
>A genbg n=4+16 e=28:28 d=4:0 D=8:3  class=139/200
>Z 358 graphs generated in 1.18 sec
>F 358 cores checked in 0.13 sec
>A genbg n=4+16 e=28:28 d=4:0 D=8:3  class=140/200
>Z 297 graphs generated in 1.05 sec
>F 297 cores checked in 0.10 sec
>A genbg n=4+16 e=28:28 d=4:0 D=8:3  class=141/200
>Z 293 graphs generated in 1.27 sec
>F 293 cores checked in 0.10 sec
>A genbg n=4+16 e=28:28 d=4:0 D=8:3  class=142/200
>Z 335 graphs generated in 1.30 sec
>F 335 cores checked in 0.12 sec
>A genbg n=4+16 e=28:28 d=4:0 D=8:3  class=143/200
>Z 372 graphs generated in 1.13 sec
>F 372 cores checked in 0.14 sec
>A genbg n=4+16 e=28:28 d=4:0 D=8:3  class=144/200
>Z 405 graphs generated in 1.29 sec
>F 405 cores checked in 0.15 sec
>A genbg n=4+16 e=28:28 d=4:0 D=8:3  class=145/200
>Z 360 graphs generated in 1.30 sec
>F 360 cores checked in 21.47 sec
>A genbg n=4+16 e=28:28 d=4:0 D=8:3  class=146/200
>Z 329 graphs generated in 1.30 sec
>F 329 cores checked in 0.12 sec
>A genbg n=4+16 e=28:28 d=4:0 D=8:3  class=147/200
>Z 312 graphs generated in 1.28 sec
>F 312 cores checked in 0.10 sec
>A genbg n=4+16 e=28:28 d=4:0 D=8:3  class=148/200
>Z 257 graphs generated in 1.29 sec
>F 257 cores checked in 1.52 sec
>A genbg n=4+16 e=28:28 d=4:0 D=8:3  class=149/200
>Z 316 graphs generated in 1.31 sec
>F 316 cores checked in 0.11 sec
>A genbg n=4+16 e=28:28 d=4:0 D=8:3  class=150/200
>Z 362 graphs generated in 1.29 sec
>F 362 cores checked in 0.13 sec
>A genbg n=4+16 e=28:28 d=4:0 D=8:3  class=151/200
>Z 345 graphs generated in 1.19 sec
>F 345 cores checked in 0.13 sec
>A genbg n=4+16 e=28:28 d=4:0 D=8:3  class=152/200
>Z 299 graphs generated in 1.30 sec
>F 299 cores checked in 0.11 sec
>A genbg n=4+16 e=28:28 d=4:0 D=8:3  class=153/200
>Z 308 graphs generated in 1.30 sec
>F 308 cores checked in 0.11 sec
>A genbg n=4+16 e=28:28 d=4:0 D=8:3  class=154/200
>Z 319 graphs generated in 1.29 sec
>F 319 cores checked in 0.11 sec
>A genbg n=4+16 e=28:28 d=4:0 D=8:3  class=155/200
>Z 329 graphs generated in 1.30 sec
>F 329 cores checked in 0.12 sec
>A genbg n=4+16 e=28:28 d=4:0 D=8:3  class=156/200
>Z 309 graphs generated in 1.29 sec
>F 309 cores checked in 0.10 sec
>A genbg n=4+16 e=28:28 d=4:0 D=8:3  class=157/200
>Z 348 graphs generated in 1.10 sec
>F 348 cores checked in 0.13 sec
>A genbg n=4+16 e=28:28 d=4:0 D=8:3  class=158/200
>Z 339 graphs generated in 1.29 sec
>F 339 cores checked in 0.12 sec
>A genbg n=4+16 e=28:28 d=4:0 D=8:3  class=159/200
>Z 346 graphs generated in 1.32 sec
>F 346 cores checked in 0.12 sec
>A genbg n=4+16 e=28:28 d=4:0 D=8:3  class=160/200
>Z 269 graphs generated in 1.12 sec
>F 269 cores checked in 0.10 sec
>A genbg n=4+16 e=28:28 d=4:0 D=8:3  class=161/200
>Z 360 graphs generated in 1.24 sec
>F 360 cores checked in 0.13 sec
>A genbg n=4+16 e=28:28 d=4:0 D=8:3  class=162/200
>Z 317 graphs generated in 1.30 sec
>F 317 cores checked in 0.12 sec
>A genbg n=4+16 e=28:28 d=4:0 D=8:3  class=163/200
>Z 323 graphs generated in 1.24 sec
>F 323 cores checked in 0.12 sec
>A genbg n=4+16 e=28:28 d=4:0 D=8:3  class=164/200
>Z 320 graphs generated in 1.29 sec
>F 320 cores checked in 0.12 sec
>A genbg n=4+16 e=28:28 d=4:0 D=8:3  class=165/200
>Z 319 graphs generated in 1.19 sec
>F 319 cores checked in 0.12 sec
>A genbg n=4+16 e=28:28 d=4:0 D=8:3  class=166/200
>Z 304 graphs generated in 1.31 sec
>F 304 cores checked in 0.12 sec
>A genbg n=4+16 e=28:28 d=4:0 D=8:3  class=167/200
>Z 353 graphs generated in 1.30 sec
>F 353 cores checked in 0.13 sec
>A genbg n=4+16 e=28:28 d=4:0 D=8:3  class=168/200
>Z 369 graphs generated in 1.07 sec
>F 369 cores checked in 0.13 sec
>A genbg n=4+16 e=28:28 d=4:0 D=8:3  class=169/200
>Z 313 graphs generated in 1.29 sec
>F 313 cores checked in 0.10 sec
>A genbg n=4+16 e=28:28 d=4:0 D=8:3  class=170/200
>Z 349 graphs generated in 1.29 sec
>F 349 cores checked in 0.13 sec
>A genbg n=4+16 e=28:28 d=4:0 D=8:3  class=171/200
>Z 330 graphs generated in 1.30 sec
>F 330 cores checked in 0.12 sec
>A genbg n=4+16 e=28:28 d=4:0 D=8:3  class=172/200
>Z 304 graphs generated in 1.29 sec
>F 304 cores checked in 0.11 sec
>A genbg n=4+16 e=28:28 d=4:0 D=8:3  class=173/200
>Z 308 graphs generated in 1.24 sec
>F 308 cores checked in 0.11 sec
>A genbg n=4+16 e=28:28 d=4:0 D=8:3  class=174/200
>Z 340 graphs generated in 1.30 sec
>F 340 cores checked in 0.12 sec
>A genbg n=4+16 e=28:28 d=4:0 D=8:3  class=175/200
>Z 343 graphs generated in 1.23 sec
>F 343 cores checked in 0.12 sec
>A genbg n=4+16 e=28:28 d=4:0 D=8:3  class=176/200
>Z 378 graphs generated in 1.30 sec
>F 378 cores checked in 0.14 sec
>A genbg n=4+16 e=28:28 d=4:0 D=8:3  class=177/200
>Z 352 graphs generated in 1.29 sec
>F 352 cores checked in 0.12 sec
>A genbg n=4+16 e=28:28 d=4:0 D=8:3  class=178/200
>Z 303 graphs generated in 1.29 sec
>F 303 cores checked in 0.11 sec
>A genbg n=4+16 e=28:28 d=4:0 D=8:3  class=179/200
>Z 326 graphs generated in 1.29 sec
>F 326 cores checked in 0.11 sec
>A genbg n=4+16 e=28:28 d=4:0 D=8:3  class=180/200
>Z 289 graphs generated in 1.29 sec
>F 289 cores checked in 0.10 sec
>A genbg n=4+16 e=28:28 d=4:0 D=8:3  class=181/200
>Z 381 graphs generated in 1.30 sec
>F 381 cores checked in 0.14 sec
>A genbg n=4+16 e=28:28 d=4:0 D=8:3  class=182/200
>Z 402 graphs generated in 1.30 sec
>F 402 cores checked in 0.14 sec
>A genbg n=4+16 e=28:28 d=4:0 D=8:3  class=183/200
>Z 361 graphs generated in 1.24 sec
>F 361 cores checked in 0.12 sec
>A genbg n=4+16 e=28:28 d=4:0 D=8:3  class=184/200
>Z 352 graphs generated in 1.29 sec
>F 352 cores checked in 0.12 sec
>A genbg n=4+16 e=28:28 d=4:0 D=8:3  class=185/200
>Z 344 graphs generated in 1.26 sec
>F 344 cores checked in 0.12 sec
>A genbg n=4+16 e=28:28 d=4:0 D=8:3  class=186/200
>Z 392 graphs generated in 1.23 sec
>F 392 cores checked in 0.14 sec
>A genbg n=4+16 e=28:28 d=4:0 D=8:3  class=187/200
>Z 370 graphs generated in 1.29 sec
>F 370 cores checked in 0.13 sec
>A genbg n=4+16 e=28:28 d=4:0 D=8:3  class=188/200
>Z 334 graphs generated in 1.04 sec
>F 334 cores checked in 0.11 sec
>A genbg n=4+16 e=28:28 d=4:0 D=8:3  class=189/200
>Z 381 graphs generated in 1.30 sec
>F 381 cores checked in 0.13 sec
>A genbg n=4+16 e=28:28 d=4:0 D=8:3  class=190/200
>Z 341 graphs generated in 1.17 sec
>F 341 cores checked in 0.12 sec
>A genbg n=4+16 e=28:28 d=4:0 D=8:3  class=191/200
>Z 334 graphs generated in 1.29 sec
>F 334 cores checked in 0.12 sec
>A genbg n=4+16 e=28:28 d=4:0 D=8:3  class=192/200
>Z 303 graphs generated in 1.29 sec
>F 303 cores checked in 0.10 sec
>A genbg n=4+16 e=28:28 d=4:0 D=8:3  class=193/200
>Z 357 graphs generated in 1.04 sec
>F 357 cores checked in 0.13 sec
>A genbg n=4+16 e=28:28 d=4:0 D=8:3  class=194/200
>Z 297 graphs generated in 1.30 sec
>F 297 cores checked in 0.10 sec
>A genbg n=4+16 e=28:28 d=4:0 D=8:3  class=195/200
>Z 290 graphs generated in 1.23 sec
>F 290 cores checked in 0.10 sec
>A genbg n=4+16 e=28:28 d=4:0 D=8:3  class=196/200
>Z 307 graphs generated in 1.29 sec
>F 307 cores checked in 0.12 sec
>A genbg n=4+16 e=28:28 d=4:0 D=8:3  class=197/200
>Z 357 graphs generated in 1.21 sec
>F 357 cores checked in 0.12 sec
>A genbg n=4+16 e=28:28 d=4:0 D=8:3  class=198/200
>Z 389 graphs generated in 1.32 sec
>F 389 cores checked in 0.14 sec
>A genbg n=4+16 e=28:28 d=4:0 D=8:3  class=199/200
>Z 349 graphs generated in 1.32 sec
>F 349 cores checked in 0.13 sec



=== Total number of graphs generated: 66929
=== Total number of graphs checked: 66929
=== Total time for generation: 250.40 seconds
=== Total time for checking: 603.07 seconds
=== Total number of exceptional graphs: 0

