=== Log file for genbg_-d4:0_-D8:3_5_16_34:34



>A genbg n=5+16 e=34:34 d=4:0 D=8:3  class=0/200
>Z 57369 graphs generated in 45.28 sec
>F 57369 cores checked in 26.71 sec
>A genbg n=5+16 e=34:34 d=4:0 D=8:3  class=1/200
>Z 57610 graphs generated in 45.36 sec
>F 57610 cores checked in 26.58 sec
>A genbg n=5+16 e=34:34 d=4:0 D=8:3  class=2/200
>Z 56834 graphs generated in 45.28 sec
>F 56834 cores checked in 26.29 sec
>A genbg n=5+16 e=34:34 d=4:0 D=8:3  class=3/200
>Z 55286 graphs generated in 45.41 sec
>F 55286 cores checked in 25.88 sec
>A genbg n=5+16 e=34:34 d=4:0 D=8:3  class=4/200
>Z 57691 graphs generated in 45.35 sec
>F 57691 cores checked in 27.00 sec
>A genbg n=5+16 e=34:34 d=4:0 D=8:3  class=5/200
>Z 56672 graphs generated in 45.39 sec
>F 56672 cores checked in 26.28 sec
>A genbg n=5+16 e=34:34 d=4:0 D=8:3  class=6/200
>Z 57429 graphs generated in 45.31 sec
>F 57429 cores checked in 26.65 sec
>A genbg n=5+16 e=34:34 d=4:0 D=8:3  class=7/200
>Z 58032 graphs generated in 45.38 sec
>F 58032 cores checked in 26.80 sec
>A genbg n=5+16 e=34:34 d=4:0 D=8:3  class=8/200
>Z 56917 graphs generated in 45.49 sec
>F 56917 cores checked in 26.46 sec
>A genbg n=5+16 e=34:34 d=4:0 D=8:3  class=9/200
>Z 57249 graphs generated in 45.45 sec
>F 57249 cores checked in 26.48 sec
>A genbg n=5+16 e=34:34 d=4:0 D=8:3  class=10/200
>Z 57910 graphs generated in 45.44 sec
>F 57910 cores checked in 26.90 sec
>A genbg n=5+16 e=34:34 d=4:0 D=8:3  class=11/200
>Z 57459 graphs generated in 45.38 sec
>F 57459 cores checked in 26.68 sec
>A genbg n=5+16 e=34:34 d=4:0 D=8:3  class=12/200
>Z 56267 graphs generated in 45.44 sec
>F 56267 cores checked in 26.00 sec
>A genbg n=5+16 e=34:34 d=4:0 D=8:3  class=13/200
>Z 56463 graphs generated in 45.53 sec
>F 56463 cores checked in 26.31 sec
>A genbg n=5+16 e=34:34 d=4:0 D=8:3  class=14/200
>Z 56307 graphs generated in 45.52 sec
>F 56307 cores checked in 26.21 sec
>A genbg n=5+16 e=34:34 d=4:0 D=8:3  class=15/200
>Z 57695 graphs generated in 45.57 sec
>F 57695 cores checked in 26.95 sec
>A genbg n=5+16 e=34:34 d=4:0 D=8:3  class=16/200
>Z 57523 graphs generated in 45.53 sec
>F 57523 cores checked in 26.57 sec
>A genbg n=5+16 e=34:34 d=4:0 D=8:3  class=17/200
>Z 58756 graphs generated in 45.52 sec
>F 58756 cores checked in 27.37 sec
>A genbg n=5+16 e=34:34 d=4:0 D=8:3  class=18/200
>Z 57883 graphs generated in 45.58 sec
>F 57883 cores checked in 26.85 sec
>A genbg n=5+16 e=34:34 d=4:0 D=8:3  class=19/200
>Z 57247 graphs generated in 45.49 sec
>F 57247 cores checked in 26.38 sec
>A genbg n=5+16 e=34:34 d=4:0 D=8:3  class=20/200
>Z 58275 graphs generated in 45.60 sec
>F 58275 cores checked in 27.82 sec
>A genbg n=5+16 e=34:34 d=4:0 D=8:3  class=21/200
>Z 57997 graphs generated in 45.63 sec
>F 57997 cores checked in 26.96 sec
>A genbg n=5+16 e=34:34 d=4:0 D=8:3  class=22/200
>Z 57975 graphs generated in 45.50 sec
>F 57975 cores checked in 27.12 sec
>A genbg n=5+16 e=34:34 d=4:0 D=8:3  class=23/200
>Z 56919 graphs generated in 45.41 sec
>F 56919 cores checked in 26.67 sec
>A genbg n=5+16 e=34:34 d=4:0 D=8:3  class=24/200
>Z 57194 graphs generated in 45.50 sec
>F 57194 cores checked in 26.78 sec
>A genbg n=5+16 e=34:34 d=4:0 D=8:3  class=25/200
>Z 57722 graphs generated in 45.59 sec
>F 57722 cores checked in 26.78 sec
>A genbg n=5+16 e=34:34 d=4:0 D=8:3  class=26/200
>Z 56596 graphs generated in 45.48 sec
>F 56596 cores checked in 26.25 sec
>A genbg n=5+16 e=34:34 d=4:0 D=8:3  class=27/200
>Z 57558 graphs generated in 45.54 sec
>F 57558 cores checked in 26.66 sec
>A genbg n=5+16 e=34:34 d=4:0 D=8:3  class=28/200
>Z 56733 graphs generated in 45.51 sec
>F 56733 cores checked in 26.38 sec
>A genbg n=5+16 e=34:34 d=4:0 D=8:3  class=29/200
>Z 56476 graphs generated in 45.53 sec
>F 56476 cores checked in 26.26 sec
>A genbg n=5+16 e=34:34 d=4:0 D=8:3  class=30/200
>Z 55954 graphs generated in 45.47 sec
>F 55954 cores checked in 26.06 sec
>A genbg n=5+16 e=34:34 d=4:0 D=8:3  class=31/200
>Z 56847 graphs generated in 45.43 sec
>F 56847 cores checked in 26.34 sec
>A genbg n=5+16 e=34:34 d=4:0 D=8:3  class=32/200
>Z 57514 graphs generated in 45.48 sec
>F 57514 cores checked in 26.88 sec
>A genbg n=5+16 e=34:34 d=4:0 D=8:3  class=33/200
>Z 57387 graphs generated in 45.40 sec
>F 57387 cores checked in 26.86 sec
>A genbg n=5+16 e=34:34 d=4:0 D=8:3  class=34/200
>Z 58419 graphs generated in 45.46 sec
>F 58419 cores checked in 27.08 sec
>A genbg n=5+16 e=34:34 d=4:0 D=8:3  class=35/200
>Z 58123 graphs generated in 45.42 sec
>F 58123 cores checked in 27.05 sec
>A genbg n=5+16 e=34:34 d=4:0 D=8:3  class=36/200
>Z 57488 graphs generated in 45.53 sec
>F 57488 cores checked in 26.85 sec
>A genbg n=5+16 e=34:34 d=4:0 D=8:3  class=37/200
>Z 57996 graphs generated in 45.54 sec
>F 57996 cores checked in 26.88 sec
>A genbg n=5+16 e=34:34 d=4:0 D=8:3  class=38/200
>Z 56812 graphs generated in 45.46 sec
>F 56812 cores checked in 26.23 sec
>A genbg n=5+16 e=34:34 d=4:0 D=8:3  class=39/200
>Z 56774 graphs generated in 45.42 sec
>F 56774 cores checked in 26.44 sec
>A genbg n=5+16 e=34:34 d=4:0 D=8:3  class=40/200
>Z 57433 graphs generated in 45.44 sec
>F 57433 cores checked in 26.70 sec
>A genbg n=5+16 e=34:34 d=4:0 D=8:3  class=41/200
>Z 57204 graphs generated in 45.43 sec
>F 57204 cores checked in 26.54 sec
>A genbg n=5+16 e=34:34 d=4:0 D=8:3  class=42/200
>Z 56114 graphs generated in 45.35 sec
>F 56114 cores checked in 26.07 sec
>A genbg n=5+16 e=34:34 d=4:0 D=8:3  class=43/200
>Z 56903 graphs generated in 45.44 sec
>F 56903 cores checked in 26.63 sec
>A genbg n=5+16 e=34:34 d=4:0 D=8:3  class=44/200
>Z 56964 graphs generated in 45.45 sec
>F 56964 cores checked in 26.57 sec
>A genbg n=5+16 e=34:34 d=4:0 D=8:3  class=45/200
>Z 57036 graphs generated in 45.43 sec
>F 57036 cores checked in 26.40 sec
>A genbg n=5+16 e=34:34 d=4:0 D=8:3  class=46/200
>Z 56843 graphs generated in 45.52 sec
>F 56843 cores checked in 26.54 sec
>A genbg n=5+16 e=34:34 d=4:0 D=8:3  class=47/200
>Z 57789 graphs generated in 45.54 sec
>F 57789 cores checked in 26.84 sec
>A genbg n=5+16 e=34:34 d=4:0 D=8:3  class=48/200
>Z 57410 graphs generated in 45.56 sec
>F 57410 cores checked in 26.69 sec
>A genbg n=5+16 e=34:34 d=4:0 D=8:3  class=49/200
>Z 56441 graphs generated in 45.49 sec
>F 56441 cores checked in 26.40 sec
>A genbg n=5+16 e=34:34 d=4:0 D=8:3  class=50/200
>Z 57294 graphs generated in 45.49 sec
>F 57294 cores checked in 26.99 sec
>A genbg n=5+16 e=34:34 d=4:0 D=8:3  class=51/200
>Z 57729 graphs generated in 45.42 sec
>F 57729 cores checked in 26.70 sec
>A genbg n=5+16 e=34:34 d=4:0 D=8:3  class=52/200
>Z 57194 graphs generated in 45.39 sec
>F 57194 cores checked in 26.85 sec
>A genbg n=5+16 e=34:34 d=4:0 D=8:3  class=53/200
>Z 55622 graphs generated in 45.40 sec
>F 55622 cores checked in 25.98 sec
>A genbg n=5+16 e=34:34 d=4:0 D=8:3  class=54/200
>Z 56344 graphs generated in 45.40 sec
>F 56344 cores checked in 26.33 sec
>A genbg n=5+16 e=34:34 d=4:0 D=8:3  class=55/200
>Z 57182 graphs generated in 45.63 sec
>F 57182 cores checked in 26.59 sec
>A genbg n=5+16 e=34:34 d=4:0 D=8:3  class=56/200
>Z 58149 graphs generated in 45.60 sec
>F 58149 cores checked in 27.10 sec
>A genbg n=5+16 e=34:34 d=4:0 D=8:3  class=57/200
>Z 57834 graphs generated in 45.43 sec
>F 57834 cores checked in 26.91 sec
>A genbg n=5+16 e=34:34 d=4:0 D=8:3  class=58/200
>Z 57047 graphs generated in 45.45 sec
>F 57047 cores checked in 26.74 sec
>A genbg n=5+16 e=34:34 d=4:0 D=8:3  class=59/200
>Z 56698 graphs generated in 45.42 sec
>F 56698 cores checked in 26.63 sec
>A genbg n=5+16 e=34:34 d=4:0 D=8:3  class=60/200
>Z 57156 graphs generated in 45.53 sec
>F 57156 cores checked in 26.62 sec
>A genbg n=5+16 e=34:34 d=4:0 D=8:3  class=61/200
>Z 56354 graphs generated in 47.04 sec
>F 56354 cores checked in 26.11 sec
>A genbg n=5+16 e=34:34 d=4:0 D=8:3  class=62/200
>Z 56682 graphs generated in 45.52 sec
>F 56682 cores checked in 26.51 sec
>A genbg n=5+16 e=34:34 d=4:0 D=8:3  class=63/200
>Z 56550 graphs generated in 45.40 sec
>F 56550 cores checked in 26.46 sec
>A genbg n=5+16 e=34:34 d=4:0 D=8:3  class=64/200
>Z 56522 graphs generated in 45.41 sec
>F 56522 cores checked in 26.43 sec
>A genbg n=5+16 e=34:34 d=4:0 D=8:3  class=65/200
>Z 56634 graphs generated in 45.38 sec
>F 56634 cores checked in 26.48 sec
>A genbg n=5+16 e=34:34 d=4:0 D=8:3  class=66/200
>Z 58393 graphs generated in 45.36 sec
>F 58393 cores checked in 27.15 sec
>A genbg n=5+16 e=34:34 d=4:0 D=8:3  class=67/200
>Z 58333 graphs generated in 45.51 sec
>F 58333 cores checked in 27.09 sec
>A genbg n=5+16 e=34:34 d=4:0 D=8:3  class=68/200
>Z 56898 graphs generated in 45.43 sec
>F 56898 cores checked in 26.61 sec
>A genbg n=5+16 e=34:34 d=4:0 D=8:3  class=69/200
>Z 56460 graphs generated in 45.34 sec
>F 56460 cores checked in 26.37 sec
>A genbg n=5+16 e=34:34 d=4:0 D=8:3  class=70/200
>Z 57431 graphs generated in 45.35 sec
>F 57431 cores checked in 26.77 sec
>A genbg n=5+16 e=34:34 d=4:0 D=8:3  class=71/200
>Z 57477 graphs generated in 45.48 sec
>F 57477 cores checked in 26.77 sec
>A genbg n=5+16 e=34:34 d=4:0 D=8:3  class=72/200
>Z 57025 graphs generated in 45.53 sec
>F 57025 cores checked in 26.60 sec
>A genbg n=5+16 e=34:34 d=4:0 D=8:3  class=73/200
>Z 56371 graphs generated in 45.46 sec
>F 56371 cores checked in 26.56 sec
>A genbg n=5+16 e=34:34 d=4:0 D=8:3  class=74/200
>Z 56929 graphs generated in 45.42 sec
>F 56929 cores checked in 26.57 sec
>A genbg n=5+16 e=34:34 d=4:0 D=8:3  class=75/200
>Z 56950 graphs generated in 45.47 sec
>F 56950 cores checked in 26.33 sec
>A genbg n=5+16 e=34:34 d=4:0 D=8:3  class=76/200
>Z 57326 graphs generated in 45.46 sec
>F 57326 cores checked in 26.82 sec
>A genbg n=5+16 e=34:34 d=4:0 D=8:3  class=77/200
>Z 57085 graphs generated in 45.47 sec
>F 57085 cores checked in 26.62 sec
>A genbg n=5+16 e=34:34 d=4:0 D=8:3  class=78/200
>Z 57578 graphs generated in 45.46 sec
>F 57578 cores checked in 26.84 sec
>A genbg n=5+16 e=34:34 d=4:0 D=8:3  class=79/200
>Z 55854 graphs generated in 45.35 sec
>F 55854 cores checked in 26.30 sec
>A genbg n=5+16 e=34:34 d=4:0 D=8:3  class=80/200
>Z 56742 graphs generated in 45.27 sec
>F 56742 cores checked in 26.42 sec
>A genbg n=5+16 e=34:34 d=4:0 D=8:3  class=81/200
>Z 57780 graphs generated in 45.37 sec
>F 57780 cores checked in 27.57 sec
>A genbg n=5+16 e=34:34 d=4:0 D=8:3  class=82/200
>Z 56053 graphs generated in 45.49 sec
>F 56053 cores checked in 26.12 sec
>A genbg n=5+16 e=34:34 d=4:0 D=8:3  class=83/200
>Z 56583 graphs generated in 45.42 sec
>F 56583 cores checked in 26.36 sec
>A genbg n=5+16 e=34:34 d=4:0 D=8:3  class=84/200
>Z 56031 graphs generated in 45.22 sec
>F 56031 cores checked in 26.01 sec
>A genbg n=5+16 e=34:34 d=4:0 D=8:3  class=85/200
>Z 57887 graphs generated in 45.61 sec
>F 57887 cores checked in 27.08 sec
>A genbg n=5+16 e=34:34 d=4:0 D=8:3  class=86/200
>Z 57834 graphs generated in 45.35 sec
>F 57834 cores checked in 26.90 sec
>A genbg n=5+16 e=34:34 d=4:0 D=8:3  class=87/200
>Z 58441 graphs generated in 45.38 sec
>F 58441 cores checked in 27.17 sec
>A genbg n=5+16 e=34:34 d=4:0 D=8:3  class=88/200
>Z 58087 graphs generated in 45.55 sec
>F 58087 cores checked in 26.85 sec
>A genbg n=5+16 e=34:34 d=4:0 D=8:3  class=89/200
>Z 56836 graphs generated in 45.41 sec
>F 56836 cores checked in 26.48 sec
>A genbg n=5+16 e=34:34 d=4:0 D=8:3  class=90/200
>Z 57313 graphs generated in 45.46 sec
>F 57313 cores checked in 26.62 sec
>A genbg n=5+16 e=34:34 d=4:0 D=8:3  class=91/200
>Z 57491 graphs generated in 45.47 sec
>F 57491 cores checked in 26.76 sec
>A genbg n=5+16 e=34:34 d=4:0 D=8:3  class=92/200
>Z 58047 graphs generated in 48.18 sec
>F 58047 cores checked in 27.17 sec
>A genbg n=5+16 e=34:34 d=4:0 D=8:3  class=93/200
>Z 56385 graphs generated in 45.32 sec
>F 56385 cores checked in 26.21 sec
>A genbg n=5+16 e=34:34 d=4:0 D=8:3  class=94/200
>Z 57046 graphs generated in 45.39 sec
>F 57046 cores checked in 26.75 sec
>A genbg n=5+16 e=34:34 d=4:0 D=8:3  class=95/200
>Z 58301 graphs generated in 45.44 sec
>F 58301 cores checked in 27.07 sec
>A genbg n=5+16 e=34:34 d=4:0 D=8:3  class=96/200
>Z 57415 graphs generated in 45.34 sec
>F 57415 cores checked in 26.75 sec
>A genbg n=5+16 e=34:34 d=4:0 D=8:3  class=97/200
>Z 58178 graphs generated in 45.28 sec
>F 58178 cores checked in 27.91 sec
>A genbg n=5+16 e=34:34 d=4:0 D=8:3  class=98/200
>Z 56862 graphs generated in 45.40 sec
>F 56862 cores checked in 27.50 sec
>A genbg n=5+16 e=34:34 d=4:0 D=8:3  class=99/200
>Z 55876 graphs generated in 45.46 sec
>F 55876 cores checked in 25.96 sec
>A genbg n=5+16 e=34:34 d=4:0 D=8:3  class=100/200
>Z 57492 graphs generated in 45.44 sec
>F 57492 cores checked in 26.84 sec
>A genbg n=5+16 e=34:34 d=4:0 D=8:3  class=101/200
>Z 56908 graphs generated in 45.38 sec
>F 56908 cores checked in 26.40 sec
>A genbg n=5+16 e=34:34 d=4:0 D=8:3  class=102/200
>Z 56495 graphs generated in 45.36 sec
>F 56495 cores checked in 26.50 sec
>A genbg n=5+16 e=34:34 d=4:0 D=8:3  class=103/200
>Z 56638 graphs generated in 45.47 sec
>F 56638 cores checked in 26.67 sec
>A genbg n=5+16 e=34:34 d=4:0 D=8:3  class=104/200
>Z 56990 graphs generated in 45.39 sec
>F 56990 cores checked in 26.59 sec
>A genbg n=5+16 e=34:34 d=4:0 D=8:3  class=105/200
>Z 56348 graphs generated in 45.52 sec
>F 56348 cores checked in 26.29 sec
>A genbg n=5+16 e=34:34 d=4:0 D=8:3  class=106/200
>Z 57461 graphs generated in 45.31 sec
>F 57461 cores checked in 26.74 sec
>A genbg n=5+16 e=34:34 d=4:0 D=8:3  class=107/200
>Z 57351 graphs generated in 45.39 sec
>F 57351 cores checked in 26.76 sec
>A genbg n=5+16 e=34:34 d=4:0 D=8:3  class=108/200
>Z 57768 graphs generated in 45.39 sec
>F 57768 cores checked in 26.96 sec
>A genbg n=5+16 e=34:34 d=4:0 D=8:3  class=109/200
>Z 57218 graphs generated in 45.39 sec
>F 57218 cores checked in 26.64 sec
>A genbg n=5+16 e=34:34 d=4:0 D=8:3  class=110/200
>Z 58033 graphs generated in 45.34 sec
>F 58033 cores checked in 27.21 sec
>A genbg n=5+16 e=34:34 d=4:0 D=8:3  class=111/200
>Z 56917 graphs generated in 45.35 sec
>F 56917 cores checked in 26.41 sec
>A genbg n=5+16 e=34:34 d=4:0 D=8:3  class=112/200
>Z 56642 graphs generated in 45.46 sec
>F 56642 cores checked in 26.37 sec
>A genbg n=5+16 e=34:34 d=4:0 D=8:3  class=113/200
>Z 56626 graphs generated in 45.32 sec
>F 56626 cores checked in 26.34 sec
>A genbg n=5+16 e=34:34 d=4:0 D=8:3  class=114/200
>Z 56397 graphs generated in 45.31 sec
>F 56397 cores checked in 26.26 sec
>A genbg n=5+16 e=34:34 d=4:0 D=8:3  class=115/200
>Z 58382 graphs generated in 45.40 sec
>F 58382 cores checked in 27.04 sec
>A genbg n=5+16 e=34:34 d=4:0 D=8:3  class=116/200
>Z 57157 graphs generated in 45.40 sec
>F 57157 cores checked in 26.61 sec
>A genbg n=5+16 e=34:34 d=4:0 D=8:3  class=117/200
>Z 58396 graphs generated in 45.50 sec
>F 58396 cores checked in 27.25 sec
>A genbg n=5+16 e=34:34 d=4:0 D=8:3  class=118/200
>Z 57129 graphs generated in 45.24 sec
>F 57129 cores checked in 26.92 sec
>A genbg n=5+16 e=34:34 d=4:0 D=8:3  class=119/200
>Z 56564 graphs generated in 45.39 sec
>F 56564 cores checked in 26.65 sec
>A genbg n=5+16 e=34:34 d=4:0 D=8:3  class=120/200
>Z 57186 graphs generated in 45.35 sec
>F 57186 cores checked in 26.59 sec
>A genbg n=5+16 e=34:34 d=4:0 D=8:3  class=121/200
>Z 57908 graphs generated in 45.38 sec
>F 57908 cores checked in 27.09 sec
>A genbg n=5+16 e=34:34 d=4:0 D=8:3  class=122/200
>Z 58258 graphs generated in 45.32 sec
>F 58258 cores checked in 27.37 sec
>A genbg n=5+16 e=34:34 d=4:0 D=8:3  class=123/200
>Z 56873 graphs generated in 45.36 sec
>F 56873 cores checked in 26.63 sec
>A genbg n=5+16 e=34:34 d=4:0 D=8:3  class=124/200
>Z 57429 graphs generated in 45.46 sec
>F 57429 cores checked in 26.76 sec
>A genbg n=5+16 e=34:34 d=4:0 D=8:3  class=125/200
>Z 57276 graphs generated in 45.57 sec
>F 57276 cores checked in 26.53 sec
>A genbg n=5+16 e=34:34 d=4:0 D=8:3  class=126/200
>Z 58179 graphs generated in 45.35 sec
>F 58179 cores checked in 27.22 sec
>A genbg n=5+16 e=34:34 d=4:0 D=8:3  class=127/200
>Z 57349 graphs generated in 45.42 sec
>F 57349 cores checked in 26.70 sec
>A genbg n=5+16 e=34:34 d=4:0 D=8:3  class=128/200
>Z 57580 graphs generated in 45.47 sec
>F 57580 cores checked in 26.86 sec
>A genbg n=5+16 e=34:34 d=4:0 D=8:3  class=129/200
>Z 57807 graphs generated in 45.53 sec
>F 57807 cores checked in 27.05 sec
>A genbg n=5+16 e=34:34 d=4:0 D=8:3  class=130/200
>Z 56833 graphs generated in 45.38 sec
>F 56833 cores checked in 26.47 sec
>A genbg n=5+16 e=34:34 d=4:0 D=8:3  class=131/200
>Z 57160 graphs generated in 45.35 sec
>F 57160 cores checked in 26.67 sec
>A genbg n=5+16 e=34:34 d=4:0 D=8:3  class=132/200
>Z 57122 graphs generated in 45.42 sec
>F 57122 cores checked in 26.57 sec
>A genbg n=5+16 e=34:34 d=4:0 D=8:3  class=133/200
>Z 56091 graphs generated in 45.37 sec
>F 56091 cores checked in 26.43 sec
>A genbg n=5+16 e=34:34 d=4:0 D=8:3  class=134/200
>Z 56581 graphs generated in 45.36 sec
>F 56581 cores checked in 26.39 sec
>A genbg n=5+16 e=34:34 d=4:0 D=8:3  class=135/200
>Z 56823 graphs generated in 45.42 sec
>F 56823 cores checked in 26.60 sec
>A genbg n=5+16 e=34:34 d=4:0 D=8:3  class=136/200
>Z 58094 graphs generated in 45.47 sec
>F 58094 cores checked in 27.22 sec
>A genbg n=5+16 e=34:34 d=4:0 D=8:3  class=137/200
>Z 57743 graphs generated in 45.42 sec
>F 57743 cores checked in 27.80 sec
>A genbg n=5+16 e=34:34 d=4:0 D=8:3  class=138/200
>Z 56439 graphs generated in 45.36 sec
>F 56439 cores checked in 26.16 sec
>A genbg n=5+16 e=34:34 d=4:0 D=8:3  class=139/200
>Z 56146 graphs generated in 45.40 sec
>F 56146 cores checked in 26.20 sec
>A genbg n=5+16 e=34:34 d=4:0 D=8:3  class=140/200
>Z 56193 graphs generated in 45.39 sec
>F 56193 cores checked in 26.31 sec
>A genbg n=5+16 e=34:34 d=4:0 D=8:3  class=141/200
>Z 55926 graphs generated in 45.37 sec
>F 55926 cores checked in 26.09 sec
>A genbg n=5+16 e=34:34 d=4:0 D=8:3  class=142/200
>Z 57077 graphs generated in 45.42 sec
>F 57077 cores checked in 26.83 sec
>A genbg n=5+16 e=34:34 d=4:0 D=8:3  class=143/200
>Z 56883 graphs generated in 45.44 sec
>F 56883 cores checked in 26.75 sec
>A genbg n=5+16 e=34:34 d=4:0 D=8:3  class=144/200
>Z 56781 graphs generated in 45.41 sec
>F 56781 cores checked in 26.70 sec
>A genbg n=5+16 e=34:34 d=4:0 D=8:3  class=145/200
>Z 57152 graphs generated in 45.36 sec
>F 57152 cores checked in 26.61 sec
>A genbg n=5+16 e=34:34 d=4:0 D=8:3  class=146/200
>Z 57169 graphs generated in 45.40 sec
>F 57169 cores checked in 26.59 sec
>A genbg n=5+16 e=34:34 d=4:0 D=8:3  class=147/200
>Z 57650 graphs generated in 45.39 sec
>F 57650 cores checked in 26.86 sec
>A genbg n=5+16 e=34:34 d=4:0 D=8:3  class=148/200
>Z 56716 graphs generated in 45.34 sec
>F 56716 cores checked in 26.70 sec
>A genbg n=5+16 e=34:34 d=4:0 D=8:3  class=149/200
>Z 57038 graphs generated in 45.40 sec
>F 57038 cores checked in 26.49 sec
>A genbg n=5+16 e=34:34 d=4:0 D=8:3  class=150/200
>Z 58191 graphs generated in 45.42 sec
>F 58191 cores checked in 27.12 sec
>A genbg n=5+16 e=34:34 d=4:0 D=8:3  class=151/200
>Z 58303 graphs generated in 45.37 sec
>F 58303 cores checked in 27.32 sec
>A genbg n=5+16 e=34:34 d=4:0 D=8:3  class=152/200
>Z 57452 graphs generated in 45.45 sec
>F 57452 cores checked in 26.94 sec
>A genbg n=5+16 e=34:34 d=4:0 D=8:3  class=153/200
>Z 56263 graphs generated in 45.28 sec
>F 56263 cores checked in 26.41 sec
>A genbg n=5+16 e=34:34 d=4:0 D=8:3  class=154/200
>Z 57038 graphs generated in 45.37 sec
>F 57038 cores checked in 26.55 sec
>A genbg n=5+16 e=34:34 d=4:0 D=8:3  class=155/200
>Z 58357 graphs generated in 45.51 sec
>F 58357 cores checked in 27.04 sec
>A genbg n=5+16 e=34:34 d=4:0 D=8:3  class=156/200
>Z 57313 graphs generated in 45.32 sec
>F 57313 cores checked in 26.48 sec
>A genbg n=5+16 e=34:34 d=4:0 D=8:3  class=157/200
>Z 56680 graphs generated in 45.39 sec
>F 56680 cores checked in 26.33 sec
>A genbg n=5+16 e=34:34 d=4:0 D=8:3  class=158/200
>Z 57707 graphs generated in 45.56 sec
>F 57707 cores checked in 26.95 sec
>A genbg n=5+16 e=34:34 d=4:0 D=8:3  class=159/200
>Z 56452 graphs generated in 45.40 sec
>F 56452 cores checked in 26.27 sec
>A genbg n=5+16 e=34:34 d=4:0 D=8:3  class=160/200
>Z 57897 graphs generated in 45.36 sec
>F 57897 cores checked in 27.95 sec
>A genbg n=5+16 e=34:34 d=4:0 D=8:3  class=161/200
>Z 56901 graphs generated in 45.38 sec
>F 56901 cores checked in 26.49 sec
>A genbg n=5+16 e=34:34 d=4:0 D=8:3  class=162/200
>Z 58475 graphs generated in 45.43 sec
>F 58475 cores checked in 27.35 sec
>A genbg n=5+16 e=34:34 d=4:0 D=8:3  class=163/200
>Z 56798 graphs generated in 45.42 sec
>F 56798 cores checked in 26.62 sec
>A genbg n=5+16 e=34:34 d=4:0 D=8:3  class=164/200
>Z 58237 graphs generated in 45.37 sec
>F 58237 cores checked in 27.37 sec
>A genbg n=5+16 e=34:34 d=4:0 D=8:3  class=165/200
>Z 57782 graphs generated in 45.43 sec
>F 57782 cores checked in 26.67 sec
>A genbg n=5+16 e=34:34 d=4:0 D=8:3  class=166/200
>Z 57777 graphs generated in 45.51 sec
>F 57777 cores checked in 27.17 sec
>A genbg n=5+16 e=34:34 d=4:0 D=8:3  class=167/200
>Z 57753 graphs generated in 45.30 sec
>F 57753 cores checked in 26.96 sec
>A genbg n=5+16 e=34:34 d=4:0 D=8:3  class=168/200
>Z 57133 graphs generated in 45.23 sec
>F 57133 cores checked in 26.76 sec
>A genbg n=5+16 e=34:34 d=4:0 D=8:3  class=169/200
>Z 56631 graphs generated in 45.33 sec
>F 56631 cores checked in 26.55 sec
>A genbg n=5+16 e=34:34 d=4:0 D=8:3  class=170/200
>Z 56801 graphs generated in 45.31 sec
>F 56801 cores checked in 26.55 sec
>A genbg n=5+16 e=34:34 d=4:0 D=8:3  class=171/200
>Z 56983 graphs generated in 45.46 sec
>F 56983 cores checked in 26.54 sec
>A genbg n=5+16 e=34:34 d=4:0 D=8:3  class=172/200
>Z 56748 graphs generated in 45.37 sec
>F 56748 cores checked in 26.64 sec
>A genbg n=5+16 e=34:34 d=4:0 D=8:3  class=173/200
>Z 56756 graphs generated in 45.46 sec
>F 56756 cores checked in 26.59 sec
>A genbg n=5+16 e=34:34 d=4:0 D=8:3  class=174/200
>Z 57261 graphs generated in 45.39 sec
>F 57261 cores checked in 26.74 sec
>A genbg n=5+16 e=34:34 d=4:0 D=8:3  class=175/200
>Z 58132 graphs generated in 45.38 sec
>F 58132 cores checked in 27.24 sec
>A genbg n=5+16 e=34:34 d=4:0 D=8:3  class=176/200
>Z 57545 graphs generated in 45.35 sec
>F 57545 cores checked in 27.15 sec
>A genbg n=5+16 e=34:34 d=4:0 D=8:3  class=177/200
>Z 56541 graphs generated in 45.34 sec
>F 56541 cores checked in 27.10 sec
>A genbg n=5+16 e=34:34 d=4:0 D=8:3  class=178/200
>Z 57023 graphs generated in 45.43 sec
>F 57023 cores checked in 26.82 sec
>A genbg n=5+16 e=34:34 d=4:0 D=8:3  class=179/200
>Z 57188 graphs generated in 45.35 sec
>F 57188 cores checked in 27.18 sec
>A genbg n=5+16 e=34:34 d=4:0 D=8:3  class=180/200
>Z 57836 graphs generated in 45.32 sec
>F 57836 cores checked in 26.95 sec
>A genbg n=5+16 e=34:34 d=4:0 D=8:3  class=181/200
>Z 56759 graphs generated in 45.24 sec
>F 56759 cores checked in 26.59 sec
>A genbg n=5+16 e=34:34 d=4:0 D=8:3  class=182/200
>Z 57602 graphs generated in 45.36 sec
>F 57602 cores checked in 27.52 sec
>A genbg n=5+16 e=34:34 d=4:0 D=8:3  class=183/200
>Z 56646 graphs generated in 45.39 sec
>F 56646 cores checked in 26.68 sec
>A genbg n=5+16 e=34:34 d=4:0 D=8:3  class=184/200
>Z 57477 graphs generated in 45.34 sec
>F 57477 cores checked in 27.25 sec
>A genbg n=5+16 e=34:34 d=4:0 D=8:3  class=185/200
>Z 57343 graphs generated in 45.26 sec
>F 57343 cores checked in 26.79 sec
>A genbg n=5+16 e=34:34 d=4:0 D=8:3  class=186/200
>Z 56933 graphs generated in 45.32 sec
>F 56933 cores checked in 26.61 sec
>A genbg n=5+16 e=34:34 d=4:0 D=8:3  class=187/200
>Z 58146 graphs generated in 45.48 sec
>F 58146 cores checked in 27.15 sec
>A genbg n=5+16 e=34:34 d=4:0 D=8:3  class=188/200
>Z 57061 graphs generated in 45.33 sec
>F 57061 cores checked in 26.68 sec
>A genbg n=5+16 e=34:34 d=4:0 D=8:3  class=189/200
>Z 57854 graphs generated in 45.60 sec
>F 57854 cores checked in 27.27 sec
>A genbg n=5+16 e=34:34 d=4:0 D=8:3  class=190/200
>Z 57585 graphs generated in 45.48 sec
>F 57585 cores checked in 26.97 sec
>A genbg n=5+16 e=34:34 d=4:0 D=8:3  class=191/200
>Z 56584 graphs generated in 45.50 sec
>F 56584 cores checked in 26.38 sec
>A genbg n=5+16 e=34:34 d=4:0 D=8:3  class=192/200
>Z 57491 graphs generated in 45.48 sec
>F 57491 cores checked in 26.86 sec
>A genbg n=5+16 e=34:34 d=4:0 D=8:3  class=193/200
>Z 56305 graphs generated in 47.57 sec
>F 56305 cores checked in 26.44 sec
>A genbg n=5+16 e=34:34 d=4:0 D=8:3  class=194/200
>Z 55580 graphs generated in 45.43 sec
>F 55580 cores checked in 25.93 sec
>A genbg n=5+16 e=34:34 d=4:0 D=8:3  class=195/200
>Z 56986 graphs generated in 45.71 sec
>F 56986 cores checked in 26.62 sec
>A genbg n=5+16 e=34:34 d=4:0 D=8:3  class=196/200
>Z 57258 graphs generated in 45.70 sec
>F 57258 cores checked in 26.63 sec
>A genbg n=5+16 e=34:34 d=4:0 D=8:3  class=197/200
>Z 57233 graphs generated in 45.63 sec
>F 57233 cores checked in 26.53 sec
>A genbg n=5+16 e=34:34 d=4:0 D=8:3  class=198/200
>Z 56771 graphs generated in 45.80 sec
>F 56771 cores checked in 26.47 sec
>A genbg n=5+16 e=34:34 d=4:0 D=8:3  class=199/200
>Z 56792 graphs generated in 45.54 sec
>F 56792 cores checked in 26.58 sec



=== Total number of graphs generated: 11436518
=== Total number of graphs checked: 11436518
=== Total time for generation: 9092.04 seconds
=== Total time for checking: 5341.01 seconds
=== Total number of exceptional graphs: 0

