=== Log file for genbg_-d4:0_-D8:3_5_16_36:36



>A genbg n=5+16 e=36:36 d=4:0 D=8:3  class=0/200
>Z 22452 graphs generated in 55.59 sec
>F 22452 cores checked in 14.45 sec
>A genbg n=5+16 e=36:36 d=4:0 D=8:3  class=1/200
>Z 22361 graphs generated in 55.40 sec
>F 22361 cores checked in 14.34 sec
>A genbg n=5+16 e=36:36 d=4:0 D=8:3  class=2/200
>Z 22065 graphs generated in 55.50 sec
>F 22065 cores checked in 14.21 sec
>A genbg n=5+16 e=36:36 d=4:0 D=8:3  class=3/200
>Z 22642 graphs generated in 55.63 sec
>F 22642 cores checked in 14.56 sec
>A genbg n=5+16 e=36:36 d=4:0 D=8:3  class=4/200
>Z 22076 graphs generated in 55.62 sec
>F 22076 cores checked in 14.14 sec
>A genbg n=5+16 e=36:36 d=4:0 D=8:3  class=5/200
>Z 22509 graphs generated in 55.50 sec
>F 22509 cores checked in 14.43 sec
>A genbg n=5+16 e=36:36 d=4:0 D=8:3  class=6/200
>Z 22293 graphs generated in 55.76 sec
>F 22293 cores checked in 14.48 sec
>A genbg n=5+16 e=36:36 d=4:0 D=8:3  class=7/200
>Z 22121 graphs generated in 55.64 sec
>F 22121 cores checked in 14.15 sec
>A genbg n=5+16 e=36:36 d=4:0 D=8:3  class=8/200
>Z 22442 graphs generated in 55.57 sec
>F 22442 cores checked in 14.39 sec
>A genbg n=5+16 e=36:36 d=4:0 D=8:3  class=9/200
>Z 22394 graphs generated in 55.55 sec
>F 22394 cores checked in 14.38 sec
>A genbg n=5+16 e=36:36 d=4:0 D=8:3  class=10/200
>Z 22295 graphs generated in 55.51 sec
>F 22295 cores checked in 14.23 sec
>A genbg n=5+16 e=36:36 d=4:0 D=8:3  class=11/200
>Z 22017 graphs generated in 55.54 sec
>F 22017 cores checked in 14.02 sec
>A genbg n=5+16 e=36:36 d=4:0 D=8:3  class=12/200
>Z 22614 graphs generated in 55.65 sec
>F 22614 cores checked in 14.63 sec
>A genbg n=5+16 e=36:36 d=4:0 D=8:3  class=13/200
>Z 22445 graphs generated in 55.43 sec
>F 22445 cores checked in 14.43 sec
>A genbg n=5+16 e=36:36 d=4:0 D=8:3  class=14/200
>Z 22090 graphs generated in 55.60 sec
>F 22090 cores checked in 14.29 sec
>A genbg n=5+16 e=36:36 d=4:0 D=8:3  class=15/200
>Z 22415 graphs generated in 55.68 sec
>F 22415 cores checked in 14.39 sec
>A genbg n=5+16 e=36:36 d=4:0 D=8:3  class=16/200
>Z 22273 graphs generated in 56.01 sec
>F 22273 cores checked in 14.32 sec
>A genbg n=5+16 e=36:36 d=4:0 D=8:3  class=17/200
>Z 22496 graphs generated in 56.17 sec
>F 22496 cores checked in 14.33 sec
>A genbg n=5+16 e=36:36 d=4:0 D=8:3  class=18/200
>Z 22513 graphs generated in 56.09 sec
>F 22513 cores checked in 14.45 sec
>A genbg n=5+16 e=36:36 d=4:0 D=8:3  class=19/200
>Z 22475 graphs generated in 55.90 sec
>F 22475 cores checked in 14.45 sec
>A genbg n=5+16 e=36:36 d=4:0 D=8:3  class=20/200
>Z 21913 graphs generated in 56.04 sec
>F 21913 cores checked in 14.11 sec
>A genbg n=5+16 e=36:36 d=4:0 D=8:3  class=21/200
>Z 22167 graphs generated in 56.05 sec
>F 22167 cores checked in 14.27 sec
>A genbg n=5+16 e=36:36 d=4:0 D=8:3  class=22/200
>Z 22191 graphs generated in 56.00 sec
>F 22191 cores checked in 14.30 sec
>A genbg n=5+16 e=36:36 d=4:0 D=8:3  class=23/200
>Z 22376 graphs generated in 55.58 sec
>F 22376 cores checked in 14.34 sec
>A genbg n=5+16 e=36:36 d=4:0 D=8:3  class=24/200
>Z 22071 graphs generated in 56.05 sec
>F 22071 cores checked in 14.26 sec
>A genbg n=5+16 e=36:36 d=4:0 D=8:3  class=25/200
>Z 22504 graphs generated in 56.09 sec
>F 22504 cores checked in 14.55 sec
>A genbg n=5+16 e=36:36 d=4:0 D=8:3  class=26/200
>Z 21791 graphs generated in 55.99 sec
>F 21791 cores checked in 13.96 sec
>A genbg n=5+16 e=36:36 d=4:0 D=8:3  class=27/200
>Z 22364 graphs generated in 56.03 sec
>F 22364 cores checked in 14.48 sec
>A genbg n=5+16 e=36:36 d=4:0 D=8:3  class=28/200
>Z 22813 graphs generated in 56.08 sec
>F 22813 cores checked in 14.69 sec
>A genbg n=5+16 e=36:36 d=4:0 D=8:3  class=29/200
>Z 22374 graphs generated in 56.03 sec
>F 22374 cores checked in 14.44 sec
>A genbg n=5+16 e=36:36 d=4:0 D=8:3  class=30/200
>Z 22435 graphs generated in 55.92 sec
>F 22435 cores checked in 14.48 sec
>A genbg n=5+16 e=36:36 d=4:0 D=8:3  class=31/200
>Z 22215 graphs generated in 55.84 sec
>F 22215 cores checked in 14.31 sec
>A genbg n=5+16 e=36:36 d=4:0 D=8:3  class=32/200
>Z 22112 graphs generated in 59.36 sec
>F 22112 cores checked in 14.24 sec
>A genbg n=5+16 e=36:36 d=4:0 D=8:3  class=33/200
>Z 22394 graphs generated in 55.92 sec
>F 22394 cores checked in 14.41 sec
>A genbg n=5+16 e=36:36 d=4:0 D=8:3  class=34/200
>Z 22075 graphs generated in 55.95 sec
>F 22075 cores checked in 14.18 sec
>A genbg n=5+16 e=36:36 d=4:0 D=8:3  class=35/200
>Z 22631 graphs generated in 55.91 sec
>F 22631 cores checked in 14.45 sec
>A genbg n=5+16 e=36:36 d=4:0 D=8:3  class=36/200
>Z 22554 graphs generated in 55.96 sec
>F 22554 cores checked in 14.44 sec
>A genbg n=5+16 e=36:36 d=4:0 D=8:3  class=37/200
>Z 22371 graphs generated in 56.07 sec
>F 22371 cores checked in 14.40 sec
>A genbg n=5+16 e=36:36 d=4:0 D=8:3  class=38/200
>Z 22604 graphs generated in 55.77 sec
>F 22604 cores checked in 14.51 sec
>A genbg n=5+16 e=36:36 d=4:0 D=8:3  class=39/200
>Z 22058 graphs generated in 55.83 sec
>F 22058 cores checked in 14.17 sec
>A genbg n=5+16 e=36:36 d=4:0 D=8:3  class=40/200
>Z 22308 graphs generated in 55.86 sec
>F 22308 cores checked in 14.38 sec
>A genbg n=5+16 e=36:36 d=4:0 D=8:3  class=41/200
>Z 21850 graphs generated in 55.88 sec
>F 21850 cores checked in 14.12 sec
>A genbg n=5+16 e=36:36 d=4:0 D=8:3  class=42/200
>Z 21991 graphs generated in 55.76 sec
>F 21991 cores checked in 14.24 sec
>A genbg n=5+16 e=36:36 d=4:0 D=8:3  class=43/200
>Z 22125 graphs generated in 55.99 sec
>F 22125 cores checked in 14.20 sec
>A genbg n=5+16 e=36:36 d=4:0 D=8:3  class=44/200
>Z 22082 graphs generated in 56.28 sec
>F 22082 cores checked in 14.18 sec
>A genbg n=5+16 e=36:36 d=4:0 D=8:3  class=45/200
>Z 22310 graphs generated in 56.21 sec
>F 22310 cores checked in 14.34 sec
>A genbg n=5+16 e=36:36 d=4:0 D=8:3  class=46/200
>Z 22257 graphs generated in 56.01 sec
>F 22257 cores checked in 14.30 sec
>A genbg n=5+16 e=36:36 d=4:0 D=8:3  class=47/200
>Z 22228 graphs generated in 56.27 sec
>F 22228 cores checked in 14.29 sec
>A genbg n=5+16 e=36:36 d=4:0 D=8:3  class=48/200
>Z 22315 graphs generated in 56.07 sec
>F 22315 cores checked in 14.39 sec
>A genbg n=5+16 e=36:36 d=4:0 D=8:3  class=49/200
>Z 22506 graphs generated in 56.04 sec
>F 22506 cores checked in 14.57 sec
>A genbg n=5+16 e=36:36 d=4:0 D=8:3  class=50/200
>Z 21933 graphs generated in 55.92 sec
>F 21933 cores checked in 14.10 sec
>A genbg n=5+16 e=36:36 d=4:0 D=8:3  class=51/200
>Z 21875 graphs generated in 56.05 sec
>F 21875 cores checked in 13.99 sec
>A genbg n=5+16 e=36:36 d=4:0 D=8:3  class=52/200
>Z 22261 graphs generated in 56.22 sec
>F 22261 cores checked in 14.32 sec
>A genbg n=5+16 e=36:36 d=4:0 D=8:3  class=53/200
>Z 22452 graphs generated in 55.91 sec
>F 22452 cores checked in 14.37 sec
>A genbg n=5+16 e=36:36 d=4:0 D=8:3  class=54/200
>Z 21934 graphs generated in 56.03 sec
>F 21934 cores checked in 14.09 sec
>A genbg n=5+16 e=36:36 d=4:0 D=8:3  class=55/200
>Z 22310 graphs generated in 56.06 sec
>F 22310 cores checked in 14.36 sec
>A genbg n=5+16 e=36:36 d=4:0 D=8:3  class=56/200
>Z 21873 graphs generated in 56.02 sec
>F 21873 cores checked in 14.10 sec
>A genbg n=5+16 e=36:36 d=4:0 D=8:3  class=57/200
>Z 22065 graphs generated in 56.01 sec
>F 22065 cores checked in 14.12 sec
>A genbg n=5+16 e=36:36 d=4:0 D=8:3  class=58/200
>Z 22390 graphs generated in 55.83 sec
>F 22390 cores checked in 14.49 sec
>A genbg n=5+16 e=36:36 d=4:0 D=8:3  class=59/200
>Z 22160 graphs generated in 55.88 sec
>F 22160 cores checked in 14.15 sec
>A genbg n=5+16 e=36:36 d=4:0 D=8:3  class=60/200
>Z 22724 graphs generated in 56.00 sec
>F 22724 cores checked in 14.62 sec
>A genbg n=5+16 e=36:36 d=4:0 D=8:3  class=61/200
>Z 22589 graphs generated in 55.97 sec
>F 22589 cores checked in 14.59 sec
>A genbg n=5+16 e=36:36 d=4:0 D=8:3  class=62/200
>Z 22593 graphs generated in 56.07 sec
>F 22593 cores checked in 14.47 sec
>A genbg n=5+16 e=36:36 d=4:0 D=8:3  class=63/200
>Z 22436 graphs generated in 55.90 sec
>F 22436 cores checked in 14.43 sec
>A genbg n=5+16 e=36:36 d=4:0 D=8:3  class=64/200
>Z 22714 graphs generated in 55.85 sec
>F 22714 cores checked in 14.60 sec
>A genbg n=5+16 e=36:36 d=4:0 D=8:3  class=65/200
>Z 22488 graphs generated in 56.01 sec
>F 22488 cores checked in 14.39 sec
>A genbg n=5+16 e=36:36 d=4:0 D=8:3  class=66/200
>Z 21857 graphs generated in 55.71 sec
>F 21857 cores checked in 14.07 sec
>A genbg n=5+16 e=36:36 d=4:0 D=8:3  class=67/200
>Z 22345 graphs generated in 55.89 sec
>F 22345 cores checked in 14.31 sec
>A genbg n=5+16 e=36:36 d=4:0 D=8:3  class=68/200
>Z 22790 graphs generated in 55.87 sec
>F 22790 cores checked in 14.59 sec
>A genbg n=5+16 e=36:36 d=4:0 D=8:3  class=69/200
>Z 22190 graphs generated in 55.74 sec
>F 22190 cores checked in 14.19 sec
>A genbg n=5+16 e=36:36 d=4:0 D=8:3  class=70/200
>Z 22379 graphs generated in 56.11 sec
>F 22379 cores checked in 14.42 sec
>A genbg n=5+16 e=36:36 d=4:0 D=8:3  class=71/200
>Z 22061 graphs generated in 59.81 sec
>F 22061 cores checked in 14.15 sec
>A genbg n=5+16 e=36:36 d=4:0 D=8:3  class=72/200
>Z 22357 graphs generated in 55.95 sec
>F 22357 cores checked in 14.34 sec
>A genbg n=5+16 e=36:36 d=4:0 D=8:3  class=73/200
>Z 22429 graphs generated in 55.78 sec
>F 22429 cores checked in 14.42 sec
>A genbg n=5+16 e=36:36 d=4:0 D=8:3  class=74/200
>Z 22523 graphs generated in 56.02 sec
>F 22523 cores checked in 14.44 sec
>A genbg n=5+16 e=36:36 d=4:0 D=8:3  class=75/200
>Z 22762 graphs generated in 56.03 sec
>F 22762 cores checked in 14.79 sec
>A genbg n=5+16 e=36:36 d=4:0 D=8:3  class=76/200
>Z 22527 graphs generated in 56.07 sec
>F 22527 cores checked in 14.53 sec
>A genbg n=5+16 e=36:36 d=4:0 D=8:3  class=77/200
>Z 22656 graphs generated in 56.01 sec
>F 22656 cores checked in 14.62 sec
>A genbg n=5+16 e=36:36 d=4:0 D=8:3  class=78/200
>Z 22315 graphs generated in 56.17 sec
>F 22315 cores checked in 14.48 sec
>A genbg n=5+16 e=36:36 d=4:0 D=8:3  class=79/200
>Z 22618 graphs generated in 55.93 sec
>F 22618 cores checked in 14.53 sec
>A genbg n=5+16 e=36:36 d=4:0 D=8:3  class=80/200
>Z 22096 graphs generated in 56.04 sec
>F 22096 cores checked in 14.23 sec
>A genbg n=5+16 e=36:36 d=4:0 D=8:3  class=81/200
>Z 22374 graphs generated in 56.16 sec
>F 22374 cores checked in 14.38 sec
>A genbg n=5+16 e=36:36 d=4:0 D=8:3  class=82/200
>Z 22127 graphs generated in 55.90 sec
>F 22127 cores checked in 14.31 sec
>A genbg n=5+16 e=36:36 d=4:0 D=8:3  class=83/200
>Z 22196 graphs generated in 56.00 sec
>F 22196 cores checked in 14.22 sec
>A genbg n=5+16 e=36:36 d=4:0 D=8:3  class=84/200
>Z 22170 graphs generated in 56.13 sec
>F 22170 cores checked in 14.30 sec
>A genbg n=5+16 e=36:36 d=4:0 D=8:3  class=85/200
>Z 21853 graphs generated in 56.13 sec
>F 21853 cores checked in 14.14 sec
>A genbg n=5+16 e=36:36 d=4:0 D=8:3  class=86/200
>Z 22410 graphs generated in 56.04 sec
>F 22410 cores checked in 14.46 sec
>A genbg n=5+16 e=36:36 d=4:0 D=8:3  class=87/200
>Z 22626 graphs generated in 56.11 sec
>F 22626 cores checked in 14.55 sec
>A genbg n=5+16 e=36:36 d=4:0 D=8:3  class=88/200
>Z 22556 graphs generated in 56.22 sec
>F 22556 cores checked in 14.48 sec
>A genbg n=5+16 e=36:36 d=4:0 D=8:3  class=89/200
>Z 21884 graphs generated in 56.06 sec
>F 21884 cores checked in 14.07 sec
>A genbg n=5+16 e=36:36 d=4:0 D=8:3  class=90/200
>Z 22595 graphs generated in 55.91 sec
>F 22595 cores checked in 14.57 sec
>A genbg n=5+16 e=36:36 d=4:0 D=8:3  class=91/200
>Z 23210 graphs generated in 56.03 sec
>F 23210 cores checked in 14.94 sec
>A genbg n=5+16 e=36:36 d=4:0 D=8:3  class=92/200
>Z 22704 graphs generated in 59.21 sec
>F 22704 cores checked in 14.56 sec
>A genbg n=5+16 e=36:36 d=4:0 D=8:3  class=93/200
>Z 22518 graphs generated in 56.12 sec
>F 22518 cores checked in 14.49 sec
>A genbg n=5+16 e=36:36 d=4:0 D=8:3  class=94/200
>Z 22433 graphs generated in 55.70 sec
>F 22433 cores checked in 14.37 sec
>A genbg n=5+16 e=36:36 d=4:0 D=8:3  class=95/200
>Z 22164 graphs generated in 55.77 sec
>F 22164 cores checked in 14.26 sec
>A genbg n=5+16 e=36:36 d=4:0 D=8:3  class=96/200
>Z 22011 graphs generated in 55.91 sec
>F 22011 cores checked in 14.18 sec
>A genbg n=5+16 e=36:36 d=4:0 D=8:3  class=97/200
>Z 22718 graphs generated in 56.00 sec
>F 22718 cores checked in 14.64 sec
>A genbg n=5+16 e=36:36 d=4:0 D=8:3  class=98/200
>Z 22908 graphs generated in 55.94 sec
>F 22908 cores checked in 14.70 sec
>A genbg n=5+16 e=36:36 d=4:0 D=8:3  class=99/200
>Z 22080 graphs generated in 56.10 sec
>F 22080 cores checked in 14.23 sec
>A genbg n=5+16 e=36:36 d=4:0 D=8:3  class=100/200
>Z 22282 graphs generated in 56.05 sec
>F 22282 cores checked in 14.30 sec
>A genbg n=5+16 e=36:36 d=4:0 D=8:3  class=101/200
>Z 22820 graphs generated in 55.98 sec
>F 22820 cores checked in 14.85 sec
>A genbg n=5+16 e=36:36 d=4:0 D=8:3  class=102/200
>Z 22592 graphs generated in 56.16 sec
>F 22592 cores checked in 14.61 sec
>A genbg n=5+16 e=36:36 d=4:0 D=8:3  class=103/200
>Z 22560 graphs generated in 55.76 sec
>F 22560 cores checked in 14.57 sec
>A genbg n=5+16 e=36:36 d=4:0 D=8:3  class=104/200
>Z 22111 graphs generated in 55.87 sec
>F 22111 cores checked in 14.24 sec
>A genbg n=5+16 e=36:36 d=4:0 D=8:3  class=105/200
>Z 22022 graphs generated in 56.14 sec
>F 22022 cores checked in 14.17 sec
>A genbg n=5+16 e=36:36 d=4:0 D=8:3  class=106/200
>Z 22438 graphs generated in 56.35 sec
>F 22438 cores checked in 14.40 sec
>A genbg n=5+16 e=36:36 d=4:0 D=8:3  class=107/200
>Z 22136 graphs generated in 55.98 sec
>F 22136 cores checked in 14.13 sec
>A genbg n=5+16 e=36:36 d=4:0 D=8:3  class=108/200
>Z 22504 graphs generated in 56.29 sec
>F 22504 cores checked in 14.51 sec
>A genbg n=5+16 e=36:36 d=4:0 D=8:3  class=109/200
>Z 22637 graphs generated in 59.01 sec
>F 22637 cores checked in 14.62 sec
>A genbg n=5+16 e=36:36 d=4:0 D=8:3  class=110/200
>Z 22203 graphs generated in 56.00 sec
>F 22203 cores checked in 14.28 sec
>A genbg n=5+16 e=36:36 d=4:0 D=8:3  class=111/200
>Z 22589 graphs generated in 56.01 sec
>F 22589 cores checked in 14.57 sec
>A genbg n=5+16 e=36:36 d=4:0 D=8:3  class=112/200
>Z 22465 graphs generated in 56.12 sec
>F 22465 cores checked in 14.54 sec
>A genbg n=5+16 e=36:36 d=4:0 D=8:3  class=113/200
>Z 22360 graphs generated in 55.99 sec
>F 22360 cores checked in 14.33 sec
>A genbg n=5+16 e=36:36 d=4:0 D=8:3  class=114/200
>Z 22349 graphs generated in 56.23 sec
>F 22349 cores checked in 14.38 sec
>A genbg n=5+16 e=36:36 d=4:0 D=8:3  class=115/200
>Z 22186 graphs generated in 56.03 sec
>F 22186 cores checked in 14.32 sec
>A genbg n=5+16 e=36:36 d=4:0 D=8:3  class=116/200
>Z 21558 graphs generated in 55.81 sec
>F 21558 cores checked in 13.86 sec
>A genbg n=5+16 e=36:36 d=4:0 D=8:3  class=117/200
>Z 22012 graphs generated in 55.96 sec
>F 22012 cores checked in 14.09 sec
>A genbg n=5+16 e=36:36 d=4:0 D=8:3  class=118/200
>Z 22331 graphs generated in 55.92 sec
>F 22331 cores checked in 14.38 sec
>A genbg n=5+16 e=36:36 d=4:0 D=8:3  class=119/200
>Z 22050 graphs generated in 55.57 sec
>F 22050 cores checked in 14.14 sec
>A genbg n=5+16 e=36:36 d=4:0 D=8:3  class=120/200
>Z 22247 graphs generated in 55.74 sec
>F 22247 cores checked in 14.33 sec
>A genbg n=5+16 e=36:36 d=4:0 D=8:3  class=121/200
>Z 22365 graphs generated in 55.74 sec
>F 22365 cores checked in 14.45 sec
>A genbg n=5+16 e=36:36 d=4:0 D=8:3  class=122/200
>Z 22547 graphs generated in 55.87 sec
>F 22547 cores checked in 14.46 sec
>A genbg n=5+16 e=36:36 d=4:0 D=8:3  class=123/200
>Z 22336 graphs generated in 55.97 sec
>F 22336 cores checked in 14.44 sec
>A genbg n=5+16 e=36:36 d=4:0 D=8:3  class=124/200
>Z 22439 graphs generated in 55.78 sec
>F 22439 cores checked in 14.40 sec
>A genbg n=5+16 e=36:36 d=4:0 D=8:3  class=125/200
>Z 22505 graphs generated in 55.92 sec
>F 22505 cores checked in 14.54 sec
>A genbg n=5+16 e=36:36 d=4:0 D=8:3  class=126/200
>Z 22093 graphs generated in 55.88 sec
>F 22093 cores checked in 14.26 sec
>A genbg n=5+16 e=36:36 d=4:0 D=8:3  class=127/200
>Z 22091 graphs generated in 55.83 sec
>F 22091 cores checked in 14.21 sec
>A genbg n=5+16 e=36:36 d=4:0 D=8:3  class=128/200
>Z 22680 graphs generated in 55.78 sec
>F 22680 cores checked in 14.66 sec
>A genbg n=5+16 e=36:36 d=4:0 D=8:3  class=129/200
>Z 22270 graphs generated in 55.78 sec
>F 22270 cores checked in 14.32 sec
>A genbg n=5+16 e=36:36 d=4:0 D=8:3  class=130/200
>Z 22787 graphs generated in 55.84 sec
>F 22787 cores checked in 14.71 sec
>A genbg n=5+16 e=36:36 d=4:0 D=8:3  class=131/200
>Z 22555 graphs generated in 56.06 sec
>F 22555 cores checked in 14.46 sec
>A genbg n=5+16 e=36:36 d=4:0 D=8:3  class=132/200
>Z 22235 graphs generated in 56.24 sec
>F 22235 cores checked in 14.31 sec
>A genbg n=5+16 e=36:36 d=4:0 D=8:3  class=133/200
>Z 22514 graphs generated in 56.04 sec
>F 22514 cores checked in 14.42 sec
>A genbg n=5+16 e=36:36 d=4:0 D=8:3  class=134/200
>Z 22653 graphs generated in 56.04 sec
>F 22653 cores checked in 14.51 sec
>A genbg n=5+16 e=36:36 d=4:0 D=8:3  class=135/200
>Z 22605 graphs generated in 55.96 sec
>F 22605 cores checked in 14.57 sec
>A genbg n=5+16 e=36:36 d=4:0 D=8:3  class=136/200
>Z 22566 graphs generated in 56.01 sec
>F 22566 cores checked in 14.48 sec
>A genbg n=5+16 e=36:36 d=4:0 D=8:3  class=137/200
>Z 22720 graphs generated in 56.36 sec
>F 22720 cores checked in 14.55 sec
>A genbg n=5+16 e=36:36 d=4:0 D=8:3  class=138/200
>Z 22822 graphs generated in 56.22 sec
>F 22822 cores checked in 14.76 sec
>A genbg n=5+16 e=36:36 d=4:0 D=8:3  class=139/200
>Z 22434 graphs generated in 56.15 sec
>F 22434 cores checked in 14.48 sec
>A genbg n=5+16 e=36:36 d=4:0 D=8:3  class=140/200
>Z 22091 graphs generated in 55.99 sec
>F 22091 cores checked in 14.35 sec
>A genbg n=5+16 e=36:36 d=4:0 D=8:3  class=141/200
>Z 22342 graphs generated in 55.97 sec
>F 22342 cores checked in 14.45 sec
>A genbg n=5+16 e=36:36 d=4:0 D=8:3  class=142/200
>Z 22667 graphs generated in 56.07 sec
>F 22667 cores checked in 14.65 sec
>A genbg n=5+16 e=36:36 d=4:0 D=8:3  class=143/200
>Z 22878 graphs generated in 56.13 sec
>F 22878 cores checked in 14.69 sec
>A genbg n=5+16 e=36:36 d=4:0 D=8:3  class=144/200
>Z 22636 graphs generated in 55.93 sec
>F 22636 cores checked in 14.50 sec
>A genbg n=5+16 e=36:36 d=4:0 D=8:3  class=145/200
>Z 22440 graphs generated in 55.89 sec
>F 22440 cores checked in 14.55 sec
>A genbg n=5+16 e=36:36 d=4:0 D=8:3  class=146/200
>Z 21786 graphs generated in 55.96 sec
>F 21786 cores checked in 14.07 sec
>A genbg n=5+16 e=36:36 d=4:0 D=8:3  class=147/200
>Z 22488 graphs generated in 56.32 sec
>F 22488 cores checked in 14.41 sec
>A genbg n=5+16 e=36:36 d=4:0 D=8:3  class=148/200
>Z 22409 graphs generated in 55.84 sec
>F 22409 cores checked in 14.41 sec
>A genbg n=5+16 e=36:36 d=4:0 D=8:3  class=149/200
>Z 22453 graphs generated in 55.72 sec
>F 22453 cores checked in 14.46 sec
>A genbg n=5+16 e=36:36 d=4:0 D=8:3  class=150/200
>Z 21895 graphs generated in 55.82 sec
>F 21895 cores checked in 14.02 sec
>A genbg n=5+16 e=36:36 d=4:0 D=8:3  class=151/200
>Z 22188 graphs generated in 56.05 sec
>F 22188 cores checked in 14.34 sec
>A genbg n=5+16 e=36:36 d=4:0 D=8:3  class=152/200
>Z 22211 graphs generated in 56.19 sec
>F 22211 cores checked in 14.36 sec
>A genbg n=5+16 e=36:36 d=4:0 D=8:3  class=153/200
>Z 22459 graphs generated in 56.23 sec
>F 22459 cores checked in 14.39 sec
>A genbg n=5+16 e=36:36 d=4:0 D=8:3  class=154/200
>Z 22126 graphs generated in 55.70 sec
>F 22126 cores checked in 14.30 sec
>A genbg n=5+16 e=36:36 d=4:0 D=8:3  class=155/200
>Z 22277 graphs generated in 56.10 sec
>F 22277 cores checked in 14.38 sec
>A genbg n=5+16 e=36:36 d=4:0 D=8:3  class=156/200
>Z 22211 graphs generated in 55.98 sec
>F 22211 cores checked in 14.22 sec
>A genbg n=5+16 e=36:36 d=4:0 D=8:3  class=157/200
>Z 22277 graphs generated in 55.84 sec
>F 22277 cores checked in 14.38 sec
>A genbg n=5+16 e=36:36 d=4:0 D=8:3  class=158/200
>Z 22785 graphs generated in 55.70 sec
>F 22785 cores checked in 14.73 sec
>A genbg n=5+16 e=36:36 d=4:0 D=8:3  class=159/200
>Z 21860 graphs generated in 55.82 sec
>F 21860 cores checked in 14.12 sec
>A genbg n=5+16 e=36:36 d=4:0 D=8:3  class=160/200
>Z 22260 graphs generated in 56.09 sec
>F 22260 cores checked in 14.39 sec
>A genbg n=5+16 e=36:36 d=4:0 D=8:3  class=161/200
>Z 22748 graphs generated in 56.07 sec
>F 22748 cores checked in 14.61 sec
>A genbg n=5+16 e=36:36 d=4:0 D=8:3  class=162/200
>Z 22431 graphs generated in 56.12 sec
>F 22431 cores checked in 14.44 sec
>A genbg n=5+16 e=36:36 d=4:0 D=8:3  class=163/200
>Z 22625 graphs generated in 56.08 sec
>F 22625 cores checked in 14.63 sec
>A genbg n=5+16 e=36:36 d=4:0 D=8:3  class=164/200
>Z 22089 graphs generated in 56.20 sec
>F 22089 cores checked in 14.34 sec
>A genbg n=5+16 e=36:36 d=4:0 D=8:3  class=165/200
>Z 22321 graphs generated in 56.09 sec
>F 22321 cores checked in 14.36 sec
>A genbg n=5+16 e=36:36 d=4:0 D=8:3  class=166/200
>Z 22246 graphs generated in 56.18 sec
>F 22246 cores checked in 14.36 sec
>A genbg n=5+16 e=36:36 d=4:0 D=8:3  class=167/200
>Z 22424 graphs generated in 56.06 sec
>F 22424 cores checked in 14.40 sec
>A genbg n=5+16 e=36:36 d=4:0 D=8:3  class=168/200
>Z 22452 graphs generated in 56.15 sec
>F 22452 cores checked in 14.50 sec
>A genbg n=5+16 e=36:36 d=4:0 D=8:3  class=169/200
>Z 22149 graphs generated in 56.19 sec
>F 22149 cores checked in 14.23 sec
>A genbg n=5+16 e=36:36 d=4:0 D=8:3  class=170/200
>Z 22287 graphs generated in 56.11 sec
>F 22287 cores checked in 14.53 sec
>A genbg n=5+16 e=36:36 d=4:0 D=8:3  class=171/200
>Z 22141 graphs generated in 56.04 sec
>F 22141 cores checked in 14.32 sec
>A genbg n=5+16 e=36:36 d=4:0 D=8:3  class=172/200
>Z 21907 graphs generated in 56.12 sec
>F 21907 cores checked in 14.09 sec
>A genbg n=5+16 e=36:36 d=4:0 D=8:3  class=173/200
>Z 21956 graphs generated in 56.04 sec
>F 21956 cores checked in 14.14 sec
>A genbg n=5+16 e=36:36 d=4:0 D=8:3  class=174/200
>Z 22004 graphs generated in 56.11 sec
>F 22004 cores checked in 14.29 sec
>A genbg n=5+16 e=36:36 d=4:0 D=8:3  class=175/200
>Z 22392 graphs generated in 56.13 sec
>F 22392 cores checked in 14.51 sec
>A genbg n=5+16 e=36:36 d=4:0 D=8:3  class=176/200
>Z 22121 graphs generated in 55.96 sec
>F 22121 cores checked in 14.28 sec
>A genbg n=5+16 e=36:36 d=4:0 D=8:3  class=177/200
>Z 22524 graphs generated in 56.20 sec
>F 22524 cores checked in 14.52 sec
>A genbg n=5+16 e=36:36 d=4:0 D=8:3  class=178/200
>Z 22551 graphs generated in 55.90 sec
>F 22551 cores checked in 14.57 sec
>A genbg n=5+16 e=36:36 d=4:0 D=8:3  class=179/200
>Z 22227 graphs generated in 56.18 sec
>F 22227 cores checked in 14.24 sec
>A genbg n=5+16 e=36:36 d=4:0 D=8:3  class=180/200
>Z 22130 graphs generated in 56.13 sec
>F 22130 cores checked in 14.26 sec
>A genbg n=5+16 e=36:36 d=4:0 D=8:3  class=181/200
>Z 22373 graphs generated in 56.03 sec
>F 22373 cores checked in 14.42 sec
>A genbg n=5+16 e=36:36 d=4:0 D=8:3  class=182/200
>Z 22017 graphs generated in 56.16 sec
>F 22017 cores checked in 14.21 sec
>A genbg n=5+16 e=36:36 d=4:0 D=8:3  class=183/200
>Z 21675 graphs generated in 55.91 sec
>F 21675 cores checked in 13.93 sec
>A genbg n=5+16 e=36:36 d=4:0 D=8:3  class=184/200
>Z 21984 graphs generated in 55.89 sec
>F 21984 cores checked in 14.11 sec
>A genbg n=5+16 e=36:36 d=4:0 D=8:3  class=185/200
>Z 22907 graphs generated in 56.01 sec
>F 22907 cores checked in 14.71 sec
>A genbg n=5+16 e=36:36 d=4:0 D=8:3  class=186/200
>Z 22625 graphs generated in 55.99 sec
>F 22625 cores checked in 14.50 sec
>A genbg n=5+16 e=36:36 d=4:0 D=8:3  class=187/200
>Z 22511 graphs generated in 55.71 sec
>F 22511 cores checked in 14.50 sec
>A genbg n=5+16 e=36:36 d=4:0 D=8:3  class=188/200
>Z 22600 graphs generated in 55.51 sec
>F 22600 cores checked in 14.61 sec
>A genbg n=5+16 e=36:36 d=4:0 D=8:3  class=189/200
>Z 22705 graphs generated in 56.23 sec
>F 22705 cores checked in 14.55 sec
>A genbg n=5+16 e=36:36 d=4:0 D=8:3  class=190/200
>Z 22740 graphs generated in 56.52 sec
>F 22740 cores checked in 14.55 sec
>A genbg n=5+16 e=36:36 d=4:0 D=8:3  class=191/200
>Z 22333 graphs generated in 56.36 sec
>F 22333 cores checked in 14.25 sec
>A genbg n=5+16 e=36:36 d=4:0 D=8:3  class=192/200
>Z 22346 graphs generated in 56.24 sec
>F 22346 cores checked in 14.37 sec
>A genbg n=5+16 e=36:36 d=4:0 D=8:3  class=193/200
>Z 22270 graphs generated in 58.10 sec
>F 22270 cores checked in 14.18 sec
>A genbg n=5+16 e=36:36 d=4:0 D=8:3  class=194/200
>Z 22172 graphs generated in 56.49 sec
>F 22172 cores checked in 14.18 sec
>A genbg n=5+16 e=36:36 d=4:0 D=8:3  class=195/200
>Z 22487 graphs generated in 56.36 sec
>F 22487 cores checked in 14.37 sec
>A genbg n=5+16 e=36:36 d=4:0 D=8:3  class=196/200
>Z 22162 graphs generated in 57.02 sec
>F 22162 cores checked in 14.20 sec
>A genbg n=5+16 e=36:36 d=4:0 D=8:3  class=197/200
>Z 21803 graphs generated in 56.66 sec
>F 21803 cores checked in 13.84 sec
>A genbg n=5+16 e=36:36 d=4:0 D=8:3  class=198/200
>Z 22146 graphs generated in 56.33 sec
>F 22146 cores checked in 14.19 sec
>A genbg n=5+16 e=36:36 d=4:0 D=8:3  class=199/200
>Z 22322 graphs generated in 56.48 sec
>F 22322 cores checked in 14.23 sec



=== Total number of graphs generated: 4467523
=== Total number of graphs checked: 4467523
=== Total time for generation: 11212.32 seconds
=== Total time for checking: 2874.52 seconds
=== Total number of exceptional graphs: 0

