=== Log file for genbg_-d4:0_-D7:3_6_15_37:37



>A genbg n=6+15 e=37:37 d=4:0 D=7:3  class=0/200
>Z 490711 graphs generated in 389.94 sec
>F 490711 cores checked in 76.32 sec
>A genbg n=6+15 e=37:37 d=4:0 D=7:3  class=1/200
>Z 487039 graphs generated in 388.18 sec
>F 487039 cores checked in 76.27 sec
>A genbg n=6+15 e=37:37 d=4:0 D=7:3  class=2/200
>Z 485066 graphs generated in 387.80 sec
>F 485066 cores checked in 76.54 sec
>A genbg n=6+15 e=37:37 d=4:0 D=7:3  class=3/200
>Z 488006 graphs generated in 388.17 sec
>F 488006 cores checked in 76.14 sec
>A genbg n=6+15 e=37:37 d=4:0 D=7:3  class=4/200
>Z 490050 graphs generated in 389.79 sec
>F 490050 cores checked in 76.42 sec
>A genbg n=6+15 e=37:37 d=4:0 D=7:3  class=5/200
>Z 490264 graphs generated in 387.93 sec
>F 490264 cores checked in 76.05 sec
>A genbg n=6+15 e=37:37 d=4:0 D=7:3  class=6/200
>Z 490179 graphs generated in 388.61 sec
>F 490179 cores checked in 76.58 sec
>A genbg n=6+15 e=37:37 d=4:0 D=7:3  class=7/200
>Z 493101 graphs generated in 389.67 sec
>F 493101 cores checked in 76.80 sec
>A genbg n=6+15 e=37:37 d=4:0 D=7:3  class=8/200
>Z 484726 graphs generated in 388.00 sec
>F 484726 cores checked in 75.60 sec
>A genbg n=6+15 e=37:37 d=4:0 D=7:3  class=9/200
>Z 485655 graphs generated in 391.00 sec
>F 485655 cores checked in 75.67 sec
>A genbg n=6+15 e=37:37 d=4:0 D=7:3  class=10/200
>Z 486138 graphs generated in 390.50 sec
>F 486138 cores checked in 75.75 sec
>A genbg n=6+15 e=37:37 d=4:0 D=7:3  class=11/200
>Z 480781 graphs generated in 388.74 sec
>F 480781 cores checked in 74.80 sec
>A genbg n=6+15 e=37:37 d=4:0 D=7:3  class=12/200
>Z 483809 graphs generated in 391.30 sec
>F 483809 cores checked in 75.63 sec
>A genbg n=6+15 e=37:37 d=4:0 D=7:3  class=13/200
>Z 483633 graphs generated in 390.43 sec
>F 483633 cores checked in 74.97 sec
>A genbg n=6+15 e=37:37 d=4:0 D=7:3  class=14/200
>Z 486363 graphs generated in 389.13 sec
>F 486363 cores checked in 75.53 sec
>A genbg n=6+15 e=37:37 d=4:0 D=7:3  class=15/200
>Z 489534 graphs generated in 392.70 sec
>F 489534 cores checked in 75.69 sec
>A genbg n=6+15 e=37:37 d=4:0 D=7:3  class=16/200
>Z 491471 graphs generated in 390.60 sec
>F 491471 cores checked in 76.41 sec
>A genbg n=6+15 e=37:37 d=4:0 D=7:3  class=17/200
>Z 491906 graphs generated in 390.94 sec
>F 491906 cores checked in 76.43 sec
>A genbg n=6+15 e=37:37 d=4:0 D=7:3  class=18/200
>Z 489473 graphs generated in 390.18 sec
>F 489473 cores checked in 75.86 sec
>A genbg n=6+15 e=37:37 d=4:0 D=7:3  class=19/200
>Z 488544 graphs generated in 389.34 sec
>F 488544 cores checked in 75.64 sec
>A genbg n=6+15 e=37:37 d=4:0 D=7:3  class=20/200
>Z 489310 graphs generated in 390.68 sec
>F 489310 cores checked in 76.31 sec
>A genbg n=6+15 e=37:37 d=4:0 D=7:3  class=21/200
>Z 487389 graphs generated in 390.95 sec
>F 487389 cores checked in 75.83 sec
>A genbg n=6+15 e=37:37 d=4:0 D=7:3  class=22/200
>Z 486846 graphs generated in 390.56 sec
>F 486846 cores checked in 76.33 sec
>A genbg n=6+15 e=37:37 d=4:0 D=7:3  class=23/200
>Z 486124 graphs generated in 389.83 sec
>F 486124 cores checked in 75.45 sec
>A genbg n=6+15 e=37:37 d=4:0 D=7:3  class=24/200
>Z 487933 graphs generated in 389.32 sec
>F 487933 cores checked in 75.54 sec
>A genbg n=6+15 e=37:37 d=4:0 D=7:3  class=25/200
>Z 490149 graphs generated in 389.21 sec
>F 490149 cores checked in 76.07 sec
>A genbg n=6+15 e=37:37 d=4:0 D=7:3  class=26/200
>Z 486047 graphs generated in 404.81 sec
>F 486047 cores checked in 76.93 sec
>A genbg n=6+15 e=37:37 d=4:0 D=7:3  class=27/200
>Z 488109 graphs generated in 390.02 sec
>F 488109 cores checked in 78.29 sec
>A genbg n=6+15 e=37:37 d=4:0 D=7:3  class=28/200
>Z 483657 graphs generated in 388.73 sec
>F 483657 cores checked in 75.49 sec
>A genbg n=6+15 e=37:37 d=4:0 D=7:3  class=29/200
>Z 484584 graphs generated in 390.39 sec
>F 484584 cores checked in 75.70 sec
>A genbg n=6+15 e=37:37 d=4:0 D=7:3  class=30/200
>Z 486952 graphs generated in 390.80 sec
>F 486952 cores checked in 75.80 sec
>A genbg n=6+15 e=37:37 d=4:0 D=7:3  class=31/200
>Z 483206 graphs generated in 390.58 sec
>F 483206 cores checked in 74.76 sec
>A genbg n=6+15 e=37:37 d=4:0 D=7:3  class=32/200
>Z 485754 graphs generated in 390.68 sec
>F 485754 cores checked in 75.79 sec
>A genbg n=6+15 e=37:37 d=4:0 D=7:3  class=33/200
>Z 485509 graphs generated in 390.01 sec
>F 485509 cores checked in 75.17 sec
>A genbg n=6+15 e=37:37 d=4:0 D=7:3  class=34/200
>Z 487596 graphs generated in 390.48 sec
>F 487596 cores checked in 75.71 sec
>A genbg n=6+15 e=37:37 d=4:0 D=7:3  class=35/200
>Z 487973 graphs generated in 391.72 sec
>F 487973 cores checked in 75.90 sec
>A genbg n=6+15 e=37:37 d=4:0 D=7:3  class=36/200
>Z 487762 graphs generated in 390.47 sec
>F 487762 cores checked in 75.77 sec
>A genbg n=6+15 e=37:37 d=4:0 D=7:3  class=37/200
>Z 488901 graphs generated in 390.94 sec
>F 488901 cores checked in 75.73 sec
>A genbg n=6+15 e=37:37 d=4:0 D=7:3  class=38/200
>Z 485467 graphs generated in 390.63 sec
>F 485467 cores checked in 75.65 sec
>A genbg n=6+15 e=37:37 d=4:0 D=7:3  class=39/200
>Z 485909 graphs generated in 392.00 sec
>F 485909 cores checked in 75.09 sec
>A genbg n=6+15 e=37:37 d=4:0 D=7:3  class=40/200
>Z 484033 graphs generated in 391.31 sec
>F 484033 cores checked in 75.25 sec
>A genbg n=6+15 e=37:37 d=4:0 D=7:3  class=41/200
>Z 488100 graphs generated in 393.62 sec
>F 488100 cores checked in 75.64 sec
>A genbg n=6+15 e=37:37 d=4:0 D=7:3  class=42/200
>Z 486048 graphs generated in 392.87 sec
>F 486048 cores checked in 75.38 sec
>A genbg n=6+15 e=37:37 d=4:0 D=7:3  class=43/200
>Z 486828 graphs generated in 394.01 sec
>F 486828 cores checked in 75.49 sec
>A genbg n=6+15 e=37:37 d=4:0 D=7:3  class=44/200
>Z 487444 graphs generated in 394.56 sec
>F 487444 cores checked in 75.43 sec
>A genbg n=6+15 e=37:37 d=4:0 D=7:3  class=45/200
>Z 488107 graphs generated in 394.84 sec
>F 488107 cores checked in 75.89 sec
>A genbg n=6+15 e=37:37 d=4:0 D=7:3  class=46/200
>Z 487386 graphs generated in 394.93 sec
>F 487386 cores checked in 75.90 sec
>A genbg n=6+15 e=37:37 d=4:0 D=7:3  class=47/200
>Z 484066 graphs generated in 394.80 sec
>F 484066 cores checked in 75.39 sec
>A genbg n=6+15 e=37:37 d=4:0 D=7:3  class=48/200
>Z 482753 graphs generated in 395.25 sec
>F 482753 cores checked in 74.74 sec
>A genbg n=6+15 e=37:37 d=4:0 D=7:3  class=49/200
>Z 482010 graphs generated in 393.73 sec
>F 482010 cores checked in 74.98 sec
>A genbg n=6+15 e=37:37 d=4:0 D=7:3  class=50/200
>Z 486272 graphs generated in 393.52 sec
>F 486272 cores checked in 75.31 sec
>A genbg n=6+15 e=37:37 d=4:0 D=7:3  class=51/200
>Z 484847 graphs generated in 395.07 sec
>F 484847 cores checked in 75.16 sec
>A genbg n=6+15 e=37:37 d=4:0 D=7:3  class=52/200
>Z 482858 graphs generated in 394.33 sec
>F 482858 cores checked in 75.29 sec
>A genbg n=6+15 e=37:37 d=4:0 D=7:3  class=53/200
>Z 485931 graphs generated in 393.47 sec
>F 485931 cores checked in 75.16 sec
>A genbg n=6+15 e=37:37 d=4:0 D=7:3  class=54/200
>Z 486508 graphs generated in 393.75 sec
>F 486508 cores checked in 75.71 sec
>A genbg n=6+15 e=37:37 d=4:0 D=7:3  class=55/200
>Z 486638 graphs generated in 393.14 sec
>F 486638 cores checked in 75.69 sec
>A genbg n=6+15 e=37:37 d=4:0 D=7:3  class=56/200
>Z 489552 graphs generated in 396.44 sec
>F 489552 cores checked in 75.59 sec
>A genbg n=6+15 e=37:37 d=4:0 D=7:3  class=57/200
>Z 487645 graphs generated in 397.18 sec
>F 487645 cores checked in 75.62 sec
>A genbg n=6+15 e=37:37 d=4:0 D=7:3  class=58/200
>Z 482368 graphs generated in 396.71 sec
>F 482368 cores checked in 74.82 sec
>A genbg n=6+15 e=37:37 d=4:0 D=7:3  class=59/200
>Z 485149 graphs generated in 398.84 sec
>F 485149 cores checked in 75.52 sec
>A genbg n=6+15 e=37:37 d=4:0 D=7:3  class=60/200
>Z 484553 graphs generated in 398.79 sec
>F 484553 cores checked in 75.00 sec
>A genbg n=6+15 e=37:37 d=4:0 D=7:3  class=61/200
>Z 484024 graphs generated in 398.84 sec
>F 484024 cores checked in 75.42 sec
>A genbg n=6+15 e=37:37 d=4:0 D=7:3  class=62/200
>Z 484708 graphs generated in 394.03 sec
>F 484708 cores checked in 74.84 sec
>A genbg n=6+15 e=37:37 d=4:0 D=7:3  class=63/200
>Z 486219 graphs generated in 393.68 sec
>F 486219 cores checked in 74.92 sec
>A genbg n=6+15 e=37:37 d=4:0 D=7:3  class=64/200
>Z 486536 graphs generated in 393.97 sec
>F 486536 cores checked in 75.00 sec
>A genbg n=6+15 e=37:37 d=4:0 D=7:3  class=65/200
>Z 491558 graphs generated in 400.85 sec
>F 491558 cores checked in 76.56 sec
>A genbg n=6+15 e=37:37 d=4:0 D=7:3  class=66/200
>Z 485799 graphs generated in 400.24 sec
>F 485799 cores checked in 75.47 sec
>A genbg n=6+15 e=37:37 d=4:0 D=7:3  class=67/200
>Z 488119 graphs generated in 393.80 sec
>F 488119 cores checked in 75.39 sec
>A genbg n=6+15 e=37:37 d=4:0 D=7:3  class=68/200
>Z 480683 graphs generated in 401.54 sec
>F 480683 cores checked in 74.85 sec
>A genbg n=6+15 e=37:37 d=4:0 D=7:3  class=69/200
>Z 483278 graphs generated in 401.56 sec
>F 483278 cores checked in 74.83 sec
>A genbg n=6+15 e=37:37 d=4:0 D=7:3  class=70/200
>Z 485298 graphs generated in 393.72 sec
>F 485298 cores checked in 75.44 sec
>A genbg n=6+15 e=37:37 d=4:0 D=7:3  class=71/200
>Z 483919 graphs generated in 393.69 sec
>F 483919 cores checked in 75.14 sec
>A genbg n=6+15 e=37:37 d=4:0 D=7:3  class=72/200
>Z 484050 graphs generated in 401.36 sec
>F 484050 cores checked in 75.09 sec
>A genbg n=6+15 e=37:37 d=4:0 D=7:3  class=73/200
>Z 486049 graphs generated in 402.39 sec
>F 486049 cores checked in 75.23 sec
>A genbg n=6+15 e=37:37 d=4:0 D=7:3  class=74/200
>Z 488901 graphs generated in 394.02 sec
>F 488901 cores checked in 75.63 sec
>A genbg n=6+15 e=37:37 d=4:0 D=7:3  class=75/200
>Z 488430 graphs generated in 403.71 sec
>F 488430 cores checked in 75.68 sec
>A genbg n=6+15 e=37:37 d=4:0 D=7:3  class=76/200
>Z 486198 graphs generated in 441.74 sec
>F 486198 cores checked in 75.35 sec
>A genbg n=6+15 e=37:37 d=4:0 D=7:3  class=77/200
>Z 491061 graphs generated in 402.98 sec
>F 491061 cores checked in 76.19 sec
>A genbg n=6+15 e=37:37 d=4:0 D=7:3  class=78/200
>Z 488250 graphs generated in 404.05 sec
>F 488250 cores checked in 75.34 sec
>A genbg n=6+15 e=37:37 d=4:0 D=7:3  class=79/200
>Z 487692 graphs generated in 404.49 sec
>F 487692 cores checked in 75.63 sec
>A genbg n=6+15 e=37:37 d=4:0 D=7:3  class=80/200
>Z 487387 graphs generated in 404.79 sec
>F 487387 cores checked in 75.39 sec
>A genbg n=6+15 e=37:37 d=4:0 D=7:3  class=81/200
>Z 487993 graphs generated in 404.11 sec
>F 487993 cores checked in 75.43 sec
>A genbg n=6+15 e=37:37 d=4:0 D=7:3  class=82/200
>Z 487144 graphs generated in 405.82 sec
>F 487144 cores checked in 75.72 sec
>A genbg n=6+15 e=37:37 d=4:0 D=7:3  class=83/200
>Z 486216 graphs generated in 405.74 sec
>F 486216 cores checked in 75.15 sec
>A genbg n=6+15 e=37:37 d=4:0 D=7:3  class=84/200
>Z 487589 graphs generated in 405.74 sec
>F 487589 cores checked in 76.08 sec
>A genbg n=6+15 e=37:37 d=4:0 D=7:3  class=85/200
>Z 487785 graphs generated in 408.72 sec
>F 487785 cores checked in 75.61 sec
>A genbg n=6+15 e=37:37 d=4:0 D=7:3  class=86/200
>Z 490041 graphs generated in 403.97 sec
>F 490041 cores checked in 75.81 sec
>A genbg n=6+15 e=37:37 d=4:0 D=7:3  class=87/200
>Z 490827 graphs generated in 395.40 sec
>F 490827 cores checked in 75.52 sec
>A genbg n=6+15 e=37:37 d=4:0 D=7:3  class=88/200
>Z 485311 graphs generated in 399.43 sec
>F 485311 cores checked in 75.08 sec
>A genbg n=6+15 e=37:37 d=4:0 D=7:3  class=89/200
>Z 488201 graphs generated in 406.47 sec
>F 488201 cores checked in 75.66 sec
>A genbg n=6+15 e=37:37 d=4:0 D=7:3  class=90/200
>Z 486997 graphs generated in 399.93 sec
>F 486997 cores checked in 75.09 sec
>A genbg n=6+15 e=37:37 d=4:0 D=7:3  class=91/200
>Z 486144 graphs generated in 406.28 sec
>F 486144 cores checked in 75.05 sec
>A genbg n=6+15 e=37:37 d=4:0 D=7:3  class=92/200
>Z 485226 graphs generated in 407.03 sec
>F 485226 cores checked in 75.35 sec
>A genbg n=6+15 e=37:37 d=4:0 D=7:3  class=93/200
>Z 485683 graphs generated in 406.97 sec
>F 485683 cores checked in 75.19 sec
>A genbg n=6+15 e=37:37 d=4:0 D=7:3  class=94/200
>Z 487776 graphs generated in 429.64 sec
>F 487776 cores checked in 76.09 sec
>A genbg n=6+15 e=37:37 d=4:0 D=7:3  class=95/200
>Z 489179 graphs generated in 399.45 sec
>F 489179 cores checked in 75.53 sec
>A genbg n=6+15 e=37:37 d=4:0 D=7:3  class=96/200
>Z 491897 graphs generated in 406.62 sec
>F 491897 cores checked in 75.91 sec
>A genbg n=6+15 e=37:37 d=4:0 D=7:3  class=97/200
>Z 494103 graphs generated in 407.00 sec
>F 494103 cores checked in 76.52 sec
>A genbg n=6+15 e=37:37 d=4:0 D=7:3  class=98/200
>Z 488241 graphs generated in 407.46 sec
>F 488241 cores checked in 75.35 sec
>A genbg n=6+15 e=37:37 d=4:0 D=7:3  class=99/200
>Z 484608 graphs generated in 405.56 sec
>F 484608 cores checked in 76.00 sec
>A genbg n=6+15 e=37:37 d=4:0 D=7:3  class=100/200
>Z 488368 graphs generated in 405.96 sec
>F 488368 cores checked in 75.26 sec
>A genbg n=6+15 e=37:37 d=4:0 D=7:3  class=101/200
>Z 487899 graphs generated in 403.72 sec
>F 487899 cores checked in 75.51 sec
>A genbg n=6+15 e=37:37 d=4:0 D=7:3  class=102/200
>Z 487021 graphs generated in 407.90 sec
>F 487021 cores checked in 75.37 sec
>A genbg n=6+15 e=37:37 d=4:0 D=7:3  class=103/200
>Z 489605 graphs generated in 407.35 sec
>F 489605 cores checked in 75.83 sec
>A genbg n=6+15 e=37:37 d=4:0 D=7:3  class=104/200
>Z 489884 graphs generated in 406.67 sec
>F 489884 cores checked in 75.83 sec
>A genbg n=6+15 e=37:37 d=4:0 D=7:3  class=105/200
>Z 486947 graphs generated in 406.11 sec
>F 486947 cores checked in 77.43 sec
>A genbg n=6+15 e=37:37 d=4:0 D=7:3  class=106/200
>Z 489128 graphs generated in 404.87 sec
>F 489128 cores checked in 75.75 sec
>A genbg n=6+15 e=37:37 d=4:0 D=7:3  class=107/200
>Z 489647 graphs generated in 405.83 sec
>F 489647 cores checked in 75.75 sec
>A genbg n=6+15 e=37:37 d=4:0 D=7:3  class=108/200
>Z 484367 graphs generated in 406.48 sec
>F 484367 cores checked in 75.06 sec
>A genbg n=6+15 e=37:37 d=4:0 D=7:3  class=109/200
>Z 489737 graphs generated in 408.49 sec
>F 489737 cores checked in 75.73 sec
>A genbg n=6+15 e=37:37 d=4:0 D=7:3  class=110/200
>Z 484157 graphs generated in 408.56 sec
>F 484157 cores checked in 74.70 sec
>A genbg n=6+15 e=37:37 d=4:0 D=7:3  class=111/200
>Z 484548 graphs generated in 406.55 sec
>F 484548 cores checked in 74.92 sec
>A genbg n=6+15 e=37:37 d=4:0 D=7:3  class=112/200
>Z 482592 graphs generated in 409.09 sec
>F 482592 cores checked in 74.42 sec
>A genbg n=6+15 e=37:37 d=4:0 D=7:3  class=113/200
>Z 482757 graphs generated in 407.62 sec
>F 482757 cores checked in 74.40 sec
>A genbg n=6+15 e=37:37 d=4:0 D=7:3  class=114/200
>Z 489386 graphs generated in 409.41 sec
>F 489386 cores checked in 75.58 sec
>A genbg n=6+15 e=37:37 d=4:0 D=7:3  class=115/200
>Z 489509 graphs generated in 408.75 sec
>F 489509 cores checked in 75.07 sec
>A genbg n=6+15 e=37:37 d=4:0 D=7:3  class=116/200
>Z 489417 graphs generated in 407.51 sec
>F 489417 cores checked in 75.87 sec
>A genbg n=6+15 e=37:37 d=4:0 D=7:3  class=117/200
>Z 488086 graphs generated in 408.97 sec
>F 488086 cores checked in 75.17 sec
>A genbg n=6+15 e=37:37 d=4:0 D=7:3  class=118/200
>Z 486650 graphs generated in 408.16 sec
>F 486650 cores checked in 75.00 sec
>A genbg n=6+15 e=37:37 d=4:0 D=7:3  class=119/200
>Z 487039 graphs generated in 408.93 sec
>F 487039 cores checked in 74.97 sec
>A genbg n=6+15 e=37:37 d=4:0 D=7:3  class=120/200
>Z 490115 graphs generated in 407.11 sec
>F 490115 cores checked in 75.84 sec
>A genbg n=6+15 e=37:37 d=4:0 D=7:3  class=121/200
>Z 488537 graphs generated in 407.78 sec
>F 488537 cores checked in 75.43 sec
>A genbg n=6+15 e=37:37 d=4:0 D=7:3  class=122/200
>Z 485035 graphs generated in 407.56 sec
>F 485035 cores checked in 75.22 sec
>A genbg n=6+15 e=37:37 d=4:0 D=7:3  class=123/200
>Z 483191 graphs generated in 407.99 sec
>F 483191 cores checked in 74.82 sec
>A genbg n=6+15 e=37:37 d=4:0 D=7:3  class=124/200
>Z 489419 graphs generated in 407.42 sec
>F 489419 cores checked in 75.38 sec
>A genbg n=6+15 e=37:37 d=4:0 D=7:3  class=125/200
>Z 488460 graphs generated in 407.26 sec
>F 488460 cores checked in 75.73 sec
>A genbg n=6+15 e=37:37 d=4:0 D=7:3  class=126/200
>Z 483977 graphs generated in 409.14 sec
>F 483977 cores checked in 74.66 sec
>A genbg n=6+15 e=37:37 d=4:0 D=7:3  class=127/200
>Z 485893 graphs generated in 407.67 sec
>F 485893 cores checked in 75.24 sec
>A genbg n=6+15 e=37:37 d=4:0 D=7:3  class=128/200
>Z 483012 graphs generated in 408.47 sec
>F 483012 cores checked in 74.70 sec
>A genbg n=6+15 e=37:37 d=4:0 D=7:3  class=129/200
>Z 487002 graphs generated in 408.12 sec
>F 487002 cores checked in 75.23 sec
>A genbg n=6+15 e=37:37 d=4:0 D=7:3  class=130/200
>Z 485082 graphs generated in 407.56 sec
>F 485082 cores checked in 75.02 sec
>A genbg n=6+15 e=37:37 d=4:0 D=7:3  class=131/200
>Z 483826 graphs generated in 408.50 sec
>F 483826 cores checked in 74.49 sec
>A genbg n=6+15 e=37:37 d=4:0 D=7:3  class=132/200
>Z 487545 graphs generated in 407.64 sec
>F 487545 cores checked in 75.74 sec
>A genbg n=6+15 e=37:37 d=4:0 D=7:3  class=133/200
>Z 486746 graphs generated in 461.56 sec
>F 486746 cores checked in 75.56 sec
>A genbg n=6+15 e=37:37 d=4:0 D=7:3  class=134/200
>Z 486765 graphs generated in 407.87 sec
>F 486765 cores checked in 75.18 sec
>A genbg n=6+15 e=37:37 d=4:0 D=7:3  class=135/200
>Z 487919 graphs generated in 407.48 sec
>F 487919 cores checked in 75.66 sec
>A genbg n=6+15 e=37:37 d=4:0 D=7:3  class=136/200
>Z 489842 graphs generated in 407.65 sec
>F 489842 cores checked in 75.69 sec
>A genbg n=6+15 e=37:37 d=4:0 D=7:3  class=137/200
>Z 492616 graphs generated in 409.08 sec
>F 492616 cores checked in 75.94 sec
>A genbg n=6+15 e=37:37 d=4:0 D=7:3  class=138/200
>Z 485225 graphs generated in 408.75 sec
>F 485225 cores checked in 75.23 sec
>A genbg n=6+15 e=37:37 d=4:0 D=7:3  class=139/200
>Z 486187 graphs generated in 408.04 sec
>F 486187 cores checked in 75.08 sec
>A genbg n=6+15 e=37:37 d=4:0 D=7:3  class=140/200
>Z 488662 graphs generated in 409.16 sec
>F 488662 cores checked in 75.26 sec
>A genbg n=6+15 e=37:37 d=4:0 D=7:3  class=141/200
>Z 487369 graphs generated in 408.06 sec
>F 487369 cores checked in 75.15 sec
>A genbg n=6+15 e=37:37 d=4:0 D=7:3  class=142/200
>Z 488002 graphs generated in 408.20 sec
>F 488002 cores checked in 75.49 sec
>A genbg n=6+15 e=37:37 d=4:0 D=7:3  class=143/200
>Z 489214 graphs generated in 408.29 sec
>F 489214 cores checked in 75.42 sec
>A genbg n=6+15 e=37:37 d=4:0 D=7:3  class=144/200
>Z 488427 graphs generated in 407.68 sec
>F 488427 cores checked in 75.56 sec
>A genbg n=6+15 e=37:37 d=4:0 D=7:3  class=145/200
>Z 489531 graphs generated in 408.22 sec
>F 489531 cores checked in 75.98 sec
>A genbg n=6+15 e=37:37 d=4:0 D=7:3  class=146/200
>Z 487998 graphs generated in 407.74 sec
>F 487998 cores checked in 75.12 sec
>A genbg n=6+15 e=37:37 d=4:0 D=7:3  class=147/200
>Z 488355 graphs generated in 408.09 sec
>F 488355 cores checked in 75.82 sec
>A genbg n=6+15 e=37:37 d=4:0 D=7:3  class=148/200
>Z 484495 graphs generated in 408.43 sec
>F 484495 cores checked in 74.84 sec
>A genbg n=6+15 e=37:37 d=4:0 D=7:3  class=149/200
>Z 486861 graphs generated in 408.22 sec
>F 486861 cores checked in 75.01 sec
>A genbg n=6+15 e=37:37 d=4:0 D=7:3  class=150/200
>Z 488527 graphs generated in 408.29 sec
>F 488527 cores checked in 75.59 sec
>A genbg n=6+15 e=37:37 d=4:0 D=7:3  class=151/200
>Z 487723 graphs generated in 408.04 sec
>F 487723 cores checked in 75.02 sec
>A genbg n=6+15 e=37:37 d=4:0 D=7:3  class=152/200
>Z 485191 graphs generated in 408.63 sec
>F 485191 cores checked in 75.10 sec
>A genbg n=6+15 e=37:37 d=4:0 D=7:3  class=153/200
>Z 481963 graphs generated in 408.76 sec
>F 481963 cores checked in 74.53 sec
>A genbg n=6+15 e=37:37 d=4:0 D=7:3  class=154/200
>Z 485616 graphs generated in 408.71 sec
>F 485616 cores checked in 75.08 sec
>A genbg n=6+15 e=37:37 d=4:0 D=7:3  class=155/200
>Z 489573 graphs generated in 408.62 sec
>F 489573 cores checked in 76.04 sec
>A genbg n=6+15 e=37:37 d=4:0 D=7:3  class=156/200
>Z 486902 graphs generated in 408.65 sec
>F 486902 cores checked in 75.14 sec
>A genbg n=6+15 e=37:37 d=4:0 D=7:3  class=157/200
>Z 491721 graphs generated in 408.61 sec
>F 491721 cores checked in 76.42 sec
>A genbg n=6+15 e=37:37 d=4:0 D=7:3  class=158/200
>Z 487786 graphs generated in 408.80 sec
>F 487786 cores checked in 75.67 sec
>A genbg n=6+15 e=37:37 d=4:0 D=7:3  class=159/200
>Z 485916 graphs generated in 408.93 sec
>F 485916 cores checked in 75.19 sec
>A genbg n=6+15 e=37:37 d=4:0 D=7:3  class=160/200
>Z 489005 graphs generated in 408.26 sec
>F 489005 cores checked in 75.41 sec
>A genbg n=6+15 e=37:37 d=4:0 D=7:3  class=161/200
>Z 488611 graphs generated in 408.04 sec
>F 488611 cores checked in 75.43 sec
>A genbg n=6+15 e=37:37 d=4:0 D=7:3  class=162/200
>Z 488622 graphs generated in 407.70 sec
>F 488622 cores checked in 76.01 sec
>A genbg n=6+15 e=37:37 d=4:0 D=7:3  class=163/200
>Z 487640 graphs generated in 408.72 sec
>F 487640 cores checked in 75.45 sec
>A genbg n=6+15 e=37:37 d=4:0 D=7:3  class=164/200
>Z 488207 graphs generated in 408.51 sec
>F 488207 cores checked in 75.46 sec
>A genbg n=6+15 e=37:37 d=4:0 D=7:3  class=165/200
>Z 489424 graphs generated in 409.12 sec
>F 489424 cores checked in 75.55 sec
>A genbg n=6+15 e=37:37 d=4:0 D=7:3  class=166/200
>Z 490065 graphs generated in 408.83 sec
>F 490065 cores checked in 75.70 sec
>A genbg n=6+15 e=37:37 d=4:0 D=7:3  class=167/200
>Z 491286 graphs generated in 408.48 sec
>F 491286 cores checked in 75.89 sec
>A genbg n=6+15 e=37:37 d=4:0 D=7:3  class=168/200
>Z 484274 graphs generated in 407.71 sec
>F 484274 cores checked in 75.26 sec
>A genbg n=6+15 e=37:37 d=4:0 D=7:3  class=169/200
>Z 484623 graphs generated in 408.51 sec
>F 484623 cores checked in 74.95 sec
>A genbg n=6+15 e=37:37 d=4:0 D=7:3  class=170/200
>Z 486444 graphs generated in 408.18 sec
>F 486444 cores checked in 75.46 sec
>A genbg n=6+15 e=37:37 d=4:0 D=7:3  class=171/200
>Z 485522 graphs generated in 408.02 sec
>F 485522 cores checked in 75.08 sec
>A genbg n=6+15 e=37:37 d=4:0 D=7:3  class=172/200
>Z 482671 graphs generated in 408.45 sec
>F 482671 cores checked in 75.18 sec
>A genbg n=6+15 e=37:37 d=4:0 D=7:3  class=173/200
>Z 489982 graphs generated in 407.76 sec
>F 489982 cores checked in 75.60 sec
>A genbg n=6+15 e=37:37 d=4:0 D=7:3  class=174/200
>Z 489198 graphs generated in 408.51 sec
>F 489198 cores checked in 75.44 sec
>A genbg n=6+15 e=37:37 d=4:0 D=7:3  class=175/200
>Z 494152 graphs generated in 407.87 sec
>F 494152 cores checked in 76.56 sec
>A genbg n=6+15 e=37:37 d=4:0 D=7:3  class=176/200
>Z 488637 graphs generated in 408.81 sec
>F 488637 cores checked in 75.62 sec
>A genbg n=6+15 e=37:37 d=4:0 D=7:3  class=177/200
>Z 488889 graphs generated in 409.15 sec
>F 488889 cores checked in 75.58 sec
>A genbg n=6+15 e=37:37 d=4:0 D=7:3  class=178/200
>Z 486026 graphs generated in 406.92 sec
>F 486026 cores checked in 75.70 sec
>A genbg n=6+15 e=37:37 d=4:0 D=7:3  class=179/200
>Z 486358 graphs generated in 407.61 sec
>F 486358 cores checked in 75.38 sec
>A genbg n=6+15 e=37:37 d=4:0 D=7:3  class=180/200
>Z 491352 graphs generated in 407.21 sec
>F 491352 cores checked in 75.90 sec
>A genbg n=6+15 e=37:37 d=4:0 D=7:3  class=181/200
>Z 486780 graphs generated in 405.12 sec
>F 486780 cores checked in 75.35 sec
>A genbg n=6+15 e=37:37 d=4:0 D=7:3  class=182/200
>Z 486354 graphs generated in 404.22 sec
>F 486354 cores checked in 75.73 sec
>A genbg n=6+15 e=37:37 d=4:0 D=7:3  class=183/200
>Z 490471 graphs generated in 407.10 sec
>F 490471 cores checked in 75.35 sec
>A genbg n=6+15 e=37:37 d=4:0 D=7:3  class=184/200
>Z 492168 graphs generated in 405.79 sec
>F 492168 cores checked in 76.24 sec
>A genbg n=6+15 e=37:37 d=4:0 D=7:3  class=185/200
>Z 489135 graphs generated in 406.50 sec
>F 489135 cores checked in 75.82 sec
>A genbg n=6+15 e=37:37 d=4:0 D=7:3  class=186/200
>Z 490182 graphs generated in 402.96 sec
>F 490182 cores checked in 76.02 sec
>A genbg n=6+15 e=37:37 d=4:0 D=7:3  class=187/200
>Z 488485 graphs generated in 405.91 sec
>F 488485 cores checked in 75.63 sec
>A genbg n=6+15 e=37:37 d=4:0 D=7:3  class=188/200
>Z 484714 graphs generated in 405.92 sec
>F 484714 cores checked in 75.42 sec
>A genbg n=6+15 e=37:37 d=4:0 D=7:3  class=189/200
>Z 486559 graphs generated in 403.28 sec
>F 486559 cores checked in 75.40 sec
>A genbg n=6+15 e=37:37 d=4:0 D=7:3  class=190/200
>Z 487388 graphs generated in 401.82 sec
>F 487388 cores checked in 75.61 sec
>A genbg n=6+15 e=37:37 d=4:0 D=7:3  class=191/200
>Z 487665 graphs generated in 400.73 sec
>F 487665 cores checked in 75.69 sec
>A genbg n=6+15 e=37:37 d=4:0 D=7:3  class=192/200
>Z 487052 graphs generated in 404.30 sec
>F 487052 cores checked in 75.87 sec
>A genbg n=6+15 e=37:37 d=4:0 D=7:3  class=193/200
>Z 486719 graphs generated in 399.73 sec
>F 486719 cores checked in 75.22 sec
>A genbg n=6+15 e=37:37 d=4:0 D=7:3  class=194/200
>Z 490003 graphs generated in 402.51 sec
>F 490003 cores checked in 75.75 sec
>A genbg n=6+15 e=37:37 d=4:0 D=7:3  class=195/200
>Z 493376 graphs generated in 401.31 sec
>F 493376 cores checked in 76.72 sec
>A genbg n=6+15 e=37:37 d=4:0 D=7:3  class=196/200
>Z 493613 graphs generated in 401.78 sec
>F 493613 cores checked in 76.87 sec
>A genbg n=6+15 e=37:37 d=4:0 D=7:3  class=197/200
>Z 491586 graphs generated in 401.51 sec
>F 491586 cores checked in 76.01 sec
>A genbg n=6+15 e=37:37 d=4:0 D=7:3  class=198/200
>Z 487556 graphs generated in 401.44 sec
>F 487556 cores checked in 75.52 sec
>A genbg n=6+15 e=37:37 d=4:0 D=7:3  class=199/200
>Z 486587 graphs generated in 401.29 sec
>F 486587 cores checked in 75.37 sec



=== Total number of graphs generated: 97460193
=== Total number of graphs checked: 97460193
=== Total time for generation: 80407.01 seconds
=== Total time for checking: 15109.99 seconds
=== Total number of exceptional graphs: 0

