=== Log file for genbg_-d4:0_-D7:3_7_14_34:34



>A genbg n=7+14 e=34:34 d=4:0 D=7:3  class=0/200
>Z 5501924 graphs generated in 874.08 sec
>F 5501924 cores checked in 2118.33 sec
>A genbg n=7+14 e=34:34 d=4:0 D=7:3  class=1/200
>Z 5505751 graphs generated in 874.28 sec
>F 5505751 cores checked in 2116.26 sec
>A genbg n=7+14 e=34:34 d=4:0 D=7:3  class=2/200
>Z 5526209 graphs generated in 874.15 sec
>F 5526209 cores checked in 2127.09 sec
>A genbg n=7+14 e=34:34 d=4:0 D=7:3  class=3/200
>Z 5492440 graphs generated in 872.70 sec
>F 5492440 cores checked in 2113.37 sec
>A genbg n=7+14 e=34:34 d=4:0 D=7:3  class=4/200
>Z 5475117 graphs generated in 874.17 sec
>F 5475117 cores checked in 2114.73 sec
>A genbg n=7+14 e=34:34 d=4:0 D=7:3  class=5/200
>Z 5482787 graphs generated in 873.28 sec
>F 5482787 cores checked in 2111.06 sec
>A genbg n=7+14 e=34:34 d=4:0 D=7:3  class=6/200
>Z 5486647 graphs generated in 873.10 sec
>F 5486647 cores checked in 2107.73 sec
>A genbg n=7+14 e=34:34 d=4:0 D=7:3  class=7/200
>Z 5505287 graphs generated in 873.99 sec
>F 5505287 cores checked in 2117.43 sec
>A genbg n=7+14 e=34:34 d=4:0 D=7:3  class=8/200
>Z 5473608 graphs generated in 873.21 sec
>F 5473608 cores checked in 2095.91 sec
>A genbg n=7+14 e=34:34 d=4:0 D=7:3  class=9/200
>Z 5475418 graphs generated in 872.98 sec
>F 5475418 cores checked in 2097.09 sec
>A genbg n=7+14 e=34:34 d=4:0 D=7:3  class=10/200
>Z 5471669 graphs generated in 874.16 sec
>F 5471669 cores checked in 2106.62 sec
>A genbg n=7+14 e=34:34 d=4:0 D=7:3  class=11/200
>Z 5477088 graphs generated in 874.50 sec
>F 5477088 cores checked in 2116.14 sec
>A genbg n=7+14 e=34:34 d=4:0 D=7:3  class=12/200
>Z 5496898 graphs generated in 873.46 sec
>F 5496898 cores checked in 2113.05 sec
>A genbg n=7+14 e=34:34 d=4:0 D=7:3  class=13/200
>Z 5489826 graphs generated in 873.97 sec
>F 5489826 cores checked in 2113.88 sec
>A genbg n=7+14 e=34:34 d=4:0 D=7:3  class=14/200
>Z 5471679 graphs generated in 873.56 sec
>F 5471679 cores checked in 2102.34 sec
>A genbg n=7+14 e=34:34 d=4:0 D=7:3  class=15/200
>Z 5477058 graphs generated in 874.11 sec
>F 5477058 cores checked in 2104.96 sec
>A genbg n=7+14 e=34:34 d=4:0 D=7:3  class=16/200
>Z 5480621 graphs generated in 873.73 sec
>F 5480621 cores checked in 2104.44 sec
>A genbg n=7+14 e=34:34 d=4:0 D=7:3  class=17/200
>Z 5515938 graphs generated in 874.13 sec
>F 5515938 cores checked in 2120.65 sec
>A genbg n=7+14 e=34:34 d=4:0 D=7:3  class=18/200
>Z 5478735 graphs generated in 872.71 sec
>F 5478735 cores checked in 2111.92 sec
>A genbg n=7+14 e=34:34 d=4:0 D=7:3  class=19/200
>Z 5477209 graphs generated in 873.33 sec
>F 5477209 cores checked in 2105.84 sec
>A genbg n=7+14 e=34:34 d=4:0 D=7:3  class=20/200
>Z 5497362 graphs generated in 874.04 sec
>F 5497362 cores checked in 2113.40 sec
>A genbg n=7+14 e=34:34 d=4:0 D=7:3  class=21/200
>Z 5484421 graphs generated in 873.67 sec
>F 5484421 cores checked in 2107.95 sec
>A genbg n=7+14 e=34:34 d=4:0 D=7:3  class=22/200
>Z 5492806 graphs generated in 873.55 sec
>F 5492806 cores checked in 2110.46 sec
>A genbg n=7+14 e=34:34 d=4:0 D=7:3  class=23/200
>Z 5480822 graphs generated in 874.57 sec
>F 5480822 cores checked in 2111.74 sec
>A genbg n=7+14 e=34:34 d=4:0 D=7:3  class=24/200
>Z 5479031 graphs generated in 873.84 sec
>F 5479031 cores checked in 2109.02 sec
>A genbg n=7+14 e=34:34 d=4:0 D=7:3  class=25/200
>Z 5501386 graphs generated in 875.27 sec
>F 5501386 cores checked in 2113.70 sec
>A genbg n=7+14 e=34:34 d=4:0 D=7:3  class=26/200
>Z 5492832 graphs generated in 874.33 sec
>F 5492832 cores checked in 2118.44 sec
>A genbg n=7+14 e=34:34 d=4:0 D=7:3  class=27/200
>Z 5504781 graphs generated in 874.64 sec
>F 5504781 cores checked in 2116.78 sec
>A genbg n=7+14 e=34:34 d=4:0 D=7:3  class=28/200
>Z 5488921 graphs generated in 875.36 sec
>F 5488921 cores checked in 2114.48 sec
>A genbg n=7+14 e=34:34 d=4:0 D=7:3  class=29/200
>Z 5488585 graphs generated in 874.22 sec
>F 5488585 cores checked in 2100.04 sec
>A genbg n=7+14 e=34:34 d=4:0 D=7:3  class=30/200
>Z 5482071 graphs generated in 874.15 sec
>F 5482071 cores checked in 2107.80 sec
>A genbg n=7+14 e=34:34 d=4:0 D=7:3  class=31/200
>Z 5484005 graphs generated in 873.49 sec
>F 5484005 cores checked in 2109.35 sec
>A genbg n=7+14 e=34:34 d=4:0 D=7:3  class=32/200
>Z 5503268 graphs generated in 873.70 sec
>F 5503268 cores checked in 2125.97 sec
>A genbg n=7+14 e=34:34 d=4:0 D=7:3  class=33/200
>Z 5488979 graphs generated in 873.01 sec
>F 5488979 cores checked in 2114.74 sec
>A genbg n=7+14 e=34:34 d=4:0 D=7:3  class=34/200
>Z 5479680 graphs generated in 873.96 sec
>F 5479680 cores checked in 2118.43 sec
>A genbg n=7+14 e=34:34 d=4:0 D=7:3  class=35/200
>Z 5490728 graphs generated in 873.27 sec
>F 5490728 cores checked in 2113.32 sec
>A genbg n=7+14 e=34:34 d=4:0 D=7:3  class=36/200
>Z 5487422 graphs generated in 873.70 sec
>F 5487422 cores checked in 2117.77 sec
>A genbg n=7+14 e=34:34 d=4:0 D=7:3  class=37/200
>Z 5521322 graphs generated in 874.40 sec
>F 5521322 cores checked in 2125.68 sec
>A genbg n=7+14 e=34:34 d=4:0 D=7:3  class=38/200
>Z 5494656 graphs generated in 876.48 sec
>F 5494656 cores checked in 2112.36 sec
>A genbg n=7+14 e=34:34 d=4:0 D=7:3  class=39/200
>Z 5484356 graphs generated in 912.75 sec
>F 5484356 cores checked in 2111.99 sec
>A genbg n=7+14 e=34:34 d=4:0 D=7:3  class=40/200
>Z 5487906 graphs generated in 873.72 sec
>F 5487906 cores checked in 2121.34 sec
>A genbg n=7+14 e=34:34 d=4:0 D=7:3  class=41/200
>Z 5480820 graphs generated in 874.60 sec
>F 5480820 cores checked in 2115.55 sec
>A genbg n=7+14 e=34:34 d=4:0 D=7:3  class=42/200
>Z 5506549 graphs generated in 873.75 sec
>F 5506549 cores checked in 2123.84 sec
>A genbg n=7+14 e=34:34 d=4:0 D=7:3  class=43/200
>Z 5491265 graphs generated in 872.20 sec
>F 5491265 cores checked in 2110.75 sec
>A genbg n=7+14 e=34:34 d=4:0 D=7:3  class=44/200
>Z 5481972 graphs generated in 873.33 sec
>F 5481972 cores checked in 2117.69 sec
>A genbg n=7+14 e=34:34 d=4:0 D=7:3  class=45/200
>Z 5484667 graphs generated in 874.47 sec
>F 5484667 cores checked in 2110.01 sec
>A genbg n=7+14 e=34:34 d=4:0 D=7:3  class=46/200
>Z 5488077 graphs generated in 872.58 sec
>F 5488077 cores checked in 2106.59 sec
>A genbg n=7+14 e=34:34 d=4:0 D=7:3  class=47/200
>Z 5501487 graphs generated in 885.97 sec
>F 5501487 cores checked in 2113.65 sec
>A genbg n=7+14 e=34:34 d=4:0 D=7:3  class=48/200
>Z 5499457 graphs generated in 873.72 sec
>F 5499457 cores checked in 2122.11 sec
>A genbg n=7+14 e=34:34 d=4:0 D=7:3  class=49/200
>Z 5485451 graphs generated in 873.44 sec
>F 5485451 cores checked in 2112.50 sec
>A genbg n=7+14 e=34:34 d=4:0 D=7:3  class=50/200
>Z 5498551 graphs generated in 873.62 sec
>F 5498551 cores checked in 2118.43 sec
>A genbg n=7+14 e=34:34 d=4:0 D=7:3  class=51/200
>Z 5501947 graphs generated in 873.98 sec
>F 5501947 cores checked in 2108.41 sec
>A genbg n=7+14 e=34:34 d=4:0 D=7:3  class=52/200
>Z 5527919 graphs generated in 873.90 sec
>F 5527919 cores checked in 2129.47 sec
>A genbg n=7+14 e=34:34 d=4:0 D=7:3  class=53/200
>Z 5490044 graphs generated in 872.61 sec
>F 5490044 cores checked in 2109.34 sec
>A genbg n=7+14 e=34:34 d=4:0 D=7:3  class=54/200
>Z 5475620 graphs generated in 873.10 sec
>F 5475620 cores checked in 2114.09 sec
>A genbg n=7+14 e=34:34 d=4:0 D=7:3  class=55/200
>Z 5498014 graphs generated in 873.16 sec
>F 5498014 cores checked in 2112.96 sec
>A genbg n=7+14 e=34:34 d=4:0 D=7:3  class=56/200
>Z 5496551 graphs generated in 873.47 sec
>F 5496551 cores checked in 2111.55 sec
>A genbg n=7+14 e=34:34 d=4:0 D=7:3  class=57/200
>Z 5505963 graphs generated in 874.75 sec
>F 5505963 cores checked in 2111.95 sec
>A genbg n=7+14 e=34:34 d=4:0 D=7:3  class=58/200
>Z 5485052 graphs generated in 873.78 sec
>F 5485052 cores checked in 2114.04 sec
>A genbg n=7+14 e=34:34 d=4:0 D=7:3  class=59/200
>Z 5455052 graphs generated in 873.94 sec
>F 5455052 cores checked in 2100.93 sec
>A genbg n=7+14 e=34:34 d=4:0 D=7:3  class=60/200
>Z 5485997 graphs generated in 873.23 sec
>F 5485997 cores checked in 2109.27 sec
>A genbg n=7+14 e=34:34 d=4:0 D=7:3  class=61/200
>Z 5494155 graphs generated in 873.72 sec
>F 5494155 cores checked in 2114.01 sec
>A genbg n=7+14 e=34:34 d=4:0 D=7:3  class=62/200
>Z 5506353 graphs generated in 874.05 sec
>F 5506353 cores checked in 2125.04 sec
>A genbg n=7+14 e=34:34 d=4:0 D=7:3  class=63/200
>Z 5483336 graphs generated in 873.40 sec
>F 5483336 cores checked in 2110.79 sec
>A genbg n=7+14 e=34:34 d=4:0 D=7:3  class=64/200
>Z 5476054 graphs generated in 873.72 sec
>F 5476054 cores checked in 2111.13 sec
>A genbg n=7+14 e=34:34 d=4:0 D=7:3  class=65/200
>Z 5497342 graphs generated in 873.96 sec
>F 5497342 cores checked in 2119.61 sec
>A genbg n=7+14 e=34:34 d=4:0 D=7:3  class=66/200
>Z 5499202 graphs generated in 873.96 sec
>F 5499202 cores checked in 2118.04 sec
>A genbg n=7+14 e=34:34 d=4:0 D=7:3  class=67/200
>Z 5518602 graphs generated in 874.13 sec
>F 5518602 cores checked in 2121.70 sec
>A genbg n=7+14 e=34:34 d=4:0 D=7:3  class=68/200
>Z 5495743 graphs generated in 873.99 sec
>F 5495743 cores checked in 2109.16 sec
>A genbg n=7+14 e=34:34 d=4:0 D=7:3  class=69/200
>Z 5479624 graphs generated in 872.68 sec
>F 5479624 cores checked in 2104.08 sec
>A genbg n=7+14 e=34:34 d=4:0 D=7:3  class=70/200
>Z 5495956 graphs generated in 873.46 sec
>F 5495956 cores checked in 2123.86 sec
>A genbg n=7+14 e=34:34 d=4:0 D=7:3  class=71/200
>Z 5507462 graphs generated in 875.27 sec
>F 5507462 cores checked in 2123.36 sec
>A genbg n=7+14 e=34:34 d=4:0 D=7:3  class=72/200
>Z 5518364 graphs generated in 874.81 sec
>F 5518364 cores checked in 2125.57 sec
>A genbg n=7+14 e=34:34 d=4:0 D=7:3  class=73/200
>Z 5495372 graphs generated in 874.46 sec
>F 5495372 cores checked in 2116.78 sec
>A genbg n=7+14 e=34:34 d=4:0 D=7:3  class=74/200
>Z 5486682 graphs generated in 873.15 sec
>F 5486682 cores checked in 2105.34 sec
>A genbg n=7+14 e=34:34 d=4:0 D=7:3  class=75/200
>Z 5505191 graphs generated in 873.37 sec
>F 5505191 cores checked in 2108.50 sec
>A genbg n=7+14 e=34:34 d=4:0 D=7:3  class=76/200
>Z 5499504 graphs generated in 875.17 sec
>F 5499504 cores checked in 2111.47 sec
>A genbg n=7+14 e=34:34 d=4:0 D=7:3  class=77/200
>Z 5508041 graphs generated in 876.06 sec
>F 5508041 cores checked in 2118.32 sec
>A genbg n=7+14 e=34:34 d=4:0 D=7:3  class=78/200
>Z 5491194 graphs generated in 873.46 sec
>F 5491194 cores checked in 2114.55 sec
>A genbg n=7+14 e=34:34 d=4:0 D=7:3  class=79/200
>Z 5483284 graphs generated in 873.41 sec
>F 5483284 cores checked in 2115.78 sec
>A genbg n=7+14 e=34:34 d=4:0 D=7:3  class=80/200
>Z 5489031 graphs generated in 873.63 sec
>F 5489031 cores checked in 2110.70 sec
>A genbg n=7+14 e=34:34 d=4:0 D=7:3  class=81/200
>Z 5488431 graphs generated in 873.91 sec
>F 5488431 cores checked in 2112.76 sec
>A genbg n=7+14 e=34:34 d=4:0 D=7:3  class=82/200
>Z 5503594 graphs generated in 874.29 sec
>F 5503594 cores checked in 2123.46 sec
>A genbg n=7+14 e=34:34 d=4:0 D=7:3  class=83/200
>Z 5484470 graphs generated in 874.53 sec
>F 5484470 cores checked in 2106.75 sec
>A genbg n=7+14 e=34:34 d=4:0 D=7:3  class=84/200
>Z 5483843 graphs generated in 872.27 sec
>F 5483843 cores checked in 2122.88 sec
>A genbg n=7+14 e=34:34 d=4:0 D=7:3  class=85/200
>Z 5510462 graphs generated in 961.36 sec
>F 5510462 cores checked in 2120.27 sec
>A genbg n=7+14 e=34:34 d=4:0 D=7:3  class=86/200
>Z 5508319 graphs generated in 873.51 sec
>F 5508319 cores checked in 2123.96 sec
>A genbg n=7+14 e=34:34 d=4:0 D=7:3  class=87/200
>Z 5518881 graphs generated in 873.76 sec
>F 5518881 cores checked in 2117.69 sec
>A genbg n=7+14 e=34:34 d=4:0 D=7:3  class=88/200
>Z 5497437 graphs generated in 872.89 sec
>F 5497437 cores checked in 2117.85 sec
>A genbg n=7+14 e=34:34 d=4:0 D=7:3  class=89/200
>Z 5459423 graphs generated in 872.74 sec
>F 5459423 cores checked in 2104.61 sec
>A genbg n=7+14 e=34:34 d=4:0 D=7:3  class=90/200
>Z 5488188 graphs generated in 873.52 sec
>F 5488188 cores checked in 2104.45 sec
>A genbg n=7+14 e=34:34 d=4:0 D=7:3  class=91/200
>Z 5504973 graphs generated in 877.61 sec
>F 5504973 cores checked in 2122.85 sec
>A genbg n=7+14 e=34:34 d=4:0 D=7:3  class=92/200
>Z 5503902 graphs generated in 872.77 sec
>F 5503902 cores checked in 2117.93 sec
>A genbg n=7+14 e=34:34 d=4:0 D=7:3  class=93/200
>Z 5492736 graphs generated in 872.59 sec
>F 5492736 cores checked in 2109.21 sec
>A genbg n=7+14 e=34:34 d=4:0 D=7:3  class=94/200
>Z 5474456 graphs generated in 872.66 sec
>F 5474456 cores checked in 2113.70 sec
>A genbg n=7+14 e=34:34 d=4:0 D=7:3  class=95/200
>Z 5482663 graphs generated in 873.15 sec
>F 5482663 cores checked in 2108.65 sec
>A genbg n=7+14 e=34:34 d=4:0 D=7:3  class=96/200
>Z 5479665 graphs generated in 872.52 sec
>F 5479665 cores checked in 2110.68 sec
>A genbg n=7+14 e=34:34 d=4:0 D=7:3  class=97/200
>Z 5519225 graphs generated in 873.57 sec
>F 5519225 cores checked in 2125.84 sec
>A genbg n=7+14 e=34:34 d=4:0 D=7:3  class=98/200
>Z 5492417 graphs generated in 872.67 sec
>F 5492417 cores checked in 2121.04 sec
>A genbg n=7+14 e=34:34 d=4:0 D=7:3  class=99/200
>Z 5466508 graphs generated in 872.49 sec
>F 5466508 cores checked in 2100.16 sec
>A genbg n=7+14 e=34:34 d=4:0 D=7:3  class=100/200
>Z 5486833 graphs generated in 873.69 sec
>F 5486833 cores checked in 2108.92 sec
>A genbg n=7+14 e=34:34 d=4:0 D=7:3  class=101/200
>Z 5499206 graphs generated in 873.45 sec
>F 5499206 cores checked in 2122.67 sec
>A genbg n=7+14 e=34:34 d=4:0 D=7:3  class=102/200
>Z 5526793 graphs generated in 873.75 sec
>F 5526793 cores checked in 2127.94 sec
>A genbg n=7+14 e=34:34 d=4:0 D=7:3  class=103/200
>Z 5490146 graphs generated in 873.27 sec
>F 5490146 cores checked in 2119.74 sec
>A genbg n=7+14 e=34:34 d=4:0 D=7:3  class=104/200
>Z 5484638 graphs generated in 873.82 sec
>F 5484638 cores checked in 2109.23 sec
>A genbg n=7+14 e=34:34 d=4:0 D=7:3  class=105/200
>Z 5498592 graphs generated in 873.28 sec
>F 5498592 cores checked in 2127.82 sec
>A genbg n=7+14 e=34:34 d=4:0 D=7:3  class=106/200
>Z 5498753 graphs generated in 873.56 sec
>F 5498753 cores checked in 2108.59 sec
>A genbg n=7+14 e=34:34 d=4:0 D=7:3  class=107/200
>Z 5529642 graphs generated in 873.54 sec
>F 5529642 cores checked in 2126.37 sec
>A genbg n=7+14 e=34:34 d=4:0 D=7:3  class=108/200
>Z 5483795 graphs generated in 873.98 sec
>F 5483795 cores checked in 2115.38 sec
>A genbg n=7+14 e=34:34 d=4:0 D=7:3  class=109/200
>Z 5479228 graphs generated in 873.98 sec
>F 5479228 cores checked in 2115.25 sec
>A genbg n=7+14 e=34:34 d=4:0 D=7:3  class=110/200
>Z 5493845 graphs generated in 873.38 sec
>F 5493845 cores checked in 2114.87 sec
>A genbg n=7+14 e=34:34 d=4:0 D=7:3  class=111/200
>Z 5501225 graphs generated in 875.54 sec
>F 5501225 cores checked in 2121.96 sec
>A genbg n=7+14 e=34:34 d=4:0 D=7:3  class=112/200
>Z 5514865 graphs generated in 873.76 sec
>F 5514865 cores checked in 2122.59 sec
>A genbg n=7+14 e=34:34 d=4:0 D=7:3  class=113/200
>Z 5486297 graphs generated in 873.01 sec
>F 5486297 cores checked in 2118.43 sec
>A genbg n=7+14 e=34:34 d=4:0 D=7:3  class=114/200
>Z 5489902 graphs generated in 874.25 sec
>F 5489902 cores checked in 2113.24 sec
>A genbg n=7+14 e=34:34 d=4:0 D=7:3  class=115/200
>Z 5490761 graphs generated in 872.79 sec
>F 5490761 cores checked in 2111.20 sec
>A genbg n=7+14 e=34:34 d=4:0 D=7:3  class=116/200
>Z 5496848 graphs generated in 873.82 sec
>F 5496848 cores checked in 2116.79 sec
>A genbg n=7+14 e=34:34 d=4:0 D=7:3  class=117/200
>Z 5522237 graphs generated in 873.37 sec
>F 5522237 cores checked in 2126.17 sec
>A genbg n=7+14 e=34:34 d=4:0 D=7:3  class=118/200
>Z 5498215 graphs generated in 874.08 sec
>F 5498215 cores checked in 2131.26 sec
>A genbg n=7+14 e=34:34 d=4:0 D=7:3  class=119/200
>Z 5497092 graphs generated in 874.20 sec
>F 5497092 cores checked in 2121.24 sec
>A genbg n=7+14 e=34:34 d=4:0 D=7:3  class=120/200
>Z 5500901 graphs generated in 873.96 sec
>F 5500901 cores checked in 2124.51 sec
>A genbg n=7+14 e=34:34 d=4:0 D=7:3  class=121/200
>Z 5493001 graphs generated in 872.88 sec
>F 5493001 cores checked in 2121.31 sec
>A genbg n=7+14 e=34:34 d=4:0 D=7:3  class=122/200
>Z 5512329 graphs generated in 874.43 sec
>F 5512329 cores checked in 2110.16 sec
>A genbg n=7+14 e=34:34 d=4:0 D=7:3  class=123/200
>Z 5496448 graphs generated in 872.81 sec
>F 5496448 cores checked in 2118.80 sec
>A genbg n=7+14 e=34:34 d=4:0 D=7:3  class=124/200
>Z 5476576 graphs generated in 873.19 sec
>F 5476576 cores checked in 2107.14 sec
>A genbg n=7+14 e=34:34 d=4:0 D=7:3  class=125/200
>Z 5502930 graphs generated in 873.28 sec
>F 5502930 cores checked in 2128.36 sec
>A genbg n=7+14 e=34:34 d=4:0 D=7:3  class=126/200
>Z 5501834 graphs generated in 871.48 sec
>F 5501834 cores checked in 2121.66 sec
>A genbg n=7+14 e=34:34 d=4:0 D=7:3  class=127/200
>Z 5508948 graphs generated in 872.53 sec
>F 5508948 cores checked in 2120.33 sec
>A genbg n=7+14 e=34:34 d=4:0 D=7:3  class=128/200
>Z 5494390 graphs generated in 871.89 sec
>F 5494390 cores checked in 2114.05 sec
>A genbg n=7+14 e=34:34 d=4:0 D=7:3  class=129/200
>Z 5491006 graphs generated in 872.23 sec
>F 5491006 cores checked in 2109.09 sec
>A genbg n=7+14 e=34:34 d=4:0 D=7:3  class=130/200
>Z 5500971 graphs generated in 872.20 sec
>F 5500971 cores checked in 2116.60 sec
>A genbg n=7+14 e=34:34 d=4:0 D=7:3  class=131/200
>Z 5504626 graphs generated in 871.33 sec
>F 5504626 cores checked in 2123.50 sec
>A genbg n=7+14 e=34:34 d=4:0 D=7:3  class=132/200
>Z 5513390 graphs generated in 874.70 sec
>F 5513390 cores checked in 2121.59 sec
>A genbg n=7+14 e=34:34 d=4:0 D=7:3  class=133/200
>Z 5496006 graphs generated in 871.43 sec
>F 5496006 cores checked in 2120.35 sec
>A genbg n=7+14 e=34:34 d=4:0 D=7:3  class=134/200
>Z 5477604 graphs generated in 871.39 sec
>F 5477604 cores checked in 2120.68 sec
>A genbg n=7+14 e=34:34 d=4:0 D=7:3  class=135/200
>Z 5494668 graphs generated in 870.95 sec
>F 5494668 cores checked in 2121.51 sec
>A genbg n=7+14 e=34:34 d=4:0 D=7:3  class=136/200
>Z 5484988 graphs generated in 873.43 sec
>F 5484988 cores checked in 2109.71 sec
>A genbg n=7+14 e=34:34 d=4:0 D=7:3  class=137/200
>Z 5517884 graphs generated in 872.00 sec
>F 5517884 cores checked in 2130.46 sec
>A genbg n=7+14 e=34:34 d=4:0 D=7:3  class=138/200
>Z 5504128 graphs generated in 871.85 sec
>F 5504128 cores checked in 2118.59 sec
>A genbg n=7+14 e=34:34 d=4:0 D=7:3  class=139/200
>Z 5484376 graphs generated in 870.86 sec
>F 5484376 cores checked in 2115.40 sec
>A genbg n=7+14 e=34:34 d=4:0 D=7:3  class=140/200
>Z 5482164 graphs generated in 871.91 sec
>F 5482164 cores checked in 2113.37 sec
>A genbg n=7+14 e=34:34 d=4:0 D=7:3  class=141/200
>Z 5499843 graphs generated in 875.32 sec
>F 5499843 cores checked in 2124.33 sec
>A genbg n=7+14 e=34:34 d=4:0 D=7:3  class=142/200
>Z 5511675 graphs generated in 872.28 sec
>F 5511675 cores checked in 2127.55 sec
>A genbg n=7+14 e=34:34 d=4:0 D=7:3  class=143/200
>Z 5486180 graphs generated in 871.57 sec
>F 5486180 cores checked in 2111.80 sec
>A genbg n=7+14 e=34:34 d=4:0 D=7:3  class=144/200
>Z 5474894 graphs generated in 871.45 sec
>F 5474894 cores checked in 2109.67 sec
>A genbg n=7+14 e=34:34 d=4:0 D=7:3  class=145/200
>Z 5487765 graphs generated in 872.80 sec
>F 5487765 cores checked in 2111.19 sec
>A genbg n=7+14 e=34:34 d=4:0 D=7:3  class=146/200
>Z 5486357 graphs generated in 871.69 sec
>F 5486357 cores checked in 2112.47 sec
>A genbg n=7+14 e=34:34 d=4:0 D=7:3  class=147/200
>Z 5503490 graphs generated in 872.04 sec
>F 5503490 cores checked in 2134.69 sec
>A genbg n=7+14 e=34:34 d=4:0 D=7:3  class=148/200
>Z 5489629 graphs generated in 873.50 sec
>F 5489629 cores checked in 2108.81 sec
>A genbg n=7+14 e=34:34 d=4:0 D=7:3  class=149/200
>Z 5481979 graphs generated in 871.57 sec
>F 5481979 cores checked in 2117.06 sec
>A genbg n=7+14 e=34:34 d=4:0 D=7:3  class=150/200
>Z 5496989 graphs generated in 871.68 sec
>F 5496989 cores checked in 2115.57 sec
>A genbg n=7+14 e=34:34 d=4:0 D=7:3  class=151/200
>Z 5491529 graphs generated in 871.77 sec
>F 5491529 cores checked in 2120.60 sec
>A genbg n=7+14 e=34:34 d=4:0 D=7:3  class=152/200
>Z 5510973 graphs generated in 871.74 sec
>F 5510973 cores checked in 2122.95 sec
>A genbg n=7+14 e=34:34 d=4:0 D=7:3  class=153/200
>Z 5484724 graphs generated in 871.20 sec
>F 5484724 cores checked in 2113.94 sec
>A genbg n=7+14 e=34:34 d=4:0 D=7:3  class=154/200
>Z 5472776 graphs generated in 876.80 sec
>F 5472776 cores checked in 2108.38 sec
>A genbg n=7+14 e=34:34 d=4:0 D=7:3  class=155/200
>Z 5478725 graphs generated in 871.25 sec
>F 5478725 cores checked in 2114.77 sec
>A genbg n=7+14 e=34:34 d=4:0 D=7:3  class=156/200
>Z 5492479 graphs generated in 871.15 sec
>F 5492479 cores checked in 2123.56 sec
>A genbg n=7+14 e=34:34 d=4:0 D=7:3  class=157/200
>Z 5508925 graphs generated in 871.94 sec
>F 5508925 cores checked in 2120.89 sec
>A genbg n=7+14 e=34:34 d=4:0 D=7:3  class=158/200
>Z 5483624 graphs generated in 875.71 sec
>F 5483624 cores checked in 2117.53 sec
>A genbg n=7+14 e=34:34 d=4:0 D=7:3  class=159/200
>Z 5471621 graphs generated in 872.49 sec
>F 5471621 cores checked in 2109.94 sec
>A genbg n=7+14 e=34:34 d=4:0 D=7:3  class=160/200
>Z 5495074 graphs generated in 872.16 sec
>F 5495074 cores checked in 2115.99 sec
>A genbg n=7+14 e=34:34 d=4:0 D=7:3  class=161/200
>Z 5507822 graphs generated in 922.33 sec
>F 5507822 cores checked in 2123.13 sec
>A genbg n=7+14 e=34:34 d=4:0 D=7:3  class=162/200
>Z 5507666 graphs generated in 872.89 sec
>F 5507666 cores checked in 2126.19 sec
>A genbg n=7+14 e=34:34 d=4:0 D=7:3  class=163/200
>Z 5485891 graphs generated in 871.85 sec
>F 5485891 cores checked in 2117.22 sec
>A genbg n=7+14 e=34:34 d=4:0 D=7:3  class=164/200
>Z 5486291 graphs generated in 871.90 sec
>F 5486291 cores checked in 2118.49 sec
>A genbg n=7+14 e=34:34 d=4:0 D=7:3  class=165/200
>Z 5506275 graphs generated in 871.47 sec
>F 5506275 cores checked in 2115.21 sec
>A genbg n=7+14 e=34:34 d=4:0 D=7:3  class=166/200
>Z 5495699 graphs generated in 872.02 sec
>F 5495699 cores checked in 2121.75 sec
>A genbg n=7+14 e=34:34 d=4:0 D=7:3  class=167/200
>Z 5512901 graphs generated in 884.65 sec
>F 5512901 cores checked in 2136.34 sec
>A genbg n=7+14 e=34:34 d=4:0 D=7:3  class=168/200
>Z 5503533 graphs generated in 874.82 sec
>F 5503533 cores checked in 2161.03 sec
>A genbg n=7+14 e=34:34 d=4:0 D=7:3  class=169/200
>Z 5503729 graphs generated in 874.45 sec
>F 5503729 cores checked in 2128.93 sec
>A genbg n=7+14 e=34:34 d=4:0 D=7:3  class=170/200
>Z 5497783 graphs generated in 874.26 sec
>F 5497783 cores checked in 2117.12 sec
>A genbg n=7+14 e=34:34 d=4:0 D=7:3  class=171/200
>Z 5488318 graphs generated in 874.71 sec
>F 5488318 cores checked in 2114.80 sec
>A genbg n=7+14 e=34:34 d=4:0 D=7:3  class=172/200
>Z 5518141 graphs generated in 876.30 sec
>F 5518141 cores checked in 2122.98 sec
>A genbg n=7+14 e=34:34 d=4:0 D=7:3  class=173/200
>Z 5500023 graphs generated in 874.39 sec
>F 5500023 cores checked in 2120.74 sec
>A genbg n=7+14 e=34:34 d=4:0 D=7:3  class=174/200
>Z 5479920 graphs generated in 875.50 sec
>F 5479920 cores checked in 2109.89 sec
>A genbg n=7+14 e=34:34 d=4:0 D=7:3  class=175/200
>Z 5492951 graphs generated in 875.35 sec
>F 5492951 cores checked in 2112.66 sec
>A genbg n=7+14 e=34:34 d=4:0 D=7:3  class=176/200
>Z 5493322 graphs generated in 874.55 sec
>F 5493322 cores checked in 2119.03 sec
>A genbg n=7+14 e=34:34 d=4:0 D=7:3  class=177/200
>Z 5513565 graphs generated in 875.33 sec
>F 5513565 cores checked in 2114.96 sec
>A genbg n=7+14 e=34:34 d=4:0 D=7:3  class=178/200
>Z 5485280 graphs generated in 875.68 sec
>F 5485280 cores checked in 2115.44 sec
>A genbg n=7+14 e=34:34 d=4:0 D=7:3  class=179/200
>Z 5472189 graphs generated in 874.63 sec
>F 5472189 cores checked in 2111.64 sec
>A genbg n=7+14 e=34:34 d=4:0 D=7:3  class=180/200
>Z 5479050 graphs generated in 876.41 sec
>F 5479050 cores checked in 2107.31 sec
>A genbg n=7+14 e=34:34 d=4:0 D=7:3  class=181/200
>Z 5483023 graphs generated in 877.03 sec
>F 5483023 cores checked in 2109.43 sec
>A genbg n=7+14 e=34:34 d=4:0 D=7:3  class=182/200
>Z 5508104 graphs generated in 876.44 sec
>F 5508104 cores checked in 2128.72 sec
>A genbg n=7+14 e=34:34 d=4:0 D=7:3  class=183/200
>Z 5481364 graphs generated in 876.27 sec
>F 5481364 cores checked in 2115.55 sec
>A genbg n=7+14 e=34:34 d=4:0 D=7:3  class=184/200
>Z 5484401 graphs generated in 875.74 sec
>F 5484401 cores checked in 2110.67 sec
>A genbg n=7+14 e=34:34 d=4:0 D=7:3  class=185/200
>Z 5482931 graphs generated in 876.06 sec
>F 5482931 cores checked in 2115.30 sec
>A genbg n=7+14 e=34:34 d=4:0 D=7:3  class=186/200
>Z 5490692 graphs generated in 880.69 sec
>F 5490692 cores checked in 2112.45 sec
>A genbg n=7+14 e=34:34 d=4:0 D=7:3  class=187/200
>Z 5505240 graphs generated in 875.85 sec
>F 5505240 cores checked in 2119.76 sec
>A genbg n=7+14 e=34:34 d=4:0 D=7:3  class=188/200
>Z 5491504 graphs generated in 875.76 sec
>F 5491504 cores checked in 2116.70 sec
>A genbg n=7+14 e=34:34 d=4:0 D=7:3  class=189/200
>Z 5473776 graphs generated in 875.45 sec
>F 5473776 cores checked in 2109.84 sec
>A genbg n=7+14 e=34:34 d=4:0 D=7:3  class=190/200
>Z 5494227 graphs generated in 876.29 sec
>F 5494227 cores checked in 2109.39 sec
>A genbg n=7+14 e=34:34 d=4:0 D=7:3  class=191/200
>Z 5474383 graphs generated in 876.98 sec
>F 5474383 cores checked in 2103.88 sec
>A genbg n=7+14 e=34:34 d=4:0 D=7:3  class=192/200
>Z 5507964 graphs generated in 876.26 sec
>F 5507964 cores checked in 2117.69 sec
>A genbg n=7+14 e=34:34 d=4:0 D=7:3  class=193/200
>Z 5475804 graphs generated in 875.56 sec
>F 5475804 cores checked in 2098.55 sec
>A genbg n=7+14 e=34:34 d=4:0 D=7:3  class=194/200
>Z 5480747 graphs generated in 875.71 sec
>F 5480747 cores checked in 2102.54 sec
>A genbg n=7+14 e=34:34 d=4:0 D=7:3  class=195/200
>Z 5497957 graphs generated in 875.35 sec
>F 5497957 cores checked in 2118.90 sec
>A genbg n=7+14 e=34:34 d=4:0 D=7:3  class=196/200
>Z 5492058 graphs generated in 875.54 sec
>F 5492058 cores checked in 2103.71 sec
>A genbg n=7+14 e=34:34 d=4:0 D=7:3  class=197/200
>Z 5503689 graphs generated in 876.25 sec
>F 5503689 cores checked in 2118.92 sec
>A genbg n=7+14 e=34:34 d=4:0 D=7:3  class=198/200
>Z 5484645 graphs generated in 875.94 sec
>F 5484645 cores checked in 2116.17 sec
>A genbg n=7+14 e=34:34 d=4:0 D=7:3  class=199/200
>Z 5485983 graphs generated in 876.56 sec
>F 5485983 cores checked in 2101.46 sec



=== Total number of graphs generated: 1098653962
=== Total number of graphs checked: 1098653962
=== Total time for generation: 174954.57 seconds
=== Total time for checking: 423132.27 seconds
=== Total number of exceptional graphs: 0

