=== Log file for genbg_-d4:0_-D9:3_4_17_29:29



>A genbg n=4+17 e=29:29 d=4:0 D=9:3  class=0/200
>Z 1101 graphs generated in 2.76 sec
>F 1101 cores checked in 71.03 sec
>A genbg n=4+17 e=29:29 d=4:0 D=9:3  class=1/200
>Z 1018 graphs generated in 2.78 sec
>F 1018 cores checked in 0.48 sec
>A genbg n=4+17 e=29:29 d=4:0 D=9:3  class=2/200
>Z 1182 graphs generated in 2.77 sec
>F 1182 cores checked in 0.58 sec
>A genbg n=4+17 e=29:29 d=4:0 D=9:3  class=3/200
>Z 1065 graphs generated in 2.77 sec
>F 1065 cores checked in 0.51 sec
>A genbg n=4+17 e=29:29 d=4:0 D=9:3  class=4/200
>Z 1174 graphs generated in 2.79 sec
>F 1174 cores checked in 0.55 sec
>A genbg n=4+17 e=29:29 d=4:0 D=9:3  class=5/200
>Z 1180 graphs generated in 2.78 sec
>F 1180 cores checked in 0.56 sec
>A genbg n=4+17 e=29:29 d=4:0 D=9:3  class=6/200
>Z 1120 graphs generated in 2.72 sec
>F 1120 cores checked in 0.53 sec
>A genbg n=4+17 e=29:29 d=4:0 D=9:3  class=7/200
>Z 1144 graphs generated in 2.76 sec
>F 1144 cores checked in 0.53 sec
>A genbg n=4+17 e=29:29 d=4:0 D=9:3  class=8/200
>Z 1121 graphs generated in 2.77 sec
>F 1121 cores checked in 0.54 sec
>A genbg n=4+17 e=29:29 d=4:0 D=9:3  class=9/200
>Z 1135 graphs generated in 2.78 sec
>F 1135 cores checked in 73.81 sec
>A genbg n=4+17 e=29:29 d=4:0 D=9:3  class=10/200
>Z 1096 graphs generated in 2.76 sec
>F 1096 cores checked in 298.59 sec
>A genbg n=4+17 e=29:29 d=4:0 D=9:3  class=11/200
>Z 1198 graphs generated in 2.76 sec
>F 1198 cores checked in 0.56 sec
>A genbg n=4+17 e=29:29 d=4:0 D=9:3  class=12/200
>Z 1156 graphs generated in 2.76 sec
>F 1156 cores checked in 0.55 sec
>A genbg n=4+17 e=29:29 d=4:0 D=9:3  class=13/200
>Z 1146 graphs generated in 2.76 sec
>F 1146 cores checked in 26.86 sec
>A genbg n=4+17 e=29:29 d=4:0 D=9:3  class=14/200
>Z 1141 graphs generated in 2.77 sec
>F 1141 cores checked in 0.54 sec
>A genbg n=4+17 e=29:29 d=4:0 D=9:3  class=15/200
>Z 1174 graphs generated in 2.68 sec
>F 1174 cores checked in 0.55 sec
>A genbg n=4+17 e=29:29 d=4:0 D=9:3  class=16/200
>Z 1165 graphs generated in 2.58 sec
>F 1165 cores checked in 0.55 sec
>A genbg n=4+17 e=29:29 d=4:0 D=9:3  class=17/200
>Z 1244 graphs generated in 2.75 sec
>F 1244 cores checked in 0.60 sec
>A genbg n=4+17 e=29:29 d=4:0 D=9:3  class=18/200
>Z 1175 graphs generated in 2.78 sec
>F 1175 cores checked in 0.56 sec
>A genbg n=4+17 e=29:29 d=4:0 D=9:3  class=19/200
>Z 1181 graphs generated in 2.71 sec
>F 1181 cores checked in 0.57 sec
>A genbg n=4+17 e=29:29 d=4:0 D=9:3  class=20/200
>Z 1221 graphs generated in 2.77 sec
>F 1221 cores checked in 0.58 sec
>A genbg n=4+17 e=29:29 d=4:0 D=9:3  class=21/200
>Z 1155 graphs generated in 2.76 sec
>F 1155 cores checked in 0.54 sec
>A genbg n=4+17 e=29:29 d=4:0 D=9:3  class=22/200
>Z 1113 graphs generated in 2.75 sec
>F 1113 cores checked in 0.52 sec
>A genbg n=4+17 e=29:29 d=4:0 D=9:3  class=23/200
>Z 1227 graphs generated in 2.81 sec
>F 1227 cores checked in 0.58 sec
>A genbg n=4+17 e=29:29 d=4:0 D=9:3  class=24/200
>Z 1152 graphs generated in 2.77 sec
>F 1152 cores checked in 0.56 sec
>A genbg n=4+17 e=29:29 d=4:0 D=9:3  class=25/200
>Z 1103 graphs generated in 2.72 sec
>F 1103 cores checked in 0.52 sec
>A genbg n=4+17 e=29:29 d=4:0 D=9:3  class=26/200
>Z 1093 graphs generated in 2.77 sec
>F 1093 cores checked in 0.52 sec
>A genbg n=4+17 e=29:29 d=4:0 D=9:3  class=27/200
>Z 1213 graphs generated in 2.78 sec
>F 1213 cores checked in 0.56 sec
>A genbg n=4+17 e=29:29 d=4:0 D=9:3  class=28/200
>Z 1276 graphs generated in 2.76 sec
>F 1276 cores checked in 58.46 sec
>A genbg n=4+17 e=29:29 d=4:0 D=9:3  class=29/200
>Z 1160 graphs generated in 2.74 sec
>F 1160 cores checked in 0.55 sec
>A genbg n=4+17 e=29:29 d=4:0 D=9:3  class=30/200
>Z 1120 graphs generated in 2.75 sec
>F 1120 cores checked in 0.54 sec
>A genbg n=4+17 e=29:29 d=4:0 D=9:3  class=31/200
>Z 1160 graphs generated in 2.75 sec
>F 1160 cores checked in 361.48 sec
>A genbg n=4+17 e=29:29 d=4:0 D=9:3  class=32/200
>Z 1224 graphs generated in 2.78 sec
>F 1224 cores checked in 0.59 sec
>A genbg n=4+17 e=29:29 d=4:0 D=9:3  class=33/200
>Z 1138 graphs generated in 2.77 sec
>F 1138 cores checked in 0.53 sec
>A genbg n=4+17 e=29:29 d=4:0 D=9:3  class=34/200
>Z 1140 graphs generated in 2.77 sec
>F 1140 cores checked in 0.54 sec
>A genbg n=4+17 e=29:29 d=4:0 D=9:3  class=35/200
>Z 1256 graphs generated in 2.78 sec
>F 1256 cores checked in 592.05 sec
>A genbg n=4+17 e=29:29 d=4:0 D=9:3  class=36/200
>Z 1203 graphs generated in 2.76 sec
>F 1203 cores checked in 0.57 sec
>A genbg n=4+17 e=29:29 d=4:0 D=9:3  class=37/200
>Z 1118 graphs generated in 2.76 sec
>F 1118 cores checked in 0.53 sec
>A genbg n=4+17 e=29:29 d=4:0 D=9:3  class=38/200
>Z 1090 graphs generated in 2.76 sec
>F 1090 cores checked in 0.52 sec
>A genbg n=4+17 e=29:29 d=4:0 D=9:3  class=39/200
>Z 1158 graphs generated in 2.76 sec
>F 1158 cores checked in 0.56 sec
>A genbg n=4+17 e=29:29 d=4:0 D=9:3  class=40/200
>Z 1139 graphs generated in 2.77 sec
>F 1139 cores checked in 0.54 sec
>A genbg n=4+17 e=29:29 d=4:0 D=9:3  class=41/200
>Z 1032 graphs generated in 2.75 sec
>F 1032 cores checked in 0.49 sec
>A genbg n=4+17 e=29:29 d=4:0 D=9:3  class=42/200
>Z 1089 graphs generated in 2.76 sec
>F 1089 cores checked in 0.50 sec
>A genbg n=4+17 e=29:29 d=4:0 D=9:3  class=43/200
>Z 1117 graphs generated in 2.70 sec
>F 1117 cores checked in 706.38 sec
>A genbg n=4+17 e=29:29 d=4:0 D=9:3  class=44/200
>Z 1137 graphs generated in 2.76 sec
>F 1137 cores checked in 99.12 sec
>A genbg n=4+17 e=29:29 d=4:0 D=9:3  class=45/200
>Z 1086 graphs generated in 2.78 sec
>F 1086 cores checked in 0.53 sec
>A genbg n=4+17 e=29:29 d=4:0 D=9:3  class=46/200
>Z 972 graphs generated in 2.77 sec
>F 972 cores checked in 0.48 sec
>A genbg n=4+17 e=29:29 d=4:0 D=9:3  class=47/200
>Z 1137 graphs generated in 2.73 sec
>F 1137 cores checked in 70.78 sec
>A genbg n=4+17 e=29:29 d=4:0 D=9:3  class=48/200
>Z 1079 graphs generated in 2.81 sec
>F 1079 cores checked in 0.52 sec
>A genbg n=4+17 e=29:29 d=4:0 D=9:3  class=49/200
>Z 1179 graphs generated in 2.77 sec
>F 1179 cores checked in 0.56 sec
>A genbg n=4+17 e=29:29 d=4:0 D=9:3  class=50/200
>Z 1130 graphs generated in 2.76 sec
>F 1130 cores checked in 0.53 sec
>A genbg n=4+17 e=29:29 d=4:0 D=9:3  class=51/200
>Z 1075 graphs generated in 2.76 sec
>F 1075 cores checked in 22.55 sec
>A genbg n=4+17 e=29:29 d=4:0 D=9:3  class=52/200
>Z 1108 graphs generated in 2.76 sec
>F 1108 cores checked in 76.41 sec
>A genbg n=4+17 e=29:29 d=4:0 D=9:3  class=53/200
>Z 1067 graphs generated in 2.77 sec
>F 1067 cores checked in 335.40 sec
>A genbg n=4+17 e=29:29 d=4:0 D=9:3  class=54/200
>Z 1123 graphs generated in 2.76 sec
>F 1123 cores checked in 0.53 sec
>A genbg n=4+17 e=29:29 d=4:0 D=9:3  class=55/200
>Z 1162 graphs generated in 2.76 sec
>F 1162 cores checked in 2264.51 sec
>A genbg n=4+17 e=29:29 d=4:0 D=9:3  class=56/200
>Z 1138 graphs generated in 2.67 sec
>F 1138 cores checked in 76.11 sec
>A genbg n=4+17 e=29:29 d=4:0 D=9:3  class=57/200
>Z 1119 graphs generated in 2.77 sec
>F 1119 cores checked in 0.55 sec
>A genbg n=4+17 e=29:29 d=4:0 D=9:3  class=58/200
>Z 1112 graphs generated in 2.77 sec
>F 1112 cores checked in 0.54 sec
>A genbg n=4+17 e=29:29 d=4:0 D=9:3  class=59/200
>Z 1172 graphs generated in 2.77 sec
>F 1172 cores checked in 185.63 sec
>A genbg n=4+17 e=29:29 d=4:0 D=9:3  class=60/200
>Z 1171 graphs generated in 2.77 sec
>F 1171 cores checked in 0.57 sec
>A genbg n=4+17 e=29:29 d=4:0 D=9:3  class=61/200
>Z 1146 graphs generated in 2.77 sec
>F 1146 cores checked in 0.55 sec
>A genbg n=4+17 e=29:29 d=4:0 D=9:3  class=62/200
>Z 1063 graphs generated in 2.76 sec
>F 1063 cores checked in 113.89 sec
>A genbg n=4+17 e=29:29 d=4:0 D=9:3  class=63/200
>Z 1148 graphs generated in 2.76 sec
>F 1148 cores checked in 0.55 sec
>A genbg n=4+17 e=29:29 d=4:0 D=9:3  class=64/200
>Z 1171 graphs generated in 2.76 sec
>F 1171 cores checked in 0.56 sec
>A genbg n=4+17 e=29:29 d=4:0 D=9:3  class=65/200
>Z 1146 graphs generated in 2.76 sec
>F 1146 cores checked in 0.55 sec
>A genbg n=4+17 e=29:29 d=4:0 D=9:3  class=66/200
>Z 1121 graphs generated in 2.76 sec
>F 1121 cores checked in 0.53 sec
>A genbg n=4+17 e=29:29 d=4:0 D=9:3  class=67/200
>Z 1158 graphs generated in 2.78 sec
>F 1158 cores checked in 10.65 sec
>A genbg n=4+17 e=29:29 d=4:0 D=9:3  class=68/200
>Z 1157 graphs generated in 2.77 sec
>F 1157 cores checked in 0.55 sec
>A genbg n=4+17 e=29:29 d=4:0 D=9:3  class=69/200
>Z 1097 graphs generated in 2.76 sec
>F 1097 cores checked in 73.37 sec
>A genbg n=4+17 e=29:29 d=4:0 D=9:3  class=70/200
>Z 1179 graphs generated in 2.77 sec
>F 1179 cores checked in 59.78 sec
>A genbg n=4+17 e=29:29 d=4:0 D=9:3  class=71/200
>Z 1017 graphs generated in 2.74 sec
>F 1017 cores checked in 384.98 sec
>A genbg n=4+17 e=29:29 d=4:0 D=9:3  class=72/200
>Z 1101 graphs generated in 2.74 sec
>F 1101 cores checked in 65.31 sec
>A genbg n=4+17 e=29:29 d=4:0 D=9:3  class=73/200
>Z 1143 graphs generated in 2.76 sec
>F 1143 cores checked in 40.05 sec
>A genbg n=4+17 e=29:29 d=4:0 D=9:3  class=74/200
>Z 1129 graphs generated in 2.76 sec
>F 1129 cores checked in 0.53 sec
>A genbg n=4+17 e=29:29 d=4:0 D=9:3  class=75/200
>Z 1107 graphs generated in 2.77 sec
>F 1107 cores checked in 0.53 sec
>A genbg n=4+17 e=29:29 d=4:0 D=9:3  class=76/200
>Z 1092 graphs generated in 2.75 sec
>F 1092 cores checked in 0.52 sec
>A genbg n=4+17 e=29:29 d=4:0 D=9:3  class=77/200
>Z 1071 graphs generated in 2.75 sec
>F 1071 cores checked in 0.51 sec
>A genbg n=4+17 e=29:29 d=4:0 D=9:3  class=78/200
>Z 1199 graphs generated in 2.73 sec
>F 1199 cores checked in 0.58 sec
>A genbg n=4+17 e=29:29 d=4:0 D=9:3  class=79/200
>Z 1172 graphs generated in 2.76 sec
>F 1172 cores checked in 0.55 sec
>A genbg n=4+17 e=29:29 d=4:0 D=9:3  class=80/200
>Z 1200 graphs generated in 2.77 sec
>F 1200 cores checked in 0.58 sec
>A genbg n=4+17 e=29:29 d=4:0 D=9:3  class=81/200
>Z 1068 graphs generated in 2.77 sec
>F 1068 cores checked in 8.94 sec
>A genbg n=4+17 e=29:29 d=4:0 D=9:3  class=82/200
>Z 1049 graphs generated in 2.75 sec
>F 1049 cores checked in 0.52 sec
>A genbg n=4+17 e=29:29 d=4:0 D=9:3  class=83/200
>Z 1160 graphs generated in 2.76 sec
>F 1160 cores checked in 46.18 sec
>A genbg n=4+17 e=29:29 d=4:0 D=9:3  class=84/200
>Z 1129 graphs generated in 2.76 sec
>F 1129 cores checked in 124.03 sec
>A genbg n=4+17 e=29:29 d=4:0 D=9:3  class=85/200
>Z 1150 graphs generated in 2.76 sec
>F 1150 cores checked in 23.51 sec
>A genbg n=4+17 e=29:29 d=4:0 D=9:3  class=86/200
>Z 998 graphs generated in 2.70 sec
>F 998 cores checked in 0.47 sec
>A genbg n=4+17 e=29:29 d=4:0 D=9:3  class=87/200
>Z 1056 graphs generated in 2.70 sec
>F 1056 cores checked in 258.93 sec
>A genbg n=4+17 e=29:29 d=4:0 D=9:3  class=88/200
>Z 1125 graphs generated in 2.77 sec
>F 1125 cores checked in 806.42 sec
>A genbg n=4+17 e=29:29 d=4:0 D=9:3  class=89/200
>Z 1122 graphs generated in 2.76 sec
>F 1122 cores checked in 16.66 sec
>A genbg n=4+17 e=29:29 d=4:0 D=9:3  class=90/200
>Z 1098 graphs generated in 2.76 sec
>F 1098 cores checked in 0.52 sec
>A genbg n=4+17 e=29:29 d=4:0 D=9:3  class=91/200
>Z 976 graphs generated in 2.76 sec
>F 976 cores checked in 172.42 sec
>A genbg n=4+17 e=29:29 d=4:0 D=9:3  class=92/200
>Z 1244 graphs generated in 2.77 sec
>F 1244 cores checked in 0.58 sec
>A genbg n=4+17 e=29:29 d=4:0 D=9:3  class=93/200
>Z 1063 graphs generated in 2.76 sec
>F 1063 cores checked in 142.31 sec
>A genbg n=4+17 e=29:29 d=4:0 D=9:3  class=94/200
>Z 1105 graphs generated in 2.73 sec
>F 1105 cores checked in 75.63 sec
>A genbg n=4+17 e=29:29 d=4:0 D=9:3  class=95/200
>Z 1241 graphs generated in 2.76 sec
>F 1241 cores checked in 0.58 sec
>A genbg n=4+17 e=29:29 d=4:0 D=9:3  class=96/200
>Z 1237 graphs generated in 2.77 sec
>F 1237 cores checked in 640.76 sec
>A genbg n=4+17 e=29:29 d=4:0 D=9:3  class=97/200
>Z 1186 graphs generated in 2.73 sec
>F 1186 cores checked in 1422.83 sec
>A genbg n=4+17 e=29:29 d=4:0 D=9:3  class=98/200
>Z 1164 graphs generated in 2.75 sec
>F 1164 cores checked in 420.02 sec
>A genbg n=4+17 e=29:29 d=4:0 D=9:3  class=99/200
>Z 1082 graphs generated in 2.77 sec
>F 1082 cores checked in 324.54 sec
>A genbg n=4+17 e=29:29 d=4:0 D=9:3  class=100/200
>Z 1138 graphs generated in 2.76 sec
>F 1138 cores checked in 0.54 sec
>A genbg n=4+17 e=29:29 d=4:0 D=9:3  class=101/200
>Z 1186 graphs generated in 2.79 sec
>F 1186 cores checked in 0.57 sec
>A genbg n=4+17 e=29:29 d=4:0 D=9:3  class=102/200
>Z 1130 graphs generated in 2.75 sec
>F 1130 cores checked in 30.52 sec
>A genbg n=4+17 e=29:29 d=4:0 D=9:3  class=103/200
>Z 1075 graphs generated in 2.78 sec
>F 1075 cores checked in 268.44 sec
>A genbg n=4+17 e=29:29 d=4:0 D=9:3  class=104/200
>Z 1165 graphs generated in 2.78 sec
>F 1165 cores checked in 80.02 sec
>A genbg n=4+17 e=29:29 d=4:0 D=9:3  class=105/200
>Z 1099 graphs generated in 2.70 sec
>F 1099 cores checked in 248.15 sec
>A genbg n=4+17 e=29:29 d=4:0 D=9:3  class=106/200
>Z 1071 graphs generated in 2.76 sec
>F 1071 cores checked in 250.37 sec
>A genbg n=4+17 e=29:29 d=4:0 D=9:3  class=107/200
>Z 1180 graphs generated in 2.77 sec
>F 1180 cores checked in 564.01 sec
>A genbg n=4+17 e=29:29 d=4:0 D=9:3  class=108/200
>Z 1252 graphs generated in 2.73 sec
>F 1252 cores checked in 48.80 sec
>A genbg n=4+17 e=29:29 d=4:0 D=9:3  class=109/200
>Z 1129 graphs generated in 2.78 sec
>F 1129 cores checked in 0.54 sec
>A genbg n=4+17 e=29:29 d=4:0 D=9:3  class=110/200
>Z 1115 graphs generated in 2.75 sec
>F 1115 cores checked in 32.26 sec
>A genbg n=4+17 e=29:29 d=4:0 D=9:3  class=111/200
>Z 1180 graphs generated in 2.77 sec
>F 1180 cores checked in 32.36 sec
>A genbg n=4+17 e=29:29 d=4:0 D=9:3  class=112/200
>Z 1144 graphs generated in 2.77 sec
>F 1144 cores checked in 1055.82 sec
>A genbg n=4+17 e=29:29 d=4:0 D=9:3  class=113/200
>Z 1175 graphs generated in 2.77 sec
>F 1175 cores checked in 2206.54 sec
>A genbg n=4+17 e=29:29 d=4:0 D=9:3  class=114/200
>Z 1274 graphs generated in 2.84 sec
>F 1274 cores checked in 8.70 sec
>A genbg n=4+17 e=29:29 d=4:0 D=9:3  class=115/200
>Z 1214 graphs generated in 2.71 sec
>F 1214 cores checked in 0.58 sec
>A genbg n=4+17 e=29:29 d=4:0 D=9:3  class=116/200
>Z 1214 graphs generated in 2.77 sec
>F 1214 cores checked in 15.58 sec
>A genbg n=4+17 e=29:29 d=4:0 D=9:3  class=117/200
>Z 1073 graphs generated in 2.76 sec
>F 1073 cores checked in 0.51 sec
>A genbg n=4+17 e=29:29 d=4:0 D=9:3  class=118/200
>Z 1114 graphs generated in 2.77 sec
>F 1114 cores checked in 0.54 sec
>A genbg n=4+17 e=29:29 d=4:0 D=9:3  class=119/200
>Z 1131 graphs generated in 2.77 sec
>F 1131 cores checked in 130.60 sec
>A genbg n=4+17 e=29:29 d=4:0 D=9:3  class=120/200
>Z 1220 graphs generated in 2.76 sec
>F 1220 cores checked in 1021.22 sec
>A genbg n=4+17 e=29:29 d=4:0 D=9:3  class=121/200
>Z 1122 graphs generated in 2.78 sec
>F 1122 cores checked in 0.53 sec
>A genbg n=4+17 e=29:29 d=4:0 D=9:3  class=122/200
>Z 1192 graphs generated in 2.77 sec
>F 1192 cores checked in 150.96 sec
>A genbg n=4+17 e=29:29 d=4:0 D=9:3  class=123/200
>Z 1060 graphs generated in 2.77 sec
>F 1060 cores checked in 666.03 sec
>A genbg n=4+17 e=29:29 d=4:0 D=9:3  class=124/200
>Z 1172 graphs generated in 2.78 sec
>F 1172 cores checked in 0.56 sec
>A genbg n=4+17 e=29:29 d=4:0 D=9:3  class=125/200
>Z 1134 graphs generated in 2.77 sec
>F 1134 cores checked in 0.53 sec
>A genbg n=4+17 e=29:29 d=4:0 D=9:3  class=126/200
>Z 1190 graphs generated in 2.78 sec
>F 1190 cores checked in 0.57 sec
>A genbg n=4+17 e=29:29 d=4:0 D=9:3  class=127/200
>Z 1117 graphs generated in 2.77 sec
>F 1117 cores checked in 0.52 sec
>A genbg n=4+17 e=29:29 d=4:0 D=9:3  class=128/200
>Z 1188 graphs generated in 2.78 sec
>F 1188 cores checked in 577.38 sec
>A genbg n=4+17 e=29:29 d=4:0 D=9:3  class=129/200
>Z 1106 graphs generated in 2.77 sec
>F 1106 cores checked in 0.53 sec
>A genbg n=4+17 e=29:29 d=4:0 D=9:3  class=130/200
>Z 1168 graphs generated in 2.75 sec
>F 1168 cores checked in 0.56 sec
>A genbg n=4+17 e=29:29 d=4:0 D=9:3  class=131/200
>Z 1061 graphs generated in 2.78 sec
>F 1061 cores checked in 0.51 sec
>A genbg n=4+17 e=29:29 d=4:0 D=9:3  class=132/200
>Z 1145 graphs generated in 2.76 sec
>F 1145 cores checked in 0.55 sec
>A genbg n=4+17 e=29:29 d=4:0 D=9:3  class=133/200
>Z 1084 graphs generated in 2.76 sec
>F 1084 cores checked in 0.53 sec
>A genbg n=4+17 e=29:29 d=4:0 D=9:3  class=134/200
>Z 1072 graphs generated in 2.76 sec
>F 1072 cores checked in 0.51 sec
>A genbg n=4+17 e=29:29 d=4:0 D=9:3  class=135/200
>Z 1046 graphs generated in 2.73 sec
>F 1046 cores checked in 192.22 sec
>A genbg n=4+17 e=29:29 d=4:0 D=9:3  class=136/200
>Z 1105 graphs generated in 2.77 sec
>F 1105 cores checked in 0.53 sec
>A genbg n=4+17 e=29:29 d=4:0 D=9:3  class=137/200
>Z 1039 graphs generated in 2.76 sec
>F 1039 cores checked in 0.50 sec
>A genbg n=4+17 e=29:29 d=4:0 D=9:3  class=138/200
>Z 1101 graphs generated in 2.78 sec
>F 1101 cores checked in 0.53 sec
>A genbg n=4+17 e=29:29 d=4:0 D=9:3  class=139/200
>Z 1079 graphs generated in 2.77 sec
>F 1079 cores checked in 83.30 sec
>A genbg n=4+17 e=29:29 d=4:0 D=9:3  class=140/200
>Z 1155 graphs generated in 2.77 sec
>F 1155 cores checked in 0.55 sec
>A genbg n=4+17 e=29:29 d=4:0 D=9:3  class=141/200
>Z 1128 graphs generated in 2.77 sec
>F 1128 cores checked in 0.53 sec
>A genbg n=4+17 e=29:29 d=4:0 D=9:3  class=142/200
>Z 1073 graphs generated in 2.77 sec
>F 1073 cores checked in 24.46 sec
>A genbg n=4+17 e=29:29 d=4:0 D=9:3  class=143/200
>Z 1130 graphs generated in 2.77 sec
>F 1130 cores checked in 0.54 sec
>A genbg n=4+17 e=29:29 d=4:0 D=9:3  class=144/200
>Z 1140 graphs generated in 2.78 sec
>F 1140 cores checked in 0.55 sec
>A genbg n=4+17 e=29:29 d=4:0 D=9:3  class=145/200
>Z 1191 graphs generated in 2.77 sec
>F 1191 cores checked in 0.56 sec
>A genbg n=4+17 e=29:29 d=4:0 D=9:3  class=146/200
>Z 1162 graphs generated in 2.78 sec
>F 1162 cores checked in 0.54 sec
>A genbg n=4+17 e=29:29 d=4:0 D=9:3  class=147/200
>Z 1047 graphs generated in 2.76 sec
>F 1047 cores checked in 0.49 sec
>A genbg n=4+17 e=29:29 d=4:0 D=9:3  class=148/200
>Z 1127 graphs generated in 2.76 sec
>F 1127 cores checked in 220.99 sec
>A genbg n=4+17 e=29:29 d=4:0 D=9:3  class=149/200
>Z 1170 graphs generated in 2.77 sec
>F 1170 cores checked in 32.04 sec
>A genbg n=4+17 e=29:29 d=4:0 D=9:3  class=150/200
>Z 1119 graphs generated in 2.75 sec
>F 1119 cores checked in 0.53 sec
>A genbg n=4+17 e=29:29 d=4:0 D=9:3  class=151/200
>Z 1146 graphs generated in 2.77 sec
>F 1146 cores checked in 0.54 sec
>A genbg n=4+17 e=29:29 d=4:0 D=9:3  class=152/200
>Z 1194 graphs generated in 2.76 sec
>F 1194 cores checked in 1339.11 sec
>A genbg n=4+17 e=29:29 d=4:0 D=9:3  class=153/200
>Z 1095 graphs generated in 2.77 sec
>F 1095 cores checked in 0.52 sec
>A genbg n=4+17 e=29:29 d=4:0 D=9:3  class=154/200
>Z 1266 graphs generated in 2.78 sec
>F 1266 cores checked in 17.77 sec
>A genbg n=4+17 e=29:29 d=4:0 D=9:3  class=155/200
>Z 1126 graphs generated in 2.79 sec
>F 1126 cores checked in 332.00 sec
>A genbg n=4+17 e=29:29 d=4:0 D=9:3  class=156/200
>Z 1244 graphs generated in 2.80 sec
>F 1244 cores checked in 0.59 sec
>A genbg n=4+17 e=29:29 d=4:0 D=9:3  class=157/200
>Z 1181 graphs generated in 2.77 sec
>F 1181 cores checked in 0.56 sec
>A genbg n=4+17 e=29:29 d=4:0 D=9:3  class=158/200
>Z 1137 graphs generated in 2.77 sec
>F 1137 cores checked in 0.54 sec
>A genbg n=4+17 e=29:29 d=4:0 D=9:3  class=159/200
>Z 1017 graphs generated in 2.75 sec
>F 1017 cores checked in 60.87 sec
>A genbg n=4+17 e=29:29 d=4:0 D=9:3  class=160/200
>Z 1089 graphs generated in 2.72 sec
>F 1089 cores checked in 400.26 sec
>A genbg n=4+17 e=29:29 d=4:0 D=9:3  class=161/200
>Z 1162 graphs generated in 2.78 sec
>F 1162 cores checked in 61.83 sec
>A genbg n=4+17 e=29:29 d=4:0 D=9:3  class=162/200
>Z 1139 graphs generated in 2.75 sec
>F 1139 cores checked in 0.55 sec
>A genbg n=4+17 e=29:29 d=4:0 D=9:3  class=163/200
>Z 1114 graphs generated in 2.78 sec
>F 1114 cores checked in 16.70 sec
>A genbg n=4+17 e=29:29 d=4:0 D=9:3  class=164/200
>Z 1098 graphs generated in 2.77 sec
>F 1098 cores checked in 0.51 sec
>A genbg n=4+17 e=29:29 d=4:0 D=9:3  class=165/200
>Z 1048 graphs generated in 2.72 sec
>F 1048 cores checked in 34.72 sec
>A genbg n=4+17 e=29:29 d=4:0 D=9:3  class=166/200
>Z 1084 graphs generated in 2.77 sec
>F 1084 cores checked in 108.71 sec
>A genbg n=4+17 e=29:29 d=4:0 D=9:3  class=167/200
>Z 1150 graphs generated in 2.75 sec
>F 1150 cores checked in 25.43 sec
>A genbg n=4+17 e=29:29 d=4:0 D=9:3  class=168/200
>Z 1159 graphs generated in 2.77 sec
>F 1159 cores checked in 18.27 sec
>A genbg n=4+17 e=29:29 d=4:0 D=9:3  class=169/200
>Z 1230 graphs generated in 2.77 sec
>F 1230 cores checked in 0.60 sec
>A genbg n=4+17 e=29:29 d=4:0 D=9:3  class=170/200
>Z 1187 graphs generated in 2.73 sec
>F 1187 cores checked in 0.57 sec
>A genbg n=4+17 e=29:29 d=4:0 D=9:3  class=171/200
>Z 1110 graphs generated in 2.77 sec
>F 1110 cores checked in 531.43 sec
>A genbg n=4+17 e=29:29 d=4:0 D=9:3  class=172/200
>Z 1180 graphs generated in 2.78 sec
>F 1180 cores checked in 52.22 sec
>A genbg n=4+17 e=29:29 d=4:0 D=9:3  class=173/200
>Z 1134 graphs generated in 2.75 sec
>F 1134 cores checked in 246.93 sec
>A genbg n=4+17 e=29:29 d=4:0 D=9:3  class=174/200
>Z 1172 graphs generated in 2.69 sec
>F 1172 cores checked in 63.75 sec
>A genbg n=4+17 e=29:29 d=4:0 D=9:3  class=175/200
>Z 1196 graphs generated in 2.78 sec
>F 1196 cores checked in 0.58 sec
>A genbg n=4+17 e=29:29 d=4:0 D=9:3  class=176/200
>Z 1062 graphs generated in 2.66 sec
>F 1062 cores checked in 0.51 sec
>A genbg n=4+17 e=29:29 d=4:0 D=9:3  class=177/200
>Z 994 graphs generated in 2.82 sec
>F 994 cores checked in 735.32 sec
>A genbg n=4+17 e=29:29 d=4:0 D=9:3  class=178/200
>Z 1068 graphs generated in 2.77 sec
>F 1068 cores checked in 287.92 sec
>A genbg n=4+17 e=29:29 d=4:0 D=9:3  class=179/200
>Z 1072 graphs generated in 2.76 sec
>F 1072 cores checked in 0.50 sec
>A genbg n=4+17 e=29:29 d=4:0 D=9:3  class=180/200
>Z 1157 graphs generated in 2.79 sec
>F 1157 cores checked in 2970.01 sec
>A genbg n=4+17 e=29:29 d=4:0 D=9:3  class=181/200
>Z 1106 graphs generated in 2.77 sec
>F 1106 cores checked in 2590.11 sec
>A genbg n=4+17 e=29:29 d=4:0 D=9:3  class=182/200
>Z 1193 graphs generated in 2.77 sec
>F 1193 cores checked in 0.57 sec
>A genbg n=4+17 e=29:29 d=4:0 D=9:3  class=183/200
>Z 1064 graphs generated in 2.76 sec
>F 1064 cores checked in 0.52 sec
>A genbg n=4+17 e=29:29 d=4:0 D=9:3  class=184/200
>Z 1081 graphs generated in 2.76 sec
>F 1081 cores checked in 0.50 sec
>A genbg n=4+17 e=29:29 d=4:0 D=9:3  class=185/200
>Z 1107 graphs generated in 2.77 sec
>F 1107 cores checked in 0.52 sec
>A genbg n=4+17 e=29:29 d=4:0 D=9:3  class=186/200
>Z 1184 graphs generated in 2.79 sec
>F 1184 cores checked in 0.56 sec
>A genbg n=4+17 e=29:29 d=4:0 D=9:3  class=187/200
>Z 1249 graphs generated in 2.76 sec
>F 1249 cores checked in 25.49 sec
>A genbg n=4+17 e=29:29 d=4:0 D=9:3  class=188/200
>Z 1182 graphs generated in 2.70 sec
>F 1182 cores checked in 0.55 sec
>A genbg n=4+17 e=29:29 d=4:0 D=9:3  class=189/200
>Z 1119 graphs generated in 2.76 sec
>F 1119 cores checked in 0.52 sec
>A genbg n=4+17 e=29:29 d=4:0 D=9:3  class=190/200
>Z 1139 graphs generated in 2.73 sec
>F 1139 cores checked in 0.54 sec
>A genbg n=4+17 e=29:29 d=4:0 D=9:3  class=191/200
>Z 1151 graphs generated in 2.76 sec
>F 1151 cores checked in 0.55 sec
>A genbg n=4+17 e=29:29 d=4:0 D=9:3  class=192/200
>Z 1211 graphs generated in 2.76 sec
>F 1211 cores checked in 0.56 sec
>A genbg n=4+17 e=29:29 d=4:0 D=9:3  class=193/200
>Z 1173 graphs generated in 2.76 sec
>F 1173 cores checked in 0.55 sec
>A genbg n=4+17 e=29:29 d=4:0 D=9:3  class=194/200
>Z 1095 graphs generated in 2.65 sec
>F 1095 cores checked in 0.51 sec
>A genbg n=4+17 e=29:29 d=4:0 D=9:3  class=195/200
>Z 1177 graphs generated in 2.75 sec
>F 1177 cores checked in 0.56 sec
>A genbg n=4+17 e=29:29 d=4:0 D=9:3  class=196/200
>Z 1100 graphs generated in 2.71 sec
>F 1100 cores checked in 0.51 sec
>A genbg n=4+17 e=29:29 d=4:0 D=9:3  class=197/200
>Z 1106 graphs generated in 2.57 sec
>F 1106 cores checked in 0.52 sec
>A genbg n=4+17 e=29:29 d=4:0 D=9:3  class=198/200
>Z 1135 graphs generated in 2.76 sec
>F 1135 cores checked in 0.54 sec
>A genbg n=4+17 e=29:29 d=4:0 D=9:3  class=199/200
>Z 1107 graphs generated in 2.73 sec
>F 1107 cores checked in 0.52 sec



=== Total number of graphs generated: 227042
=== Total number of graphs checked: 227042
=== Total time for generation: 551.59 seconds
=== Total time for checking: 28474.87 seconds
=== Total number of exceptional graphs: 0

