=== Log file for genbg_-d4:0_-D7:3_4_17_25:25



>A genbg n=4+17 e=25:25 d=4:0 D=7:3  class=0/200
>Z 163 graphs generated in 0.95 sec
>F 163 cores checked in 33622.73 sec
>A genbg n=4+17 e=25:25 d=4:0 D=7:3  class=1/200
>Z 177 graphs generated in 0.95 sec
>F 177 cores checked in 63411.36 sec
>A genbg n=4+17 e=25:25 d=4:0 D=7:3  class=2/200
>Z 143 graphs generated in 0.94 sec
>F 143 cores checked in 16072.57 sec
>A genbg n=4+17 e=25:25 d=4:0 D=7:3  class=3/200
>Z 110 graphs generated in 0.94 sec
>F 110 cores checked in 31975.87 sec
>A genbg n=4+17 e=25:25 d=4:0 D=7:3  class=4/200
>Z 123 graphs generated in 0.96 sec
>F 123 cores checked in 2660.00 sec
>A genbg n=4+17 e=25:25 d=4:0 D=7:3  class=5/200
>Z 173 graphs generated in 0.94 sec
>F 173 cores checked in 50255.28 sec
>A genbg n=4+17 e=25:25 d=4:0 D=7:3  class=6/200
>Z 149 graphs generated in 0.97 sec
>F 149 cores checked in 17612.74 sec
>A genbg n=4+17 e=25:25 d=4:0 D=7:3  class=7/200
>Z 126 graphs generated in 0.94 sec
>F 126 cores checked in 54401.56 sec
>A genbg n=4+17 e=25:25 d=4:0 D=7:3  class=8/200
>Z 135 graphs generated in 0.93 sec
>F 135 cores checked in 45108.64 sec
>A genbg n=4+17 e=25:25 d=4:0 D=7:3  class=9/200
>Z 162 graphs generated in 0.95 sec
>F 162 cores checked in 99203.59 sec
>A genbg n=4+17 e=25:25 d=4:0 D=7:3  class=10/200
>Z 174 graphs generated in 0.95 sec
>F 174 cores checked in 9090.33 sec
>A genbg n=4+17 e=25:25 d=4:0 D=7:3  class=11/200
>Z 189 graphs generated in 0.98 sec
>F 189 cores checked in 4937.71 sec
>A genbg n=4+17 e=25:25 d=4:0 D=7:3  class=12/200
>Z 162 graphs generated in 0.94 sec
>F 162 cores checked in 24192.86 sec
>A genbg n=4+17 e=25:25 d=4:0 D=7:3  class=13/200
>Z 153 graphs generated in 0.94 sec
>F 153 cores checked in 17831.38 sec
>A genbg n=4+17 e=25:25 d=4:0 D=7:3  class=14/200
>Z 145 graphs generated in 0.95 sec
>F 145 cores checked in 58756.74 sec
>A genbg n=4+17 e=25:25 d=4:0 D=7:3  class=15/200
>Z 166 graphs generated in 0.94 sec
>F 166 cores checked in 30457.88 sec
>A genbg n=4+17 e=25:25 d=4:0 D=7:3  class=16/200
>Z 146 graphs generated in 0.71 sec
>F 146 cores checked in 7219.80 sec
>A genbg n=4+17 e=25:25 d=4:0 D=7:3  class=17/200
>Z 157 graphs generated in 0.89 sec
>F 157 cores checked in 39130.08 sec
>A genbg n=4+17 e=25:25 d=4:0 D=7:3  class=18/200
>Z 163 graphs generated in 0.94 sec
>F 163 cores checked in 21305.76 sec
>A genbg n=4+17 e=25:25 d=4:0 D=7:3  class=19/200
>Z 185 graphs generated in 0.95 sec
>F 185 cores checked in 39877.03 sec
>A genbg n=4+17 e=25:25 d=4:0 D=7:3  class=20/200
>Z 145 graphs generated in 0.94 sec
>F 145 cores checked in 54174.64 sec
>A genbg n=4+17 e=25:25 d=4:0 D=7:3  class=21/200
>Z 158 graphs generated in 0.95 sec
>F 158 cores checked in 37154.23 sec
>A genbg n=4+17 e=25:25 d=4:0 D=7:3  class=22/200
>Z 177 graphs generated in 0.94 sec
>F 177 cores checked in 66386.05 sec
>A genbg n=4+17 e=25:25 d=4:0 D=7:3  class=23/200
>Z 167 graphs generated in 0.94 sec
>F 167 cores checked in 9898.22 sec
>A genbg n=4+17 e=25:25 d=4:0 D=7:3  class=24/200
>Z 163 graphs generated in 0.94 sec
>F 163 cores checked in 2476.58 sec
>A genbg n=4+17 e=25:25 d=4:0 D=7:3  class=25/200
>Z 165 graphs generated in 0.95 sec
>F 165 cores checked in 3632.50 sec
>A genbg n=4+17 e=25:25 d=4:0 D=7:3  class=26/200
>Z 177 graphs generated in 0.95 sec
>F 177 cores checked in 4182.63 sec
>A genbg n=4+17 e=25:25 d=4:0 D=7:3  class=27/200
>Z 176 graphs generated in 0.96 sec
>F 176 cores checked in 6127.13 sec
>A genbg n=4+17 e=25:25 d=4:0 D=7:3  class=28/200
>Z 120 graphs generated in 0.94 sec
>F 120 cores checked in 18628.71 sec
>A genbg n=4+17 e=25:25 d=4:0 D=7:3  class=29/200
>Z 161 graphs generated in 0.94 sec
>F 161 cores checked in 2344.38 sec
>A genbg n=4+17 e=25:25 d=4:0 D=7:3  class=30/200
>Z 136 graphs generated in 0.95 sec
>F 136 cores checked in 46289.85 sec
>A genbg n=4+17 e=25:25 d=4:0 D=7:3  class=31/200
>Z 190 graphs generated in 0.94 sec
>F 190 cores checked in 15389.86 sec
>A genbg n=4+17 e=25:25 d=4:0 D=7:3  class=32/200
>Z 145 graphs generated in 0.95 sec
>F 145 cores checked in 38200.89 sec
>A genbg n=4+17 e=25:25 d=4:0 D=7:3  class=33/200
>Z 174 graphs generated in 0.95 sec
>F 174 cores checked in 9238.56 sec
>A genbg n=4+17 e=25:25 d=4:0 D=7:3  class=34/200
>Z 162 graphs generated in 0.94 sec
>F 162 cores checked in 80876.18 sec
>A genbg n=4+17 e=25:25 d=4:0 D=7:3  class=35/200
>Z 185 graphs generated in 0.94 sec
>F 185 cores checked in 43768.91 sec
>A genbg n=4+17 e=25:25 d=4:0 D=7:3  class=36/200
>Z 193 graphs generated in 0.94 sec
>F 193 cores checked in 62800.24 sec
>A genbg n=4+17 e=25:25 d=4:0 D=7:3  class=37/200
>Z 207 graphs generated in 0.94 sec
>F 207 cores checked in 30847.25 sec
>A genbg n=4+17 e=25:25 d=4:0 D=7:3  class=38/200
>Z 190 graphs generated in 0.95 sec
>F 190 cores checked in 6958.41 sec
>A genbg n=4+17 e=25:25 d=4:0 D=7:3  class=39/200
>Z 187 graphs generated in 0.94 sec
>F 187 cores checked in 89784.87 sec
>A genbg n=4+17 e=25:25 d=4:0 D=7:3  class=40/200
>Z 203 graphs generated in 0.93 sec
>F 203 cores checked in 108324.66 sec
>A genbg n=4+17 e=25:25 d=4:0 D=7:3  class=41/200
>Z 175 graphs generated in 0.94 sec
>F 175 cores checked in 37912.26 sec
>A genbg n=4+17 e=25:25 d=4:0 D=7:3  class=42/200
>Z 175 graphs generated in 0.95 sec
>F 175 cores checked in 61178.67 sec
>A genbg n=4+17 e=25:25 d=4:0 D=7:3  class=43/200
>Z 188 graphs generated in 0.94 sec
>F 188 cores checked in 109719.00 sec
>A genbg n=4+17 e=25:25 d=4:0 D=7:3  class=44/200
>Z 211 graphs generated in 0.94 sec
>F 211 cores checked in 29999.19 sec
>A genbg n=4+17 e=25:25 d=4:0 D=7:3  class=45/200
>Z 162 graphs generated in 0.95 sec
>F 162 cores checked in 120693.55 sec
>A genbg n=4+17 e=25:25 d=4:0 D=7:3  class=46/200
>Z 160 graphs generated in 0.94 sec
>F 160 cores checked in 76402.27 sec
>A genbg n=4+17 e=25:25 d=4:0 D=7:3  class=47/200
>Z 169 graphs generated in 0.94 sec
>F 169 cores checked in 432285.08 sec
>A genbg n=4+17 e=25:25 d=4:0 D=7:3  class=48/200
>Z 152 graphs generated in 0.94 sec
>F 152 cores checked in 18170.58 sec
>A genbg n=4+17 e=25:25 d=4:0 D=7:3  class=49/200
>Z 189 graphs generated in 0.94 sec
>F 189 cores checked in 56918.07 sec
>A genbg n=4+17 e=25:25 d=4:0 D=7:3  class=50/200
>Z 192 graphs generated in 0.94 sec
>F 192 cores checked in 186403.88 sec
>A genbg n=4+17 e=25:25 d=4:0 D=7:3  class=51/200
>Z 181 graphs generated in 0.95 sec
>F 181 cores checked in 170324.71 sec
>A genbg n=4+17 e=25:25 d=4:0 D=7:3  class=52/200
>Z 185 graphs generated in 0.94 sec
>F 185 cores checked in 25507.29 sec
>A genbg n=4+17 e=25:25 d=4:0 D=7:3  class=53/200
>Z 193 graphs generated in 0.90 sec
>F 193 cores checked in 33387.57 sec
>A genbg n=4+17 e=25:25 d=4:0 D=7:3  class=54/200
>Z 160 graphs generated in 0.94 sec
>F 160 cores checked in 52397.48 sec
>A genbg n=4+17 e=25:25 d=4:0 D=7:3  class=55/200
>Z 157 graphs generated in 0.95 sec
>F 157 cores checked in 35531.17 sec
>A genbg n=4+17 e=25:25 d=4:0 D=7:3  class=56/200
>Z 214 graphs generated in 0.94 sec
>F 214 cores checked in 16354.26 sec
>A genbg n=4+17 e=25:25 d=4:0 D=7:3  class=57/200
>Z 160 graphs generated in 0.94 sec
>F 160 cores checked in 38926.52 sec
>A genbg n=4+17 e=25:25 d=4:0 D=7:3  class=58/200
>Z 210 graphs generated in 0.94 sec
>F 210 cores checked in 22231.11 sec
>A genbg n=4+17 e=25:25 d=4:0 D=7:3  class=59/200
>Z 144 graphs generated in 0.94 sec
>F 144 cores checked in 68206.10 sec
>A genbg n=4+17 e=25:25 d=4:0 D=7:3  class=60/200
>Z 139 graphs generated in 0.94 sec
>F 139 cores checked in 1439.35 sec
>A genbg n=4+17 e=25:25 d=4:0 D=7:3  class=61/200
>Z 141 graphs generated in 0.94 sec
>F 141 cores checked in 78580.66 sec
>A genbg n=4+17 e=25:25 d=4:0 D=7:3  class=62/200
>Z 130 graphs generated in 0.94 sec
>F 130 cores checked in 39009.45 sec
>A genbg n=4+17 e=25:25 d=4:0 D=7:3  class=63/200
>Z 138 graphs generated in 0.94 sec
>F 138 cores checked in 28698.43 sec
>A genbg n=4+17 e=25:25 d=4:0 D=7:3  class=64/200
>Z 147 graphs generated in 0.94 sec
>F 147 cores checked in 30915.34 sec
>A genbg n=4+17 e=25:25 d=4:0 D=7:3  class=65/200
>Z 166 graphs generated in 0.94 sec
>F 166 cores checked in 285874.94 sec
>A genbg n=4+17 e=25:25 d=4:0 D=7:3  class=66/200
>Z 138 graphs generated in 0.94 sec
>F 138 cores checked in 41597.75 sec
>A genbg n=4+17 e=25:25 d=4:0 D=7:3  class=67/200
>Z 135 graphs generated in 0.96 sec
>F 135 cores checked in 203256.32 sec
>A genbg n=4+17 e=25:25 d=4:0 D=7:3  class=68/200
>Z 143 graphs generated in 0.95 sec
>F 143 cores checked in 7016.36 sec
>A genbg n=4+17 e=25:25 d=4:0 D=7:3  class=69/200
>Z 147 graphs generated in 0.95 sec
>F 147 cores checked in 54304.09 sec
>A genbg n=4+17 e=25:25 d=4:0 D=7:3  class=70/200
>Z 174 graphs generated in 0.95 sec
>F 174 cores checked in 65803.49 sec
>A genbg n=4+17 e=25:25 d=4:0 D=7:3  class=71/200
>Z 150 graphs generated in 0.95 sec
>F 150 cores checked in 54040.20 sec
>A genbg n=4+17 e=25:25 d=4:0 D=7:3  class=72/200
>Z 160 graphs generated in 0.94 sec
>F 160 cores checked in 180.11 sec
>A genbg n=4+17 e=25:25 d=4:0 D=7:3  class=73/200
>Z 154 graphs generated in 0.94 sec
>F 154 cores checked in 16961.93 sec
>A genbg n=4+17 e=25:25 d=4:0 D=7:3  class=74/200
>Z 153 graphs generated in 0.94 sec
>F 153 cores checked in 1188.96 sec
>A genbg n=4+17 e=25:25 d=4:0 D=7:3  class=75/200
>Z 152 graphs generated in 0.95 sec
>F 152 cores checked in 12985.97 sec
>A genbg n=4+17 e=25:25 d=4:0 D=7:3  class=76/200
>Z 145 graphs generated in 0.94 sec
>F 145 cores checked in 26827.09 sec
>A genbg n=4+17 e=25:25 d=4:0 D=7:3  class=77/200
>Z 145 graphs generated in 0.95 sec
>F 145 cores checked in 29790.36 sec
>A genbg n=4+17 e=25:25 d=4:0 D=7:3  class=78/200
>Z 140 graphs generated in 0.95 sec
>F 140 cores checked in 1086.09 sec
>A genbg n=4+17 e=25:25 d=4:0 D=7:3  class=79/200
>Z 174 graphs generated in 0.94 sec
>F 174 cores checked in 2898.98 sec
>A genbg n=4+17 e=25:25 d=4:0 D=7:3  class=80/200
>Z 145 graphs generated in 0.95 sec
>F 145 cores checked in 29585.03 sec
>A genbg n=4+17 e=25:25 d=4:0 D=7:3  class=81/200
>Z 164 graphs generated in 0.94 sec
>F 164 cores checked in 346546.75 sec
>A genbg n=4+17 e=25:25 d=4:0 D=7:3  class=82/200
>Z 173 graphs generated in 0.94 sec
>F 173 cores checked in 149886.85 sec
>A genbg n=4+17 e=25:25 d=4:0 D=7:3  class=83/200
>Z 175 graphs generated in 0.95 sec
>F 175 cores checked in 64643.76 sec
>A genbg n=4+17 e=25:25 d=4:0 D=7:3  class=84/200
>Z 152 graphs generated in 0.94 sec
>F 152 cores checked in 120403.13 sec
>A genbg n=4+17 e=25:25 d=4:0 D=7:3  class=85/200
>Z 117 graphs generated in 0.94 sec
>F 117 cores checked in 14698.27 sec
>A genbg n=4+17 e=25:25 d=4:0 D=7:3  class=86/200
>Z 151 graphs generated in 0.94 sec
>F 151 cores checked in 8428.96 sec
>A genbg n=4+17 e=25:25 d=4:0 D=7:3  class=87/200
>Z 163 graphs generated in 0.94 sec
>F 163 cores checked in 18606.26 sec
>A genbg n=4+17 e=25:25 d=4:0 D=7:3  class=88/200
>Z 138 graphs generated in 0.94 sec
>F 138 cores checked in 46273.50 sec
>A genbg n=4+17 e=25:25 d=4:0 D=7:3  class=89/200
>Z 194 graphs generated in 0.94 sec
>F 194 cores checked in 94570.25 sec
>A genbg n=4+17 e=25:25 d=4:0 D=7:3  class=90/200
>Z 186 graphs generated in 0.94 sec
>F 186 cores checked in 886.90 sec
>A genbg n=4+17 e=25:25 d=4:0 D=7:3  class=91/200
>Z 154 graphs generated in 0.94 sec
>F 154 cores checked in 5049.31 sec
>A genbg n=4+17 e=25:25 d=4:0 D=7:3  class=92/200
>Z 174 graphs generated in 0.94 sec
>F 174 cores checked in 51961.99 sec
>A genbg n=4+17 e=25:25 d=4:0 D=7:3  class=93/200
>Z 133 graphs generated in 0.95 sec
>F 133 cores checked in 56642.69 sec
>A genbg n=4+17 e=25:25 d=4:0 D=7:3  class=94/200
>Z 142 graphs generated in 0.95 sec
>F 142 cores checked in 33344.17 sec
>A genbg n=4+17 e=25:25 d=4:0 D=7:3  class=95/200
>Z 160 graphs generated in 0.94 sec
>F 160 cores checked in 9187.51 sec
>A genbg n=4+17 e=25:25 d=4:0 D=7:3  class=96/200
>Z 151 graphs generated in 0.94 sec
>F 151 cores checked in 5569.96 sec
>A genbg n=4+17 e=25:25 d=4:0 D=7:3  class=97/200
>Z 144 graphs generated in 0.94 sec
>F 144 cores checked in 104663.06 sec
>A genbg n=4+17 e=25:25 d=4:0 D=7:3  class=98/200
>Z 133 graphs generated in 0.94 sec
>F 133 cores checked in 30188.71 sec
>A genbg n=4+17 e=25:25 d=4:0 D=7:3  class=99/200
>Z 145 graphs generated in 0.75 sec
>F 145 cores checked in 0.08 sec
>A genbg n=4+17 e=25:25 d=4:0 D=7:3  class=100/200
>Z 183 graphs generated in 0.95 sec
>F 183 cores checked in 80761.21 sec
>A genbg n=4+17 e=25:25 d=4:0 D=7:3  class=101/200
>Z 139 graphs generated in 0.94 sec
>F 139 cores checked in 2702.43 sec
>A genbg n=4+17 e=25:25 d=4:0 D=7:3  class=102/200
>Z 157 graphs generated in 0.95 sec
>F 157 cores checked in 35047.45 sec
>A genbg n=4+17 e=25:25 d=4:0 D=7:3  class=103/200
>Z 141 graphs generated in 0.94 sec
>F 141 cores checked in 140578.09 sec
>A genbg n=4+17 e=25:25 d=4:0 D=7:3  class=104/200
>Z 167 graphs generated in 0.94 sec
>F 167 cores checked in 57752.43 sec
>A genbg n=4+17 e=25:25 d=4:0 D=7:3  class=105/200
>Z 184 graphs generated in 0.94 sec
>F 184 cores checked in 19272.82 sec
>A genbg n=4+17 e=25:25 d=4:0 D=7:3  class=106/200
>Z 187 graphs generated in 0.94 sec
>F 187 cores checked in 89320.96 sec
>A genbg n=4+17 e=25:25 d=4:0 D=7:3  class=107/200
>Z 165 graphs generated in 0.87 sec
>F 165 cores checked in 23721.72 sec
>A genbg n=4+17 e=25:25 d=4:0 D=7:3  class=108/200
>Z 124 graphs generated in 0.94 sec
>F 124 cores checked in 30929.94 sec
>A genbg n=4+17 e=25:25 d=4:0 D=7:3  class=109/200
>Z 167 graphs generated in 0.99 sec
>F 167 cores checked in 60219.95 sec
>A genbg n=4+17 e=25:25 d=4:0 D=7:3  class=110/200
>Z 182 graphs generated in 0.94 sec
>F 182 cores checked in 31620.46 sec
>A genbg n=4+17 e=25:25 d=4:0 D=7:3  class=111/200
>Z 132 graphs generated in 0.94 sec
>F 132 cores checked in 33591.48 sec
>A genbg n=4+17 e=25:25 d=4:0 D=7:3  class=112/200
>Z 150 graphs generated in 0.95 sec
>F 150 cores checked in 28838.22 sec
>A genbg n=4+17 e=25:25 d=4:0 D=7:3  class=113/200
>Z 145 graphs generated in 0.95 sec
>F 145 cores checked in 13878.43 sec
>A genbg n=4+17 e=25:25 d=4:0 D=7:3  class=114/200
>Z 114 graphs generated in 0.95 sec
>F 114 cores checked in 8872.09 sec
>A genbg n=4+17 e=25:25 d=4:0 D=7:3  class=115/200
>Z 146 graphs generated in 0.95 sec
>F 146 cores checked in 28526.21 sec
>A genbg n=4+17 e=25:25 d=4:0 D=7:3  class=116/200
>Z 179 graphs generated in 0.94 sec
>F 179 cores checked in 37205.38 sec
>A genbg n=4+17 e=25:25 d=4:0 D=7:3  class=117/200
>Z 156 graphs generated in 0.94 sec
>F 156 cores checked in 41064.35 sec
>A genbg n=4+17 e=25:25 d=4:0 D=7:3  class=118/200
>Z 144 graphs generated in 0.94 sec
>F 144 cores checked in 15057.84 sec
>A genbg n=4+17 e=25:25 d=4:0 D=7:3  class=119/200
>Z 173 graphs generated in 0.94 sec
>F 173 cores checked in 11287.55 sec
>A genbg n=4+17 e=25:25 d=4:0 D=7:3  class=120/200
>Z 159 graphs generated in 0.97 sec
>F 159 cores checked in 29398.94 sec
>A genbg n=4+17 e=25:25 d=4:0 D=7:3  class=121/200
>Z 160 graphs generated in 0.95 sec
>F 160 cores checked in 6866.93 sec
>A genbg n=4+17 e=25:25 d=4:0 D=7:3  class=122/200
>Z 163 graphs generated in 0.94 sec
>F 163 cores checked in 18548.01 sec
>A genbg n=4+17 e=25:25 d=4:0 D=7:3  class=123/200
>Z 160 graphs generated in 0.96 sec
>F 160 cores checked in 9631.87 sec
>A genbg n=4+17 e=25:25 d=4:0 D=7:3  class=124/200
>Z 152 graphs generated in 0.94 sec
>F 152 cores checked in 30826.82 sec
>A genbg n=4+17 e=25:25 d=4:0 D=7:3  class=125/200
>Z 132 graphs generated in 0.94 sec
>F 132 cores checked in 4910.81 sec
>A genbg n=4+17 e=25:25 d=4:0 D=7:3  class=126/200
>Z 121 graphs generated in 0.95 sec
>F 121 cores checked in 1918.13 sec
>A genbg n=4+17 e=25:25 d=4:0 D=7:3  class=127/200
>Z 188 graphs generated in 0.95 sec
>F 188 cores checked in 87417.46 sec
>A genbg n=4+17 e=25:25 d=4:0 D=7:3  class=128/200
>Z 148 graphs generated in 0.95 sec
>F 148 cores checked in 31584.79 sec
>A genbg n=4+17 e=25:25 d=4:0 D=7:3  class=129/200
>Z 153 graphs generated in 0.94 sec
>F 153 cores checked in 53778.80 sec
>A genbg n=4+17 e=25:25 d=4:0 D=7:3  class=130/200
>Z 165 graphs generated in 0.94 sec
>F 165 cores checked in 27818.39 sec
>A genbg n=4+17 e=25:25 d=4:0 D=7:3  class=131/200
>Z 164 graphs generated in 0.94 sec
>F 164 cores checked in 52152.76 sec
>A genbg n=4+17 e=25:25 d=4:0 D=7:3  class=132/200
>Z 181 graphs generated in 0.95 sec
>F 181 cores checked in 52206.22 sec
>A genbg n=4+17 e=25:25 d=4:0 D=7:3  class=133/200
>Z 218 graphs generated in 0.95 sec
>F 218 cores checked in 14902.53 sec
>A genbg n=4+17 e=25:25 d=4:0 D=7:3  class=134/200
>Z 145 graphs generated in 0.95 sec
>F 145 cores checked in 50749.16 sec
>A genbg n=4+17 e=25:25 d=4:0 D=7:3  class=135/200
>Z 144 graphs generated in 0.94 sec
>F 144 cores checked in 49040.27 sec
>A genbg n=4+17 e=25:25 d=4:0 D=7:3  class=136/200
>Z 139 graphs generated in 0.95 sec
>F 139 cores checked in 24310.46 sec
>A genbg n=4+17 e=25:25 d=4:0 D=7:3  class=137/200
>Z 177 graphs generated in 0.94 sec
>F 177 cores checked in 80461.33 sec
>A genbg n=4+17 e=25:25 d=4:0 D=7:3  class=138/200
>Z 139 graphs generated in 0.94 sec
>F 139 cores checked in 5065.37 sec
>A genbg n=4+17 e=25:25 d=4:0 D=7:3  class=139/200
>Z 172 graphs generated in 0.94 sec
>F 172 cores checked in 6534.06 sec
>A genbg n=4+17 e=25:25 d=4:0 D=7:3  class=140/200
>Z 122 graphs generated in 0.94 sec
>F 122 cores checked in 20422.70 sec
>A genbg n=4+17 e=25:25 d=4:0 D=7:3  class=141/200
>Z 182 graphs generated in 0.95 sec
>F 182 cores checked in 34133.48 sec
>A genbg n=4+17 e=25:25 d=4:0 D=7:3  class=142/200
>Z 145 graphs generated in 0.94 sec
>F 145 cores checked in 12884.39 sec
>A genbg n=4+17 e=25:25 d=4:0 D=7:3  class=143/200
>Z 166 graphs generated in 0.95 sec
>F 166 cores checked in 15393.07 sec
>A genbg n=4+17 e=25:25 d=4:0 D=7:3  class=144/200
>Z 175 graphs generated in 0.96 sec
>F 175 cores checked in 14911.88 sec
>A genbg n=4+17 e=25:25 d=4:0 D=7:3  class=145/200
>Z 132 graphs generated in 0.93 sec
>F 132 cores checked in 95853.40 sec
>A genbg n=4+17 e=25:25 d=4:0 D=7:3  class=146/200
>Z 215 graphs generated in 0.95 sec
>F 215 cores checked in 34210.41 sec
>A genbg n=4+17 e=25:25 d=4:0 D=7:3  class=147/200
>Z 174 graphs generated in 0.95 sec
>F 174 cores checked in 29303.63 sec
>A genbg n=4+17 e=25:25 d=4:0 D=7:3  class=148/200
>Z 174 graphs generated in 0.94 sec
>F 174 cores checked in 32830.14 sec
>A genbg n=4+17 e=25:25 d=4:0 D=7:3  class=149/200
>Z 162 graphs generated in 0.95 sec
>F 162 cores checked in 39267.63 sec
>A genbg n=4+17 e=25:25 d=4:0 D=7:3  class=150/200
>Z 177 graphs generated in 0.95 sec
>F 177 cores checked in 20877.56 sec
>A genbg n=4+17 e=25:25 d=4:0 D=7:3  class=151/200
>Z 171 graphs generated in 0.94 sec
>F 171 cores checked in 1182.45 sec
>A genbg n=4+17 e=25:25 d=4:0 D=7:3  class=152/200
>Z 190 graphs generated in 0.94 sec
>F 190 cores checked in 7637.76 sec
>A genbg n=4+17 e=25:25 d=4:0 D=7:3  class=153/200
>Z 195 graphs generated in 0.94 sec
>F 195 cores checked in 170717.54 sec
>A genbg n=4+17 e=25:25 d=4:0 D=7:3  class=154/200
>Z 157 graphs generated in 0.95 sec
>F 157 cores checked in 104676.71 sec
>A genbg n=4+17 e=25:25 d=4:0 D=7:3  class=155/200
>Z 204 graphs generated in 0.94 sec
>F 204 cores checked in 15075.11 sec
>A genbg n=4+17 e=25:25 d=4:0 D=7:3  class=156/200
>Z 193 graphs generated in 0.95 sec
>F 193 cores checked in 51281.03 sec
>A genbg n=4+17 e=25:25 d=4:0 D=7:3  class=157/200
>Z 198 graphs generated in 0.94 sec
>F 198 cores checked in 21182.24 sec
>A genbg n=4+17 e=25:25 d=4:0 D=7:3  class=158/200
>Z 184 graphs generated in 0.94 sec
>F 184 cores checked in 10294.26 sec
>A genbg n=4+17 e=25:25 d=4:0 D=7:3  class=159/200
>Z 171 graphs generated in 0.95 sec
>F 171 cores checked in 81527.81 sec
>A genbg n=4+17 e=25:25 d=4:0 D=7:3  class=160/200
>Z 184 graphs generated in 0.94 sec
>F 184 cores checked in 46353.83 sec
>A genbg n=4+17 e=25:25 d=4:0 D=7:3  class=161/200
>Z 166 graphs generated in 0.91 sec
>F 166 cores checked in 6074.20 sec
>A genbg n=4+17 e=25:25 d=4:0 D=7:3  class=162/200
>Z 137 graphs generated in 0.94 sec
>F 137 cores checked in 80491.24 sec
>A genbg n=4+17 e=25:25 d=4:0 D=7:3  class=163/200
>Z 170 graphs generated in 0.94 sec
>F 170 cores checked in 38145.03 sec
>A genbg n=4+17 e=25:25 d=4:0 D=7:3  class=164/200
>Z 156 graphs generated in 0.69 sec
>F 156 cores checked in 3757.52 sec
>A genbg n=4+17 e=25:25 d=4:0 D=7:3  class=165/200
>Z 177 graphs generated in 0.95 sec
>F 177 cores checked in 33891.90 sec
>A genbg n=4+17 e=25:25 d=4:0 D=7:3  class=166/200
>Z 135 graphs generated in 0.95 sec
>F 135 cores checked in 116199.75 sec
>A genbg n=4+17 e=25:25 d=4:0 D=7:3  class=167/200
>Z 158 graphs generated in 0.86 sec
>F 158 cores checked in 11325.52 sec
>A genbg n=4+17 e=25:25 d=4:0 D=7:3  class=168/200
>Z 168 graphs generated in 0.94 sec
>F 168 cores checked in 14447.56 sec
>A genbg n=4+17 e=25:25 d=4:0 D=7:3  class=169/200
>Z 149 graphs generated in 0.94 sec
>F 149 cores checked in 7581.43 sec
>A genbg n=4+17 e=25:25 d=4:0 D=7:3  class=170/200
>Z 159 graphs generated in 0.95 sec
>F 159 cores checked in 177278.80 sec
>A genbg n=4+17 e=25:25 d=4:0 D=7:3  class=171/200
>Z 158 graphs generated in 0.94 sec
>F 158 cores checked in 78946.86 sec
>A genbg n=4+17 e=25:25 d=4:0 D=7:3  class=172/200
>Z 161 graphs generated in 0.95 sec
>F 161 cores checked in 650.17 sec
>A genbg n=4+17 e=25:25 d=4:0 D=7:3  class=173/200
>Z 154 graphs generated in 0.94 sec
>F 154 cores checked in 2763.27 sec
>A genbg n=4+17 e=25:25 d=4:0 D=7:3  class=174/200
>Z 161 graphs generated in 0.94 sec
>F 161 cores checked in 61897.75 sec
>A genbg n=4+17 e=25:25 d=4:0 D=7:3  class=175/200
>Z 130 graphs generated in 0.94 sec
>F 130 cores checked in 34715.73 sec
>A genbg n=4+17 e=25:25 d=4:0 D=7:3  class=176/200
>Z 127 graphs generated in 0.94 sec
>F 127 cores checked in 56318.77 sec
>A genbg n=4+17 e=25:25 d=4:0 D=7:3  class=177/200
>Z 140 graphs generated in 0.94 sec
>F 140 cores checked in 17505.09 sec
>A genbg n=4+17 e=25:25 d=4:0 D=7:3  class=178/200
>Z 156 graphs generated in 0.94 sec
>F 156 cores checked in 88979.44 sec
>A genbg n=4+17 e=25:25 d=4:0 D=7:3  class=179/200
>Z 156 graphs generated in 0.94 sec
>F 156 cores checked in 15518.47 sec
>A genbg n=4+17 e=25:25 d=4:0 D=7:3  class=180/200
>Z 139 graphs generated in 0.94 sec
>F 139 cores checked in 8691.06 sec
>A genbg n=4+17 e=25:25 d=4:0 D=7:3  class=181/200
>Z 153 graphs generated in 0.94 sec
>F 153 cores checked in 5924.34 sec
>A genbg n=4+17 e=25:25 d=4:0 D=7:3  class=182/200
>Z 154 graphs generated in 0.95 sec
>F 154 cores checked in 78503.28 sec
>A genbg n=4+17 e=25:25 d=4:0 D=7:3  class=183/200
>Z 148 graphs generated in 0.94 sec
>F 148 cores checked in 19809.72 sec
>A genbg n=4+17 e=25:25 d=4:0 D=7:3  class=184/200
>Z 144 graphs generated in 0.94 sec
>F 144 cores checked in 2888.69 sec
>A genbg n=4+17 e=25:25 d=4:0 D=7:3  class=185/200
>Z 169 graphs generated in 0.94 sec
>F 169 cores checked in 3379.12 sec
>A genbg n=4+17 e=25:25 d=4:0 D=7:3  class=186/200
>Z 121 graphs generated in 0.94 sec
>F 121 cores checked in 128181.34 sec
>A genbg n=4+17 e=25:25 d=4:0 D=7:3  class=187/200
>Z 145 graphs generated in 0.94 sec
>F 145 cores checked in 70958.80 sec
>A genbg n=4+17 e=25:25 d=4:0 D=7:3  class=188/200
>Z 152 graphs generated in 0.94 sec
>F 152 cores checked in 110055.85 sec
>A genbg n=4+17 e=25:25 d=4:0 D=7:3  class=189/200
>Z 207 graphs generated in 0.94 sec
>F 207 cores checked in 108696.64 sec
>A genbg n=4+17 e=25:25 d=4:0 D=7:3  class=190/200
>Z 152 graphs generated in 0.93 sec
>F 152 cores checked in 19757.27 sec
>A genbg n=4+17 e=25:25 d=4:0 D=7:3  class=191/200
>Z 134 graphs generated in 0.95 sec
>F 134 cores checked in 40136.14 sec
>A genbg n=4+17 e=25:25 d=4:0 D=7:3  class=192/200
>Z 158 graphs generated in 0.96 sec
>F 158 cores checked in 13440.66 sec
>A genbg n=4+17 e=25:25 d=4:0 D=7:3  class=193/200
>Z 171 graphs generated in 0.95 sec
>F 171 cores checked in 149422.36 sec
>A genbg n=4+17 e=25:25 d=4:0 D=7:3  class=194/200
>Z 193 graphs generated in 0.94 sec
>F 193 cores checked in 53070.04 sec
>A genbg n=4+17 e=25:25 d=4:0 D=7:3  class=195/200
>Z 162 graphs generated in 0.94 sec
>F 162 cores checked in 2475.61 sec
>A genbg n=4+17 e=25:25 d=4:0 D=7:3  class=196/200
>Z 179 graphs generated in 0.94 sec
>F 179 cores checked in 29285.76 sec
>A genbg n=4+17 e=25:25 d=4:0 D=7:3  class=197/200
>Z 132 graphs generated in 0.76 sec
>F 132 cores checked in 811.74 sec
>A genbg n=4+17 e=25:25 d=4:0 D=7:3  class=198/200
>Z 166 graphs generated in 0.94 sec
>F 166 cores checked in 20112.40 sec
>A genbg n=4+17 e=25:25 d=4:0 D=7:3  class=199/200
>Z 126 graphs generated in 0.95 sec
>F 126 cores checked in 1756.79 sec



=== Total number of graphs generated: 32133
=== Total number of graphs checked: 32133
=== Total time for generation: 187.70 seconds
=== Total time for checking: 9172985.69 seconds
=== Total number of exceptional graphs: 0

