=== Log file for genbg_-d4:0_-D7:3_6_15_35:35



>A genbg n=6+15 e=35:35 d=4:0 D=7:3  class=0/200
>Z 1220500 graphs generated in 345.83 sec
>F 1220500 cores checked in 701.59 sec
>A genbg n=6+15 e=35:35 d=4:0 D=7:3  class=1/200
>Z 1224938 graphs generated in 347.27 sec
>F 1224938 cores checked in 707.57 sec
>A genbg n=6+15 e=35:35 d=4:0 D=7:3  class=2/200
>Z 1226712 graphs generated in 346.55 sec
>F 1226712 cores checked in 709.23 sec
>A genbg n=6+15 e=35:35 d=4:0 D=7:3  class=3/200
>Z 1231156 graphs generated in 346.46 sec
>F 1231156 cores checked in 711.67 sec
>A genbg n=6+15 e=35:35 d=4:0 D=7:3  class=4/200
>Z 1227048 graphs generated in 346.42 sec
>F 1227048 cores checked in 706.02 sec
>A genbg n=6+15 e=35:35 d=4:0 D=7:3  class=5/200
>Z 1228402 graphs generated in 346.08 sec
>F 1228402 cores checked in 706.24 sec
>A genbg n=6+15 e=35:35 d=4:0 D=7:3  class=6/200
>Z 1223925 graphs generated in 346.80 sec
>F 1223925 cores checked in 706.23 sec
>A genbg n=6+15 e=35:35 d=4:0 D=7:3  class=7/200
>Z 1231423 graphs generated in 360.26 sec
>F 1231423 cores checked in 711.58 sec
>A genbg n=6+15 e=35:35 d=4:0 D=7:3  class=8/200
>Z 1230058 graphs generated in 346.18 sec
>F 1230058 cores checked in 708.87 sec
>A genbg n=6+15 e=35:35 d=4:0 D=7:3  class=9/200
>Z 1222229 graphs generated in 346.62 sec
>F 1222229 cores checked in 702.67 sec
>A genbg n=6+15 e=35:35 d=4:0 D=7:3  class=10/200
>Z 1219541 graphs generated in 346.11 sec
>F 1219541 cores checked in 702.61 sec
>A genbg n=6+15 e=35:35 d=4:0 D=7:3  class=11/200
>Z 1217523 graphs generated in 346.34 sec
>F 1217523 cores checked in 701.15 sec
>A genbg n=6+15 e=35:35 d=4:0 D=7:3  class=12/200
>Z 1215468 graphs generated in 346.25 sec
>F 1215468 cores checked in 700.36 sec
>A genbg n=6+15 e=35:35 d=4:0 D=7:3  class=13/200
>Z 1227332 graphs generated in 346.35 sec
>F 1227332 cores checked in 708.30 sec
>A genbg n=6+15 e=35:35 d=4:0 D=7:3  class=14/200
>Z 1231425 graphs generated in 346.37 sec
>F 1231425 cores checked in 706.27 sec
>A genbg n=6+15 e=35:35 d=4:0 D=7:3  class=15/200
>Z 1225684 graphs generated in 346.18 sec
>F 1225684 cores checked in 707.54 sec
>A genbg n=6+15 e=35:35 d=4:0 D=7:3  class=16/200
>Z 1226299 graphs generated in 346.62 sec
>F 1226299 cores checked in 703.82 sec
>A genbg n=6+15 e=35:35 d=4:0 D=7:3  class=17/200
>Z 1223216 graphs generated in 347.23 sec
>F 1223216 cores checked in 703.64 sec
>A genbg n=6+15 e=35:35 d=4:0 D=7:3  class=18/200
>Z 1227076 graphs generated in 346.61 sec
>F 1227076 cores checked in 708.12 sec
>A genbg n=6+15 e=35:35 d=4:0 D=7:3  class=19/200
>Z 1222588 graphs generated in 346.32 sec
>F 1222588 cores checked in 704.76 sec
>A genbg n=6+15 e=35:35 d=4:0 D=7:3  class=20/200
>Z 1227852 graphs generated in 347.22 sec
>F 1227852 cores checked in 708.18 sec
>A genbg n=6+15 e=35:35 d=4:0 D=7:3  class=21/200
>Z 1221435 graphs generated in 346.47 sec
>F 1221435 cores checked in 707.34 sec
>A genbg n=6+15 e=35:35 d=4:0 D=7:3  class=22/200
>Z 1225021 graphs generated in 347.00 sec
>F 1225021 cores checked in 704.51 sec
>A genbg n=6+15 e=35:35 d=4:0 D=7:3  class=23/200
>Z 1229983 graphs generated in 346.71 sec
>F 1229983 cores checked in 707.00 sec
>A genbg n=6+15 e=35:35 d=4:0 D=7:3  class=24/200
>Z 1226515 graphs generated in 346.50 sec
>F 1226515 cores checked in 705.41 sec
>A genbg n=6+15 e=35:35 d=4:0 D=7:3  class=25/200
>Z 1222706 graphs generated in 346.40 sec
>F 1222706 cores checked in 705.05 sec
>A genbg n=6+15 e=35:35 d=4:0 D=7:3  class=26/200
>Z 1225225 graphs generated in 346.64 sec
>F 1225225 cores checked in 705.16 sec
>A genbg n=6+15 e=35:35 d=4:0 D=7:3  class=27/200
>Z 1224768 graphs generated in 346.60 sec
>F 1224768 cores checked in 705.40 sec
>A genbg n=6+15 e=35:35 d=4:0 D=7:3  class=28/200
>Z 1231508 graphs generated in 346.45 sec
>F 1231508 cores checked in 709.00 sec
>A genbg n=6+15 e=35:35 d=4:0 D=7:3  class=29/200
>Z 1223377 graphs generated in 346.13 sec
>F 1223377 cores checked in 702.94 sec
>A genbg n=6+15 e=35:35 d=4:0 D=7:3  class=30/200
>Z 1222382 graphs generated in 346.28 sec
>F 1222382 cores checked in 702.42 sec
>A genbg n=6+15 e=35:35 d=4:0 D=7:3  class=31/200
>Z 1224307 graphs generated in 346.73 sec
>F 1224307 cores checked in 703.85 sec
>A genbg n=6+15 e=35:35 d=4:0 D=7:3  class=32/200
>Z 1216497 graphs generated in 347.16 sec
>F 1216497 cores checked in 699.77 sec
>A genbg n=6+15 e=35:35 d=4:0 D=7:3  class=33/200
>Z 1223949 graphs generated in 346.57 sec
>F 1223949 cores checked in 706.58 sec
>A genbg n=6+15 e=35:35 d=4:0 D=7:3  class=34/200
>Z 1225862 graphs generated in 346.26 sec
>F 1225862 cores checked in 706.01 sec
>A genbg n=6+15 e=35:35 d=4:0 D=7:3  class=35/200
>Z 1222608 graphs generated in 346.43 sec
>F 1222608 cores checked in 703.90 sec
>A genbg n=6+15 e=35:35 d=4:0 D=7:3  class=36/200
>Z 1225130 graphs generated in 346.85 sec
>F 1225130 cores checked in 704.05 sec
>A genbg n=6+15 e=35:35 d=4:0 D=7:3  class=37/200
>Z 1220255 graphs generated in 346.56 sec
>F 1220255 cores checked in 703.24 sec
>A genbg n=6+15 e=35:35 d=4:0 D=7:3  class=38/200
>Z 1224898 graphs generated in 346.46 sec
>F 1224898 cores checked in 703.71 sec
>A genbg n=6+15 e=35:35 d=4:0 D=7:3  class=39/200
>Z 1221188 graphs generated in 346.29 sec
>F 1221188 cores checked in 703.91 sec
>A genbg n=6+15 e=35:35 d=4:0 D=7:3  class=40/200
>Z 1230546 graphs generated in 346.34 sec
>F 1230546 cores checked in 711.71 sec
>A genbg n=6+15 e=35:35 d=4:0 D=7:3  class=41/200
>Z 1221770 graphs generated in 346.17 sec
>F 1221770 cores checked in 708.31 sec
>A genbg n=6+15 e=35:35 d=4:0 D=7:3  class=42/200
>Z 1218545 graphs generated in 345.90 sec
>F 1218545 cores checked in 703.83 sec
>A genbg n=6+15 e=35:35 d=4:0 D=7:3  class=43/200
>Z 1228091 graphs generated in 354.72 sec
>F 1228091 cores checked in 709.21 sec
>A genbg n=6+15 e=35:35 d=4:0 D=7:3  class=44/200
>Z 1224355 graphs generated in 345.85 sec
>F 1224355 cores checked in 707.90 sec
>A genbg n=6+15 e=35:35 d=4:0 D=7:3  class=45/200
>Z 1220854 graphs generated in 345.78 sec
>F 1220854 cores checked in 702.87 sec
>A genbg n=6+15 e=35:35 d=4:0 D=7:3  class=46/200
>Z 1226555 graphs generated in 346.26 sec
>F 1226555 cores checked in 706.30 sec
>A genbg n=6+15 e=35:35 d=4:0 D=7:3  class=47/200
>Z 1220167 graphs generated in 346.06 sec
>F 1220167 cores checked in 702.61 sec
>A genbg n=6+15 e=35:35 d=4:0 D=7:3  class=48/200
>Z 1225888 graphs generated in 346.07 sec
>F 1225888 cores checked in 704.75 sec
>A genbg n=6+15 e=35:35 d=4:0 D=7:3  class=49/200
>Z 1226275 graphs generated in 346.23 sec
>F 1226275 cores checked in 707.36 sec
>A genbg n=6+15 e=35:35 d=4:0 D=7:3  class=50/200
>Z 1217709 graphs generated in 346.16 sec
>F 1217709 cores checked in 701.14 sec
>A genbg n=6+15 e=35:35 d=4:0 D=7:3  class=51/200
>Z 1218899 graphs generated in 346.34 sec
>F 1218899 cores checked in 700.74 sec
>A genbg n=6+15 e=35:35 d=4:0 D=7:3  class=52/200
>Z 1220938 graphs generated in 345.97 sec
>F 1220938 cores checked in 701.18 sec
>A genbg n=6+15 e=35:35 d=4:0 D=7:3  class=53/200
>Z 1221235 graphs generated in 346.05 sec
>F 1221235 cores checked in 707.01 sec
>A genbg n=6+15 e=35:35 d=4:0 D=7:3  class=54/200
>Z 1225416 graphs generated in 346.04 sec
>F 1225416 cores checked in 708.15 sec
>A genbg n=6+15 e=35:35 d=4:0 D=7:3  class=55/200
>Z 1227022 graphs generated in 346.05 sec
>F 1227022 cores checked in 706.24 sec
>A genbg n=6+15 e=35:35 d=4:0 D=7:3  class=56/200
>Z 1225720 graphs generated in 346.20 sec
>F 1225720 cores checked in 704.72 sec
>A genbg n=6+15 e=35:35 d=4:0 D=7:3  class=57/200
>Z 1222922 graphs generated in 346.76 sec
>F 1222922 cores checked in 707.40 sec
>A genbg n=6+15 e=35:35 d=4:0 D=7:3  class=58/200
>Z 1227349 graphs generated in 346.63 sec
>F 1227349 cores checked in 706.66 sec
>A genbg n=6+15 e=35:35 d=4:0 D=7:3  class=59/200
>Z 1223482 graphs generated in 346.27 sec
>F 1223482 cores checked in 705.78 sec
>A genbg n=6+15 e=35:35 d=4:0 D=7:3  class=60/200
>Z 1219746 graphs generated in 346.41 sec
>F 1219746 cores checked in 699.58 sec
>A genbg n=6+15 e=35:35 d=4:0 D=7:3  class=61/200
>Z 1215089 graphs generated in 346.16 sec
>F 1215089 cores checked in 697.25 sec
>A genbg n=6+15 e=35:35 d=4:0 D=7:3  class=62/200
>Z 1213163 graphs generated in 346.30 sec
>F 1213163 cores checked in 697.91 sec
>A genbg n=6+15 e=35:35 d=4:0 D=7:3  class=63/200
>Z 1220411 graphs generated in 346.47 sec
>F 1220411 cores checked in 700.73 sec
>A genbg n=6+15 e=35:35 d=4:0 D=7:3  class=64/200
>Z 1224874 graphs generated in 346.80 sec
>F 1224874 cores checked in 703.29 sec
>A genbg n=6+15 e=35:35 d=4:0 D=7:3  class=65/200
>Z 1224960 graphs generated in 346.41 sec
>F 1224960 cores checked in 706.87 sec
>A genbg n=6+15 e=35:35 d=4:0 D=7:3  class=66/200
>Z 1224199 graphs generated in 346.57 sec
>F 1224199 cores checked in 709.29 sec
>A genbg n=6+15 e=35:35 d=4:0 D=7:3  class=67/200
>Z 1225247 graphs generated in 346.42 sec
>F 1225247 cores checked in 706.52 sec
>A genbg n=6+15 e=35:35 d=4:0 D=7:3  class=68/200
>Z 1229822 graphs generated in 346.65 sec
>F 1229822 cores checked in 706.56 sec
>A genbg n=6+15 e=35:35 d=4:0 D=7:3  class=69/200
>Z 1224486 graphs generated in 346.31 sec
>F 1224486 cores checked in 706.47 sec
>A genbg n=6+15 e=35:35 d=4:0 D=7:3  class=70/200
>Z 1226658 graphs generated in 346.41 sec
>F 1226658 cores checked in 704.67 sec
>A genbg n=6+15 e=35:35 d=4:0 D=7:3  class=71/200
>Z 1220297 graphs generated in 346.62 sec
>F 1220297 cores checked in 703.84 sec
>A genbg n=6+15 e=35:35 d=4:0 D=7:3  class=72/200
>Z 1219826 graphs generated in 346.88 sec
>F 1219826 cores checked in 700.89 sec
>A genbg n=6+15 e=35:35 d=4:0 D=7:3  class=73/200
>Z 1221862 graphs generated in 346.96 sec
>F 1221862 cores checked in 706.69 sec
>A genbg n=6+15 e=35:35 d=4:0 D=7:3  class=74/200
>Z 1227220 graphs generated in 346.62 sec
>F 1227220 cores checked in 708.77 sec
>A genbg n=6+15 e=35:35 d=4:0 D=7:3  class=75/200
>Z 1229780 graphs generated in 346.61 sec
>F 1229780 cores checked in 706.14 sec
>A genbg n=6+15 e=35:35 d=4:0 D=7:3  class=76/200
>Z 1227426 graphs generated in 346.48 sec
>F 1227426 cores checked in 703.55 sec
>A genbg n=6+15 e=35:35 d=4:0 D=7:3  class=77/200
>Z 1222610 graphs generated in 346.50 sec
>F 1222610 cores checked in 702.01 sec
>A genbg n=6+15 e=35:35 d=4:0 D=7:3  class=78/200
>Z 1225898 graphs generated in 345.98 sec
>F 1225898 cores checked in 709.37 sec
>A genbg n=6+15 e=35:35 d=4:0 D=7:3  class=79/200
>Z 1224007 graphs generated in 346.24 sec
>F 1224007 cores checked in 703.51 sec
>A genbg n=6+15 e=35:35 d=4:0 D=7:3  class=80/200
>Z 1229682 graphs generated in 346.38 sec
>F 1229682 cores checked in 706.17 sec
>A genbg n=6+15 e=35:35 d=4:0 D=7:3  class=81/200
>Z 1224779 graphs generated in 345.97 sec
>F 1224779 cores checked in 703.33 sec
>A genbg n=6+15 e=35:35 d=4:0 D=7:3  class=82/200
>Z 1220678 graphs generated in 346.31 sec
>F 1220678 cores checked in 702.62 sec
>A genbg n=6+15 e=35:35 d=4:0 D=7:3  class=83/200
>Z 1232404 graphs generated in 345.80 sec
>F 1232404 cores checked in 709.99 sec
>A genbg n=6+15 e=35:35 d=4:0 D=7:3  class=84/200
>Z 1223015 graphs generated in 345.85 sec
>F 1223015 cores checked in 702.79 sec
>A genbg n=6+15 e=35:35 d=4:0 D=7:3  class=85/200
>Z 1217975 graphs generated in 345.88 sec
>F 1217975 cores checked in 702.20 sec
>A genbg n=6+15 e=35:35 d=4:0 D=7:3  class=86/200
>Z 1223718 graphs generated in 345.85 sec
>F 1223718 cores checked in 705.82 sec
>A genbg n=6+15 e=35:35 d=4:0 D=7:3  class=87/200
>Z 1222667 graphs generated in 345.83 sec
>F 1222667 cores checked in 704.86 sec
>A genbg n=6+15 e=35:35 d=4:0 D=7:3  class=88/200
>Z 1227649 graphs generated in 346.13 sec
>F 1227649 cores checked in 705.12 sec
>A genbg n=6+15 e=35:35 d=4:0 D=7:3  class=89/200
>Z 1221487 graphs generated in 346.10 sec
>F 1221487 cores checked in 704.06 sec
>A genbg n=6+15 e=35:35 d=4:0 D=7:3  class=90/200
>Z 1218153 graphs generated in 345.75 sec
>F 1218153 cores checked in 703.09 sec
>A genbg n=6+15 e=35:35 d=4:0 D=7:3  class=91/200
>Z 1221684 graphs generated in 346.68 sec
>F 1221684 cores checked in 705.21 sec
>A genbg n=6+15 e=35:35 d=4:0 D=7:3  class=92/200
>Z 1217225 graphs generated in 346.30 sec
>F 1217225 cores checked in 701.83 sec
>A genbg n=6+15 e=35:35 d=4:0 D=7:3  class=93/200
>Z 1225591 graphs generated in 346.15 sec
>F 1225591 cores checked in 706.14 sec
>A genbg n=6+15 e=35:35 d=4:0 D=7:3  class=94/200
>Z 1229727 graphs generated in 348.26 sec
>F 1229727 cores checked in 707.78 sec
>A genbg n=6+15 e=35:35 d=4:0 D=7:3  class=95/200
>Z 1225479 graphs generated in 346.59 sec
>F 1225479 cores checked in 704.52 sec
>A genbg n=6+15 e=35:35 d=4:0 D=7:3  class=96/200
>Z 1220851 graphs generated in 346.35 sec
>F 1220851 cores checked in 702.53 sec
>A genbg n=6+15 e=35:35 d=4:0 D=7:3  class=97/200
>Z 1217458 graphs generated in 346.63 sec
>F 1217458 cores checked in 704.34 sec
>A genbg n=6+15 e=35:35 d=4:0 D=7:3  class=98/200
>Z 1223344 graphs generated in 346.39 sec
>F 1223344 cores checked in 703.58 sec
>A genbg n=6+15 e=35:35 d=4:0 D=7:3  class=99/200
>Z 1226394 graphs generated in 346.19 sec
>F 1226394 cores checked in 706.27 sec
>A genbg n=6+15 e=35:35 d=4:0 D=7:3  class=100/200
>Z 1230018 graphs generated in 346.39 sec
>F 1230018 cores checked in 705.39 sec
>A genbg n=6+15 e=35:35 d=4:0 D=7:3  class=101/200
>Z 1228174 graphs generated in 346.45 sec
>F 1228174 cores checked in 705.37 sec
>A genbg n=6+15 e=35:35 d=4:0 D=7:3  class=102/200
>Z 1221365 graphs generated in 346.57 sec
>F 1221365 cores checked in 704.14 sec
>A genbg n=6+15 e=35:35 d=4:0 D=7:3  class=103/200
>Z 1234002 graphs generated in 346.93 sec
>F 1234002 cores checked in 712.53 sec
>A genbg n=6+15 e=35:35 d=4:0 D=7:3  class=104/200
>Z 1222957 graphs generated in 346.10 sec
>F 1222957 cores checked in 703.04 sec
>A genbg n=6+15 e=35:35 d=4:0 D=7:3  class=105/200
>Z 1227610 graphs generated in 346.63 sec
>F 1227610 cores checked in 706.86 sec
>A genbg n=6+15 e=35:35 d=4:0 D=7:3  class=106/200
>Z 1228065 graphs generated in 346.74 sec
>F 1228065 cores checked in 704.61 sec
>A genbg n=6+15 e=35:35 d=4:0 D=7:3  class=107/200
>Z 1224581 graphs generated in 346.42 sec
>F 1224581 cores checked in 706.31 sec
>A genbg n=6+15 e=35:35 d=4:0 D=7:3  class=108/200
>Z 1224853 graphs generated in 346.57 sec
>F 1224853 cores checked in 704.03 sec
>A genbg n=6+15 e=35:35 d=4:0 D=7:3  class=109/200
>Z 1222889 graphs generated in 346.42 sec
>F 1222889 cores checked in 707.76 sec
>A genbg n=6+15 e=35:35 d=4:0 D=7:3  class=110/200
>Z 1221518 graphs generated in 346.22 sec
>F 1221518 cores checked in 705.42 sec
>A genbg n=6+15 e=35:35 d=4:0 D=7:3  class=111/200
>Z 1220128 graphs generated in 346.30 sec
>F 1220128 cores checked in 698.00 sec
>A genbg n=6+15 e=35:35 d=4:0 D=7:3  class=112/200
>Z 1220994 graphs generated in 347.19 sec
>F 1220994 cores checked in 702.26 sec
>A genbg n=6+15 e=35:35 d=4:0 D=7:3  class=113/200
>Z 1227698 graphs generated in 347.98 sec
>F 1227698 cores checked in 708.65 sec
>A genbg n=6+15 e=35:35 d=4:0 D=7:3  class=114/200
>Z 1233556 graphs generated in 346.30 sec
>F 1233556 cores checked in 711.16 sec
>A genbg n=6+15 e=35:35 d=4:0 D=7:3  class=115/200
>Z 1226085 graphs generated in 346.45 sec
>F 1226085 cores checked in 705.12 sec
>A genbg n=6+15 e=35:35 d=4:0 D=7:3  class=116/200
>Z 1225293 graphs generated in 346.29 sec
>F 1225293 cores checked in 706.99 sec
>A genbg n=6+15 e=35:35 d=4:0 D=7:3  class=117/200
>Z 1217327 graphs generated in 346.52 sec
>F 1217327 cores checked in 702.35 sec
>A genbg n=6+15 e=35:35 d=4:0 D=7:3  class=118/200
>Z 1222947 graphs generated in 347.18 sec
>F 1222947 cores checked in 705.93 sec
>A genbg n=6+15 e=35:35 d=4:0 D=7:3  class=119/200
>Z 1220553 graphs generated in 346.61 sec
>F 1220553 cores checked in 706.83 sec
>A genbg n=6+15 e=35:35 d=4:0 D=7:3  class=120/200
>Z 1226699 graphs generated in 346.37 sec
>F 1226699 cores checked in 705.49 sec
>A genbg n=6+15 e=35:35 d=4:0 D=7:3  class=121/200
>Z 1217190 graphs generated in 346.37 sec
>F 1217190 cores checked in 700.29 sec
>A genbg n=6+15 e=35:35 d=4:0 D=7:3  class=122/200
>Z 1219333 graphs generated in 346.12 sec
>F 1219333 cores checked in 701.93 sec
>A genbg n=6+15 e=35:35 d=4:0 D=7:3  class=123/200
>Z 1228527 graphs generated in 346.34 sec
>F 1228527 cores checked in 709.24 sec
>A genbg n=6+15 e=35:35 d=4:0 D=7:3  class=124/200
>Z 1228498 graphs generated in 346.42 sec
>F 1228498 cores checked in 708.11 sec
>A genbg n=6+15 e=35:35 d=4:0 D=7:3  class=125/200
>Z 1226164 graphs generated in 346.13 sec
>F 1226164 cores checked in 708.61 sec
>A genbg n=6+15 e=35:35 d=4:0 D=7:3  class=126/200
>Z 1225908 graphs generated in 345.86 sec
>F 1225908 cores checked in 710.47 sec
>A genbg n=6+15 e=35:35 d=4:0 D=7:3  class=127/200
>Z 1228778 graphs generated in 345.92 sec
>F 1228778 cores checked in 707.71 sec
>A genbg n=6+15 e=35:35 d=4:0 D=7:3  class=128/200
>Z 1229324 graphs generated in 346.05 sec
>F 1229324 cores checked in 714.96 sec
>A genbg n=6+15 e=35:35 d=4:0 D=7:3  class=129/200
>Z 1226836 graphs generated in 345.79 sec
>F 1226836 cores checked in 709.78 sec
>A genbg n=6+15 e=35:35 d=4:0 D=7:3  class=130/200
>Z 1229784 graphs generated in 345.84 sec
>F 1229784 cores checked in 712.55 sec
>A genbg n=6+15 e=35:35 d=4:0 D=7:3  class=131/200
>Z 1222038 graphs generated in 345.62 sec
>F 1222038 cores checked in 704.44 sec
>A genbg n=6+15 e=35:35 d=4:0 D=7:3  class=132/200
>Z 1216953 graphs generated in 345.99 sec
>F 1216953 cores checked in 700.89 sec
>A genbg n=6+15 e=35:35 d=4:0 D=7:3  class=133/200
>Z 1227425 graphs generated in 345.67 sec
>F 1227425 cores checked in 710.03 sec
>A genbg n=6+15 e=35:35 d=4:0 D=7:3  class=134/200
>Z 1224286 graphs generated in 345.63 sec
>F 1224286 cores checked in 706.24 sec
>A genbg n=6+15 e=35:35 d=4:0 D=7:3  class=135/200
>Z 1220872 graphs generated in 345.99 sec
>F 1220872 cores checked in 705.47 sec
>A genbg n=6+15 e=35:35 d=4:0 D=7:3  class=136/200
>Z 1223005 graphs generated in 345.82 sec
>F 1223005 cores checked in 706.57 sec
>A genbg n=6+15 e=35:35 d=4:0 D=7:3  class=137/200
>Z 1222231 graphs generated in 346.14 sec
>F 1222231 cores checked in 708.93 sec
>A genbg n=6+15 e=35:35 d=4:0 D=7:3  class=138/200
>Z 1225947 graphs generated in 345.69 sec
>F 1225947 cores checked in 708.70 sec
>A genbg n=6+15 e=35:35 d=4:0 D=7:3  class=139/200
>Z 1222216 graphs generated in 345.51 sec
>F 1222216 cores checked in 708.27 sec
>A genbg n=6+15 e=35:35 d=4:0 D=7:3  class=140/200
>Z 1219888 graphs generated in 346.13 sec
>F 1219888 cores checked in 705.99 sec
>A genbg n=6+15 e=35:35 d=4:0 D=7:3  class=141/200
>Z 1214655 graphs generated in 346.08 sec
>F 1214655 cores checked in 702.23 sec
>A genbg n=6+15 e=35:35 d=4:0 D=7:3  class=142/200
>Z 1220126 graphs generated in 346.28 sec
>F 1220126 cores checked in 701.80 sec
>A genbg n=6+15 e=35:35 d=4:0 D=7:3  class=143/200
>Z 1225453 graphs generated in 345.85 sec
>F 1225453 cores checked in 709.20 sec
>A genbg n=6+15 e=35:35 d=4:0 D=7:3  class=144/200
>Z 1230304 graphs generated in 346.10 sec
>F 1230304 cores checked in 714.61 sec
>A genbg n=6+15 e=35:35 d=4:0 D=7:3  class=145/200
>Z 1228570 graphs generated in 346.04 sec
>F 1228570 cores checked in 711.01 sec
>A genbg n=6+15 e=35:35 d=4:0 D=7:3  class=146/200
>Z 1227013 graphs generated in 346.04 sec
>F 1227013 cores checked in 710.85 sec
>A genbg n=6+15 e=35:35 d=4:0 D=7:3  class=147/200
>Z 1218468 graphs generated in 345.92 sec
>F 1218468 cores checked in 702.89 sec
>A genbg n=6+15 e=35:35 d=4:0 D=7:3  class=148/200
>Z 1227491 graphs generated in 346.60 sec
>F 1227491 cores checked in 708.81 sec
>A genbg n=6+15 e=35:35 d=4:0 D=7:3  class=149/200
>Z 1224133 graphs generated in 345.80 sec
>F 1224133 cores checked in 707.35 sec
>A genbg n=6+15 e=35:35 d=4:0 D=7:3  class=150/200
>Z 1229262 graphs generated in 346.27 sec
>F 1229262 cores checked in 703.54 sec
>A genbg n=6+15 e=35:35 d=4:0 D=7:3  class=151/200
>Z 1223608 graphs generated in 345.92 sec
>F 1223608 cores checked in 703.88 sec
>A genbg n=6+15 e=35:35 d=4:0 D=7:3  class=152/200
>Z 1214961 graphs generated in 345.95 sec
>F 1214961 cores checked in 699.08 sec
>A genbg n=6+15 e=35:35 d=4:0 D=7:3  class=153/200
>Z 1225281 graphs generated in 345.95 sec
>F 1225281 cores checked in 706.08 sec
>A genbg n=6+15 e=35:35 d=4:0 D=7:3  class=154/200
>Z 1232850 graphs generated in 346.14 sec
>F 1232850 cores checked in 710.92 sec
>A genbg n=6+15 e=35:35 d=4:0 D=7:3  class=155/200
>Z 1222623 graphs generated in 345.86 sec
>F 1222623 cores checked in 706.98 sec
>A genbg n=6+15 e=35:35 d=4:0 D=7:3  class=156/200
>Z 1222034 graphs generated in 346.11 sec
>F 1222034 cores checked in 708.54 sec
>A genbg n=6+15 e=35:35 d=4:0 D=7:3  class=157/200
>Z 1213987 graphs generated in 346.41 sec
>F 1213987 cores checked in 705.51 sec
>A genbg n=6+15 e=35:35 d=4:0 D=7:3  class=158/200
>Z 1226481 graphs generated in 346.62 sec
>F 1226481 cores checked in 709.91 sec
>A genbg n=6+15 e=35:35 d=4:0 D=7:3  class=159/200
>Z 1218542 graphs generated in 345.40 sec
>F 1218542 cores checked in 702.12 sec
>A genbg n=6+15 e=35:35 d=4:0 D=7:3  class=160/200
>Z 1221331 graphs generated in 345.91 sec
>F 1221331 cores checked in 704.93 sec
>A genbg n=6+15 e=35:35 d=4:0 D=7:3  class=161/200
>Z 1221502 graphs generated in 346.01 sec
>F 1221502 cores checked in 702.53 sec
>A genbg n=6+15 e=35:35 d=4:0 D=7:3  class=162/200
>Z 1214228 graphs generated in 346.13 sec
>F 1214228 cores checked in 700.63 sec
>A genbg n=6+15 e=35:35 d=4:0 D=7:3  class=163/200
>Z 1226034 graphs generated in 346.07 sec
>F 1226034 cores checked in 709.67 sec
>A genbg n=6+15 e=35:35 d=4:0 D=7:3  class=164/200
>Z 1220874 graphs generated in 346.04 sec
>F 1220874 cores checked in 704.90 sec
>A genbg n=6+15 e=35:35 d=4:0 D=7:3  class=165/200
>Z 1231440 graphs generated in 345.81 sec
>F 1231440 cores checked in 708.24 sec
>A genbg n=6+15 e=35:35 d=4:0 D=7:3  class=166/200
>Z 1226383 graphs generated in 345.90 sec
>F 1226383 cores checked in 710.66 sec
>A genbg n=6+15 e=35:35 d=4:0 D=7:3  class=167/200
>Z 1220266 graphs generated in 346.23 sec
>F 1220266 cores checked in 705.70 sec
>A genbg n=6+15 e=35:35 d=4:0 D=7:3  class=168/200
>Z 1223606 graphs generated in 347.63 sec
>F 1223606 cores checked in 702.48 sec
>A genbg n=6+15 e=35:35 d=4:0 D=7:3  class=169/200
>Z 1214719 graphs generated in 347.24 sec
>F 1214719 cores checked in 699.67 sec
>A genbg n=6+15 e=35:35 d=4:0 D=7:3  class=170/200
>Z 1228682 graphs generated in 348.50 sec
>F 1228682 cores checked in 705.31 sec
>A genbg n=6+15 e=35:35 d=4:0 D=7:3  class=171/200
>Z 1224906 graphs generated in 348.13 sec
>F 1224906 cores checked in 701.60 sec
>A genbg n=6+15 e=35:35 d=4:0 D=7:3  class=172/200
>Z 1219327 graphs generated in 348.66 sec
>F 1219327 cores checked in 701.23 sec
>A genbg n=6+15 e=35:35 d=4:0 D=7:3  class=173/200
>Z 1225730 graphs generated in 348.11 sec
>F 1225730 cores checked in 704.03 sec
>A genbg n=6+15 e=35:35 d=4:0 D=7:3  class=174/200
>Z 1226941 graphs generated in 348.32 sec
>F 1226941 cores checked in 701.93 sec
>A genbg n=6+15 e=35:35 d=4:0 D=7:3  class=175/200
>Z 1220008 graphs generated in 352.07 sec
>F 1220008 cores checked in 698.03 sec
>A genbg n=6+15 e=35:35 d=4:0 D=7:3  class=176/200
>Z 1223732 graphs generated in 349.51 sec
>F 1223732 cores checked in 702.32 sec
>A genbg n=6+15 e=35:35 d=4:0 D=7:3  class=177/200
>Z 1223021 graphs generated in 350.74 sec
>F 1223021 cores checked in 698.51 sec
>A genbg n=6+15 e=35:35 d=4:0 D=7:3  class=178/200
>Z 1224665 graphs generated in 351.62 sec
>F 1224665 cores checked in 701.21 sec
>A genbg n=6+15 e=35:35 d=4:0 D=7:3  class=179/200
>Z 1226798 graphs generated in 351.21 sec
>F 1226798 cores checked in 701.92 sec
>A genbg n=6+15 e=35:35 d=4:0 D=7:3  class=180/200
>Z 1225964 graphs generated in 352.34 sec
>F 1225964 cores checked in 701.68 sec
>A genbg n=6+15 e=35:35 d=4:0 D=7:3  class=181/200
>Z 1215401 graphs generated in 352.79 sec
>F 1215401 cores checked in 691.76 sec
>A genbg n=6+15 e=35:35 d=4:0 D=7:3  class=182/200
>Z 1217840 graphs generated in 353.17 sec
>F 1217840 cores checked in 692.61 sec
>A genbg n=6+15 e=35:35 d=4:0 D=7:3  class=183/200
>Z 1228842 graphs generated in 353.93 sec
>F 1228842 cores checked in 699.86 sec
>A genbg n=6+15 e=35:35 d=4:0 D=7:3  class=184/200
>Z 1231963 graphs generated in 353.80 sec
>F 1231963 cores checked in 701.25 sec
>A genbg n=6+15 e=35:35 d=4:0 D=7:3  class=185/200
>Z 1223886 graphs generated in 354.17 sec
>F 1223886 cores checked in 697.32 sec
>A genbg n=6+15 e=35:35 d=4:0 D=7:3  class=186/200
>Z 1224587 graphs generated in 356.73 sec
>F 1224587 cores checked in 694.84 sec
>A genbg n=6+15 e=35:35 d=4:0 D=7:3  class=187/200
>Z 1221232 graphs generated in 362.39 sec
>F 1221232 cores checked in 695.50 sec
>A genbg n=6+15 e=35:35 d=4:0 D=7:3  class=188/200
>Z 1223634 graphs generated in 353.72 sec
>F 1223634 cores checked in 695.58 sec
>A genbg n=6+15 e=35:35 d=4:0 D=7:3  class=189/200
>Z 1224353 graphs generated in 354.07 sec
>F 1224353 cores checked in 696.87 sec
>A genbg n=6+15 e=35:35 d=4:0 D=7:3  class=190/200
>Z 1224951 graphs generated in 354.55 sec
>F 1224951 cores checked in 694.40 sec
>A genbg n=6+15 e=35:35 d=4:0 D=7:3  class=191/200
>Z 1221585 graphs generated in 353.95 sec
>F 1221585 cores checked in 691.26 sec
>A genbg n=6+15 e=35:35 d=4:0 D=7:3  class=192/200
>Z 1211600 graphs generated in 354.58 sec
>F 1211600 cores checked in 689.17 sec
>A genbg n=6+15 e=35:35 d=4:0 D=7:3  class=193/200
>Z 1222379 graphs generated in 353.71 sec
>F 1222379 cores checked in 696.85 sec
>A genbg n=6+15 e=35:35 d=4:0 D=7:3  class=194/200
>Z 1230787 graphs generated in 354.25 sec
>F 1230787 cores checked in 698.91 sec
>A genbg n=6+15 e=35:35 d=4:0 D=7:3  class=195/200
>Z 1224847 graphs generated in 354.57 sec
>F 1224847 cores checked in 695.42 sec
>A genbg n=6+15 e=35:35 d=4:0 D=7:3  class=196/200
>Z 1226217 graphs generated in 354.52 sec
>F 1226217 cores checked in 695.14 sec
>A genbg n=6+15 e=35:35 d=4:0 D=7:3  class=197/200
>Z 1221565 graphs generated in 354.37 sec
>F 1221565 cores checked in 694.52 sec
>A genbg n=6+15 e=35:35 d=4:0 D=7:3  class=198/200
>Z 1223283 graphs generated in 354.29 sec
>F 1223283 cores checked in 696.97 sec
>A genbg n=6+15 e=35:35 d=4:0 D=7:3  class=199/200
>Z 1225214 graphs generated in 373.94 sec
>F 1225214 cores checked in 694.79 sec



=== Total number of graphs generated: 244791968
=== Total number of graphs checked: 244791968
=== Total time for generation: 69504.28 seconds
=== Total time for checking: 140878.63 seconds
=== Total number of exceptional graphs: 0

