=== Log file for genbg_-d4:0_-D9:3_4_17_31:31



>A genbg n=4+17 e=31:31 d=4:0 D=9:3  class=0/200
>Z 800 graphs generated in 3.37 sec
>F 800 cores checked in 0.45 sec
>A genbg n=4+17 e=31:31 d=4:0 D=9:3  class=1/200
>Z 776 graphs generated in 3.34 sec
>F 776 cores checked in 0.44 sec
>A genbg n=4+17 e=31:31 d=4:0 D=9:3  class=2/200
>Z 832 graphs generated in 3.35 sec
>F 832 cores checked in 0.47 sec
>A genbg n=4+17 e=31:31 d=4:0 D=9:3  class=3/200
>Z 913 graphs generated in 3.37 sec
>F 913 cores checked in 0.51 sec
>A genbg n=4+17 e=31:31 d=4:0 D=9:3  class=4/200
>Z 808 graphs generated in 3.24 sec
>F 808 cores checked in 0.45 sec
>A genbg n=4+17 e=31:31 d=4:0 D=9:3  class=5/200
>Z 880 graphs generated in 3.36 sec
>F 880 cores checked in 0.49 sec
>A genbg n=4+17 e=31:31 d=4:0 D=9:3  class=6/200
>Z 825 graphs generated in 3.36 sec
>F 825 cores checked in 0.46 sec
>A genbg n=4+17 e=31:31 d=4:0 D=9:3  class=7/200
>Z 828 graphs generated in 3.35 sec
>F 828 cores checked in 0.47 sec
>A genbg n=4+17 e=31:31 d=4:0 D=9:3  class=8/200
>Z 701 graphs generated in 3.36 sec
>F 701 cores checked in 0.40 sec
>A genbg n=4+17 e=31:31 d=4:0 D=9:3  class=9/200
>Z 892 graphs generated in 3.37 sec
>F 892 cores checked in 0.49 sec
>A genbg n=4+17 e=31:31 d=4:0 D=9:3  class=10/200
>Z 825 graphs generated in 3.24 sec
>F 825 cores checked in 0.46 sec
>A genbg n=4+17 e=31:31 d=4:0 D=9:3  class=11/200
>Z 805 graphs generated in 3.24 sec
>F 805 cores checked in 0.45 sec
>A genbg n=4+17 e=31:31 d=4:0 D=9:3  class=12/200
>Z 745 graphs generated in 3.36 sec
>F 745 cores checked in 0.42 sec
>A genbg n=4+17 e=31:31 d=4:0 D=9:3  class=13/200
>Z 811 graphs generated in 3.32 sec
>F 811 cores checked in 0.46 sec
>A genbg n=4+17 e=31:31 d=4:0 D=9:3  class=14/200
>Z 859 graphs generated in 3.23 sec
>F 859 cores checked in 0.48 sec
>A genbg n=4+17 e=31:31 d=4:0 D=9:3  class=15/200
>Z 882 graphs generated in 3.36 sec
>F 882 cores checked in 0.50 sec
>A genbg n=4+17 e=31:31 d=4:0 D=9:3  class=16/200
>Z 841 graphs generated in 3.36 sec
>F 841 cores checked in 0.47 sec
>A genbg n=4+17 e=31:31 d=4:0 D=9:3  class=17/200
>Z 955 graphs generated in 3.25 sec
>F 955 cores checked in 0.54 sec
>A genbg n=4+17 e=31:31 d=4:0 D=9:3  class=18/200
>Z 832 graphs generated in 3.35 sec
>F 832 cores checked in 0.47 sec
>A genbg n=4+17 e=31:31 d=4:0 D=9:3  class=19/200
>Z 937 graphs generated in 3.36 sec
>F 937 cores checked in 0.53 sec
>A genbg n=4+17 e=31:31 d=4:0 D=9:3  class=20/200
>Z 896 graphs generated in 3.36 sec
>F 896 cores checked in 0.51 sec
>A genbg n=4+17 e=31:31 d=4:0 D=9:3  class=21/200
>Z 876 graphs generated in 3.35 sec
>F 876 cores checked in 0.49 sec
>A genbg n=4+17 e=31:31 d=4:0 D=9:3  class=22/200
>Z 821 graphs generated in 3.36 sec
>F 821 cores checked in 7.50 sec
>A genbg n=4+17 e=31:31 d=4:0 D=9:3  class=23/200
>Z 769 graphs generated in 3.30 sec
>F 769 cores checked in 0.43 sec
>A genbg n=4+17 e=31:31 d=4:0 D=9:3  class=24/200
>Z 744 graphs generated in 3.36 sec
>F 744 cores checked in 0.42 sec
>A genbg n=4+17 e=31:31 d=4:0 D=9:3  class=25/200
>Z 825 graphs generated in 3.38 sec
>F 825 cores checked in 0.46 sec
>A genbg n=4+17 e=31:31 d=4:0 D=9:3  class=26/200
>Z 769 graphs generated in 3.45 sec
>F 769 cores checked in 23.09 sec
>A genbg n=4+17 e=31:31 d=4:0 D=9:3  class=27/200
>Z 819 graphs generated in 3.35 sec
>F 819 cores checked in 56.59 sec
>A genbg n=4+17 e=31:31 d=4:0 D=9:3  class=28/200
>Z 801 graphs generated in 3.36 sec
>F 801 cores checked in 0.45 sec
>A genbg n=4+17 e=31:31 d=4:0 D=9:3  class=29/200
>Z 834 graphs generated in 3.37 sec
>F 834 cores checked in 0.47 sec
>A genbg n=4+17 e=31:31 d=4:0 D=9:3  class=30/200
>Z 866 graphs generated in 3.37 sec
>F 866 cores checked in 0.49 sec
>A genbg n=4+17 e=31:31 d=4:0 D=9:3  class=31/200
>Z 772 graphs generated in 3.37 sec
>F 772 cores checked in 0.43 sec
>A genbg n=4+17 e=31:31 d=4:0 D=9:3  class=32/200
>Z 767 graphs generated in 3.36 sec
>F 767 cores checked in 0.43 sec
>A genbg n=4+17 e=31:31 d=4:0 D=9:3  class=33/200
>Z 815 graphs generated in 3.37 sec
>F 815 cores checked in 0.45 sec
>A genbg n=4+17 e=31:31 d=4:0 D=9:3  class=34/200
>Z 771 graphs generated in 3.44 sec
>F 771 cores checked in 0.43 sec
>A genbg n=4+17 e=31:31 d=4:0 D=9:3  class=35/200
>Z 790 graphs generated in 3.40 sec
>F 790 cores checked in 0.45 sec
>A genbg n=4+17 e=31:31 d=4:0 D=9:3  class=36/200
>Z 710 graphs generated in 3.36 sec
>F 710 cores checked in 0.40 sec
>A genbg n=4+17 e=31:31 d=4:0 D=9:3  class=37/200
>Z 764 graphs generated in 3.35 sec
>F 764 cores checked in 0.42 sec
>A genbg n=4+17 e=31:31 d=4:0 D=9:3  class=38/200
>Z 900 graphs generated in 3.36 sec
>F 900 cores checked in 0.50 sec
>A genbg n=4+17 e=31:31 d=4:0 D=9:3  class=39/200
>Z 768 graphs generated in 3.35 sec
>F 768 cores checked in 0.44 sec
>A genbg n=4+17 e=31:31 d=4:0 D=9:3  class=40/200
>Z 771 graphs generated in 3.33 sec
>F 771 cores checked in 0.44 sec
>A genbg n=4+17 e=31:31 d=4:0 D=9:3  class=41/200
>Z 803 graphs generated in 3.34 sec
>F 803 cores checked in 0.45 sec
>A genbg n=4+17 e=31:31 d=4:0 D=9:3  class=42/200
>Z 814 graphs generated in 3.36 sec
>F 814 cores checked in 0.46 sec
>A genbg n=4+17 e=31:31 d=4:0 D=9:3  class=43/200
>Z 883 graphs generated in 3.28 sec
>F 883 cores checked in 0.50 sec
>A genbg n=4+17 e=31:31 d=4:0 D=9:3  class=44/200
>Z 849 graphs generated in 3.35 sec
>F 849 cores checked in 0.47 sec
>A genbg n=4+17 e=31:31 d=4:0 D=9:3  class=45/200
>Z 883 graphs generated in 3.41 sec
>F 883 cores checked in 0.50 sec
>A genbg n=4+17 e=31:31 d=4:0 D=9:3  class=46/200
>Z 732 graphs generated in 3.46 sec
>F 732 cores checked in 0.42 sec
>A genbg n=4+17 e=31:31 d=4:0 D=9:3  class=47/200
>Z 719 graphs generated in 3.37 sec
>F 719 cores checked in 0.41 sec
>A genbg n=4+17 e=31:31 d=4:0 D=9:3  class=48/200
>Z 809 graphs generated in 3.42 sec
>F 809 cores checked in 0.46 sec
>A genbg n=4+17 e=31:31 d=4:0 D=9:3  class=49/200
>Z 802 graphs generated in 3.36 sec
>F 802 cores checked in 0.46 sec
>A genbg n=4+17 e=31:31 d=4:0 D=9:3  class=50/200
>Z 859 graphs generated in 3.34 sec
>F 859 cores checked in 0.48 sec
>A genbg n=4+17 e=31:31 d=4:0 D=9:3  class=51/200
>Z 839 graphs generated in 3.22 sec
>F 839 cores checked in 0.48 sec
>A genbg n=4+17 e=31:31 d=4:0 D=9:3  class=52/200
>Z 732 graphs generated in 3.34 sec
>F 732 cores checked in 0.41 sec
>A genbg n=4+17 e=31:31 d=4:0 D=9:3  class=53/200
>Z 775 graphs generated in 3.36 sec
>F 775 cores checked in 0.44 sec
>A genbg n=4+17 e=31:31 d=4:0 D=9:3  class=54/200
>Z 906 graphs generated in 3.37 sec
>F 906 cores checked in 0.51 sec
>A genbg n=4+17 e=31:31 d=4:0 D=9:3  class=55/200
>Z 781 graphs generated in 3.36 sec
>F 781 cores checked in 28.78 sec
>A genbg n=4+17 e=31:31 d=4:0 D=9:3  class=56/200
>Z 864 graphs generated in 3.39 sec
>F 864 cores checked in 104.19 sec
>A genbg n=4+17 e=31:31 d=4:0 D=9:3  class=57/200
>Z 745 graphs generated in 3.32 sec
>F 745 cores checked in 0.42 sec
>A genbg n=4+17 e=31:31 d=4:0 D=9:3  class=58/200
>Z 711 graphs generated in 3.38 sec
>F 711 cores checked in 67.66 sec
>A genbg n=4+17 e=31:31 d=4:0 D=9:3  class=59/200
>Z 870 graphs generated in 3.36 sec
>F 870 cores checked in 0.49 sec
>A genbg n=4+17 e=31:31 d=4:0 D=9:3  class=60/200
>Z 775 graphs generated in 3.37 sec
>F 775 cores checked in 0.44 sec
>A genbg n=4+17 e=31:31 d=4:0 D=9:3  class=61/200
>Z 817 graphs generated in 3.31 sec
>F 817 cores checked in 0.46 sec
>A genbg n=4+17 e=31:31 d=4:0 D=9:3  class=62/200
>Z 783 graphs generated in 3.36 sec
>F 783 cores checked in 5.88 sec
>A genbg n=4+17 e=31:31 d=4:0 D=9:3  class=63/200
>Z 724 graphs generated in 3.33 sec
>F 724 cores checked in 0.41 sec
>A genbg n=4+17 e=31:31 d=4:0 D=9:3  class=64/200
>Z 818 graphs generated in 3.36 sec
>F 818 cores checked in 0.46 sec
>A genbg n=4+17 e=31:31 d=4:0 D=9:3  class=65/200
>Z 793 graphs generated in 3.37 sec
>F 793 cores checked in 0.45 sec
>A genbg n=4+17 e=31:31 d=4:0 D=9:3  class=66/200
>Z 747 graphs generated in 3.35 sec
>F 747 cores checked in 0.42 sec
>A genbg n=4+17 e=31:31 d=4:0 D=9:3  class=67/200
>Z 792 graphs generated in 3.37 sec
>F 792 cores checked in 0.44 sec
>A genbg n=4+17 e=31:31 d=4:0 D=9:3  class=68/200
>Z 770 graphs generated in 3.37 sec
>F 770 cores checked in 0.43 sec
>A genbg n=4+17 e=31:31 d=4:0 D=9:3  class=69/200
>Z 737 graphs generated in 3.36 sec
>F 737 cores checked in 0.41 sec
>A genbg n=4+17 e=31:31 d=4:0 D=9:3  class=70/200
>Z 771 graphs generated in 3.36 sec
>F 771 cores checked in 0.43 sec
>A genbg n=4+17 e=31:31 d=4:0 D=9:3  class=71/200
>Z 780 graphs generated in 3.35 sec
>F 780 cores checked in 0.44 sec
>A genbg n=4+17 e=31:31 d=4:0 D=9:3  class=72/200
>Z 824 graphs generated in 3.36 sec
>F 824 cores checked in 0.46 sec
>A genbg n=4+17 e=31:31 d=4:0 D=9:3  class=73/200
>Z 745 graphs generated in 3.34 sec
>F 745 cores checked in 0.42 sec
>A genbg n=4+17 e=31:31 d=4:0 D=9:3  class=74/200
>Z 727 graphs generated in 3.28 sec
>F 727 cores checked in 0.40 sec
>A genbg n=4+17 e=31:31 d=4:0 D=9:3  class=75/200
>Z 833 graphs generated in 3.36 sec
>F 833 cores checked in 0.46 sec
>A genbg n=4+17 e=31:31 d=4:0 D=9:3  class=76/200
>Z 813 graphs generated in 3.55 sec
>F 813 cores checked in 0.46 sec
>A genbg n=4+17 e=31:31 d=4:0 D=9:3  class=77/200
>Z 845 graphs generated in 3.41 sec
>F 845 cores checked in 0.47 sec
>A genbg n=4+17 e=31:31 d=4:0 D=9:3  class=78/200
>Z 755 graphs generated in 3.37 sec
>F 755 cores checked in 0.42 sec
>A genbg n=4+17 e=31:31 d=4:0 D=9:3  class=79/200
>Z 718 graphs generated in 3.13 sec
>F 718 cores checked in 0.41 sec
>A genbg n=4+17 e=31:31 d=4:0 D=9:3  class=80/200
>Z 823 graphs generated in 3.33 sec
>F 823 cores checked in 0.46 sec
>A genbg n=4+17 e=31:31 d=4:0 D=9:3  class=81/200
>Z 775 graphs generated in 3.32 sec
>F 775 cores checked in 0.44 sec
>A genbg n=4+17 e=31:31 d=4:0 D=9:3  class=82/200
>Z 763 graphs generated in 3.36 sec
>F 763 cores checked in 0.43 sec
>A genbg n=4+17 e=31:31 d=4:0 D=9:3  class=83/200
>Z 779 graphs generated in 3.35 sec
>F 779 cores checked in 0.44 sec
>A genbg n=4+17 e=31:31 d=4:0 D=9:3  class=84/200
>Z 776 graphs generated in 3.35 sec
>F 776 cores checked in 0.44 sec
>A genbg n=4+17 e=31:31 d=4:0 D=9:3  class=85/200
>Z 787 graphs generated in 3.37 sec
>F 787 cores checked in 0.43 sec
>A genbg n=4+17 e=31:31 d=4:0 D=9:3  class=86/200
>Z 824 graphs generated in 3.35 sec
>F 824 cores checked in 0.46 sec
>A genbg n=4+17 e=31:31 d=4:0 D=9:3  class=87/200
>Z 880 graphs generated in 3.36 sec
>F 880 cores checked in 0.49 sec
>A genbg n=4+17 e=31:31 d=4:0 D=9:3  class=88/200
>Z 825 graphs generated in 3.36 sec
>F 825 cores checked in 0.46 sec
>A genbg n=4+17 e=31:31 d=4:0 D=9:3  class=89/200
>Z 820 graphs generated in 3.36 sec
>F 820 cores checked in 0.46 sec
>A genbg n=4+17 e=31:31 d=4:0 D=9:3  class=90/200
>Z 777 graphs generated in 3.33 sec
>F 777 cores checked in 0.44 sec
>A genbg n=4+17 e=31:31 d=4:0 D=9:3  class=91/200
>Z 802 graphs generated in 3.33 sec
>F 802 cores checked in 0.45 sec
>A genbg n=4+17 e=31:31 d=4:0 D=9:3  class=92/200
>Z 845 graphs generated in 3.35 sec
>F 845 cores checked in 0.48 sec
>A genbg n=4+17 e=31:31 d=4:0 D=9:3  class=93/200
>Z 799 graphs generated in 3.36 sec
>F 799 cores checked in 0.45 sec
>A genbg n=4+17 e=31:31 d=4:0 D=9:3  class=94/200
>Z 732 graphs generated in 3.35 sec
>F 732 cores checked in 0.42 sec
>A genbg n=4+17 e=31:31 d=4:0 D=9:3  class=95/200
>Z 745 graphs generated in 3.43 sec
>F 745 cores checked in 0.42 sec
>A genbg n=4+17 e=31:31 d=4:0 D=9:3  class=96/200
>Z 813 graphs generated in 3.36 sec
>F 813 cores checked in 0.46 sec
>A genbg n=4+17 e=31:31 d=4:0 D=9:3  class=97/200
>Z 745 graphs generated in 3.36 sec
>F 745 cores checked in 0.42 sec
>A genbg n=4+17 e=31:31 d=4:0 D=9:3  class=98/200
>Z 747 graphs generated in 3.22 sec
>F 747 cores checked in 0.42 sec
>A genbg n=4+17 e=31:31 d=4:0 D=9:3  class=99/200
>Z 803 graphs generated in 3.31 sec
>F 803 cores checked in 0.45 sec
>A genbg n=4+17 e=31:31 d=4:0 D=9:3  class=100/200
>Z 799 graphs generated in 3.37 sec
>F 799 cores checked in 40.05 sec
>A genbg n=4+17 e=31:31 d=4:0 D=9:3  class=101/200
>Z 887 graphs generated in 3.34 sec
>F 887 cores checked in 0.50 sec
>A genbg n=4+17 e=31:31 d=4:0 D=9:3  class=102/200
>Z 853 graphs generated in 3.36 sec
>F 853 cores checked in 0.48 sec
>A genbg n=4+17 e=31:31 d=4:0 D=9:3  class=103/200
>Z 755 graphs generated in 3.38 sec
>F 755 cores checked in 0.43 sec
>A genbg n=4+17 e=31:31 d=4:0 D=9:3  class=104/200
>Z 786 graphs generated in 3.36 sec
>F 786 cores checked in 0.45 sec
>A genbg n=4+17 e=31:31 d=4:0 D=9:3  class=105/200
>Z 819 graphs generated in 3.34 sec
>F 819 cores checked in 0.46 sec
>A genbg n=4+17 e=31:31 d=4:0 D=9:3  class=106/200
>Z 790 graphs generated in 3.37 sec
>F 790 cores checked in 0.45 sec
>A genbg n=4+17 e=31:31 d=4:0 D=9:3  class=107/200
>Z 792 graphs generated in 3.37 sec
>F 792 cores checked in 0.44 sec
>A genbg n=4+17 e=31:31 d=4:0 D=9:3  class=108/200
>Z 757 graphs generated in 3.30 sec
>F 757 cores checked in 0.43 sec
>A genbg n=4+17 e=31:31 d=4:0 D=9:3  class=109/200
>Z 742 graphs generated in 3.37 sec
>F 742 cores checked in 0.41 sec
>A genbg n=4+17 e=31:31 d=4:0 D=9:3  class=110/200
>Z 929 graphs generated in 3.39 sec
>F 929 cores checked in 0.52 sec
>A genbg n=4+17 e=31:31 d=4:0 D=9:3  class=111/200
>Z 814 graphs generated in 3.42 sec
>F 814 cores checked in 0.47 sec
>A genbg n=4+17 e=31:31 d=4:0 D=9:3  class=112/200
>Z 726 graphs generated in 3.30 sec
>F 726 cores checked in 0.40 sec
>A genbg n=4+17 e=31:31 d=4:0 D=9:3  class=113/200
>Z 802 graphs generated in 3.35 sec
>F 802 cores checked in 0.45 sec
>A genbg n=4+17 e=31:31 d=4:0 D=9:3  class=114/200
>Z 732 graphs generated in 3.35 sec
>F 732 cores checked in 0.42 sec
>A genbg n=4+17 e=31:31 d=4:0 D=9:3  class=115/200
>Z 837 graphs generated in 3.36 sec
>F 837 cores checked in 0.47 sec
>A genbg n=4+17 e=31:31 d=4:0 D=9:3  class=116/200
>Z 778 graphs generated in 3.41 sec
>F 778 cores checked in 0.44 sec
>A genbg n=4+17 e=31:31 d=4:0 D=9:3  class=117/200
>Z 821 graphs generated in 3.41 sec
>F 821 cores checked in 0.47 sec
>A genbg n=4+17 e=31:31 d=4:0 D=9:3  class=118/200
>Z 731 graphs generated in 3.16 sec
>F 731 cores checked in 0.41 sec
>A genbg n=4+17 e=31:31 d=4:0 D=9:3  class=119/200
>Z 740 graphs generated in 3.35 sec
>F 740 cores checked in 0.42 sec
>A genbg n=4+17 e=31:31 d=4:0 D=9:3  class=120/200
>Z 789 graphs generated in 3.32 sec
>F 789 cores checked in 0.45 sec
>A genbg n=4+17 e=31:31 d=4:0 D=9:3  class=121/200
>Z 759 graphs generated in 3.38 sec
>F 759 cores checked in 0.43 sec
>A genbg n=4+17 e=31:31 d=4:0 D=9:3  class=122/200
>Z 820 graphs generated in 3.36 sec
>F 820 cores checked in 0.46 sec
>A genbg n=4+17 e=31:31 d=4:0 D=9:3  class=123/200
>Z 849 graphs generated in 3.35 sec
>F 849 cores checked in 0.47 sec
>A genbg n=4+17 e=31:31 d=4:0 D=9:3  class=124/200
>Z 767 graphs generated in 3.37 sec
>F 767 cores checked in 0.43 sec
>A genbg n=4+17 e=31:31 d=4:0 D=9:3  class=125/200
>Z 802 graphs generated in 3.39 sec
>F 802 cores checked in 0.45 sec
>A genbg n=4+17 e=31:31 d=4:0 D=9:3  class=126/200
>Z 747 graphs generated in 3.35 sec
>F 747 cores checked in 0.42 sec
>A genbg n=4+17 e=31:31 d=4:0 D=9:3  class=127/200
>Z 766 graphs generated in 3.36 sec
>F 766 cores checked in 17.50 sec
>A genbg n=4+17 e=31:31 d=4:0 D=9:3  class=128/200
>Z 691 graphs generated in 3.35 sec
>F 691 cores checked in 0.39 sec
>A genbg n=4+17 e=31:31 d=4:0 D=9:3  class=129/200
>Z 785 graphs generated in 3.37 sec
>F 785 cores checked in 0.45 sec
>A genbg n=4+17 e=31:31 d=4:0 D=9:3  class=130/200
>Z 788 graphs generated in 3.35 sec
>F 788 cores checked in 0.45 sec
>A genbg n=4+17 e=31:31 d=4:0 D=9:3  class=131/200
>Z 786 graphs generated in 3.44 sec
>F 786 cores checked in 0.45 sec
>A genbg n=4+17 e=31:31 d=4:0 D=9:3  class=132/200
>Z 736 graphs generated in 3.35 sec
>F 736 cores checked in 0.42 sec
>A genbg n=4+17 e=31:31 d=4:0 D=9:3  class=133/200
>Z 792 graphs generated in 3.43 sec
>F 792 cores checked in 0.44 sec
>A genbg n=4+17 e=31:31 d=4:0 D=9:3  class=134/200
>Z 780 graphs generated in 3.27 sec
>F 780 cores checked in 0.44 sec
>A genbg n=4+17 e=31:31 d=4:0 D=9:3  class=135/200
>Z 828 graphs generated in 3.35 sec
>F 828 cores checked in 0.47 sec
>A genbg n=4+17 e=31:31 d=4:0 D=9:3  class=136/200
>Z 816 graphs generated in 3.31 sec
>F 816 cores checked in 0.46 sec
>A genbg n=4+17 e=31:31 d=4:0 D=9:3  class=137/200
>Z 849 graphs generated in 3.11 sec
>F 849 cores checked in 0.47 sec
>A genbg n=4+17 e=31:31 d=4:0 D=9:3  class=138/200
>Z 754 graphs generated in 3.34 sec
>F 754 cores checked in 0.43 sec
>A genbg n=4+17 e=31:31 d=4:0 D=9:3  class=139/200
>Z 819 graphs generated in 3.37 sec
>F 819 cores checked in 0.46 sec
>A genbg n=4+17 e=31:31 d=4:0 D=9:3  class=140/200
>Z 794 graphs generated in 3.35 sec
>F 794 cores checked in 0.45 sec
>A genbg n=4+17 e=31:31 d=4:0 D=9:3  class=141/200
>Z 824 graphs generated in 3.37 sec
>F 824 cores checked in 0.46 sec
>A genbg n=4+17 e=31:31 d=4:0 D=9:3  class=142/200
>Z 752 graphs generated in 3.33 sec
>F 752 cores checked in 0.43 sec
>A genbg n=4+17 e=31:31 d=4:0 D=9:3  class=143/200
>Z 816 graphs generated in 3.37 sec
>F 816 cores checked in 0.46 sec
>A genbg n=4+17 e=31:31 d=4:0 D=9:3  class=144/200
>Z 738 graphs generated in 3.34 sec
>F 738 cores checked in 0.42 sec
>A genbg n=4+17 e=31:31 d=4:0 D=9:3  class=145/200
>Z 779 graphs generated in 3.19 sec
>F 779 cores checked in 0.45 sec
>A genbg n=4+17 e=31:31 d=4:0 D=9:3  class=146/200
>Z 716 graphs generated in 3.46 sec
>F 716 cores checked in 0.41 sec
>A genbg n=4+17 e=31:31 d=4:0 D=9:3  class=147/200
>Z 782 graphs generated in 3.36 sec
>F 782 cores checked in 0.45 sec
>A genbg n=4+17 e=31:31 d=4:0 D=9:3  class=148/200
>Z 729 graphs generated in 3.35 sec
>F 729 cores checked in 0.42 sec
>A genbg n=4+17 e=31:31 d=4:0 D=9:3  class=149/200
>Z 814 graphs generated in 3.35 sec
>F 814 cores checked in 0.47 sec
>A genbg n=4+17 e=31:31 d=4:0 D=9:3  class=150/200
>Z 779 graphs generated in 3.36 sec
>F 779 cores checked in 0.44 sec
>A genbg n=4+17 e=31:31 d=4:0 D=9:3  class=151/200
>Z 798 graphs generated in 3.35 sec
>F 798 cores checked in 0.45 sec
>A genbg n=4+17 e=31:31 d=4:0 D=9:3  class=152/200
>Z 789 graphs generated in 3.36 sec
>F 789 cores checked in 0.45 sec
>A genbg n=4+17 e=31:31 d=4:0 D=9:3  class=153/200
>Z 859 graphs generated in 3.36 sec
>F 859 cores checked in 0.49 sec
>A genbg n=4+17 e=31:31 d=4:0 D=9:3  class=154/200
>Z 796 graphs generated in 3.34 sec
>F 796 cores checked in 0.46 sec
>A genbg n=4+17 e=31:31 d=4:0 D=9:3  class=155/200
>Z 795 graphs generated in 3.38 sec
>F 795 cores checked in 0.45 sec
>A genbg n=4+17 e=31:31 d=4:0 D=9:3  class=156/200
>Z 680 graphs generated in 3.32 sec
>F 680 cores checked in 0.39 sec
>A genbg n=4+17 e=31:31 d=4:0 D=9:3  class=157/200
>Z 742 graphs generated in 3.34 sec
>F 742 cores checked in 0.42 sec
>A genbg n=4+17 e=31:31 d=4:0 D=9:3  class=158/200
>Z 772 graphs generated in 3.34 sec
>F 772 cores checked in 0.44 sec
>A genbg n=4+17 e=31:31 d=4:0 D=9:3  class=159/200
>Z 793 graphs generated in 3.36 sec
>F 793 cores checked in 0.46 sec
>A genbg n=4+17 e=31:31 d=4:0 D=9:3  class=160/200
>Z 756 graphs generated in 3.36 sec
>F 756 cores checked in 0.43 sec
>A genbg n=4+17 e=31:31 d=4:0 D=9:3  class=161/200
>Z 770 graphs generated in 3.36 sec
>F 770 cores checked in 0.44 sec
>A genbg n=4+17 e=31:31 d=4:0 D=9:3  class=162/200
>Z 809 graphs generated in 3.36 sec
>F 809 cores checked in 0.46 sec
>A genbg n=4+17 e=31:31 d=4:0 D=9:3  class=163/200
>Z 777 graphs generated in 3.35 sec
>F 777 cores checked in 0.44 sec
>A genbg n=4+17 e=31:31 d=4:0 D=9:3  class=164/200
>Z 798 graphs generated in 3.38 sec
>F 798 cores checked in 0.45 sec
>A genbg n=4+17 e=31:31 d=4:0 D=9:3  class=165/200
>Z 833 graphs generated in 3.36 sec
>F 833 cores checked in 0.48 sec
>A genbg n=4+17 e=31:31 d=4:0 D=9:3  class=166/200
>Z 787 graphs generated in 3.36 sec
>F 787 cores checked in 0.45 sec
>A genbg n=4+17 e=31:31 d=4:0 D=9:3  class=167/200
>Z 749 graphs generated in 3.36 sec
>F 749 cores checked in 19.44 sec
>A genbg n=4+17 e=31:31 d=4:0 D=9:3  class=168/200
>Z 748 graphs generated in 3.36 sec
>F 748 cores checked in 0.43 sec
>A genbg n=4+17 e=31:31 d=4:0 D=9:3  class=169/200
>Z 824 graphs generated in 3.35 sec
>F 824 cores checked in 0.46 sec
>A genbg n=4+17 e=31:31 d=4:0 D=9:3  class=170/200
>Z 804 graphs generated in 3.36 sec
>F 804 cores checked in 2.83 sec
>A genbg n=4+17 e=31:31 d=4:0 D=9:3  class=171/200
>Z 722 graphs generated in 3.34 sec
>F 722 cores checked in 1.22 sec
>A genbg n=4+17 e=31:31 d=4:0 D=9:3  class=172/200
>Z 705 graphs generated in 3.34 sec
>F 705 cores checked in 1.72 sec
>A genbg n=4+17 e=31:31 d=4:0 D=9:3  class=173/200
>Z 678 graphs generated in 3.37 sec
>F 678 cores checked in 0.38 sec
>A genbg n=4+17 e=31:31 d=4:0 D=9:3  class=174/200
>Z 759 graphs generated in 3.47 sec
>F 759 cores checked in 0.44 sec
>A genbg n=4+17 e=31:31 d=4:0 D=9:3  class=175/200
>Z 784 graphs generated in 3.37 sec
>F 784 cores checked in 0.45 sec
>A genbg n=4+17 e=31:31 d=4:0 D=9:3  class=176/200
>Z 810 graphs generated in 3.35 sec
>F 810 cores checked in 0.46 sec
>A genbg n=4+17 e=31:31 d=4:0 D=9:3  class=177/200
>Z 771 graphs generated in 3.36 sec
>F 771 cores checked in 0.44 sec
>A genbg n=4+17 e=31:31 d=4:0 D=9:3  class=178/200
>Z 665 graphs generated in 3.36 sec
>F 665 cores checked in 0.38 sec
>A genbg n=4+17 e=31:31 d=4:0 D=9:3  class=179/200
>Z 798 graphs generated in 3.35 sec
>F 798 cores checked in 0.46 sec
>A genbg n=4+17 e=31:31 d=4:0 D=9:3  class=180/200
>Z 769 graphs generated in 3.38 sec
>F 769 cores checked in 0.44 sec
>A genbg n=4+17 e=31:31 d=4:0 D=9:3  class=181/200
>Z 857 graphs generated in 3.40 sec
>F 857 cores checked in 0.49 sec
>A genbg n=4+17 e=31:31 d=4:0 D=9:3  class=182/200
>Z 770 graphs generated in 3.37 sec
>F 770 cores checked in 99.81 sec
>A genbg n=4+17 e=31:31 d=4:0 D=9:3  class=183/200
>Z 773 graphs generated in 3.36 sec
>F 773 cores checked in 0.44 sec
>A genbg n=4+17 e=31:31 d=4:0 D=9:3  class=184/200
>Z 756 graphs generated in 3.36 sec
>F 756 cores checked in 0.43 sec
>A genbg n=4+17 e=31:31 d=4:0 D=9:3  class=185/200
>Z 807 graphs generated in 3.38 sec
>F 807 cores checked in 0.46 sec
>A genbg n=4+17 e=31:31 d=4:0 D=9:3  class=186/200
>Z 759 graphs generated in 3.32 sec
>F 759 cores checked in 0.43 sec
>A genbg n=4+17 e=31:31 d=4:0 D=9:3  class=187/200
>Z 710 graphs generated in 3.36 sec
>F 710 cores checked in 0.40 sec
>A genbg n=4+17 e=31:31 d=4:0 D=9:3  class=188/200
>Z 740 graphs generated in 3.32 sec
>F 740 cores checked in 0.42 sec
>A genbg n=4+17 e=31:31 d=4:0 D=9:3  class=189/200
>Z 785 graphs generated in 3.32 sec
>F 785 cores checked in 0.45 sec
>A genbg n=4+17 e=31:31 d=4:0 D=9:3  class=190/200
>Z 826 graphs generated in 3.36 sec
>F 826 cores checked in 143.33 sec
>A genbg n=4+17 e=31:31 d=4:0 D=9:3  class=191/200
>Z 806 graphs generated in 3.36 sec
>F 806 cores checked in 0.46 sec
>A genbg n=4+17 e=31:31 d=4:0 D=9:3  class=192/200
>Z 786 graphs generated in 3.38 sec
>F 786 cores checked in 0.45 sec
>A genbg n=4+17 e=31:31 d=4:0 D=9:3  class=193/200
>Z 794 graphs generated in 3.40 sec
>F 794 cores checked in 0.45 sec
>A genbg n=4+17 e=31:31 d=4:0 D=9:3  class=194/200
>Z 803 graphs generated in 3.37 sec
>F 803 cores checked in 0.46 sec
>A genbg n=4+17 e=31:31 d=4:0 D=9:3  class=195/200
>Z 821 graphs generated in 3.27 sec
>F 821 cores checked in 0.47 sec
>A genbg n=4+17 e=31:31 d=4:0 D=9:3  class=196/200
>Z 667 graphs generated in 3.35 sec
>F 667 cores checked in 0.38 sec
>A genbg n=4+17 e=31:31 d=4:0 D=9:3  class=197/200
>Z 794 graphs generated in 3.38 sec
>F 794 cores checked in 0.45 sec
>A genbg n=4+17 e=31:31 d=4:0 D=9:3  class=198/200
>Z 784 graphs generated in 3.36 sec
>F 784 cores checked in 0.45 sec
>A genbg n=4+17 e=31:31 d=4:0 D=9:3  class=199/200
>Z 780 graphs generated in 3.32 sec
>F 780 cores checked in 0.44 sec



=== Total number of graphs generated: 158492
=== Total number of graphs checked: 158492
=== Total time for generation: 670.35 seconds
=== Total time for checking: 702.53 seconds
=== Total number of exceptional graphs: 0

