=== Log file for genbg_-d7:0_-D9:3_3_17_25:25



>A genbg n=3+17 e=25:25 d=7:0 D=9:3  class=0/200
>Z 3 graphs generated in 0.07 sec
>F 3 cores checked in 0.00 sec
>A genbg n=3+17 e=25:25 d=7:0 D=9:3  class=1/200
>Z 3 graphs generated in 0.06 sec
>F 3 cores checked in 0.00 sec
>A genbg n=3+17 e=25:25 d=7:0 D=9:3  class=2/200
>Z 3 graphs generated in 0.06 sec
>F 3 cores checked in 0.00 sec
>A genbg n=3+17 e=25:25 d=7:0 D=9:3  class=3/200
>Z 3 graphs generated in 0.06 sec
>F 3 cores checked in 0.00 sec
>A genbg n=3+17 e=25:25 d=7:0 D=9:3  class=4/200
>Z 3 graphs generated in 0.07 sec
>F 3 cores checked in 0.00 sec
>A genbg n=3+17 e=25:25 d=7:0 D=9:3  class=5/200
>Z 4 graphs generated in 0.07 sec
>F 4 cores checked in 0.00 sec
>A genbg n=3+17 e=25:25 d=7:0 D=9:3  class=6/200
>Z 2 graphs generated in 0.06 sec
>F 2 cores checked in 0.00 sec
>A genbg n=3+17 e=25:25 d=7:0 D=9:3  class=7/200
>Z 3 graphs generated in 0.09 sec
>F 3 cores checked in 0.00 sec
>A genbg n=3+17 e=25:25 d=7:0 D=9:3  class=8/200
>Z 2 graphs generated in 0.07 sec
>F 2 cores checked in 0.00 sec
>A genbg n=3+17 e=25:25 d=7:0 D=9:3  class=9/200
>Z 2 graphs generated in 0.06 sec
>F 2 cores checked in 0.00 sec
>A genbg n=3+17 e=25:25 d=7:0 D=9:3  class=10/200
>Z 4 graphs generated in 0.06 sec
>F 4 cores checked in 0.00 sec
>A genbg n=3+17 e=25:25 d=7:0 D=9:3  class=11/200
>Z 5 graphs generated in 0.07 sec
>F 5 cores checked in 0.00 sec
>A genbg n=3+17 e=25:25 d=7:0 D=9:3  class=12/200
>Z 5 graphs generated in 0.06 sec
>F 5 cores checked in 0.00 sec
>A genbg n=3+17 e=25:25 d=7:0 D=9:3  class=13/200
>Z 5 graphs generated in 0.07 sec
>F 5 cores checked in 0.00 sec
>A genbg n=3+17 e=25:25 d=7:0 D=9:3  class=14/200
>Z 2 graphs generated in 0.06 sec
>F 2 cores checked in 0.00 sec
>A genbg n=3+17 e=25:25 d=7:0 D=9:3  class=15/200
>Z 4 graphs generated in 0.07 sec
>F 4 cores checked in 0.00 sec
>A genbg n=3+17 e=25:25 d=7:0 D=9:3  class=16/200
>Z 2 graphs generated in 0.06 sec
>F 2 cores checked in 0.00 sec
>A genbg n=3+17 e=25:25 d=7:0 D=9:3  class=17/200
>Z 1 graphs generated in 0.06 sec
>F 1 cores checked in 0.00 sec
>A genbg n=3+17 e=25:25 d=7:0 D=9:3  class=18/200
>Z 3 graphs generated in 0.06 sec
>F 3 cores checked in 0.00 sec
>A genbg n=3+17 e=25:25 d=7:0 D=9:3  class=19/200
>Z 3 graphs generated in 0.06 sec
>F 3 cores checked in 0.00 sec
>A genbg n=3+17 e=25:25 d=7:0 D=9:3  class=20/200
>Z 2 graphs generated in 0.07 sec
>F 2 cores checked in 0.00 sec
>A genbg n=3+17 e=25:25 d=7:0 D=9:3  class=21/200
>Z 6 graphs generated in 0.06 sec
>F 6 cores checked in 0.00 sec
>A genbg n=3+17 e=25:25 d=7:0 D=9:3  class=22/200
>Z 5 graphs generated in 0.07 sec
>F 5 cores checked in 0.00 sec
>A genbg n=3+17 e=25:25 d=7:0 D=9:3  class=23/200
>Z 1 graphs generated in 0.06 sec
>F 1 cores checked in 0.00 sec
>A genbg n=3+17 e=25:25 d=7:0 D=9:3  class=24/200
>Z 4 graphs generated in 0.06 sec
>F 4 cores checked in 0.00 sec
>A genbg n=3+17 e=25:25 d=7:0 D=9:3  class=25/200
>Z 4 graphs generated in 0.06 sec
>F 4 cores checked in 0.00 sec
>A genbg n=3+17 e=25:25 d=7:0 D=9:3  class=26/200
>Z 4 graphs generated in 0.10 sec
>F 4 cores checked in 0.00 sec
>A genbg n=3+17 e=25:25 d=7:0 D=9:3  class=27/200
>Z 4 graphs generated in 0.07 sec
>F 4 cores checked in 0.00 sec
>A genbg n=3+17 e=25:25 d=7:0 D=9:3  class=28/200
>Z 4 graphs generated in 0.07 sec
>F 4 cores checked in 0.00 sec
>A genbg n=3+17 e=25:25 d=7:0 D=9:3  class=29/200
>Z 1 graphs generated in 0.07 sec
>F 1 cores checked in 0.00 sec
>A genbg n=3+17 e=25:25 d=7:0 D=9:3  class=30/200
>Z 2 graphs generated in 0.07 sec
>F 2 cores checked in 0.00 sec
>A genbg n=3+17 e=25:25 d=7:0 D=9:3  class=31/200
>Z 6 graphs generated in 0.06 sec
>F 6 cores checked in 0.00 sec
>A genbg n=3+17 e=25:25 d=7:0 D=9:3  class=32/200
>Z 4 graphs generated in 0.07 sec
>F 4 cores checked in 0.00 sec
>A genbg n=3+17 e=25:25 d=7:0 D=9:3  class=33/200
>Z 4 graphs generated in 0.07 sec
>F 4 cores checked in 0.00 sec
>A genbg n=3+17 e=25:25 d=7:0 D=9:3  class=34/200
>Z 4 graphs generated in 0.07 sec
>F 4 cores checked in 0.00 sec
>A genbg n=3+17 e=25:25 d=7:0 D=9:3  class=35/200
>Z 3 graphs generated in 0.06 sec
>F 3 cores checked in 0.00 sec
>A genbg n=3+17 e=25:25 d=7:0 D=9:3  class=36/200
>Z 1 graphs generated in 0.08 sec
>F 1 cores checked in 0.00 sec
>A genbg n=3+17 e=25:25 d=7:0 D=9:3  class=37/200
>Z 3 graphs generated in 0.06 sec
>F 3 cores checked in 0.00 sec
>A genbg n=3+17 e=25:25 d=7:0 D=9:3  class=38/200
>Z 4 graphs generated in 0.06 sec
>F 4 cores checked in 0.00 sec
>A genbg n=3+17 e=25:25 d=7:0 D=9:3  class=39/200
>Z 5 graphs generated in 0.07 sec
>F 5 cores checked in 0.00 sec
>A genbg n=3+17 e=25:25 d=7:0 D=9:3  class=40/200
>Z 2 graphs generated in 0.07 sec
>F 2 cores checked in 0.00 sec
>A genbg n=3+17 e=25:25 d=7:0 D=9:3  class=41/200
>Z 4 graphs generated in 0.07 sec
>F 4 cores checked in 0.00 sec
>A genbg n=3+17 e=25:25 d=7:0 D=9:3  class=42/200
>Z 0 graphs generated in 0.06 sec
>F 0 cores checked in 0.00 sec
>A genbg n=3+17 e=25:25 d=7:0 D=9:3  class=43/200
>Z 2 graphs generated in 0.07 sec
>F 2 cores checked in 0.00 sec
>A genbg n=3+17 e=25:25 d=7:0 D=9:3  class=44/200
>Z 4 graphs generated in 0.06 sec
>F 4 cores checked in 0.00 sec
>A genbg n=3+17 e=25:25 d=7:0 D=9:3  class=45/200
>Z 4 graphs generated in 0.06 sec
>F 4 cores checked in 0.00 sec
>A genbg n=3+17 e=25:25 d=7:0 D=9:3  class=46/200
>Z 3 graphs generated in 0.07 sec
>F 3 cores checked in 0.00 sec
>A genbg n=3+17 e=25:25 d=7:0 D=9:3  class=47/200
>Z 1 graphs generated in 0.07 sec
>F 1 cores checked in 0.00 sec
>A genbg n=3+17 e=25:25 d=7:0 D=9:3  class=48/200
>Z 2 graphs generated in 0.06 sec
>F 2 cores checked in 0.00 sec
>A genbg n=3+17 e=25:25 d=7:0 D=9:3  class=49/200
>Z 3 graphs generated in 0.07 sec
>F 3 cores checked in 0.00 sec
>A genbg n=3+17 e=25:25 d=7:0 D=9:3  class=50/200
>Z 3 graphs generated in 0.07 sec
>F 3 cores checked in 0.00 sec
>A genbg n=3+17 e=25:25 d=7:0 D=9:3  class=51/200
>Z 4 graphs generated in 0.07 sec
>F 4 cores checked in 0.00 sec
>A genbg n=3+17 e=25:25 d=7:0 D=9:3  class=52/200
>Z 6 graphs generated in 0.07 sec
>F 6 cores checked in 0.00 sec
>A genbg n=3+17 e=25:25 d=7:0 D=9:3  class=53/200
>Z 3 graphs generated in 0.07 sec
>F 3 cores checked in 0.00 sec
>A genbg n=3+17 e=25:25 d=7:0 D=9:3  class=54/200
>Z 5 graphs generated in 0.06 sec
>F 5 cores checked in 0.00 sec
>A genbg n=3+17 e=25:25 d=7:0 D=9:3  class=55/200
>Z 2 graphs generated in 0.07 sec
>F 2 cores checked in 0.00 sec
>A genbg n=3+17 e=25:25 d=7:0 D=9:3  class=56/200
>Z 4 graphs generated in 0.06 sec
>F 4 cores checked in 0.00 sec
>A genbg n=3+17 e=25:25 d=7:0 D=9:3  class=57/200
>Z 4 graphs generated in 0.06 sec
>F 4 cores checked in 0.00 sec
>A genbg n=3+17 e=25:25 d=7:0 D=9:3  class=58/200
>Z 3 graphs generated in 0.06 sec
>F 3 cores checked in 0.00 sec
>A genbg n=3+17 e=25:25 d=7:0 D=9:3  class=59/200
>Z 3 graphs generated in 0.06 sec
>F 3 cores checked in 0.00 sec
>A genbg n=3+17 e=25:25 d=7:0 D=9:3  class=60/200
>Z 7 graphs generated in 0.07 sec
>F 7 cores checked in 0.00 sec
>A genbg n=3+17 e=25:25 d=7:0 D=9:3  class=61/200
>Z 4 graphs generated in 0.07 sec
>F 4 cores checked in 0.00 sec
>A genbg n=3+17 e=25:25 d=7:0 D=9:3  class=62/200
>Z 5 graphs generated in 0.06 sec
>F 5 cores checked in 0.00 sec
>A genbg n=3+17 e=25:25 d=7:0 D=9:3  class=63/200
>Z 4 graphs generated in 0.06 sec
>F 4 cores checked in 0.00 sec
>A genbg n=3+17 e=25:25 d=7:0 D=9:3  class=64/200
>Z 3 graphs generated in 0.06 sec
>F 3 cores checked in 0.00 sec
>A genbg n=3+17 e=25:25 d=7:0 D=9:3  class=65/200
>Z 1 graphs generated in 0.06 sec
>F 1 cores checked in 0.00 sec
>A genbg n=3+17 e=25:25 d=7:0 D=9:3  class=66/200
>Z 5 graphs generated in 0.07 sec
>F 5 cores checked in 0.00 sec
>A genbg n=3+17 e=25:25 d=7:0 D=9:3  class=67/200
>Z 3 graphs generated in 0.07 sec
>F 3 cores checked in 0.00 sec
>A genbg n=3+17 e=25:25 d=7:0 D=9:3  class=68/200
>Z 3 graphs generated in 0.07 sec
>F 3 cores checked in 0.00 sec
>A genbg n=3+17 e=25:25 d=7:0 D=9:3  class=69/200
>Z 3 graphs generated in 0.07 sec
>F 3 cores checked in 0.00 sec
>A genbg n=3+17 e=25:25 d=7:0 D=9:3  class=70/200
>Z 3 graphs generated in 0.06 sec
>F 3 cores checked in 0.00 sec
>A genbg n=3+17 e=25:25 d=7:0 D=9:3  class=71/200
>Z 5 graphs generated in 0.06 sec
>F 5 cores checked in 0.00 sec
>A genbg n=3+17 e=25:25 d=7:0 D=9:3  class=72/200
>Z 3 graphs generated in 0.07 sec
>F 3 cores checked in 0.00 sec
>A genbg n=3+17 e=25:25 d=7:0 D=9:3  class=73/200
>Z 1 graphs generated in 0.07 sec
>F 1 cores checked in 0.00 sec
>A genbg n=3+17 e=25:25 d=7:0 D=9:3  class=74/200
>Z 4 graphs generated in 0.06 sec
>F 4 cores checked in 0.00 sec
>A genbg n=3+17 e=25:25 d=7:0 D=9:3  class=75/200
>Z 4 graphs generated in 0.07 sec
>F 4 cores checked in 0.00 sec
>A genbg n=3+17 e=25:25 d=7:0 D=9:3  class=76/200
>Z 2 graphs generated in 0.07 sec
>F 2 cores checked in 0.00 sec
>A genbg n=3+17 e=25:25 d=7:0 D=9:3  class=77/200
>Z 4 graphs generated in 0.06 sec
>F 4 cores checked in 0.00 sec
>A genbg n=3+17 e=25:25 d=7:0 D=9:3  class=78/200
>Z 4 graphs generated in 0.07 sec
>F 4 cores checked in 0.00 sec
>A genbg n=3+17 e=25:25 d=7:0 D=9:3  class=79/200
>Z 2 graphs generated in 0.07 sec
>F 2 cores checked in 0.00 sec
>A genbg n=3+17 e=25:25 d=7:0 D=9:3  class=80/200
>Z 3 graphs generated in 0.06 sec
>F 3 cores checked in 0.00 sec
>A genbg n=3+17 e=25:25 d=7:0 D=9:3  class=81/200
>Z 3 graphs generated in 0.07 sec
>F 3 cores checked in 0.00 sec
>A genbg n=3+17 e=25:25 d=7:0 D=9:3  class=82/200
>Z 2 graphs generated in 0.07 sec
>F 2 cores checked in 0.00 sec
>A genbg n=3+17 e=25:25 d=7:0 D=9:3  class=83/200
>Z 3 graphs generated in 0.07 sec
>F 3 cores checked in 0.00 sec
>A genbg n=3+17 e=25:25 d=7:0 D=9:3  class=84/200
>Z 1 graphs generated in 0.06 sec
>F 1 cores checked in 0.00 sec
>A genbg n=3+17 e=25:25 d=7:0 D=9:3  class=85/200
>Z 3 graphs generated in 0.06 sec
>F 3 cores checked in 0.00 sec
>A genbg n=3+17 e=25:25 d=7:0 D=9:3  class=86/200
>Z 2 graphs generated in 0.08 sec
>F 2 cores checked in 0.00 sec
>A genbg n=3+17 e=25:25 d=7:0 D=9:3  class=87/200
>Z 2 graphs generated in 0.07 sec
>F 2 cores checked in 0.00 sec
>A genbg n=3+17 e=25:25 d=7:0 D=9:3  class=88/200
>Z 2 graphs generated in 0.07 sec
>F 2 cores checked in 0.00 sec
>A genbg n=3+17 e=25:25 d=7:0 D=9:3  class=89/200
>Z 4 graphs generated in 0.06 sec
>F 4 cores checked in 0.00 sec
>A genbg n=3+17 e=25:25 d=7:0 D=9:3  class=90/200
>Z 3 graphs generated in 0.08 sec
>F 3 cores checked in 0.00 sec
>A genbg n=3+17 e=25:25 d=7:0 D=9:3  class=91/200
>Z 4 graphs generated in 0.07 sec
>F 4 cores checked in 0.00 sec
>A genbg n=3+17 e=25:25 d=7:0 D=9:3  class=92/200
>Z 2 graphs generated in 0.07 sec
>F 2 cores checked in 0.00 sec
>A genbg n=3+17 e=25:25 d=7:0 D=9:3  class=93/200
>Z 4 graphs generated in 0.06 sec
>F 4 cores checked in 0.00 sec
>A genbg n=3+17 e=25:25 d=7:0 D=9:3  class=94/200
>Z 3 graphs generated in 0.06 sec
>F 3 cores checked in 0.00 sec
>A genbg n=3+17 e=25:25 d=7:0 D=9:3  class=95/200
>Z 2 graphs generated in 0.08 sec
>F 2 cores checked in 0.00 sec
>A genbg n=3+17 e=25:25 d=7:0 D=9:3  class=96/200
>Z 3 graphs generated in 0.06 sec
>F 3 cores checked in 0.00 sec
>A genbg n=3+17 e=25:25 d=7:0 D=9:3  class=97/200
>Z 2 graphs generated in 0.06 sec
>F 2 cores checked in 0.00 sec
>A genbg n=3+17 e=25:25 d=7:0 D=9:3  class=98/200
>Z 3 graphs generated in 0.06 sec
>F 3 cores checked in 0.00 sec
>A genbg n=3+17 e=25:25 d=7:0 D=9:3  class=99/200
>Z 1 graphs generated in 0.08 sec
>F 1 cores checked in 0.00 sec
>A genbg n=3+17 e=25:25 d=7:0 D=9:3  class=100/200
>Z 3 graphs generated in 0.07 sec
>F 3 cores checked in 0.00 sec
>A genbg n=3+17 e=25:25 d=7:0 D=9:3  class=101/200
>Z 2 graphs generated in 0.07 sec
>F 2 cores checked in 0.00 sec
>A genbg n=3+17 e=25:25 d=7:0 D=9:3  class=102/200
>Z 0 graphs generated in 0.07 sec
>F 0 cores checked in 0.00 sec
>A genbg n=3+17 e=25:25 d=7:0 D=9:3  class=103/200
>Z 4 graphs generated in 0.07 sec
>F 4 cores checked in 0.00 sec
>A genbg n=3+17 e=25:25 d=7:0 D=9:3  class=104/200
>Z 2 graphs generated in 0.07 sec
>F 2 cores checked in 0.00 sec
>A genbg n=3+17 e=25:25 d=7:0 D=9:3  class=105/200
>Z 3 graphs generated in 0.06 sec
>F 3 cores checked in 0.00 sec
>A genbg n=3+17 e=25:25 d=7:0 D=9:3  class=106/200
>Z 4 graphs generated in 0.06 sec
>F 4 cores checked in 0.00 sec
>A genbg n=3+17 e=25:25 d=7:0 D=9:3  class=107/200
>Z 2 graphs generated in 0.07 sec
>F 2 cores checked in 0.00 sec
>A genbg n=3+17 e=25:25 d=7:0 D=9:3  class=108/200
>Z 2 graphs generated in 0.06 sec
>F 2 cores checked in 0.00 sec
>A genbg n=3+17 e=25:25 d=7:0 D=9:3  class=109/200
>Z 1 graphs generated in 0.06 sec
>F 1 cores checked in 0.00 sec
>A genbg n=3+17 e=25:25 d=7:0 D=9:3  class=110/200
>Z 1 graphs generated in 0.07 sec
>F 1 cores checked in 0.00 sec
>A genbg n=3+17 e=25:25 d=7:0 D=9:3  class=111/200
>Z 3 graphs generated in 0.07 sec
>F 3 cores checked in 0.00 sec
>A genbg n=3+17 e=25:25 d=7:0 D=9:3  class=112/200
>Z 1 graphs generated in 0.06 sec
>F 1 cores checked in 0.00 sec
>A genbg n=3+17 e=25:25 d=7:0 D=9:3  class=113/200
>Z 1 graphs generated in 0.07 sec
>F 1 cores checked in 0.00 sec
>A genbg n=3+17 e=25:25 d=7:0 D=9:3  class=114/200
>Z 4 graphs generated in 0.07 sec
>F 4 cores checked in 0.00 sec
>A genbg n=3+17 e=25:25 d=7:0 D=9:3  class=115/200
>Z 4 graphs generated in 0.06 sec
>F 4 cores checked in 0.00 sec
>A genbg n=3+17 e=25:25 d=7:0 D=9:3  class=116/200
>Z 1 graphs generated in 0.07 sec
>F 1 cores checked in 0.00 sec
>A genbg n=3+17 e=25:25 d=7:0 D=9:3  class=117/200
>Z 0 graphs generated in 0.07 sec
>F 0 cores checked in 0.00 sec
>A genbg n=3+17 e=25:25 d=7:0 D=9:3  class=118/200
>Z 3 graphs generated in 0.06 sec
>F 3 cores checked in 0.00 sec
>A genbg n=3+17 e=25:25 d=7:0 D=9:3  class=119/200
>Z 3 graphs generated in 0.07 sec
>F 3 cores checked in 0.00 sec
>A genbg n=3+17 e=25:25 d=7:0 D=9:3  class=120/200
>Z 2 graphs generated in 0.07 sec
>F 2 cores checked in 0.00 sec
>A genbg n=3+17 e=25:25 d=7:0 D=9:3  class=121/200
>Z 4 graphs generated in 0.07 sec
>F 4 cores checked in 0.00 sec
>A genbg n=3+17 e=25:25 d=7:0 D=9:3  class=122/200
>Z 1 graphs generated in 0.06 sec
>F 1 cores checked in 0.00 sec
>A genbg n=3+17 e=25:25 d=7:0 D=9:3  class=123/200
>Z 2 graphs generated in 0.06 sec
>F 2 cores checked in 0.00 sec
>A genbg n=3+17 e=25:25 d=7:0 D=9:3  class=124/200
>Z 5 graphs generated in 0.08 sec
>F 5 cores checked in 0.00 sec
>A genbg n=3+17 e=25:25 d=7:0 D=9:3  class=125/200
>Z 1 graphs generated in 0.07 sec
>F 1 cores checked in 0.00 sec
>A genbg n=3+17 e=25:25 d=7:0 D=9:3  class=126/200
>Z 3 graphs generated in 0.07 sec
>F 3 cores checked in 0.00 sec
>A genbg n=3+17 e=25:25 d=7:0 D=9:3  class=127/200
>Z 4 graphs generated in 0.07 sec
>F 4 cores checked in 0.00 sec
>A genbg n=3+17 e=25:25 d=7:0 D=9:3  class=128/200
>Z 2 graphs generated in 0.07 sec
>F 2 cores checked in 0.00 sec
>A genbg n=3+17 e=25:25 d=7:0 D=9:3  class=129/200
>Z 1 graphs generated in 0.07 sec
>F 1 cores checked in 0.00 sec
>A genbg n=3+17 e=25:25 d=7:0 D=9:3  class=130/200
>Z 1 graphs generated in 0.07 sec
>F 1 cores checked in 0.00 sec
>A genbg n=3+17 e=25:25 d=7:0 D=9:3  class=131/200
>Z 1 graphs generated in 0.06 sec
>F 1 cores checked in 0.00 sec
>A genbg n=3+17 e=25:25 d=7:0 D=9:3  class=132/200
>Z 4 graphs generated in 0.06 sec
>F 4 cores checked in 0.00 sec
>A genbg n=3+17 e=25:25 d=7:0 D=9:3  class=133/200
>Z 0 graphs generated in 0.07 sec
>F 0 cores checked in 0.00 sec
>A genbg n=3+17 e=25:25 d=7:0 D=9:3  class=134/200
>Z 2 graphs generated in 0.07 sec
>F 2 cores checked in 0.00 sec
>A genbg n=3+17 e=25:25 d=7:0 D=9:3  class=135/200
>Z 3 graphs generated in 0.06 sec
>F 3 cores checked in 0.00 sec
>A genbg n=3+17 e=25:25 d=7:0 D=9:3  class=136/200
>Z 1 graphs generated in 0.07 sec
>F 1 cores checked in 0.00 sec
>A genbg n=3+17 e=25:25 d=7:0 D=9:3  class=137/200
>Z 1 graphs generated in 0.07 sec
>F 1 cores checked in 0.00 sec
>A genbg n=3+17 e=25:25 d=7:0 D=9:3  class=138/200
>Z 3 graphs generated in 0.07 sec
>F 3 cores checked in 0.00 sec
>A genbg n=3+17 e=25:25 d=7:0 D=9:3  class=139/200
>Z 2 graphs generated in 0.07 sec
>F 2 cores checked in 0.00 sec
>A genbg n=3+17 e=25:25 d=7:0 D=9:3  class=140/200
>Z 2 graphs generated in 0.07 sec
>F 2 cores checked in 0.00 sec
>A genbg n=3+17 e=25:25 d=7:0 D=9:3  class=141/200
>Z 6 graphs generated in 0.07 sec
>F 6 cores checked in 0.00 sec
>A genbg n=3+17 e=25:25 d=7:0 D=9:3  class=142/200
>Z 5 graphs generated in 0.06 sec
>F 5 cores checked in 0.00 sec
>A genbg n=3+17 e=25:25 d=7:0 D=9:3  class=143/200
>Z 6 graphs generated in 0.07 sec
>F 6 cores checked in 0.00 sec
>A genbg n=3+17 e=25:25 d=7:0 D=9:3  class=144/200
>Z 3 graphs generated in 0.06 sec
>F 3 cores checked in 0.00 sec
>A genbg n=3+17 e=25:25 d=7:0 D=9:3  class=145/200
>Z 3 graphs generated in 0.06 sec
>F 3 cores checked in 0.00 sec
>A genbg n=3+17 e=25:25 d=7:0 D=9:3  class=146/200
>Z 1 graphs generated in 0.07 sec
>F 1 cores checked in 0.00 sec
>A genbg n=3+17 e=25:25 d=7:0 D=9:3  class=147/200
>Z 4 graphs generated in 0.06 sec
>F 4 cores checked in 0.00 sec
>A genbg n=3+17 e=25:25 d=7:0 D=9:3  class=148/200
>Z 2 graphs generated in 0.07 sec
>F 2 cores checked in 0.00 sec
>A genbg n=3+17 e=25:25 d=7:0 D=9:3  class=149/200
>Z 1 graphs generated in 0.06 sec
>F 1 cores checked in 0.00 sec
>A genbg n=3+17 e=25:25 d=7:0 D=9:3  class=150/200
>Z 2 graphs generated in 0.06 sec
>F 2 cores checked in 0.00 sec
>A genbg n=3+17 e=25:25 d=7:0 D=9:3  class=151/200
>Z 2 graphs generated in 0.07 sec
>F 2 cores checked in 0.00 sec
>A genbg n=3+17 e=25:25 d=7:0 D=9:3  class=152/200
>Z 2 graphs generated in 0.07 sec
>F 2 cores checked in 0.00 sec
>A genbg n=3+17 e=25:25 d=7:0 D=9:3  class=153/200
>Z 4 graphs generated in 0.07 sec
>F 4 cores checked in 0.00 sec
>A genbg n=3+17 e=25:25 d=7:0 D=9:3  class=154/200
>Z 1 graphs generated in 0.06 sec
>F 1 cores checked in 0.00 sec
>A genbg n=3+17 e=25:25 d=7:0 D=9:3  class=155/200
>Z 1 graphs generated in 0.06 sec
>F 1 cores checked in 0.00 sec
>A genbg n=3+17 e=25:25 d=7:0 D=9:3  class=156/200
>Z 4 graphs generated in 0.06 sec
>F 4 cores checked in 0.00 sec
>A genbg n=3+17 e=25:25 d=7:0 D=9:3  class=157/200
>Z 4 graphs generated in 0.07 sec
>F 4 cores checked in 0.00 sec
>A genbg n=3+17 e=25:25 d=7:0 D=9:3  class=158/200
>Z 2 graphs generated in 0.07 sec
>F 2 cores checked in 0.00 sec
>A genbg n=3+17 e=25:25 d=7:0 D=9:3  class=159/200
>Z 2 graphs generated in 0.07 sec
>F 2 cores checked in 0.00 sec
>A genbg n=3+17 e=25:25 d=7:0 D=9:3  class=160/200
>Z 2 graphs generated in 0.07 sec
>F 2 cores checked in 0.00 sec
>A genbg n=3+17 e=25:25 d=7:0 D=9:3  class=161/200
>Z 4 graphs generated in 0.07 sec
>F 4 cores checked in 0.00 sec
>A genbg n=3+17 e=25:25 d=7:0 D=9:3  class=162/200
>Z 0 graphs generated in 0.07 sec
>F 0 cores checked in 0.00 sec
>A genbg n=3+17 e=25:25 d=7:0 D=9:3  class=163/200
>Z 4 graphs generated in 0.07 sec
>F 4 cores checked in 0.00 sec
>A genbg n=3+17 e=25:25 d=7:0 D=9:3  class=164/200
>Z 3 graphs generated in 0.07 sec
>F 3 cores checked in 0.00 sec
>A genbg n=3+17 e=25:25 d=7:0 D=9:3  class=165/200
>Z 3 graphs generated in 0.07 sec
>F 3 cores checked in 0.00 sec
>A genbg n=3+17 e=25:25 d=7:0 D=9:3  class=166/200
>Z 2 graphs generated in 0.07 sec
>F 2 cores checked in 0.00 sec
>A genbg n=3+17 e=25:25 d=7:0 D=9:3  class=167/200
>Z 3 graphs generated in 0.07 sec
>F 3 cores checked in 0.00 sec
>A genbg n=3+17 e=25:25 d=7:0 D=9:3  class=168/200
>Z 4 graphs generated in 0.07 sec
>F 4 cores checked in 0.00 sec
>A genbg n=3+17 e=25:25 d=7:0 D=9:3  class=169/200
>Z 1 graphs generated in 0.06 sec
>F 1 cores checked in 0.00 sec
>A genbg n=3+17 e=25:25 d=7:0 D=9:3  class=170/200
>Z 4 graphs generated in 0.06 sec
>F 4 cores checked in 0.00 sec
>A genbg n=3+17 e=25:25 d=7:0 D=9:3  class=171/200
>Z 4 graphs generated in 0.06 sec
>F 4 cores checked in 0.00 sec
>A genbg n=3+17 e=25:25 d=7:0 D=9:3  class=172/200
>Z 1 graphs generated in 0.06 sec
>F 1 cores checked in 0.00 sec
>A genbg n=3+17 e=25:25 d=7:0 D=9:3  class=173/200
>Z 3 graphs generated in 0.06 sec
>F 3 cores checked in 0.00 sec
>A genbg n=3+17 e=25:25 d=7:0 D=9:3  class=174/200
>Z 2 graphs generated in 0.07 sec
>F 2 cores checked in 0.00 sec
>A genbg n=3+17 e=25:25 d=7:0 D=9:3  class=175/200
>Z 0 graphs generated in 0.06 sec
>F 0 cores checked in 0.00 sec
>A genbg n=3+17 e=25:25 d=7:0 D=9:3  class=176/200
>Z 1 graphs generated in 0.06 sec
>F 1 cores checked in 0.00 sec
>A genbg n=3+17 e=25:25 d=7:0 D=9:3  class=177/200
>Z 2 graphs generated in 0.07 sec
>F 2 cores checked in 0.00 sec
>A genbg n=3+17 e=25:25 d=7:0 D=9:3  class=178/200
>Z 1 graphs generated in 0.07 sec
>F 1 cores checked in 0.00 sec
>A genbg n=3+17 e=25:25 d=7:0 D=9:3  class=179/200
>Z 1 graphs generated in 0.07 sec
>F 1 cores checked in 0.00 sec
>A genbg n=3+17 e=25:25 d=7:0 D=9:3  class=180/200
>Z 5 graphs generated in 0.06 sec
>F 5 cores checked in 0.00 sec
>A genbg n=3+17 e=25:25 d=7:0 D=9:3  class=181/200
>Z 1 graphs generated in 0.07 sec
>F 1 cores checked in 0.00 sec
>A genbg n=3+17 e=25:25 d=7:0 D=9:3  class=182/200
>Z 2 graphs generated in 0.07 sec
>F 2 cores checked in 0.00 sec
>A genbg n=3+17 e=25:25 d=7:0 D=9:3  class=183/200
>Z 4 graphs generated in 0.06 sec
>F 4 cores checked in 0.00 sec
>A genbg n=3+17 e=25:25 d=7:0 D=9:3  class=184/200
>Z 2 graphs generated in 0.06 sec
>F 2 cores checked in 0.00 sec
>A genbg n=3+17 e=25:25 d=7:0 D=9:3  class=185/200
>Z 3 graphs generated in 0.07 sec
>F 3 cores checked in 0.00 sec
>A genbg n=3+17 e=25:25 d=7:0 D=9:3  class=186/200
>Z 3 graphs generated in 0.06 sec
>F 3 cores checked in 0.00 sec
>A genbg n=3+17 e=25:25 d=7:0 D=9:3  class=187/200
>Z 4 graphs generated in 0.06 sec
>F 4 cores checked in 0.00 sec
>A genbg n=3+17 e=25:25 d=7:0 D=9:3  class=188/200
>Z 4 graphs generated in 0.07 sec
>F 4 cores checked in 0.00 sec
>A genbg n=3+17 e=25:25 d=7:0 D=9:3  class=189/200
>Z 3 graphs generated in 0.06 sec
>F 3 cores checked in 0.00 sec
>A genbg n=3+17 e=25:25 d=7:0 D=9:3  class=190/200
>Z 6 graphs generated in 0.07 sec
>F 6 cores checked in 0.00 sec
>A genbg n=3+17 e=25:25 d=7:0 D=9:3  class=191/200
>Z 3 graphs generated in 0.07 sec
>F 3 cores checked in 0.00 sec
>A genbg n=3+17 e=25:25 d=7:0 D=9:3  class=192/200
>Z 2 graphs generated in 0.07 sec
>F 2 cores checked in 0.00 sec
>A genbg n=3+17 e=25:25 d=7:0 D=9:3  class=193/200
>Z 3 graphs generated in 0.08 sec
>F 3 cores checked in 0.00 sec
>A genbg n=3+17 e=25:25 d=7:0 D=9:3  class=194/200
>Z 4 graphs generated in 0.07 sec
>F 4 cores checked in 0.00 sec
>A genbg n=3+17 e=25:25 d=7:0 D=9:3  class=195/200
>Z 2 graphs generated in 0.07 sec
>F 2 cores checked in 0.00 sec
>A genbg n=3+17 e=25:25 d=7:0 D=9:3  class=196/200
>Z 2 graphs generated in 0.07 sec
>F 2 cores checked in 0.00 sec
>A genbg n=3+17 e=25:25 d=7:0 D=9:3  class=197/200
>Z 4 graphs generated in 0.06 sec
>F 4 cores checked in 0.00 sec
>A genbg n=3+17 e=25:25 d=7:0 D=9:3  class=198/200
>Z 1 graphs generated in 0.07 sec
>F 1 cores checked in 0.00 sec
>A genbg n=3+17 e=25:25 d=7:0 D=9:3  class=199/200
>Z 1 graphs generated in 0.06 sec
>F 1 cores checked in 0.00 sec



=== Total number of graphs generated: 565
=== Total number of graphs checked: 565
=== Total time for generation: 13.30 seconds
=== Total time for checking: 0.00 seconds
=== Total number of exceptional graphs: 0

