=== Log file for genbg_-d4:0_-D5:3_6_15_29:29



>A genbg n=6+15 e=29:29 d=4:0 D=5:3  class=0/200
>Z 11159 graphs generated in 19.63 sec
>F 11159 cores checked in 123.48 sec
>A genbg n=6+15 e=29:29 d=4:0 D=5:3  class=1/200
>Z 11240 graphs generated in 19.75 sec
>F 11240 cores checked in 110.33 sec
>A genbg n=6+15 e=29:29 d=4:0 D=5:3  class=2/200
>Z 11199 graphs generated in 19.53 sec
>F 11199 cores checked in 142.33 sec
>A genbg n=6+15 e=29:29 d=4:0 D=5:3  class=3/200
>Z 11299 graphs generated in 19.74 sec
>F 11299 cores checked in 131.17 sec
>A genbg n=6+15 e=29:29 d=4:0 D=5:3  class=4/200
>Z 11386 graphs generated in 19.60 sec
>F 11386 cores checked in 121.75 sec
>A genbg n=6+15 e=29:29 d=4:0 D=5:3  class=5/200
>Z 11412 graphs generated in 19.72 sec
>F 11412 cores checked in 127.30 sec
>A genbg n=6+15 e=29:29 d=4:0 D=5:3  class=6/200
>Z 11044 graphs generated in 19.67 sec
>F 11044 cores checked in 123.40 sec
>A genbg n=6+15 e=29:29 d=4:0 D=5:3  class=7/200
>Z 11167 graphs generated in 19.72 sec
>F 11167 cores checked in 204.90 sec
>A genbg n=6+15 e=29:29 d=4:0 D=5:3  class=8/200
>Z 11343 graphs generated in 19.70 sec
>F 11343 cores checked in 100.66 sec
>A genbg n=6+15 e=29:29 d=4:0 D=5:3  class=9/200
>Z 11465 graphs generated in 19.63 sec
>F 11465 cores checked in 116.59 sec
>A genbg n=6+15 e=29:29 d=4:0 D=5:3  class=10/200
>Z 11456 graphs generated in 19.59 sec
>F 11456 cores checked in 134.12 sec
>A genbg n=6+15 e=29:29 d=4:0 D=5:3  class=11/200
>Z 11285 graphs generated in 19.63 sec
>F 11285 cores checked in 111.58 sec
>A genbg n=6+15 e=29:29 d=4:0 D=5:3  class=12/200
>Z 11605 graphs generated in 19.62 sec
>F 11605 cores checked in 155.52 sec
>A genbg n=6+15 e=29:29 d=4:0 D=5:3  class=13/200
>Z 11200 graphs generated in 19.66 sec
>F 11200 cores checked in 103.53 sec
>A genbg n=6+15 e=29:29 d=4:0 D=5:3  class=14/200
>Z 11237 graphs generated in 19.66 sec
>F 11237 cores checked in 96.39 sec
>A genbg n=6+15 e=29:29 d=4:0 D=5:3  class=15/200
>Z 11321 graphs generated in 19.78 sec
>F 11321 cores checked in 137.08 sec
>A genbg n=6+15 e=29:29 d=4:0 D=5:3  class=16/200
>Z 11356 graphs generated in 19.61 sec
>F 11356 cores checked in 137.95 sec
>A genbg n=6+15 e=29:29 d=4:0 D=5:3  class=17/200
>Z 11287 graphs generated in 19.61 sec
>F 11287 cores checked in 107.16 sec
>A genbg n=6+15 e=29:29 d=4:0 D=5:3  class=18/200
>Z 11225 graphs generated in 19.61 sec
>F 11225 cores checked in 106.60 sec
>A genbg n=6+15 e=29:29 d=4:0 D=5:3  class=19/200
>Z 11477 graphs generated in 19.55 sec
>F 11477 cores checked in 116.48 sec
>A genbg n=6+15 e=29:29 d=4:0 D=5:3  class=20/200
>Z 11473 graphs generated in 19.49 sec
>F 11473 cores checked in 173.17 sec
>A genbg n=6+15 e=29:29 d=4:0 D=5:3  class=21/200
>Z 11284 graphs generated in 19.59 sec
>F 11284 cores checked in 191.10 sec
>A genbg n=6+15 e=29:29 d=4:0 D=5:3  class=22/200
>Z 11452 graphs generated in 19.63 sec
>F 11452 cores checked in 93.41 sec
>A genbg n=6+15 e=29:29 d=4:0 D=5:3  class=23/200
>Z 11462 graphs generated in 19.57 sec
>F 11462 cores checked in 109.90 sec
>A genbg n=6+15 e=29:29 d=4:0 D=5:3  class=24/200
>Z 11209 graphs generated in 19.53 sec
>F 11209 cores checked in 157.93 sec
>A genbg n=6+15 e=29:29 d=4:0 D=5:3  class=25/200
>Z 11088 graphs generated in 19.56 sec
>F 11088 cores checked in 115.98 sec
>A genbg n=6+15 e=29:29 d=4:0 D=5:3  class=26/200
>Z 11175 graphs generated in 19.58 sec
>F 11175 cores checked in 112.02 sec
>A genbg n=6+15 e=29:29 d=4:0 D=5:3  class=27/200
>Z 11091 graphs generated in 19.55 sec
>F 11091 cores checked in 171.62 sec
>A genbg n=6+15 e=29:29 d=4:0 D=5:3  class=28/200
>Z 11149 graphs generated in 19.47 sec
>F 11149 cores checked in 102.54 sec
>A genbg n=6+15 e=29:29 d=4:0 D=5:3  class=29/200
>Z 11398 graphs generated in 19.44 sec
>F 11398 cores checked in 158.18 sec
>A genbg n=6+15 e=29:29 d=4:0 D=5:3  class=30/200
>Z 11086 graphs generated in 19.48 sec
>F 11086 cores checked in 163.41 sec
>A genbg n=6+15 e=29:29 d=4:0 D=5:3  class=31/200
>Z 11358 graphs generated in 19.53 sec
>F 11358 cores checked in 138.69 sec
>A genbg n=6+15 e=29:29 d=4:0 D=5:3  class=32/200
>Z 11380 graphs generated in 19.47 sec
>F 11380 cores checked in 165.82 sec
>A genbg n=6+15 e=29:29 d=4:0 D=5:3  class=33/200
>Z 11380 graphs generated in 19.53 sec
>F 11380 cores checked in 133.34 sec
>A genbg n=6+15 e=29:29 d=4:0 D=5:3  class=34/200
>Z 11545 graphs generated in 19.58 sec
>F 11545 cores checked in 113.05 sec
>A genbg n=6+15 e=29:29 d=4:0 D=5:3  class=35/200
>Z 11044 graphs generated in 19.60 sec
>F 11044 cores checked in 151.52 sec
>A genbg n=6+15 e=29:29 d=4:0 D=5:3  class=36/200
>Z 11420 graphs generated in 19.36 sec
>F 11420 cores checked in 92.09 sec
>A genbg n=6+15 e=29:29 d=4:0 D=5:3  class=37/200
>Z 11358 graphs generated in 19.51 sec
>F 11358 cores checked in 139.46 sec
>A genbg n=6+15 e=29:29 d=4:0 D=5:3  class=38/200
>Z 11048 graphs generated in 19.50 sec
>F 11048 cores checked in 102.57 sec
>A genbg n=6+15 e=29:29 d=4:0 D=5:3  class=39/200
>Z 11249 graphs generated in 19.51 sec
>F 11249 cores checked in 94.24 sec
>A genbg n=6+15 e=29:29 d=4:0 D=5:3  class=40/200
>Z 11262 graphs generated in 19.42 sec
>F 11262 cores checked in 77.53 sec
>A genbg n=6+15 e=29:29 d=4:0 D=5:3  class=41/200
>Z 11035 graphs generated in 19.53 sec
>F 11035 cores checked in 92.16 sec
>A genbg n=6+15 e=29:29 d=4:0 D=5:3  class=42/200
>Z 11146 graphs generated in 19.46 sec
>F 11146 cores checked in 117.03 sec
>A genbg n=6+15 e=29:29 d=4:0 D=5:3  class=43/200
>Z 11226 graphs generated in 19.47 sec
>F 11226 cores checked in 98.32 sec
>A genbg n=6+15 e=29:29 d=4:0 D=5:3  class=44/200
>Z 11158 graphs generated in 19.47 sec
>F 11158 cores checked in 92.84 sec
>A genbg n=6+15 e=29:29 d=4:0 D=5:3  class=45/200
>Z 11175 graphs generated in 19.54 sec
>F 11175 cores checked in 119.30 sec
>A genbg n=6+15 e=29:29 d=4:0 D=5:3  class=46/200
>Z 11111 graphs generated in 19.47 sec
>F 11111 cores checked in 75.22 sec
>A genbg n=6+15 e=29:29 d=4:0 D=5:3  class=47/200
>Z 11337 graphs generated in 19.48 sec
>F 11337 cores checked in 133.40 sec
>A genbg n=6+15 e=29:29 d=4:0 D=5:3  class=48/200
>Z 11375 graphs generated in 19.42 sec
>F 11375 cores checked in 93.01 sec
>A genbg n=6+15 e=29:29 d=4:0 D=5:3  class=49/200
>Z 11171 graphs generated in 19.44 sec
>F 11171 cores checked in 94.97 sec
>A genbg n=6+15 e=29:29 d=4:0 D=5:3  class=50/200
>Z 11483 graphs generated in 19.54 sec
>F 11483 cores checked in 115.15 sec
>A genbg n=6+15 e=29:29 d=4:0 D=5:3  class=51/200
>Z 11049 graphs generated in 19.40 sec
>F 11049 cores checked in 90.11 sec
>A genbg n=6+15 e=29:29 d=4:0 D=5:3  class=52/200
>Z 11398 graphs generated in 19.44 sec
>F 11398 cores checked in 122.85 sec
>A genbg n=6+15 e=29:29 d=4:0 D=5:3  class=53/200
>Z 11347 graphs generated in 20.05 sec
>F 11347 cores checked in 78.04 sec
>A genbg n=6+15 e=29:29 d=4:0 D=5:3  class=54/200
>Z 11429 graphs generated in 19.46 sec
>F 11429 cores checked in 153.05 sec
>A genbg n=6+15 e=29:29 d=4:0 D=5:3  class=55/200
>Z 11222 graphs generated in 19.51 sec
>F 11222 cores checked in 83.73 sec
>A genbg n=6+15 e=29:29 d=4:0 D=5:3  class=56/200
>Z 11225 graphs generated in 19.46 sec
>F 11225 cores checked in 101.03 sec
>A genbg n=6+15 e=29:29 d=4:0 D=5:3  class=57/200
>Z 11263 graphs generated in 19.50 sec
>F 11263 cores checked in 103.83 sec
>A genbg n=6+15 e=29:29 d=4:0 D=5:3  class=58/200
>Z 11128 graphs generated in 19.37 sec
>F 11128 cores checked in 129.51 sec
>A genbg n=6+15 e=29:29 d=4:0 D=5:3  class=59/200
>Z 11495 graphs generated in 19.46 sec
>F 11495 cores checked in 113.41 sec
>A genbg n=6+15 e=29:29 d=4:0 D=5:3  class=60/200
>Z 11083 graphs generated in 19.47 sec
>F 11083 cores checked in 110.62 sec
>A genbg n=6+15 e=29:29 d=4:0 D=5:3  class=61/200
>Z 11174 graphs generated in 19.46 sec
>F 11174 cores checked in 99.41 sec
>A genbg n=6+15 e=29:29 d=4:0 D=5:3  class=62/200
>Z 11439 graphs generated in 19.47 sec
>F 11439 cores checked in 108.83 sec
>A genbg n=6+15 e=29:29 d=4:0 D=5:3  class=63/200
>Z 11655 graphs generated in 19.48 sec
>F 11655 cores checked in 116.19 sec
>A genbg n=6+15 e=29:29 d=4:0 D=5:3  class=64/200
>Z 11378 graphs generated in 19.44 sec
>F 11378 cores checked in 111.63 sec
>A genbg n=6+15 e=29:29 d=4:0 D=5:3  class=65/200
>Z 11384 graphs generated in 19.49 sec
>F 11384 cores checked in 166.51 sec
>A genbg n=6+15 e=29:29 d=4:0 D=5:3  class=66/200
>Z 11372 graphs generated in 19.55 sec
>F 11372 cores checked in 103.71 sec
>A genbg n=6+15 e=29:29 d=4:0 D=5:3  class=67/200
>Z 11079 graphs generated in 19.47 sec
>F 11079 cores checked in 102.84 sec
>A genbg n=6+15 e=29:29 d=4:0 D=5:3  class=68/200
>Z 11177 graphs generated in 19.56 sec
>F 11177 cores checked in 111.79 sec
>A genbg n=6+15 e=29:29 d=4:0 D=5:3  class=69/200
>Z 11358 graphs generated in 19.51 sec
>F 11358 cores checked in 119.12 sec
>A genbg n=6+15 e=29:29 d=4:0 D=5:3  class=70/200
>Z 11322 graphs generated in 19.48 sec
>F 11322 cores checked in 138.45 sec
>A genbg n=6+15 e=29:29 d=4:0 D=5:3  class=71/200
>Z 11218 graphs generated in 19.41 sec
>F 11218 cores checked in 122.42 sec
>A genbg n=6+15 e=29:29 d=4:0 D=5:3  class=72/200
>Z 11545 graphs generated in 19.43 sec
>F 11545 cores checked in 109.08 sec
>A genbg n=6+15 e=29:29 d=4:0 D=5:3  class=73/200
>Z 11497 graphs generated in 19.55 sec
>F 11497 cores checked in 137.63 sec
>A genbg n=6+15 e=29:29 d=4:0 D=5:3  class=74/200
>Z 11388 graphs generated in 19.53 sec
>F 11388 cores checked in 104.20 sec
>A genbg n=6+15 e=29:29 d=4:0 D=5:3  class=75/200
>Z 11099 graphs generated in 19.43 sec
>F 11099 cores checked in 178.14 sec
>A genbg n=6+15 e=29:29 d=4:0 D=5:3  class=76/200
>Z 11482 graphs generated in 19.42 sec
>F 11482 cores checked in 113.57 sec
>A genbg n=6+15 e=29:29 d=4:0 D=5:3  class=77/200
>Z 11564 graphs generated in 19.42 sec
>F 11564 cores checked in 104.30 sec
>A genbg n=6+15 e=29:29 d=4:0 D=5:3  class=78/200
>Z 11116 graphs generated in 19.44 sec
>F 11116 cores checked in 112.71 sec
>A genbg n=6+15 e=29:29 d=4:0 D=5:3  class=79/200
>Z 11348 graphs generated in 19.40 sec
>F 11348 cores checked in 176.69 sec
>A genbg n=6+15 e=29:29 d=4:0 D=5:3  class=80/200
>Z 11404 graphs generated in 19.50 sec
>F 11404 cores checked in 101.68 sec
>A genbg n=6+15 e=29:29 d=4:0 D=5:3  class=81/200
>Z 11187 graphs generated in 19.46 sec
>F 11187 cores checked in 89.82 sec
>A genbg n=6+15 e=29:29 d=4:0 D=5:3  class=82/200
>Z 11240 graphs generated in 19.59 sec
>F 11240 cores checked in 141.75 sec
>A genbg n=6+15 e=29:29 d=4:0 D=5:3  class=83/200
>Z 11456 graphs generated in 19.45 sec
>F 11456 cores checked in 110.50 sec
>A genbg n=6+15 e=29:29 d=4:0 D=5:3  class=84/200
>Z 11388 graphs generated in 19.51 sec
>F 11388 cores checked in 113.61 sec
>A genbg n=6+15 e=29:29 d=4:0 D=5:3  class=85/200
>Z 11418 graphs generated in 19.46 sec
>F 11418 cores checked in 95.83 sec
>A genbg n=6+15 e=29:29 d=4:0 D=5:3  class=86/200
>Z 11329 graphs generated in 19.38 sec
>F 11329 cores checked in 109.47 sec
>A genbg n=6+15 e=29:29 d=4:0 D=5:3  class=87/200
>Z 11104 graphs generated in 19.43 sec
>F 11104 cores checked in 124.89 sec
>A genbg n=6+15 e=29:29 d=4:0 D=5:3  class=88/200
>Z 11385 graphs generated in 19.51 sec
>F 11385 cores checked in 77.81 sec
>A genbg n=6+15 e=29:29 d=4:0 D=5:3  class=89/200
>Z 11070 graphs generated in 19.49 sec
>F 11070 cores checked in 107.65 sec
>A genbg n=6+15 e=29:29 d=4:0 D=5:3  class=90/200
>Z 11355 graphs generated in 19.47 sec
>F 11355 cores checked in 129.64 sec
>A genbg n=6+15 e=29:29 d=4:0 D=5:3  class=91/200
>Z 11171 graphs generated in 19.40 sec
>F 11171 cores checked in 146.99 sec
>A genbg n=6+15 e=29:29 d=4:0 D=5:3  class=92/200
>Z 11320 graphs generated in 19.52 sec
>F 11320 cores checked in 144.25 sec
>A genbg n=6+15 e=29:29 d=4:0 D=5:3  class=93/200
>Z 11163 graphs generated in 19.45 sec
>F 11163 cores checked in 133.28 sec
>A genbg n=6+15 e=29:29 d=4:0 D=5:3  class=94/200
>Z 11207 graphs generated in 19.46 sec
>F 11207 cores checked in 96.31 sec
>A genbg n=6+15 e=29:29 d=4:0 D=5:3  class=95/200
>Z 11230 graphs generated in 19.50 sec
>F 11230 cores checked in 112.93 sec
>A genbg n=6+15 e=29:29 d=4:0 D=5:3  class=96/200
>Z 11304 graphs generated in 19.51 sec
>F 11304 cores checked in 203.45 sec
>A genbg n=6+15 e=29:29 d=4:0 D=5:3  class=97/200
>Z 10908 graphs generated in 19.41 sec
>F 10908 cores checked in 105.37 sec
>A genbg n=6+15 e=29:29 d=4:0 D=5:3  class=98/200
>Z 11202 graphs generated in 19.48 sec
>F 11202 cores checked in 139.14 sec
>A genbg n=6+15 e=29:29 d=4:0 D=5:3  class=99/200
>Z 11417 graphs generated in 19.50 sec
>F 11417 cores checked in 94.72 sec
>A genbg n=6+15 e=29:29 d=4:0 D=5:3  class=100/200
>Z 11209 graphs generated in 19.55 sec
>F 11209 cores checked in 136.52 sec
>A genbg n=6+15 e=29:29 d=4:0 D=5:3  class=101/200
>Z 11139 graphs generated in 19.46 sec
>F 11139 cores checked in 130.50 sec
>A genbg n=6+15 e=29:29 d=4:0 D=5:3  class=102/200
>Z 11386 graphs generated in 19.48 sec
>F 11386 cores checked in 139.71 sec
>A genbg n=6+15 e=29:29 d=4:0 D=5:3  class=103/200
>Z 11406 graphs generated in 19.51 sec
>F 11406 cores checked in 187.61 sec
>A genbg n=6+15 e=29:29 d=4:0 D=5:3  class=104/200
>Z 11544 graphs generated in 19.55 sec
>F 11544 cores checked in 127.72 sec
>A genbg n=6+15 e=29:29 d=4:0 D=5:3  class=105/200
>Z 11801 graphs generated in 19.43 sec
>F 11801 cores checked in 82.90 sec
>A genbg n=6+15 e=29:29 d=4:0 D=5:3  class=106/200
>Z 11153 graphs generated in 19.39 sec
>F 11153 cores checked in 127.18 sec
>A genbg n=6+15 e=29:29 d=4:0 D=5:3  class=107/200
>Z 11396 graphs generated in 19.49 sec
>F 11396 cores checked in 125.10 sec
>A genbg n=6+15 e=29:29 d=4:0 D=5:3  class=108/200
>Z 11492 graphs generated in 19.48 sec
>F 11492 cores checked in 98.32 sec
>A genbg n=6+15 e=29:29 d=4:0 D=5:3  class=109/200
>Z 11443 graphs generated in 19.50 sec
>F 11443 cores checked in 102.25 sec
>A genbg n=6+15 e=29:29 d=4:0 D=5:3  class=110/200
>Z 11136 graphs generated in 19.54 sec
>F 11136 cores checked in 103.40 sec
>A genbg n=6+15 e=29:29 d=4:0 D=5:3  class=111/200
>Z 11829 graphs generated in 19.57 sec
>F 11829 cores checked in 150.47 sec
>A genbg n=6+15 e=29:29 d=4:0 D=5:3  class=112/200
>Z 11548 graphs generated in 19.42 sec
>F 11548 cores checked in 104.59 sec
>A genbg n=6+15 e=29:29 d=4:0 D=5:3  class=113/200
>Z 11650 graphs generated in 19.53 sec
>F 11650 cores checked in 158.24 sec
>A genbg n=6+15 e=29:29 d=4:0 D=5:3  class=114/200
>Z 11541 graphs generated in 19.43 sec
>F 11541 cores checked in 104.94 sec
>A genbg n=6+15 e=29:29 d=4:0 D=5:3  class=115/200
>Z 11413 graphs generated in 19.43 sec
>F 11413 cores checked in 153.23 sec
>A genbg n=6+15 e=29:29 d=4:0 D=5:3  class=116/200
>Z 11158 graphs generated in 19.53 sec
>F 11158 cores checked in 100.18 sec
>A genbg n=6+15 e=29:29 d=4:0 D=5:3  class=117/200
>Z 11352 graphs generated in 19.42 sec
>F 11352 cores checked in 107.53 sec
>A genbg n=6+15 e=29:29 d=4:0 D=5:3  class=118/200
>Z 11428 graphs generated in 19.47 sec
>F 11428 cores checked in 96.98 sec
>A genbg n=6+15 e=29:29 d=4:0 D=5:3  class=119/200
>Z 11863 graphs generated in 19.42 sec
>F 11863 cores checked in 132.81 sec
>A genbg n=6+15 e=29:29 d=4:0 D=5:3  class=120/200
>Z 11153 graphs generated in 19.44 sec
>F 11153 cores checked in 129.54 sec
>A genbg n=6+15 e=29:29 d=4:0 D=5:3  class=121/200
>Z 11336 graphs generated in 19.46 sec
>F 11336 cores checked in 105.09 sec
>A genbg n=6+15 e=29:29 d=4:0 D=5:3  class=122/200
>Z 11311 graphs generated in 19.48 sec
>F 11311 cores checked in 115.41 sec
>A genbg n=6+15 e=29:29 d=4:0 D=5:3  class=123/200
>Z 11538 graphs generated in 19.43 sec
>F 11538 cores checked in 91.76 sec
>A genbg n=6+15 e=29:29 d=4:0 D=5:3  class=124/200
>Z 11644 graphs generated in 19.47 sec
>F 11644 cores checked in 147.43 sec
>A genbg n=6+15 e=29:29 d=4:0 D=5:3  class=125/200
>Z 11642 graphs generated in 19.41 sec
>F 11642 cores checked in 123.73 sec
>A genbg n=6+15 e=29:29 d=4:0 D=5:3  class=126/200
>Z 11344 graphs generated in 19.46 sec
>F 11344 cores checked in 139.03 sec
>A genbg n=6+15 e=29:29 d=4:0 D=5:3  class=127/200
>Z 11384 graphs generated in 19.52 sec
>F 11384 cores checked in 98.46 sec
>A genbg n=6+15 e=29:29 d=4:0 D=5:3  class=128/200
>Z 11338 graphs generated in 19.55 sec
>F 11338 cores checked in 79.77 sec
>A genbg n=6+15 e=29:29 d=4:0 D=5:3  class=129/200
>Z 11473 graphs generated in 19.38 sec
>F 11473 cores checked in 94.99 sec
>A genbg n=6+15 e=29:29 d=4:0 D=5:3  class=130/200
>Z 11473 graphs generated in 19.49 sec
>F 11473 cores checked in 111.72 sec
>A genbg n=6+15 e=29:29 d=4:0 D=5:3  class=131/200
>Z 11296 graphs generated in 19.51 sec
>F 11296 cores checked in 101.59 sec
>A genbg n=6+15 e=29:29 d=4:0 D=5:3  class=132/200
>Z 10963 graphs generated in 19.50 sec
>F 10963 cores checked in 82.78 sec
>A genbg n=6+15 e=29:29 d=4:0 D=5:3  class=133/200
>Z 11119 graphs generated in 19.49 sec
>F 11119 cores checked in 117.25 sec
>A genbg n=6+15 e=29:29 d=4:0 D=5:3  class=134/200
>Z 11476 graphs generated in 19.54 sec
>F 11476 cores checked in 123.12 sec
>A genbg n=6+15 e=29:29 d=4:0 D=5:3  class=135/200
>Z 11372 graphs generated in 19.56 sec
>F 11372 cores checked in 115.37 sec
>A genbg n=6+15 e=29:29 d=4:0 D=5:3  class=136/200
>Z 11416 graphs generated in 19.47 sec
>F 11416 cores checked in 101.41 sec
>A genbg n=6+15 e=29:29 d=4:0 D=5:3  class=137/200
>Z 11474 graphs generated in 19.51 sec
>F 11474 cores checked in 145.18 sec
>A genbg n=6+15 e=29:29 d=4:0 D=5:3  class=138/200
>Z 11193 graphs generated in 19.43 sec
>F 11193 cores checked in 105.97 sec
>A genbg n=6+15 e=29:29 d=4:0 D=5:3  class=139/200
>Z 11295 graphs generated in 19.53 sec
>F 11295 cores checked in 122.62 sec
>A genbg n=6+15 e=29:29 d=4:0 D=5:3  class=140/200
>Z 11609 graphs generated in 19.60 sec
>F 11609 cores checked in 83.78 sec
>A genbg n=6+15 e=29:29 d=4:0 D=5:3  class=141/200
>Z 10977 graphs generated in 19.41 sec
>F 10977 cores checked in 73.59 sec
>A genbg n=6+15 e=29:29 d=4:0 D=5:3  class=142/200
>Z 11149 graphs generated in 19.53 sec
>F 11149 cores checked in 123.38 sec
>A genbg n=6+15 e=29:29 d=4:0 D=5:3  class=143/200
>Z 11223 graphs generated in 19.48 sec
>F 11223 cores checked in 143.75 sec
>A genbg n=6+15 e=29:29 d=4:0 D=5:3  class=144/200
>Z 11086 graphs generated in 19.45 sec
>F 11086 cores checked in 74.69 sec
>A genbg n=6+15 e=29:29 d=4:0 D=5:3  class=145/200
>Z 11348 graphs generated in 19.49 sec
>F 11348 cores checked in 64.79 sec
>A genbg n=6+15 e=29:29 d=4:0 D=5:3  class=146/200
>Z 11459 graphs generated in 19.51 sec
>F 11459 cores checked in 129.48 sec
>A genbg n=6+15 e=29:29 d=4:0 D=5:3  class=147/200
>Z 11275 graphs generated in 19.50 sec
>F 11275 cores checked in 94.91 sec
>A genbg n=6+15 e=29:29 d=4:0 D=5:3  class=148/200
>Z 11429 graphs generated in 19.44 sec
>F 11429 cores checked in 109.13 sec
>A genbg n=6+15 e=29:29 d=4:0 D=5:3  class=149/200
>Z 11257 graphs generated in 19.55 sec
>F 11257 cores checked in 74.33 sec
>A genbg n=6+15 e=29:29 d=4:0 D=5:3  class=150/200
>Z 11144 graphs generated in 19.46 sec
>F 11144 cores checked in 134.74 sec
>A genbg n=6+15 e=29:29 d=4:0 D=5:3  class=151/200
>Z 11608 graphs generated in 19.49 sec
>F 11608 cores checked in 212.64 sec
>A genbg n=6+15 e=29:29 d=4:0 D=5:3  class=152/200
>Z 11401 graphs generated in 19.50 sec
>F 11401 cores checked in 114.95 sec
>A genbg n=6+15 e=29:29 d=4:0 D=5:3  class=153/200
>Z 11158 graphs generated in 19.51 sec
>F 11158 cores checked in 121.52 sec
>A genbg n=6+15 e=29:29 d=4:0 D=5:3  class=154/200
>Z 11138 graphs generated in 19.43 sec
>F 11138 cores checked in 124.23 sec
>A genbg n=6+15 e=29:29 d=4:0 D=5:3  class=155/200
>Z 10934 graphs generated in 19.47 sec
>F 10934 cores checked in 98.64 sec
>A genbg n=6+15 e=29:29 d=4:0 D=5:3  class=156/200
>Z 11242 graphs generated in 19.38 sec
>F 11242 cores checked in 84.35 sec
>A genbg n=6+15 e=29:29 d=4:0 D=5:3  class=157/200
>Z 11394 graphs generated in 19.51 sec
>F 11394 cores checked in 100.00 sec
>A genbg n=6+15 e=29:29 d=4:0 D=5:3  class=158/200
>Z 11432 graphs generated in 19.46 sec
>F 11432 cores checked in 108.28 sec
>A genbg n=6+15 e=29:29 d=4:0 D=5:3  class=159/200
>Z 11422 graphs generated in 19.45 sec
>F 11422 cores checked in 102.99 sec
>A genbg n=6+15 e=29:29 d=4:0 D=5:3  class=160/200
>Z 11013 graphs generated in 19.40 sec
>F 11013 cores checked in 135.55 sec
>A genbg n=6+15 e=29:29 d=4:0 D=5:3  class=161/200
>Z 11189 graphs generated in 19.45 sec
>F 11189 cores checked in 112.33 sec
>A genbg n=6+15 e=29:29 d=4:0 D=5:3  class=162/200
>Z 11271 graphs generated in 19.40 sec
>F 11271 cores checked in 82.49 sec
>A genbg n=6+15 e=29:29 d=4:0 D=5:3  class=163/200
>Z 11103 graphs generated in 19.49 sec
>F 11103 cores checked in 128.40 sec
>A genbg n=6+15 e=29:29 d=4:0 D=5:3  class=164/200
>Z 11500 graphs generated in 19.49 sec
>F 11500 cores checked in 160.22 sec
>A genbg n=6+15 e=29:29 d=4:0 D=5:3  class=165/200
>Z 11033 graphs generated in 19.51 sec
>F 11033 cores checked in 118.45 sec
>A genbg n=6+15 e=29:29 d=4:0 D=5:3  class=166/200
>Z 11298 graphs generated in 19.57 sec
>F 11298 cores checked in 108.04 sec
>A genbg n=6+15 e=29:29 d=4:0 D=5:3  class=167/200
>Z 11256 graphs generated in 19.49 sec
>F 11256 cores checked in 118.67 sec
>A genbg n=6+15 e=29:29 d=4:0 D=5:3  class=168/200
>Z 11200 graphs generated in 19.48 sec
>F 11200 cores checked in 93.63 sec
>A genbg n=6+15 e=29:29 d=4:0 D=5:3  class=169/200
>Z 11276 graphs generated in 19.50 sec
>F 11276 cores checked in 134.63 sec
>A genbg n=6+15 e=29:29 d=4:0 D=5:3  class=170/200
>Z 11194 graphs generated in 19.55 sec
>F 11194 cores checked in 129.10 sec
>A genbg n=6+15 e=29:29 d=4:0 D=5:3  class=171/200
>Z 11290 graphs generated in 19.39 sec
>F 11290 cores checked in 114.53 sec
>A genbg n=6+15 e=29:29 d=4:0 D=5:3  class=172/200
>Z 11412 graphs generated in 19.43 sec
>F 11412 cores checked in 98.76 sec
>A genbg n=6+15 e=29:29 d=4:0 D=5:3  class=173/200
>Z 11370 graphs generated in 19.43 sec
>F 11370 cores checked in 102.89 sec
>A genbg n=6+15 e=29:29 d=4:0 D=5:3  class=174/200
>Z 11024 graphs generated in 19.45 sec
>F 11024 cores checked in 83.71 sec
>A genbg n=6+15 e=29:29 d=4:0 D=5:3  class=175/200
>Z 11479 graphs generated in 19.52 sec
>F 11479 cores checked in 98.27 sec
>A genbg n=6+15 e=29:29 d=4:0 D=5:3  class=176/200
>Z 11366 graphs generated in 19.51 sec
>F 11366 cores checked in 107.53 sec
>A genbg n=6+15 e=29:29 d=4:0 D=5:3  class=177/200
>Z 11208 graphs generated in 19.48 sec
>F 11208 cores checked in 168.20 sec
>A genbg n=6+15 e=29:29 d=4:0 D=5:3  class=178/200
>Z 11247 graphs generated in 19.43 sec
>F 11247 cores checked in 104.93 sec
>A genbg n=6+15 e=29:29 d=4:0 D=5:3  class=179/200
>Z 11151 graphs generated in 19.44 sec
>F 11151 cores checked in 143.40 sec
>A genbg n=6+15 e=29:29 d=4:0 D=5:3  class=180/200
>Z 11346 graphs generated in 19.47 sec
>F 11346 cores checked in 101.91 sec
>A genbg n=6+15 e=29:29 d=4:0 D=5:3  class=181/200
>Z 11285 graphs generated in 19.49 sec
>F 11285 cores checked in 76.84 sec
>A genbg n=6+15 e=29:29 d=4:0 D=5:3  class=182/200
>Z 11236 graphs generated in 19.49 sec
>F 11236 cores checked in 121.42 sec
>A genbg n=6+15 e=29:29 d=4:0 D=5:3  class=183/200
>Z 11248 graphs generated in 19.46 sec
>F 11248 cores checked in 128.52 sec
>A genbg n=6+15 e=29:29 d=4:0 D=5:3  class=184/200
>Z 11315 graphs generated in 19.38 sec
>F 11315 cores checked in 126.64 sec
>A genbg n=6+15 e=29:29 d=4:0 D=5:3  class=185/200
>Z 11359 graphs generated in 19.54 sec
>F 11359 cores checked in 103.46 sec
>A genbg n=6+15 e=29:29 d=4:0 D=5:3  class=186/200
>Z 11396 graphs generated in 19.58 sec
>F 11396 cores checked in 88.17 sec
>A genbg n=6+15 e=29:29 d=4:0 D=5:3  class=187/200
>Z 11041 graphs generated in 19.56 sec
>F 11041 cores checked in 70.42 sec
>A genbg n=6+15 e=29:29 d=4:0 D=5:3  class=188/200
>Z 11485 graphs generated in 19.53 sec
>F 11485 cores checked in 98.01 sec
>A genbg n=6+15 e=29:29 d=4:0 D=5:3  class=189/200
>Z 11006 graphs generated in 19.38 sec
>F 11006 cores checked in 84.75 sec
>A genbg n=6+15 e=29:29 d=4:0 D=5:3  class=190/200
>Z 11106 graphs generated in 19.51 sec
>F 11106 cores checked in 102.08 sec
>A genbg n=6+15 e=29:29 d=4:0 D=5:3  class=191/200
>Z 11080 graphs generated in 19.41 sec
>F 11080 cores checked in 107.43 sec
>A genbg n=6+15 e=29:29 d=4:0 D=5:3  class=192/200
>Z 11490 graphs generated in 19.50 sec
>F 11490 cores checked in 70.58 sec
>A genbg n=6+15 e=29:29 d=4:0 D=5:3  class=193/200
>Z 11343 graphs generated in 19.41 sec
>F 11343 cores checked in 138.02 sec
>A genbg n=6+15 e=29:29 d=4:0 D=5:3  class=194/200
>Z 11263 graphs generated in 19.36 sec
>F 11263 cores checked in 167.29 sec
>A genbg n=6+15 e=29:29 d=4:0 D=5:3  class=195/200
>Z 11057 graphs generated in 19.49 sec
>F 11057 cores checked in 122.90 sec
>A genbg n=6+15 e=29:29 d=4:0 D=5:3  class=196/200
>Z 11190 graphs generated in 19.45 sec
>F 11190 cores checked in 97.50 sec
>A genbg n=6+15 e=29:29 d=4:0 D=5:3  class=197/200
>Z 11187 graphs generated in 19.47 sec
>F 11187 cores checked in 146.16 sec
>A genbg n=6+15 e=29:29 d=4:0 D=5:3  class=198/200
>Z 11270 graphs generated in 19.49 sec
>F 11270 cores checked in 101.28 sec
>A genbg n=6+15 e=29:29 d=4:0 D=5:3  class=199/200
>Z 11332 graphs generated in 19.47 sec
>F 11332 cores checked in 138.94 sec



=== Total number of graphs generated: 2260510
=== Total number of graphs checked: 2260510
=== Total time for generation: 3899.97 seconds
=== Total time for checking: 23532.40 seconds
=== Total number of exceptional graphs: 0

