=== Log file for genbg_-d6:0_-D8:3_5_16_38:38



>A genbg n=5+16 e=38:38 d=6:0 D=8:3  class=0/200
>Z 4016 graphs generated in 46.88 sec
>F 4016 cores checked in 2.98 sec
>A genbg n=5+16 e=38:38 d=6:0 D=8:3  class=1/200
>Z 3869 graphs generated in 46.83 sec
>F 3869 cores checked in 2.86 sec
>A genbg n=5+16 e=38:38 d=6:0 D=8:3  class=2/200
>Z 3962 graphs generated in 46.76 sec
>F 3962 cores checked in 2.94 sec
>A genbg n=5+16 e=38:38 d=6:0 D=8:3  class=3/200
>Z 3879 graphs generated in 46.69 sec
>F 3879 cores checked in 2.88 sec
>A genbg n=5+16 e=38:38 d=6:0 D=8:3  class=4/200
>Z 3854 graphs generated in 46.70 sec
>F 3854 cores checked in 2.86 sec
>A genbg n=5+16 e=38:38 d=6:0 D=8:3  class=5/200
>Z 3945 graphs generated in 46.80 sec
>F 3945 cores checked in 2.92 sec
>A genbg n=5+16 e=38:38 d=6:0 D=8:3  class=6/200
>Z 3798 graphs generated in 46.55 sec
>F 3798 cores checked in 2.84 sec
>A genbg n=5+16 e=38:38 d=6:0 D=8:3  class=7/200
>Z 3826 graphs generated in 46.93 sec
>F 3826 cores checked in 2.83 sec
>A genbg n=5+16 e=38:38 d=6:0 D=8:3  class=8/200
>Z 3838 graphs generated in 46.72 sec
>F 3838 cores checked in 2.84 sec
>A genbg n=5+16 e=38:38 d=6:0 D=8:3  class=9/200
>Z 3629 graphs generated in 46.98 sec
>F 3629 cores checked in 2.68 sec
>A genbg n=5+16 e=38:38 d=6:0 D=8:3  class=10/200
>Z 3763 graphs generated in 46.95 sec
>F 3763 cores checked in 2.79 sec
>A genbg n=5+16 e=38:38 d=6:0 D=8:3  class=11/200
>Z 3790 graphs generated in 46.76 sec
>F 3790 cores checked in 2.79 sec
>A genbg n=5+16 e=38:38 d=6:0 D=8:3  class=12/200
>Z 3837 graphs generated in 46.98 sec
>F 3837 cores checked in 2.85 sec
>A genbg n=5+16 e=38:38 d=6:0 D=8:3  class=13/200
>Z 3952 graphs generated in 46.83 sec
>F 3952 cores checked in 2.92 sec
>A genbg n=5+16 e=38:38 d=6:0 D=8:3  class=14/200
>Z 3817 graphs generated in 46.92 sec
>F 3817 cores checked in 2.82 sec
>A genbg n=5+16 e=38:38 d=6:0 D=8:3  class=15/200
>Z 3938 graphs generated in 46.93 sec
>F 3938 cores checked in 2.92 sec
>A genbg n=5+16 e=38:38 d=6:0 D=8:3  class=16/200
>Z 3958 graphs generated in 46.82 sec
>F 3958 cores checked in 2.92 sec
>A genbg n=5+16 e=38:38 d=6:0 D=8:3  class=17/200
>Z 3814 graphs generated in 46.82 sec
>F 3814 cores checked in 2.81 sec
>A genbg n=5+16 e=38:38 d=6:0 D=8:3  class=18/200
>Z 3995 graphs generated in 46.63 sec
>F 3995 cores checked in 2.93 sec
>A genbg n=5+16 e=38:38 d=6:0 D=8:3  class=19/200
>Z 3823 graphs generated in 46.74 sec
>F 3823 cores checked in 2.83 sec
>A genbg n=5+16 e=38:38 d=6:0 D=8:3  class=20/200
>Z 3888 graphs generated in 46.65 sec
>F 3888 cores checked in 2.87 sec
>A genbg n=5+16 e=38:38 d=6:0 D=8:3  class=21/200
>Z 3958 graphs generated in 46.62 sec
>F 3958 cores checked in 2.92 sec
>A genbg n=5+16 e=38:38 d=6:0 D=8:3  class=22/200
>Z 3845 graphs generated in 46.72 sec
>F 3845 cores checked in 2.83 sec
>A genbg n=5+16 e=38:38 d=6:0 D=8:3  class=23/200
>Z 3914 graphs generated in 46.82 sec
>F 3914 cores checked in 2.89 sec
>A genbg n=5+16 e=38:38 d=6:0 D=8:3  class=24/200
>Z 3786 graphs generated in 46.54 sec
>F 3786 cores checked in 2.79 sec
>A genbg n=5+16 e=38:38 d=6:0 D=8:3  class=25/200
>Z 3961 graphs generated in 46.74 sec
>F 3961 cores checked in 2.92 sec
>A genbg n=5+16 e=38:38 d=6:0 D=8:3  class=26/200
>Z 3860 graphs generated in 46.66 sec
>F 3860 cores checked in 2.84 sec
>A genbg n=5+16 e=38:38 d=6:0 D=8:3  class=27/200
>Z 3905 graphs generated in 47.06 sec
>F 3905 cores checked in 2.89 sec
>A genbg n=5+16 e=38:38 d=6:0 D=8:3  class=28/200
>Z 3968 graphs generated in 46.96 sec
>F 3968 cores checked in 2.91 sec
>A genbg n=5+16 e=38:38 d=6:0 D=8:3  class=29/200
>Z 3904 graphs generated in 46.81 sec
>F 3904 cores checked in 2.88 sec
>A genbg n=5+16 e=38:38 d=6:0 D=8:3  class=30/200
>Z 3872 graphs generated in 47.23 sec
>F 3872 cores checked in 2.86 sec
>A genbg n=5+16 e=38:38 d=6:0 D=8:3  class=31/200
>Z 3845 graphs generated in 46.96 sec
>F 3845 cores checked in 2.82 sec
>A genbg n=5+16 e=38:38 d=6:0 D=8:3  class=32/200
>Z 3890 graphs generated in 47.00 sec
>F 3890 cores checked in 2.85 sec
>A genbg n=5+16 e=38:38 d=6:0 D=8:3  class=33/200
>Z 3867 graphs generated in 47.03 sec
>F 3867 cores checked in 2.84 sec
>A genbg n=5+16 e=38:38 d=6:0 D=8:3  class=34/200
>Z 3725 graphs generated in 46.97 sec
>F 3725 cores checked in 2.75 sec
>A genbg n=5+16 e=38:38 d=6:0 D=8:3  class=35/200
>Z 3916 graphs generated in 47.17 sec
>F 3916 cores checked in 2.88 sec
>A genbg n=5+16 e=38:38 d=6:0 D=8:3  class=36/200
>Z 3753 graphs generated in 46.76 sec
>F 3753 cores checked in 2.77 sec
>A genbg n=5+16 e=38:38 d=6:0 D=8:3  class=37/200
>Z 3842 graphs generated in 47.23 sec
>F 3842 cores checked in 2.83 sec
>A genbg n=5+16 e=38:38 d=6:0 D=8:3  class=38/200
>Z 3842 graphs generated in 47.07 sec
>F 3842 cores checked in 2.84 sec
>A genbg n=5+16 e=38:38 d=6:0 D=8:3  class=39/200
>Z 3886 graphs generated in 47.03 sec
>F 3886 cores checked in 2.86 sec
>A genbg n=5+16 e=38:38 d=6:0 D=8:3  class=40/200
>Z 3887 graphs generated in 47.27 sec
>F 3887 cores checked in 2.86 sec
>A genbg n=5+16 e=38:38 d=6:0 D=8:3  class=41/200
>Z 3843 graphs generated in 47.13 sec
>F 3843 cores checked in 2.85 sec
>A genbg n=5+16 e=38:38 d=6:0 D=8:3  class=42/200
>Z 3936 graphs generated in 47.27 sec
>F 3936 cores checked in 2.92 sec
>A genbg n=5+16 e=38:38 d=6:0 D=8:3  class=43/200
>Z 3991 graphs generated in 47.34 sec
>F 3991 cores checked in 2.96 sec
>A genbg n=5+16 e=38:38 d=6:0 D=8:3  class=44/200
>Z 4029 graphs generated in 47.44 sec
>F 4029 cores checked in 2.98 sec
>A genbg n=5+16 e=38:38 d=6:0 D=8:3  class=45/200
>Z 3822 graphs generated in 47.27 sec
>F 3822 cores checked in 2.83 sec
>A genbg n=5+16 e=38:38 d=6:0 D=8:3  class=46/200
>Z 4039 graphs generated in 47.60 sec
>F 4039 cores checked in 2.98 sec
>A genbg n=5+16 e=38:38 d=6:0 D=8:3  class=47/200
>Z 3915 graphs generated in 47.04 sec
>F 3915 cores checked in 2.88 sec
>A genbg n=5+16 e=38:38 d=6:0 D=8:3  class=48/200
>Z 3922 graphs generated in 46.95 sec
>F 3922 cores checked in 2.88 sec
>A genbg n=5+16 e=38:38 d=6:0 D=8:3  class=49/200
>Z 3828 graphs generated in 47.32 sec
>F 3828 cores checked in 2.81 sec
>A genbg n=5+16 e=38:38 d=6:0 D=8:3  class=50/200
>Z 4020 graphs generated in 47.22 sec
>F 4020 cores checked in 2.97 sec
>A genbg n=5+16 e=38:38 d=6:0 D=8:3  class=51/200
>Z 3750 graphs generated in 47.18 sec
>F 3750 cores checked in 2.76 sec
>A genbg n=5+16 e=38:38 d=6:0 D=8:3  class=52/200
>Z 3838 graphs generated in 47.19 sec
>F 3838 cores checked in 2.81 sec
>A genbg n=5+16 e=38:38 d=6:0 D=8:3  class=53/200
>Z 3986 graphs generated in 47.20 sec
>F 3986 cores checked in 2.94 sec
>A genbg n=5+16 e=38:38 d=6:0 D=8:3  class=54/200
>Z 3761 graphs generated in 47.32 sec
>F 3761 cores checked in 2.78 sec
>A genbg n=5+16 e=38:38 d=6:0 D=8:3  class=55/200
>Z 3801 graphs generated in 47.35 sec
>F 3801 cores checked in 2.79 sec
>A genbg n=5+16 e=38:38 d=6:0 D=8:3  class=56/200
>Z 3933 graphs generated in 47.20 sec
>F 3933 cores checked in 2.89 sec
>A genbg n=5+16 e=38:38 d=6:0 D=8:3  class=57/200
>Z 3793 graphs generated in 47.23 sec
>F 3793 cores checked in 2.80 sec
>A genbg n=5+16 e=38:38 d=6:0 D=8:3  class=58/200
>Z 3965 graphs generated in 47.49 sec
>F 3965 cores checked in 2.92 sec
>A genbg n=5+16 e=38:38 d=6:0 D=8:3  class=59/200
>Z 3953 graphs generated in 47.06 sec
>F 3953 cores checked in 2.91 sec
>A genbg n=5+16 e=38:38 d=6:0 D=8:3  class=60/200
>Z 3909 graphs generated in 47.10 sec
>F 3909 cores checked in 2.87 sec
>A genbg n=5+16 e=38:38 d=6:0 D=8:3  class=61/200
>Z 3911 graphs generated in 47.15 sec
>F 3911 cores checked in 2.89 sec
>A genbg n=5+16 e=38:38 d=6:0 D=8:3  class=62/200
>Z 3944 graphs generated in 47.06 sec
>F 3944 cores checked in 2.89 sec
>A genbg n=5+16 e=38:38 d=6:0 D=8:3  class=63/200
>Z 3975 graphs generated in 47.47 sec
>F 3975 cores checked in 2.94 sec
>A genbg n=5+16 e=38:38 d=6:0 D=8:3  class=64/200
>Z 3784 graphs generated in 47.37 sec
>F 3784 cores checked in 2.80 sec
>A genbg n=5+16 e=38:38 d=6:0 D=8:3  class=65/200
>Z 4007 graphs generated in 47.11 sec
>F 4007 cores checked in 2.95 sec
>A genbg n=5+16 e=38:38 d=6:0 D=8:3  class=66/200
>Z 4005 graphs generated in 47.24 sec
>F 4005 cores checked in 2.95 sec
>A genbg n=5+16 e=38:38 d=6:0 D=8:3  class=67/200
>Z 3908 graphs generated in 47.32 sec
>F 3908 cores checked in 2.89 sec
>A genbg n=5+16 e=38:38 d=6:0 D=8:3  class=68/200
>Z 3901 graphs generated in 47.49 sec
>F 3901 cores checked in 2.88 sec
>A genbg n=5+16 e=38:38 d=6:0 D=8:3  class=69/200
>Z 3925 graphs generated in 47.19 sec
>F 3925 cores checked in 2.90 sec
>A genbg n=5+16 e=38:38 d=6:0 D=8:3  class=70/200
>Z 3830 graphs generated in 46.97 sec
>F 3830 cores checked in 2.85 sec
>A genbg n=5+16 e=38:38 d=6:0 D=8:3  class=71/200
>Z 3860 graphs generated in 47.14 sec
>F 3860 cores checked in 2.85 sec
>A genbg n=5+16 e=38:38 d=6:0 D=8:3  class=72/200
>Z 3984 graphs generated in 47.30 sec
>F 3984 cores checked in 2.94 sec
>A genbg n=5+16 e=38:38 d=6:0 D=8:3  class=73/200
>Z 3918 graphs generated in 47.19 sec
>F 3918 cores checked in 2.90 sec
>A genbg n=5+16 e=38:38 d=6:0 D=8:3  class=74/200
>Z 3960 graphs generated in 47.12 sec
>F 3960 cores checked in 2.92 sec
>A genbg n=5+16 e=38:38 d=6:0 D=8:3  class=75/200
>Z 3910 graphs generated in 46.86 sec
>F 3910 cores checked in 2.89 sec
>A genbg n=5+16 e=38:38 d=6:0 D=8:3  class=76/200
>Z 3992 graphs generated in 47.26 sec
>F 3992 cores checked in 2.95 sec
>A genbg n=5+16 e=38:38 d=6:0 D=8:3  class=77/200
>Z 3928 graphs generated in 46.95 sec
>F 3928 cores checked in 2.91 sec
>A genbg n=5+16 e=38:38 d=6:0 D=8:3  class=78/200
>Z 3974 graphs generated in 47.02 sec
>F 3974 cores checked in 2.94 sec
>A genbg n=5+16 e=38:38 d=6:0 D=8:3  class=79/200
>Z 3912 graphs generated in 47.41 sec
>F 3912 cores checked in 2.86 sec
>A genbg n=5+16 e=38:38 d=6:0 D=8:3  class=80/200
>Z 3816 graphs generated in 47.07 sec
>F 3816 cores checked in 2.81 sec
>A genbg n=5+16 e=38:38 d=6:0 D=8:3  class=81/200
>Z 3931 graphs generated in 47.32 sec
>F 3931 cores checked in 2.90 sec
>A genbg n=5+16 e=38:38 d=6:0 D=8:3  class=82/200
>Z 4028 graphs generated in 47.31 sec
>F 4028 cores checked in 2.96 sec
>A genbg n=5+16 e=38:38 d=6:0 D=8:3  class=83/200
>Z 3979 graphs generated in 47.18 sec
>F 3979 cores checked in 2.94 sec
>A genbg n=5+16 e=38:38 d=6:0 D=8:3  class=84/200
>Z 3773 graphs generated in 47.17 sec
>F 3773 cores checked in 2.77 sec
>A genbg n=5+16 e=38:38 d=6:0 D=8:3  class=85/200
>Z 3998 graphs generated in 47.09 sec
>F 3998 cores checked in 2.94 sec
>A genbg n=5+16 e=38:38 d=6:0 D=8:3  class=86/200
>Z 3919 graphs generated in 47.31 sec
>F 3919 cores checked in 2.89 sec
>A genbg n=5+16 e=38:38 d=6:0 D=8:3  class=87/200
>Z 3920 graphs generated in 47.31 sec
>F 3920 cores checked in 2.89 sec
>A genbg n=5+16 e=38:38 d=6:0 D=8:3  class=88/200
>Z 3950 graphs generated in 47.21 sec
>F 3950 cores checked in 2.92 sec
>A genbg n=5+16 e=38:38 d=6:0 D=8:3  class=89/200
>Z 3937 graphs generated in 47.09 sec
>F 3937 cores checked in 2.90 sec
>A genbg n=5+16 e=38:38 d=6:0 D=8:3  class=90/200
>Z 4113 graphs generated in 47.30 sec
>F 4113 cores checked in 3.03 sec
>A genbg n=5+16 e=38:38 d=6:0 D=8:3  class=91/200
>Z 3853 graphs generated in 47.05 sec
>F 3853 cores checked in 2.84 sec
>A genbg n=5+16 e=38:38 d=6:0 D=8:3  class=92/200
>Z 4049 graphs generated in 47.23 sec
>F 4049 cores checked in 2.98 sec
>A genbg n=5+16 e=38:38 d=6:0 D=8:3  class=93/200
>Z 3885 graphs generated in 46.90 sec
>F 3885 cores checked in 2.85 sec
>A genbg n=5+16 e=38:38 d=6:0 D=8:3  class=94/200
>Z 3887 graphs generated in 47.10 sec
>F 3887 cores checked in 2.86 sec
>A genbg n=5+16 e=38:38 d=6:0 D=8:3  class=95/200
>Z 3875 graphs generated in 47.14 sec
>F 3875 cores checked in 2.85 sec
>A genbg n=5+16 e=38:38 d=6:0 D=8:3  class=96/200
>Z 4009 graphs generated in 47.32 sec
>F 4009 cores checked in 2.98 sec
>A genbg n=5+16 e=38:38 d=6:0 D=8:3  class=97/200
>Z 3754 graphs generated in 47.37 sec
>F 3754 cores checked in 2.77 sec
>A genbg n=5+16 e=38:38 d=6:0 D=8:3  class=98/200
>Z 3879 graphs generated in 47.56 sec
>F 3879 cores checked in 2.87 sec
>A genbg n=5+16 e=38:38 d=6:0 D=8:3  class=99/200
>Z 3921 graphs generated in 47.44 sec
>F 3921 cores checked in 2.90 sec
>A genbg n=5+16 e=38:38 d=6:0 D=8:3  class=100/200
>Z 3839 graphs generated in 47.22 sec
>F 3839 cores checked in 2.84 sec
>A genbg n=5+16 e=38:38 d=6:0 D=8:3  class=101/200
>Z 3943 graphs generated in 47.21 sec
>F 3943 cores checked in 2.91 sec
>A genbg n=5+16 e=38:38 d=6:0 D=8:3  class=102/200
>Z 3752 graphs generated in 47.23 sec
>F 3752 cores checked in 2.76 sec
>A genbg n=5+16 e=38:38 d=6:0 D=8:3  class=103/200
>Z 3823 graphs generated in 47.56 sec
>F 3823 cores checked in 2.81 sec
>A genbg n=5+16 e=38:38 d=6:0 D=8:3  class=104/200
>Z 3843 graphs generated in 46.90 sec
>F 3843 cores checked in 2.82 sec
>A genbg n=5+16 e=38:38 d=6:0 D=8:3  class=105/200
>Z 3889 graphs generated in 47.52 sec
>F 3889 cores checked in 2.87 sec
>A genbg n=5+16 e=38:38 d=6:0 D=8:3  class=106/200
>Z 3893 graphs generated in 46.57 sec
>F 3893 cores checked in 2.87 sec
>A genbg n=5+16 e=38:38 d=6:0 D=8:3  class=107/200
>Z 3867 graphs generated in 46.91 sec
>F 3867 cores checked in 2.84 sec
>A genbg n=5+16 e=38:38 d=6:0 D=8:3  class=108/200
>Z 3936 graphs generated in 47.06 sec
>F 3936 cores checked in 2.90 sec
>A genbg n=5+16 e=38:38 d=6:0 D=8:3  class=109/200
>Z 3811 graphs generated in 47.30 sec
>F 3811 cores checked in 2.81 sec
>A genbg n=5+16 e=38:38 d=6:0 D=8:3  class=110/200
>Z 3849 graphs generated in 47.11 sec
>F 3849 cores checked in 2.84 sec
>A genbg n=5+16 e=38:38 d=6:0 D=8:3  class=111/200
>Z 3928 graphs generated in 47.20 sec
>F 3928 cores checked in 2.89 sec
>A genbg n=5+16 e=38:38 d=6:0 D=8:3  class=112/200
>Z 3808 graphs generated in 47.40 sec
>F 3808 cores checked in 2.81 sec
>A genbg n=5+16 e=38:38 d=6:0 D=8:3  class=113/200
>Z 3881 graphs generated in 47.39 sec
>F 3881 cores checked in 2.87 sec
>A genbg n=5+16 e=38:38 d=6:0 D=8:3  class=114/200
>Z 3926 graphs generated in 46.76 sec
>F 3926 cores checked in 2.88 sec
>A genbg n=5+16 e=38:38 d=6:0 D=8:3  class=115/200
>Z 3935 graphs generated in 46.83 sec
>F 3935 cores checked in 2.90 sec
>A genbg n=5+16 e=38:38 d=6:0 D=8:3  class=116/200
>Z 4037 graphs generated in 47.41 sec
>F 4037 cores checked in 3.00 sec
>A genbg n=5+16 e=38:38 d=6:0 D=8:3  class=117/200
>Z 3763 graphs generated in 47.07 sec
>F 3763 cores checked in 2.78 sec
>A genbg n=5+16 e=38:38 d=6:0 D=8:3  class=118/200
>Z 3905 graphs generated in 46.74 sec
>F 3905 cores checked in 2.87 sec
>A genbg n=5+16 e=38:38 d=6:0 D=8:3  class=119/200
>Z 3778 graphs generated in 47.26 sec
>F 3778 cores checked in 2.79 sec
>A genbg n=5+16 e=38:38 d=6:0 D=8:3  class=120/200
>Z 3842 graphs generated in 47.34 sec
>F 3842 cores checked in 2.83 sec
>A genbg n=5+16 e=38:38 d=6:0 D=8:3  class=121/200
>Z 3924 graphs generated in 47.36 sec
>F 3924 cores checked in 2.89 sec
>A genbg n=5+16 e=38:38 d=6:0 D=8:3  class=122/200
>Z 3828 graphs generated in 46.90 sec
>F 3828 cores checked in 2.83 sec
>A genbg n=5+16 e=38:38 d=6:0 D=8:3  class=123/200
>Z 4067 graphs generated in 47.18 sec
>F 4067 cores checked in 3.02 sec
>A genbg n=5+16 e=38:38 d=6:0 D=8:3  class=124/200
>Z 3842 graphs generated in 47.26 sec
>F 3842 cores checked in 2.82 sec
>A genbg n=5+16 e=38:38 d=6:0 D=8:3  class=125/200
>Z 4010 graphs generated in 47.40 sec
>F 4010 cores checked in 2.94 sec
>A genbg n=5+16 e=38:38 d=6:0 D=8:3  class=126/200
>Z 4000 graphs generated in 47.18 sec
>F 4000 cores checked in 2.94 sec
>A genbg n=5+16 e=38:38 d=6:0 D=8:3  class=127/200
>Z 3989 graphs generated in 47.26 sec
>F 3989 cores checked in 2.94 sec
>A genbg n=5+16 e=38:38 d=6:0 D=8:3  class=128/200
>Z 3970 graphs generated in 47.31 sec
>F 3970 cores checked in 2.92 sec
>A genbg n=5+16 e=38:38 d=6:0 D=8:3  class=129/200
>Z 4036 graphs generated in 47.38 sec
>F 4036 cores checked in 2.98 sec
>A genbg n=5+16 e=38:38 d=6:0 D=8:3  class=130/200
>Z 3822 graphs generated in 47.22 sec
>F 3822 cores checked in 2.83 sec
>A genbg n=5+16 e=38:38 d=6:0 D=8:3  class=131/200
>Z 3863 graphs generated in 47.21 sec
>F 3863 cores checked in 2.84 sec
>A genbg n=5+16 e=38:38 d=6:0 D=8:3  class=132/200
>Z 4056 graphs generated in 46.82 sec
>F 4056 cores checked in 2.99 sec
>A genbg n=5+16 e=38:38 d=6:0 D=8:3  class=133/200
>Z 3987 graphs generated in 47.30 sec
>F 3987 cores checked in 2.93 sec
>A genbg n=5+16 e=38:38 d=6:0 D=8:3  class=134/200
>Z 4085 graphs generated in 47.23 sec
>F 4085 cores checked in 3.01 sec
>A genbg n=5+16 e=38:38 d=6:0 D=8:3  class=135/200
>Z 3870 graphs generated in 47.17 sec
>F 3870 cores checked in 2.89 sec
>A genbg n=5+16 e=38:38 d=6:0 D=8:3  class=136/200
>Z 3938 graphs generated in 47.11 sec
>F 3938 cores checked in 2.90 sec
>A genbg n=5+16 e=38:38 d=6:0 D=8:3  class=137/200
>Z 3847 graphs generated in 47.20 sec
>F 3847 cores checked in 2.85 sec
>A genbg n=5+16 e=38:38 d=6:0 D=8:3  class=138/200
>Z 3900 graphs generated in 47.15 sec
>F 3900 cores checked in 2.88 sec
>A genbg n=5+16 e=38:38 d=6:0 D=8:3  class=139/200
>Z 3954 graphs generated in 47.36 sec
>F 3954 cores checked in 2.91 sec
>A genbg n=5+16 e=38:38 d=6:0 D=8:3  class=140/200
>Z 3929 graphs generated in 47.31 sec
>F 3929 cores checked in 2.89 sec
>A genbg n=5+16 e=38:38 d=6:0 D=8:3  class=141/200
>Z 3806 graphs generated in 47.29 sec
>F 3806 cores checked in 2.80 sec
>A genbg n=5+16 e=38:38 d=6:0 D=8:3  class=142/200
>Z 3950 graphs generated in 47.14 sec
>F 3950 cores checked in 2.91 sec
>A genbg n=5+16 e=38:38 d=6:0 D=8:3  class=143/200
>Z 3909 graphs generated in 47.36 sec
>F 3909 cores checked in 2.88 sec
>A genbg n=5+16 e=38:38 d=6:0 D=8:3  class=144/200
>Z 3869 graphs generated in 47.29 sec
>F 3869 cores checked in 2.85 sec
>A genbg n=5+16 e=38:38 d=6:0 D=8:3  class=145/200
>Z 3981 graphs generated in 47.62 sec
>F 3981 cores checked in 2.93 sec
>A genbg n=5+16 e=38:38 d=6:0 D=8:3  class=146/200
>Z 3883 graphs generated in 47.24 sec
>F 3883 cores checked in 2.86 sec
>A genbg n=5+16 e=38:38 d=6:0 D=8:3  class=147/200
>Z 4029 graphs generated in 46.96 sec
>F 4029 cores checked in 2.94 sec
>A genbg n=5+16 e=38:38 d=6:0 D=8:3  class=148/200
>Z 3954 graphs generated in 47.34 sec
>F 3954 cores checked in 2.92 sec
>A genbg n=5+16 e=38:38 d=6:0 D=8:3  class=149/200
>Z 3928 graphs generated in 47.02 sec
>F 3928 cores checked in 2.89 sec
>A genbg n=5+16 e=38:38 d=6:0 D=8:3  class=150/200
>Z 3986 graphs generated in 46.97 sec
>F 3986 cores checked in 2.95 sec
>A genbg n=5+16 e=38:38 d=6:0 D=8:3  class=151/200
>Z 3725 graphs generated in 47.44 sec
>F 3725 cores checked in 2.75 sec
>A genbg n=5+16 e=38:38 d=6:0 D=8:3  class=152/200
>Z 3916 graphs generated in 47.21 sec
>F 3916 cores checked in 2.88 sec
>A genbg n=5+16 e=38:38 d=6:0 D=8:3  class=153/200
>Z 3924 graphs generated in 47.18 sec
>F 3924 cores checked in 2.89 sec
>A genbg n=5+16 e=38:38 d=6:0 D=8:3  class=154/200
>Z 3895 graphs generated in 47.19 sec
>F 3895 cores checked in 2.95 sec
>A genbg n=5+16 e=38:38 d=6:0 D=8:3  class=155/200
>Z 3911 graphs generated in 47.26 sec
>F 3911 cores checked in 2.88 sec
>A genbg n=5+16 e=38:38 d=6:0 D=8:3  class=156/200
>Z 3956 graphs generated in 47.36 sec
>F 3956 cores checked in 2.91 sec
>A genbg n=5+16 e=38:38 d=6:0 D=8:3  class=157/200
>Z 3779 graphs generated in 47.07 sec
>F 3779 cores checked in 2.80 sec
>A genbg n=5+16 e=38:38 d=6:0 D=8:3  class=158/200
>Z 3868 graphs generated in 47.13 sec
>F 3868 cores checked in 2.86 sec
>A genbg n=5+16 e=38:38 d=6:0 D=8:3  class=159/200
>Z 3986 graphs generated in 47.06 sec
>F 3986 cores checked in 2.93 sec
>A genbg n=5+16 e=38:38 d=6:0 D=8:3  class=160/200
>Z 3909 graphs generated in 47.21 sec
>F 3909 cores checked in 2.88 sec
>A genbg n=5+16 e=38:38 d=6:0 D=8:3  class=161/200
>Z 4105 graphs generated in 47.33 sec
>F 4105 cores checked in 3.02 sec
>A genbg n=5+16 e=38:38 d=6:0 D=8:3  class=162/200
>Z 3916 graphs generated in 47.07 sec
>F 3916 cores checked in 2.90 sec
>A genbg n=5+16 e=38:38 d=6:0 D=8:3  class=163/200
>Z 3933 graphs generated in 47.30 sec
>F 3933 cores checked in 2.90 sec
>A genbg n=5+16 e=38:38 d=6:0 D=8:3  class=164/200
>Z 3988 graphs generated in 47.25 sec
>F 3988 cores checked in 2.95 sec
>A genbg n=5+16 e=38:38 d=6:0 D=8:3  class=165/200
>Z 3926 graphs generated in 47.10 sec
>F 3926 cores checked in 2.91 sec
>A genbg n=5+16 e=38:38 d=6:0 D=8:3  class=166/200
>Z 3902 graphs generated in 47.08 sec
>F 3902 cores checked in 2.88 sec
>A genbg n=5+16 e=38:38 d=6:0 D=8:3  class=167/200
>Z 3912 graphs generated in 47.15 sec
>F 3912 cores checked in 2.87 sec
>A genbg n=5+16 e=38:38 d=6:0 D=8:3  class=168/200
>Z 3972 graphs generated in 47.14 sec
>F 3972 cores checked in 2.93 sec
>A genbg n=5+16 e=38:38 d=6:0 D=8:3  class=169/200
>Z 4015 graphs generated in 47.28 sec
>F 4015 cores checked in 2.97 sec
>A genbg n=5+16 e=38:38 d=6:0 D=8:3  class=170/200
>Z 3774 graphs generated in 47.12 sec
>F 3774 cores checked in 2.85 sec
>A genbg n=5+16 e=38:38 d=6:0 D=8:3  class=171/200
>Z 3940 graphs generated in 46.99 sec
>F 3940 cores checked in 2.91 sec
>A genbg n=5+16 e=38:38 d=6:0 D=8:3  class=172/200
>Z 3929 graphs generated in 47.25 sec
>F 3929 cores checked in 2.89 sec
>A genbg n=5+16 e=38:38 d=6:0 D=8:3  class=173/200
>Z 3957 graphs generated in 46.77 sec
>F 3957 cores checked in 2.92 sec
>A genbg n=5+16 e=38:38 d=6:0 D=8:3  class=174/200
>Z 4022 graphs generated in 47.13 sec
>F 4022 cores checked in 2.98 sec
>A genbg n=5+16 e=38:38 d=6:0 D=8:3  class=175/200
>Z 3928 graphs generated in 47.34 sec
>F 3928 cores checked in 2.89 sec
>A genbg n=5+16 e=38:38 d=6:0 D=8:3  class=176/200
>Z 3850 graphs generated in 47.46 sec
>F 3850 cores checked in 2.83 sec
>A genbg n=5+16 e=38:38 d=6:0 D=8:3  class=177/200
>Z 4014 graphs generated in 47.15 sec
>F 4014 cores checked in 2.94 sec
>A genbg n=5+16 e=38:38 d=6:0 D=8:3  class=178/200
>Z 3916 graphs generated in 47.27 sec
>F 3916 cores checked in 2.88 sec
>A genbg n=5+16 e=38:38 d=6:0 D=8:3  class=179/200
>Z 3951 graphs generated in 47.31 sec
>F 3951 cores checked in 2.91 sec
>A genbg n=5+16 e=38:38 d=6:0 D=8:3  class=180/200
>Z 3915 graphs generated in 47.55 sec
>F 3915 cores checked in 2.88 sec
>A genbg n=5+16 e=38:38 d=6:0 D=8:3  class=181/200
>Z 3805 graphs generated in 47.34 sec
>F 3805 cores checked in 2.79 sec
>A genbg n=5+16 e=38:38 d=6:0 D=8:3  class=182/200
>Z 3954 graphs generated in 47.31 sec
>F 3954 cores checked in 2.92 sec
>A genbg n=5+16 e=38:38 d=6:0 D=8:3  class=183/200
>Z 3912 graphs generated in 47.10 sec
>F 3912 cores checked in 2.88 sec
>A genbg n=5+16 e=38:38 d=6:0 D=8:3  class=184/200
>Z 4002 graphs generated in 47.24 sec
>F 4002 cores checked in 2.96 sec
>A genbg n=5+16 e=38:38 d=6:0 D=8:3  class=185/200
>Z 3894 graphs generated in 47.33 sec
>F 3894 cores checked in 2.86 sec
>A genbg n=5+16 e=38:38 d=6:0 D=8:3  class=186/200
>Z 3926 graphs generated in 47.15 sec
>F 3926 cores checked in 2.90 sec
>A genbg n=5+16 e=38:38 d=6:0 D=8:3  class=187/200
>Z 3819 graphs generated in 47.42 sec
>F 3819 cores checked in 2.80 sec
>A genbg n=5+16 e=38:38 d=6:0 D=8:3  class=188/200
>Z 3916 graphs generated in 47.15 sec
>F 3916 cores checked in 2.89 sec
>A genbg n=5+16 e=38:38 d=6:0 D=8:3  class=189/200
>Z 4113 graphs generated in 47.28 sec
>F 4113 cores checked in 3.04 sec
>A genbg n=5+16 e=38:38 d=6:0 D=8:3  class=190/200
>Z 4000 graphs generated in 47.21 sec
>F 4000 cores checked in 2.95 sec
>A genbg n=5+16 e=38:38 d=6:0 D=8:3  class=191/200
>Z 3817 graphs generated in 47.08 sec
>F 3817 cores checked in 2.81 sec
>A genbg n=5+16 e=38:38 d=6:0 D=8:3  class=192/200
>Z 3876 graphs generated in 46.82 sec
>F 3876 cores checked in 2.84 sec
>A genbg n=5+16 e=38:38 d=6:0 D=8:3  class=193/200
>Z 3971 graphs generated in 47.19 sec
>F 3971 cores checked in 2.92 sec
>A genbg n=5+16 e=38:38 d=6:0 D=8:3  class=194/200
>Z 3835 graphs generated in 47.38 sec
>F 3835 cores checked in 2.82 sec
>A genbg n=5+16 e=38:38 d=6:0 D=8:3  class=195/200
>Z 3920 graphs generated in 46.98 sec
>F 3920 cores checked in 2.90 sec
>A genbg n=5+16 e=38:38 d=6:0 D=8:3  class=196/200
>Z 3944 graphs generated in 46.93 sec
>F 3944 cores checked in 2.91 sec
>A genbg n=5+16 e=38:38 d=6:0 D=8:3  class=197/200
>Z 3876 graphs generated in 47.17 sec
>F 3876 cores checked in 2.85 sec
>A genbg n=5+16 e=38:38 d=6:0 D=8:3  class=198/200
>Z 3818 graphs generated in 47.11 sec
>F 3818 cores checked in 2.82 sec
>A genbg n=5+16 e=38:38 d=6:0 D=8:3  class=199/200
>Z 3891 graphs generated in 46.62 sec
>F 3891 cores checked in 2.87 sec



=== Total number of graphs generated: 781238
=== Total number of graphs checked: 781238
=== Total time for generation: 9426.00 seconds
=== Total time for checking: 576.28 seconds
=== Total number of exceptional graphs: 0

