=== Log file for genbg_-d4:0_-D8:3_5_16_32:32



>A genbg n=5+16 e=32:32 d=4:0 D=8:3  class=0/200
>Z 80669 graphs generated in 30.62 sec
>F 80669 cores checked in 27.49 sec
>A genbg n=5+16 e=32:32 d=4:0 D=8:3  class=1/200
>Z 81280 graphs generated in 30.82 sec
>F 81280 cores checked in 27.58 sec
>A genbg n=5+16 e=32:32 d=4:0 D=8:3  class=2/200
>Z 80838 graphs generated in 30.69 sec
>F 80838 cores checked in 28.24 sec
>A genbg n=5+16 e=32:32 d=4:0 D=8:3  class=3/200
>Z 79456 graphs generated in 30.75 sec
>F 79456 cores checked in 29.80 sec
>A genbg n=5+16 e=32:32 d=4:0 D=8:3  class=4/200
>Z 80391 graphs generated in 30.81 sec
>F 80391 cores checked in 27.05 sec
>A genbg n=5+16 e=32:32 d=4:0 D=8:3  class=5/200
>Z 80915 graphs generated in 30.87 sec
>F 80915 cores checked in 27.35 sec
>A genbg n=5+16 e=32:32 d=4:0 D=8:3  class=6/200
>Z 80379 graphs generated in 30.76 sec
>F 80379 cores checked in 28.60 sec
>A genbg n=5+16 e=32:32 d=4:0 D=8:3  class=7/200
>Z 81546 graphs generated in 30.85 sec
>F 81546 cores checked in 27.45 sec
>A genbg n=5+16 e=32:32 d=4:0 D=8:3  class=8/200
>Z 80038 graphs generated in 30.73 sec
>F 80038 cores checked in 27.26 sec
>A genbg n=5+16 e=32:32 d=4:0 D=8:3  class=9/200
>Z 81471 graphs generated in 30.83 sec
>F 81471 cores checked in 27.59 sec
>A genbg n=5+16 e=32:32 d=4:0 D=8:3  class=10/200
>Z 81307 graphs generated in 30.80 sec
>F 81307 cores checked in 27.60 sec
>A genbg n=5+16 e=32:32 d=4:0 D=8:3  class=11/200
>Z 79363 graphs generated in 30.79 sec
>F 79363 cores checked in 28.40 sec
>A genbg n=5+16 e=32:32 d=4:0 D=8:3  class=12/200
>Z 79608 graphs generated in 30.71 sec
>F 79608 cores checked in 27.29 sec
>A genbg n=5+16 e=32:32 d=4:0 D=8:3  class=13/200
>Z 81812 graphs generated in 30.84 sec
>F 81812 cores checked in 28.24 sec
>A genbg n=5+16 e=32:32 d=4:0 D=8:3  class=14/200
>Z 81133 graphs generated in 30.77 sec
>F 81133 cores checked in 36.97 sec
>A genbg n=5+16 e=32:32 d=4:0 D=8:3  class=15/200
>Z 80838 graphs generated in 30.72 sec
>F 80838 cores checked in 31.72 sec
>A genbg n=5+16 e=32:32 d=4:0 D=8:3  class=16/200
>Z 80524 graphs generated in 30.71 sec
>F 80524 cores checked in 27.34 sec
>A genbg n=5+16 e=32:32 d=4:0 D=8:3  class=17/200
>Z 80773 graphs generated in 30.72 sec
>F 80773 cores checked in 27.55 sec
>A genbg n=5+16 e=32:32 d=4:0 D=8:3  class=18/200
>Z 79234 graphs generated in 30.62 sec
>F 79234 cores checked in 27.97 sec
>A genbg n=5+16 e=32:32 d=4:0 D=8:3  class=19/200
>Z 81324 graphs generated in 30.65 sec
>F 81324 cores checked in 32.31 sec
>A genbg n=5+16 e=32:32 d=4:0 D=8:3  class=20/200
>Z 80041 graphs generated in 30.69 sec
>F 80041 cores checked in 27.67 sec
>A genbg n=5+16 e=32:32 d=4:0 D=8:3  class=21/200
>Z 80727 graphs generated in 30.72 sec
>F 80727 cores checked in 27.26 sec
>A genbg n=5+16 e=32:32 d=4:0 D=8:3  class=22/200
>Z 80236 graphs generated in 30.72 sec
>F 80236 cores checked in 27.27 sec
>A genbg n=5+16 e=32:32 d=4:0 D=8:3  class=23/200
>Z 81139 graphs generated in 30.76 sec
>F 81139 cores checked in 27.66 sec
>A genbg n=5+16 e=32:32 d=4:0 D=8:3  class=24/200
>Z 80908 graphs generated in 30.68 sec
>F 80908 cores checked in 27.60 sec
>A genbg n=5+16 e=32:32 d=4:0 D=8:3  class=25/200
>Z 79874 graphs generated in 30.70 sec
>F 79874 cores checked in 28.09 sec
>A genbg n=5+16 e=32:32 d=4:0 D=8:3  class=26/200
>Z 77767 graphs generated in 30.66 sec
>F 77767 cores checked in 26.64 sec
>A genbg n=5+16 e=32:32 d=4:0 D=8:3  class=27/200
>Z 80977 graphs generated in 30.78 sec
>F 80977 cores checked in 31.83 sec
>A genbg n=5+16 e=32:32 d=4:0 D=8:3  class=28/200
>Z 79956 graphs generated in 30.73 sec
>F 79956 cores checked in 27.20 sec
>A genbg n=5+16 e=32:32 d=4:0 D=8:3  class=29/200
>Z 82893 graphs generated in 30.72 sec
>F 82893 cores checked in 27.99 sec
>A genbg n=5+16 e=32:32 d=4:0 D=8:3  class=30/200
>Z 80481 graphs generated in 30.64 sec
>F 80481 cores checked in 27.22 sec
>A genbg n=5+16 e=32:32 d=4:0 D=8:3  class=31/200
>Z 81033 graphs generated in 31.87 sec
>F 81033 cores checked in 27.55 sec
>A genbg n=5+16 e=32:32 d=4:0 D=8:3  class=32/200
>Z 79446 graphs generated in 30.67 sec
>F 79446 cores checked in 27.08 sec
>A genbg n=5+16 e=32:32 d=4:0 D=8:3  class=33/200
>Z 80414 graphs generated in 30.66 sec
>F 80414 cores checked in 27.85 sec
>A genbg n=5+16 e=32:32 d=4:0 D=8:3  class=34/200
>Z 79584 graphs generated in 30.79 sec
>F 79584 cores checked in 30.25 sec
>A genbg n=5+16 e=32:32 d=4:0 D=8:3  class=35/200
>Z 81844 graphs generated in 30.66 sec
>F 81844 cores checked in 29.11 sec
>A genbg n=5+16 e=32:32 d=4:0 D=8:3  class=36/200
>Z 81679 graphs generated in 30.68 sec
>F 81679 cores checked in 34.48 sec
>A genbg n=5+16 e=32:32 d=4:0 D=8:3  class=37/200
>Z 81728 graphs generated in 30.67 sec
>F 81728 cores checked in 36.46 sec
>A genbg n=5+16 e=32:32 d=4:0 D=8:3  class=38/200
>Z 80751 graphs generated in 30.74 sec
>F 80751 cores checked in 27.44 sec
>A genbg n=5+16 e=32:32 d=4:0 D=8:3  class=39/200
>Z 82236 graphs generated in 30.77 sec
>F 82236 cores checked in 27.82 sec
>A genbg n=5+16 e=32:32 d=4:0 D=8:3  class=40/200
>Z 83504 graphs generated in 30.69 sec
>F 83504 cores checked in 31.57 sec
>A genbg n=5+16 e=32:32 d=4:0 D=8:3  class=41/200
>Z 80928 graphs generated in 30.72 sec
>F 80928 cores checked in 27.52 sec
>A genbg n=5+16 e=32:32 d=4:0 D=8:3  class=42/200
>Z 79280 graphs generated in 30.62 sec
>F 79280 cores checked in 28.26 sec
>A genbg n=5+16 e=32:32 d=4:0 D=8:3  class=43/200
>Z 81956 graphs generated in 30.70 sec
>F 81956 cores checked in 27.87 sec
>A genbg n=5+16 e=32:32 d=4:0 D=8:3  class=44/200
>Z 80249 graphs generated in 30.70 sec
>F 80249 cores checked in 27.30 sec
>A genbg n=5+16 e=32:32 d=4:0 D=8:3  class=45/200
>Z 81473 graphs generated in 30.64 sec
>F 81473 cores checked in 27.96 sec
>A genbg n=5+16 e=32:32 d=4:0 D=8:3  class=46/200
>Z 82885 graphs generated in 30.66 sec
>F 82885 cores checked in 29.98 sec
>A genbg n=5+16 e=32:32 d=4:0 D=8:3  class=47/200
>Z 82661 graphs generated in 30.71 sec
>F 82661 cores checked in 27.98 sec
>A genbg n=5+16 e=32:32 d=4:0 D=8:3  class=48/200
>Z 81491 graphs generated in 30.62 sec
>F 81491 cores checked in 27.59 sec
>A genbg n=5+16 e=32:32 d=4:0 D=8:3  class=49/200
>Z 83032 graphs generated in 30.72 sec
>F 83032 cores checked in 30.69 sec
>A genbg n=5+16 e=32:32 d=4:0 D=8:3  class=50/200
>Z 82373 graphs generated in 30.68 sec
>F 82373 cores checked in 27.73 sec
>A genbg n=5+16 e=32:32 d=4:0 D=8:3  class=51/200
>Z 80993 graphs generated in 30.62 sec
>F 80993 cores checked in 34.08 sec
>A genbg n=5+16 e=32:32 d=4:0 D=8:3  class=52/200
>Z 79478 graphs generated in 30.60 sec
>F 79478 cores checked in 30.34 sec
>A genbg n=5+16 e=32:32 d=4:0 D=8:3  class=53/200
>Z 80595 graphs generated in 30.72 sec
>F 80595 cores checked in 27.15 sec
>A genbg n=5+16 e=32:32 d=4:0 D=8:3  class=54/200
>Z 81246 graphs generated in 30.80 sec
>F 81246 cores checked in 27.57 sec
>A genbg n=5+16 e=32:32 d=4:0 D=8:3  class=55/200
>Z 81404 graphs generated in 30.69 sec
>F 81404 cores checked in 27.73 sec
>A genbg n=5+16 e=32:32 d=4:0 D=8:3  class=56/200
>Z 79874 graphs generated in 30.68 sec
>F 79874 cores checked in 30.96 sec
>A genbg n=5+16 e=32:32 d=4:0 D=8:3  class=57/200
>Z 82560 graphs generated in 30.74 sec
>F 82560 cores checked in 29.66 sec
>A genbg n=5+16 e=32:32 d=4:0 D=8:3  class=58/200
>Z 80354 graphs generated in 30.72 sec
>F 80354 cores checked in 28.88 sec
>A genbg n=5+16 e=32:32 d=4:0 D=8:3  class=59/200
>Z 81010 graphs generated in 30.59 sec
>F 81010 cores checked in 27.34 sec
>A genbg n=5+16 e=32:32 d=4:0 D=8:3  class=60/200
>Z 81182 graphs generated in 30.73 sec
>F 81182 cores checked in 27.43 sec
>A genbg n=5+16 e=32:32 d=4:0 D=8:3  class=61/200
>Z 80702 graphs generated in 30.76 sec
>F 80702 cores checked in 27.42 sec
>A genbg n=5+16 e=32:32 d=4:0 D=8:3  class=62/200
>Z 78299 graphs generated in 30.65 sec
>F 78299 cores checked in 26.60 sec
>A genbg n=5+16 e=32:32 d=4:0 D=8:3  class=63/200
>Z 79680 graphs generated in 30.67 sec
>F 79680 cores checked in 26.97 sec
>A genbg n=5+16 e=32:32 d=4:0 D=8:3  class=64/200
>Z 78887 graphs generated in 30.65 sec
>F 78887 cores checked in 26.74 sec
>A genbg n=5+16 e=32:32 d=4:0 D=8:3  class=65/200
>Z 80140 graphs generated in 30.69 sec
>F 80140 cores checked in 27.25 sec
>A genbg n=5+16 e=32:32 d=4:0 D=8:3  class=66/200
>Z 81454 graphs generated in 30.59 sec
>F 81454 cores checked in 29.28 sec
>A genbg n=5+16 e=32:32 d=4:0 D=8:3  class=67/200
>Z 81549 graphs generated in 30.76 sec
>F 81549 cores checked in 27.62 sec
>A genbg n=5+16 e=32:32 d=4:0 D=8:3  class=68/200
>Z 80191 graphs generated in 30.70 sec
>F 80191 cores checked in 31.26 sec
>A genbg n=5+16 e=32:32 d=4:0 D=8:3  class=69/200
>Z 81806 graphs generated in 30.71 sec
>F 81806 cores checked in 30.75 sec
>A genbg n=5+16 e=32:32 d=4:0 D=8:3  class=70/200
>Z 79720 graphs generated in 30.59 sec
>F 79720 cores checked in 31.64 sec
>A genbg n=5+16 e=32:32 d=4:0 D=8:3  class=71/200
>Z 80052 graphs generated in 30.74 sec
>F 80052 cores checked in 28.25 sec
>A genbg n=5+16 e=32:32 d=4:0 D=8:3  class=72/200
>Z 80886 graphs generated in 30.66 sec
>F 80886 cores checked in 27.69 sec
>A genbg n=5+16 e=32:32 d=4:0 D=8:3  class=73/200
>Z 79696 graphs generated in 30.76 sec
>F 79696 cores checked in 27.23 sec
>A genbg n=5+16 e=32:32 d=4:0 D=8:3  class=74/200
>Z 80693 graphs generated in 30.66 sec
>F 80693 cores checked in 27.55 sec
>A genbg n=5+16 e=32:32 d=4:0 D=8:3  class=75/200
>Z 81735 graphs generated in 30.68 sec
>F 81735 cores checked in 32.01 sec
>A genbg n=5+16 e=32:32 d=4:0 D=8:3  class=76/200
>Z 81545 graphs generated in 30.72 sec
>F 81545 cores checked in 27.70 sec
>A genbg n=5+16 e=32:32 d=4:0 D=8:3  class=77/200
>Z 81506 graphs generated in 30.70 sec
>F 81506 cores checked in 27.51 sec
>A genbg n=5+16 e=32:32 d=4:0 D=8:3  class=78/200
>Z 81258 graphs generated in 30.72 sec
>F 81258 cores checked in 35.90 sec
>A genbg n=5+16 e=32:32 d=4:0 D=8:3  class=79/200
>Z 82712 graphs generated in 30.70 sec
>F 82712 cores checked in 30.89 sec
>A genbg n=5+16 e=32:32 d=4:0 D=8:3  class=80/200
>Z 82202 graphs generated in 30.71 sec
>F 82202 cores checked in 30.05 sec
>A genbg n=5+16 e=32:32 d=4:0 D=8:3  class=81/200
>Z 79435 graphs generated in 30.69 sec
>F 79435 cores checked in 29.71 sec
>A genbg n=5+16 e=32:32 d=4:0 D=8:3  class=82/200
>Z 80699 graphs generated in 30.68 sec
>F 80699 cores checked in 27.49 sec
>A genbg n=5+16 e=32:32 d=4:0 D=8:3  class=83/200
>Z 79128 graphs generated in 30.76 sec
>F 79128 cores checked in 26.88 sec
>A genbg n=5+16 e=32:32 d=4:0 D=8:3  class=84/200
>Z 80211 graphs generated in 30.64 sec
>F 80211 cores checked in 27.26 sec
>A genbg n=5+16 e=32:32 d=4:0 D=8:3  class=85/200
>Z 80526 graphs generated in 30.59 sec
>F 80526 cores checked in 32.51 sec
>A genbg n=5+16 e=32:32 d=4:0 D=8:3  class=86/200
>Z 80004 graphs generated in 30.71 sec
>F 80004 cores checked in 27.47 sec
>A genbg n=5+16 e=32:32 d=4:0 D=8:3  class=87/200
>Z 80504 graphs generated in 30.74 sec
>F 80504 cores checked in 28.65 sec
>A genbg n=5+16 e=32:32 d=4:0 D=8:3  class=88/200
>Z 80657 graphs generated in 30.62 sec
>F 80657 cores checked in 27.32 sec
>A genbg n=5+16 e=32:32 d=4:0 D=8:3  class=89/200
>Z 81655 graphs generated in 30.69 sec
>F 81655 cores checked in 32.29 sec
>A genbg n=5+16 e=32:32 d=4:0 D=8:3  class=90/200
>Z 80385 graphs generated in 30.69 sec
>F 80385 cores checked in 27.34 sec
>A genbg n=5+16 e=32:32 d=4:0 D=8:3  class=91/200
>Z 79866 graphs generated in 30.65 sec
>F 79866 cores checked in 27.07 sec
>A genbg n=5+16 e=32:32 d=4:0 D=8:3  class=92/200
>Z 78191 graphs generated in 30.69 sec
>F 78191 cores checked in 26.75 sec
>A genbg n=5+16 e=32:32 d=4:0 D=8:3  class=93/200
>Z 80429 graphs generated in 30.68 sec
>F 80429 cores checked in 27.23 sec
>A genbg n=5+16 e=32:32 d=4:0 D=8:3  class=94/200
>Z 80665 graphs generated in 30.68 sec
>F 80665 cores checked in 27.47 sec
>A genbg n=5+16 e=32:32 d=4:0 D=8:3  class=95/200
>Z 80923 graphs generated in 30.61 sec
>F 80923 cores checked in 32.21 sec
>A genbg n=5+16 e=32:32 d=4:0 D=8:3  class=96/200
>Z 79795 graphs generated in 30.66 sec
>F 79795 cores checked in 27.00 sec
>A genbg n=5+16 e=32:32 d=4:0 D=8:3  class=97/200
>Z 80922 graphs generated in 30.73 sec
>F 80922 cores checked in 27.63 sec
>A genbg n=5+16 e=32:32 d=4:0 D=8:3  class=98/200
>Z 79180 graphs generated in 30.68 sec
>F 79180 cores checked in 30.68 sec
>A genbg n=5+16 e=32:32 d=4:0 D=8:3  class=99/200
>Z 80871 graphs generated in 30.68 sec
>F 80871 cores checked in 28.80 sec
>A genbg n=5+16 e=32:32 d=4:0 D=8:3  class=100/200
>Z 80471 graphs generated in 30.62 sec
>F 80471 cores checked in 27.44 sec
>A genbg n=5+16 e=32:32 d=4:0 D=8:3  class=101/200
>Z 79075 graphs generated in 30.70 sec
>F 79075 cores checked in 28.31 sec
>A genbg n=5+16 e=32:32 d=4:0 D=8:3  class=102/200
>Z 80490 graphs generated in 30.63 sec
>F 80490 cores checked in 27.24 sec
>A genbg n=5+16 e=32:32 d=4:0 D=8:3  class=103/200
>Z 79048 graphs generated in 30.66 sec
>F 79048 cores checked in 26.94 sec
>A genbg n=5+16 e=32:32 d=4:0 D=8:3  class=104/200
>Z 79070 graphs generated in 30.70 sec
>F 79070 cores checked in 26.99 sec
>A genbg n=5+16 e=32:32 d=4:0 D=8:3  class=105/200
>Z 82222 graphs generated in 30.71 sec
>F 82222 cores checked in 27.98 sec
>A genbg n=5+16 e=32:32 d=4:0 D=8:3  class=106/200
>Z 80347 graphs generated in 30.67 sec
>F 80347 cores checked in 27.26 sec
>A genbg n=5+16 e=32:32 d=4:0 D=8:3  class=107/200
>Z 79689 graphs generated in 30.65 sec
>F 79689 cores checked in 27.02 sec
>A genbg n=5+16 e=32:32 d=4:0 D=8:3  class=108/200
>Z 78427 graphs generated in 30.71 sec
>F 78427 cores checked in 26.92 sec
>A genbg n=5+16 e=32:32 d=4:0 D=8:3  class=109/200
>Z 81735 graphs generated in 30.72 sec
>F 81735 cores checked in 27.63 sec
>A genbg n=5+16 e=32:32 d=4:0 D=8:3  class=110/200
>Z 80097 graphs generated in 30.61 sec
>F 80097 cores checked in 30.81 sec
>A genbg n=5+16 e=32:32 d=4:0 D=8:3  class=111/200
>Z 79641 graphs generated in 30.70 sec
>F 79641 cores checked in 28.10 sec
>A genbg n=5+16 e=32:32 d=4:0 D=8:3  class=112/200
>Z 80218 graphs generated in 30.60 sec
>F 80218 cores checked in 27.15 sec
>A genbg n=5+16 e=32:32 d=4:0 D=8:3  class=113/200
>Z 80426 graphs generated in 30.60 sec
>F 80426 cores checked in 28.31 sec
>A genbg n=5+16 e=32:32 d=4:0 D=8:3  class=114/200
>Z 80096 graphs generated in 30.59 sec
>F 80096 cores checked in 27.76 sec
>A genbg n=5+16 e=32:32 d=4:0 D=8:3  class=115/200
>Z 80318 graphs generated in 30.67 sec
>F 80318 cores checked in 27.10 sec
>A genbg n=5+16 e=32:32 d=4:0 D=8:3  class=116/200
>Z 79222 graphs generated in 30.60 sec
>F 79222 cores checked in 28.83 sec
>A genbg n=5+16 e=32:32 d=4:0 D=8:3  class=117/200
>Z 80368 graphs generated in 30.62 sec
>F 80368 cores checked in 30.61 sec
>A genbg n=5+16 e=32:32 d=4:0 D=8:3  class=118/200
>Z 79750 graphs generated in 30.69 sec
>F 79750 cores checked in 27.78 sec
>A genbg n=5+16 e=32:32 d=4:0 D=8:3  class=119/200
>Z 81566 graphs generated in 30.67 sec
>F 81566 cores checked in 27.79 sec
>A genbg n=5+16 e=32:32 d=4:0 D=8:3  class=120/200
>Z 80383 graphs generated in 30.66 sec
>F 80383 cores checked in 27.34 sec
>A genbg n=5+16 e=32:32 d=4:0 D=8:3  class=121/200
>Z 80268 graphs generated in 30.66 sec
>F 80268 cores checked in 27.18 sec
>A genbg n=5+16 e=32:32 d=4:0 D=8:3  class=122/200
>Z 79140 graphs generated in 30.66 sec
>F 79140 cores checked in 26.96 sec
>A genbg n=5+16 e=32:32 d=4:0 D=8:3  class=123/200
>Z 80129 graphs generated in 30.64 sec
>F 80129 cores checked in 27.16 sec
>A genbg n=5+16 e=32:32 d=4:0 D=8:3  class=124/200
>Z 82215 graphs generated in 30.69 sec
>F 82215 cores checked in 28.78 sec
>A genbg n=5+16 e=32:32 d=4:0 D=8:3  class=125/200
>Z 81847 graphs generated in 30.59 sec
>F 81847 cores checked in 29.17 sec
>A genbg n=5+16 e=32:32 d=4:0 D=8:3  class=126/200
>Z 80981 graphs generated in 30.61 sec
>F 80981 cores checked in 29.73 sec
>A genbg n=5+16 e=32:32 d=4:0 D=8:3  class=127/200
>Z 80167 graphs generated in 30.72 sec
>F 80167 cores checked in 27.23 sec
>A genbg n=5+16 e=32:32 d=4:0 D=8:3  class=128/200
>Z 79712 graphs generated in 30.66 sec
>F 79712 cores checked in 28.29 sec
>A genbg n=5+16 e=32:32 d=4:0 D=8:3  class=129/200
>Z 81087 graphs generated in 30.71 sec
>F 81087 cores checked in 27.70 sec
>A genbg n=5+16 e=32:32 d=4:0 D=8:3  class=130/200
>Z 80654 graphs generated in 30.68 sec
>F 80654 cores checked in 27.40 sec
>A genbg n=5+16 e=32:32 d=4:0 D=8:3  class=131/200
>Z 80417 graphs generated in 30.66 sec
>F 80417 cores checked in 31.81 sec
>A genbg n=5+16 e=32:32 d=4:0 D=8:3  class=132/200
>Z 81339 graphs generated in 30.61 sec
>F 81339 cores checked in 27.83 sec
>A genbg n=5+16 e=32:32 d=4:0 D=8:3  class=133/200
>Z 80595 graphs generated in 30.69 sec
>F 80595 cores checked in 29.48 sec
>A genbg n=5+16 e=32:32 d=4:0 D=8:3  class=134/200
>Z 80752 graphs generated in 30.63 sec
>F 80752 cores checked in 29.47 sec
>A genbg n=5+16 e=32:32 d=4:0 D=8:3  class=135/200
>Z 80798 graphs generated in 30.62 sec
>F 80798 cores checked in 27.35 sec
>A genbg n=5+16 e=32:32 d=4:0 D=8:3  class=136/200
>Z 79328 graphs generated in 30.60 sec
>F 79328 cores checked in 30.24 sec
>A genbg n=5+16 e=32:32 d=4:0 D=8:3  class=137/200
>Z 81344 graphs generated in 30.70 sec
>F 81344 cores checked in 27.85 sec
>A genbg n=5+16 e=32:32 d=4:0 D=8:3  class=138/200
>Z 81754 graphs generated in 30.72 sec
>F 81754 cores checked in 32.19 sec
>A genbg n=5+16 e=32:32 d=4:0 D=8:3  class=139/200
>Z 81713 graphs generated in 30.68 sec
>F 81713 cores checked in 27.72 sec
>A genbg n=5+16 e=32:32 d=4:0 D=8:3  class=140/200
>Z 80635 graphs generated in 30.66 sec
>F 80635 cores checked in 27.39 sec
>A genbg n=5+16 e=32:32 d=4:0 D=8:3  class=141/200
>Z 80612 graphs generated in 30.68 sec
>F 80612 cores checked in 27.58 sec
>A genbg n=5+16 e=32:32 d=4:0 D=8:3  class=142/200
>Z 79267 graphs generated in 30.63 sec
>F 79267 cores checked in 27.07 sec
>A genbg n=5+16 e=32:32 d=4:0 D=8:3  class=143/200
>Z 78865 graphs generated in 30.62 sec
>F 78865 cores checked in 26.69 sec
>A genbg n=5+16 e=32:32 d=4:0 D=8:3  class=144/200
>Z 81050 graphs generated in 30.59 sec
>F 81050 cores checked in 28.71 sec
>A genbg n=5+16 e=32:32 d=4:0 D=8:3  class=145/200
>Z 80874 graphs generated in 30.66 sec
>F 80874 cores checked in 27.44 sec
>A genbg n=5+16 e=32:32 d=4:0 D=8:3  class=146/200
>Z 81876 graphs generated in 30.63 sec
>F 81876 cores checked in 31.19 sec
>A genbg n=5+16 e=32:32 d=4:0 D=8:3  class=147/200
>Z 80936 graphs generated in 30.65 sec
>F 80936 cores checked in 27.39 sec
>A genbg n=5+16 e=32:32 d=4:0 D=8:3  class=148/200
>Z 80449 graphs generated in 30.60 sec
>F 80449 cores checked in 28.28 sec
>A genbg n=5+16 e=32:32 d=4:0 D=8:3  class=149/200
>Z 81713 graphs generated in 30.69 sec
>F 81713 cores checked in 27.97 sec
>A genbg n=5+16 e=32:32 d=4:0 D=8:3  class=150/200
>Z 81410 graphs generated in 30.52 sec
>F 81410 cores checked in 27.63 sec
>A genbg n=5+16 e=32:32 d=4:0 D=8:3  class=151/200
>Z 81025 graphs generated in 30.52 sec
>F 81025 cores checked in 37.01 sec
>A genbg n=5+16 e=32:32 d=4:0 D=8:3  class=152/200
>Z 80060 graphs generated in 30.54 sec
>F 80060 cores checked in 27.34 sec
>A genbg n=5+16 e=32:32 d=4:0 D=8:3  class=153/200
>Z 80611 graphs generated in 30.68 sec
>F 80611 cores checked in 27.57 sec
>A genbg n=5+16 e=32:32 d=4:0 D=8:3  class=154/200
>Z 80163 graphs generated in 30.58 sec
>F 80163 cores checked in 27.40 sec
>A genbg n=5+16 e=32:32 d=4:0 D=8:3  class=155/200
>Z 82272 graphs generated in 30.63 sec
>F 82272 cores checked in 28.25 sec
>A genbg n=5+16 e=32:32 d=4:0 D=8:3  class=156/200
>Z 79246 graphs generated in 30.52 sec
>F 79246 cores checked in 35.76 sec
>A genbg n=5+16 e=32:32 d=4:0 D=8:3  class=157/200
>Z 80348 graphs generated in 30.48 sec
>F 80348 cores checked in 27.43 sec
>A genbg n=5+16 e=32:32 d=4:0 D=8:3  class=158/200
>Z 80546 graphs generated in 30.65 sec
>F 80546 cores checked in 28.77 sec
>A genbg n=5+16 e=32:32 d=4:0 D=8:3  class=159/200
>Z 82614 graphs generated in 30.64 sec
>F 82614 cores checked in 27.97 sec
>A genbg n=5+16 e=32:32 d=4:0 D=8:3  class=160/200
>Z 81710 graphs generated in 30.67 sec
>F 81710 cores checked in 36.23 sec
>A genbg n=5+16 e=32:32 d=4:0 D=8:3  class=161/200
>Z 80823 graphs generated in 30.65 sec
>F 80823 cores checked in 30.26 sec
>A genbg n=5+16 e=32:32 d=4:0 D=8:3  class=162/200
>Z 80270 graphs generated in 30.63 sec
>F 80270 cores checked in 27.28 sec
>A genbg n=5+16 e=32:32 d=4:0 D=8:3  class=163/200
>Z 80662 graphs generated in 30.60 sec
>F 80662 cores checked in 28.45 sec
>A genbg n=5+16 e=32:32 d=4:0 D=8:3  class=164/200
>Z 79326 graphs generated in 30.61 sec
>F 79326 cores checked in 27.04 sec
>A genbg n=5+16 e=32:32 d=4:0 D=8:3  class=165/200
>Z 81035 graphs generated in 30.72 sec
>F 81035 cores checked in 27.47 sec
>A genbg n=5+16 e=32:32 d=4:0 D=8:3  class=166/200
>Z 81248 graphs generated in 30.57 sec
>F 81248 cores checked in 27.52 sec
>A genbg n=5+16 e=32:32 d=4:0 D=8:3  class=167/200
>Z 81453 graphs generated in 30.57 sec
>F 81453 cores checked in 28.26 sec
>A genbg n=5+16 e=32:32 d=4:0 D=8:3  class=168/200
>Z 79962 graphs generated in 30.59 sec
>F 79962 cores checked in 29.52 sec
>A genbg n=5+16 e=32:32 d=4:0 D=8:3  class=169/200
>Z 82363 graphs generated in 30.60 sec
>F 82363 cores checked in 27.91 sec
>A genbg n=5+16 e=32:32 d=4:0 D=8:3  class=170/200
>Z 79530 graphs generated in 30.56 sec
>F 79530 cores checked in 27.13 sec
>A genbg n=5+16 e=32:32 d=4:0 D=8:3  class=171/200
>Z 81483 graphs generated in 30.60 sec
>F 81483 cores checked in 30.24 sec
>A genbg n=5+16 e=32:32 d=4:0 D=8:3  class=172/200
>Z 80253 graphs generated in 30.53 sec
>F 80253 cores checked in 27.44 sec
>A genbg n=5+16 e=32:32 d=4:0 D=8:3  class=173/200
>Z 80445 graphs generated in 30.52 sec
>F 80445 cores checked in 27.58 sec
>A genbg n=5+16 e=32:32 d=4:0 D=8:3  class=174/200
>Z 80765 graphs generated in 30.69 sec
>F 80765 cores checked in 30.79 sec
>A genbg n=5+16 e=32:32 d=4:0 D=8:3  class=175/200
>Z 81920 graphs generated in 30.75 sec
>F 81920 cores checked in 28.03 sec
>A genbg n=5+16 e=32:32 d=4:0 D=8:3  class=176/200
>Z 79520 graphs generated in 30.53 sec
>F 79520 cores checked in 29.11 sec
>A genbg n=5+16 e=32:32 d=4:0 D=8:3  class=177/200
>Z 80501 graphs generated in 30.54 sec
>F 80501 cores checked in 33.90 sec
>A genbg n=5+16 e=32:32 d=4:0 D=8:3  class=178/200
>Z 80881 graphs generated in 30.59 sec
>F 80881 cores checked in 31.44 sec
>A genbg n=5+16 e=32:32 d=4:0 D=8:3  class=179/200
>Z 81505 graphs generated in 30.64 sec
>F 81505 cores checked in 29.20 sec
>A genbg n=5+16 e=32:32 d=4:0 D=8:3  class=180/200
>Z 80585 graphs generated in 30.63 sec
>F 80585 cores checked in 28.94 sec
>A genbg n=5+16 e=32:32 d=4:0 D=8:3  class=181/200
>Z 79080 graphs generated in 30.63 sec
>F 79080 cores checked in 26.88 sec
>A genbg n=5+16 e=32:32 d=4:0 D=8:3  class=182/200
>Z 81232 graphs generated in 30.55 sec
>F 81232 cores checked in 27.72 sec
>A genbg n=5+16 e=32:32 d=4:0 D=8:3  class=183/200
>Z 79949 graphs generated in 30.52 sec
>F 79949 cores checked in 27.18 sec
>A genbg n=5+16 e=32:32 d=4:0 D=8:3  class=184/200
>Z 79205 graphs generated in 30.58 sec
>F 79205 cores checked in 31.14 sec
>A genbg n=5+16 e=32:32 d=4:0 D=8:3  class=185/200
>Z 80472 graphs generated in 30.53 sec
>F 80472 cores checked in 229.07 sec
>A genbg n=5+16 e=32:32 d=4:0 D=8:3  class=186/200
>Z 81746 graphs generated in 30.54 sec
>F 81746 cores checked in 27.81 sec
>A genbg n=5+16 e=32:32 d=4:0 D=8:3  class=187/200
>Z 81540 graphs generated in 30.59 sec
>F 81540 cores checked in 30.56 sec
>A genbg n=5+16 e=32:32 d=4:0 D=8:3  class=188/200
>Z 79629 graphs generated in 30.56 sec
>F 79629 cores checked in 30.72 sec
>A genbg n=5+16 e=32:32 d=4:0 D=8:3  class=189/200
>Z 80992 graphs generated in 30.57 sec
>F 80992 cores checked in 32.67 sec
>A genbg n=5+16 e=32:32 d=4:0 D=8:3  class=190/200
>Z 79630 graphs generated in 30.64 sec
>F 79630 cores checked in 27.08 sec
>A genbg n=5+16 e=32:32 d=4:0 D=8:3  class=191/200
>Z 80467 graphs generated in 30.60 sec
>F 80467 cores checked in 28.40 sec
>A genbg n=5+16 e=32:32 d=4:0 D=8:3  class=192/200
>Z 79039 graphs generated in 30.69 sec
>F 79039 cores checked in 26.98 sec
>A genbg n=5+16 e=32:32 d=4:0 D=8:3  class=193/200
>Z 80921 graphs generated in 31.62 sec
>F 80921 cores checked in 27.47 sec
>A genbg n=5+16 e=32:32 d=4:0 D=8:3  class=194/200
>Z 79698 graphs generated in 30.67 sec
>F 79698 cores checked in 28.23 sec
>A genbg n=5+16 e=32:32 d=4:0 D=8:3  class=195/200
>Z 79694 graphs generated in 30.71 sec
>F 79694 cores checked in 27.18 sec
>A genbg n=5+16 e=32:32 d=4:0 D=8:3  class=196/200
>Z 79115 graphs generated in 30.59 sec
>F 79115 cores checked in 30.40 sec
>A genbg n=5+16 e=32:32 d=4:0 D=8:3  class=197/200
>Z 80872 graphs generated in 30.63 sec
>F 80872 cores checked in 28.17 sec
>A genbg n=5+16 e=32:32 d=4:0 D=8:3  class=198/200
>Z 80319 graphs generated in 30.61 sec
>F 80319 cores checked in 29.75 sec
>A genbg n=5+16 e=32:32 d=4:0 D=8:3  class=199/200
>Z 81632 graphs generated in 30.73 sec
>F 81632 cores checked in 44.37 sec



=== Total number of graphs generated: 16126843
=== Total number of graphs checked: 16126843
=== Total time for generation: 6135.24 seconds
=== Total time for checking: 5955.14 seconds
=== Total number of exceptional graphs: 0

