=== Log file for genbg_-d4:0_-D5:3_8_13_35:35



>A genbg n=8+13 e=35:35 d=4:0 D=5:3  class=0/200
>Z 364432 graphs generated in 450.40 sec
>F 364432 cores checked in 361.50 sec
>A genbg n=8+13 e=35:35 d=4:0 D=5:3  class=1/200
>Z 364389 graphs generated in 450.91 sec
>F 364389 cores checked in 362.59 sec
>A genbg n=8+13 e=35:35 d=4:0 D=5:3  class=2/200
>Z 365097 graphs generated in 450.84 sec
>F 365097 cores checked in 362.17 sec
>A genbg n=8+13 e=35:35 d=4:0 D=5:3  class=3/200
>Z 365821 graphs generated in 451.31 sec
>F 365821 cores checked in 363.41 sec
>A genbg n=8+13 e=35:35 d=4:0 D=5:3  class=4/200
>Z 365537 graphs generated in 450.95 sec
>F 365537 cores checked in 361.73 sec
>A genbg n=8+13 e=35:35 d=4:0 D=5:3  class=5/200
>Z 366552 graphs generated in 451.12 sec
>F 366552 cores checked in 363.61 sec
>A genbg n=8+13 e=35:35 d=4:0 D=5:3  class=6/200
>Z 364117 graphs generated in 451.40 sec
>F 364117 cores checked in 361.40 sec
>A genbg n=8+13 e=35:35 d=4:0 D=5:3  class=7/200
>Z 364510 graphs generated in 451.14 sec
>F 364510 cores checked in 359.95 sec
>A genbg n=8+13 e=35:35 d=4:0 D=5:3  class=8/200
>Z 365491 graphs generated in 450.85 sec
>F 365491 cores checked in 360.92 sec
>A genbg n=8+13 e=35:35 d=4:0 D=5:3  class=9/200
>Z 365997 graphs generated in 451.04 sec
>F 365997 cores checked in 363.38 sec
>A genbg n=8+13 e=35:35 d=4:0 D=5:3  class=10/200
>Z 365150 graphs generated in 451.10 sec
>F 365150 cores checked in 362.87 sec
>A genbg n=8+13 e=35:35 d=4:0 D=5:3  class=11/200
>Z 363864 graphs generated in 451.40 sec
>F 363864 cores checked in 361.59 sec
>A genbg n=8+13 e=35:35 d=4:0 D=5:3  class=12/200
>Z 365738 graphs generated in 451.34 sec
>F 365738 cores checked in 363.76 sec
>A genbg n=8+13 e=35:35 d=4:0 D=5:3  class=13/200
>Z 363981 graphs generated in 451.14 sec
>F 363981 cores checked in 359.31 sec
>A genbg n=8+13 e=35:35 d=4:0 D=5:3  class=14/200
>Z 365188 graphs generated in 450.84 sec
>F 365188 cores checked in 361.95 sec
>A genbg n=8+13 e=35:35 d=4:0 D=5:3  class=15/200
>Z 364535 graphs generated in 450.96 sec
>F 364535 cores checked in 360.46 sec
>A genbg n=8+13 e=35:35 d=4:0 D=5:3  class=16/200
>Z 364524 graphs generated in 450.97 sec
>F 364524 cores checked in 364.35 sec
>A genbg n=8+13 e=35:35 d=4:0 D=5:3  class=17/200
>Z 364344 graphs generated in 451.01 sec
>F 364344 cores checked in 362.63 sec
>A genbg n=8+13 e=35:35 d=4:0 D=5:3  class=18/200
>Z 365051 graphs generated in 451.12 sec
>F 365051 cores checked in 362.68 sec
>A genbg n=8+13 e=35:35 d=4:0 D=5:3  class=19/200
>Z 362605 graphs generated in 450.92 sec
>F 362605 cores checked in 360.35 sec
>A genbg n=8+13 e=35:35 d=4:0 D=5:3  class=20/200
>Z 364853 graphs generated in 451.76 sec
>F 364853 cores checked in 362.02 sec
>A genbg n=8+13 e=35:35 d=4:0 D=5:3  class=21/200
>Z 365594 graphs generated in 451.18 sec
>F 365594 cores checked in 363.75 sec
>A genbg n=8+13 e=35:35 d=4:0 D=5:3  class=22/200
>Z 365157 graphs generated in 451.05 sec
>F 365157 cores checked in 361.55 sec
>A genbg n=8+13 e=35:35 d=4:0 D=5:3  class=23/200
>Z 364412 graphs generated in 450.79 sec
>F 364412 cores checked in 362.23 sec
>A genbg n=8+13 e=35:35 d=4:0 D=5:3  class=24/200
>Z 366864 graphs generated in 451.15 sec
>F 366864 cores checked in 364.27 sec
>A genbg n=8+13 e=35:35 d=4:0 D=5:3  class=25/200
>Z 364781 graphs generated in 450.87 sec
>F 364781 cores checked in 364.90 sec
>A genbg n=8+13 e=35:35 d=4:0 D=5:3  class=26/200
>Z 364988 graphs generated in 451.04 sec
>F 364988 cores checked in 363.10 sec
>A genbg n=8+13 e=35:35 d=4:0 D=5:3  class=27/200
>Z 364987 graphs generated in 451.51 sec
>F 364987 cores checked in 362.65 sec
>A genbg n=8+13 e=35:35 d=4:0 D=5:3  class=28/200
>Z 365370 graphs generated in 451.27 sec
>F 365370 cores checked in 364.02 sec
>A genbg n=8+13 e=35:35 d=4:0 D=5:3  class=29/200
>Z 365482 graphs generated in 450.93 sec
>F 365482 cores checked in 363.38 sec
>A genbg n=8+13 e=35:35 d=4:0 D=5:3  class=30/200
>Z 363572 graphs generated in 450.69 sec
>F 363572 cores checked in 359.12 sec
>A genbg n=8+13 e=35:35 d=4:0 D=5:3  class=31/200
>Z 365483 graphs generated in 451.18 sec
>F 365483 cores checked in 360.87 sec
>A genbg n=8+13 e=35:35 d=4:0 D=5:3  class=32/200
>Z 364819 graphs generated in 450.97 sec
>F 364819 cores checked in 362.78 sec
>A genbg n=8+13 e=35:35 d=4:0 D=5:3  class=33/200
>Z 362621 graphs generated in 450.84 sec
>F 362621 cores checked in 358.95 sec
>A genbg n=8+13 e=35:35 d=4:0 D=5:3  class=34/200
>Z 365626 graphs generated in 450.85 sec
>F 365626 cores checked in 362.09 sec
>A genbg n=8+13 e=35:35 d=4:0 D=5:3  class=35/200
>Z 364409 graphs generated in 450.75 sec
>F 364409 cores checked in 360.71 sec
>A genbg n=8+13 e=35:35 d=4:0 D=5:3  class=36/200
>Z 365199 graphs generated in 451.10 sec
>F 365199 cores checked in 363.11 sec
>A genbg n=8+13 e=35:35 d=4:0 D=5:3  class=37/200
>Z 365879 graphs generated in 451.52 sec
>F 365879 cores checked in 363.09 sec
>A genbg n=8+13 e=35:35 d=4:0 D=5:3  class=38/200
>Z 366293 graphs generated in 450.70 sec
>F 366293 cores checked in 363.18 sec
>A genbg n=8+13 e=35:35 d=4:0 D=5:3  class=39/200
>Z 365818 graphs generated in 450.85 sec
>F 365818 cores checked in 362.84 sec
>A genbg n=8+13 e=35:35 d=4:0 D=5:3  class=40/200
>Z 365098 graphs generated in 450.56 sec
>F 365098 cores checked in 361.83 sec
>A genbg n=8+13 e=35:35 d=4:0 D=5:3  class=41/200
>Z 364888 graphs generated in 451.13 sec
>F 364888 cores checked in 362.24 sec
>A genbg n=8+13 e=35:35 d=4:0 D=5:3  class=42/200
>Z 365530 graphs generated in 451.08 sec
>F 365530 cores checked in 362.96 sec
>A genbg n=8+13 e=35:35 d=4:0 D=5:3  class=43/200
>Z 365518 graphs generated in 450.98 sec
>F 365518 cores checked in 362.13 sec
>A genbg n=8+13 e=35:35 d=4:0 D=5:3  class=44/200
>Z 364113 graphs generated in 450.73 sec
>F 364113 cores checked in 363.58 sec
>A genbg n=8+13 e=35:35 d=4:0 D=5:3  class=45/200
>Z 364310 graphs generated in 450.76 sec
>F 364310 cores checked in 361.28 sec
>A genbg n=8+13 e=35:35 d=4:0 D=5:3  class=46/200
>Z 363157 graphs generated in 451.25 sec
>F 363157 cores checked in 361.66 sec
>A genbg n=8+13 e=35:35 d=4:0 D=5:3  class=47/200
>Z 366038 graphs generated in 451.25 sec
>F 366038 cores checked in 362.98 sec
>A genbg n=8+13 e=35:35 d=4:0 D=5:3  class=48/200
>Z 365617 graphs generated in 450.76 sec
>F 365617 cores checked in 361.99 sec
>A genbg n=8+13 e=35:35 d=4:0 D=5:3  class=49/200
>Z 364378 graphs generated in 450.65 sec
>F 364378 cores checked in 361.54 sec
>A genbg n=8+13 e=35:35 d=4:0 D=5:3  class=50/200
>Z 366219 graphs generated in 450.86 sec
>F 366219 cores checked in 363.64 sec
>A genbg n=8+13 e=35:35 d=4:0 D=5:3  class=51/200
>Z 366074 graphs generated in 450.21 sec
>F 366074 cores checked in 363.64 sec
>A genbg n=8+13 e=35:35 d=4:0 D=5:3  class=52/200
>Z 364626 graphs generated in 451.07 sec
>F 364626 cores checked in 363.93 sec
>A genbg n=8+13 e=35:35 d=4:0 D=5:3  class=53/200
>Z 364678 graphs generated in 451.03 sec
>F 364678 cores checked in 362.96 sec
>A genbg n=8+13 e=35:35 d=4:0 D=5:3  class=54/200
>Z 365141 graphs generated in 452.90 sec
>F 365141 cores checked in 362.53 sec
>A genbg n=8+13 e=35:35 d=4:0 D=5:3  class=55/200
>Z 366049 graphs generated in 451.21 sec
>F 366049 cores checked in 362.61 sec
>A genbg n=8+13 e=35:35 d=4:0 D=5:3  class=56/200
>Z 364237 graphs generated in 452.00 sec
>F 364237 cores checked in 360.71 sec
>A genbg n=8+13 e=35:35 d=4:0 D=5:3  class=57/200
>Z 363749 graphs generated in 451.03 sec
>F 363749 cores checked in 360.96 sec
>A genbg n=8+13 e=35:35 d=4:0 D=5:3  class=58/200
>Z 364679 graphs generated in 451.06 sec
>F 364679 cores checked in 360.99 sec
>A genbg n=8+13 e=35:35 d=4:0 D=5:3  class=59/200
>Z 366095 graphs generated in 451.46 sec
>F 366095 cores checked in 363.74 sec
>A genbg n=8+13 e=35:35 d=4:0 D=5:3  class=60/200
>Z 364805 graphs generated in 452.07 sec
>F 364805 cores checked in 360.91 sec
>A genbg n=8+13 e=35:35 d=4:0 D=5:3  class=61/200
>Z 368586 graphs generated in 451.34 sec
>F 368586 cores checked in 364.80 sec
>A genbg n=8+13 e=35:35 d=4:0 D=5:3  class=62/200
>Z 365581 graphs generated in 451.20 sec
>F 365581 cores checked in 363.29 sec
>A genbg n=8+13 e=35:35 d=4:0 D=5:3  class=63/200
>Z 366932 graphs generated in 451.93 sec
>F 366932 cores checked in 363.79 sec
>A genbg n=8+13 e=35:35 d=4:0 D=5:3  class=64/200
>Z 366233 graphs generated in 451.10 sec
>F 366233 cores checked in 363.81 sec
>A genbg n=8+13 e=35:35 d=4:0 D=5:3  class=65/200
>Z 366149 graphs generated in 451.85 sec
>F 366149 cores checked in 364.19 sec
>A genbg n=8+13 e=35:35 d=4:0 D=5:3  class=66/200
>Z 364097 graphs generated in 452.26 sec
>F 364097 cores checked in 359.77 sec
>A genbg n=8+13 e=35:35 d=4:0 D=5:3  class=67/200
>Z 364685 graphs generated in 451.11 sec
>F 364685 cores checked in 361.40 sec
>A genbg n=8+13 e=35:35 d=4:0 D=5:3  class=68/200
>Z 364126 graphs generated in 451.76 sec
>F 364126 cores checked in 360.51 sec
>A genbg n=8+13 e=35:35 d=4:0 D=5:3  class=69/200
>Z 363702 graphs generated in 451.63 sec
>F 363702 cores checked in 360.88 sec
>A genbg n=8+13 e=35:35 d=4:0 D=5:3  class=70/200
>Z 366096 graphs generated in 451.37 sec
>F 366096 cores checked in 363.20 sec
>A genbg n=8+13 e=35:35 d=4:0 D=5:3  class=71/200
>Z 365745 graphs generated in 451.63 sec
>F 365745 cores checked in 362.04 sec
>A genbg n=8+13 e=35:35 d=4:0 D=5:3  class=72/200
>Z 365525 graphs generated in 453.85 sec
>F 365525 cores checked in 360.50 sec
>A genbg n=8+13 e=35:35 d=4:0 D=5:3  class=73/200
>Z 366975 graphs generated in 451.56 sec
>F 366975 cores checked in 363.75 sec
>A genbg n=8+13 e=35:35 d=4:0 D=5:3  class=74/200
>Z 366049 graphs generated in 451.73 sec
>F 366049 cores checked in 362.21 sec
>A genbg n=8+13 e=35:35 d=4:0 D=5:3  class=75/200
>Z 365115 graphs generated in 451.09 sec
>F 365115 cores checked in 360.96 sec
>A genbg n=8+13 e=35:35 d=4:0 D=5:3  class=76/200
>Z 365931 graphs generated in 451.62 sec
>F 365931 cores checked in 362.63 sec
>A genbg n=8+13 e=35:35 d=4:0 D=5:3  class=77/200
>Z 363990 graphs generated in 451.70 sec
>F 363990 cores checked in 359.57 sec
>A genbg n=8+13 e=35:35 d=4:0 D=5:3  class=78/200
>Z 364716 graphs generated in 451.45 sec
>F 364716 cores checked in 361.70 sec
>A genbg n=8+13 e=35:35 d=4:0 D=5:3  class=79/200
>Z 366270 graphs generated in 451.37 sec
>F 366270 cores checked in 363.07 sec
>A genbg n=8+13 e=35:35 d=4:0 D=5:3  class=80/200
>Z 364532 graphs generated in 452.11 sec
>F 364532 cores checked in 362.20 sec
>A genbg n=8+13 e=35:35 d=4:0 D=5:3  class=81/200
>Z 366665 graphs generated in 451.65 sec
>F 366665 cores checked in 363.53 sec
>A genbg n=8+13 e=35:35 d=4:0 D=5:3  class=82/200
>Z 365175 graphs generated in 451.41 sec
>F 365175 cores checked in 363.17 sec
>A genbg n=8+13 e=35:35 d=4:0 D=5:3  class=83/200
>Z 366023 graphs generated in 452.10 sec
>F 366023 cores checked in 363.89 sec
>A genbg n=8+13 e=35:35 d=4:0 D=5:3  class=84/200
>Z 365270 graphs generated in 452.00 sec
>F 365270 cores checked in 362.98 sec
>A genbg n=8+13 e=35:35 d=4:0 D=5:3  class=85/200
>Z 365470 graphs generated in 452.11 sec
>F 365470 cores checked in 362.44 sec
>A genbg n=8+13 e=35:35 d=4:0 D=5:3  class=86/200
>Z 363741 graphs generated in 452.03 sec
>F 363741 cores checked in 359.35 sec
>A genbg n=8+13 e=35:35 d=4:0 D=5:3  class=87/200
>Z 365278 graphs generated in 452.41 sec
>F 365278 cores checked in 362.17 sec
>A genbg n=8+13 e=35:35 d=4:0 D=5:3  class=88/200
>Z 364398 graphs generated in 451.73 sec
>F 364398 cores checked in 360.69 sec
>A genbg n=8+13 e=35:35 d=4:0 D=5:3  class=89/200
>Z 365676 graphs generated in 452.29 sec
>F 365676 cores checked in 362.53 sec
>A genbg n=8+13 e=35:35 d=4:0 D=5:3  class=90/200
>Z 363487 graphs generated in 458.06 sec
>F 363487 cores checked in 360.41 sec
>A genbg n=8+13 e=35:35 d=4:0 D=5:3  class=91/200
>Z 365317 graphs generated in 451.77 sec
>F 365317 cores checked in 362.69 sec
>A genbg n=8+13 e=35:35 d=4:0 D=5:3  class=92/200
>Z 366742 graphs generated in 453.99 sec
>F 366742 cores checked in 363.90 sec
>A genbg n=8+13 e=35:35 d=4:0 D=5:3  class=93/200
>Z 365520 graphs generated in 452.21 sec
>F 365520 cores checked in 362.59 sec
>A genbg n=8+13 e=35:35 d=4:0 D=5:3  class=94/200
>Z 366317 graphs generated in 452.28 sec
>F 366317 cores checked in 362.21 sec
>A genbg n=8+13 e=35:35 d=4:0 D=5:3  class=95/200
>Z 365694 graphs generated in 452.13 sec
>F 365694 cores checked in 363.30 sec
>A genbg n=8+13 e=35:35 d=4:0 D=5:3  class=96/200
>Z 366097 graphs generated in 452.50 sec
>F 366097 cores checked in 362.10 sec
>A genbg n=8+13 e=35:35 d=4:0 D=5:3  class=97/200
>Z 364136 graphs generated in 452.57 sec
>F 364136 cores checked in 361.02 sec
>A genbg n=8+13 e=35:35 d=4:0 D=5:3  class=98/200
>Z 364969 graphs generated in 451.96 sec
>F 364969 cores checked in 363.20 sec
>A genbg n=8+13 e=35:35 d=4:0 D=5:3  class=99/200
>Z 364484 graphs generated in 452.74 sec
>F 364484 cores checked in 360.69 sec
>A genbg n=8+13 e=35:35 d=4:0 D=5:3  class=100/200
>Z 365117 graphs generated in 451.67 sec
>F 365117 cores checked in 363.02 sec
>A genbg n=8+13 e=35:35 d=4:0 D=5:3  class=101/200
>Z 366259 graphs generated in 452.34 sec
>F 366259 cores checked in 363.82 sec
>A genbg n=8+13 e=35:35 d=4:0 D=5:3  class=102/200
>Z 366218 graphs generated in 452.77 sec
>F 366218 cores checked in 361.80 sec
>A genbg n=8+13 e=35:35 d=4:0 D=5:3  class=103/200
>Z 365848 graphs generated in 451.96 sec
>F 365848 cores checked in 363.00 sec
>A genbg n=8+13 e=35:35 d=4:0 D=5:3  class=104/200
>Z 365841 graphs generated in 454.00 sec
>F 365841 cores checked in 362.11 sec
>A genbg n=8+13 e=35:35 d=4:0 D=5:3  class=105/200
>Z 365050 graphs generated in 451.70 sec
>F 365050 cores checked in 363.19 sec
>A genbg n=8+13 e=35:35 d=4:0 D=5:3  class=106/200
>Z 365329 graphs generated in 451.29 sec
>F 365329 cores checked in 362.66 sec
>A genbg n=8+13 e=35:35 d=4:0 D=5:3  class=107/200
>Z 364926 graphs generated in 452.06 sec
>F 364926 cores checked in 361.84 sec
>A genbg n=8+13 e=35:35 d=4:0 D=5:3  class=108/200
>Z 366218 graphs generated in 451.98 sec
>F 366218 cores checked in 361.85 sec
>A genbg n=8+13 e=35:35 d=4:0 D=5:3  class=109/200
>Z 366946 graphs generated in 451.61 sec
>F 366946 cores checked in 364.06 sec
>A genbg n=8+13 e=35:35 d=4:0 D=5:3  class=110/200
>Z 366442 graphs generated in 452.52 sec
>F 366442 cores checked in 364.51 sec
>A genbg n=8+13 e=35:35 d=4:0 D=5:3  class=111/200
>Z 364485 graphs generated in 451.91 sec
>F 364485 cores checked in 362.92 sec
>A genbg n=8+13 e=35:35 d=4:0 D=5:3  class=112/200
>Z 364740 graphs generated in 458.17 sec
>F 364740 cores checked in 360.41 sec
>A genbg n=8+13 e=35:35 d=4:0 D=5:3  class=113/200
>Z 366285 graphs generated in 451.76 sec
>F 366285 cores checked in 364.11 sec
>A genbg n=8+13 e=35:35 d=4:0 D=5:3  class=114/200
>Z 366294 graphs generated in 451.68 sec
>F 366294 cores checked in 364.38 sec
>A genbg n=8+13 e=35:35 d=4:0 D=5:3  class=115/200
>Z 366226 graphs generated in 452.08 sec
>F 366226 cores checked in 363.57 sec
>A genbg n=8+13 e=35:35 d=4:0 D=5:3  class=116/200
>Z 366266 graphs generated in 453.92 sec
>F 366266 cores checked in 362.97 sec
>A genbg n=8+13 e=35:35 d=4:0 D=5:3  class=117/200
>Z 365931 graphs generated in 452.57 sec
>F 365931 cores checked in 361.38 sec
>A genbg n=8+13 e=35:35 d=4:0 D=5:3  class=118/200
>Z 365490 graphs generated in 452.12 sec
>F 365490 cores checked in 362.05 sec
>A genbg n=8+13 e=35:35 d=4:0 D=5:3  class=119/200
>Z 365097 graphs generated in 451.70 sec
>F 365097 cores checked in 362.82 sec
>A genbg n=8+13 e=35:35 d=4:0 D=5:3  class=120/200
>Z 366328 graphs generated in 451.90 sec
>F 366328 cores checked in 364.25 sec
>A genbg n=8+13 e=35:35 d=4:0 D=5:3  class=121/200
>Z 365761 graphs generated in 452.30 sec
>F 365761 cores checked in 363.19 sec
>A genbg n=8+13 e=35:35 d=4:0 D=5:3  class=122/200
>Z 364130 graphs generated in 452.14 sec
>F 364130 cores checked in 361.45 sec
>A genbg n=8+13 e=35:35 d=4:0 D=5:3  class=123/200
>Z 364666 graphs generated in 451.91 sec
>F 364666 cores checked in 362.77 sec
>A genbg n=8+13 e=35:35 d=4:0 D=5:3  class=124/200
>Z 363920 graphs generated in 451.62 sec
>F 363920 cores checked in 359.66 sec
>A genbg n=8+13 e=35:35 d=4:0 D=5:3  class=125/200
>Z 364628 graphs generated in 451.37 sec
>F 364628 cores checked in 361.39 sec
>A genbg n=8+13 e=35:35 d=4:0 D=5:3  class=126/200
>Z 363365 graphs generated in 451.83 sec
>F 363365 cores checked in 360.03 sec
>A genbg n=8+13 e=35:35 d=4:0 D=5:3  class=127/200
>Z 363641 graphs generated in 469.92 sec
>F 363641 cores checked in 360.29 sec
>A genbg n=8+13 e=35:35 d=4:0 D=5:3  class=128/200
>Z 364634 graphs generated in 451.97 sec
>F 364634 cores checked in 360.80 sec
>A genbg n=8+13 e=35:35 d=4:0 D=5:3  class=129/200
>Z 367254 graphs generated in 451.78 sec
>F 367254 cores checked in 364.69 sec
>A genbg n=8+13 e=35:35 d=4:0 D=5:3  class=130/200
>Z 366144 graphs generated in 452.08 sec
>F 366144 cores checked in 362.94 sec
>A genbg n=8+13 e=35:35 d=4:0 D=5:3  class=131/200
>Z 363062 graphs generated in 451.77 sec
>F 363062 cores checked in 362.75 sec
>A genbg n=8+13 e=35:35 d=4:0 D=5:3  class=132/200
>Z 364989 graphs generated in 452.18 sec
>F 364989 cores checked in 361.70 sec
>A genbg n=8+13 e=35:35 d=4:0 D=5:3  class=133/200
>Z 364752 graphs generated in 451.95 sec
>F 364752 cores checked in 361.33 sec
>A genbg n=8+13 e=35:35 d=4:0 D=5:3  class=134/200
>Z 364716 graphs generated in 452.37 sec
>F 364716 cores checked in 360.26 sec
>A genbg n=8+13 e=35:35 d=4:0 D=5:3  class=135/200
>Z 364976 graphs generated in 452.32 sec
>F 364976 cores checked in 361.85 sec
>A genbg n=8+13 e=35:35 d=4:0 D=5:3  class=136/200
>Z 365360 graphs generated in 452.37 sec
>F 365360 cores checked in 361.89 sec
>A genbg n=8+13 e=35:35 d=4:0 D=5:3  class=137/200
>Z 363766 graphs generated in 451.87 sec
>F 363766 cores checked in 361.74 sec
>A genbg n=8+13 e=35:35 d=4:0 D=5:3  class=138/200
>Z 365012 graphs generated in 452.25 sec
>F 365012 cores checked in 361.09 sec
>A genbg n=8+13 e=35:35 d=4:0 D=5:3  class=139/200
>Z 365777 graphs generated in 451.88 sec
>F 365777 cores checked in 362.48 sec
>A genbg n=8+13 e=35:35 d=4:0 D=5:3  class=140/200
>Z 365101 graphs generated in 453.27 sec
>F 365101 cores checked in 360.49 sec
>A genbg n=8+13 e=35:35 d=4:0 D=5:3  class=141/200
>Z 366122 graphs generated in 451.94 sec
>F 366122 cores checked in 364.47 sec
>A genbg n=8+13 e=35:35 d=4:0 D=5:3  class=142/200
>Z 365409 graphs generated in 452.85 sec
>F 365409 cores checked in 362.06 sec
>A genbg n=8+13 e=35:35 d=4:0 D=5:3  class=143/200
>Z 365402 graphs generated in 452.01 sec
>F 365402 cores checked in 363.94 sec
>A genbg n=8+13 e=35:35 d=4:0 D=5:3  class=144/200
>Z 365115 graphs generated in 452.28 sec
>F 365115 cores checked in 361.92 sec
>A genbg n=8+13 e=35:35 d=4:0 D=5:3  class=145/200
>Z 365002 graphs generated in 451.92 sec
>F 365002 cores checked in 361.48 sec
>A genbg n=8+13 e=35:35 d=4:0 D=5:3  class=146/200
>Z 365265 graphs generated in 452.37 sec
>F 365265 cores checked in 361.37 sec
>A genbg n=8+13 e=35:35 d=4:0 D=5:3  class=147/200
>Z 365307 graphs generated in 451.88 sec
>F 365307 cores checked in 363.21 sec
>A genbg n=8+13 e=35:35 d=4:0 D=5:3  class=148/200
>Z 362904 graphs generated in 452.58 sec
>F 362904 cores checked in 359.06 sec
>A genbg n=8+13 e=35:35 d=4:0 D=5:3  class=149/200
>Z 364576 graphs generated in 452.78 sec
>F 364576 cores checked in 362.75 sec
>A genbg n=8+13 e=35:35 d=4:0 D=5:3  class=150/200
>Z 365555 graphs generated in 452.18 sec
>F 365555 cores checked in 362.75 sec
>A genbg n=8+13 e=35:35 d=4:0 D=5:3  class=151/200
>Z 365284 graphs generated in 452.17 sec
>F 365284 cores checked in 362.43 sec
>A genbg n=8+13 e=35:35 d=4:0 D=5:3  class=152/200
>Z 366380 graphs generated in 452.47 sec
>F 366380 cores checked in 365.31 sec
>A genbg n=8+13 e=35:35 d=4:0 D=5:3  class=153/200
>Z 365889 graphs generated in 452.78 sec
>F 365889 cores checked in 362.50 sec
>A genbg n=8+13 e=35:35 d=4:0 D=5:3  class=154/200
>Z 366030 graphs generated in 458.38 sec
>F 366030 cores checked in 362.83 sec
>A genbg n=8+13 e=35:35 d=4:0 D=5:3  class=155/200
>Z 366194 graphs generated in 452.07 sec
>F 366194 cores checked in 363.41 sec
>A genbg n=8+13 e=35:35 d=4:0 D=5:3  class=156/200
>Z 366451 graphs generated in 452.38 sec
>F 366451 cores checked in 363.50 sec
>A genbg n=8+13 e=35:35 d=4:0 D=5:3  class=157/200
>Z 367073 graphs generated in 452.26 sec
>F 367073 cores checked in 364.68 sec
>A genbg n=8+13 e=35:35 d=4:0 D=5:3  class=158/200
>Z 364101 graphs generated in 451.89 sec
>F 364101 cores checked in 360.23 sec
>A genbg n=8+13 e=35:35 d=4:0 D=5:3  class=159/200
>Z 364987 graphs generated in 451.84 sec
>F 364987 cores checked in 360.86 sec
>A genbg n=8+13 e=35:35 d=4:0 D=5:3  class=160/200
>Z 365268 graphs generated in 452.30 sec
>F 365268 cores checked in 362.97 sec
>A genbg n=8+13 e=35:35 d=4:0 D=5:3  class=161/200
>Z 364015 graphs generated in 452.03 sec
>F 364015 cores checked in 362.67 sec
>A genbg n=8+13 e=35:35 d=4:0 D=5:3  class=162/200
>Z 363397 graphs generated in 451.97 sec
>F 363397 cores checked in 361.31 sec
>A genbg n=8+13 e=35:35 d=4:0 D=5:3  class=163/200
>Z 364338 graphs generated in 451.56 sec
>F 364338 cores checked in 360.30 sec
>A genbg n=8+13 e=35:35 d=4:0 D=5:3  class=164/200
>Z 365060 graphs generated in 452.15 sec
>F 365060 cores checked in 362.20 sec
>A genbg n=8+13 e=35:35 d=4:0 D=5:3  class=165/200
>Z 364757 graphs generated in 451.94 sec
>F 364757 cores checked in 362.09 sec
>A genbg n=8+13 e=35:35 d=4:0 D=5:3  class=166/200
>Z 365426 graphs generated in 452.04 sec
>F 365426 cores checked in 361.13 sec
>A genbg n=8+13 e=35:35 d=4:0 D=5:3  class=167/200
>Z 364370 graphs generated in 451.84 sec
>F 364370 cores checked in 361.17 sec
>A genbg n=8+13 e=35:35 d=4:0 D=5:3  class=168/200
>Z 363917 graphs generated in 451.91 sec
>F 363917 cores checked in 360.06 sec
>A genbg n=8+13 e=35:35 d=4:0 D=5:3  class=169/200
>Z 364288 graphs generated in 452.59 sec
>F 364288 cores checked in 361.92 sec
>A genbg n=8+13 e=35:35 d=4:0 D=5:3  class=170/200
>Z 364357 graphs generated in 453.58 sec
>F 364357 cores checked in 361.05 sec
>A genbg n=8+13 e=35:35 d=4:0 D=5:3  class=171/200
>Z 364669 graphs generated in 452.27 sec
>F 364669 cores checked in 361.06 sec
>A genbg n=8+13 e=35:35 d=4:0 D=5:3  class=172/200
>Z 365073 graphs generated in 452.87 sec
>F 365073 cores checked in 361.96 sec
>A genbg n=8+13 e=35:35 d=4:0 D=5:3  class=173/200
>Z 366534 graphs generated in 452.96 sec
>F 366534 cores checked in 363.67 sec
>A genbg n=8+13 e=35:35 d=4:0 D=5:3  class=174/200
>Z 365272 graphs generated in 453.40 sec
>F 365272 cores checked in 362.77 sec
>A genbg n=8+13 e=35:35 d=4:0 D=5:3  class=175/200
>Z 364522 graphs generated in 452.86 sec
>F 364522 cores checked in 360.50 sec
>A genbg n=8+13 e=35:35 d=4:0 D=5:3  class=176/200
>Z 365416 graphs generated in 453.94 sec
>F 365416 cores checked in 361.36 sec
>A genbg n=8+13 e=35:35 d=4:0 D=5:3  class=177/200
>Z 365488 graphs generated in 455.16 sec
>F 365488 cores checked in 362.46 sec
>A genbg n=8+13 e=35:35 d=4:0 D=5:3  class=178/200
>Z 365655 graphs generated in 452.85 sec
>F 365655 cores checked in 361.57 sec
>A genbg n=8+13 e=35:35 d=4:0 D=5:3  class=179/200
>Z 366557 graphs generated in 452.99 sec
>F 366557 cores checked in 362.64 sec
>A genbg n=8+13 e=35:35 d=4:0 D=5:3  class=180/200
>Z 363891 graphs generated in 453.98 sec
>F 363891 cores checked in 360.75 sec
>A genbg n=8+13 e=35:35 d=4:0 D=5:3  class=181/200
>Z 365640 graphs generated in 453.52 sec
>F 365640 cores checked in 360.62 sec
>A genbg n=8+13 e=35:35 d=4:0 D=5:3  class=182/200
>Z 364594 graphs generated in 453.54 sec
>F 364594 cores checked in 360.35 sec
>A genbg n=8+13 e=35:35 d=4:0 D=5:3  class=183/200
>Z 364473 graphs generated in 453.70 sec
>F 364473 cores checked in 361.62 sec
>A genbg n=8+13 e=35:35 d=4:0 D=5:3  class=184/200
>Z 363880 graphs generated in 467.40 sec
>F 363880 cores checked in 359.39 sec
>A genbg n=8+13 e=35:35 d=4:0 D=5:3  class=185/200
>Z 364995 graphs generated in 453.80 sec
>F 364995 cores checked in 360.48 sec
>A genbg n=8+13 e=35:35 d=4:0 D=5:3  class=186/200
>Z 366328 graphs generated in 453.77 sec
>F 366328 cores checked in 362.74 sec
>A genbg n=8+13 e=35:35 d=4:0 D=5:3  class=187/200
>Z 365400 graphs generated in 453.97 sec
>F 365400 cores checked in 361.33 sec
>A genbg n=8+13 e=35:35 d=4:0 D=5:3  class=188/200
>Z 366997 graphs generated in 453.35 sec
>F 366997 cores checked in 364.16 sec
>A genbg n=8+13 e=35:35 d=4:0 D=5:3  class=189/200
>Z 366238 graphs generated in 453.75 sec
>F 366238 cores checked in 364.39 sec
>A genbg n=8+13 e=35:35 d=4:0 D=5:3  class=190/200
>Z 362573 graphs generated in 453.20 sec
>F 362573 cores checked in 359.07 sec
>A genbg n=8+13 e=35:35 d=4:0 D=5:3  class=191/200
>Z 364131 graphs generated in 453.91 sec
>F 364131 cores checked in 360.05 sec
>A genbg n=8+13 e=35:35 d=4:0 D=5:3  class=192/200
>Z 365101 graphs generated in 453.50 sec
>F 365101 cores checked in 361.93 sec
>A genbg n=8+13 e=35:35 d=4:0 D=5:3  class=193/200
>Z 364790 graphs generated in 453.75 sec
>F 364790 cores checked in 360.57 sec
>A genbg n=8+13 e=35:35 d=4:0 D=5:3  class=194/200
>Z 366795 graphs generated in 453.49 sec
>F 366795 cores checked in 363.22 sec
>A genbg n=8+13 e=35:35 d=4:0 D=5:3  class=195/200
>Z 365995 graphs generated in 453.84 sec
>F 365995 cores checked in 364.41 sec
>A genbg n=8+13 e=35:35 d=4:0 D=5:3  class=196/200
>Z 362534 graphs generated in 453.42 sec
>F 362534 cores checked in 357.54 sec
>A genbg n=8+13 e=35:35 d=4:0 D=5:3  class=197/200
>Z 363917 graphs generated in 454.29 sec
>F 363917 cores checked in 360.47 sec
>A genbg n=8+13 e=35:35 d=4:0 D=5:3  class=198/200
>Z 364204 graphs generated in 453.47 sec
>F 364204 cores checked in 360.70 sec
>A genbg n=8+13 e=35:35 d=4:0 D=5:3  class=199/200
>Z 364188 graphs generated in 453.43 sec
>F 364188 cores checked in 360.73 sec



=== Total number of graphs generated: 73030702
=== Total number of graphs checked: 73030702
=== Total time for generation: 90447.59 seconds
=== Total time for checking: 72426.81 seconds
=== Total number of exceptional graphs: 0

