=== Log file for genbg_-d8:0_-D9:3_4_17_35:35



>A genbg n=4+17 e=35:35 d=8:0 D=9:3  class=0/200
>Z 55 graphs generated in 1.92 sec
>F 55 cores checked in 0.04 sec
>A genbg n=4+17 e=35:35 d=8:0 D=9:3  class=1/200
>Z 75 graphs generated in 1.91 sec
>F 75 cores checked in 0.05 sec
>A genbg n=4+17 e=35:35 d=8:0 D=9:3  class=2/200
>Z 70 graphs generated in 1.91 sec
>F 70 cores checked in 0.04 sec
>A genbg n=4+17 e=35:35 d=8:0 D=9:3  class=3/200
>Z 58 graphs generated in 1.92 sec
>F 58 cores checked in 0.04 sec
>A genbg n=4+17 e=35:35 d=8:0 D=9:3  class=4/200
>Z 52 graphs generated in 1.92 sec
>F 52 cores checked in 0.03 sec
>A genbg n=4+17 e=35:35 d=8:0 D=9:3  class=5/200
>Z 58 graphs generated in 1.91 sec
>F 58 cores checked in 0.04 sec
>A genbg n=4+17 e=35:35 d=8:0 D=9:3  class=6/200
>Z 65 graphs generated in 1.91 sec
>F 65 cores checked in 0.04 sec
>A genbg n=4+17 e=35:35 d=8:0 D=9:3  class=7/200
>Z 59 graphs generated in 1.91 sec
>F 59 cores checked in 0.04 sec
>A genbg n=4+17 e=35:35 d=8:0 D=9:3  class=8/200
>Z 72 graphs generated in 1.92 sec
>F 72 cores checked in 0.04 sec
>A genbg n=4+17 e=35:35 d=8:0 D=9:3  class=9/200
>Z 45 graphs generated in 1.75 sec
>F 45 cores checked in 0.03 sec
>A genbg n=4+17 e=35:35 d=8:0 D=9:3  class=10/200
>Z 48 graphs generated in 1.91 sec
>F 48 cores checked in 0.03 sec
>A genbg n=4+17 e=35:35 d=8:0 D=9:3  class=11/200
>Z 66 graphs generated in 1.83 sec
>F 66 cores checked in 0.04 sec
>A genbg n=4+17 e=35:35 d=8:0 D=9:3  class=12/200
>Z 60 graphs generated in 1.91 sec
>F 60 cores checked in 0.04 sec
>A genbg n=4+17 e=35:35 d=8:0 D=9:3  class=13/200
>Z 62 graphs generated in 1.92 sec
>F 62 cores checked in 0.04 sec
>A genbg n=4+17 e=35:35 d=8:0 D=9:3  class=14/200
>Z 57 graphs generated in 1.92 sec
>F 57 cores checked in 0.04 sec
>A genbg n=4+17 e=35:35 d=8:0 D=9:3  class=15/200
>Z 77 graphs generated in 1.91 sec
>F 77 cores checked in 0.05 sec
>A genbg n=4+17 e=35:35 d=8:0 D=9:3  class=16/200
>Z 67 graphs generated in 1.93 sec
>F 67 cores checked in 0.04 sec
>A genbg n=4+17 e=35:35 d=8:0 D=9:3  class=17/200
>Z 56 graphs generated in 1.93 sec
>F 56 cores checked in 0.03 sec
>A genbg n=4+17 e=35:35 d=8:0 D=9:3  class=18/200
>Z 74 graphs generated in 1.91 sec
>F 74 cores checked in 0.05 sec
>A genbg n=4+17 e=35:35 d=8:0 D=9:3  class=19/200
>Z 66 graphs generated in 1.91 sec
>F 66 cores checked in 0.04 sec
>A genbg n=4+17 e=35:35 d=8:0 D=9:3  class=20/200
>Z 64 graphs generated in 1.91 sec
>F 64 cores checked in 0.04 sec
>A genbg n=4+17 e=35:35 d=8:0 D=9:3  class=21/200
>Z 60 graphs generated in 1.91 sec
>F 60 cores checked in 0.04 sec
>A genbg n=4+17 e=35:35 d=8:0 D=9:3  class=22/200
>Z 75 graphs generated in 1.94 sec
>F 75 cores checked in 0.05 sec
>A genbg n=4+17 e=35:35 d=8:0 D=9:3  class=23/200
>Z 71 graphs generated in 1.91 sec
>F 71 cores checked in 0.04 sec
>A genbg n=4+17 e=35:35 d=8:0 D=9:3  class=24/200
>Z 71 graphs generated in 1.91 sec
>F 71 cores checked in 0.04 sec
>A genbg n=4+17 e=35:35 d=8:0 D=9:3  class=25/200
>Z 54 graphs generated in 1.90 sec
>F 54 cores checked in 0.03 sec
>A genbg n=4+17 e=35:35 d=8:0 D=9:3  class=26/200
>Z 65 graphs generated in 1.93 sec
>F 65 cores checked in 0.04 sec
>A genbg n=4+17 e=35:35 d=8:0 D=9:3  class=27/200
>Z 64 graphs generated in 1.80 sec
>F 64 cores checked in 0.04 sec
>A genbg n=4+17 e=35:35 d=8:0 D=9:3  class=28/200
>Z 48 graphs generated in 1.93 sec
>F 48 cores checked in 0.03 sec
>A genbg n=4+17 e=35:35 d=8:0 D=9:3  class=29/200
>Z 62 graphs generated in 1.89 sec
>F 62 cores checked in 0.04 sec
>A genbg n=4+17 e=35:35 d=8:0 D=9:3  class=30/200
>Z 81 graphs generated in 1.91 sec
>F 81 cores checked in 0.05 sec
>A genbg n=4+17 e=35:35 d=8:0 D=9:3  class=31/200
>Z 78 graphs generated in 1.87 sec
>F 78 cores checked in 0.05 sec
>A genbg n=4+17 e=35:35 d=8:0 D=9:3  class=32/200
>Z 69 graphs generated in 1.91 sec
>F 69 cores checked in 0.04 sec
>A genbg n=4+17 e=35:35 d=8:0 D=9:3  class=33/200
>Z 48 graphs generated in 1.94 sec
>F 48 cores checked in 0.03 sec
>A genbg n=4+17 e=35:35 d=8:0 D=9:3  class=34/200
>Z 55 graphs generated in 1.51 sec
>F 55 cores checked in 0.03 sec
>A genbg n=4+17 e=35:35 d=8:0 D=9:3  class=35/200
>Z 61 graphs generated in 1.90 sec
>F 61 cores checked in 0.04 sec
>A genbg n=4+17 e=35:35 d=8:0 D=9:3  class=36/200
>Z 64 graphs generated in 1.93 sec
>F 64 cores checked in 0.04 sec
>A genbg n=4+17 e=35:35 d=8:0 D=9:3  class=37/200
>Z 48 graphs generated in 1.92 sec
>F 48 cores checked in 0.03 sec
>A genbg n=4+17 e=35:35 d=8:0 D=9:3  class=38/200
>Z 54 graphs generated in 1.78 sec
>F 54 cores checked in 0.03 sec
>A genbg n=4+17 e=35:35 d=8:0 D=9:3  class=39/200
>Z 78 graphs generated in 1.91 sec
>F 78 cores checked in 0.05 sec
>A genbg n=4+17 e=35:35 d=8:0 D=9:3  class=40/200
>Z 71 graphs generated in 1.91 sec
>F 71 cores checked in 0.05 sec
>A genbg n=4+17 e=35:35 d=8:0 D=9:3  class=41/200
>Z 51 graphs generated in 1.91 sec
>F 51 cores checked in 0.03 sec
>A genbg n=4+17 e=35:35 d=8:0 D=9:3  class=42/200
>Z 70 graphs generated in 1.97 sec
>F 70 cores checked in 0.05 sec
>A genbg n=4+17 e=35:35 d=8:0 D=9:3  class=43/200
>Z 61 graphs generated in 1.95 sec
>F 61 cores checked in 0.04 sec
>A genbg n=4+17 e=35:35 d=8:0 D=9:3  class=44/200
>Z 62 graphs generated in 1.91 sec
>F 62 cores checked in 0.04 sec
>A genbg n=4+17 e=35:35 d=8:0 D=9:3  class=45/200
>Z 74 graphs generated in 1.98 sec
>F 74 cores checked in 0.05 sec
>A genbg n=4+17 e=35:35 d=8:0 D=9:3  class=46/200
>Z 51 graphs generated in 1.91 sec
>F 51 cores checked in 0.03 sec
>A genbg n=4+17 e=35:35 d=8:0 D=9:3  class=47/200
>Z 76 graphs generated in 1.92 sec
>F 76 cores checked in 0.05 sec
>A genbg n=4+17 e=35:35 d=8:0 D=9:3  class=48/200
>Z 76 graphs generated in 1.92 sec
>F 76 cores checked in 0.05 sec
>A genbg n=4+17 e=35:35 d=8:0 D=9:3  class=49/200
>Z 73 graphs generated in 1.81 sec
>F 73 cores checked in 0.05 sec
>A genbg n=4+17 e=35:35 d=8:0 D=9:3  class=50/200
>Z 57 graphs generated in 1.84 sec
>F 57 cores checked in 0.04 sec
>A genbg n=4+17 e=35:35 d=8:0 D=9:3  class=51/200
>Z 72 graphs generated in 1.84 sec
>F 72 cores checked in 0.05 sec
>A genbg n=4+17 e=35:35 d=8:0 D=9:3  class=52/200
>Z 56 graphs generated in 1.91 sec
>F 56 cores checked in 0.04 sec
>A genbg n=4+17 e=35:35 d=8:0 D=9:3  class=53/200
>Z 70 graphs generated in 1.91 sec
>F 70 cores checked in 0.04 sec
>A genbg n=4+17 e=35:35 d=8:0 D=9:3  class=54/200
>Z 50 graphs generated in 1.91 sec
>F 50 cores checked in 0.03 sec
>A genbg n=4+17 e=35:35 d=8:0 D=9:3  class=55/200
>Z 59 graphs generated in 1.92 sec
>F 59 cores checked in 0.04 sec
>A genbg n=4+17 e=35:35 d=8:0 D=9:3  class=56/200
>Z 63 graphs generated in 1.65 sec
>F 63 cores checked in 0.04 sec
>A genbg n=4+17 e=35:35 d=8:0 D=9:3  class=57/200
>Z 75 graphs generated in 1.90 sec
>F 75 cores checked in 0.04 sec
>A genbg n=4+17 e=35:35 d=8:0 D=9:3  class=58/200
>Z 63 graphs generated in 1.77 sec
>F 63 cores checked in 0.03 sec
>A genbg n=4+17 e=35:35 d=8:0 D=9:3  class=59/200
>Z 67 graphs generated in 1.92 sec
>F 67 cores checked in 0.04 sec
>A genbg n=4+17 e=35:35 d=8:0 D=9:3  class=60/200
>Z 77 graphs generated in 1.91 sec
>F 77 cores checked in 0.05 sec
>A genbg n=4+17 e=35:35 d=8:0 D=9:3  class=61/200
>Z 60 graphs generated in 1.91 sec
>F 60 cores checked in 0.04 sec
>A genbg n=4+17 e=35:35 d=8:0 D=9:3  class=62/200
>Z 74 graphs generated in 1.91 sec
>F 74 cores checked in 0.05 sec
>A genbg n=4+17 e=35:35 d=8:0 D=9:3  class=63/200
>Z 61 graphs generated in 1.90 sec
>F 61 cores checked in 0.04 sec
>A genbg n=4+17 e=35:35 d=8:0 D=9:3  class=64/200
>Z 65 graphs generated in 1.63 sec
>F 65 cores checked in 0.04 sec
>A genbg n=4+17 e=35:35 d=8:0 D=9:3  class=65/200
>Z 56 graphs generated in 1.92 sec
>F 56 cores checked in 0.03 sec
>A genbg n=4+17 e=35:35 d=8:0 D=9:3  class=66/200
>Z 73 graphs generated in 1.90 sec
>F 73 cores checked in 0.04 sec
>A genbg n=4+17 e=35:35 d=8:0 D=9:3  class=67/200
>Z 54 graphs generated in 1.91 sec
>F 54 cores checked in 0.03 sec
>A genbg n=4+17 e=35:35 d=8:0 D=9:3  class=68/200
>Z 62 graphs generated in 1.86 sec
>F 62 cores checked in 0.04 sec
>A genbg n=4+17 e=35:35 d=8:0 D=9:3  class=69/200
>Z 56 graphs generated in 1.92 sec
>F 56 cores checked in 0.03 sec
>A genbg n=4+17 e=35:35 d=8:0 D=9:3  class=70/200
>Z 63 graphs generated in 1.92 sec
>F 63 cores checked in 0.04 sec
>A genbg n=4+17 e=35:35 d=8:0 D=9:3  class=71/200
>Z 79 graphs generated in 1.91 sec
>F 79 cores checked in 0.05 sec
>A genbg n=4+17 e=35:35 d=8:0 D=9:3  class=72/200
>Z 65 graphs generated in 1.46 sec
>F 65 cores checked in 0.04 sec
>A genbg n=4+17 e=35:35 d=8:0 D=9:3  class=73/200
>Z 57 graphs generated in 1.91 sec
>F 57 cores checked in 0.04 sec
>A genbg n=4+17 e=35:35 d=8:0 D=9:3  class=74/200
>Z 65 graphs generated in 1.92 sec
>F 65 cores checked in 0.51 sec
>A genbg n=4+17 e=35:35 d=8:0 D=9:3  class=75/200
>Z 46 graphs generated in 1.92 sec
>F 46 cores checked in 0.03 sec
>A genbg n=4+17 e=35:35 d=8:0 D=9:3  class=76/200
>Z 55 graphs generated in 1.91 sec
>F 55 cores checked in 0.03 sec
>A genbg n=4+17 e=35:35 d=8:0 D=9:3  class=77/200
>Z 51 graphs generated in 1.91 sec
>F 51 cores checked in 0.03 sec
>A genbg n=4+17 e=35:35 d=8:0 D=9:3  class=78/200
>Z 55 graphs generated in 1.91 sec
>F 55 cores checked in 0.03 sec
>A genbg n=4+17 e=35:35 d=8:0 D=9:3  class=79/200
>Z 57 graphs generated in 1.53 sec
>F 57 cores checked in 0.03 sec
>A genbg n=4+17 e=35:35 d=8:0 D=9:3  class=80/200
>Z 54 graphs generated in 1.92 sec
>F 54 cores checked in 0.03 sec
>A genbg n=4+17 e=35:35 d=8:0 D=9:3  class=81/200
>Z 60 graphs generated in 1.91 sec
>F 60 cores checked in 0.04 sec
>A genbg n=4+17 e=35:35 d=8:0 D=9:3  class=82/200
>Z 73 graphs generated in 1.91 sec
>F 73 cores checked in 0.05 sec
>A genbg n=4+17 e=35:35 d=8:0 D=9:3  class=83/200
>Z 76 graphs generated in 1.91 sec
>F 76 cores checked in 0.05 sec
>A genbg n=4+17 e=35:35 d=8:0 D=9:3  class=84/200
>Z 57 graphs generated in 1.92 sec
>F 57 cores checked in 0.04 sec
>A genbg n=4+17 e=35:35 d=8:0 D=9:3  class=85/200
>Z 84 graphs generated in 1.91 sec
>F 84 cores checked in 0.05 sec
>A genbg n=4+17 e=35:35 d=8:0 D=9:3  class=86/200
>Z 57 graphs generated in 1.92 sec
>F 57 cores checked in 0.04 sec
>A genbg n=4+17 e=35:35 d=8:0 D=9:3  class=87/200
>Z 64 graphs generated in 1.91 sec
>F 64 cores checked in 0.04 sec
>A genbg n=4+17 e=35:35 d=8:0 D=9:3  class=88/200
>Z 65 graphs generated in 1.89 sec
>F 65 cores checked in 0.04 sec
>A genbg n=4+17 e=35:35 d=8:0 D=9:3  class=89/200
>Z 66 graphs generated in 1.91 sec
>F 66 cores checked in 0.04 sec
>A genbg n=4+17 e=35:35 d=8:0 D=9:3  class=90/200
>Z 60 graphs generated in 1.25 sec
>F 60 cores checked in 0.04 sec
>A genbg n=4+17 e=35:35 d=8:0 D=9:3  class=91/200
>Z 64 graphs generated in 1.91 sec
>F 64 cores checked in 0.04 sec
>A genbg n=4+17 e=35:35 d=8:0 D=9:3  class=92/200
>Z 76 graphs generated in 1.91 sec
>F 76 cores checked in 0.05 sec
>A genbg n=4+17 e=35:35 d=8:0 D=9:3  class=93/200
>Z 61 graphs generated in 1.89 sec
>F 61 cores checked in 0.04 sec
>A genbg n=4+17 e=35:35 d=8:0 D=9:3  class=94/200
>Z 62 graphs generated in 1.91 sec
>F 62 cores checked in 0.04 sec
>A genbg n=4+17 e=35:35 d=8:0 D=9:3  class=95/200
>Z 73 graphs generated in 1.91 sec
>F 73 cores checked in 0.05 sec
>A genbg n=4+17 e=35:35 d=8:0 D=9:3  class=96/200
>Z 62 graphs generated in 1.94 sec
>F 62 cores checked in 0.04 sec
>A genbg n=4+17 e=35:35 d=8:0 D=9:3  class=97/200
>Z 65 graphs generated in 1.91 sec
>F 65 cores checked in 0.04 sec
>A genbg n=4+17 e=35:35 d=8:0 D=9:3  class=98/200
>Z 54 graphs generated in 1.84 sec
>F 54 cores checked in 0.03 sec
>A genbg n=4+17 e=35:35 d=8:0 D=9:3  class=99/200
>Z 71 graphs generated in 1.94 sec
>F 71 cores checked in 0.04 sec
>A genbg n=4+17 e=35:35 d=8:0 D=9:3  class=100/200
>Z 69 graphs generated in 1.66 sec
>F 69 cores checked in 0.04 sec
>A genbg n=4+17 e=35:35 d=8:0 D=9:3  class=101/200
>Z 69 graphs generated in 1.52 sec
>F 69 cores checked in 0.04 sec
>A genbg n=4+17 e=35:35 d=8:0 D=9:3  class=102/200
>Z 59 graphs generated in 1.91 sec
>F 59 cores checked in 0.04 sec
>A genbg n=4+17 e=35:35 d=8:0 D=9:3  class=103/200
>Z 65 graphs generated in 1.81 sec
>F 65 cores checked in 0.04 sec
>A genbg n=4+17 e=35:35 d=8:0 D=9:3  class=104/200
>Z 68 graphs generated in 1.83 sec
>F 68 cores checked in 0.04 sec
>A genbg n=4+17 e=35:35 d=8:0 D=9:3  class=105/200
>Z 57 graphs generated in 1.70 sec
>F 57 cores checked in 0.04 sec
>A genbg n=4+17 e=35:35 d=8:0 D=9:3  class=106/200
>Z 70 graphs generated in 1.76 sec
>F 70 cores checked in 0.04 sec
>A genbg n=4+17 e=35:35 d=8:0 D=9:3  class=107/200
>Z 63 graphs generated in 1.79 sec
>F 63 cores checked in 0.04 sec
>A genbg n=4+17 e=35:35 d=8:0 D=9:3  class=108/200
>Z 64 graphs generated in 1.86 sec
>F 64 cores checked in 0.04 sec
>A genbg n=4+17 e=35:35 d=8:0 D=9:3  class=109/200
>Z 80 graphs generated in 1.69 sec
>F 80 cores checked in 0.05 sec
>A genbg n=4+17 e=35:35 d=8:0 D=9:3  class=110/200
>Z 61 graphs generated in 1.91 sec
>F 61 cores checked in 0.04 sec
>A genbg n=4+17 e=35:35 d=8:0 D=9:3  class=111/200
>Z 65 graphs generated in 1.89 sec
>F 65 cores checked in 0.04 sec
>A genbg n=4+17 e=35:35 d=8:0 D=9:3  class=112/200
>Z 52 graphs generated in 1.91 sec
>F 52 cores checked in 0.03 sec
>A genbg n=4+17 e=35:35 d=8:0 D=9:3  class=113/200
>Z 56 graphs generated in 1.62 sec
>F 56 cores checked in 0.03 sec
>A genbg n=4+17 e=35:35 d=8:0 D=9:3  class=114/200
>Z 71 graphs generated in 1.88 sec
>F 71 cores checked in 0.04 sec
>A genbg n=4+17 e=35:35 d=8:0 D=9:3  class=115/200
>Z 57 graphs generated in 1.91 sec
>F 57 cores checked in 0.04 sec
>A genbg n=4+17 e=35:35 d=8:0 D=9:3  class=116/200
>Z 61 graphs generated in 1.95 sec
>F 61 cores checked in 0.04 sec
>A genbg n=4+17 e=35:35 d=8:0 D=9:3  class=117/200
>Z 70 graphs generated in 1.91 sec
>F 70 cores checked in 0.04 sec
>A genbg n=4+17 e=35:35 d=8:0 D=9:3  class=118/200
>Z 70 graphs generated in 1.92 sec
>F 70 cores checked in 0.04 sec
>A genbg n=4+17 e=35:35 d=8:0 D=9:3  class=119/200
>Z 55 graphs generated in 1.92 sec
>F 55 cores checked in 0.03 sec
>A genbg n=4+17 e=35:35 d=8:0 D=9:3  class=120/200
>Z 57 graphs generated in 1.91 sec
>F 57 cores checked in 0.03 sec
>A genbg n=4+17 e=35:35 d=8:0 D=9:3  class=121/200
>Z 53 graphs generated in 1.91 sec
>F 53 cores checked in 0.03 sec
>A genbg n=4+17 e=35:35 d=8:0 D=9:3  class=122/200
>Z 71 graphs generated in 1.96 sec
>F 71 cores checked in 0.04 sec
>A genbg n=4+17 e=35:35 d=8:0 D=9:3  class=123/200
>Z 69 graphs generated in 1.93 sec
>F 69 cores checked in 0.04 sec
>A genbg n=4+17 e=35:35 d=8:0 D=9:3  class=124/200
>Z 67 graphs generated in 1.93 sec
>F 67 cores checked in 0.04 sec
>A genbg n=4+17 e=35:35 d=8:0 D=9:3  class=125/200
>Z 72 graphs generated in 1.91 sec
>F 72 cores checked in 0.04 sec
>A genbg n=4+17 e=35:35 d=8:0 D=9:3  class=126/200
>Z 69 graphs generated in 1.83 sec
>F 69 cores checked in 0.04 sec
>A genbg n=4+17 e=35:35 d=8:0 D=9:3  class=127/200
>Z 75 graphs generated in 1.95 sec
>F 75 cores checked in 0.04 sec
>A genbg n=4+17 e=35:35 d=8:0 D=9:3  class=128/200
>Z 66 graphs generated in 1.91 sec
>F 66 cores checked in 0.04 sec
>A genbg n=4+17 e=35:35 d=8:0 D=9:3  class=129/200
>Z 77 graphs generated in 1.78 sec
>F 77 cores checked in 0.05 sec
>A genbg n=4+17 e=35:35 d=8:0 D=9:3  class=130/200
>Z 64 graphs generated in 1.93 sec
>F 64 cores checked in 0.04 sec
>A genbg n=4+17 e=35:35 d=8:0 D=9:3  class=131/200
>Z 73 graphs generated in 1.83 sec
>F 73 cores checked in 0.04 sec
>A genbg n=4+17 e=35:35 d=8:0 D=9:3  class=132/200
>Z 61 graphs generated in 1.80 sec
>F 61 cores checked in 0.04 sec
>A genbg n=4+17 e=35:35 d=8:0 D=9:3  class=133/200
>Z 57 graphs generated in 1.91 sec
>F 57 cores checked in 0.04 sec
>A genbg n=4+17 e=35:35 d=8:0 D=9:3  class=134/200
>Z 61 graphs generated in 1.91 sec
>F 61 cores checked in 0.04 sec
>A genbg n=4+17 e=35:35 d=8:0 D=9:3  class=135/200
>Z 70 graphs generated in 1.91 sec
>F 70 cores checked in 0.04 sec
>A genbg n=4+17 e=35:35 d=8:0 D=9:3  class=136/200
>Z 74 graphs generated in 1.91 sec
>F 74 cores checked in 0.04 sec
>A genbg n=4+17 e=35:35 d=8:0 D=9:3  class=137/200
>Z 50 graphs generated in 1.92 sec
>F 50 cores checked in 0.03 sec
>A genbg n=4+17 e=35:35 d=8:0 D=9:3  class=138/200
>Z 57 graphs generated in 1.91 sec
>F 57 cores checked in 0.04 sec
>A genbg n=4+17 e=35:35 d=8:0 D=9:3  class=139/200
>Z 73 graphs generated in 1.91 sec
>F 73 cores checked in 0.04 sec
>A genbg n=4+17 e=35:35 d=8:0 D=9:3  class=140/200
>Z 67 graphs generated in 1.91 sec
>F 67 cores checked in 0.04 sec
>A genbg n=4+17 e=35:35 d=8:0 D=9:3  class=141/200
>Z 63 graphs generated in 1.91 sec
>F 63 cores checked in 0.04 sec
>A genbg n=4+17 e=35:35 d=8:0 D=9:3  class=142/200
>Z 62 graphs generated in 1.46 sec
>F 62 cores checked in 0.04 sec
>A genbg n=4+17 e=35:35 d=8:0 D=9:3  class=143/200
>Z 52 graphs generated in 1.76 sec
>F 52 cores checked in 0.03 sec
>A genbg n=4+17 e=35:35 d=8:0 D=9:3  class=144/200
>Z 70 graphs generated in 1.73 sec
>F 70 cores checked in 0.04 sec
>A genbg n=4+17 e=35:35 d=8:0 D=9:3  class=145/200
>Z 63 graphs generated in 1.69 sec
>F 63 cores checked in 0.04 sec
>A genbg n=4+17 e=35:35 d=8:0 D=9:3  class=146/200
>Z 56 graphs generated in 1.91 sec
>F 56 cores checked in 0.03 sec
>A genbg n=4+17 e=35:35 d=8:0 D=9:3  class=147/200
>Z 50 graphs generated in 1.92 sec
>F 50 cores checked in 0.03 sec
>A genbg n=4+17 e=35:35 d=8:0 D=9:3  class=148/200
>Z 54 graphs generated in 1.89 sec
>F 54 cores checked in 0.03 sec
>A genbg n=4+17 e=35:35 d=8:0 D=9:3  class=149/200
>Z 69 graphs generated in 1.91 sec
>F 69 cores checked in 0.04 sec
>A genbg n=4+17 e=35:35 d=8:0 D=9:3  class=150/200
>Z 67 graphs generated in 1.86 sec
>F 67 cores checked in 0.04 sec
>A genbg n=4+17 e=35:35 d=8:0 D=9:3  class=151/200
>Z 75 graphs generated in 1.63 sec
>F 75 cores checked in 0.05 sec
>A genbg n=4+17 e=35:35 d=8:0 D=9:3  class=152/200
>Z 52 graphs generated in 1.92 sec
>F 52 cores checked in 0.03 sec
>A genbg n=4+17 e=35:35 d=8:0 D=9:3  class=153/200
>Z 73 graphs generated in 1.65 sec
>F 73 cores checked in 0.04 sec
>A genbg n=4+17 e=35:35 d=8:0 D=9:3  class=154/200
>Z 61 graphs generated in 1.43 sec
>F 61 cores checked in 0.04 sec
>A genbg n=4+17 e=35:35 d=8:0 D=9:3  class=155/200
>Z 62 graphs generated in 1.91 sec
>F 62 cores checked in 0.04 sec
>A genbg n=4+17 e=35:35 d=8:0 D=9:3  class=156/200
>Z 70 graphs generated in 1.88 sec
>F 70 cores checked in 0.04 sec
>A genbg n=4+17 e=35:35 d=8:0 D=9:3  class=157/200
>Z 71 graphs generated in 2.01 sec
>F 71 cores checked in 0.05 sec
>A genbg n=4+17 e=35:35 d=8:0 D=9:3  class=158/200
>Z 58 graphs generated in 1.86 sec
>F 58 cores checked in 0.04 sec
>A genbg n=4+17 e=35:35 d=8:0 D=9:3  class=159/200
>Z 58 graphs generated in 1.90 sec
>F 58 cores checked in 0.03 sec
>A genbg n=4+17 e=35:35 d=8:0 D=9:3  class=160/200
>Z 65 graphs generated in 1.91 sec
>F 65 cores checked in 0.04 sec
>A genbg n=4+17 e=35:35 d=8:0 D=9:3  class=161/200
>Z 77 graphs generated in 1.82 sec
>F 77 cores checked in 0.05 sec
>A genbg n=4+17 e=35:35 d=8:0 D=9:3  class=162/200
>Z 59 graphs generated in 1.91 sec
>F 59 cores checked in 0.04 sec
>A genbg n=4+17 e=35:35 d=8:0 D=9:3  class=163/200
>Z 68 graphs generated in 1.92 sec
>F 68 cores checked in 0.04 sec
>A genbg n=4+17 e=35:35 d=8:0 D=9:3  class=164/200
>Z 68 graphs generated in 1.87 sec
>F 68 cores checked in 0.04 sec
>A genbg n=4+17 e=35:35 d=8:0 D=9:3  class=165/200
>Z 59 graphs generated in 1.91 sec
>F 59 cores checked in 0.04 sec
>A genbg n=4+17 e=35:35 d=8:0 D=9:3  class=166/200
>Z 74 graphs generated in 1.91 sec
>F 74 cores checked in 0.05 sec
>A genbg n=4+17 e=35:35 d=8:0 D=9:3  class=167/200
>Z 72 graphs generated in 1.93 sec
>F 72 cores checked in 0.05 sec
>A genbg n=4+17 e=35:35 d=8:0 D=9:3  class=168/200
>Z 61 graphs generated in 1.92 sec
>F 61 cores checked in 0.04 sec
>A genbg n=4+17 e=35:35 d=8:0 D=9:3  class=169/200
>Z 67 graphs generated in 1.91 sec
>F 67 cores checked in 0.04 sec
>A genbg n=4+17 e=35:35 d=8:0 D=9:3  class=170/200
>Z 65 graphs generated in 1.92 sec
>F 65 cores checked in 0.04 sec
>A genbg n=4+17 e=35:35 d=8:0 D=9:3  class=171/200
>Z 66 graphs generated in 1.91 sec
>F 66 cores checked in 0.04 sec
>A genbg n=4+17 e=35:35 d=8:0 D=9:3  class=172/200
>Z 62 graphs generated in 1.91 sec
>F 62 cores checked in 0.04 sec
>A genbg n=4+17 e=35:35 d=8:0 D=9:3  class=173/200
>Z 70 graphs generated in 1.89 sec
>F 70 cores checked in 0.04 sec
>A genbg n=4+17 e=35:35 d=8:0 D=9:3  class=174/200
>Z 49 graphs generated in 1.91 sec
>F 49 cores checked in 0.03 sec
>A genbg n=4+17 e=35:35 d=8:0 D=9:3  class=175/200
>Z 57 graphs generated in 1.91 sec
>F 57 cores checked in 0.04 sec
>A genbg n=4+17 e=35:35 d=8:0 D=9:3  class=176/200
>Z 60 graphs generated in 1.92 sec
>F 60 cores checked in 0.04 sec
>A genbg n=4+17 e=35:35 d=8:0 D=9:3  class=177/200
>Z 61 graphs generated in 1.92 sec
>F 61 cores checked in 0.04 sec
>A genbg n=4+17 e=35:35 d=8:0 D=9:3  class=178/200
>Z 62 graphs generated in 1.83 sec
>F 62 cores checked in 0.04 sec
>A genbg n=4+17 e=35:35 d=8:0 D=9:3  class=179/200
>Z 66 graphs generated in 1.92 sec
>F 66 cores checked in 0.04 sec
>A genbg n=4+17 e=35:35 d=8:0 D=9:3  class=180/200
>Z 75 graphs generated in 1.78 sec
>F 75 cores checked in 0.04 sec
>A genbg n=4+17 e=35:35 d=8:0 D=9:3  class=181/200
>Z 65 graphs generated in 1.91 sec
>F 65 cores checked in 0.04 sec
>A genbg n=4+17 e=35:35 d=8:0 D=9:3  class=182/200
>Z 63 graphs generated in 1.91 sec
>F 63 cores checked in 0.04 sec
>A genbg n=4+17 e=35:35 d=8:0 D=9:3  class=183/200
>Z 71 graphs generated in 1.93 sec
>F 71 cores checked in 0.04 sec
>A genbg n=4+17 e=35:35 d=8:0 D=9:3  class=184/200
>Z 76 graphs generated in 1.92 sec
>F 76 cores checked in 0.05 sec
>A genbg n=4+17 e=35:35 d=8:0 D=9:3  class=185/200
>Z 57 graphs generated in 1.91 sec
>F 57 cores checked in 0.04 sec
>A genbg n=4+17 e=35:35 d=8:0 D=9:3  class=186/200
>Z 70 graphs generated in 1.91 sec
>F 70 cores checked in 0.04 sec
>A genbg n=4+17 e=35:35 d=8:0 D=9:3  class=187/200
>Z 54 graphs generated in 1.79 sec
>F 54 cores checked in 0.03 sec
>A genbg n=4+17 e=35:35 d=8:0 D=9:3  class=188/200
>Z 53 graphs generated in 1.85 sec
>F 53 cores checked in 0.03 sec
>A genbg n=4+17 e=35:35 d=8:0 D=9:3  class=189/200
>Z 68 graphs generated in 2.03 sec
>F 68 cores checked in 0.04 sec
>A genbg n=4+17 e=35:35 d=8:0 D=9:3  class=190/200
>Z 64 graphs generated in 1.91 sec
>F 64 cores checked in 0.04 sec
>A genbg n=4+17 e=35:35 d=8:0 D=9:3  class=191/200
>Z 54 graphs generated in 1.64 sec
>F 54 cores checked in 0.03 sec
>A genbg n=4+17 e=35:35 d=8:0 D=9:3  class=192/200
>Z 71 graphs generated in 1.93 sec
>F 71 cores checked in 0.04 sec
>A genbg n=4+17 e=35:35 d=8:0 D=9:3  class=193/200
>Z 62 graphs generated in 1.87 sec
>F 62 cores checked in 0.04 sec
>A genbg n=4+17 e=35:35 d=8:0 D=9:3  class=194/200
>Z 69 graphs generated in 1.91 sec
>F 69 cores checked in 0.04 sec
>A genbg n=4+17 e=35:35 d=8:0 D=9:3  class=195/200
>Z 69 graphs generated in 1.74 sec
>F 69 cores checked in 0.04 sec
>A genbg n=4+17 e=35:35 d=8:0 D=9:3  class=196/200
>Z 60 graphs generated in 1.72 sec
>F 60 cores checked in 0.04 sec
>A genbg n=4+17 e=35:35 d=8:0 D=9:3  class=197/200
>Z 60 graphs generated in 1.51 sec
>F 60 cores checked in 0.04 sec
>A genbg n=4+17 e=35:35 d=8:0 D=9:3  class=198/200
>Z 56 graphs generated in 1.88 sec
>F 56 cores checked in 0.03 sec
>A genbg n=4+17 e=35:35 d=8:0 D=9:3  class=199/200
>Z 61 graphs generated in 1.91 sec
>F 61 cores checked in 0.04 sec



=== Total number of graphs generated: 12761
=== Total number of graphs checked: 12761
=== Total time for generation: 373.48 seconds
=== Total time for checking: 8.36 seconds
=== Total number of exceptional graphs: 0

