=== Log file for genbg_-d4:0_-D8:3_5_16_30:30



>A genbg n=5+16 e=30:30 d=4:0 D=8:3  class=0/200
>Z 70338 graphs generated in 18.67 sec
>F 70338 cores checked in 127.06 sec
>A genbg n=5+16 e=30:30 d=4:0 D=8:3  class=1/200
>Z 70027 graphs generated in 18.63 sec
>F 70027 cores checked in 196.48 sec
>A genbg n=5+16 e=30:30 d=4:0 D=8:3  class=2/200
>Z 68812 graphs generated in 18.61 sec
>F 68812 cores checked in 140.97 sec
>A genbg n=5+16 e=30:30 d=4:0 D=8:3  class=3/200
>Z 68825 graphs generated in 18.61 sec
>F 68825 cores checked in 194.60 sec
>A genbg n=5+16 e=30:30 d=4:0 D=8:3  class=4/200
>Z 70424 graphs generated in 18.60 sec
>F 70424 cores checked in 141.59 sec
>A genbg n=5+16 e=30:30 d=4:0 D=8:3  class=5/200
>Z 69492 graphs generated in 18.58 sec
>F 69492 cores checked in 75.23 sec
>A genbg n=5+16 e=30:30 d=4:0 D=8:3  class=6/200
>Z 68226 graphs generated in 18.60 sec
>F 68226 cores checked in 197.83 sec
>A genbg n=5+16 e=30:30 d=4:0 D=8:3  class=7/200
>Z 68659 graphs generated in 18.58 sec
>F 68659 cores checked in 138.78 sec
>A genbg n=5+16 e=30:30 d=4:0 D=8:3  class=8/200
>Z 69161 graphs generated in 19.27 sec
>F 69161 cores checked in 146.96 sec
>A genbg n=5+16 e=30:30 d=4:0 D=8:3  class=9/200
>Z 68363 graphs generated in 18.49 sec
>F 68363 cores checked in 197.50 sec
>A genbg n=5+16 e=30:30 d=4:0 D=8:3  class=10/200
>Z 69197 graphs generated in 18.58 sec
>F 69197 cores checked in 153.35 sec
>A genbg n=5+16 e=30:30 d=4:0 D=8:3  class=11/200
>Z 69872 graphs generated in 18.60 sec
>F 69872 cores checked in 116.08 sec
>A genbg n=5+16 e=30:30 d=4:0 D=8:3  class=12/200
>Z 67935 graphs generated in 18.54 sec
>F 67935 cores checked in 109.45 sec
>A genbg n=5+16 e=30:30 d=4:0 D=8:3  class=13/200
>Z 68481 graphs generated in 18.50 sec
>F 68481 cores checked in 76.52 sec
>A genbg n=5+16 e=30:30 d=4:0 D=8:3  class=14/200
>Z 71032 graphs generated in 18.58 sec
>F 71032 cores checked in 134.76 sec
>A genbg n=5+16 e=30:30 d=4:0 D=8:3  class=15/200
>Z 69395 graphs generated in 18.56 sec
>F 69395 cores checked in 114.03 sec
>A genbg n=5+16 e=30:30 d=4:0 D=8:3  class=16/200
>Z 69018 graphs generated in 18.55 sec
>F 69018 cores checked in 79.48 sec
>A genbg n=5+16 e=30:30 d=4:0 D=8:3  class=17/200
>Z 67885 graphs generated in 18.54 sec
>F 67885 cores checked in 232.42 sec
>A genbg n=5+16 e=30:30 d=4:0 D=8:3  class=18/200
>Z 68952 graphs generated in 18.55 sec
>F 68952 cores checked in 155.97 sec
>A genbg n=5+16 e=30:30 d=4:0 D=8:3  class=19/200
>Z 68892 graphs generated in 18.60 sec
>F 68892 cores checked in 99.49 sec
>A genbg n=5+16 e=30:30 d=4:0 D=8:3  class=20/200
>Z 69449 graphs generated in 18.59 sec
>F 69449 cores checked in 61.14 sec
>A genbg n=5+16 e=30:30 d=4:0 D=8:3  class=21/200
>Z 68877 graphs generated in 18.57 sec
>F 68877 cores checked in 250.16 sec
>A genbg n=5+16 e=30:30 d=4:0 D=8:3  class=22/200
>Z 67985 graphs generated in 18.57 sec
>F 67985 cores checked in 338.94 sec
>A genbg n=5+16 e=30:30 d=4:0 D=8:3  class=23/200
>Z 67650 graphs generated in 18.52 sec
>F 67650 cores checked in 74.50 sec
>A genbg n=5+16 e=30:30 d=4:0 D=8:3  class=24/200
>Z 70430 graphs generated in 18.59 sec
>F 70430 cores checked in 110.46 sec
>A genbg n=5+16 e=30:30 d=4:0 D=8:3  class=25/200
>Z 71092 graphs generated in 18.60 sec
>F 71092 cores checked in 122.42 sec
>A genbg n=5+16 e=30:30 d=4:0 D=8:3  class=26/200
>Z 69005 graphs generated in 18.56 sec
>F 69005 cores checked in 132.87 sec
>A genbg n=5+16 e=30:30 d=4:0 D=8:3  class=27/200
>Z 69941 graphs generated in 18.62 sec
>F 69941 cores checked in 109.17 sec
>A genbg n=5+16 e=30:30 d=4:0 D=8:3  class=28/200
>Z 68681 graphs generated in 18.58 sec
>F 68681 cores checked in 431.01 sec
>A genbg n=5+16 e=30:30 d=4:0 D=8:3  class=29/200
>Z 69018 graphs generated in 18.60 sec
>F 69018 cores checked in 145.89 sec
>A genbg n=5+16 e=30:30 d=4:0 D=8:3  class=30/200
>Z 69500 graphs generated in 18.62 sec
>F 69500 cores checked in 121.47 sec
>A genbg n=5+16 e=30:30 d=4:0 D=8:3  class=31/200
>Z 69028 graphs generated in 18.57 sec
>F 69028 cores checked in 85.20 sec
>A genbg n=5+16 e=30:30 d=4:0 D=8:3  class=32/200
>Z 66865 graphs generated in 19.36 sec
>F 66865 cores checked in 178.36 sec
>A genbg n=5+16 e=30:30 d=4:0 D=8:3  class=33/200
>Z 67678 graphs generated in 18.57 sec
>F 67678 cores checked in 91.57 sec
>A genbg n=5+16 e=30:30 d=4:0 D=8:3  class=34/200
>Z 68000 graphs generated in 18.55 sec
>F 68000 cores checked in 139.42 sec
>A genbg n=5+16 e=30:30 d=4:0 D=8:3  class=35/200
>Z 69011 graphs generated in 18.61 sec
>F 69011 cores checked in 202.63 sec
>A genbg n=5+16 e=30:30 d=4:0 D=8:3  class=36/200
>Z 67759 graphs generated in 18.57 sec
>F 67759 cores checked in 166.53 sec
>A genbg n=5+16 e=30:30 d=4:0 D=8:3  class=37/200
>Z 69533 graphs generated in 19.57 sec
>F 69533 cores checked in 199.26 sec
>A genbg n=5+16 e=30:30 d=4:0 D=8:3  class=38/200
>Z 68420 graphs generated in 18.59 sec
>F 68420 cores checked in 129.09 sec
>A genbg n=5+16 e=30:30 d=4:0 D=8:3  class=39/200
>Z 68332 graphs generated in 18.55 sec
>F 68332 cores checked in 241.60 sec
>A genbg n=5+16 e=30:30 d=4:0 D=8:3  class=40/200
>Z 68112 graphs generated in 18.57 sec
>F 68112 cores checked in 131.58 sec
>A genbg n=5+16 e=30:30 d=4:0 D=8:3  class=41/200
>Z 69369 graphs generated in 18.60 sec
>F 69369 cores checked in 174.79 sec
>A genbg n=5+16 e=30:30 d=4:0 D=8:3  class=42/200
>Z 68536 graphs generated in 18.59 sec
>F 68536 cores checked in 144.53 sec
>A genbg n=5+16 e=30:30 d=4:0 D=8:3  class=43/200
>Z 66587 graphs generated in 18.48 sec
>F 66587 cores checked in 159.69 sec
>A genbg n=5+16 e=30:30 d=4:0 D=8:3  class=44/200
>Z 69653 graphs generated in 18.62 sec
>F 69653 cores checked in 122.15 sec
>A genbg n=5+16 e=30:30 d=4:0 D=8:3  class=45/200
>Z 68426 graphs generated in 18.62 sec
>F 68426 cores checked in 153.73 sec
>A genbg n=5+16 e=30:30 d=4:0 D=8:3  class=46/200
>Z 67996 graphs generated in 18.56 sec
>F 67996 cores checked in 92.56 sec
>A genbg n=5+16 e=30:30 d=4:0 D=8:3  class=47/200
>Z 68498 graphs generated in 18.58 sec
>F 68498 cores checked in 104.62 sec
>A genbg n=5+16 e=30:30 d=4:0 D=8:3  class=48/200
>Z 69417 graphs generated in 18.58 sec
>F 69417 cores checked in 160.70 sec
>A genbg n=5+16 e=30:30 d=4:0 D=8:3  class=49/200
>Z 69072 graphs generated in 18.56 sec
>F 69072 cores checked in 98.78 sec
>A genbg n=5+16 e=30:30 d=4:0 D=8:3  class=50/200
>Z 69703 graphs generated in 18.56 sec
>F 69703 cores checked in 156.57 sec
>A genbg n=5+16 e=30:30 d=4:0 D=8:3  class=51/200
>Z 68073 graphs generated in 18.55 sec
>F 68073 cores checked in 202.22 sec
>A genbg n=5+16 e=30:30 d=4:0 D=8:3  class=52/200
>Z 67749 graphs generated in 18.56 sec
>F 67749 cores checked in 108.78 sec
>A genbg n=5+16 e=30:30 d=4:0 D=8:3  class=53/200
>Z 70095 graphs generated in 18.59 sec
>F 70095 cores checked in 114.87 sec
>A genbg n=5+16 e=30:30 d=4:0 D=8:3  class=54/200
>Z 70287 graphs generated in 18.49 sec
>F 70287 cores checked in 135.78 sec
>A genbg n=5+16 e=30:30 d=4:0 D=8:3  class=55/200
>Z 69653 graphs generated in 18.59 sec
>F 69653 cores checked in 315.20 sec
>A genbg n=5+16 e=30:30 d=4:0 D=8:3  class=56/200
>Z 68597 graphs generated in 18.57 sec
>F 68597 cores checked in 156.43 sec
>A genbg n=5+16 e=30:30 d=4:0 D=8:3  class=57/200
>Z 69529 graphs generated in 18.56 sec
>F 69529 cores checked in 141.07 sec
>A genbg n=5+16 e=30:30 d=4:0 D=8:3  class=58/200
>Z 69596 graphs generated in 18.58 sec
>F 69596 cores checked in 221.26 sec
>A genbg n=5+16 e=30:30 d=4:0 D=8:3  class=59/200
>Z 70935 graphs generated in 18.63 sec
>F 70935 cores checked in 255.39 sec
>A genbg n=5+16 e=30:30 d=4:0 D=8:3  class=60/200
>Z 69973 graphs generated in 18.62 sec
>F 69973 cores checked in 164.34 sec
>A genbg n=5+16 e=30:30 d=4:0 D=8:3  class=61/200
>Z 71042 graphs generated in 18.61 sec
>F 71042 cores checked in 208.14 sec
>A genbg n=5+16 e=30:30 d=4:0 D=8:3  class=62/200
>Z 69124 graphs generated in 18.57 sec
>F 69124 cores checked in 195.59 sec
>A genbg n=5+16 e=30:30 d=4:0 D=8:3  class=63/200
>Z 69734 graphs generated in 18.64 sec
>F 69734 cores checked in 82.41 sec
>A genbg n=5+16 e=30:30 d=4:0 D=8:3  class=64/200
>Z 70581 graphs generated in 18.55 sec
>F 70581 cores checked in 136.86 sec
>A genbg n=5+16 e=30:30 d=4:0 D=8:3  class=65/200
>Z 66986 graphs generated in 18.54 sec
>F 66986 cores checked in 86.93 sec
>A genbg n=5+16 e=30:30 d=4:0 D=8:3  class=66/200
>Z 69287 graphs generated in 18.54 sec
>F 69287 cores checked in 224.03 sec
>A genbg n=5+16 e=30:30 d=4:0 D=8:3  class=67/200
>Z 70879 graphs generated in 18.54 sec
>F 70879 cores checked in 205.71 sec
>A genbg n=5+16 e=30:30 d=4:0 D=8:3  class=68/200
>Z 69000 graphs generated in 18.57 sec
>F 69000 cores checked in 350.01 sec
>A genbg n=5+16 e=30:30 d=4:0 D=8:3  class=69/200
>Z 68243 graphs generated in 18.55 sec
>F 68243 cores checked in 122.26 sec
>A genbg n=5+16 e=30:30 d=4:0 D=8:3  class=70/200
>Z 69510 graphs generated in 18.58 sec
>F 69510 cores checked in 167.94 sec
>A genbg n=5+16 e=30:30 d=4:0 D=8:3  class=71/200
>Z 68646 graphs generated in 18.54 sec
>F 68646 cores checked in 109.12 sec
>A genbg n=5+16 e=30:30 d=4:0 D=8:3  class=72/200
>Z 67135 graphs generated in 18.49 sec
>F 67135 cores checked in 225.79 sec
>A genbg n=5+16 e=30:30 d=4:0 D=8:3  class=73/200
>Z 69251 graphs generated in 18.56 sec
>F 69251 cores checked in 125.59 sec
>A genbg n=5+16 e=30:30 d=4:0 D=8:3  class=74/200
>Z 69587 graphs generated in 18.53 sec
>F 69587 cores checked in 206.57 sec
>A genbg n=5+16 e=30:30 d=4:0 D=8:3  class=75/200
>Z 68283 graphs generated in 18.56 sec
>F 68283 cores checked in 180.73 sec
>A genbg n=5+16 e=30:30 d=4:0 D=8:3  class=76/200
>Z 68365 graphs generated in 18.57 sec
>F 68365 cores checked in 197.87 sec
>A genbg n=5+16 e=30:30 d=4:0 D=8:3  class=77/200
>Z 71048 graphs generated in 18.59 sec
>F 71048 cores checked in 337.21 sec
>A genbg n=5+16 e=30:30 d=4:0 D=8:3  class=78/200
>Z 69119 graphs generated in 18.58 sec
>F 69119 cores checked in 108.78 sec
>A genbg n=5+16 e=30:30 d=4:0 D=8:3  class=79/200
>Z 70623 graphs generated in 18.60 sec
>F 70623 cores checked in 197.39 sec
>A genbg n=5+16 e=30:30 d=4:0 D=8:3  class=80/200
>Z 70175 graphs generated in 18.57 sec
>F 70175 cores checked in 225.91 sec
>A genbg n=5+16 e=30:30 d=4:0 D=8:3  class=81/200
>Z 69524 graphs generated in 18.58 sec
>F 69524 cores checked in 170.42 sec
>A genbg n=5+16 e=30:30 d=4:0 D=8:3  class=82/200
>Z 68119 graphs generated in 18.57 sec
>F 68119 cores checked in 149.98 sec
>A genbg n=5+16 e=30:30 d=4:0 D=8:3  class=83/200
>Z 68878 graphs generated in 18.56 sec
>F 68878 cores checked in 210.74 sec
>A genbg n=5+16 e=30:30 d=4:0 D=8:3  class=84/200
>Z 70825 graphs generated in 18.53 sec
>F 70825 cores checked in 188.84 sec
>A genbg n=5+16 e=30:30 d=4:0 D=8:3  class=85/200
>Z 70870 graphs generated in 18.49 sec
>F 70870 cores checked in 320.95 sec
>A genbg n=5+16 e=30:30 d=4:0 D=8:3  class=86/200
>Z 71099 graphs generated in 18.56 sec
>F 71099 cores checked in 133.90 sec
>A genbg n=5+16 e=30:30 d=4:0 D=8:3  class=87/200
>Z 69970 graphs generated in 18.60 sec
>F 69970 cores checked in 207.45 sec
>A genbg n=5+16 e=30:30 d=4:0 D=8:3  class=88/200
>Z 67546 graphs generated in 18.50 sec
>F 67546 cores checked in 179.42 sec
>A genbg n=5+16 e=30:30 d=4:0 D=8:3  class=89/200
>Z 68849 graphs generated in 19.30 sec
>F 68849 cores checked in 156.61 sec
>A genbg n=5+16 e=30:30 d=4:0 D=8:3  class=90/200
>Z 69736 graphs generated in 18.60 sec
>F 69736 cores checked in 109.78 sec
>A genbg n=5+16 e=30:30 d=4:0 D=8:3  class=91/200
>Z 68436 graphs generated in 18.57 sec
>F 68436 cores checked in 139.00 sec
>A genbg n=5+16 e=30:30 d=4:0 D=8:3  class=92/200
>Z 68708 graphs generated in 18.54 sec
>F 68708 cores checked in 53.68 sec
>A genbg n=5+16 e=30:30 d=4:0 D=8:3  class=93/200
>Z 68084 graphs generated in 18.53 sec
>F 68084 cores checked in 83.96 sec
>A genbg n=5+16 e=30:30 d=4:0 D=8:3  class=94/200
>Z 70301 graphs generated in 18.57 sec
>F 70301 cores checked in 224.35 sec
>A genbg n=5+16 e=30:30 d=4:0 D=8:3  class=95/200
>Z 67645 graphs generated in 18.51 sec
>F 67645 cores checked in 348.87 sec
>A genbg n=5+16 e=30:30 d=4:0 D=8:3  class=96/200
>Z 69318 graphs generated in 18.48 sec
>F 69318 cores checked in 242.85 sec
>A genbg n=5+16 e=30:30 d=4:0 D=8:3  class=97/200
>Z 69317 graphs generated in 18.59 sec
>F 69317 cores checked in 152.98 sec
>A genbg n=5+16 e=30:30 d=4:0 D=8:3  class=98/200
>Z 68404 graphs generated in 18.53 sec
>F 68404 cores checked in 114.61 sec
>A genbg n=5+16 e=30:30 d=4:0 D=8:3  class=99/200
>Z 68378 graphs generated in 18.50 sec
>F 68378 cores checked in 138.08 sec
>A genbg n=5+16 e=30:30 d=4:0 D=8:3  class=100/200
>Z 69875 graphs generated in 18.55 sec
>F 69875 cores checked in 90.92 sec
>A genbg n=5+16 e=30:30 d=4:0 D=8:3  class=101/200
>Z 70803 graphs generated in 18.51 sec
>F 70803 cores checked in 197.39 sec
>A genbg n=5+16 e=30:30 d=4:0 D=8:3  class=102/200
>Z 68038 graphs generated in 18.54 sec
>F 68038 cores checked in 110.61 sec
>A genbg n=5+16 e=30:30 d=4:0 D=8:3  class=103/200
>Z 68452 graphs generated in 18.54 sec
>F 68452 cores checked in 122.26 sec
>A genbg n=5+16 e=30:30 d=4:0 D=8:3  class=104/200
>Z 69731 graphs generated in 18.54 sec
>F 69731 cores checked in 118.57 sec
>A genbg n=5+16 e=30:30 d=4:0 D=8:3  class=105/200
>Z 69492 graphs generated in 18.53 sec
>F 69492 cores checked in 181.67 sec
>A genbg n=5+16 e=30:30 d=4:0 D=8:3  class=106/200
>Z 67916 graphs generated in 18.59 sec
>F 67916 cores checked in 3504.33 sec
>A genbg n=5+16 e=30:30 d=4:0 D=8:3  class=107/200
>Z 70121 graphs generated in 18.54 sec
>F 70121 cores checked in 162.24 sec
>A genbg n=5+16 e=30:30 d=4:0 D=8:3  class=108/200
>Z 70893 graphs generated in 18.59 sec
>F 70893 cores checked in 143.64 sec
>A genbg n=5+16 e=30:30 d=4:0 D=8:3  class=109/200
>Z 68463 graphs generated in 18.51 sec
>F 68463 cores checked in 141.75 sec
>A genbg n=5+16 e=30:30 d=4:0 D=8:3  class=110/200
>Z 69295 graphs generated in 18.52 sec
>F 69295 cores checked in 203.88 sec
>A genbg n=5+16 e=30:30 d=4:0 D=8:3  class=111/200
>Z 69969 graphs generated in 18.53 sec
>F 69969 cores checked in 156.93 sec
>A genbg n=5+16 e=30:30 d=4:0 D=8:3  class=112/200
>Z 69395 graphs generated in 18.62 sec
>F 69395 cores checked in 193.72 sec
>A genbg n=5+16 e=30:30 d=4:0 D=8:3  class=113/200
>Z 69609 graphs generated in 18.57 sec
>F 69609 cores checked in 98.74 sec
>A genbg n=5+16 e=30:30 d=4:0 D=8:3  class=114/200
>Z 71033 graphs generated in 18.50 sec
>F 71033 cores checked in 90.98 sec
>A genbg n=5+16 e=30:30 d=4:0 D=8:3  class=115/200
>Z 71413 graphs generated in 18.58 sec
>F 71413 cores checked in 44.72 sec
>A genbg n=5+16 e=30:30 d=4:0 D=8:3  class=116/200
>Z 69369 graphs generated in 18.57 sec
>F 69369 cores checked in 185.23 sec
>A genbg n=5+16 e=30:30 d=4:0 D=8:3  class=117/200
>Z 69059 graphs generated in 18.53 sec
>F 69059 cores checked in 87.01 sec
>A genbg n=5+16 e=30:30 d=4:0 D=8:3  class=118/200
>Z 69407 graphs generated in 18.59 sec
>F 69407 cores checked in 69.54 sec
>A genbg n=5+16 e=30:30 d=4:0 D=8:3  class=119/200
>Z 71111 graphs generated in 18.57 sec
>F 71111 cores checked in 89.80 sec
>A genbg n=5+16 e=30:30 d=4:0 D=8:3  class=120/200
>Z 68860 graphs generated in 18.41 sec
>F 68860 cores checked in 87.07 sec
>A genbg n=5+16 e=30:30 d=4:0 D=8:3  class=121/200
>Z 71089 graphs generated in 18.58 sec
>F 71089 cores checked in 161.47 sec
>A genbg n=5+16 e=30:30 d=4:0 D=8:3  class=122/200
>Z 70236 graphs generated in 18.56 sec
>F 70236 cores checked in 145.91 sec
>A genbg n=5+16 e=30:30 d=4:0 D=8:3  class=123/200
>Z 69160 graphs generated in 18.57 sec
>F 69160 cores checked in 320.48 sec
>A genbg n=5+16 e=30:30 d=4:0 D=8:3  class=124/200
>Z 68919 graphs generated in 18.54 sec
>F 68919 cores checked in 134.90 sec
>A genbg n=5+16 e=30:30 d=4:0 D=8:3  class=125/200
>Z 72697 graphs generated in 18.58 sec
>F 72697 cores checked in 245.06 sec
>A genbg n=5+16 e=30:30 d=4:0 D=8:3  class=126/200
>Z 70232 graphs generated in 18.55 sec
>F 70232 cores checked in 319.39 sec
>A genbg n=5+16 e=30:30 d=4:0 D=8:3  class=127/200
>Z 71894 graphs generated in 18.71 sec
>F 71894 cores checked in 136.52 sec
>A genbg n=5+16 e=30:30 d=4:0 D=8:3  class=128/200
>Z 67658 graphs generated in 18.49 sec
>F 67658 cores checked in 82.70 sec
>A genbg n=5+16 e=30:30 d=4:0 D=8:3  class=129/200
>Z 69169 graphs generated in 18.45 sec
>F 69169 cores checked in 266.33 sec
>A genbg n=5+16 e=30:30 d=4:0 D=8:3  class=130/200
>Z 68802 graphs generated in 18.54 sec
>F 68802 cores checked in 211.66 sec
>A genbg n=5+16 e=30:30 d=4:0 D=8:3  class=131/200
>Z 69693 graphs generated in 18.54 sec
>F 69693 cores checked in 189.80 sec
>A genbg n=5+16 e=30:30 d=4:0 D=8:3  class=132/200
>Z 66966 graphs generated in 18.48 sec
>F 66966 cores checked in 219.85 sec
>A genbg n=5+16 e=30:30 d=4:0 D=8:3  class=133/200
>Z 67768 graphs generated in 18.45 sec
>F 67768 cores checked in 134.94 sec
>A genbg n=5+16 e=30:30 d=4:0 D=8:3  class=134/200
>Z 69069 graphs generated in 18.51 sec
>F 69069 cores checked in 122.89 sec
>A genbg n=5+16 e=30:30 d=4:0 D=8:3  class=135/200
>Z 67441 graphs generated in 18.57 sec
>F 67441 cores checked in 141.59 sec
>A genbg n=5+16 e=30:30 d=4:0 D=8:3  class=136/200
>Z 68185 graphs generated in 18.53 sec
>F 68185 cores checked in 166.86 sec
>A genbg n=5+16 e=30:30 d=4:0 D=8:3  class=137/200
>Z 69549 graphs generated in 18.57 sec
>F 69549 cores checked in 92.28 sec
>A genbg n=5+16 e=30:30 d=4:0 D=8:3  class=138/200
>Z 67859 graphs generated in 18.57 sec
>F 67859 cores checked in 92.17 sec
>A genbg n=5+16 e=30:30 d=4:0 D=8:3  class=139/200
>Z 68812 graphs generated in 18.55 sec
>F 68812 cores checked in 222.38 sec
>A genbg n=5+16 e=30:30 d=4:0 D=8:3  class=140/200
>Z 66700 graphs generated in 18.50 sec
>F 66700 cores checked in 97.35 sec
>A genbg n=5+16 e=30:30 d=4:0 D=8:3  class=141/200
>Z 68239 graphs generated in 18.50 sec
>F 68239 cores checked in 214.36 sec
>A genbg n=5+16 e=30:30 d=4:0 D=8:3  class=142/200
>Z 67061 graphs generated in 18.54 sec
>F 67061 cores checked in 128.96 sec
>A genbg n=5+16 e=30:30 d=4:0 D=8:3  class=143/200
>Z 67550 graphs generated in 18.53 sec
>F 67550 cores checked in 156.74 sec
>A genbg n=5+16 e=30:30 d=4:0 D=8:3  class=144/200
>Z 69920 graphs generated in 18.56 sec
>F 69920 cores checked in 157.09 sec
>A genbg n=5+16 e=30:30 d=4:0 D=8:3  class=145/200
>Z 69674 graphs generated in 18.59 sec
>F 69674 cores checked in 287.89 sec
>A genbg n=5+16 e=30:30 d=4:0 D=8:3  class=146/200
>Z 69348 graphs generated in 18.56 sec
>F 69348 cores checked in 131.59 sec
>A genbg n=5+16 e=30:30 d=4:0 D=8:3  class=147/200
>Z 70467 graphs generated in 18.55 sec
>F 70467 cores checked in 140.43 sec
>A genbg n=5+16 e=30:30 d=4:0 D=8:3  class=148/200
>Z 69636 graphs generated in 18.52 sec
>F 69636 cores checked in 261.32 sec
>A genbg n=5+16 e=30:30 d=4:0 D=8:3  class=149/200
>Z 66934 graphs generated in 18.54 sec
>F 66934 cores checked in 180.22 sec
>A genbg n=5+16 e=30:30 d=4:0 D=8:3  class=150/200
>Z 65727 graphs generated in 18.50 sec
>F 65727 cores checked in 235.52 sec
>A genbg n=5+16 e=30:30 d=4:0 D=8:3  class=151/200
>Z 67132 graphs generated in 18.51 sec
>F 67132 cores checked in 507.28 sec
>A genbg n=5+16 e=30:30 d=4:0 D=8:3  class=152/200
>Z 67567 graphs generated in 18.54 sec
>F 67567 cores checked in 46.35 sec
>A genbg n=5+16 e=30:30 d=4:0 D=8:3  class=153/200
>Z 68580 graphs generated in 18.59 sec
>F 68580 cores checked in 155.70 sec
>A genbg n=5+16 e=30:30 d=4:0 D=8:3  class=154/200
>Z 69806 graphs generated in 18.54 sec
>F 69806 cores checked in 242.88 sec
>A genbg n=5+16 e=30:30 d=4:0 D=8:3  class=155/200
>Z 67567 graphs generated in 18.55 sec
>F 67567 cores checked in 86.62 sec
>A genbg n=5+16 e=30:30 d=4:0 D=8:3  class=156/200
>Z 66587 graphs generated in 18.55 sec
>F 66587 cores checked in 136.80 sec
>A genbg n=5+16 e=30:30 d=4:0 D=8:3  class=157/200
>Z 68732 graphs generated in 18.54 sec
>F 68732 cores checked in 370.71 sec
>A genbg n=5+16 e=30:30 d=4:0 D=8:3  class=158/200
>Z 68760 graphs generated in 18.58 sec
>F 68760 cores checked in 124.16 sec
>A genbg n=5+16 e=30:30 d=4:0 D=8:3  class=159/200
>Z 69881 graphs generated in 18.56 sec
>F 69881 cores checked in 156.95 sec
>A genbg n=5+16 e=30:30 d=4:0 D=8:3  class=160/200
>Z 68866 graphs generated in 18.51 sec
>F 68866 cores checked in 202.58 sec
>A genbg n=5+16 e=30:30 d=4:0 D=8:3  class=161/200
>Z 68670 graphs generated in 18.59 sec
>F 68670 cores checked in 55.24 sec
>A genbg n=5+16 e=30:30 d=4:0 D=8:3  class=162/200
>Z 67278 graphs generated in 18.53 sec
>F 67278 cores checked in 229.41 sec
>A genbg n=5+16 e=30:30 d=4:0 D=8:3  class=163/200
>Z 69186 graphs generated in 18.56 sec
>F 69186 cores checked in 261.19 sec
>A genbg n=5+16 e=30:30 d=4:0 D=8:3  class=164/200
>Z 70214 graphs generated in 18.59 sec
>F 70214 cores checked in 128.93 sec
>A genbg n=5+16 e=30:30 d=4:0 D=8:3  class=165/200
>Z 69562 graphs generated in 18.53 sec
>F 69562 cores checked in 160.95 sec
>A genbg n=5+16 e=30:30 d=4:0 D=8:3  class=166/200
>Z 69394 graphs generated in 18.52 sec
>F 69394 cores checked in 87.36 sec
>A genbg n=5+16 e=30:30 d=4:0 D=8:3  class=167/200
>Z 69312 graphs generated in 18.57 sec
>F 69312 cores checked in 169.86 sec
>A genbg n=5+16 e=30:30 d=4:0 D=8:3  class=168/200
>Z 70022 graphs generated in 18.58 sec
>F 70022 cores checked in 374.77 sec
>A genbg n=5+16 e=30:30 d=4:0 D=8:3  class=169/200
>Z 70113 graphs generated in 18.52 sec
>F 70113 cores checked in 440.45 sec
>A genbg n=5+16 e=30:30 d=4:0 D=8:3  class=170/200
>Z 70404 graphs generated in 18.57 sec
>F 70404 cores checked in 394.24 sec
>A genbg n=5+16 e=30:30 d=4:0 D=8:3  class=171/200
>Z 70007 graphs generated in 18.51 sec
>F 70007 cores checked in 180.92 sec
>A genbg n=5+16 e=30:30 d=4:0 D=8:3  class=172/200
>Z 69086 graphs generated in 18.58 sec
>F 69086 cores checked in 179.85 sec
>A genbg n=5+16 e=30:30 d=4:0 D=8:3  class=173/200
>Z 69982 graphs generated in 18.55 sec
>F 69982 cores checked in 236.12 sec
>A genbg n=5+16 e=30:30 d=4:0 D=8:3  class=174/200
>Z 69652 graphs generated in 18.54 sec
>F 69652 cores checked in 140.57 sec
>A genbg n=5+16 e=30:30 d=4:0 D=8:3  class=175/200
>Z 68831 graphs generated in 18.55 sec
>F 68831 cores checked in 215.07 sec
>A genbg n=5+16 e=30:30 d=4:0 D=8:3  class=176/200
>Z 68223 graphs generated in 18.47 sec
>F 68223 cores checked in 170.07 sec
>A genbg n=5+16 e=30:30 d=4:0 D=8:3  class=177/200
>Z 68780 graphs generated in 18.55 sec
>F 68780 cores checked in 268.03 sec
>A genbg n=5+16 e=30:30 d=4:0 D=8:3  class=178/200
>Z 69429 graphs generated in 18.62 sec
>F 69429 cores checked in 156.54 sec
>A genbg n=5+16 e=30:30 d=4:0 D=8:3  class=179/200
>Z 68760 graphs generated in 18.56 sec
>F 68760 cores checked in 173.36 sec
>A genbg n=5+16 e=30:30 d=4:0 D=8:3  class=180/200
>Z 70953 graphs generated in 18.50 sec
>F 70953 cores checked in 195.70 sec
>A genbg n=5+16 e=30:30 d=4:0 D=8:3  class=181/200
>Z 70319 graphs generated in 18.56 sec
>F 70319 cores checked in 179.48 sec
>A genbg n=5+16 e=30:30 d=4:0 D=8:3  class=182/200
>Z 68327 graphs generated in 18.57 sec
>F 68327 cores checked in 213.84 sec
>A genbg n=5+16 e=30:30 d=4:0 D=8:3  class=183/200
>Z 68481 graphs generated in 18.58 sec
>F 68481 cores checked in 230.29 sec
>A genbg n=5+16 e=30:30 d=4:0 D=8:3  class=184/200
>Z 69597 graphs generated in 18.57 sec
>F 69597 cores checked in 114.52 sec
>A genbg n=5+16 e=30:30 d=4:0 D=8:3  class=185/200
>Z 68791 graphs generated in 18.52 sec
>F 68791 cores checked in 132.73 sec
>A genbg n=5+16 e=30:30 d=4:0 D=8:3  class=186/200
>Z 70216 graphs generated in 18.59 sec
>F 70216 cores checked in 75.92 sec
>A genbg n=5+16 e=30:30 d=4:0 D=8:3  class=187/200
>Z 70637 graphs generated in 18.57 sec
>F 70637 cores checked in 96.54 sec
>A genbg n=5+16 e=30:30 d=4:0 D=8:3  class=188/200
>Z 69046 graphs generated in 18.54 sec
>F 69046 cores checked in 119.94 sec
>A genbg n=5+16 e=30:30 d=4:0 D=8:3  class=189/200
>Z 69724 graphs generated in 18.51 sec
>F 69724 cores checked in 223.41 sec
>A genbg n=5+16 e=30:30 d=4:0 D=8:3  class=190/200
>Z 70293 graphs generated in 18.48 sec
>F 70293 cores checked in 269.55 sec
>A genbg n=5+16 e=30:30 d=4:0 D=8:3  class=191/200
>Z 69147 graphs generated in 18.54 sec
>F 69147 cores checked in 141.91 sec
>A genbg n=5+16 e=30:30 d=4:0 D=8:3  class=192/200
>Z 70559 graphs generated in 18.52 sec
>F 70559 cores checked in 119.01 sec
>A genbg n=5+16 e=30:30 d=4:0 D=8:3  class=193/200
>Z 70271 graphs generated in 18.56 sec
>F 70271 cores checked in 110.32 sec
>A genbg n=5+16 e=30:30 d=4:0 D=8:3  class=194/200
>Z 71899 graphs generated in 18.54 sec
>F 71899 cores checked in 145.76 sec
>A genbg n=5+16 e=30:30 d=4:0 D=8:3  class=195/200
>Z 70789 graphs generated in 18.55 sec
>F 70789 cores checked in 146.38 sec
>A genbg n=5+16 e=30:30 d=4:0 D=8:3  class=196/200
>Z 69630 graphs generated in 18.57 sec
>F 69630 cores checked in 180.77 sec
>A genbg n=5+16 e=30:30 d=4:0 D=8:3  class=197/200
>Z 70638 graphs generated in 18.48 sec
>F 70638 cores checked in 171.79 sec
>A genbg n=5+16 e=30:30 d=4:0 D=8:3  class=198/200
>Z 69180 graphs generated in 18.55 sec
>F 69180 cores checked in 147.46 sec
>A genbg n=5+16 e=30:30 d=4:0 D=8:3  class=199/200
>Z 68804 graphs generated in 18.51 sec
>F 68804 cores checked in 151.28 sec



=== Total number of graphs generated: 13836163
=== Total number of graphs checked: 13836163
=== Total time for generation: 3714.48 seconds
=== Total time for checking: 37195.80 seconds
=== Total number of exceptional graphs: 0

