=== Log file for genbg_-d4:0_-D8:3_4_16_26:26



>A genbg n=4+16 e=26:26 d=4:0 D=8:3  class=0/200
>Z 503 graphs generated in 0.62 sec
>F 503 cores checked in 0.13 sec
>A genbg n=4+16 e=26:26 d=4:0 D=8:3  class=1/200
>Z 493 graphs generated in 0.62 sec
>F 493 cores checked in 6.56 sec
>A genbg n=4+16 e=26:26 d=4:0 D=8:3  class=2/200
>Z 476 graphs generated in 0.69 sec
>F 476 cores checked in 0.12 sec
>A genbg n=4+16 e=26:26 d=4:0 D=8:3  class=3/200
>Z 546 graphs generated in 0.99 sec
>F 546 cores checked in 0.14 sec
>A genbg n=4+16 e=26:26 d=4:0 D=8:3  class=4/200
>Z 404 graphs generated in 0.98 sec
>F 404 cores checked in 0.11 sec
>A genbg n=4+16 e=26:26 d=4:0 D=8:3  class=5/200
>Z 453 graphs generated in 0.67 sec
>F 453 cores checked in 0.11 sec
>A genbg n=4+16 e=26:26 d=4:0 D=8:3  class=6/200
>Z 487 graphs generated in 0.95 sec
>F 487 cores checked in 104.46 sec
>A genbg n=4+16 e=26:26 d=4:0 D=8:3  class=7/200
>Z 439 graphs generated in 0.69 sec
>F 439 cores checked in 46.24 sec
>A genbg n=4+16 e=26:26 d=4:0 D=8:3  class=8/200
>Z 458 graphs generated in 0.62 sec
>F 458 cores checked in 0.12 sec
>A genbg n=4+16 e=26:26 d=4:0 D=8:3  class=9/200
>Z 514 graphs generated in 0.99 sec
>F 514 cores checked in 0.13 sec
>A genbg n=4+16 e=26:26 d=4:0 D=8:3  class=10/200
>Z 427 graphs generated in 0.81 sec
>F 427 cores checked in 0.11 sec
>A genbg n=4+16 e=26:26 d=4:0 D=8:3  class=11/200
>Z 446 graphs generated in 0.99 sec
>F 446 cores checked in 0.11 sec
>A genbg n=4+16 e=26:26 d=4:0 D=8:3  class=12/200
>Z 396 graphs generated in 0.60 sec
>F 396 cores checked in 105.11 sec
>A genbg n=4+16 e=26:26 d=4:0 D=8:3  class=13/200
>Z 380 graphs generated in 0.99 sec
>F 380 cores checked in 0.10 sec
>A genbg n=4+16 e=26:26 d=4:0 D=8:3  class=14/200
>Z 401 graphs generated in 0.62 sec
>F 401 cores checked in 0.10 sec
>A genbg n=4+16 e=26:26 d=4:0 D=8:3  class=15/200
>Z 458 graphs generated in 0.71 sec
>F 458 cores checked in 0.12 sec
>A genbg n=4+16 e=26:26 d=4:0 D=8:3  class=16/200
>Z 497 graphs generated in 1.00 sec
>F 497 cores checked in 0.13 sec
>A genbg n=4+16 e=26:26 d=4:0 D=8:3  class=17/200
>Z 440 graphs generated in 0.64 sec
>F 440 cores checked in 0.12 sec
>A genbg n=4+16 e=26:26 d=4:0 D=8:3  class=18/200
>Z 483 graphs generated in 0.99 sec
>F 483 cores checked in 0.12 sec
>A genbg n=4+16 e=26:26 d=4:0 D=8:3  class=19/200
>Z 411 graphs generated in 0.62 sec
>F 411 cores checked in 0.10 sec
>A genbg n=4+16 e=26:26 d=4:0 D=8:3  class=20/200
>Z 482 graphs generated in 0.99 sec
>F 482 cores checked in 0.12 sec
>A genbg n=4+16 e=26:26 d=4:0 D=8:3  class=21/200
>Z 486 graphs generated in 0.79 sec
>F 486 cores checked in 213.13 sec
>A genbg n=4+16 e=26:26 d=4:0 D=8:3  class=22/200
>Z 480 graphs generated in 0.99 sec
>F 480 cores checked in 0.11 sec
>A genbg n=4+16 e=26:26 d=4:0 D=8:3  class=23/200
>Z 470 graphs generated in 0.59 sec
>F 470 cores checked in 0.12 sec
>A genbg n=4+16 e=26:26 d=4:0 D=8:3  class=24/200
>Z 457 graphs generated in 0.79 sec
>F 457 cores checked in 0.12 sec
>A genbg n=4+16 e=26:26 d=4:0 D=8:3  class=25/200
>Z 467 graphs generated in 0.88 sec
>F 467 cores checked in 0.12 sec
>A genbg n=4+16 e=26:26 d=4:0 D=8:3  class=26/200
>Z 410 graphs generated in 0.63 sec
>F 410 cores checked in 0.11 sec
>A genbg n=4+16 e=26:26 d=4:0 D=8:3  class=27/200
>Z 442 graphs generated in 0.79 sec
>F 442 cores checked in 0.12 sec
>A genbg n=4+16 e=26:26 d=4:0 D=8:3  class=28/200
>Z 491 graphs generated in 0.99 sec
>F 491 cores checked in 0.13 sec
>A genbg n=4+16 e=26:26 d=4:0 D=8:3  class=29/200
>Z 412 graphs generated in 0.69 sec
>F 412 cores checked in 0.10 sec
>A genbg n=4+16 e=26:26 d=4:0 D=8:3  class=30/200
>Z 415 graphs generated in 0.99 sec
>F 415 cores checked in 0.11 sec
>A genbg n=4+16 e=26:26 d=4:0 D=8:3  class=31/200
>Z 442 graphs generated in 0.90 sec
>F 442 cores checked in 0.12 sec
>A genbg n=4+16 e=26:26 d=4:0 D=8:3  class=32/200
>Z 436 graphs generated in 0.64 sec
>F 436 cores checked in 0.11 sec
>A genbg n=4+16 e=26:26 d=4:0 D=8:3  class=33/200
>Z 404 graphs generated in 0.62 sec
>F 404 cores checked in 48.21 sec
>A genbg n=4+16 e=26:26 d=4:0 D=8:3  class=34/200
>Z 506 graphs generated in 0.62 sec
>F 506 cores checked in 0.13 sec
>A genbg n=4+16 e=26:26 d=4:0 D=8:3  class=35/200
>Z 474 graphs generated in 0.69 sec
>F 474 cores checked in 0.12 sec
>A genbg n=4+16 e=26:26 d=4:0 D=8:3  class=36/200
>Z 458 graphs generated in 0.99 sec
>F 458 cores checked in 0.13 sec
>A genbg n=4+16 e=26:26 d=4:0 D=8:3  class=37/200
>Z 481 graphs generated in 0.70 sec
>F 481 cores checked in 0.12 sec
>A genbg n=4+16 e=26:26 d=4:0 D=8:3  class=38/200
>Z 449 graphs generated in 0.70 sec
>F 449 cores checked in 0.12 sec
>A genbg n=4+16 e=26:26 d=4:0 D=8:3  class=39/200
>Z 489 graphs generated in 0.68 sec
>F 489 cores checked in 0.12 sec
>A genbg n=4+16 e=26:26 d=4:0 D=8:3  class=40/200
>Z 522 graphs generated in 0.79 sec
>F 522 cores checked in 0.12 sec
>A genbg n=4+16 e=26:26 d=4:0 D=8:3  class=41/200
>Z 438 graphs generated in 0.99 sec
>F 438 cores checked in 0.11 sec
>A genbg n=4+16 e=26:26 d=4:0 D=8:3  class=42/200
>Z 488 graphs generated in 0.89 sec
>F 488 cores checked in 0.12 sec
>A genbg n=4+16 e=26:26 d=4:0 D=8:3  class=43/200
>Z 453 graphs generated in 0.91 sec
>F 453 cores checked in 0.12 sec
>A genbg n=4+16 e=26:26 d=4:0 D=8:3  class=44/200
>Z 424 graphs generated in 0.89 sec
>F 424 cores checked in 0.11 sec
>A genbg n=4+16 e=26:26 d=4:0 D=8:3  class=45/200
>Z 474 graphs generated in 0.89 sec
>F 474 cores checked in 0.11 sec
>A genbg n=4+16 e=26:26 d=4:0 D=8:3  class=46/200
>Z 480 graphs generated in 1.00 sec
>F 480 cores checked in 0.12 sec
>A genbg n=4+16 e=26:26 d=4:0 D=8:3  class=47/200
>Z 440 graphs generated in 0.69 sec
>F 440 cores checked in 0.11 sec
>A genbg n=4+16 e=26:26 d=4:0 D=8:3  class=48/200
>Z 446 graphs generated in 0.87 sec
>F 446 cores checked in 0.12 sec
>A genbg n=4+16 e=26:26 d=4:0 D=8:3  class=49/200
>Z 438 graphs generated in 0.61 sec
>F 438 cores checked in 0.11 sec
>A genbg n=4+16 e=26:26 d=4:0 D=8:3  class=50/200
>Z 450 graphs generated in 0.99 sec
>F 450 cores checked in 51.59 sec
>A genbg n=4+16 e=26:26 d=4:0 D=8:3  class=51/200
>Z 514 graphs generated in 0.62 sec
>F 514 cores checked in 21.59 sec
>A genbg n=4+16 e=26:26 d=4:0 D=8:3  class=52/200
>Z 541 graphs generated in 0.71 sec
>F 541 cores checked in 0.14 sec
>A genbg n=4+16 e=26:26 d=4:0 D=8:3  class=53/200
>Z 491 graphs generated in 0.65 sec
>F 491 cores checked in 0.12 sec
>A genbg n=4+16 e=26:26 d=4:0 D=8:3  class=54/200
>Z 531 graphs generated in 0.87 sec
>F 531 cores checked in 0.14 sec
>A genbg n=4+16 e=26:26 d=4:0 D=8:3  class=55/200
>Z 505 graphs generated in 0.60 sec
>F 505 cores checked in 0.13 sec
>A genbg n=4+16 e=26:26 d=4:0 D=8:3  class=56/200
>Z 430 graphs generated in 0.64 sec
>F 430 cores checked in 0.11 sec
>A genbg n=4+16 e=26:26 d=4:0 D=8:3  class=57/200
>Z 457 graphs generated in 0.62 sec
>F 457 cores checked in 0.12 sec
>A genbg n=4+16 e=26:26 d=4:0 D=8:3  class=58/200
>Z 459 graphs generated in 0.83 sec
>F 459 cores checked in 0.12 sec
>A genbg n=4+16 e=26:26 d=4:0 D=8:3  class=59/200
>Z 417 graphs generated in 0.64 sec
>F 417 cores checked in 5.86 sec
>A genbg n=4+16 e=26:26 d=4:0 D=8:3  class=60/200
>Z 481 graphs generated in 0.99 sec
>F 481 cores checked in 0.13 sec
>A genbg n=4+16 e=26:26 d=4:0 D=8:3  class=61/200
>Z 472 graphs generated in 0.66 sec
>F 472 cores checked in 0.13 sec
>A genbg n=4+16 e=26:26 d=4:0 D=8:3  class=62/200
>Z 458 graphs generated in 0.79 sec
>F 458 cores checked in 0.11 sec
>A genbg n=4+16 e=26:26 d=4:0 D=8:3  class=63/200
>Z 479 graphs generated in 0.89 sec
>F 479 cores checked in 0.12 sec
>A genbg n=4+16 e=26:26 d=4:0 D=8:3  class=64/200
>Z 499 graphs generated in 1.00 sec
>F 499 cores checked in 0.13 sec
>A genbg n=4+16 e=26:26 d=4:0 D=8:3  class=65/200
>Z 450 graphs generated in 0.83 sec
>F 450 cores checked in 0.10 sec
>A genbg n=4+16 e=26:26 d=4:0 D=8:3  class=66/200
>Z 425 graphs generated in 0.68 sec
>F 425 cores checked in 0.11 sec
>A genbg n=4+16 e=26:26 d=4:0 D=8:3  class=67/200
>Z 496 graphs generated in 0.99 sec
>F 496 cores checked in 17.88 sec
>A genbg n=4+16 e=26:26 d=4:0 D=8:3  class=68/200
>Z 477 graphs generated in 0.88 sec
>F 477 cores checked in 0.12 sec
>A genbg n=4+16 e=26:26 d=4:0 D=8:3  class=69/200
>Z 457 graphs generated in 0.66 sec
>F 457 cores checked in 0.11 sec
>A genbg n=4+16 e=26:26 d=4:0 D=8:3  class=70/200
>Z 446 graphs generated in 0.67 sec
>F 446 cores checked in 0.12 sec
>A genbg n=4+16 e=26:26 d=4:0 D=8:3  class=71/200
>Z 475 graphs generated in 0.62 sec
>F 475 cores checked in 0.12 sec
>A genbg n=4+16 e=26:26 d=4:0 D=8:3  class=72/200
>Z 511 graphs generated in 0.63 sec
>F 511 cores checked in 0.13 sec
>A genbg n=4+16 e=26:26 d=4:0 D=8:3  class=73/200
>Z 472 graphs generated in 0.70 sec
>F 472 cores checked in 0.12 sec
>A genbg n=4+16 e=26:26 d=4:0 D=8:3  class=74/200
>Z 447 graphs generated in 0.85 sec
>F 447 cores checked in 0.12 sec
>A genbg n=4+16 e=26:26 d=4:0 D=8:3  class=75/200
>Z 475 graphs generated in 0.64 sec
>F 475 cores checked in 0.12 sec
>A genbg n=4+16 e=26:26 d=4:0 D=8:3  class=76/200
>Z 456 graphs generated in 0.99 sec
>F 456 cores checked in 0.12 sec
>A genbg n=4+16 e=26:26 d=4:0 D=8:3  class=77/200
>Z 490 graphs generated in 0.83 sec
>F 490 cores checked in 0.13 sec
>A genbg n=4+16 e=26:26 d=4:0 D=8:3  class=78/200
>Z 459 graphs generated in 0.99 sec
>F 459 cores checked in 1.90 sec
>A genbg n=4+16 e=26:26 d=4:0 D=8:3  class=79/200
>Z 561 graphs generated in 1.01 sec
>F 561 cores checked in 0.14 sec
>A genbg n=4+16 e=26:26 d=4:0 D=8:3  class=80/200
>Z 451 graphs generated in 0.73 sec
>F 451 cores checked in 0.12 sec
>A genbg n=4+16 e=26:26 d=4:0 D=8:3  class=81/200
>Z 401 graphs generated in 0.99 sec
>F 401 cores checked in 0.11 sec
>A genbg n=4+16 e=26:26 d=4:0 D=8:3  class=82/200
>Z 442 graphs generated in 0.69 sec
>F 442 cores checked in 0.11 sec
>A genbg n=4+16 e=26:26 d=4:0 D=8:3  class=83/200
>Z 513 graphs generated in 0.95 sec
>F 513 cores checked in 0.13 sec
>A genbg n=4+16 e=26:26 d=4:0 D=8:3  class=84/200
>Z 443 graphs generated in 0.71 sec
>F 443 cores checked in 0.11 sec
>A genbg n=4+16 e=26:26 d=4:0 D=8:3  class=85/200
>Z 455 graphs generated in 0.72 sec
>F 455 cores checked in 0.12 sec
>A genbg n=4+16 e=26:26 d=4:0 D=8:3  class=86/200
>Z 487 graphs generated in 0.90 sec
>F 487 cores checked in 0.13 sec
>A genbg n=4+16 e=26:26 d=4:0 D=8:3  class=87/200
>Z 435 graphs generated in 0.99 sec
>F 435 cores checked in 0.11 sec
>A genbg n=4+16 e=26:26 d=4:0 D=8:3  class=88/200
>Z 470 graphs generated in 0.72 sec
>F 470 cores checked in 0.12 sec
>A genbg n=4+16 e=26:26 d=4:0 D=8:3  class=89/200
>Z 549 graphs generated in 0.98 sec
>F 549 cores checked in 0.14 sec
>A genbg n=4+16 e=26:26 d=4:0 D=8:3  class=90/200
>Z 496 graphs generated in 0.77 sec
>F 496 cores checked in 0.13 sec
>A genbg n=4+16 e=26:26 d=4:0 D=8:3  class=91/200
>Z 513 graphs generated in 0.99 sec
>F 513 cores checked in 0.13 sec
>A genbg n=4+16 e=26:26 d=4:0 D=8:3  class=92/200
>Z 478 graphs generated in 0.63 sec
>F 478 cores checked in 46.36 sec
>A genbg n=4+16 e=26:26 d=4:0 D=8:3  class=93/200
>Z 505 graphs generated in 0.99 sec
>F 505 cores checked in 0.12 sec
>A genbg n=4+16 e=26:26 d=4:0 D=8:3  class=94/200
>Z 452 graphs generated in 0.67 sec
>F 452 cores checked in 0.12 sec
>A genbg n=4+16 e=26:26 d=4:0 D=8:3  class=95/200
>Z 435 graphs generated in 0.97 sec
>F 435 cores checked in 0.12 sec
>A genbg n=4+16 e=26:26 d=4:0 D=8:3  class=96/200
>Z 483 graphs generated in 0.99 sec
>F 483 cores checked in 3.07 sec
>A genbg n=4+16 e=26:26 d=4:0 D=8:3  class=97/200
>Z 480 graphs generated in 0.99 sec
>F 480 cores checked in 0.12 sec
>A genbg n=4+16 e=26:26 d=4:0 D=8:3  class=98/200
>Z 408 graphs generated in 0.82 sec
>F 408 cores checked in 108.04 sec
>A genbg n=4+16 e=26:26 d=4:0 D=8:3  class=99/200
>Z 531 graphs generated in 0.90 sec
>F 531 cores checked in 179.86 sec
>A genbg n=4+16 e=26:26 d=4:0 D=8:3  class=100/200
>Z 483 graphs generated in 0.94 sec
>F 483 cores checked in 0.12 sec
>A genbg n=4+16 e=26:26 d=4:0 D=8:3  class=101/200
>Z 448 graphs generated in 0.88 sec
>F 448 cores checked in 681.10 sec
>A genbg n=4+16 e=26:26 d=4:0 D=8:3  class=102/200
>Z 487 graphs generated in 0.85 sec
>F 487 cores checked in 0.13 sec
>A genbg n=4+16 e=26:26 d=4:0 D=8:3  class=103/200
>Z 452 graphs generated in 0.99 sec
>F 452 cores checked in 0.11 sec
>A genbg n=4+16 e=26:26 d=4:0 D=8:3  class=104/200
>Z 460 graphs generated in 0.98 sec
>F 460 cores checked in 0.11 sec
>A genbg n=4+16 e=26:26 d=4:0 D=8:3  class=105/200
>Z 446 graphs generated in 0.98 sec
>F 446 cores checked in 0.11 sec
>A genbg n=4+16 e=26:26 d=4:0 D=8:3  class=106/200
>Z 481 graphs generated in 0.88 sec
>F 481 cores checked in 0.12 sec
>A genbg n=4+16 e=26:26 d=4:0 D=8:3  class=107/200
>Z 456 graphs generated in 0.99 sec
>F 456 cores checked in 0.12 sec
>A genbg n=4+16 e=26:26 d=4:0 D=8:3  class=108/200
>Z 419 graphs generated in 0.99 sec
>F 419 cores checked in 99.94 sec
>A genbg n=4+16 e=26:26 d=4:0 D=8:3  class=109/200
>Z 411 graphs generated in 0.96 sec
>F 411 cores checked in 147.61 sec
>A genbg n=4+16 e=26:26 d=4:0 D=8:3  class=110/200
>Z 491 graphs generated in 0.83 sec
>F 491 cores checked in 0.13 sec
>A genbg n=4+16 e=26:26 d=4:0 D=8:3  class=111/200
>Z 543 graphs generated in 0.83 sec
>F 543 cores checked in 0.12 sec
>A genbg n=4+16 e=26:26 d=4:0 D=8:3  class=112/200
>Z 471 graphs generated in 1.01 sec
>F 471 cores checked in 0.12 sec
>A genbg n=4+16 e=26:26 d=4:0 D=8:3  class=113/200
>Z 513 graphs generated in 0.89 sec
>F 513 cores checked in 0.13 sec
>A genbg n=4+16 e=26:26 d=4:0 D=8:3  class=114/200
>Z 520 graphs generated in 0.99 sec
>F 520 cores checked in 0.13 sec
>A genbg n=4+16 e=26:26 d=4:0 D=8:3  class=115/200
>Z 524 graphs generated in 0.73 sec
>F 524 cores checked in 0.13 sec
>A genbg n=4+16 e=26:26 d=4:0 D=8:3  class=116/200
>Z 418 graphs generated in 0.99 sec
>F 418 cores checked in 0.10 sec
>A genbg n=4+16 e=26:26 d=4:0 D=8:3  class=117/200
>Z 456 graphs generated in 0.98 sec
>F 456 cores checked in 11.91 sec
>A genbg n=4+16 e=26:26 d=4:0 D=8:3  class=118/200
>Z 431 graphs generated in 0.99 sec
>F 431 cores checked in 0.10 sec
>A genbg n=4+16 e=26:26 d=4:0 D=8:3  class=119/200
>Z 457 graphs generated in 0.92 sec
>F 457 cores checked in 0.11 sec
>A genbg n=4+16 e=26:26 d=4:0 D=8:3  class=120/200
>Z 461 graphs generated in 0.99 sec
>F 461 cores checked in 0.12 sec
>A genbg n=4+16 e=26:26 d=4:0 D=8:3  class=121/200
>Z 458 graphs generated in 1.00 sec
>F 458 cores checked in 0.12 sec
>A genbg n=4+16 e=26:26 d=4:0 D=8:3  class=122/200
>Z 441 graphs generated in 0.76 sec
>F 441 cores checked in 0.11 sec
>A genbg n=4+16 e=26:26 d=4:0 D=8:3  class=123/200
>Z 473 graphs generated in 0.99 sec
>F 473 cores checked in 0.12 sec
>A genbg n=4+16 e=26:26 d=4:0 D=8:3  class=124/200
>Z 438 graphs generated in 0.97 sec
>F 438 cores checked in 12.37 sec
>A genbg n=4+16 e=26:26 d=4:0 D=8:3  class=125/200
>Z 394 graphs generated in 0.94 sec
>F 394 cores checked in 0.10 sec
>A genbg n=4+16 e=26:26 d=4:0 D=8:3  class=126/200
>Z 510 graphs generated in 0.79 sec
>F 510 cores checked in 0.13 sec
>A genbg n=4+16 e=26:26 d=4:0 D=8:3  class=127/200
>Z 421 graphs generated in 0.99 sec
>F 421 cores checked in 0.12 sec
>A genbg n=4+16 e=26:26 d=4:0 D=8:3  class=128/200
>Z 378 graphs generated in 0.98 sec
>F 378 cores checked in 0.09 sec
>A genbg n=4+16 e=26:26 d=4:0 D=8:3  class=129/200
>Z 539 graphs generated in 0.98 sec
>F 539 cores checked in 0.13 sec
>A genbg n=4+16 e=26:26 d=4:0 D=8:3  class=130/200
>Z 401 graphs generated in 0.95 sec
>F 401 cores checked in 0.10 sec
>A genbg n=4+16 e=26:26 d=4:0 D=8:3  class=131/200
>Z 387 graphs generated in 0.99 sec
>F 387 cores checked in 0.09 sec
>A genbg n=4+16 e=26:26 d=4:0 D=8:3  class=132/200
>Z 406 graphs generated in 0.86 sec
>F 406 cores checked in 0.10 sec
>A genbg n=4+16 e=26:26 d=4:0 D=8:3  class=133/200
>Z 403 graphs generated in 1.01 sec
>F 403 cores checked in 0.10 sec
>A genbg n=4+16 e=26:26 d=4:0 D=8:3  class=134/200
>Z 486 graphs generated in 0.90 sec
>F 486 cores checked in 457.21 sec
>A genbg n=4+16 e=26:26 d=4:0 D=8:3  class=135/200
>Z 505 graphs generated in 0.99 sec
>F 505 cores checked in 0.13 sec
>A genbg n=4+16 e=26:26 d=4:0 D=8:3  class=136/200
>Z 470 graphs generated in 0.99 sec
>F 470 cores checked in 0.12 sec
>A genbg n=4+16 e=26:26 d=4:0 D=8:3  class=137/200
>Z 428 graphs generated in 0.99 sec
>F 428 cores checked in 0.10 sec
>A genbg n=4+16 e=26:26 d=4:0 D=8:3  class=138/200
>Z 466 graphs generated in 0.85 sec
>F 466 cores checked in 0.13 sec
>A genbg n=4+16 e=26:26 d=4:0 D=8:3  class=139/200
>Z 450 graphs generated in 0.98 sec
>F 450 cores checked in 0.11 sec
>A genbg n=4+16 e=26:26 d=4:0 D=8:3  class=140/200
>Z 431 graphs generated in 0.70 sec
>F 431 cores checked in 0.10 sec
>A genbg n=4+16 e=26:26 d=4:0 D=8:3  class=141/200
>Z 494 graphs generated in 0.99 sec
>F 494 cores checked in 0.13 sec
>A genbg n=4+16 e=26:26 d=4:0 D=8:3  class=142/200
>Z 433 graphs generated in 0.99 sec
>F 433 cores checked in 744.48 sec
>A genbg n=4+16 e=26:26 d=4:0 D=8:3  class=143/200
>Z 476 graphs generated in 0.99 sec
>F 476 cores checked in 0.12 sec
>A genbg n=4+16 e=26:26 d=4:0 D=8:3  class=144/200
>Z 498 graphs generated in 0.83 sec
>F 498 cores checked in 0.13 sec
>A genbg n=4+16 e=26:26 d=4:0 D=8:3  class=145/200
>Z 434 graphs generated in 1.00 sec
>F 434 cores checked in 0.11 sec
>A genbg n=4+16 e=26:26 d=4:0 D=8:3  class=146/200
>Z 374 graphs generated in 0.98 sec
>F 374 cores checked in 0.09 sec
>A genbg n=4+16 e=26:26 d=4:0 D=8:3  class=147/200
>Z 427 graphs generated in 0.99 sec
>F 427 cores checked in 0.11 sec
>A genbg n=4+16 e=26:26 d=4:0 D=8:3  class=148/200
>Z 484 graphs generated in 0.99 sec
>F 484 cores checked in 0.12 sec
>A genbg n=4+16 e=26:26 d=4:0 D=8:3  class=149/200
>Z 431 graphs generated in 0.81 sec
>F 431 cores checked in 0.11 sec
>A genbg n=4+16 e=26:26 d=4:0 D=8:3  class=150/200
>Z 449 graphs generated in 0.99 sec
>F 449 cores checked in 0.12 sec
>A genbg n=4+16 e=26:26 d=4:0 D=8:3  class=151/200
>Z 475 graphs generated in 0.99 sec
>F 475 cores checked in 0.12 sec
>A genbg n=4+16 e=26:26 d=4:0 D=8:3  class=152/200
>Z 543 graphs generated in 1.00 sec
>F 543 cores checked in 0.13 sec
>A genbg n=4+16 e=26:26 d=4:0 D=8:3  class=153/200
>Z 438 graphs generated in 0.99 sec
>F 438 cores checked in 0.11 sec
>A genbg n=4+16 e=26:26 d=4:0 D=8:3  class=154/200
>Z 478 graphs generated in 0.90 sec
>F 478 cores checked in 0.12 sec
>A genbg n=4+16 e=26:26 d=4:0 D=8:3  class=155/200
>Z 496 graphs generated in 0.97 sec
>F 496 cores checked in 0.12 sec
>A genbg n=4+16 e=26:26 d=4:0 D=8:3  class=156/200
>Z 475 graphs generated in 0.99 sec
>F 475 cores checked in 0.12 sec
>A genbg n=4+16 e=26:26 d=4:0 D=8:3  class=157/200
>Z 444 graphs generated in 1.00 sec
>F 444 cores checked in 0.11 sec
>A genbg n=4+16 e=26:26 d=4:0 D=8:3  class=158/200
>Z 460 graphs generated in 0.90 sec
>F 460 cores checked in 0.12 sec
>A genbg n=4+16 e=26:26 d=4:0 D=8:3  class=159/200
>Z 466 graphs generated in 0.99 sec
>F 466 cores checked in 0.12 sec
>A genbg n=4+16 e=26:26 d=4:0 D=8:3  class=160/200
>Z 412 graphs generated in 0.90 sec
>F 412 cores checked in 0.11 sec
>A genbg n=4+16 e=26:26 d=4:0 D=8:3  class=161/200
>Z 493 graphs generated in 0.92 sec
>F 493 cores checked in 0.13 sec
>A genbg n=4+16 e=26:26 d=4:0 D=8:3  class=162/200
>Z 472 graphs generated in 0.99 sec
>F 472 cores checked in 0.12 sec
>A genbg n=4+16 e=26:26 d=4:0 D=8:3  class=163/200
>Z 396 graphs generated in 0.99 sec
>F 396 cores checked in 0.10 sec
>A genbg n=4+16 e=26:26 d=4:0 D=8:3  class=164/200
>Z 411 graphs generated in 0.92 sec
>F 411 cores checked in 0.11 sec
>A genbg n=4+16 e=26:26 d=4:0 D=8:3  class=165/200
>Z 524 graphs generated in 0.99 sec
>F 524 cores checked in 0.12 sec
>A genbg n=4+16 e=26:26 d=4:0 D=8:3  class=166/200
>Z 435 graphs generated in 0.87 sec
>F 435 cores checked in 0.11 sec
>A genbg n=4+16 e=26:26 d=4:0 D=8:3  class=167/200
>Z 486 graphs generated in 0.99 sec
>F 486 cores checked in 0.12 sec
>A genbg n=4+16 e=26:26 d=4:0 D=8:3  class=168/200
>Z 462 graphs generated in 0.99 sec
>F 462 cores checked in 0.11 sec
>A genbg n=4+16 e=26:26 d=4:0 D=8:3  class=169/200
>Z 487 graphs generated in 0.98 sec
>F 487 cores checked in 0.12 sec
>A genbg n=4+16 e=26:26 d=4:0 D=8:3  class=170/200
>Z 512 graphs generated in 0.85 sec
>F 512 cores checked in 0.13 sec
>A genbg n=4+16 e=26:26 d=4:0 D=8:3  class=171/200
>Z 423 graphs generated in 0.96 sec
>F 423 cores checked in 0.10 sec
>A genbg n=4+16 e=26:26 d=4:0 D=8:3  class=172/200
>Z 432 graphs generated in 0.96 sec
>F 432 cores checked in 0.11 sec
>A genbg n=4+16 e=26:26 d=4:0 D=8:3  class=173/200
>Z 454 graphs generated in 0.88 sec
>F 454 cores checked in 0.11 sec
>A genbg n=4+16 e=26:26 d=4:0 D=8:3  class=174/200
>Z 526 graphs generated in 0.99 sec
>F 526 cores checked in 0.14 sec
>A genbg n=4+16 e=26:26 d=4:0 D=8:3  class=175/200
>Z 456 graphs generated in 0.95 sec
>F 456 cores checked in 0.12 sec
>A genbg n=4+16 e=26:26 d=4:0 D=8:3  class=176/200
>Z 558 graphs generated in 0.99 sec
>F 558 cores checked in 0.14 sec
>A genbg n=4+16 e=26:26 d=4:0 D=8:3  class=177/200
>Z 546 graphs generated in 0.99 sec
>F 546 cores checked in 0.14 sec
>A genbg n=4+16 e=26:26 d=4:0 D=8:3  class=178/200
>Z 400 graphs generated in 0.99 sec
>F 400 cores checked in 0.10 sec
>A genbg n=4+16 e=26:26 d=4:0 D=8:3  class=179/200
>Z 447 graphs generated in 0.94 sec
>F 447 cores checked in 0.11 sec
>A genbg n=4+16 e=26:26 d=4:0 D=8:3  class=180/200
>Z 486 graphs generated in 0.99 sec
>F 486 cores checked in 0.12 sec
>A genbg n=4+16 e=26:26 d=4:0 D=8:3  class=181/200
>Z 465 graphs generated in 0.99 sec
>F 465 cores checked in 69.26 sec
>A genbg n=4+16 e=26:26 d=4:0 D=8:3  class=182/200
>Z 521 graphs generated in 0.97 sec
>F 521 cores checked in 0.13 sec
>A genbg n=4+16 e=26:26 d=4:0 D=8:3  class=183/200
>Z 421 graphs generated in 0.96 sec
>F 421 cores checked in 0.11 sec
>A genbg n=4+16 e=26:26 d=4:0 D=8:3  class=184/200
>Z 465 graphs generated in 0.99 sec
>F 465 cores checked in 0.12 sec
>A genbg n=4+16 e=26:26 d=4:0 D=8:3  class=185/200
>Z 457 graphs generated in 0.99 sec
>F 457 cores checked in 194.06 sec
>A genbg n=4+16 e=26:26 d=4:0 D=8:3  class=186/200
>Z 419 graphs generated in 0.99 sec
>F 419 cores checked in 0.10 sec
>A genbg n=4+16 e=26:26 d=4:0 D=8:3  class=187/200
>Z 480 graphs generated in 0.99 sec
>F 480 cores checked in 0.12 sec
>A genbg n=4+16 e=26:26 d=4:0 D=8:3  class=188/200
>Z 410 graphs generated in 0.99 sec
>F 410 cores checked in 0.10 sec
>A genbg n=4+16 e=26:26 d=4:0 D=8:3  class=189/200
>Z 404 graphs generated in 0.93 sec
>F 404 cores checked in 0.11 sec
>A genbg n=4+16 e=26:26 d=4:0 D=8:3  class=190/200
>Z 500 graphs generated in 0.99 sec
>F 500 cores checked in 0.12 sec
>A genbg n=4+16 e=26:26 d=4:0 D=8:3  class=191/200
>Z 509 graphs generated in 0.99 sec
>F 509 cores checked in 0.13 sec
>A genbg n=4+16 e=26:26 d=4:0 D=8:3  class=192/200
>Z 482 graphs generated in 0.99 sec
>F 482 cores checked in 0.12 sec
>A genbg n=4+16 e=26:26 d=4:0 D=8:3  class=193/200
>Z 449 graphs generated in 0.96 sec
>F 449 cores checked in 0.12 sec
>A genbg n=4+16 e=26:26 d=4:0 D=8:3  class=194/200
>Z 410 graphs generated in 0.95 sec
>F 410 cores checked in 0.11 sec
>A genbg n=4+16 e=26:26 d=4:0 D=8:3  class=195/200
>Z 476 graphs generated in 0.99 sec
>F 476 cores checked in 0.11 sec
>A genbg n=4+16 e=26:26 d=4:0 D=8:3  class=196/200
>Z 449 graphs generated in 0.96 sec
>F 449 cores checked in 0.11 sec
>A genbg n=4+16 e=26:26 d=4:0 D=8:3  class=197/200
>Z 477 graphs generated in 0.97 sec
>F 477 cores checked in 0.12 sec
>A genbg n=4+16 e=26:26 d=4:0 D=8:3  class=198/200
>Z 420 graphs generated in 0.98 sec
>F 420 cores checked in 0.10 sec
>A genbg n=4+16 e=26:26 d=4:0 D=8:3  class=199/200
>Z 453 graphs generated in 0.96 sec
>F 453 cores checked in 0.11 sec



=== Total number of graphs generated: 92547
=== Total number of graphs checked: 92547
=== Total time for generation: 175.61 seconds
=== Total time for checking: 3398.48 seconds
=== Total number of exceptional graphs: 0

