=== Log file for genbg_-d4:0_-D7:3_5_15_29:29



>A genbg n=5+15 e=29:29 d=4:0 D=7:3  class=0/200
>Z 18733 graphs generated in 6.67 sec
>F 18733 cores checked in 5.55 sec
>A genbg n=5+15 e=29:29 d=4:0 D=7:3  class=1/200
>Z 17617 graphs generated in 6.74 sec
>F 17617 cores checked in 5.22 sec
>A genbg n=5+15 e=29:29 d=4:0 D=7:3  class=2/200
>Z 18005 graphs generated in 6.76 sec
>F 18005 cores checked in 5.35 sec
>A genbg n=5+15 e=29:29 d=4:0 D=7:3  class=3/200
>Z 17553 graphs generated in 6.69 sec
>F 17553 cores checked in 5.30 sec
>A genbg n=5+15 e=29:29 d=4:0 D=7:3  class=4/200
>Z 18492 graphs generated in 6.72 sec
>F 18492 cores checked in 5.41 sec
>A genbg n=5+15 e=29:29 d=4:0 D=7:3  class=5/200
>Z 17024 graphs generated in 6.67 sec
>F 17024 cores checked in 5.05 sec
>A genbg n=5+15 e=29:29 d=4:0 D=7:3  class=6/200
>Z 18239 graphs generated in 6.66 sec
>F 18239 cores checked in 5.38 sec
>A genbg n=5+15 e=29:29 d=4:0 D=7:3  class=7/200
>Z 17635 graphs generated in 6.68 sec
>F 17635 cores checked in 5.22 sec
>A genbg n=5+15 e=29:29 d=4:0 D=7:3  class=8/200
>Z 18259 graphs generated in 6.74 sec
>F 18259 cores checked in 5.47 sec
>A genbg n=5+15 e=29:29 d=4:0 D=7:3  class=9/200
>Z 17550 graphs generated in 6.72 sec
>F 17550 cores checked in 5.24 sec
>A genbg n=5+15 e=29:29 d=4:0 D=7:3  class=10/200
>Z 18134 graphs generated in 6.72 sec
>F 18134 cores checked in 5.44 sec
>A genbg n=5+15 e=29:29 d=4:0 D=7:3  class=11/200
>Z 17385 graphs generated in 6.76 sec
>F 17385 cores checked in 5.23 sec
>A genbg n=5+15 e=29:29 d=4:0 D=7:3  class=12/200
>Z 17454 graphs generated in 6.70 sec
>F 17454 cores checked in 5.18 sec
>A genbg n=5+15 e=29:29 d=4:0 D=7:3  class=13/200
>Z 16838 graphs generated in 6.66 sec
>F 16838 cores checked in 4.97 sec
>A genbg n=5+15 e=29:29 d=4:0 D=7:3  class=14/200
>Z 17672 graphs generated in 6.67 sec
>F 17672 cores checked in 5.15 sec
>A genbg n=5+15 e=29:29 d=4:0 D=7:3  class=15/200
>Z 17386 graphs generated in 6.73 sec
>F 17386 cores checked in 5.08 sec
>A genbg n=5+15 e=29:29 d=4:0 D=7:3  class=16/200
>Z 17067 graphs generated in 6.69 sec
>F 17067 cores checked in 4.98 sec
>A genbg n=5+15 e=29:29 d=4:0 D=7:3  class=17/200
>Z 17710 graphs generated in 6.67 sec
>F 17710 cores checked in 5.28 sec
>A genbg n=5+15 e=29:29 d=4:0 D=7:3  class=18/200
>Z 17373 graphs generated in 6.68 sec
>F 17373 cores checked in 5.17 sec
>A genbg n=5+15 e=29:29 d=4:0 D=7:3  class=19/200
>Z 17525 graphs generated in 6.67 sec
>F 17525 cores checked in 5.19 sec
>A genbg n=5+15 e=29:29 d=4:0 D=7:3  class=20/200
>Z 17549 graphs generated in 6.65 sec
>F 17549 cores checked in 5.17 sec
>A genbg n=5+15 e=29:29 d=4:0 D=7:3  class=21/200
>Z 17447 graphs generated in 6.67 sec
>F 17447 cores checked in 5.17 sec
>A genbg n=5+15 e=29:29 d=4:0 D=7:3  class=22/200
>Z 17529 graphs generated in 6.68 sec
>F 17529 cores checked in 5.19 sec
>A genbg n=5+15 e=29:29 d=4:0 D=7:3  class=23/200
>Z 17515 graphs generated in 6.69 sec
>F 17515 cores checked in 5.15 sec
>A genbg n=5+15 e=29:29 d=4:0 D=7:3  class=24/200
>Z 17974 graphs generated in 6.71 sec
>F 17974 cores checked in 5.31 sec
>A genbg n=5+15 e=29:29 d=4:0 D=7:3  class=25/200
>Z 17878 graphs generated in 6.66 sec
>F 17878 cores checked in 5.25 sec
>A genbg n=5+15 e=29:29 d=4:0 D=7:3  class=26/200
>Z 17415 graphs generated in 6.67 sec
>F 17415 cores checked in 5.10 sec
>A genbg n=5+15 e=29:29 d=4:0 D=7:3  class=27/200
>Z 17833 graphs generated in 6.71 sec
>F 17833 cores checked in 5.24 sec
>A genbg n=5+15 e=29:29 d=4:0 D=7:3  class=28/200
>Z 18193 graphs generated in 6.72 sec
>F 18193 cores checked in 5.37 sec
>A genbg n=5+15 e=29:29 d=4:0 D=7:3  class=29/200
>Z 17349 graphs generated in 6.73 sec
>F 17349 cores checked in 5.02 sec
>A genbg n=5+15 e=29:29 d=4:0 D=7:3  class=30/200
>Z 18379 graphs generated in 6.68 sec
>F 18379 cores checked in 5.31 sec
>A genbg n=5+15 e=29:29 d=4:0 D=7:3  class=31/200
>Z 17985 graphs generated in 6.69 sec
>F 17985 cores checked in 5.36 sec
>A genbg n=5+15 e=29:29 d=4:0 D=7:3  class=32/200
>Z 17213 graphs generated in 6.71 sec
>F 17213 cores checked in 5.13 sec
>A genbg n=5+15 e=29:29 d=4:0 D=7:3  class=33/200
>Z 17921 graphs generated in 6.73 sec
>F 17921 cores checked in 5.27 sec
>A genbg n=5+15 e=29:29 d=4:0 D=7:3  class=34/200
>Z 17373 graphs generated in 6.73 sec
>F 17373 cores checked in 5.12 sec
>A genbg n=5+15 e=29:29 d=4:0 D=7:3  class=35/200
>Z 18101 graphs generated in 6.70 sec
>F 18101 cores checked in 5.35 sec
>A genbg n=5+15 e=29:29 d=4:0 D=7:3  class=36/200
>Z 17375 graphs generated in 6.68 sec
>F 17375 cores checked in 5.12 sec
>A genbg n=5+15 e=29:29 d=4:0 D=7:3  class=37/200
>Z 17955 graphs generated in 6.70 sec
>F 17955 cores checked in 5.33 sec
>A genbg n=5+15 e=29:29 d=4:0 D=7:3  class=38/200
>Z 18188 graphs generated in 6.73 sec
>F 18188 cores checked in 5.28 sec
>A genbg n=5+15 e=29:29 d=4:0 D=7:3  class=39/200
>Z 17524 graphs generated in 6.71 sec
>F 17524 cores checked in 5.17 sec
>A genbg n=5+15 e=29:29 d=4:0 D=7:3  class=40/200
>Z 18412 graphs generated in 6.73 sec
>F 18412 cores checked in 5.43 sec
>A genbg n=5+15 e=29:29 d=4:0 D=7:3  class=41/200
>Z 18500 graphs generated in 6.74 sec
>F 18500 cores checked in 5.39 sec
>A genbg n=5+15 e=29:29 d=4:0 D=7:3  class=42/200
>Z 18356 graphs generated in 6.72 sec
>F 18356 cores checked in 5.45 sec
>A genbg n=5+15 e=29:29 d=4:0 D=7:3  class=43/200
>Z 18085 graphs generated in 6.67 sec
>F 18085 cores checked in 5.30 sec
>A genbg n=5+15 e=29:29 d=4:0 D=7:3  class=44/200
>Z 17726 graphs generated in 6.67 sec
>F 17726 cores checked in 5.26 sec
>A genbg n=5+15 e=29:29 d=4:0 D=7:3  class=45/200
>Z 17457 graphs generated in 6.64 sec
>F 17457 cores checked in 5.22 sec
>A genbg n=5+15 e=29:29 d=4:0 D=7:3  class=46/200
>Z 17477 graphs generated in 6.69 sec
>F 17477 cores checked in 5.19 sec
>A genbg n=5+15 e=29:29 d=4:0 D=7:3  class=47/200
>Z 18009 graphs generated in 6.70 sec
>F 18009 cores checked in 5.42 sec
>A genbg n=5+15 e=29:29 d=4:0 D=7:3  class=48/200
>Z 17878 graphs generated in 6.72 sec
>F 17878 cores checked in 5.33 sec
>A genbg n=5+15 e=29:29 d=4:0 D=7:3  class=49/200
>Z 17646 graphs generated in 6.66 sec
>F 17646 cores checked in 5.23 sec
>A genbg n=5+15 e=29:29 d=4:0 D=7:3  class=50/200
>Z 18164 graphs generated in 6.65 sec
>F 18164 cores checked in 5.46 sec
>A genbg n=5+15 e=29:29 d=4:0 D=7:3  class=51/200
>Z 18082 graphs generated in 6.72 sec
>F 18082 cores checked in 5.32 sec
>A genbg n=5+15 e=29:29 d=4:0 D=7:3  class=52/200
>Z 17997 graphs generated in 6.69 sec
>F 17997 cores checked in 5.31 sec
>A genbg n=5+15 e=29:29 d=4:0 D=7:3  class=53/200
>Z 17266 graphs generated in 6.66 sec
>F 17266 cores checked in 5.11 sec
>A genbg n=5+15 e=29:29 d=4:0 D=7:3  class=54/200
>Z 17928 graphs generated in 6.64 sec
>F 17928 cores checked in 5.26 sec
>A genbg n=5+15 e=29:29 d=4:0 D=7:3  class=55/200
>Z 17096 graphs generated in 6.64 sec
>F 17096 cores checked in 5.15 sec
>A genbg n=5+15 e=29:29 d=4:0 D=7:3  class=56/200
>Z 16782 graphs generated in 6.64 sec
>F 16782 cores checked in 5.01 sec
>A genbg n=5+15 e=29:29 d=4:0 D=7:3  class=57/200
>Z 17508 graphs generated in 6.67 sec
>F 17508 cores checked in 5.13 sec
>A genbg n=5+15 e=29:29 d=4:0 D=7:3  class=58/200
>Z 17394 graphs generated in 6.61 sec
>F 17394 cores checked in 5.13 sec
>A genbg n=5+15 e=29:29 d=4:0 D=7:3  class=59/200
>Z 17667 graphs generated in 6.69 sec
>F 17667 cores checked in 5.24 sec
>A genbg n=5+15 e=29:29 d=4:0 D=7:3  class=60/200
>Z 18142 graphs generated in 6.67 sec
>F 18142 cores checked in 5.43 sec
>A genbg n=5+15 e=29:29 d=4:0 D=7:3  class=61/200
>Z 17670 graphs generated in 6.70 sec
>F 17670 cores checked in 5.31 sec
>A genbg n=5+15 e=29:29 d=4:0 D=7:3  class=62/200
>Z 17699 graphs generated in 6.70 sec
>F 17699 cores checked in 5.21 sec
>A genbg n=5+15 e=29:29 d=4:0 D=7:3  class=63/200
>Z 17587 graphs generated in 6.68 sec
>F 17587 cores checked in 5.21 sec
>A genbg n=5+15 e=29:29 d=4:0 D=7:3  class=64/200
>Z 17480 graphs generated in 6.68 sec
>F 17480 cores checked in 5.17 sec
>A genbg n=5+15 e=29:29 d=4:0 D=7:3  class=65/200
>Z 17112 graphs generated in 6.73 sec
>F 17112 cores checked in 5.10 sec
>A genbg n=5+15 e=29:29 d=4:0 D=7:3  class=66/200
>Z 17730 graphs generated in 6.71 sec
>F 17730 cores checked in 5.36 sec
>A genbg n=5+15 e=29:29 d=4:0 D=7:3  class=67/200
>Z 17265 graphs generated in 6.66 sec
>F 17265 cores checked in 5.19 sec
>A genbg n=5+15 e=29:29 d=4:0 D=7:3  class=68/200
>Z 17534 graphs generated in 6.67 sec
>F 17534 cores checked in 5.16 sec
>A genbg n=5+15 e=29:29 d=4:0 D=7:3  class=69/200
>Z 17447 graphs generated in 6.68 sec
>F 17447 cores checked in 5.11 sec
>A genbg n=5+15 e=29:29 d=4:0 D=7:3  class=70/200
>Z 17846 graphs generated in 6.68 sec
>F 17846 cores checked in 5.29 sec
>A genbg n=5+15 e=29:29 d=4:0 D=7:3  class=71/200
>Z 17063 graphs generated in 6.64 sec
>F 17063 cores checked in 5.07 sec
>A genbg n=5+15 e=29:29 d=4:0 D=7:3  class=72/200
>Z 16930 graphs generated in 6.65 sec
>F 16930 cores checked in 5.04 sec
>A genbg n=5+15 e=29:29 d=4:0 D=7:3  class=73/200
>Z 17173 graphs generated in 6.64 sec
>F 17173 cores checked in 5.17 sec
>A genbg n=5+15 e=29:29 d=4:0 D=7:3  class=74/200
>Z 17162 graphs generated in 6.60 sec
>F 17162 cores checked in 5.11 sec
>A genbg n=5+15 e=29:29 d=4:0 D=7:3  class=75/200
>Z 17045 graphs generated in 6.64 sec
>F 17045 cores checked in 5.12 sec
>A genbg n=5+15 e=29:29 d=4:0 D=7:3  class=76/200
>Z 17362 graphs generated in 6.57 sec
>F 17362 cores checked in 5.20 sec
>A genbg n=5+15 e=29:29 d=4:0 D=7:3  class=77/200
>Z 17330 graphs generated in 6.60 sec
>F 17330 cores checked in 5.27 sec
>A genbg n=5+15 e=29:29 d=4:0 D=7:3  class=78/200
>Z 17127 graphs generated in 6.57 sec
>F 17127 cores checked in 5.13 sec
>A genbg n=5+15 e=29:29 d=4:0 D=7:3  class=79/200
>Z 17714 graphs generated in 6.68 sec
>F 17714 cores checked in 5.19 sec
>A genbg n=5+15 e=29:29 d=4:0 D=7:3  class=80/200
>Z 16959 graphs generated in 6.67 sec
>F 16959 cores checked in 5.07 sec
>A genbg n=5+15 e=29:29 d=4:0 D=7:3  class=81/200
>Z 17058 graphs generated in 6.65 sec
>F 17058 cores checked in 5.09 sec
>A genbg n=5+15 e=29:29 d=4:0 D=7:3  class=82/200
>Z 17885 graphs generated in 6.68 sec
>F 17885 cores checked in 5.36 sec
>A genbg n=5+15 e=29:29 d=4:0 D=7:3  class=83/200
>Z 18373 graphs generated in 6.67 sec
>F 18373 cores checked in 5.51 sec
>A genbg n=5+15 e=29:29 d=4:0 D=7:3  class=84/200
>Z 17134 graphs generated in 6.67 sec
>F 17134 cores checked in 5.08 sec
>A genbg n=5+15 e=29:29 d=4:0 D=7:3  class=85/200
>Z 18025 graphs generated in 6.69 sec
>F 18025 cores checked in 5.48 sec
>A genbg n=5+15 e=29:29 d=4:0 D=7:3  class=86/200
>Z 17677 graphs generated in 6.66 sec
>F 17677 cores checked in 5.26 sec
>A genbg n=5+15 e=29:29 d=4:0 D=7:3  class=87/200
>Z 17174 graphs generated in 6.61 sec
>F 17174 cores checked in 5.19 sec
>A genbg n=5+15 e=29:29 d=4:0 D=7:3  class=88/200
>Z 16987 graphs generated in 6.65 sec
>F 16987 cores checked in 5.07 sec
>A genbg n=5+15 e=29:29 d=4:0 D=7:3  class=89/200
>Z 17727 graphs generated in 6.59 sec
>F 17727 cores checked in 5.33 sec
>A genbg n=5+15 e=29:29 d=4:0 D=7:3  class=90/200
>Z 17460 graphs generated in 6.67 sec
>F 17460 cores checked in 5.26 sec
>A genbg n=5+15 e=29:29 d=4:0 D=7:3  class=91/200
>Z 17051 graphs generated in 6.66 sec
>F 17051 cores checked in 5.09 sec
>A genbg n=5+15 e=29:29 d=4:0 D=7:3  class=92/200
>Z 17120 graphs generated in 6.68 sec
>F 17120 cores checked in 5.11 sec
>A genbg n=5+15 e=29:29 d=4:0 D=7:3  class=93/200
>Z 17452 graphs generated in 6.62 sec
>F 17452 cores checked in 5.26 sec
>A genbg n=5+15 e=29:29 d=4:0 D=7:3  class=94/200
>Z 17246 graphs generated in 6.68 sec
>F 17246 cores checked in 5.20 sec
>A genbg n=5+15 e=29:29 d=4:0 D=7:3  class=95/200
>Z 17088 graphs generated in 6.70 sec
>F 17088 cores checked in 5.29 sec
>A genbg n=5+15 e=29:29 d=4:0 D=7:3  class=96/200
>Z 18182 graphs generated in 6.69 sec
>F 18182 cores checked in 5.47 sec
>A genbg n=5+15 e=29:29 d=4:0 D=7:3  class=97/200
>Z 16888 graphs generated in 6.69 sec
>F 16888 cores checked in 5.02 sec
>A genbg n=5+15 e=29:29 d=4:0 D=7:3  class=98/200
>Z 17251 graphs generated in 6.67 sec
>F 17251 cores checked in 5.21 sec
>A genbg n=5+15 e=29:29 d=4:0 D=7:3  class=99/200
>Z 17439 graphs generated in 6.69 sec
>F 17439 cores checked in 5.17 sec
>A genbg n=5+15 e=29:29 d=4:0 D=7:3  class=100/200
>Z 17821 graphs generated in 6.75 sec
>F 17821 cores checked in 5.32 sec
>A genbg n=5+15 e=29:29 d=4:0 D=7:3  class=101/200
>Z 17636 graphs generated in 6.67 sec
>F 17636 cores checked in 5.20 sec
>A genbg n=5+15 e=29:29 d=4:0 D=7:3  class=102/200
>Z 17330 graphs generated in 6.68 sec
>F 17330 cores checked in 5.06 sec
>A genbg n=5+15 e=29:29 d=4:0 D=7:3  class=103/200
>Z 17837 graphs generated in 6.69 sec
>F 17837 cores checked in 5.27 sec
>A genbg n=5+15 e=29:29 d=4:0 D=7:3  class=104/200
>Z 18194 graphs generated in 6.65 sec
>F 18194 cores checked in 5.39 sec
>A genbg n=5+15 e=29:29 d=4:0 D=7:3  class=105/200
>Z 17650 graphs generated in 6.62 sec
>F 17650 cores checked in 5.36 sec
>A genbg n=5+15 e=29:29 d=4:0 D=7:3  class=106/200
>Z 18112 graphs generated in 6.65 sec
>F 18112 cores checked in 5.44 sec
>A genbg n=5+15 e=29:29 d=4:0 D=7:3  class=107/200
>Z 17960 graphs generated in 6.68 sec
>F 17960 cores checked in 5.35 sec
>A genbg n=5+15 e=29:29 d=4:0 D=7:3  class=108/200
>Z 17786 graphs generated in 6.66 sec
>F 17786 cores checked in 5.31 sec
>A genbg n=5+15 e=29:29 d=4:0 D=7:3  class=109/200
>Z 17354 graphs generated in 6.69 sec
>F 17354 cores checked in 5.12 sec
>A genbg n=5+15 e=29:29 d=4:0 D=7:3  class=110/200
>Z 18542 graphs generated in 6.62 sec
>F 18542 cores checked in 5.45 sec
>A genbg n=5+15 e=29:29 d=4:0 D=7:3  class=111/200
>Z 17629 graphs generated in 6.67 sec
>F 17629 cores checked in 5.14 sec
>A genbg n=5+15 e=29:29 d=4:0 D=7:3  class=112/200
>Z 17184 graphs generated in 6.71 sec
>F 17184 cores checked in 5.11 sec
>A genbg n=5+15 e=29:29 d=4:0 D=7:3  class=113/200
>Z 17562 graphs generated in 6.61 sec
>F 17562 cores checked in 5.19 sec
>A genbg n=5+15 e=29:29 d=4:0 D=7:3  class=114/200
>Z 17879 graphs generated in 6.69 sec
>F 17879 cores checked in 5.31 sec
>A genbg n=5+15 e=29:29 d=4:0 D=7:3  class=115/200
>Z 17677 graphs generated in 6.69 sec
>F 17677 cores checked in 5.33 sec
>A genbg n=5+15 e=29:29 d=4:0 D=7:3  class=116/200
>Z 17788 graphs generated in 6.64 sec
>F 17788 cores checked in 5.30 sec
>A genbg n=5+15 e=29:29 d=4:0 D=7:3  class=117/200
>Z 18098 graphs generated in 6.63 sec
>F 18098 cores checked in 5.41 sec
>A genbg n=5+15 e=29:29 d=4:0 D=7:3  class=118/200
>Z 17772 graphs generated in 6.64 sec
>F 17772 cores checked in 5.31 sec
>A genbg n=5+15 e=29:29 d=4:0 D=7:3  class=119/200
>Z 17383 graphs generated in 6.70 sec
>F 17383 cores checked in 5.24 sec
>A genbg n=5+15 e=29:29 d=4:0 D=7:3  class=120/200
>Z 18250 graphs generated in 6.68 sec
>F 18250 cores checked in 5.44 sec
>A genbg n=5+15 e=29:29 d=4:0 D=7:3  class=121/200
>Z 17306 graphs generated in 6.68 sec
>F 17306 cores checked in 5.20 sec
>A genbg n=5+15 e=29:29 d=4:0 D=7:3  class=122/200
>Z 17259 graphs generated in 6.72 sec
>F 17259 cores checked in 5.13 sec
>A genbg n=5+15 e=29:29 d=4:0 D=7:3  class=123/200
>Z 17412 graphs generated in 6.67 sec
>F 17412 cores checked in 5.17 sec
>A genbg n=5+15 e=29:29 d=4:0 D=7:3  class=124/200
>Z 18106 graphs generated in 6.67 sec
>F 18106 cores checked in 5.41 sec
>A genbg n=5+15 e=29:29 d=4:0 D=7:3  class=125/200
>Z 17667 graphs generated in 6.71 sec
>F 17667 cores checked in 5.38 sec
>A genbg n=5+15 e=29:29 d=4:0 D=7:3  class=126/200
>Z 18237 graphs generated in 6.73 sec
>F 18237 cores checked in 5.48 sec
>A genbg n=5+15 e=29:29 d=4:0 D=7:3  class=127/200
>Z 17921 graphs generated in 6.68 sec
>F 17921 cores checked in 5.38 sec
>A genbg n=5+15 e=29:29 d=4:0 D=7:3  class=128/200
>Z 17403 graphs generated in 6.68 sec
>F 17403 cores checked in 5.17 sec
>A genbg n=5+15 e=29:29 d=4:0 D=7:3  class=129/200
>Z 18150 graphs generated in 6.59 sec
>F 18150 cores checked in 5.42 sec
>A genbg n=5+15 e=29:29 d=4:0 D=7:3  class=130/200
>Z 17688 graphs generated in 6.65 sec
>F 17688 cores checked in 5.20 sec
>A genbg n=5+15 e=29:29 d=4:0 D=7:3  class=131/200
>Z 17462 graphs generated in 6.63 sec
>F 17462 cores checked in 5.21 sec
>A genbg n=5+15 e=29:29 d=4:0 D=7:3  class=132/200
>Z 17828 graphs generated in 6.72 sec
>F 17828 cores checked in 5.32 sec
>A genbg n=5+15 e=29:29 d=4:0 D=7:3  class=133/200
>Z 17331 graphs generated in 6.68 sec
>F 17331 cores checked in 5.22 sec
>A genbg n=5+15 e=29:29 d=4:0 D=7:3  class=134/200
>Z 17621 graphs generated in 6.65 sec
>F 17621 cores checked in 5.27 sec
>A genbg n=5+15 e=29:29 d=4:0 D=7:3  class=135/200
>Z 17683 graphs generated in 6.64 sec
>F 17683 cores checked in 5.30 sec
>A genbg n=5+15 e=29:29 d=4:0 D=7:3  class=136/200
>Z 17107 graphs generated in 6.68 sec
>F 17107 cores checked in 5.08 sec
>A genbg n=5+15 e=29:29 d=4:0 D=7:3  class=137/200
>Z 17794 graphs generated in 6.69 sec
>F 17794 cores checked in 5.31 sec
>A genbg n=5+15 e=29:29 d=4:0 D=7:3  class=138/200
>Z 17783 graphs generated in 6.70 sec
>F 17783 cores checked in 5.34 sec
>A genbg n=5+15 e=29:29 d=4:0 D=7:3  class=139/200
>Z 18058 graphs generated in 6.68 sec
>F 18058 cores checked in 5.38 sec
>A genbg n=5+15 e=29:29 d=4:0 D=7:3  class=140/200
>Z 17921 graphs generated in 6.64 sec
>F 17921 cores checked in 5.29 sec
>A genbg n=5+15 e=29:29 d=4:0 D=7:3  class=141/200
>Z 17693 graphs generated in 6.61 sec
>F 17693 cores checked in 5.25 sec
>A genbg n=5+15 e=29:29 d=4:0 D=7:3  class=142/200
>Z 17412 graphs generated in 6.63 sec
>F 17412 cores checked in 5.25 sec
>A genbg n=5+15 e=29:29 d=4:0 D=7:3  class=143/200
>Z 17912 graphs generated in 6.63 sec
>F 17912 cores checked in 5.33 sec
>A genbg n=5+15 e=29:29 d=4:0 D=7:3  class=144/200
>Z 17664 graphs generated in 6.69 sec
>F 17664 cores checked in 5.15 sec
>A genbg n=5+15 e=29:29 d=4:0 D=7:3  class=145/200
>Z 17527 graphs generated in 6.66 sec
>F 17527 cores checked in 5.31 sec
>A genbg n=5+15 e=29:29 d=4:0 D=7:3  class=146/200
>Z 17843 graphs generated in 6.68 sec
>F 17843 cores checked in 5.31 sec
>A genbg n=5+15 e=29:29 d=4:0 D=7:3  class=147/200
>Z 17756 graphs generated in 6.69 sec
>F 17756 cores checked in 5.26 sec
>A genbg n=5+15 e=29:29 d=4:0 D=7:3  class=148/200
>Z 17638 graphs generated in 6.65 sec
>F 17638 cores checked in 5.27 sec
>A genbg n=5+15 e=29:29 d=4:0 D=7:3  class=149/200
>Z 17712 graphs generated in 6.63 sec
>F 17712 cores checked in 5.21 sec
>A genbg n=5+15 e=29:29 d=4:0 D=7:3  class=150/200
>Z 17849 graphs generated in 6.66 sec
>F 17849 cores checked in 5.26 sec
>A genbg n=5+15 e=29:29 d=4:0 D=7:3  class=151/200
>Z 17856 graphs generated in 6.66 sec
>F 17856 cores checked in 5.30 sec
>A genbg n=5+15 e=29:29 d=4:0 D=7:3  class=152/200
>Z 17543 graphs generated in 6.68 sec
>F 17543 cores checked in 5.19 sec
>A genbg n=5+15 e=29:29 d=4:0 D=7:3  class=153/200
>Z 17710 graphs generated in 6.68 sec
>F 17710 cores checked in 5.15 sec
>A genbg n=5+15 e=29:29 d=4:0 D=7:3  class=154/200
>Z 17524 graphs generated in 6.63 sec
>F 17524 cores checked in 5.17 sec
>A genbg n=5+15 e=29:29 d=4:0 D=7:3  class=155/200
>Z 17353 graphs generated in 6.69 sec
>F 17353 cores checked in 5.20 sec
>A genbg n=5+15 e=29:29 d=4:0 D=7:3  class=156/200
>Z 16894 graphs generated in 6.68 sec
>F 16894 cores checked in 5.04 sec
>A genbg n=5+15 e=29:29 d=4:0 D=7:3  class=157/200
>Z 17533 graphs generated in 6.62 sec
>F 17533 cores checked in 5.18 sec
>A genbg n=5+15 e=29:29 d=4:0 D=7:3  class=158/200
>Z 17094 graphs generated in 6.66 sec
>F 17094 cores checked in 5.16 sec
>A genbg n=5+15 e=29:29 d=4:0 D=7:3  class=159/200
>Z 17631 graphs generated in 6.72 sec
>F 17631 cores checked in 5.25 sec
>A genbg n=5+15 e=29:29 d=4:0 D=7:3  class=160/200
>Z 18421 graphs generated in 6.70 sec
>F 18421 cores checked in 5.47 sec
>A genbg n=5+15 e=29:29 d=4:0 D=7:3  class=161/200
>Z 17549 graphs generated in 6.72 sec
>F 17549 cores checked in 5.22 sec
>A genbg n=5+15 e=29:29 d=4:0 D=7:3  class=162/200
>Z 18186 graphs generated in 6.66 sec
>F 18186 cores checked in 5.31 sec
>A genbg n=5+15 e=29:29 d=4:0 D=7:3  class=163/200
>Z 17764 graphs generated in 6.69 sec
>F 17764 cores checked in 5.19 sec
>A genbg n=5+15 e=29:29 d=4:0 D=7:3  class=164/200
>Z 17575 graphs generated in 6.62 sec
>F 17575 cores checked in 5.23 sec
>A genbg n=5+15 e=29:29 d=4:0 D=7:3  class=165/200
>Z 17077 graphs generated in 6.63 sec
>F 17077 cores checked in 5.16 sec
>A genbg n=5+15 e=29:29 d=4:0 D=7:3  class=166/200
>Z 17858 graphs generated in 6.68 sec
>F 17858 cores checked in 5.30 sec
>A genbg n=5+15 e=29:29 d=4:0 D=7:3  class=167/200
>Z 18125 graphs generated in 6.65 sec
>F 18125 cores checked in 5.36 sec
>A genbg n=5+15 e=29:29 d=4:0 D=7:3  class=168/200
>Z 18202 graphs generated in 6.66 sec
>F 18202 cores checked in 5.47 sec
>A genbg n=5+15 e=29:29 d=4:0 D=7:3  class=169/200
>Z 16462 graphs generated in 6.60 sec
>F 16462 cores checked in 4.92 sec
>A genbg n=5+15 e=29:29 d=4:0 D=7:3  class=170/200
>Z 17772 graphs generated in 6.66 sec
>F 17772 cores checked in 5.35 sec
>A genbg n=5+15 e=29:29 d=4:0 D=7:3  class=171/200
>Z 17761 graphs generated in 6.66 sec
>F 17761 cores checked in 5.30 sec
>A genbg n=5+15 e=29:29 d=4:0 D=7:3  class=172/200
>Z 17641 graphs generated in 6.64 sec
>F 17641 cores checked in 5.21 sec
>A genbg n=5+15 e=29:29 d=4:0 D=7:3  class=173/200
>Z 17697 graphs generated in 6.63 sec
>F 17697 cores checked in 5.22 sec
>A genbg n=5+15 e=29:29 d=4:0 D=7:3  class=174/200
>Z 18599 graphs generated in 6.65 sec
>F 18599 cores checked in 5.54 sec
>A genbg n=5+15 e=29:29 d=4:0 D=7:3  class=175/200
>Z 17563 graphs generated in 6.64 sec
>F 17563 cores checked in 5.29 sec
>A genbg n=5+15 e=29:29 d=4:0 D=7:3  class=176/200
>Z 17634 graphs generated in 6.66 sec
>F 17634 cores checked in 5.29 sec
>A genbg n=5+15 e=29:29 d=4:0 D=7:3  class=177/200
>Z 18046 graphs generated in 6.66 sec
>F 18046 cores checked in 5.37 sec
>A genbg n=5+15 e=29:29 d=4:0 D=7:3  class=178/200
>Z 18054 graphs generated in 6.68 sec
>F 18054 cores checked in 5.33 sec
>A genbg n=5+15 e=29:29 d=4:0 D=7:3  class=179/200
>Z 17504 graphs generated in 6.61 sec
>F 17504 cores checked in 5.33 sec
>A genbg n=5+15 e=29:29 d=4:0 D=7:3  class=180/200
>Z 17772 graphs generated in 6.57 sec
>F 17772 cores checked in 5.36 sec
>A genbg n=5+15 e=29:29 d=4:0 D=7:3  class=181/200
>Z 16893 graphs generated in 6.58 sec
>F 16893 cores checked in 5.02 sec
>A genbg n=5+15 e=29:29 d=4:0 D=7:3  class=182/200
>Z 17611 graphs generated in 6.63 sec
>F 17611 cores checked in 5.29 sec
>A genbg n=5+15 e=29:29 d=4:0 D=7:3  class=183/200
>Z 18488 graphs generated in 6.62 sec
>F 18488 cores checked in 5.60 sec
>A genbg n=5+15 e=29:29 d=4:0 D=7:3  class=184/200
>Z 17780 graphs generated in 6.66 sec
>F 17780 cores checked in 5.33 sec
>A genbg n=5+15 e=29:29 d=4:0 D=7:3  class=185/200
>Z 17905 graphs generated in 6.61 sec
>F 17905 cores checked in 5.52 sec
>A genbg n=5+15 e=29:29 d=4:0 D=7:3  class=186/200
>Z 18116 graphs generated in 6.59 sec
>F 18116 cores checked in 5.48 sec
>A genbg n=5+15 e=29:29 d=4:0 D=7:3  class=187/200
>Z 17636 graphs generated in 6.70 sec
>F 17636 cores checked in 5.30 sec
>A genbg n=5+15 e=29:29 d=4:0 D=7:3  class=188/200
>Z 17038 graphs generated in 6.71 sec
>F 17038 cores checked in 5.13 sec
>A genbg n=5+15 e=29:29 d=4:0 D=7:3  class=189/200
>Z 17432 graphs generated in 6.60 sec
>F 17432 cores checked in 5.28 sec
>A genbg n=5+15 e=29:29 d=4:0 D=7:3  class=190/200
>Z 17840 graphs generated in 6.57 sec
>F 17840 cores checked in 5.28 sec
>A genbg n=5+15 e=29:29 d=4:0 D=7:3  class=191/200
>Z 17219 graphs generated in 6.65 sec
>F 17219 cores checked in 5.18 sec
>A genbg n=5+15 e=29:29 d=4:0 D=7:3  class=192/200
>Z 17718 graphs generated in 6.59 sec
>F 17718 cores checked in 5.38 sec
>A genbg n=5+15 e=29:29 d=4:0 D=7:3  class=193/200
>Z 18160 graphs generated in 6.66 sec
>F 18160 cores checked in 5.46 sec
>A genbg n=5+15 e=29:29 d=4:0 D=7:3  class=194/200
>Z 18256 graphs generated in 6.64 sec
>F 18256 cores checked in 5.41 sec
>A genbg n=5+15 e=29:29 d=4:0 D=7:3  class=195/200
>Z 17075 graphs generated in 6.62 sec
>F 17075 cores checked in 5.04 sec
>A genbg n=5+15 e=29:29 d=4:0 D=7:3  class=196/200
>Z 17773 graphs generated in 6.96 sec
>F 17773 cores checked in 5.36 sec
>A genbg n=5+15 e=29:29 d=4:0 D=7:3  class=197/200
>Z 17295 graphs generated in 6.47 sec
>F 17295 cores checked in 5.25 sec
>A genbg n=5+15 e=29:29 d=4:0 D=7:3  class=198/200
>Z 18187 graphs generated in 6.59 sec
>F 18187 cores checked in 5.50 sec
>A genbg n=5+15 e=29:29 d=4:0 D=7:3  class=199/200
>Z 18050 graphs generated in 6.44 sec
>F 18050 cores checked in 5.45 sec



=== Total number of graphs generated: 3531430
=== Total number of graphs checked: 3531430
=== Total time for generation: 1333.56 seconds
=== Total time for checking: 1051.40 seconds
=== Total number of exceptional graphs: 0

