=== Log file for genbg_-d4:0_-D7:3_6_15_33:33



>A genbg n=6+15 e=33:33 d=4:0 D=7:3  class=0/200
>Z 1434378 graphs generated in 214.91 sec
>F 1434378 cores checked in 580.28 sec
>A genbg n=6+15 e=33:33 d=4:0 D=7:3  class=1/200
>Z 1432974 graphs generated in 215.08 sec
>F 1432974 cores checked in 572.73 sec
>A genbg n=6+15 e=33:33 d=4:0 D=7:3  class=2/200
>Z 1442505 graphs generated in 214.83 sec
>F 1442505 cores checked in 577.88 sec
>A genbg n=6+15 e=33:33 d=4:0 D=7:3  class=3/200
>Z 1441889 graphs generated in 214.77 sec
>F 1441889 cores checked in 578.74 sec
>A genbg n=6+15 e=33:33 d=4:0 D=7:3  class=4/200
>Z 1427917 graphs generated in 214.75 sec
>F 1427917 cores checked in 573.16 sec
>A genbg n=6+15 e=33:33 d=4:0 D=7:3  class=5/200
>Z 1429501 graphs generated in 214.94 sec
>F 1429501 cores checked in 575.97 sec
>A genbg n=6+15 e=33:33 d=4:0 D=7:3  class=6/200
>Z 1440982 graphs generated in 214.78 sec
>F 1440982 cores checked in 583.90 sec
>A genbg n=6+15 e=33:33 d=4:0 D=7:3  class=7/200
>Z 1440440 graphs generated in 214.50 sec
>F 1440440 cores checked in 580.07 sec
>A genbg n=6+15 e=33:33 d=4:0 D=7:3  class=8/200
>Z 1440685 graphs generated in 214.68 sec
>F 1440685 cores checked in 583.68 sec
>A genbg n=6+15 e=33:33 d=4:0 D=7:3  class=9/200
>Z 1450246 graphs generated in 214.62 sec
>F 1450246 cores checked in 582.14 sec
>A genbg n=6+15 e=33:33 d=4:0 D=7:3  class=10/200
>Z 1438419 graphs generated in 214.45 sec
>F 1438419 cores checked in 579.28 sec
>A genbg n=6+15 e=33:33 d=4:0 D=7:3  class=11/200
>Z 1437978 graphs generated in 214.84 sec
>F 1437978 cores checked in 583.55 sec
>A genbg n=6+15 e=33:33 d=4:0 D=7:3  class=12/200
>Z 1441027 graphs generated in 214.61 sec
>F 1441027 cores checked in 580.62 sec
>A genbg n=6+15 e=33:33 d=4:0 D=7:3  class=13/200
>Z 1439632 graphs generated in 214.53 sec
>F 1439632 cores checked in 581.18 sec
>A genbg n=6+15 e=33:33 d=4:0 D=7:3  class=14/200
>Z 1437632 graphs generated in 214.61 sec
>F 1437632 cores checked in 579.68 sec
>A genbg n=6+15 e=33:33 d=4:0 D=7:3  class=15/200
>Z 1432032 graphs generated in 214.43 sec
>F 1432032 cores checked in 576.17 sec
>A genbg n=6+15 e=33:33 d=4:0 D=7:3  class=16/200
>Z 1445624 graphs generated in 214.84 sec
>F 1445624 cores checked in 582.15 sec
>A genbg n=6+15 e=33:33 d=4:0 D=7:3  class=17/200
>Z 1431045 graphs generated in 214.47 sec
>F 1431045 cores checked in 576.70 sec
>A genbg n=6+15 e=33:33 d=4:0 D=7:3  class=18/200
>Z 1439779 graphs generated in 214.67 sec
>F 1439779 cores checked in 584.18 sec
>A genbg n=6+15 e=33:33 d=4:0 D=7:3  class=19/200
>Z 1432323 graphs generated in 214.84 sec
>F 1432323 cores checked in 577.94 sec
>A genbg n=6+15 e=33:33 d=4:0 D=7:3  class=20/200
>Z 1445626 graphs generated in 214.40 sec
>F 1445626 cores checked in 583.89 sec
>A genbg n=6+15 e=33:33 d=4:0 D=7:3  class=21/200
>Z 1430130 graphs generated in 214.48 sec
>F 1430130 cores checked in 577.49 sec
>A genbg n=6+15 e=33:33 d=4:0 D=7:3  class=22/200
>Z 1438452 graphs generated in 214.50 sec
>F 1438452 cores checked in 579.19 sec
>A genbg n=6+15 e=33:33 d=4:0 D=7:3  class=23/200
>Z 1433714 graphs generated in 214.60 sec
>F 1433714 cores checked in 582.11 sec
>A genbg n=6+15 e=33:33 d=4:0 D=7:3  class=24/200
>Z 1419765 graphs generated in 214.25 sec
>F 1419765 cores checked in 572.77 sec
>A genbg n=6+15 e=33:33 d=4:0 D=7:3  class=25/200
>Z 1422564 graphs generated in 214.58 sec
>F 1422564 cores checked in 576.20 sec
>A genbg n=6+15 e=33:33 d=4:0 D=7:3  class=26/200
>Z 1446504 graphs generated in 214.52 sec
>F 1446504 cores checked in 580.19 sec
>A genbg n=6+15 e=33:33 d=4:0 D=7:3  class=27/200
>Z 1435755 graphs generated in 214.37 sec
>F 1435755 cores checked in 579.27 sec
>A genbg n=6+15 e=33:33 d=4:0 D=7:3  class=28/200
>Z 1437461 graphs generated in 214.48 sec
>F 1437461 cores checked in 580.03 sec
>A genbg n=6+15 e=33:33 d=4:0 D=7:3  class=29/200
>Z 1437077 graphs generated in 214.45 sec
>F 1437077 cores checked in 585.40 sec
>A genbg n=6+15 e=33:33 d=4:0 D=7:3  class=30/200
>Z 1432811 graphs generated in 214.43 sec
>F 1432811 cores checked in 579.18 sec
>A genbg n=6+15 e=33:33 d=4:0 D=7:3  class=31/200
>Z 1429418 graphs generated in 214.51 sec
>F 1429418 cores checked in 574.82 sec
>A genbg n=6+15 e=33:33 d=4:0 D=7:3  class=32/200
>Z 1436109 graphs generated in 214.68 sec
>F 1436109 cores checked in 580.13 sec
>A genbg n=6+15 e=33:33 d=4:0 D=7:3  class=33/200
>Z 1431707 graphs generated in 215.38 sec
>F 1431707 cores checked in 575.87 sec
>A genbg n=6+15 e=33:33 d=4:0 D=7:3  class=34/200
>Z 1432650 graphs generated in 214.35 sec
>F 1432650 cores checked in 575.35 sec
>A genbg n=6+15 e=33:33 d=4:0 D=7:3  class=35/200
>Z 1418045 graphs generated in 214.53 sec
>F 1418045 cores checked in 571.33 sec
>A genbg n=6+15 e=33:33 d=4:0 D=7:3  class=36/200
>Z 1428863 graphs generated in 214.27 sec
>F 1428863 cores checked in 576.32 sec
>A genbg n=6+15 e=33:33 d=4:0 D=7:3  class=37/200
>Z 1431346 graphs generated in 214.38 sec
>F 1431346 cores checked in 575.03 sec
>A genbg n=6+15 e=33:33 d=4:0 D=7:3  class=38/200
>Z 1435336 graphs generated in 214.44 sec
>F 1435336 cores checked in 579.85 sec
>A genbg n=6+15 e=33:33 d=4:0 D=7:3  class=39/200
>Z 1430026 graphs generated in 214.55 sec
>F 1430026 cores checked in 577.32 sec
>A genbg n=6+15 e=33:33 d=4:0 D=7:3  class=40/200
>Z 1437353 graphs generated in 214.25 sec
>F 1437353 cores checked in 575.62 sec
>A genbg n=6+15 e=33:33 d=4:0 D=7:3  class=41/200
>Z 1421368 graphs generated in 214.15 sec
>F 1421368 cores checked in 572.49 sec
>A genbg n=6+15 e=33:33 d=4:0 D=7:3  class=42/200
>Z 1432164 graphs generated in 214.26 sec
>F 1432164 cores checked in 577.18 sec
>A genbg n=6+15 e=33:33 d=4:0 D=7:3  class=43/200
>Z 1438951 graphs generated in 214.36 sec
>F 1438951 cores checked in 582.57 sec
>A genbg n=6+15 e=33:33 d=4:0 D=7:3  class=44/200
>Z 1433783 graphs generated in 214.59 sec
>F 1433783 cores checked in 579.85 sec
>A genbg n=6+15 e=33:33 d=4:0 D=7:3  class=45/200
>Z 1434433 graphs generated in 214.53 sec
>F 1434433 cores checked in 576.95 sec
>A genbg n=6+15 e=33:33 d=4:0 D=7:3  class=46/200
>Z 1440478 graphs generated in 214.59 sec
>F 1440478 cores checked in 579.83 sec
>A genbg n=6+15 e=33:33 d=4:0 D=7:3  class=47/200
>Z 1442305 graphs generated in 214.42 sec
>F 1442305 cores checked in 581.28 sec
>A genbg n=6+15 e=33:33 d=4:0 D=7:3  class=48/200
>Z 1439009 graphs generated in 214.22 sec
>F 1439009 cores checked in 582.21 sec
>A genbg n=6+15 e=33:33 d=4:0 D=7:3  class=49/200
>Z 1446120 graphs generated in 214.45 sec
>F 1446120 cores checked in 583.45 sec
>A genbg n=6+15 e=33:33 d=4:0 D=7:3  class=50/200
>Z 1437007 graphs generated in 214.35 sec
>F 1437007 cores checked in 580.33 sec
>A genbg n=6+15 e=33:33 d=4:0 D=7:3  class=51/200
>Z 1434814 graphs generated in 214.36 sec
>F 1434814 cores checked in 579.89 sec
>A genbg n=6+15 e=33:33 d=4:0 D=7:3  class=52/200
>Z 1432824 graphs generated in 214.30 sec
>F 1432824 cores checked in 583.64 sec
>A genbg n=6+15 e=33:33 d=4:0 D=7:3  class=53/200
>Z 1449729 graphs generated in 214.50 sec
>F 1449729 cores checked in 586.10 sec
>A genbg n=6+15 e=33:33 d=4:0 D=7:3  class=54/200
>Z 1434780 graphs generated in 214.57 sec
>F 1434780 cores checked in 576.98 sec
>A genbg n=6+15 e=33:33 d=4:0 D=7:3  class=55/200
>Z 1441486 graphs generated in 214.63 sec
>F 1441486 cores checked in 578.71 sec
>A genbg n=6+15 e=33:33 d=4:0 D=7:3  class=56/200
>Z 1438744 graphs generated in 214.28 sec
>F 1438744 cores checked in 578.90 sec
>A genbg n=6+15 e=33:33 d=4:0 D=7:3  class=57/200
>Z 1440077 graphs generated in 214.49 sec
>F 1440077 cores checked in 580.24 sec
>A genbg n=6+15 e=33:33 d=4:0 D=7:3  class=58/200
>Z 1442110 graphs generated in 214.43 sec
>F 1442110 cores checked in 582.96 sec
>A genbg n=6+15 e=33:33 d=4:0 D=7:3  class=59/200
>Z 1438870 graphs generated in 214.59 sec
>F 1438870 cores checked in 579.30 sec
>A genbg n=6+15 e=33:33 d=4:0 D=7:3  class=60/200
>Z 1439319 graphs generated in 214.57 sec
>F 1439319 cores checked in 579.34 sec
>A genbg n=6+15 e=33:33 d=4:0 D=7:3  class=61/200
>Z 1434695 graphs generated in 214.49 sec
>F 1434695 cores checked in 579.47 sec
>A genbg n=6+15 e=33:33 d=4:0 D=7:3  class=62/200
>Z 1428716 graphs generated in 214.51 sec
>F 1428716 cores checked in 574.83 sec
>A genbg n=6+15 e=33:33 d=4:0 D=7:3  class=63/200
>Z 1441586 graphs generated in 214.50 sec
>F 1441586 cores checked in 583.09 sec
>A genbg n=6+15 e=33:33 d=4:0 D=7:3  class=64/200
>Z 1439786 graphs generated in 234.42 sec
>F 1439786 cores checked in 579.26 sec
>A genbg n=6+15 e=33:33 d=4:0 D=7:3  class=65/200
>Z 1424778 graphs generated in 215.10 sec
>F 1424778 cores checked in 577.20 sec
>A genbg n=6+15 e=33:33 d=4:0 D=7:3  class=66/200
>Z 1440442 graphs generated in 214.72 sec
>F 1440442 cores checked in 577.48 sec
>A genbg n=6+15 e=33:33 d=4:0 D=7:3  class=67/200
>Z 1440186 graphs generated in 214.28 sec
>F 1440186 cores checked in 579.51 sec
>A genbg n=6+15 e=33:33 d=4:0 D=7:3  class=68/200
>Z 1438959 graphs generated in 214.25 sec
>F 1438959 cores checked in 583.46 sec
>A genbg n=6+15 e=33:33 d=4:0 D=7:3  class=69/200
>Z 1441586 graphs generated in 214.53 sec
>F 1441586 cores checked in 582.63 sec
>A genbg n=6+15 e=33:33 d=4:0 D=7:3  class=70/200
>Z 1441970 graphs generated in 214.72 sec
>F 1441970 cores checked in 582.67 sec
>A genbg n=6+15 e=33:33 d=4:0 D=7:3  class=71/200
>Z 1433720 graphs generated in 214.44 sec
>F 1433720 cores checked in 578.73 sec
>A genbg n=6+15 e=33:33 d=4:0 D=7:3  class=72/200
>Z 1428736 graphs generated in 214.91 sec
>F 1428736 cores checked in 578.83 sec
>A genbg n=6+15 e=33:33 d=4:0 D=7:3  class=73/200
>Z 1434313 graphs generated in 214.35 sec
>F 1434313 cores checked in 581.91 sec
>A genbg n=6+15 e=33:33 d=4:0 D=7:3  class=74/200
>Z 1434684 graphs generated in 214.39 sec
>F 1434684 cores checked in 579.00 sec
>A genbg n=6+15 e=33:33 d=4:0 D=7:3  class=75/200
>Z 1431416 graphs generated in 214.28 sec
>F 1431416 cores checked in 576.80 sec
>A genbg n=6+15 e=33:33 d=4:0 D=7:3  class=76/200
>Z 1445341 graphs generated in 214.52 sec
>F 1445341 cores checked in 581.89 sec
>A genbg n=6+15 e=33:33 d=4:0 D=7:3  class=77/200
>Z 1436862 graphs generated in 214.44 sec
>F 1436862 cores checked in 578.85 sec
>A genbg n=6+15 e=33:33 d=4:0 D=7:3  class=78/200
>Z 1431554 graphs generated in 214.37 sec
>F 1431554 cores checked in 574.87 sec
>A genbg n=6+15 e=33:33 d=4:0 D=7:3  class=79/200
>Z 1434589 graphs generated in 214.38 sec
>F 1434589 cores checked in 576.27 sec
>A genbg n=6+15 e=33:33 d=4:0 D=7:3  class=80/200
>Z 1434688 graphs generated in 214.02 sec
>F 1434688 cores checked in 578.45 sec
>A genbg n=6+15 e=33:33 d=4:0 D=7:3  class=81/200
>Z 1422622 graphs generated in 214.00 sec
>F 1422622 cores checked in 574.70 sec
>A genbg n=6+15 e=33:33 d=4:0 D=7:3  class=82/200
>Z 1429149 graphs generated in 214.09 sec
>F 1429149 cores checked in 573.56 sec
>A genbg n=6+15 e=33:33 d=4:0 D=7:3  class=83/200
>Z 1438893 graphs generated in 213.91 sec
>F 1438893 cores checked in 580.76 sec
>A genbg n=6+15 e=33:33 d=4:0 D=7:3  class=84/200
>Z 1435477 graphs generated in 214.35 sec
>F 1435477 cores checked in 582.29 sec
>A genbg n=6+15 e=33:33 d=4:0 D=7:3  class=85/200
>Z 1436068 graphs generated in 214.19 sec
>F 1436068 cores checked in 579.75 sec
>A genbg n=6+15 e=33:33 d=4:0 D=7:3  class=86/200
>Z 1434985 graphs generated in 214.08 sec
>F 1434985 cores checked in 581.50 sec
>A genbg n=6+15 e=33:33 d=4:0 D=7:3  class=87/200
>Z 1432276 graphs generated in 214.36 sec
>F 1432276 cores checked in 580.53 sec
>A genbg n=6+15 e=33:33 d=4:0 D=7:3  class=88/200
>Z 1429598 graphs generated in 214.24 sec
>F 1429598 cores checked in 576.12 sec
>A genbg n=6+15 e=33:33 d=4:0 D=7:3  class=89/200
>Z 1439402 graphs generated in 214.22 sec
>F 1439402 cores checked in 579.95 sec
>A genbg n=6+15 e=33:33 d=4:0 D=7:3  class=90/200
>Z 1430924 graphs generated in 214.92 sec
>F 1430924 cores checked in 576.33 sec
>A genbg n=6+15 e=33:33 d=4:0 D=7:3  class=91/200
>Z 1430046 graphs generated in 214.28 sec
>F 1430046 cores checked in 575.38 sec
>A genbg n=6+15 e=33:33 d=4:0 D=7:3  class=92/200
>Z 1422568 graphs generated in 215.30 sec
>F 1422568 cores checked in 572.74 sec
>A genbg n=6+15 e=33:33 d=4:0 D=7:3  class=93/200
>Z 1434786 graphs generated in 214.93 sec
>F 1434786 cores checked in 576.41 sec
>A genbg n=6+15 e=33:33 d=4:0 D=7:3  class=94/200
>Z 1433204 graphs generated in 214.52 sec
>F 1433204 cores checked in 579.58 sec
>A genbg n=6+15 e=33:33 d=4:0 D=7:3  class=95/200
>Z 1430729 graphs generated in 214.26 sec
>F 1430729 cores checked in 573.42 sec
>A genbg n=6+15 e=33:33 d=4:0 D=7:3  class=96/200
>Z 1429443 graphs generated in 214.43 sec
>F 1429443 cores checked in 575.02 sec
>A genbg n=6+15 e=33:33 d=4:0 D=7:3  class=97/200
>Z 1426639 graphs generated in 214.21 sec
>F 1426639 cores checked in 573.15 sec
>A genbg n=6+15 e=33:33 d=4:0 D=7:3  class=98/200
>Z 1426579 graphs generated in 214.27 sec
>F 1426579 cores checked in 574.58 sec
>A genbg n=6+15 e=33:33 d=4:0 D=7:3  class=99/200
>Z 1433248 graphs generated in 214.58 sec
>F 1433248 cores checked in 576.96 sec
>A genbg n=6+15 e=33:33 d=4:0 D=7:3  class=100/200
>Z 1440407 graphs generated in 214.42 sec
>F 1440407 cores checked in 583.13 sec
>A genbg n=6+15 e=33:33 d=4:0 D=7:3  class=101/200
>Z 1414755 graphs generated in 214.32 sec
>F 1414755 cores checked in 572.03 sec
>A genbg n=6+15 e=33:33 d=4:0 D=7:3  class=102/200
>Z 1429171 graphs generated in 214.34 sec
>F 1429171 cores checked in 576.13 sec
>A genbg n=6+15 e=33:33 d=4:0 D=7:3  class=103/200
>Z 1435380 graphs generated in 214.55 sec
>F 1435380 cores checked in 579.48 sec
>A genbg n=6+15 e=33:33 d=4:0 D=7:3  class=104/200
>Z 1429849 graphs generated in 214.76 sec
>F 1429849 cores checked in 577.08 sec
>A genbg n=6+15 e=33:33 d=4:0 D=7:3  class=105/200
>Z 1427086 graphs generated in 214.25 sec
>F 1427086 cores checked in 579.28 sec
>A genbg n=6+15 e=33:33 d=4:0 D=7:3  class=106/200
>Z 1436482 graphs generated in 214.58 sec
>F 1436482 cores checked in 577.83 sec
>A genbg n=6+15 e=33:33 d=4:0 D=7:3  class=107/200
>Z 1429741 graphs generated in 214.40 sec
>F 1429741 cores checked in 575.40 sec
>A genbg n=6+15 e=33:33 d=4:0 D=7:3  class=108/200
>Z 1428108 graphs generated in 214.53 sec
>F 1428108 cores checked in 577.38 sec
>A genbg n=6+15 e=33:33 d=4:0 D=7:3  class=109/200
>Z 1444225 graphs generated in 214.45 sec
>F 1444225 cores checked in 580.68 sec
>A genbg n=6+15 e=33:33 d=4:0 D=7:3  class=110/200
>Z 1428549 graphs generated in 214.47 sec
>F 1428549 cores checked in 574.10 sec
>A genbg n=6+15 e=33:33 d=4:0 D=7:3  class=111/200
>Z 1429042 graphs generated in 214.72 sec
>F 1429042 cores checked in 573.11 sec
>A genbg n=6+15 e=33:33 d=4:0 D=7:3  class=112/200
>Z 1429758 graphs generated in 214.45 sec
>F 1429758 cores checked in 573.84 sec
>A genbg n=6+15 e=33:33 d=4:0 D=7:3  class=113/200
>Z 1434130 graphs generated in 214.59 sec
>F 1434130 cores checked in 578.68 sec
>A genbg n=6+15 e=33:33 d=4:0 D=7:3  class=114/200
>Z 1424746 graphs generated in 214.30 sec
>F 1424746 cores checked in 576.04 sec
>A genbg n=6+15 e=33:33 d=4:0 D=7:3  class=115/200
>Z 1430860 graphs generated in 214.34 sec
>F 1430860 cores checked in 576.47 sec
>A genbg n=6+15 e=33:33 d=4:0 D=7:3  class=116/200
>Z 1427769 graphs generated in 214.33 sec
>F 1427769 cores checked in 572.03 sec
>A genbg n=6+15 e=33:33 d=4:0 D=7:3  class=117/200
>Z 1435358 graphs generated in 214.29 sec
>F 1435358 cores checked in 579.77 sec
>A genbg n=6+15 e=33:33 d=4:0 D=7:3  class=118/200
>Z 1430534 graphs generated in 214.06 sec
>F 1430534 cores checked in 577.02 sec
>A genbg n=6+15 e=33:33 d=4:0 D=7:3  class=119/200
>Z 1428885 graphs generated in 214.38 sec
>F 1428885 cores checked in 578.11 sec
>A genbg n=6+15 e=33:33 d=4:0 D=7:3  class=120/200
>Z 1437777 graphs generated in 214.43 sec
>F 1437777 cores checked in 577.08 sec
>A genbg n=6+15 e=33:33 d=4:0 D=7:3  class=121/200
>Z 1426005 graphs generated in 214.46 sec
>F 1426005 cores checked in 574.64 sec
>A genbg n=6+15 e=33:33 d=4:0 D=7:3  class=122/200
>Z 1433977 graphs generated in 214.42 sec
>F 1433977 cores checked in 575.31 sec
>A genbg n=6+15 e=33:33 d=4:0 D=7:3  class=123/200
>Z 1436453 graphs generated in 214.05 sec
>F 1436453 cores checked in 576.46 sec
>A genbg n=6+15 e=33:33 d=4:0 D=7:3  class=124/200
>Z 1428572 graphs generated in 214.05 sec
>F 1428572 cores checked in 573.83 sec
>A genbg n=6+15 e=33:33 d=4:0 D=7:3  class=125/200
>Z 1424078 graphs generated in 214.11 sec
>F 1424078 cores checked in 575.43 sec
>A genbg n=6+15 e=33:33 d=4:0 D=7:3  class=126/200
>Z 1442392 graphs generated in 214.69 sec
>F 1442392 cores checked in 578.64 sec
>A genbg n=6+15 e=33:33 d=4:0 D=7:3  class=127/200
>Z 1429926 graphs generated in 214.10 sec
>F 1429926 cores checked in 574.45 sec
>A genbg n=6+15 e=33:33 d=4:0 D=7:3  class=128/200
>Z 1425743 graphs generated in 214.01 sec
>F 1425743 cores checked in 571.58 sec
>A genbg n=6+15 e=33:33 d=4:0 D=7:3  class=129/200
>Z 1431787 graphs generated in 214.13 sec
>F 1431787 cores checked in 577.74 sec
>A genbg n=6+15 e=33:33 d=4:0 D=7:3  class=130/200
>Z 1428153 graphs generated in 214.37 sec
>F 1428153 cores checked in 577.74 sec
>A genbg n=6+15 e=33:33 d=4:0 D=7:3  class=131/200
>Z 1425810 graphs generated in 214.64 sec
>F 1425810 cores checked in 571.99 sec
>A genbg n=6+15 e=33:33 d=4:0 D=7:3  class=132/200
>Z 1434749 graphs generated in 214.56 sec
>F 1434749 cores checked in 574.42 sec
>A genbg n=6+15 e=33:33 d=4:0 D=7:3  class=133/200
>Z 1433603 graphs generated in 215.17 sec
>F 1433603 cores checked in 573.72 sec
>A genbg n=6+15 e=33:33 d=4:0 D=7:3  class=134/200
>Z 1434907 graphs generated in 214.53 sec
>F 1434907 cores checked in 575.08 sec
>A genbg n=6+15 e=33:33 d=4:0 D=7:3  class=135/200
>Z 1434372 graphs generated in 214.53 sec
>F 1434372 cores checked in 580.70 sec
>A genbg n=6+15 e=33:33 d=4:0 D=7:3  class=136/200
>Z 1429823 graphs generated in 214.64 sec
>F 1429823 cores checked in 577.54 sec
>A genbg n=6+15 e=33:33 d=4:0 D=7:3  class=137/200
>Z 1430406 graphs generated in 215.07 sec
>F 1430406 cores checked in 572.58 sec
>A genbg n=6+15 e=33:33 d=4:0 D=7:3  class=138/200
>Z 1433857 graphs generated in 214.52 sec
>F 1433857 cores checked in 573.89 sec
>A genbg n=6+15 e=33:33 d=4:0 D=7:3  class=139/200
>Z 1432713 graphs generated in 214.47 sec
>F 1432713 cores checked in 574.65 sec
>A genbg n=6+15 e=33:33 d=4:0 D=7:3  class=140/200
>Z 1427640 graphs generated in 214.57 sec
>F 1427640 cores checked in 573.91 sec
>A genbg n=6+15 e=33:33 d=4:0 D=7:3  class=141/200
>Z 1415274 graphs generated in 214.40 sec
>F 1415274 cores checked in 573.34 sec
>A genbg n=6+15 e=33:33 d=4:0 D=7:3  class=142/200
>Z 1418892 graphs generated in 215.04 sec
>F 1418892 cores checked in 571.22 sec
>A genbg n=6+15 e=33:33 d=4:0 D=7:3  class=143/200
>Z 1423883 graphs generated in 214.40 sec
>F 1423883 cores checked in 573.84 sec
>A genbg n=6+15 e=33:33 d=4:0 D=7:3  class=144/200
>Z 1425131 graphs generated in 214.50 sec
>F 1425131 cores checked in 571.89 sec
>A genbg n=6+15 e=33:33 d=4:0 D=7:3  class=145/200
>Z 1418040 graphs generated in 214.28 sec
>F 1418040 cores checked in 568.75 sec
>A genbg n=6+15 e=33:33 d=4:0 D=7:3  class=146/200
>Z 1432171 graphs generated in 214.81 sec
>F 1432171 cores checked in 572.63 sec
>A genbg n=6+15 e=33:33 d=4:0 D=7:3  class=147/200
>Z 1440123 graphs generated in 214.49 sec
>F 1440123 cores checked in 578.99 sec
>A genbg n=6+15 e=33:33 d=4:0 D=7:3  class=148/200
>Z 1430840 graphs generated in 214.55 sec
>F 1430840 cores checked in 576.17 sec
>A genbg n=6+15 e=33:33 d=4:0 D=7:3  class=149/200
>Z 1439758 graphs generated in 214.29 sec
>F 1439758 cores checked in 578.36 sec
>A genbg n=6+15 e=33:33 d=4:0 D=7:3  class=150/200
>Z 1431507 graphs generated in 214.55 sec
>F 1431507 cores checked in 578.67 sec
>A genbg n=6+15 e=33:33 d=4:0 D=7:3  class=151/200
>Z 1420751 graphs generated in 214.39 sec
>F 1420751 cores checked in 572.51 sec
>A genbg n=6+15 e=33:33 d=4:0 D=7:3  class=152/200
>Z 1432354 graphs generated in 214.64 sec
>F 1432354 cores checked in 581.79 sec
>A genbg n=6+15 e=33:33 d=4:0 D=7:3  class=153/200
>Z 1433659 graphs generated in 215.34 sec
>F 1433659 cores checked in 574.75 sec
>A genbg n=6+15 e=33:33 d=4:0 D=7:3  class=154/200
>Z 1429619 graphs generated in 214.26 sec
>F 1429619 cores checked in 573.80 sec
>A genbg n=6+15 e=33:33 d=4:0 D=7:3  class=155/200
>Z 1438695 graphs generated in 214.66 sec
>F 1438695 cores checked in 582.70 sec
>A genbg n=6+15 e=33:33 d=4:0 D=7:3  class=156/200
>Z 1441716 graphs generated in 214.49 sec
>F 1441716 cores checked in 577.66 sec
>A genbg n=6+15 e=33:33 d=4:0 D=7:3  class=157/200
>Z 1432757 graphs generated in 214.43 sec
>F 1432757 cores checked in 573.78 sec
>A genbg n=6+15 e=33:33 d=4:0 D=7:3  class=158/200
>Z 1433566 graphs generated in 214.53 sec
>F 1433566 cores checked in 573.58 sec
>A genbg n=6+15 e=33:33 d=4:0 D=7:3  class=159/200
>Z 1440522 graphs generated in 214.34 sec
>F 1440522 cores checked in 580.49 sec
>A genbg n=6+15 e=33:33 d=4:0 D=7:3  class=160/200
>Z 1433350 graphs generated in 214.31 sec
>F 1433350 cores checked in 575.33 sec
>A genbg n=6+15 e=33:33 d=4:0 D=7:3  class=161/200
>Z 1424043 graphs generated in 214.29 sec
>F 1424043 cores checked in 575.69 sec
>A genbg n=6+15 e=33:33 d=4:0 D=7:3  class=162/200
>Z 1427351 graphs generated in 214.17 sec
>F 1427351 cores checked in 574.37 sec
>A genbg n=6+15 e=33:33 d=4:0 D=7:3  class=163/200
>Z 1441611 graphs generated in 214.46 sec
>F 1441611 cores checked in 580.13 sec
>A genbg n=6+15 e=33:33 d=4:0 D=7:3  class=164/200
>Z 1430287 graphs generated in 214.37 sec
>F 1430287 cores checked in 574.33 sec
>A genbg n=6+15 e=33:33 d=4:0 D=7:3  class=165/200
>Z 1429111 graphs generated in 214.26 sec
>F 1429111 cores checked in 573.09 sec
>A genbg n=6+15 e=33:33 d=4:0 D=7:3  class=166/200
>Z 1441336 graphs generated in 214.00 sec
>F 1441336 cores checked in 581.62 sec
>A genbg n=6+15 e=33:33 d=4:0 D=7:3  class=167/200
>Z 1441568 graphs generated in 214.61 sec
>F 1441568 cores checked in 581.31 sec
>A genbg n=6+15 e=33:33 d=4:0 D=7:3  class=168/200
>Z 1438894 graphs generated in 214.22 sec
>F 1438894 cores checked in 578.25 sec
>A genbg n=6+15 e=33:33 d=4:0 D=7:3  class=169/200
>Z 1448338 graphs generated in 214.16 sec
>F 1448338 cores checked in 584.57 sec
>A genbg n=6+15 e=33:33 d=4:0 D=7:3  class=170/200
>Z 1431043 graphs generated in 214.54 sec
>F 1431043 cores checked in 573.95 sec
>A genbg n=6+15 e=33:33 d=4:0 D=7:3  class=171/200
>Z 1429718 graphs generated in 214.30 sec
>F 1429718 cores checked in 576.59 sec
>A genbg n=6+15 e=33:33 d=4:0 D=7:3  class=172/200
>Z 1431319 graphs generated in 214.60 sec
>F 1431319 cores checked in 576.56 sec
>A genbg n=6+15 e=33:33 d=4:0 D=7:3  class=173/200
>Z 1445453 graphs generated in 214.81 sec
>F 1445453 cores checked in 583.12 sec
>A genbg n=6+15 e=33:33 d=4:0 D=7:3  class=174/200
>Z 1430141 graphs generated in 214.47 sec
>F 1430141 cores checked in 577.29 sec
>A genbg n=6+15 e=33:33 d=4:0 D=7:3  class=175/200
>Z 1435169 graphs generated in 214.87 sec
>F 1435169 cores checked in 578.45 sec
>A genbg n=6+15 e=33:33 d=4:0 D=7:3  class=176/200
>Z 1433564 graphs generated in 214.76 sec
>F 1433564 cores checked in 578.80 sec
>A genbg n=6+15 e=33:33 d=4:0 D=7:3  class=177/200
>Z 1436227 graphs generated in 214.33 sec
>F 1436227 cores checked in 576.04 sec
>A genbg n=6+15 e=33:33 d=4:0 D=7:3  class=178/200
>Z 1432559 graphs generated in 214.59 sec
>F 1432559 cores checked in 574.46 sec
>A genbg n=6+15 e=33:33 d=4:0 D=7:3  class=179/200
>Z 1430843 graphs generated in 214.59 sec
>F 1430843 cores checked in 576.70 sec
>A genbg n=6+15 e=33:33 d=4:0 D=7:3  class=180/200
>Z 1437607 graphs generated in 214.69 sec
>F 1437607 cores checked in 579.42 sec
>A genbg n=6+15 e=33:33 d=4:0 D=7:3  class=181/200
>Z 1426781 graphs generated in 214.45 sec
>F 1426781 cores checked in 576.99 sec
>A genbg n=6+15 e=33:33 d=4:0 D=7:3  class=182/200
>Z 1423767 graphs generated in 214.55 sec
>F 1423767 cores checked in 569.23 sec
>A genbg n=6+15 e=33:33 d=4:0 D=7:3  class=183/200
>Z 1429084 graphs generated in 214.42 sec
>F 1429084 cores checked in 573.98 sec
>A genbg n=6+15 e=33:33 d=4:0 D=7:3  class=184/200
>Z 1429561 graphs generated in 214.52 sec
>F 1429561 cores checked in 574.27 sec
>A genbg n=6+15 e=33:33 d=4:0 D=7:3  class=185/200
>Z 1433980 graphs generated in 214.70 sec
>F 1433980 cores checked in 578.30 sec
>A genbg n=6+15 e=33:33 d=4:0 D=7:3  class=186/200
>Z 1443435 graphs generated in 214.68 sec
>F 1443435 cores checked in 580.29 sec
>A genbg n=6+15 e=33:33 d=4:0 D=7:3  class=187/200
>Z 1444276 graphs generated in 214.71 sec
>F 1444276 cores checked in 576.80 sec
>A genbg n=6+15 e=33:33 d=4:0 D=7:3  class=188/200
>Z 1438578 graphs generated in 214.53 sec
>F 1438578 cores checked in 579.25 sec
>A genbg n=6+15 e=33:33 d=4:0 D=7:3  class=189/200
>Z 1447992 graphs generated in 214.66 sec
>F 1447992 cores checked in 580.12 sec
>A genbg n=6+15 e=33:33 d=4:0 D=7:3  class=190/200
>Z 1433948 graphs generated in 214.90 sec
>F 1433948 cores checked in 580.07 sec
>A genbg n=6+15 e=33:33 d=4:0 D=7:3  class=191/200
>Z 1427702 graphs generated in 214.46 sec
>F 1427702 cores checked in 572.07 sec
>A genbg n=6+15 e=33:33 d=4:0 D=7:3  class=192/200
>Z 1433691 graphs generated in 214.90 sec
>F 1433691 cores checked in 576.81 sec
>A genbg n=6+15 e=33:33 d=4:0 D=7:3  class=193/200
>Z 1435716 graphs generated in 214.65 sec
>F 1435716 cores checked in 578.68 sec
>A genbg n=6+15 e=33:33 d=4:0 D=7:3  class=194/200
>Z 1422569 graphs generated in 214.62 sec
>F 1422569 cores checked in 569.95 sec
>A genbg n=6+15 e=33:33 d=4:0 D=7:3  class=195/200
>Z 1432432 graphs generated in 214.81 sec
>F 1432432 cores checked in 576.79 sec
>A genbg n=6+15 e=33:33 d=4:0 D=7:3  class=196/200
>Z 1435773 graphs generated in 214.47 sec
>F 1435773 cores checked in 578.36 sec
>A genbg n=6+15 e=33:33 d=4:0 D=7:3  class=197/200
>Z 1428646 graphs generated in 214.63 sec
>F 1428646 cores checked in 575.56 sec
>A genbg n=6+15 e=33:33 d=4:0 D=7:3  class=198/200
>Z 1438493 graphs generated in 214.57 sec
>F 1438493 cores checked in 578.04 sec
>A genbg n=6+15 e=33:33 d=4:0 D=7:3  class=199/200
>Z 1438192 graphs generated in 214.90 sec
>F 1438192 cores checked in 580.82 sec



=== Total number of graphs generated: 286752318
=== Total number of graphs checked: 286752318
=== Total time for generation: 42919.92 seconds
=== Total time for checking: 115517.83 seconds
=== Total number of exceptional graphs: 0

