=== Log file for genbg_-d6:0_-D8:3_4_16_30:30



>A genbg n=4+16 e=30:30 d=6:0 D=8:3  class=0/200
>Z 122 graphs generated in 1.03 sec
>F 122 cores checked in 0.07 sec
>A genbg n=4+16 e=30:30 d=6:0 D=8:3  class=1/200
>Z 152 graphs generated in 1.20 sec
>F 152 cores checked in 0.09 sec
>A genbg n=4+16 e=30:30 d=6:0 D=8:3  class=2/200
>Z 108 graphs generated in 0.94 sec
>F 108 cores checked in 0.06 sec
>A genbg n=4+16 e=30:30 d=6:0 D=8:3  class=3/200
>Z 115 graphs generated in 1.21 sec
>F 115 cores checked in 0.07 sec
>A genbg n=4+16 e=30:30 d=6:0 D=8:3  class=4/200
>Z 123 graphs generated in 1.22 sec
>F 123 cores checked in 0.07 sec
>A genbg n=4+16 e=30:30 d=6:0 D=8:3  class=5/200
>Z 103 graphs generated in 1.15 sec
>F 103 cores checked in 0.06 sec
>A genbg n=4+16 e=30:30 d=6:0 D=8:3  class=6/200
>Z 121 graphs generated in 1.19 sec
>F 121 cores checked in 0.07 sec
>A genbg n=4+16 e=30:30 d=6:0 D=8:3  class=7/200
>Z 129 graphs generated in 1.03 sec
>F 129 cores checked in 0.07 sec
>A genbg n=4+16 e=30:30 d=6:0 D=8:3  class=8/200
>Z 123 graphs generated in 1.20 sec
>F 123 cores checked in 0.07 sec
>A genbg n=4+16 e=30:30 d=6:0 D=8:3  class=9/200
>Z 100 graphs generated in 1.20 sec
>F 100 cores checked in 0.06 sec
>A genbg n=4+16 e=30:30 d=6:0 D=8:3  class=10/200
>Z 109 graphs generated in 1.20 sec
>F 109 cores checked in 0.06 sec
>A genbg n=4+16 e=30:30 d=6:0 D=8:3  class=11/200
>Z 117 graphs generated in 0.94 sec
>F 117 cores checked in 0.07 sec
>A genbg n=4+16 e=30:30 d=6:0 D=8:3  class=12/200
>Z 94 graphs generated in 1.21 sec
>F 94 cores checked in 0.05 sec
>A genbg n=4+16 e=30:30 d=6:0 D=8:3  class=13/200
>Z 118 graphs generated in 0.90 sec
>F 118 cores checked in 0.06 sec
>A genbg n=4+16 e=30:30 d=6:0 D=8:3  class=14/200
>Z 118 graphs generated in 0.89 sec
>F 118 cores checked in 0.06 sec
>A genbg n=4+16 e=30:30 d=6:0 D=8:3  class=15/200
>Z 113 graphs generated in 1.04 sec
>F 113 cores checked in 0.06 sec
>A genbg n=4+16 e=30:30 d=6:0 D=8:3  class=16/200
>Z 136 graphs generated in 1.20 sec
>F 136 cores checked in 0.08 sec
>A genbg n=4+16 e=30:30 d=6:0 D=8:3  class=17/200
>Z 119 graphs generated in 0.96 sec
>F 119 cores checked in 0.07 sec
>A genbg n=4+16 e=30:30 d=6:0 D=8:3  class=18/200
>Z 117 graphs generated in 1.12 sec
>F 117 cores checked in 0.07 sec
>A genbg n=4+16 e=30:30 d=6:0 D=8:3  class=19/200
>Z 155 graphs generated in 1.20 sec
>F 155 cores checked in 0.09 sec
>A genbg n=4+16 e=30:30 d=6:0 D=8:3  class=20/200
>Z 123 graphs generated in 1.20 sec
>F 123 cores checked in 0.07 sec
>A genbg n=4+16 e=30:30 d=6:0 D=8:3  class=21/200
>Z 125 graphs generated in 1.20 sec
>F 125 cores checked in 0.07 sec
>A genbg n=4+16 e=30:30 d=6:0 D=8:3  class=22/200
>Z 150 graphs generated in 1.15 sec
>F 150 cores checked in 0.08 sec
>A genbg n=4+16 e=30:30 d=6:0 D=8:3  class=23/200
>Z 124 graphs generated in 0.97 sec
>F 124 cores checked in 0.07 sec
>A genbg n=4+16 e=30:30 d=6:0 D=8:3  class=24/200
>Z 106 graphs generated in 1.20 sec
>F 106 cores checked in 0.06 sec
>A genbg n=4+16 e=30:30 d=6:0 D=8:3  class=25/200
>Z 140 graphs generated in 0.96 sec
>F 140 cores checked in 0.08 sec
>A genbg n=4+16 e=30:30 d=6:0 D=8:3  class=26/200
>Z 132 graphs generated in 1.21 sec
>F 132 cores checked in 0.07 sec
>A genbg n=4+16 e=30:30 d=6:0 D=8:3  class=27/200
>Z 118 graphs generated in 1.21 sec
>F 118 cores checked in 0.06 sec
>A genbg n=4+16 e=30:30 d=6:0 D=8:3  class=28/200
>Z 132 graphs generated in 1.21 sec
>F 132 cores checked in 0.07 sec
>A genbg n=4+16 e=30:30 d=6:0 D=8:3  class=29/200
>Z 108 graphs generated in 0.90 sec
>F 108 cores checked in 0.06 sec
>A genbg n=4+16 e=30:30 d=6:0 D=8:3  class=30/200
>Z 117 graphs generated in 0.81 sec
>F 117 cores checked in 0.06 sec
>A genbg n=4+16 e=30:30 d=6:0 D=8:3  class=31/200
>Z 146 graphs generated in 1.20 sec
>F 146 cores checked in 0.08 sec
>A genbg n=4+16 e=30:30 d=6:0 D=8:3  class=32/200
>Z 106 graphs generated in 0.95 sec
>F 106 cores checked in 0.06 sec
>A genbg n=4+16 e=30:30 d=6:0 D=8:3  class=33/200
>Z 130 graphs generated in 1.13 sec
>F 130 cores checked in 0.07 sec
>A genbg n=4+16 e=30:30 d=6:0 D=8:3  class=34/200
>Z 118 graphs generated in 1.20 sec
>F 118 cores checked in 0.06 sec
>A genbg n=4+16 e=30:30 d=6:0 D=8:3  class=35/200
>Z 130 graphs generated in 1.20 sec
>F 130 cores checked in 0.07 sec
>A genbg n=4+16 e=30:30 d=6:0 D=8:3  class=36/200
>Z 123 graphs generated in 1.08 sec
>F 123 cores checked in 0.07 sec
>A genbg n=4+16 e=30:30 d=6:0 D=8:3  class=37/200
>Z 127 graphs generated in 1.22 sec
>F 127 cores checked in 0.07 sec
>A genbg n=4+16 e=30:30 d=6:0 D=8:3  class=38/200
>Z 135 graphs generated in 1.04 sec
>F 135 cores checked in 0.07 sec
>A genbg n=4+16 e=30:30 d=6:0 D=8:3  class=39/200
>Z 124 graphs generated in 0.91 sec
>F 124 cores checked in 0.07 sec
>A genbg n=4+16 e=30:30 d=6:0 D=8:3  class=40/200
>Z 107 graphs generated in 1.22 sec
>F 107 cores checked in 0.06 sec
>A genbg n=4+16 e=30:30 d=6:0 D=8:3  class=41/200
>Z 135 graphs generated in 1.21 sec
>F 135 cores checked in 0.08 sec
>A genbg n=4+16 e=30:30 d=6:0 D=8:3  class=42/200
>Z 151 graphs generated in 1.21 sec
>F 151 cores checked in 0.08 sec
>A genbg n=4+16 e=30:30 d=6:0 D=8:3  class=43/200
>Z 111 graphs generated in 1.17 sec
>F 111 cores checked in 0.06 sec
>A genbg n=4+16 e=30:30 d=6:0 D=8:3  class=44/200
>Z 113 graphs generated in 1.20 sec
>F 113 cores checked in 0.06 sec
>A genbg n=4+16 e=30:30 d=6:0 D=8:3  class=45/200
>Z 125 graphs generated in 1.22 sec
>F 125 cores checked in 0.07 sec
>A genbg n=4+16 e=30:30 d=6:0 D=8:3  class=46/200
>Z 145 graphs generated in 1.02 sec
>F 145 cores checked in 0.08 sec
>A genbg n=4+16 e=30:30 d=6:0 D=8:3  class=47/200
>Z 106 graphs generated in 0.85 sec
>F 106 cores checked in 0.06 sec
>A genbg n=4+16 e=30:30 d=6:0 D=8:3  class=48/200
>Z 119 graphs generated in 1.22 sec
>F 119 cores checked in 0.07 sec
>A genbg n=4+16 e=30:30 d=6:0 D=8:3  class=49/200
>Z 141 graphs generated in 1.21 sec
>F 141 cores checked in 0.08 sec
>A genbg n=4+16 e=30:30 d=6:0 D=8:3  class=50/200
>Z 138 graphs generated in 1.03 sec
>F 138 cores checked in 0.08 sec
>A genbg n=4+16 e=30:30 d=6:0 D=8:3  class=51/200
>Z 141 graphs generated in 1.10 sec
>F 141 cores checked in 0.08 sec
>A genbg n=4+16 e=30:30 d=6:0 D=8:3  class=52/200
>Z 115 graphs generated in 1.21 sec
>F 115 cores checked in 0.06 sec
>A genbg n=4+16 e=30:30 d=6:0 D=8:3  class=53/200
>Z 121 graphs generated in 1.25 sec
>F 121 cores checked in 0.06 sec
>A genbg n=4+16 e=30:30 d=6:0 D=8:3  class=54/200
>Z 134 graphs generated in 1.20 sec
>F 134 cores checked in 0.07 sec
>A genbg n=4+16 e=30:30 d=6:0 D=8:3  class=55/200
>Z 130 graphs generated in 1.16 sec
>F 130 cores checked in 0.07 sec
>A genbg n=4+16 e=30:30 d=6:0 D=8:3  class=56/200
>Z 149 graphs generated in 1.20 sec
>F 149 cores checked in 0.08 sec
>A genbg n=4+16 e=30:30 d=6:0 D=8:3  class=57/200
>Z 130 graphs generated in 1.21 sec
>F 130 cores checked in 0.07 sec
>A genbg n=4+16 e=30:30 d=6:0 D=8:3  class=58/200
>Z 141 graphs generated in 1.20 sec
>F 141 cores checked in 0.08 sec
>A genbg n=4+16 e=30:30 d=6:0 D=8:3  class=59/200
>Z 137 graphs generated in 1.00 sec
>F 137 cores checked in 0.07 sec
>A genbg n=4+16 e=30:30 d=6:0 D=8:3  class=60/200
>Z 116 graphs generated in 1.21 sec
>F 116 cores checked in 0.06 sec
>A genbg n=4+16 e=30:30 d=6:0 D=8:3  class=61/200
>Z 129 graphs generated in 1.22 sec
>F 129 cores checked in 0.07 sec
>A genbg n=4+16 e=30:30 d=6:0 D=8:3  class=62/200
>Z 119 graphs generated in 1.22 sec
>F 119 cores checked in 0.07 sec
>A genbg n=4+16 e=30:30 d=6:0 D=8:3  class=63/200
>Z 137 graphs generated in 1.13 sec
>F 137 cores checked in 0.08 sec
>A genbg n=4+16 e=30:30 d=6:0 D=8:3  class=64/200
>Z 126 graphs generated in 0.91 sec
>F 126 cores checked in 0.07 sec
>A genbg n=4+16 e=30:30 d=6:0 D=8:3  class=65/200
>Z 132 graphs generated in 1.22 sec
>F 132 cores checked in 0.07 sec
>A genbg n=4+16 e=30:30 d=6:0 D=8:3  class=66/200
>Z 134 graphs generated in 0.81 sec
>F 134 cores checked in 0.07 sec
>A genbg n=4+16 e=30:30 d=6:0 D=8:3  class=67/200
>Z 93 graphs generated in 1.20 sec
>F 93 cores checked in 0.05 sec
>A genbg n=4+16 e=30:30 d=6:0 D=8:3  class=68/200
>Z 140 graphs generated in 0.93 sec
>F 140 cores checked in 0.08 sec
>A genbg n=4+16 e=30:30 d=6:0 D=8:3  class=69/200
>Z 148 graphs generated in 0.74 sec
>F 148 cores checked in 0.08 sec
>A genbg n=4+16 e=30:30 d=6:0 D=8:3  class=70/200
>Z 128 graphs generated in 1.21 sec
>F 128 cores checked in 0.07 sec
>A genbg n=4+16 e=30:30 d=6:0 D=8:3  class=71/200
>Z 117 graphs generated in 1.02 sec
>F 117 cores checked in 0.06 sec
>A genbg n=4+16 e=30:30 d=6:0 D=8:3  class=72/200
>Z 123 graphs generated in 0.88 sec
>F 123 cores checked in 0.07 sec
>A genbg n=4+16 e=30:30 d=6:0 D=8:3  class=73/200
>Z 140 graphs generated in 1.09 sec
>F 140 cores checked in 0.08 sec
>A genbg n=4+16 e=30:30 d=6:0 D=8:3  class=74/200
>Z 128 graphs generated in 0.73 sec
>F 128 cores checked in 0.07 sec
>A genbg n=4+16 e=30:30 d=6:0 D=8:3  class=75/200
>Z 133 graphs generated in 1.20 sec
>F 133 cores checked in 0.08 sec
>A genbg n=4+16 e=30:30 d=6:0 D=8:3  class=76/200
>Z 130 graphs generated in 1.20 sec
>F 130 cores checked in 0.07 sec
>A genbg n=4+16 e=30:30 d=6:0 D=8:3  class=77/200
>Z 147 graphs generated in 1.20 sec
>F 147 cores checked in 0.08 sec
>A genbg n=4+16 e=30:30 d=6:0 D=8:3  class=78/200
>Z 139 graphs generated in 1.18 sec
>F 139 cores checked in 0.07 sec
>A genbg n=4+16 e=30:30 d=6:0 D=8:3  class=79/200
>Z 136 graphs generated in 1.01 sec
>F 136 cores checked in 0.07 sec
>A genbg n=4+16 e=30:30 d=6:0 D=8:3  class=80/200
>Z 135 graphs generated in 1.21 sec
>F 135 cores checked in 0.07 sec
>A genbg n=4+16 e=30:30 d=6:0 D=8:3  class=81/200
>Z 116 graphs generated in 1.02 sec
>F 116 cores checked in 0.06 sec
>A genbg n=4+16 e=30:30 d=6:0 D=8:3  class=82/200
>Z 114 graphs generated in 1.21 sec
>F 114 cores checked in 0.06 sec
>A genbg n=4+16 e=30:30 d=6:0 D=8:3  class=83/200
>Z 155 graphs generated in 1.20 sec
>F 155 cores checked in 0.09 sec
>A genbg n=4+16 e=30:30 d=6:0 D=8:3  class=84/200
>Z 118 graphs generated in 1.21 sec
>F 118 cores checked in 0.07 sec
>A genbg n=4+16 e=30:30 d=6:0 D=8:3  class=85/200
>Z 127 graphs generated in 1.00 sec
>F 127 cores checked in 0.07 sec
>A genbg n=4+16 e=30:30 d=6:0 D=8:3  class=86/200
>Z 123 graphs generated in 1.05 sec
>F 123 cores checked in 0.07 sec
>A genbg n=4+16 e=30:30 d=6:0 D=8:3  class=87/200
>Z 135 graphs generated in 1.21 sec
>F 135 cores checked in 0.08 sec
>A genbg n=4+16 e=30:30 d=6:0 D=8:3  class=88/200
>Z 119 graphs generated in 1.21 sec
>F 119 cores checked in 0.07 sec
>A genbg n=4+16 e=30:30 d=6:0 D=8:3  class=89/200
>Z 130 graphs generated in 1.21 sec
>F 130 cores checked in 0.07 sec
>A genbg n=4+16 e=30:30 d=6:0 D=8:3  class=90/200
>Z 131 graphs generated in 1.18 sec
>F 131 cores checked in 0.07 sec
>A genbg n=4+16 e=30:30 d=6:0 D=8:3  class=91/200
>Z 109 graphs generated in 1.23 sec
>F 109 cores checked in 0.06 sec
>A genbg n=4+16 e=30:30 d=6:0 D=8:3  class=92/200
>Z 137 graphs generated in 1.20 sec
>F 137 cores checked in 0.08 sec
>A genbg n=4+16 e=30:30 d=6:0 D=8:3  class=93/200
>Z 113 graphs generated in 1.20 sec
>F 113 cores checked in 0.06 sec
>A genbg n=4+16 e=30:30 d=6:0 D=8:3  class=94/200
>Z 122 graphs generated in 0.88 sec
>F 122 cores checked in 0.07 sec
>A genbg n=4+16 e=30:30 d=6:0 D=8:3  class=95/200
>Z 105 graphs generated in 1.20 sec
>F 105 cores checked in 0.06 sec
>A genbg n=4+16 e=30:30 d=6:0 D=8:3  class=96/200
>Z 121 graphs generated in 1.06 sec
>F 121 cores checked in 0.07 sec
>A genbg n=4+16 e=30:30 d=6:0 D=8:3  class=97/200
>Z 122 graphs generated in 1.19 sec
>F 122 cores checked in 0.07 sec
>A genbg n=4+16 e=30:30 d=6:0 D=8:3  class=98/200
>Z 104 graphs generated in 1.21 sec
>F 104 cores checked in 0.06 sec
>A genbg n=4+16 e=30:30 d=6:0 D=8:3  class=99/200
>Z 107 graphs generated in 1.14 sec
>F 107 cores checked in 0.06 sec
>A genbg n=4+16 e=30:30 d=6:0 D=8:3  class=100/200
>Z 125 graphs generated in 1.12 sec
>F 125 cores checked in 0.07 sec
>A genbg n=4+16 e=30:30 d=6:0 D=8:3  class=101/200
>Z 114 graphs generated in 1.02 sec
>F 114 cores checked in 0.06 sec
>A genbg n=4+16 e=30:30 d=6:0 D=8:3  class=102/200
>Z 112 graphs generated in 1.20 sec
>F 112 cores checked in 0.06 sec
>A genbg n=4+16 e=30:30 d=6:0 D=8:3  class=103/200
>Z 130 graphs generated in 1.09 sec
>F 130 cores checked in 0.07 sec
>A genbg n=4+16 e=30:30 d=6:0 D=8:3  class=104/200
>Z 102 graphs generated in 1.21 sec
>F 102 cores checked in 0.05 sec
>A genbg n=4+16 e=30:30 d=6:0 D=8:3  class=105/200
>Z 119 graphs generated in 1.21 sec
>F 119 cores checked in 0.06 sec
>A genbg n=4+16 e=30:30 d=6:0 D=8:3  class=106/200
>Z 129 graphs generated in 1.10 sec
>F 129 cores checked in 0.07 sec
>A genbg n=4+16 e=30:30 d=6:0 D=8:3  class=107/200
>Z 140 graphs generated in 1.21 sec
>F 140 cores checked in 0.08 sec
>A genbg n=4+16 e=30:30 d=6:0 D=8:3  class=108/200
>Z 132 graphs generated in 1.21 sec
>F 132 cores checked in 0.07 sec
>A genbg n=4+16 e=30:30 d=6:0 D=8:3  class=109/200
>Z 125 graphs generated in 1.02 sec
>F 125 cores checked in 0.07 sec
>A genbg n=4+16 e=30:30 d=6:0 D=8:3  class=110/200
>Z 134 graphs generated in 1.18 sec
>F 134 cores checked in 0.07 sec
>A genbg n=4+16 e=30:30 d=6:0 D=8:3  class=111/200
>Z 118 graphs generated in 1.21 sec
>F 118 cores checked in 0.06 sec
>A genbg n=4+16 e=30:30 d=6:0 D=8:3  class=112/200
>Z 106 graphs generated in 0.95 sec
>F 106 cores checked in 0.06 sec
>A genbg n=4+16 e=30:30 d=6:0 D=8:3  class=113/200
>Z 119 graphs generated in 1.10 sec
>F 119 cores checked in 0.06 sec
>A genbg n=4+16 e=30:30 d=6:0 D=8:3  class=114/200
>Z 119 graphs generated in 1.21 sec
>F 119 cores checked in 0.06 sec
>A genbg n=4+16 e=30:30 d=6:0 D=8:3  class=115/200
>Z 124 graphs generated in 1.20 sec
>F 124 cores checked in 0.07 sec
>A genbg n=4+16 e=30:30 d=6:0 D=8:3  class=116/200
>Z 138 graphs generated in 1.00 sec
>F 138 cores checked in 0.07 sec
>A genbg n=4+16 e=30:30 d=6:0 D=8:3  class=117/200
>Z 142 graphs generated in 1.21 sec
>F 142 cores checked in 0.08 sec
>A genbg n=4+16 e=30:30 d=6:0 D=8:3  class=118/200
>Z 131 graphs generated in 1.21 sec
>F 131 cores checked in 0.07 sec
>A genbg n=4+16 e=30:30 d=6:0 D=8:3  class=119/200
>Z 124 graphs generated in 1.20 sec
>F 124 cores checked in 0.07 sec
>A genbg n=4+16 e=30:30 d=6:0 D=8:3  class=120/200
>Z 113 graphs generated in 0.77 sec
>F 113 cores checked in 0.06 sec
>A genbg n=4+16 e=30:30 d=6:0 D=8:3  class=121/200
>Z 115 graphs generated in 0.82 sec
>F 115 cores checked in 0.07 sec
>A genbg n=4+16 e=30:30 d=6:0 D=8:3  class=122/200
>Z 116 graphs generated in 1.18 sec
>F 116 cores checked in 0.07 sec
>A genbg n=4+16 e=30:30 d=6:0 D=8:3  class=123/200
>Z 138 graphs generated in 0.84 sec
>F 138 cores checked in 0.07 sec
>A genbg n=4+16 e=30:30 d=6:0 D=8:3  class=124/200
>Z 125 graphs generated in 0.82 sec
>F 125 cores checked in 0.07 sec
>A genbg n=4+16 e=30:30 d=6:0 D=8:3  class=125/200
>Z 134 graphs generated in 1.12 sec
>F 134 cores checked in 0.07 sec
>A genbg n=4+16 e=30:30 d=6:0 D=8:3  class=126/200
>Z 128 graphs generated in 1.03 sec
>F 128 cores checked in 0.07 sec
>A genbg n=4+16 e=30:30 d=6:0 D=8:3  class=127/200
>Z 126 graphs generated in 1.21 sec
>F 126 cores checked in 0.07 sec
>A genbg n=4+16 e=30:30 d=6:0 D=8:3  class=128/200
>Z 114 graphs generated in 1.19 sec
>F 114 cores checked in 0.06 sec
>A genbg n=4+16 e=30:30 d=6:0 D=8:3  class=129/200
>Z 121 graphs generated in 1.20 sec
>F 121 cores checked in 0.07 sec
>A genbg n=4+16 e=30:30 d=6:0 D=8:3  class=130/200
>Z 113 graphs generated in 1.21 sec
>F 113 cores checked in 0.06 sec
>A genbg n=4+16 e=30:30 d=6:0 D=8:3  class=131/200
>Z 131 graphs generated in 1.20 sec
>F 131 cores checked in 0.07 sec
>A genbg n=4+16 e=30:30 d=6:0 D=8:3  class=132/200
>Z 106 graphs generated in 1.02 sec
>F 106 cores checked in 0.06 sec
>A genbg n=4+16 e=30:30 d=6:0 D=8:3  class=133/200
>Z 113 graphs generated in 0.85 sec
>F 113 cores checked in 0.06 sec
>A genbg n=4+16 e=30:30 d=6:0 D=8:3  class=134/200
>Z 100 graphs generated in 1.19 sec
>F 100 cores checked in 0.05 sec
>A genbg n=4+16 e=30:30 d=6:0 D=8:3  class=135/200
>Z 92 graphs generated in 1.11 sec
>F 92 cores checked in 0.05 sec
>A genbg n=4+16 e=30:30 d=6:0 D=8:3  class=136/200
>Z 124 graphs generated in 0.93 sec
>F 124 cores checked in 0.07 sec
>A genbg n=4+16 e=30:30 d=6:0 D=8:3  class=137/200
>Z 130 graphs generated in 1.14 sec
>F 130 cores checked in 0.07 sec
>A genbg n=4+16 e=30:30 d=6:0 D=8:3  class=138/200
>Z 151 graphs generated in 0.95 sec
>F 151 cores checked in 0.08 sec
>A genbg n=4+16 e=30:30 d=6:0 D=8:3  class=139/200
>Z 118 graphs generated in 1.08 sec
>F 118 cores checked in 0.07 sec
>A genbg n=4+16 e=30:30 d=6:0 D=8:3  class=140/200
>Z 137 graphs generated in 1.25 sec
>F 137 cores checked in 0.07 sec
>A genbg n=4+16 e=30:30 d=6:0 D=8:3  class=141/200
>Z 124 graphs generated in 1.10 sec
>F 124 cores checked in 0.07 sec
>A genbg n=4+16 e=30:30 d=6:0 D=8:3  class=142/200
>Z 131 graphs generated in 1.21 sec
>F 131 cores checked in 0.07 sec
>A genbg n=4+16 e=30:30 d=6:0 D=8:3  class=143/200
>Z 120 graphs generated in 1.20 sec
>F 120 cores checked in 0.07 sec
>A genbg n=4+16 e=30:30 d=6:0 D=8:3  class=144/200
>Z 132 graphs generated in 0.89 sec
>F 132 cores checked in 0.07 sec
>A genbg n=4+16 e=30:30 d=6:0 D=8:3  class=145/200
>Z 115 graphs generated in 1.20 sec
>F 115 cores checked in 0.06 sec
>A genbg n=4+16 e=30:30 d=6:0 D=8:3  class=146/200
>Z 109 graphs generated in 0.84 sec
>F 109 cores checked in 0.06 sec
>A genbg n=4+16 e=30:30 d=6:0 D=8:3  class=147/200
>Z 111 graphs generated in 0.98 sec
>F 111 cores checked in 0.07 sec
>A genbg n=4+16 e=30:30 d=6:0 D=8:3  class=148/200
>Z 113 graphs generated in 0.72 sec
>F 113 cores checked in 0.06 sec
>A genbg n=4+16 e=30:30 d=6:0 D=8:3  class=149/200
>Z 116 graphs generated in 1.08 sec
>F 116 cores checked in 0.07 sec
>A genbg n=4+16 e=30:30 d=6:0 D=8:3  class=150/200
>Z 113 graphs generated in 1.19 sec
>F 113 cores checked in 0.06 sec
>A genbg n=4+16 e=30:30 d=6:0 D=8:3  class=151/200
>Z 131 graphs generated in 1.08 sec
>F 131 cores checked in 0.07 sec
>A genbg n=4+16 e=30:30 d=6:0 D=8:3  class=152/200
>Z 116 graphs generated in 0.82 sec
>F 116 cores checked in 0.07 sec
>A genbg n=4+16 e=30:30 d=6:0 D=8:3  class=153/200
>Z 129 graphs generated in 1.22 sec
>F 129 cores checked in 0.07 sec
>A genbg n=4+16 e=30:30 d=6:0 D=8:3  class=154/200
>Z 133 graphs generated in 1.21 sec
>F 133 cores checked in 0.07 sec
>A genbg n=4+16 e=30:30 d=6:0 D=8:3  class=155/200
>Z 128 graphs generated in 0.91 sec
>F 128 cores checked in 0.07 sec
>A genbg n=4+16 e=30:30 d=6:0 D=8:3  class=156/200
>Z 133 graphs generated in 0.81 sec
>F 133 cores checked in 0.07 sec
>A genbg n=4+16 e=30:30 d=6:0 D=8:3  class=157/200
>Z 97 graphs generated in 1.20 sec
>F 97 cores checked in 0.05 sec
>A genbg n=4+16 e=30:30 d=6:0 D=8:3  class=158/200
>Z 98 graphs generated in 0.83 sec
>F 98 cores checked in 0.05 sec
>A genbg n=4+16 e=30:30 d=6:0 D=8:3  class=159/200
>Z 120 graphs generated in 1.10 sec
>F 120 cores checked in 0.07 sec
>A genbg n=4+16 e=30:30 d=6:0 D=8:3  class=160/200
>Z 118 graphs generated in 1.21 sec
>F 118 cores checked in 0.07 sec
>A genbg n=4+16 e=30:30 d=6:0 D=8:3  class=161/200
>Z 137 graphs generated in 1.06 sec
>F 137 cores checked in 0.07 sec
>A genbg n=4+16 e=30:30 d=6:0 D=8:3  class=162/200
>Z 129 graphs generated in 0.84 sec
>F 129 cores checked in 0.07 sec
>A genbg n=4+16 e=30:30 d=6:0 D=8:3  class=163/200
>Z 110 graphs generated in 1.18 sec
>F 110 cores checked in 0.06 sec
>A genbg n=4+16 e=30:30 d=6:0 D=8:3  class=164/200
>Z 127 graphs generated in 0.75 sec
>F 127 cores checked in 0.07 sec
>A genbg n=4+16 e=30:30 d=6:0 D=8:3  class=165/200
>Z 121 graphs generated in 1.01 sec
>F 121 cores checked in 0.07 sec
>A genbg n=4+16 e=30:30 d=6:0 D=8:3  class=166/200
>Z 124 graphs generated in 0.87 sec
>F 124 cores checked in 0.07 sec
>A genbg n=4+16 e=30:30 d=6:0 D=8:3  class=167/200
>Z 135 graphs generated in 1.21 sec
>F 135 cores checked in 0.08 sec
>A genbg n=4+16 e=30:30 d=6:0 D=8:3  class=168/200
>Z 131 graphs generated in 1.20 sec
>F 131 cores checked in 0.07 sec
>A genbg n=4+16 e=30:30 d=6:0 D=8:3  class=169/200
>Z 128 graphs generated in 1.20 sec
>F 128 cores checked in 0.07 sec
>A genbg n=4+16 e=30:30 d=6:0 D=8:3  class=170/200
>Z 124 graphs generated in 1.19 sec
>F 124 cores checked in 0.07 sec
>A genbg n=4+16 e=30:30 d=6:0 D=8:3  class=171/200
>Z 121 graphs generated in 1.21 sec
>F 121 cores checked in 0.07 sec
>A genbg n=4+16 e=30:30 d=6:0 D=8:3  class=172/200
>Z 130 graphs generated in 1.20 sec
>F 130 cores checked in 0.07 sec
>A genbg n=4+16 e=30:30 d=6:0 D=8:3  class=173/200
>Z 134 graphs generated in 1.06 sec
>F 134 cores checked in 0.07 sec
>A genbg n=4+16 e=30:30 d=6:0 D=8:3  class=174/200
>Z 117 graphs generated in 1.05 sec
>F 117 cores checked in 0.06 sec
>A genbg n=4+16 e=30:30 d=6:0 D=8:3  class=175/200
>Z 118 graphs generated in 1.19 sec
>F 118 cores checked in 0.06 sec
>A genbg n=4+16 e=30:30 d=6:0 D=8:3  class=176/200
>Z 151 graphs generated in 1.21 sec
>F 151 cores checked in 0.08 sec
>A genbg n=4+16 e=30:30 d=6:0 D=8:3  class=177/200
>Z 123 graphs generated in 1.22 sec
>F 123 cores checked in 0.07 sec
>A genbg n=4+16 e=30:30 d=6:0 D=8:3  class=178/200
>Z 128 graphs generated in 0.96 sec
>F 128 cores checked in 0.07 sec
>A genbg n=4+16 e=30:30 d=6:0 D=8:3  class=179/200
>Z 111 graphs generated in 0.94 sec
>F 111 cores checked in 0.06 sec
>A genbg n=4+16 e=30:30 d=6:0 D=8:3  class=180/200
>Z 130 graphs generated in 1.05 sec
>F 130 cores checked in 3.34 sec
>A genbg n=4+16 e=30:30 d=6:0 D=8:3  class=181/200
>Z 135 graphs generated in 1.20 sec
>F 135 cores checked in 0.08 sec
>A genbg n=4+16 e=30:30 d=6:0 D=8:3  class=182/200
>Z 108 graphs generated in 1.20 sec
>F 108 cores checked in 0.05 sec
>A genbg n=4+16 e=30:30 d=6:0 D=8:3  class=183/200
>Z 123 graphs generated in 1.20 sec
>F 123 cores checked in 0.07 sec
>A genbg n=4+16 e=30:30 d=6:0 D=8:3  class=184/200
>Z 141 graphs generated in 1.11 sec
>F 141 cores checked in 0.08 sec
>A genbg n=4+16 e=30:30 d=6:0 D=8:3  class=185/200
>Z 105 graphs generated in 1.20 sec
>F 105 cores checked in 0.06 sec
>A genbg n=4+16 e=30:30 d=6:0 D=8:3  class=186/200
>Z 128 graphs generated in 1.23 sec
>F 128 cores checked in 0.07 sec
>A genbg n=4+16 e=30:30 d=6:0 D=8:3  class=187/200
>Z 104 graphs generated in 0.78 sec
>F 104 cores checked in 0.06 sec
>A genbg n=4+16 e=30:30 d=6:0 D=8:3  class=188/200
>Z 116 graphs generated in 0.91 sec
>F 116 cores checked in 0.07 sec
>A genbg n=4+16 e=30:30 d=6:0 D=8:3  class=189/200
>Z 133 graphs generated in 1.10 sec
>F 133 cores checked in 0.07 sec
>A genbg n=4+16 e=30:30 d=6:0 D=8:3  class=190/200
>Z 131 graphs generated in 1.25 sec
>F 131 cores checked in 0.07 sec
>A genbg n=4+16 e=30:30 d=6:0 D=8:3  class=191/200
>Z 127 graphs generated in 1.20 sec
>F 127 cores checked in 0.07 sec
>A genbg n=4+16 e=30:30 d=6:0 D=8:3  class=192/200
>Z 109 graphs generated in 1.20 sec
>F 109 cores checked in 0.06 sec
>A genbg n=4+16 e=30:30 d=6:0 D=8:3  class=193/200
>Z 105 graphs generated in 1.22 sec
>F 105 cores checked in 0.06 sec
>A genbg n=4+16 e=30:30 d=6:0 D=8:3  class=194/200
>Z 108 graphs generated in 1.20 sec
>F 108 cores checked in 0.06 sec
>A genbg n=4+16 e=30:30 d=6:0 D=8:3  class=195/200
>Z 133 graphs generated in 1.20 sec
>F 133 cores checked in 0.08 sec
>A genbg n=4+16 e=30:30 d=6:0 D=8:3  class=196/200
>Z 124 graphs generated in 0.89 sec
>F 124 cores checked in 0.07 sec
>A genbg n=4+16 e=30:30 d=6:0 D=8:3  class=197/200
>Z 118 graphs generated in 1.21 sec
>F 118 cores checked in 0.07 sec
>A genbg n=4+16 e=30:30 d=6:0 D=8:3  class=198/200
>Z 110 graphs generated in 0.92 sec
>F 110 cores checked in 0.06 sec
>A genbg n=4+16 e=30:30 d=6:0 D=8:3  class=199/200
>Z 129 graphs generated in 1.11 sec
>F 129 cores checked in 0.07 sec



=== Total number of graphs generated: 24764
=== Total number of graphs checked: 24764
=== Total time for generation: 220.10 seconds
=== Total time for checking: 16.91 seconds
=== Total number of exceptional graphs: 0

