=== Log file for genbg_-d4:0_-D6:3_5_15_27:27



>A genbg n=5+15 e=27:27 d=4:0 D=6:3  class=0/200
>Z 3430 graphs generated in 3.16 sec
>F 3430 cores checked in 2.01 sec
>A genbg n=5+15 e=27:27 d=4:0 D=6:3  class=1/200
>Z 3452 graphs generated in 3.18 sec
>F 3452 cores checked in 2.02 sec
>A genbg n=5+15 e=27:27 d=4:0 D=6:3  class=2/200
>Z 3288 graphs generated in 3.22 sec
>F 3288 cores checked in 1.94 sec
>A genbg n=5+15 e=27:27 d=4:0 D=6:3  class=3/200
>Z 3525 graphs generated in 3.16 sec
>F 3525 cores checked in 2.08 sec
>A genbg n=5+15 e=27:27 d=4:0 D=6:3  class=4/200
>Z 3386 graphs generated in 3.15 sec
>F 3386 cores checked in 1.98 sec
>A genbg n=5+15 e=27:27 d=4:0 D=6:3  class=5/200
>Z 3249 graphs generated in 3.15 sec
>F 3249 cores checked in 1.92 sec
>A genbg n=5+15 e=27:27 d=4:0 D=6:3  class=6/200
>Z 3491 graphs generated in 3.16 sec
>F 3491 cores checked in 2.07 sec
>A genbg n=5+15 e=27:27 d=4:0 D=6:3  class=7/200
>Z 3313 graphs generated in 3.22 sec
>F 3313 cores checked in 1.93 sec
>A genbg n=5+15 e=27:27 d=4:0 D=6:3  class=8/200
>Z 3393 graphs generated in 3.04 sec
>F 3393 cores checked in 2.00 sec
>A genbg n=5+15 e=27:27 d=4:0 D=6:3  class=9/200
>Z 3464 graphs generated in 3.19 sec
>F 3464 cores checked in 2.02 sec
>A genbg n=5+15 e=27:27 d=4:0 D=6:3  class=10/200
>Z 3381 graphs generated in 3.16 sec
>F 3381 cores checked in 1.97 sec
>A genbg n=5+15 e=27:27 d=4:0 D=6:3  class=11/200
>Z 3476 graphs generated in 3.15 sec
>F 3476 cores checked in 2.06 sec
>A genbg n=5+15 e=27:27 d=4:0 D=6:3  class=12/200
>Z 3101 graphs generated in 3.14 sec
>F 3101 cores checked in 1.83 sec
>A genbg n=5+15 e=27:27 d=4:0 D=6:3  class=13/200
>Z 3383 graphs generated in 3.14 sec
>F 3383 cores checked in 2.00 sec
>A genbg n=5+15 e=27:27 d=4:0 D=6:3  class=14/200
>Z 3319 graphs generated in 3.18 sec
>F 3319 cores checked in 1.97 sec
>A genbg n=5+15 e=27:27 d=4:0 D=6:3  class=15/200
>Z 3271 graphs generated in 3.15 sec
>F 3271 cores checked in 1.92 sec
>A genbg n=5+15 e=27:27 d=4:0 D=6:3  class=16/200
>Z 2997 graphs generated in 3.16 sec
>F 2997 cores checked in 1.76 sec
>A genbg n=5+15 e=27:27 d=4:0 D=6:3  class=17/200
>Z 3442 graphs generated in 3.13 sec
>F 3442 cores checked in 2.02 sec
>A genbg n=5+15 e=27:27 d=4:0 D=6:3  class=18/200
>Z 3191 graphs generated in 3.17 sec
>F 3191 cores checked in 1.89 sec
>A genbg n=5+15 e=27:27 d=4:0 D=6:3  class=19/200
>Z 3047 graphs generated in 3.12 sec
>F 3047 cores checked in 1.81 sec
>A genbg n=5+15 e=27:27 d=4:0 D=6:3  class=20/200
>Z 3405 graphs generated in 3.00 sec
>F 3405 cores checked in 2.00 sec
>A genbg n=5+15 e=27:27 d=4:0 D=6:3  class=21/200
>Z 3404 graphs generated in 2.77 sec
>F 3404 cores checked in 2.01 sec
>A genbg n=5+15 e=27:27 d=4:0 D=6:3  class=22/200
>Z 3124 graphs generated in 3.15 sec
>F 3124 cores checked in 1.83 sec
>A genbg n=5+15 e=27:27 d=4:0 D=6:3  class=23/200
>Z 3257 graphs generated in 3.17 sec
>F 3257 cores checked in 1.92 sec
>A genbg n=5+15 e=27:27 d=4:0 D=6:3  class=24/200
>Z 3300 graphs generated in 3.14 sec
>F 3300 cores checked in 1.95 sec
>A genbg n=5+15 e=27:27 d=4:0 D=6:3  class=25/200
>Z 3088 graphs generated in 3.11 sec
>F 3088 cores checked in 1.80 sec
>A genbg n=5+15 e=27:27 d=4:0 D=6:3  class=26/200
>Z 3259 graphs generated in 3.19 sec
>F 3259 cores checked in 1.90 sec
>A genbg n=5+15 e=27:27 d=4:0 D=6:3  class=27/200
>Z 3143 graphs generated in 3.08 sec
>F 3143 cores checked in 1.84 sec
>A genbg n=5+15 e=27:27 d=4:0 D=6:3  class=28/200
>Z 3295 graphs generated in 3.20 sec
>F 3295 cores checked in 1.94 sec
>A genbg n=5+15 e=27:27 d=4:0 D=6:3  class=29/200
>Z 3372 graphs generated in 3.03 sec
>F 3372 cores checked in 1.98 sec
>A genbg n=5+15 e=27:27 d=4:0 D=6:3  class=30/200
>Z 3287 graphs generated in 3.17 sec
>F 3287 cores checked in 1.94 sec
>A genbg n=5+15 e=27:27 d=4:0 D=6:3  class=31/200
>Z 3225 graphs generated in 3.20 sec
>F 3225 cores checked in 1.90 sec
>A genbg n=5+15 e=27:27 d=4:0 D=6:3  class=32/200
>Z 3551 graphs generated in 3.13 sec
>F 3551 cores checked in 2.09 sec
>A genbg n=5+15 e=27:27 d=4:0 D=6:3  class=33/200
>Z 3251 graphs generated in 3.16 sec
>F 3251 cores checked in 1.93 sec
>A genbg n=5+15 e=27:27 d=4:0 D=6:3  class=34/200
>Z 3562 graphs generated in 3.14 sec
>F 3562 cores checked in 2.10 sec
>A genbg n=5+15 e=27:27 d=4:0 D=6:3  class=35/200
>Z 3413 graphs generated in 3.16 sec
>F 3413 cores checked in 2.02 sec
>A genbg n=5+15 e=27:27 d=4:0 D=6:3  class=36/200
>Z 3304 graphs generated in 3.19 sec
>F 3304 cores checked in 1.94 sec
>A genbg n=5+15 e=27:27 d=4:0 D=6:3  class=37/200
>Z 3409 graphs generated in 3.20 sec
>F 3409 cores checked in 2.02 sec
>A genbg n=5+15 e=27:27 d=4:0 D=6:3  class=38/200
>Z 3327 graphs generated in 3.16 sec
>F 3327 cores checked in 1.98 sec
>A genbg n=5+15 e=27:27 d=4:0 D=6:3  class=39/200
>Z 3221 graphs generated in 3.24 sec
>F 3221 cores checked in 1.92 sec
>A genbg n=5+15 e=27:27 d=4:0 D=6:3  class=40/200
>Z 3085 graphs generated in 3.12 sec
>F 3085 cores checked in 1.83 sec
>A genbg n=5+15 e=27:27 d=4:0 D=6:3  class=41/200
>Z 3202 graphs generated in 3.15 sec
>F 3202 cores checked in 1.90 sec
>A genbg n=5+15 e=27:27 d=4:0 D=6:3  class=42/200
>Z 3333 graphs generated in 3.09 sec
>F 3333 cores checked in 1.98 sec
>A genbg n=5+15 e=27:27 d=4:0 D=6:3  class=43/200
>Z 3146 graphs generated in 2.95 sec
>F 3146 cores checked in 1.86 sec
>A genbg n=5+15 e=27:27 d=4:0 D=6:3  class=44/200
>Z 3292 graphs generated in 3.00 sec
>F 3292 cores checked in 1.95 sec
>A genbg n=5+15 e=27:27 d=4:0 D=6:3  class=45/200
>Z 3373 graphs generated in 3.15 sec
>F 3373 cores checked in 1.99 sec
>A genbg n=5+15 e=27:27 d=4:0 D=6:3  class=46/200
>Z 3158 graphs generated in 3.05 sec
>F 3158 cores checked in 1.87 sec
>A genbg n=5+15 e=27:27 d=4:0 D=6:3  class=47/200
>Z 3245 graphs generated in 3.11 sec
>F 3245 cores checked in 1.92 sec
>A genbg n=5+15 e=27:27 d=4:0 D=6:3  class=48/200
>Z 3353 graphs generated in 2.96 sec
>F 3353 cores checked in 1.98 sec
>A genbg n=5+15 e=27:27 d=4:0 D=6:3  class=49/200
>Z 3368 graphs generated in 3.17 sec
>F 3368 cores checked in 1.98 sec
>A genbg n=5+15 e=27:27 d=4:0 D=6:3  class=50/200
>Z 3243 graphs generated in 3.20 sec
>F 3243 cores checked in 1.91 sec
>A genbg n=5+15 e=27:27 d=4:0 D=6:3  class=51/200
>Z 3307 graphs generated in 2.99 sec
>F 3307 cores checked in 1.95 sec
>A genbg n=5+15 e=27:27 d=4:0 D=6:3  class=52/200
>Z 3448 graphs generated in 3.15 sec
>F 3448 cores checked in 2.03 sec
>A genbg n=5+15 e=27:27 d=4:0 D=6:3  class=53/200
>Z 3354 graphs generated in 3.16 sec
>F 3354 cores checked in 1.96 sec
>A genbg n=5+15 e=27:27 d=4:0 D=6:3  class=54/200
>Z 3495 graphs generated in 3.08 sec
>F 3495 cores checked in 2.06 sec
>A genbg n=5+15 e=27:27 d=4:0 D=6:3  class=55/200
>Z 3500 graphs generated in 3.06 sec
>F 3500 cores checked in 2.06 sec
>A genbg n=5+15 e=27:27 d=4:0 D=6:3  class=56/200
>Z 3299 graphs generated in 3.09 sec
>F 3299 cores checked in 4.63 sec
>A genbg n=5+15 e=27:27 d=4:0 D=6:3  class=57/200
>Z 3352 graphs generated in 3.17 sec
>F 3352 cores checked in 1.96 sec
>A genbg n=5+15 e=27:27 d=4:0 D=6:3  class=58/200
>Z 3552 graphs generated in 3.13 sec
>F 3552 cores checked in 2.08 sec
>A genbg n=5+15 e=27:27 d=4:0 D=6:3  class=59/200
>Z 3422 graphs generated in 3.11 sec
>F 3422 cores checked in 1.99 sec
>A genbg n=5+15 e=27:27 d=4:0 D=6:3  class=60/200
>Z 3293 graphs generated in 3.14 sec
>F 3293 cores checked in 1.94 sec
>A genbg n=5+15 e=27:27 d=4:0 D=6:3  class=61/200
>Z 3303 graphs generated in 3.14 sec
>F 3303 cores checked in 1.93 sec
>A genbg n=5+15 e=27:27 d=4:0 D=6:3  class=62/200
>Z 3392 graphs generated in 3.13 sec
>F 3392 cores checked in 2.00 sec
>A genbg n=5+15 e=27:27 d=4:0 D=6:3  class=63/200
>Z 3196 graphs generated in 3.08 sec
>F 3196 cores checked in 1.88 sec
>A genbg n=5+15 e=27:27 d=4:0 D=6:3  class=64/200
>Z 3535 graphs generated in 3.19 sec
>F 3535 cores checked in 2.06 sec
>A genbg n=5+15 e=27:27 d=4:0 D=6:3  class=65/200
>Z 3579 graphs generated in 3.12 sec
>F 3579 cores checked in 2.10 sec
>A genbg n=5+15 e=27:27 d=4:0 D=6:3  class=66/200
>Z 3502 graphs generated in 3.17 sec
>F 3502 cores checked in 2.04 sec
>A genbg n=5+15 e=27:27 d=4:0 D=6:3  class=67/200
>Z 3378 graphs generated in 3.07 sec
>F 3378 cores checked in 1.98 sec
>A genbg n=5+15 e=27:27 d=4:0 D=6:3  class=68/200
>Z 3711 graphs generated in 3.11 sec
>F 3711 cores checked in 2.17 sec
>A genbg n=5+15 e=27:27 d=4:0 D=6:3  class=69/200
>Z 3516 graphs generated in 3.11 sec
>F 3516 cores checked in 2.06 sec
>A genbg n=5+15 e=27:27 d=4:0 D=6:3  class=70/200
>Z 3210 graphs generated in 2.99 sec
>F 3210 cores checked in 1.88 sec
>A genbg n=5+15 e=27:27 d=4:0 D=6:3  class=71/200
>Z 3431 graphs generated in 3.08 sec
>F 3431 cores checked in 2.00 sec
>A genbg n=5+15 e=27:27 d=4:0 D=6:3  class=72/200
>Z 3280 graphs generated in 3.11 sec
>F 3280 cores checked in 1.92 sec
>A genbg n=5+15 e=27:27 d=4:0 D=6:3  class=73/200
>Z 3470 graphs generated in 3.08 sec
>F 3470 cores checked in 2.04 sec
>A genbg n=5+15 e=27:27 d=4:0 D=6:3  class=74/200
>Z 3551 graphs generated in 3.07 sec
>F 3551 cores checked in 2.06 sec
>A genbg n=5+15 e=27:27 d=4:0 D=6:3  class=75/200
>Z 3420 graphs generated in 3.14 sec
>F 3420 cores checked in 2.00 sec
>A genbg n=5+15 e=27:27 d=4:0 D=6:3  class=76/200
>Z 3202 graphs generated in 3.11 sec
>F 3202 cores checked in 1.87 sec
>A genbg n=5+15 e=27:27 d=4:0 D=6:3  class=77/200
>Z 3452 graphs generated in 3.14 sec
>F 3452 cores checked in 2.02 sec
>A genbg n=5+15 e=27:27 d=4:0 D=6:3  class=78/200
>Z 3113 graphs generated in 3.19 sec
>F 3113 cores checked in 1.85 sec
>A genbg n=5+15 e=27:27 d=4:0 D=6:3  class=79/200
>Z 3177 graphs generated in 3.08 sec
>F 3177 cores checked in 1.86 sec
>A genbg n=5+15 e=27:27 d=4:0 D=6:3  class=80/200
>Z 3307 graphs generated in 3.14 sec
>F 3307 cores checked in 1.93 sec
>A genbg n=5+15 e=27:27 d=4:0 D=6:3  class=81/200
>Z 3324 graphs generated in 3.13 sec
>F 3324 cores checked in 1.94 sec
>A genbg n=5+15 e=27:27 d=4:0 D=6:3  class=82/200
>Z 3328 graphs generated in 3.13 sec
>F 3328 cores checked in 1.95 sec
>A genbg n=5+15 e=27:27 d=4:0 D=6:3  class=83/200
>Z 3501 graphs generated in 3.14 sec
>F 3501 cores checked in 2.05 sec
>A genbg n=5+15 e=27:27 d=4:0 D=6:3  class=84/200
>Z 3517 graphs generated in 3.14 sec
>F 3517 cores checked in 2.06 sec
>A genbg n=5+15 e=27:27 d=4:0 D=6:3  class=85/200
>Z 3354 graphs generated in 3.11 sec
>F 3354 cores checked in 1.95 sec
>A genbg n=5+15 e=27:27 d=4:0 D=6:3  class=86/200
>Z 3328 graphs generated in 3.14 sec
>F 3328 cores checked in 1.95 sec
>A genbg n=5+15 e=27:27 d=4:0 D=6:3  class=87/200
>Z 3494 graphs generated in 3.16 sec
>F 3494 cores checked in 2.05 sec
>A genbg n=5+15 e=27:27 d=4:0 D=6:3  class=88/200
>Z 3310 graphs generated in 3.15 sec
>F 3310 cores checked in 1.96 sec
>A genbg n=5+15 e=27:27 d=4:0 D=6:3  class=89/200
>Z 3331 graphs generated in 3.19 sec
>F 3331 cores checked in 1.94 sec
>A genbg n=5+15 e=27:27 d=4:0 D=6:3  class=90/200
>Z 3525 graphs generated in 3.12 sec
>F 3525 cores checked in 2.06 sec
>A genbg n=5+15 e=27:27 d=4:0 D=6:3  class=91/200
>Z 3165 graphs generated in 3.11 sec
>F 3165 cores checked in 1.86 sec
>A genbg n=5+15 e=27:27 d=4:0 D=6:3  class=92/200
>Z 3300 graphs generated in 2.95 sec
>F 3300 cores checked in 1.92 sec
>A genbg n=5+15 e=27:27 d=4:0 D=6:3  class=93/200
>Z 3566 graphs generated in 3.06 sec
>F 3566 cores checked in 2.09 sec
>A genbg n=5+15 e=27:27 d=4:0 D=6:3  class=94/200
>Z 3541 graphs generated in 2.98 sec
>F 3541 cores checked in 2.08 sec
>A genbg n=5+15 e=27:27 d=4:0 D=6:3  class=95/200
>Z 3533 graphs generated in 3.11 sec
>F 3533 cores checked in 2.06 sec
>A genbg n=5+15 e=27:27 d=4:0 D=6:3  class=96/200
>Z 3493 graphs generated in 3.00 sec
>F 3493 cores checked in 2.04 sec
>A genbg n=5+15 e=27:27 d=4:0 D=6:3  class=97/200
>Z 3199 graphs generated in 3.10 sec
>F 3199 cores checked in 1.88 sec
>A genbg n=5+15 e=27:27 d=4:0 D=6:3  class=98/200
>Z 3263 graphs generated in 3.15 sec
>F 3263 cores checked in 1.90 sec
>A genbg n=5+15 e=27:27 d=4:0 D=6:3  class=99/200
>Z 3460 graphs generated in 3.15 sec
>F 3460 cores checked in 2.02 sec
>A genbg n=5+15 e=27:27 d=4:0 D=6:3  class=100/200
>Z 3298 graphs generated in 3.11 sec
>F 3298 cores checked in 1.95 sec
>A genbg n=5+15 e=27:27 d=4:0 D=6:3  class=101/200
>Z 3400 graphs generated in 3.11 sec
>F 3400 cores checked in 2.01 sec
>A genbg n=5+15 e=27:27 d=4:0 D=6:3  class=102/200
>Z 3529 graphs generated in 3.16 sec
>F 3529 cores checked in 2.07 sec
>A genbg n=5+15 e=27:27 d=4:0 D=6:3  class=103/200
>Z 3506 graphs generated in 3.11 sec
>F 3506 cores checked in 2.15 sec
>A genbg n=5+15 e=27:27 d=4:0 D=6:3  class=104/200
>Z 3434 graphs generated in 3.19 sec
>F 3434 cores checked in 2.03 sec
>A genbg n=5+15 e=27:27 d=4:0 D=6:3  class=105/200
>Z 3692 graphs generated in 3.13 sec
>F 3692 cores checked in 2.15 sec
>A genbg n=5+15 e=27:27 d=4:0 D=6:3  class=106/200
>Z 3605 graphs generated in 3.15 sec
>F 3605 cores checked in 2.11 sec
>A genbg n=5+15 e=27:27 d=4:0 D=6:3  class=107/200
>Z 3374 graphs generated in 3.15 sec
>F 3374 cores checked in 1.98 sec
>A genbg n=5+15 e=27:27 d=4:0 D=6:3  class=108/200
>Z 3292 graphs generated in 3.12 sec
>F 3292 cores checked in 1.95 sec
>A genbg n=5+15 e=27:27 d=4:0 D=6:3  class=109/200
>Z 3419 graphs generated in 3.13 sec
>F 3419 cores checked in 2.00 sec
>A genbg n=5+15 e=27:27 d=4:0 D=6:3  class=110/200
>Z 3208 graphs generated in 3.11 sec
>F 3208 cores checked in 1.91 sec
>A genbg n=5+15 e=27:27 d=4:0 D=6:3  class=111/200
>Z 3059 graphs generated in 3.12 sec
>F 3059 cores checked in 1.81 sec
>A genbg n=5+15 e=27:27 d=4:0 D=6:3  class=112/200
>Z 3603 graphs generated in 3.17 sec
>F 3603 cores checked in 2.12 sec
>A genbg n=5+15 e=27:27 d=4:0 D=6:3  class=113/200
>Z 3418 graphs generated in 3.25 sec
>F 3418 cores checked in 2.00 sec
>A genbg n=5+15 e=27:27 d=4:0 D=6:3  class=114/200
>Z 3264 graphs generated in 3.09 sec
>F 3264 cores checked in 1.93 sec
>A genbg n=5+15 e=27:27 d=4:0 D=6:3  class=115/200
>Z 3555 graphs generated in 3.09 sec
>F 3555 cores checked in 2.09 sec
>A genbg n=5+15 e=27:27 d=4:0 D=6:3  class=116/200
>Z 3545 graphs generated in 2.93 sec
>F 3545 cores checked in 2.09 sec
>A genbg n=5+15 e=27:27 d=4:0 D=6:3  class=117/200
>Z 3269 graphs generated in 3.11 sec
>F 3269 cores checked in 1.90 sec
>A genbg n=5+15 e=27:27 d=4:0 D=6:3  class=118/200
>Z 3102 graphs generated in 3.04 sec
>F 3102 cores checked in 1.81 sec
>A genbg n=5+15 e=27:27 d=4:0 D=6:3  class=119/200
>Z 3476 graphs generated in 3.08 sec
>F 3476 cores checked in 2.04 sec
>A genbg n=5+15 e=27:27 d=4:0 D=6:3  class=120/200
>Z 3170 graphs generated in 3.16 sec
>F 3170 cores checked in 1.86 sec
>A genbg n=5+15 e=27:27 d=4:0 D=6:3  class=121/200
>Z 3280 graphs generated in 3.09 sec
>F 3280 cores checked in 1.92 sec
>A genbg n=5+15 e=27:27 d=4:0 D=6:3  class=122/200
>Z 3239 graphs generated in 3.09 sec
>F 3239 cores checked in 1.91 sec
>A genbg n=5+15 e=27:27 d=4:0 D=6:3  class=123/200
>Z 3120 graphs generated in 3.11 sec
>F 3120 cores checked in 1.83 sec
>A genbg n=5+15 e=27:27 d=4:0 D=6:3  class=124/200
>Z 3454 graphs generated in 3.11 sec
>F 3454 cores checked in 2.03 sec
>A genbg n=5+15 e=27:27 d=4:0 D=6:3  class=125/200
>Z 3336 graphs generated in 3.15 sec
>F 3336 cores checked in 1.96 sec
>A genbg n=5+15 e=27:27 d=4:0 D=6:3  class=126/200
>Z 3467 graphs generated in 3.09 sec
>F 3467 cores checked in 2.02 sec
>A genbg n=5+15 e=27:27 d=4:0 D=6:3  class=127/200
>Z 3414 graphs generated in 3.13 sec
>F 3414 cores checked in 2.00 sec
>A genbg n=5+15 e=27:27 d=4:0 D=6:3  class=128/200
>Z 3486 graphs generated in 3.07 sec
>F 3486 cores checked in 2.05 sec
>A genbg n=5+15 e=27:27 d=4:0 D=6:3  class=129/200
>Z 3507 graphs generated in 3.07 sec
>F 3507 cores checked in 2.05 sec
>A genbg n=5+15 e=27:27 d=4:0 D=6:3  class=130/200
>Z 3226 graphs generated in 3.14 sec
>F 3226 cores checked in 1.91 sec
>A genbg n=5+15 e=27:27 d=4:0 D=6:3  class=131/200
>Z 3469 graphs generated in 3.17 sec
>F 3469 cores checked in 2.06 sec
>A genbg n=5+15 e=27:27 d=4:0 D=6:3  class=132/200
>Z 3530 graphs generated in 3.10 sec
>F 3530 cores checked in 2.08 sec
>A genbg n=5+15 e=27:27 d=4:0 D=6:3  class=133/200
>Z 3337 graphs generated in 3.11 sec
>F 3337 cores checked in 1.97 sec
>A genbg n=5+15 e=27:27 d=4:0 D=6:3  class=134/200
>Z 3517 graphs generated in 3.20 sec
>F 3517 cores checked in 2.07 sec
>A genbg n=5+15 e=27:27 d=4:0 D=6:3  class=135/200
>Z 3422 graphs generated in 3.11 sec
>F 3422 cores checked in 2.02 sec
>A genbg n=5+15 e=27:27 d=4:0 D=6:3  class=136/200
>Z 3445 graphs generated in 3.13 sec
>F 3445 cores checked in 2.04 sec
>A genbg n=5+15 e=27:27 d=4:0 D=6:3  class=137/200
>Z 3080 graphs generated in 3.05 sec
>F 3080 cores checked in 1.84 sec
>A genbg n=5+15 e=27:27 d=4:0 D=6:3  class=138/200
>Z 3205 graphs generated in 3.13 sec
>F 3205 cores checked in 1.89 sec
>A genbg n=5+15 e=27:27 d=4:0 D=6:3  class=139/200
>Z 3417 graphs generated in 3.11 sec
>F 3417 cores checked in 2.03 sec
>A genbg n=5+15 e=27:27 d=4:0 D=6:3  class=140/200
>Z 3166 graphs generated in 2.85 sec
>F 3166 cores checked in 2.56 sec
>A genbg n=5+15 e=27:27 d=4:0 D=6:3  class=141/200
>Z 3460 graphs generated in 3.06 sec
>F 3460 cores checked in 2.65 sec
>A genbg n=5+15 e=27:27 d=4:0 D=6:3  class=142/200
>Z 3546 graphs generated in 3.20 sec
>F 3546 cores checked in 2.06 sec
>A genbg n=5+15 e=27:27 d=4:0 D=6:3  class=143/200
>Z 3187 graphs generated in 2.97 sec
>F 3187 cores checked in 1.86 sec
>A genbg n=5+15 e=27:27 d=4:0 D=6:3  class=144/200
>Z 3357 graphs generated in 3.13 sec
>F 3357 cores checked in 1.96 sec
>A genbg n=5+15 e=27:27 d=4:0 D=6:3  class=145/200
>Z 3427 graphs generated in 3.14 sec
>F 3427 cores checked in 2.02 sec
>A genbg n=5+15 e=27:27 d=4:0 D=6:3  class=146/200
>Z 3433 graphs generated in 3.03 sec
>F 3433 cores checked in 2.01 sec
>A genbg n=5+15 e=27:27 d=4:0 D=6:3  class=147/200
>Z 3385 graphs generated in 3.11 sec
>F 3385 cores checked in 1.98 sec
>A genbg n=5+15 e=27:27 d=4:0 D=6:3  class=148/200
>Z 3387 graphs generated in 3.13 sec
>F 3387 cores checked in 1.99 sec
>A genbg n=5+15 e=27:27 d=4:0 D=6:3  class=149/200
>Z 3614 graphs generated in 3.05 sec
>F 3614 cores checked in 2.12 sec
>A genbg n=5+15 e=27:27 d=4:0 D=6:3  class=150/200
>Z 3420 graphs generated in 3.16 sec
>F 3420 cores checked in 2.02 sec
>A genbg n=5+15 e=27:27 d=4:0 D=6:3  class=151/200
>Z 3092 graphs generated in 3.06 sec
>F 3092 cores checked in 1.82 sec
>A genbg n=5+15 e=27:27 d=4:0 D=6:3  class=152/200
>Z 3567 graphs generated in 3.14 sec
>F 3567 cores checked in 2.11 sec
>A genbg n=5+15 e=27:27 d=4:0 D=6:3  class=153/200
>Z 3471 graphs generated in 3.15 sec
>F 3471 cores checked in 2.03 sec
>A genbg n=5+15 e=27:27 d=4:0 D=6:3  class=154/200
>Z 3296 graphs generated in 3.12 sec
>F 3296 cores checked in 1.95 sec
>A genbg n=5+15 e=27:27 d=4:0 D=6:3  class=155/200
>Z 3238 graphs generated in 3.16 sec
>F 3238 cores checked in 1.89 sec
>A genbg n=5+15 e=27:27 d=4:0 D=6:3  class=156/200
>Z 3460 graphs generated in 3.02 sec
>F 3460 cores checked in 2.03 sec
>A genbg n=5+15 e=27:27 d=4:0 D=6:3  class=157/200
>Z 3291 graphs generated in 3.13 sec
>F 3291 cores checked in 1.93 sec
>A genbg n=5+15 e=27:27 d=4:0 D=6:3  class=158/200
>Z 3292 graphs generated in 3.18 sec
>F 3292 cores checked in 1.94 sec
>A genbg n=5+15 e=27:27 d=4:0 D=6:3  class=159/200
>Z 3464 graphs generated in 3.17 sec
>F 3464 cores checked in 2.03 sec
>A genbg n=5+15 e=27:27 d=4:0 D=6:3  class=160/200
>Z 3606 graphs generated in 3.14 sec
>F 3606 cores checked in 2.14 sec
>A genbg n=5+15 e=27:27 d=4:0 D=6:3  class=161/200
>Z 3454 graphs generated in 3.13 sec
>F 3454 cores checked in 2.04 sec
>A genbg n=5+15 e=27:27 d=4:0 D=6:3  class=162/200
>Z 3492 graphs generated in 3.14 sec
>F 3492 cores checked in 2.04 sec
>A genbg n=5+15 e=27:27 d=4:0 D=6:3  class=163/200
>Z 3470 graphs generated in 3.15 sec
>F 3470 cores checked in 2.04 sec
>A genbg n=5+15 e=27:27 d=4:0 D=6:3  class=164/200
>Z 3490 graphs generated in 3.17 sec
>F 3490 cores checked in 2.05 sec
>A genbg n=5+15 e=27:27 d=4:0 D=6:3  class=165/200
>Z 3367 graphs generated in 3.06 sec
>F 3367 cores checked in 1.99 sec
>A genbg n=5+15 e=27:27 d=4:0 D=6:3  class=166/200
>Z 3376 graphs generated in 3.16 sec
>F 3376 cores checked in 1.97 sec
>A genbg n=5+15 e=27:27 d=4:0 D=6:3  class=167/200
>Z 3370 graphs generated in 3.14 sec
>F 3370 cores checked in 1.99 sec
>A genbg n=5+15 e=27:27 d=4:0 D=6:3  class=168/200
>Z 3372 graphs generated in 3.08 sec
>F 3372 cores checked in 1.97 sec
>A genbg n=5+15 e=27:27 d=4:0 D=6:3  class=169/200
>Z 3635 graphs generated in 3.17 sec
>F 3635 cores checked in 2.14 sec
>A genbg n=5+15 e=27:27 d=4:0 D=6:3  class=170/200
>Z 3423 graphs generated in 3.20 sec
>F 3423 cores checked in 2.01 sec
>A genbg n=5+15 e=27:27 d=4:0 D=6:3  class=171/200
>Z 3502 graphs generated in 3.14 sec
>F 3502 cores checked in 2.08 sec
>A genbg n=5+15 e=27:27 d=4:0 D=6:3  class=172/200
>Z 3505 graphs generated in 3.13 sec
>F 3505 cores checked in 2.07 sec
>A genbg n=5+15 e=27:27 d=4:0 D=6:3  class=173/200
>Z 3269 graphs generated in 3.09 sec
>F 3269 cores checked in 1.94 sec
>A genbg n=5+15 e=27:27 d=4:0 D=6:3  class=174/200
>Z 3375 graphs generated in 3.16 sec
>F 3375 cores checked in 1.98 sec
>A genbg n=5+15 e=27:27 d=4:0 D=6:3  class=175/200
>Z 3413 graphs generated in 3.13 sec
>F 3413 cores checked in 2.01 sec
>A genbg n=5+15 e=27:27 d=4:0 D=6:3  class=176/200
>Z 3179 graphs generated in 3.15 sec
>F 3179 cores checked in 1.89 sec
>A genbg n=5+15 e=27:27 d=4:0 D=6:3  class=177/200
>Z 3464 graphs generated in 3.12 sec
>F 3464 cores checked in 2.04 sec
>A genbg n=5+15 e=27:27 d=4:0 D=6:3  class=178/200
>Z 3264 graphs generated in 3.12 sec
>F 3264 cores checked in 1.92 sec
>A genbg n=5+15 e=27:27 d=4:0 D=6:3  class=179/200
>Z 3600 graphs generated in 3.16 sec
>F 3600 cores checked in 2.11 sec
>A genbg n=5+15 e=27:27 d=4:0 D=6:3  class=180/200
>Z 3669 graphs generated in 3.09 sec
>F 3669 cores checked in 2.17 sec
>A genbg n=5+15 e=27:27 d=4:0 D=6:3  class=181/200
>Z 3610 graphs generated in 3.17 sec
>F 3610 cores checked in 2.13 sec
>A genbg n=5+15 e=27:27 d=4:0 D=6:3  class=182/200
>Z 3449 graphs generated in 3.12 sec
>F 3449 cores checked in 2.04 sec
>A genbg n=5+15 e=27:27 d=4:0 D=6:3  class=183/200
>Z 3472 graphs generated in 3.14 sec
>F 3472 cores checked in 2.04 sec
>A genbg n=5+15 e=27:27 d=4:0 D=6:3  class=184/200
>Z 3504 graphs generated in 3.14 sec
>F 3504 cores checked in 2.06 sec
>A genbg n=5+15 e=27:27 d=4:0 D=6:3  class=185/200
>Z 3225 graphs generated in 3.04 sec
>F 3225 cores checked in 1.91 sec
>A genbg n=5+15 e=27:27 d=4:0 D=6:3  class=186/200
>Z 3425 graphs generated in 3.10 sec
>F 3425 cores checked in 2.03 sec
>A genbg n=5+15 e=27:27 d=4:0 D=6:3  class=187/200
>Z 3562 graphs generated in 3.14 sec
>F 3562 cores checked in 2.10 sec
>A genbg n=5+15 e=27:27 d=4:0 D=6:3  class=188/200
>Z 3201 graphs generated in 3.07 sec
>F 3201 cores checked in 1.89 sec
>A genbg n=5+15 e=27:27 d=4:0 D=6:3  class=189/200
>Z 3230 graphs generated in 3.17 sec
>F 3230 cores checked in 1.91 sec
>A genbg n=5+15 e=27:27 d=4:0 D=6:3  class=190/200
>Z 3276 graphs generated in 3.42 sec
>F 3276 cores checked in 1.95 sec
>A genbg n=5+15 e=27:27 d=4:0 D=6:3  class=191/200
>Z 3425 graphs generated in 2.96 sec
>F 3425 cores checked in 2.00 sec
>A genbg n=5+15 e=27:27 d=4:0 D=6:3  class=192/200
>Z 3258 graphs generated in 3.15 sec
>F 3258 cores checked in 1.92 sec
>A genbg n=5+15 e=27:27 d=4:0 D=6:3  class=193/200
>Z 3303 graphs generated in 2.98 sec
>F 3303 cores checked in 1.93 sec
>A genbg n=5+15 e=27:27 d=4:0 D=6:3  class=194/200
>Z 3342 graphs generated in 3.05 sec
>F 3342 cores checked in 1.94 sec
>A genbg n=5+15 e=27:27 d=4:0 D=6:3  class=195/200
>Z 3526 graphs generated in 3.13 sec
>F 3526 cores checked in 2.05 sec
>A genbg n=5+15 e=27:27 d=4:0 D=6:3  class=196/200
>Z 3595 graphs generated in 3.04 sec
>F 3595 cores checked in 2.09 sec
>A genbg n=5+15 e=27:27 d=4:0 D=6:3  class=197/200
>Z 3311 graphs generated in 3.03 sec
>F 3311 cores checked in 1.95 sec
>A genbg n=5+15 e=27:27 d=4:0 D=6:3  class=198/200
>Z 3617 graphs generated in 3.10 sec
>F 3617 cores checked in 2.12 sec
>A genbg n=5+15 e=27:27 d=4:0 D=6:3  class=199/200
>Z 3362 graphs generated in 3.05 sec
>F 3362 cores checked in 1.96 sec



=== Total number of graphs generated: 674583
=== Total number of graphs checked: 674583
=== Total time for generation: 623.48 seconds
=== Total time for checking: 400.66 seconds
=== Total number of exceptional graphs: 0

