=== Log file for genbg_-d4:0_-D7:3_5_16_28:28



>A genbg n=5+16 e=28:28 d=4:0 D=7:3  class=0/200
>Z 22368 graphs generated in 8.98 sec
>F 22368 cores checked in 18115.94 sec
>A genbg n=5+16 e=28:28 d=4:0 D=7:3  class=1/200
>Z 22189 graphs generated in 9.01 sec
>F 22189 cores checked in 12057.02 sec
>A genbg n=5+16 e=28:28 d=4:0 D=7:3  class=2/200
>Z 22579 graphs generated in 9.00 sec
>F 22579 cores checked in 14578.96 sec
>A genbg n=5+16 e=28:28 d=4:0 D=7:3  class=3/200
>Z 22541 graphs generated in 8.98 sec
>F 22541 cores checked in 10587.80 sec
>A genbg n=5+16 e=28:28 d=4:0 D=7:3  class=4/200
>Z 22508 graphs generated in 8.98 sec
>F 22508 cores checked in 22553.25 sec
>A genbg n=5+16 e=28:28 d=4:0 D=7:3  class=5/200
>Z 21845 graphs generated in 8.99 sec
>F 21845 cores checked in 14217.52 sec
>A genbg n=5+16 e=28:28 d=4:0 D=7:3  class=6/200
>Z 22734 graphs generated in 8.99 sec
>F 22734 cores checked in 11565.74 sec
>A genbg n=5+16 e=28:28 d=4:0 D=7:3  class=7/200
>Z 22406 graphs generated in 8.99 sec
>F 22406 cores checked in 16463.10 sec
>A genbg n=5+16 e=28:28 d=4:0 D=7:3  class=8/200
>Z 21857 graphs generated in 8.86 sec
>F 21857 cores checked in 12291.72 sec
>A genbg n=5+16 e=28:28 d=4:0 D=7:3  class=9/200
>Z 22528 graphs generated in 9.00 sec
>F 22528 cores checked in 12596.89 sec
>A genbg n=5+16 e=28:28 d=4:0 D=7:3  class=10/200
>Z 21989 graphs generated in 8.99 sec
>F 21989 cores checked in 23079.82 sec
>A genbg n=5+16 e=28:28 d=4:0 D=7:3  class=11/200
>Z 21834 graphs generated in 8.99 sec
>F 21834 cores checked in 16849.21 sec
>A genbg n=5+16 e=28:28 d=4:0 D=7:3  class=12/200
>Z 22457 graphs generated in 8.99 sec
>F 22457 cores checked in 11634.09 sec
>A genbg n=5+16 e=28:28 d=4:0 D=7:3  class=13/200
>Z 21673 graphs generated in 9.00 sec
>F 21673 cores checked in 15338.48 sec
>A genbg n=5+16 e=28:28 d=4:0 D=7:3  class=14/200
>Z 22211 graphs generated in 8.99 sec
>F 22211 cores checked in 14780.53 sec
>A genbg n=5+16 e=28:28 d=4:0 D=7:3  class=15/200
>Z 22605 graphs generated in 9.01 sec
>F 22605 cores checked in 13150.41 sec
>A genbg n=5+16 e=28:28 d=4:0 D=7:3  class=16/200
>Z 22432 graphs generated in 9.00 sec
>F 22432 cores checked in 14627.50 sec
>A genbg n=5+16 e=28:28 d=4:0 D=7:3  class=17/200
>Z 22408 graphs generated in 9.00 sec
>F 22408 cores checked in 16035.44 sec
>A genbg n=5+16 e=28:28 d=4:0 D=7:3  class=18/200
>Z 22114 graphs generated in 8.99 sec
>F 22114 cores checked in 14980.60 sec
>A genbg n=5+16 e=28:28 d=4:0 D=7:3  class=19/200
>Z 21501 graphs generated in 8.98 sec
>F 21501 cores checked in 12633.50 sec
>A genbg n=5+16 e=28:28 d=4:0 D=7:3  class=20/200
>Z 22434 graphs generated in 9.01 sec
>F 22434 cores checked in 17265.91 sec
>A genbg n=5+16 e=28:28 d=4:0 D=7:3  class=21/200
>Z 22561 graphs generated in 8.99 sec
>F 22561 cores checked in 16913.58 sec
>A genbg n=5+16 e=28:28 d=4:0 D=7:3  class=22/200
>Z 22161 graphs generated in 8.98 sec
>F 22161 cores checked in 17012.92 sec
>A genbg n=5+16 e=28:28 d=4:0 D=7:3  class=23/200
>Z 22856 graphs generated in 8.99 sec
>F 22856 cores checked in 12800.68 sec
>A genbg n=5+16 e=28:28 d=4:0 D=7:3  class=24/200
>Z 22092 graphs generated in 8.99 sec
>F 22092 cores checked in 11426.25 sec
>A genbg n=5+16 e=28:28 d=4:0 D=7:3  class=25/200
>Z 22173 graphs generated in 9.02 sec
>F 22173 cores checked in 15703.77 sec
>A genbg n=5+16 e=28:28 d=4:0 D=7:3  class=26/200
>Z 21408 graphs generated in 8.95 sec
>F 21408 cores checked in 20305.98 sec
>A genbg n=5+16 e=28:28 d=4:0 D=7:3  class=27/200
>Z 22412 graphs generated in 8.99 sec
>F 22412 cores checked in 16633.58 sec
>A genbg n=5+16 e=28:28 d=4:0 D=7:3  class=28/200
>Z 22547 graphs generated in 9.01 sec
>F 22547 cores checked in 11514.70 sec
>A genbg n=5+16 e=28:28 d=4:0 D=7:3  class=29/200
>Z 21355 graphs generated in 8.96 sec
>F 21355 cores checked in 15331.23 sec
>A genbg n=5+16 e=28:28 d=4:0 D=7:3  class=30/200
>Z 22211 graphs generated in 8.98 sec
>F 22211 cores checked in 14840.26 sec
>A genbg n=5+16 e=28:28 d=4:0 D=7:3  class=31/200
>Z 22480 graphs generated in 9.01 sec
>F 22480 cores checked in 16267.10 sec
>A genbg n=5+16 e=28:28 d=4:0 D=7:3  class=32/200
>Z 23203 graphs generated in 9.00 sec
>F 23203 cores checked in 15806.88 sec
>A genbg n=5+16 e=28:28 d=4:0 D=7:3  class=33/200
>Z 22048 graphs generated in 9.00 sec
>F 22048 cores checked in 9720.73 sec
>A genbg n=5+16 e=28:28 d=4:0 D=7:3  class=34/200
>Z 21741 graphs generated in 9.00 sec
>F 21741 cores checked in 11468.42 sec
>A genbg n=5+16 e=28:28 d=4:0 D=7:3  class=35/200
>Z 23256 graphs generated in 8.99 sec
>F 23256 cores checked in 15039.18 sec
>A genbg n=5+16 e=28:28 d=4:0 D=7:3  class=36/200
>Z 22094 graphs generated in 9.01 sec
>F 22094 cores checked in 17539.42 sec
>A genbg n=5+16 e=28:28 d=4:0 D=7:3  class=37/200
>Z 21950 graphs generated in 8.98 sec
>F 21950 cores checked in 19775.80 sec
>A genbg n=5+16 e=28:28 d=4:0 D=7:3  class=38/200
>Z 22506 graphs generated in 8.87 sec
>F 22506 cores checked in 24489.30 sec
>A genbg n=5+16 e=28:28 d=4:0 D=7:3  class=39/200
>Z 22387 graphs generated in 9.01 sec
>F 22387 cores checked in 16841.48 sec
>A genbg n=5+16 e=28:28 d=4:0 D=7:3  class=40/200
>Z 22442 graphs generated in 9.02 sec
>F 22442 cores checked in 15076.83 sec
>A genbg n=5+16 e=28:28 d=4:0 D=7:3  class=41/200
>Z 23166 graphs generated in 9.01 sec
>F 23166 cores checked in 14626.82 sec
>A genbg n=5+16 e=28:28 d=4:0 D=7:3  class=42/200
>Z 22264 graphs generated in 8.98 sec
>F 22264 cores checked in 12892.24 sec
>A genbg n=5+16 e=28:28 d=4:0 D=7:3  class=43/200
>Z 22487 graphs generated in 8.95 sec
>F 22487 cores checked in 11760.91 sec
>A genbg n=5+16 e=28:28 d=4:0 D=7:3  class=44/200
>Z 21616 graphs generated in 9.00 sec
>F 21616 cores checked in 14639.20 sec
>A genbg n=5+16 e=28:28 d=4:0 D=7:3  class=45/200
>Z 22248 graphs generated in 9.01 sec
>F 22248 cores checked in 15561.95 sec
>A genbg n=5+16 e=28:28 d=4:0 D=7:3  class=46/200
>Z 21922 graphs generated in 9.02 sec
>F 21922 cores checked in 14195.92 sec
>A genbg n=5+16 e=28:28 d=4:0 D=7:3  class=47/200
>Z 22332 graphs generated in 9.02 sec
>F 22332 cores checked in 15519.96 sec
>A genbg n=5+16 e=28:28 d=4:0 D=7:3  class=48/200
>Z 22549 graphs generated in 9.00 sec
>F 22549 cores checked in 10747.02 sec
>A genbg n=5+16 e=28:28 d=4:0 D=7:3  class=49/200
>Z 22196 graphs generated in 8.94 sec
>F 22196 cores checked in 9723.66 sec
>A genbg n=5+16 e=28:28 d=4:0 D=7:3  class=50/200
>Z 21687 graphs generated in 9.02 sec
>F 21687 cores checked in 14917.00 sec
>A genbg n=5+16 e=28:28 d=4:0 D=7:3  class=51/200
>Z 22502 graphs generated in 8.99 sec
>F 22502 cores checked in 16217.84 sec
>A genbg n=5+16 e=28:28 d=4:0 D=7:3  class=52/200
>Z 22217 graphs generated in 9.00 sec
>F 22217 cores checked in 13628.95 sec
>A genbg n=5+16 e=28:28 d=4:0 D=7:3  class=53/200
>Z 23001 graphs generated in 9.01 sec
>F 23001 cores checked in 16616.87 sec
>A genbg n=5+16 e=28:28 d=4:0 D=7:3  class=54/200
>Z 22298 graphs generated in 8.99 sec
>F 22298 cores checked in 14284.13 sec
>A genbg n=5+16 e=28:28 d=4:0 D=7:3  class=55/200
>Z 22167 graphs generated in 9.04 sec
>F 22167 cores checked in 22239.72 sec
>A genbg n=5+16 e=28:28 d=4:0 D=7:3  class=56/200
>Z 22298 graphs generated in 9.01 sec
>F 22298 cores checked in 19598.98 sec
>A genbg n=5+16 e=28:28 d=4:0 D=7:3  class=57/200
>Z 22198 graphs generated in 9.00 sec
>F 22198 cores checked in 13771.57 sec
>A genbg n=5+16 e=28:28 d=4:0 D=7:3  class=58/200
>Z 22917 graphs generated in 9.04 sec
>F 22917 cores checked in 18186.62 sec
>A genbg n=5+16 e=28:28 d=4:0 D=7:3  class=59/200
>Z 23397 graphs generated in 8.87 sec
>F 23397 cores checked in 14396.86 sec
>A genbg n=5+16 e=28:28 d=4:0 D=7:3  class=60/200
>Z 21595 graphs generated in 9.00 sec
>F 21595 cores checked in 17404.10 sec
>A genbg n=5+16 e=28:28 d=4:0 D=7:3  class=61/200
>Z 22119 graphs generated in 9.00 sec
>F 22119 cores checked in 16943.73 sec
>A genbg n=5+16 e=28:28 d=4:0 D=7:3  class=62/200
>Z 21445 graphs generated in 8.97 sec
>F 21445 cores checked in 23303.57 sec
>A genbg n=5+16 e=28:28 d=4:0 D=7:3  class=63/200
>Z 22519 graphs generated in 9.01 sec
>F 22519 cores checked in 18083.90 sec
>A genbg n=5+16 e=28:28 d=4:0 D=7:3  class=64/200
>Z 22162 graphs generated in 8.97 sec
>F 22162 cores checked in 14896.96 sec
>A genbg n=5+16 e=28:28 d=4:0 D=7:3  class=65/200
>Z 23022 graphs generated in 9.00 sec
>F 23022 cores checked in 18389.98 sec
>A genbg n=5+16 e=28:28 d=4:0 D=7:3  class=66/200
>Z 22300 graphs generated in 9.02 sec
>F 22300 cores checked in 20113.86 sec
>A genbg n=5+16 e=28:28 d=4:0 D=7:3  class=67/200
>Z 22727 graphs generated in 9.01 sec
>F 22727 cores checked in 16906.53 sec
>A genbg n=5+16 e=28:28 d=4:0 D=7:3  class=68/200
>Z 22804 graphs generated in 8.99 sec
>F 22804 cores checked in 19134.24 sec
>A genbg n=5+16 e=28:28 d=4:0 D=7:3  class=69/200
>Z 23308 graphs generated in 9.00 sec
>F 23308 cores checked in 17110.08 sec
>A genbg n=5+16 e=28:28 d=4:0 D=7:3  class=70/200
>Z 22308 graphs generated in 9.00 sec
>F 22308 cores checked in 17294.42 sec
>A genbg n=5+16 e=28:28 d=4:0 D=7:3  class=71/200
>Z 23109 graphs generated in 9.35 sec
>F 23109 cores checked in 17323.77 sec
>A genbg n=5+16 e=28:28 d=4:0 D=7:3  class=72/200
>Z 22087 graphs generated in 9.01 sec
>F 22087 cores checked in 11662.59 sec
>A genbg n=5+16 e=28:28 d=4:0 D=7:3  class=73/200
>Z 22303 graphs generated in 9.00 sec
>F 22303 cores checked in 11817.62 sec
>A genbg n=5+16 e=28:28 d=4:0 D=7:3  class=74/200
>Z 22437 graphs generated in 9.00 sec
>F 22437 cores checked in 14425.24 sec
>A genbg n=5+16 e=28:28 d=4:0 D=7:3  class=75/200
>Z 22529 graphs generated in 9.00 sec
>F 22529 cores checked in 16431.06 sec
>A genbg n=5+16 e=28:28 d=4:0 D=7:3  class=76/200
>Z 22669 graphs generated in 9.02 sec
>F 22669 cores checked in 12903.46 sec
>A genbg n=5+16 e=28:28 d=4:0 D=7:3  class=77/200
>Z 22861 graphs generated in 9.01 sec
>F 22861 cores checked in 16973.35 sec
>A genbg n=5+16 e=28:28 d=4:0 D=7:3  class=78/200
>Z 23047 graphs generated in 9.07 sec
>F 23047 cores checked in 13671.87 sec
>A genbg n=5+16 e=28:28 d=4:0 D=7:3  class=79/200
>Z 22799 graphs generated in 9.01 sec
>F 22799 cores checked in 14714.77 sec
>A genbg n=5+16 e=28:28 d=4:0 D=7:3  class=80/200
>Z 22093 graphs generated in 8.99 sec
>F 22093 cores checked in 11978.61 sec
>A genbg n=5+16 e=28:28 d=4:0 D=7:3  class=81/200
>Z 22392 graphs generated in 8.99 sec
>F 22392 cores checked in 13526.84 sec
>A genbg n=5+16 e=28:28 d=4:0 D=7:3  class=82/200
>Z 22459 graphs generated in 9.00 sec
>F 22459 cores checked in 19520.62 sec
>A genbg n=5+16 e=28:28 d=4:0 D=7:3  class=83/200
>Z 22808 graphs generated in 9.01 sec
>F 22808 cores checked in 16332.81 sec
>A genbg n=5+16 e=28:28 d=4:0 D=7:3  class=84/200
>Z 21682 graphs generated in 9.00 sec
>F 21682 cores checked in 12843.40 sec
>A genbg n=5+16 e=28:28 d=4:0 D=7:3  class=85/200
>Z 21958 graphs generated in 8.98 sec
>F 21958 cores checked in 14152.31 sec
>A genbg n=5+16 e=28:28 d=4:0 D=7:3  class=86/200
>Z 21681 graphs generated in 8.96 sec
>F 21681 cores checked in 12880.01 sec
>A genbg n=5+16 e=28:28 d=4:0 D=7:3  class=87/200
>Z 21865 graphs generated in 8.99 sec
>F 21865 cores checked in 12775.80 sec
>A genbg n=5+16 e=28:28 d=4:0 D=7:3  class=88/200
>Z 23071 graphs generated in 9.03 sec
>F 23071 cores checked in 14098.50 sec
>A genbg n=5+16 e=28:28 d=4:0 D=7:3  class=89/200
>Z 22690 graphs generated in 9.01 sec
>F 22690 cores checked in 11838.92 sec
>A genbg n=5+16 e=28:28 d=4:0 D=7:3  class=90/200
>Z 22581 graphs generated in 9.02 sec
>F 22581 cores checked in 17028.12 sec
>A genbg n=5+16 e=28:28 d=4:0 D=7:3  class=91/200
>Z 22030 graphs generated in 8.99 sec
>F 22030 cores checked in 12914.37 sec
>A genbg n=5+16 e=28:28 d=4:0 D=7:3  class=92/200
>Z 22295 graphs generated in 8.99 sec
>F 22295 cores checked in 20386.13 sec
>A genbg n=5+16 e=28:28 d=4:0 D=7:3  class=93/200
>Z 22069 graphs generated in 9.01 sec
>F 22069 cores checked in 13892.00 sec
>A genbg n=5+16 e=28:28 d=4:0 D=7:3  class=94/200
>Z 22265 graphs generated in 9.02 sec
>F 22265 cores checked in 17399.32 sec
>A genbg n=5+16 e=28:28 d=4:0 D=7:3  class=95/200
>Z 22284 graphs generated in 9.02 sec
>F 22284 cores checked in 13514.72 sec
>A genbg n=5+16 e=28:28 d=4:0 D=7:3  class=96/200
>Z 22494 graphs generated in 9.00 sec
>F 22494 cores checked in 15129.02 sec
>A genbg n=5+16 e=28:28 d=4:0 D=7:3  class=97/200
>Z 21996 graphs generated in 9.01 sec
>F 21996 cores checked in 18727.98 sec
>A genbg n=5+16 e=28:28 d=4:0 D=7:3  class=98/200
>Z 22161 graphs generated in 8.88 sec
>F 22161 cores checked in 14609.14 sec
>A genbg n=5+16 e=28:28 d=4:0 D=7:3  class=99/200
>Z 22253 graphs generated in 8.99 sec
>F 22253 cores checked in 14676.86 sec
>A genbg n=5+16 e=28:28 d=4:0 D=7:3  class=100/200
>Z 21308 graphs generated in 8.97 sec
>F 21308 cores checked in 15692.92 sec
>A genbg n=5+16 e=28:28 d=4:0 D=7:3  class=101/200
>Z 22771 graphs generated in 8.98 sec
>F 22771 cores checked in 16052.25 sec
>A genbg n=5+16 e=28:28 d=4:0 D=7:3  class=102/200
>Z 22437 graphs generated in 9.00 sec
>F 22437 cores checked in 18979.37 sec
>A genbg n=5+16 e=28:28 d=4:0 D=7:3  class=103/200
>Z 22462 graphs generated in 9.00 sec
>F 22462 cores checked in 14855.97 sec
>A genbg n=5+16 e=28:28 d=4:0 D=7:3  class=104/200
>Z 22874 graphs generated in 9.04 sec
>F 22874 cores checked in 16645.07 sec
>A genbg n=5+16 e=28:28 d=4:0 D=7:3  class=105/200
>Z 23175 graphs generated in 8.99 sec
>F 23175 cores checked in 16336.14 sec
>A genbg n=5+16 e=28:28 d=4:0 D=7:3  class=106/200
>Z 22291 graphs generated in 9.01 sec
>F 22291 cores checked in 15484.23 sec
>A genbg n=5+16 e=28:28 d=4:0 D=7:3  class=107/200
>Z 22478 graphs generated in 9.01 sec
>F 22478 cores checked in 21343.16 sec
>A genbg n=5+16 e=28:28 d=4:0 D=7:3  class=108/200
>Z 22857 graphs generated in 8.99 sec
>F 22857 cores checked in 17744.00 sec
>A genbg n=5+16 e=28:28 d=4:0 D=7:3  class=109/200
>Z 22297 graphs generated in 9.00 sec
>F 22297 cores checked in 12218.07 sec
>A genbg n=5+16 e=28:28 d=4:0 D=7:3  class=110/200
>Z 22149 graphs generated in 8.97 sec
>F 22149 cores checked in 11272.57 sec
>A genbg n=5+16 e=28:28 d=4:0 D=7:3  class=111/200
>Z 22100 graphs generated in 9.00 sec
>F 22100 cores checked in 13717.84 sec
>A genbg n=5+16 e=28:28 d=4:0 D=7:3  class=112/200
>Z 22472 graphs generated in 8.97 sec
>F 22472 cores checked in 13195.77 sec
>A genbg n=5+16 e=28:28 d=4:0 D=7:3  class=113/200
>Z 22014 graphs generated in 9.01 sec
>F 22014 cores checked in 14132.11 sec
>A genbg n=5+16 e=28:28 d=4:0 D=7:3  class=114/200
>Z 21545 graphs generated in 9.01 sec
>F 21545 cores checked in 16106.92 sec
>A genbg n=5+16 e=28:28 d=4:0 D=7:3  class=115/200
>Z 22367 graphs generated in 9.00 sec
>F 22367 cores checked in 14247.16 sec
>A genbg n=5+16 e=28:28 d=4:0 D=7:3  class=116/200
>Z 22986 graphs generated in 8.98 sec
>F 22986 cores checked in 21697.49 sec
>A genbg n=5+16 e=28:28 d=4:0 D=7:3  class=117/200
>Z 22704 graphs generated in 8.99 sec
>F 22704 cores checked in 29085.95 sec
>A genbg n=5+16 e=28:28 d=4:0 D=7:3  class=118/200
>Z 22585 graphs generated in 9.00 sec
>F 22585 cores checked in 14564.49 sec
>A genbg n=5+16 e=28:28 d=4:0 D=7:3  class=119/200
>Z 22622 graphs generated in 9.01 sec
>F 22622 cores checked in 17208.17 sec
>A genbg n=5+16 e=28:28 d=4:0 D=7:3  class=120/200
>Z 21497 graphs generated in 8.91 sec
>F 21497 cores checked in 16950.81 sec
>A genbg n=5+16 e=28:28 d=4:0 D=7:3  class=121/200
>Z 22416 graphs generated in 9.01 sec
>F 22416 cores checked in 16972.35 sec
>A genbg n=5+16 e=28:28 d=4:0 D=7:3  class=122/200
>Z 21674 graphs generated in 9.01 sec
>F 21674 cores checked in 13568.96 sec
>A genbg n=5+16 e=28:28 d=4:0 D=7:3  class=123/200
>Z 22398 graphs generated in 8.98 sec
>F 22398 cores checked in 19494.38 sec
>A genbg n=5+16 e=28:28 d=4:0 D=7:3  class=124/200
>Z 22710 graphs generated in 9.03 sec
>F 22710 cores checked in 18739.32 sec
>A genbg n=5+16 e=28:28 d=4:0 D=7:3  class=125/200
>Z 22507 graphs generated in 9.00 sec
>F 22507 cores checked in 22887.19 sec
>A genbg n=5+16 e=28:28 d=4:0 D=7:3  class=126/200
>Z 23028 graphs generated in 8.99 sec
>F 23028 cores checked in 13364.03 sec
>A genbg n=5+16 e=28:28 d=4:0 D=7:3  class=127/200
>Z 22461 graphs generated in 9.00 sec
>F 22461 cores checked in 14955.03 sec
>A genbg n=5+16 e=28:28 d=4:0 D=7:3  class=128/200
>Z 22147 graphs generated in 8.98 sec
>F 22147 cores checked in 21180.97 sec
>A genbg n=5+16 e=28:28 d=4:0 D=7:3  class=129/200
>Z 21603 graphs generated in 9.02 sec
>F 21603 cores checked in 17492.83 sec
>A genbg n=5+16 e=28:28 d=4:0 D=7:3  class=130/200
>Z 22030 graphs generated in 8.99 sec
>F 22030 cores checked in 24022.34 sec
>A genbg n=5+16 e=28:28 d=4:0 D=7:3  class=131/200
>Z 22522 graphs generated in 8.99 sec
>F 22522 cores checked in 19256.16 sec
>A genbg n=5+16 e=28:28 d=4:0 D=7:3  class=132/200
>Z 23324 graphs generated in 9.03 sec
>F 23324 cores checked in 18003.51 sec
>A genbg n=5+16 e=28:28 d=4:0 D=7:3  class=133/200
>Z 22745 graphs generated in 9.00 sec
>F 22745 cores checked in 15078.57 sec
>A genbg n=5+16 e=28:28 d=4:0 D=7:3  class=134/200
>Z 22286 graphs generated in 9.00 sec
>F 22286 cores checked in 15686.49 sec
>A genbg n=5+16 e=28:28 d=4:0 D=7:3  class=135/200
>Z 23003 graphs generated in 8.99 sec
>F 23003 cores checked in 14857.52 sec
>A genbg n=5+16 e=28:28 d=4:0 D=7:3  class=136/200
>Z 23219 graphs generated in 9.03 sec
>F 23219 cores checked in 12426.27 sec
>A genbg n=5+16 e=28:28 d=4:0 D=7:3  class=137/200
>Z 22628 graphs generated in 9.01 sec
>F 22628 cores checked in 15316.28 sec
>A genbg n=5+16 e=28:28 d=4:0 D=7:3  class=138/200
>Z 22076 graphs generated in 9.03 sec
>F 22076 cores checked in 16714.80 sec
>A genbg n=5+16 e=28:28 d=4:0 D=7:3  class=139/200
>Z 22438 graphs generated in 9.02 sec
>F 22438 cores checked in 17077.74 sec
>A genbg n=5+16 e=28:28 d=4:0 D=7:3  class=140/200
>Z 21944 graphs generated in 8.98 sec
>F 21944 cores checked in 21460.98 sec
>A genbg n=5+16 e=28:28 d=4:0 D=7:3  class=141/200
>Z 22755 graphs generated in 8.95 sec
>F 22755 cores checked in 17462.73 sec
>A genbg n=5+16 e=28:28 d=4:0 D=7:3  class=142/200
>Z 21806 graphs generated in 9.34 sec
>F 21806 cores checked in 15997.26 sec
>A genbg n=5+16 e=28:28 d=4:0 D=7:3  class=143/200
>Z 22371 graphs generated in 8.99 sec
>F 22371 cores checked in 12284.84 sec
>A genbg n=5+16 e=28:28 d=4:0 D=7:3  class=144/200
>Z 22518 graphs generated in 9.00 sec
>F 22518 cores checked in 16928.02 sec
>A genbg n=5+16 e=28:28 d=4:0 D=7:3  class=145/200
>Z 21801 graphs generated in 9.01 sec
>F 21801 cores checked in 12421.32 sec
>A genbg n=5+16 e=28:28 d=4:0 D=7:3  class=146/200
>Z 22613 graphs generated in 9.00 sec
>F 22613 cores checked in 14680.10 sec
>A genbg n=5+16 e=28:28 d=4:0 D=7:3  class=147/200
>Z 22232 graphs generated in 9.00 sec
>F 22232 cores checked in 15423.75 sec
>A genbg n=5+16 e=28:28 d=4:0 D=7:3  class=148/200
>Z 22454 graphs generated in 9.03 sec
>F 22454 cores checked in 15136.43 sec
>A genbg n=5+16 e=28:28 d=4:0 D=7:3  class=149/200
>Z 22205 graphs generated in 8.98 sec
>F 22205 cores checked in 18589.14 sec
>A genbg n=5+16 e=28:28 d=4:0 D=7:3  class=150/200
>Z 22768 graphs generated in 8.99 sec
>F 22768 cores checked in 16099.18 sec
>A genbg n=5+16 e=28:28 d=4:0 D=7:3  class=151/200
>Z 22226 graphs generated in 9.01 sec
>F 22226 cores checked in 18017.76 sec
>A genbg n=5+16 e=28:28 d=4:0 D=7:3  class=152/200
>Z 23300 graphs generated in 9.00 sec
>F 23300 cores checked in 13824.67 sec
>A genbg n=5+16 e=28:28 d=4:0 D=7:3  class=153/200
>Z 23113 graphs generated in 9.01 sec
>F 23113 cores checked in 14361.13 sec
>A genbg n=5+16 e=28:28 d=4:0 D=7:3  class=154/200
>Z 22113 graphs generated in 9.01 sec
>F 22113 cores checked in 14124.54 sec
>A genbg n=5+16 e=28:28 d=4:0 D=7:3  class=155/200
>Z 22482 graphs generated in 8.97 sec
>F 22482 cores checked in 13013.19 sec
>A genbg n=5+16 e=28:28 d=4:0 D=7:3  class=156/200
>Z 23463 graphs generated in 9.01 sec
>F 23463 cores checked in 14346.73 sec
>A genbg n=5+16 e=28:28 d=4:0 D=7:3  class=157/200
>Z 22585 graphs generated in 9.00 sec
>F 22585 cores checked in 15931.87 sec
>A genbg n=5+16 e=28:28 d=4:0 D=7:3  class=158/200
>Z 22719 graphs generated in 8.99 sec
>F 22719 cores checked in 15514.08 sec
>A genbg n=5+16 e=28:28 d=4:0 D=7:3  class=159/200
>Z 22756 graphs generated in 9.03 sec
>F 22756 cores checked in 22282.47 sec
>A genbg n=5+16 e=28:28 d=4:0 D=7:3  class=160/200
>Z 21868 graphs generated in 9.01 sec
>F 21868 cores checked in 12479.98 sec
>A genbg n=5+16 e=28:28 d=4:0 D=7:3  class=161/200
>Z 22642 graphs generated in 9.00 sec
>F 22642 cores checked in 16290.54 sec
>A genbg n=5+16 e=28:28 d=4:0 D=7:3  class=162/200
>Z 22757 graphs generated in 9.04 sec
>F 22757 cores checked in 21372.28 sec
>A genbg n=5+16 e=28:28 d=4:0 D=7:3  class=163/200
>Z 22873 graphs generated in 9.03 sec
>F 22873 cores checked in 18193.37 sec
>A genbg n=5+16 e=28:28 d=4:0 D=7:3  class=164/200
>Z 21829 graphs generated in 9.01 sec
>F 21829 cores checked in 14919.01 sec
>A genbg n=5+16 e=28:28 d=4:0 D=7:3  class=165/200
>Z 22618 graphs generated in 8.98 sec
>F 22618 cores checked in 14664.09 sec
>A genbg n=5+16 e=28:28 d=4:0 D=7:3  class=166/200
>Z 22163 graphs generated in 8.99 sec
>F 22163 cores checked in 14329.29 sec
>A genbg n=5+16 e=28:28 d=4:0 D=7:3  class=167/200
>Z 22896 graphs generated in 8.98 sec
>F 22896 cores checked in 13085.10 sec
>A genbg n=5+16 e=28:28 d=4:0 D=7:3  class=168/200
>Z 22956 graphs generated in 8.95 sec
>F 22956 cores checked in 13353.15 sec
>A genbg n=5+16 e=28:28 d=4:0 D=7:3  class=169/200
>Z 22948 graphs generated in 9.02 sec
>F 22948 cores checked in 19766.43 sec
>A genbg n=5+16 e=28:28 d=4:0 D=7:3  class=170/200
>Z 22297 graphs generated in 9.01 sec
>F 22297 cores checked in 17559.31 sec
>A genbg n=5+16 e=28:28 d=4:0 D=7:3  class=171/200
>Z 21855 graphs generated in 8.98 sec
>F 21855 cores checked in 18227.10 sec
>A genbg n=5+16 e=28:28 d=4:0 D=7:3  class=172/200
>Z 22199 graphs generated in 9.01 sec
>F 22199 cores checked in 13147.44 sec
>A genbg n=5+16 e=28:28 d=4:0 D=7:3  class=173/200
>Z 23884 graphs generated in 9.03 sec
>F 23884 cores checked in 25709.33 sec
>A genbg n=5+16 e=28:28 d=4:0 D=7:3  class=174/200
>Z 22992 graphs generated in 9.01 sec
>F 22992 cores checked in 17052.00 sec
>A genbg n=5+16 e=28:28 d=4:0 D=7:3  class=175/200
>Z 22331 graphs generated in 9.03 sec
>F 22331 cores checked in 19238.46 sec
>A genbg n=5+16 e=28:28 d=4:0 D=7:3  class=176/200
>Z 22467 graphs generated in 9.01 sec
>F 22467 cores checked in 13759.42 sec
>A genbg n=5+16 e=28:28 d=4:0 D=7:3  class=177/200
>Z 22233 graphs generated in 9.01 sec
>F 22233 cores checked in 15697.59 sec
>A genbg n=5+16 e=28:28 d=4:0 D=7:3  class=178/200
>Z 22611 graphs generated in 9.00 sec
>F 22611 cores checked in 17312.34 sec
>A genbg n=5+16 e=28:28 d=4:0 D=7:3  class=179/200
>Z 23326 graphs generated in 9.00 sec
>F 23326 cores checked in 21992.21 sec
>A genbg n=5+16 e=28:28 d=4:0 D=7:3  class=180/200
>Z 22461 graphs generated in 9.00 sec
>F 22461 cores checked in 11520.62 sec
>A genbg n=5+16 e=28:28 d=4:0 D=7:3  class=181/200
>Z 21625 graphs generated in 9.00 sec
>F 21625 cores checked in 11451.21 sec
>A genbg n=5+16 e=28:28 d=4:0 D=7:3  class=182/200
>Z 22339 graphs generated in 9.00 sec
>F 22339 cores checked in 15373.96 sec
>A genbg n=5+16 e=28:28 d=4:0 D=7:3  class=183/200
>Z 22820 graphs generated in 9.06 sec
>F 22820 cores checked in 11436.28 sec
>A genbg n=5+16 e=28:28 d=4:0 D=7:3  class=184/200
>Z 22691 graphs generated in 8.99 sec
>F 22691 cores checked in 11266.60 sec
>A genbg n=5+16 e=28:28 d=4:0 D=7:3  class=185/200
>Z 23108 graphs generated in 9.00 sec
>F 23108 cores checked in 14241.32 sec
>A genbg n=5+16 e=28:28 d=4:0 D=7:3  class=186/200
>Z 22195 graphs generated in 9.00 sec
>F 22195 cores checked in 14113.59 sec
>A genbg n=5+16 e=28:28 d=4:0 D=7:3  class=187/200
>Z 21802 graphs generated in 9.00 sec
>F 21802 cores checked in 10503.73 sec
>A genbg n=5+16 e=28:28 d=4:0 D=7:3  class=188/200
>Z 22854 graphs generated in 9.01 sec
>F 22854 cores checked in 16860.83 sec
>A genbg n=5+16 e=28:28 d=4:0 D=7:3  class=189/200
>Z 22300 graphs generated in 9.02 sec
>F 22300 cores checked in 10605.27 sec
>A genbg n=5+16 e=28:28 d=4:0 D=7:3  class=190/200
>Z 22278 graphs generated in 9.01 sec
>F 22278 cores checked in 14111.92 sec
>A genbg n=5+16 e=28:28 d=4:0 D=7:3  class=191/200
>Z 21720 graphs generated in 8.98 sec
>F 21720 cores checked in 14039.50 sec
>A genbg n=5+16 e=28:28 d=4:0 D=7:3  class=192/200
>Z 22937 graphs generated in 8.99 sec
>F 22937 cores checked in 15700.51 sec
>A genbg n=5+16 e=28:28 d=4:0 D=7:3  class=193/200
>Z 22711 graphs generated in 9.01 sec
>F 22711 cores checked in 11852.94 sec
>A genbg n=5+16 e=28:28 d=4:0 D=7:3  class=194/200
>Z 21936 graphs generated in 9.01 sec
>F 21936 cores checked in 17893.96 sec
>A genbg n=5+16 e=28:28 d=4:0 D=7:3  class=195/200
>Z 22669 graphs generated in 8.98 sec
>F 22669 cores checked in 23208.88 sec
>A genbg n=5+16 e=28:28 d=4:0 D=7:3  class=196/200
>Z 22443 graphs generated in 8.98 sec
>F 22443 cores checked in 9094.95 sec
>A genbg n=5+16 e=28:28 d=4:0 D=7:3  class=197/200
>Z 22206 graphs generated in 9.02 sec
>F 22206 cores checked in 15870.17 sec
>A genbg n=5+16 e=28:28 d=4:0 D=7:3  class=198/200
>Z 21859 graphs generated in 8.96 sec
>F 21859 cores checked in 19626.82 sec
>A genbg n=5+16 e=28:28 d=4:0 D=7:3  class=199/200
>Z 22716 graphs generated in 8.99 sec
>F 22716 cores checked in 18662.61 sec



=== Total number of graphs generated: 4480680
=== Total number of graphs checked: 4480680
=== Total time for generation: 1800.07 seconds
=== Total time for checking: 3159277.82 seconds
=== Total number of exceptional graphs: 0

