=== Log file for SI-Lemma_4



>A genbg n=3+5 e=14:14 d=2:2 D=5:3 
>Z 1 graphs generated in 0.00 sec
>F 1 SI-graphs checked in 0.00 sec
>A genbg n=4+6 e=17:17 d=2:2 D=6:3 
>Z 16 graphs generated in 0.00 sec
>F 16 SI-graphs checked in 0.00 sec
>A genbg n=5+7 e=20:20 d=2:2 D=7:3 
>Z 382 graphs generated in 0.00 sec
>F 382 SI-graphs checked in 0.01 sec
>A genbg n=6+8 e=23:23 d=2:2 D=8:3 
>Z 9859 graphs generated in 0.07 sec
>F 9859 SI-graphs checked in 0.28 sec
>A genbg n=7+9 e=26:26 d=2:2 D=9:3 
>Z 284858 graphs generated in 2.53 sec
>F 284858 SI-graphs checked in 33.81 sec



=== Total number of graphs generated: 295116
=== Total number of graphs checked: 295116
=== Total time for generation: 2.60 seconds
=== Total time for checking: 34.10 seconds
=== Total number of exceptional graphs: 0

