=== Log file for genbg_-d7:0_-D8:3_3_17_23:23



>A genbg n=3+17 e=23:23 d=7:0 D=8:3  class=0/150
>Z 2 graphs generated in 0.05 sec
>F 2 cores checked in 0.00 sec
>A genbg n=3+17 e=23:23 d=7:0 D=8:3  class=1/150
>Z 2 graphs generated in 0.04 sec
>F 2 cores checked in 0.00 sec
>A genbg n=3+17 e=23:23 d=7:0 D=8:3  class=2/150
>Z 1 graphs generated in 0.05 sec
>F 1 cores checked in 0.00 sec
>A genbg n=3+17 e=23:23 d=7:0 D=8:3  class=3/150
>Z 2 graphs generated in 0.05 sec
>F 2 cores checked in 0.00 sec
>A genbg n=3+17 e=23:23 d=7:0 D=8:3  class=4/150
>Z 1 graphs generated in 0.05 sec
>F 1 cores checked in 0.00 sec
>A genbg n=3+17 e=23:23 d=7:0 D=8:3  class=5/150
>Z 4 graphs generated in 0.05 sec
>F 4 cores checked in 0.00 sec
>A genbg n=3+17 e=23:23 d=7:0 D=8:3  class=6/150
>Z 4 graphs generated in 0.05 sec
>F 4 cores checked in 0.00 sec
>A genbg n=3+17 e=23:23 d=7:0 D=8:3  class=7/150
>Z 3 graphs generated in 0.05 sec
>F 3 cores checked in 0.00 sec
>A genbg n=3+17 e=23:23 d=7:0 D=8:3  class=8/150
>Z 2 graphs generated in 0.05 sec
>F 2 cores checked in 0.00 sec
>A genbg n=3+17 e=23:23 d=7:0 D=8:3  class=9/150
>Z 1 graphs generated in 0.05 sec
>F 1 cores checked in 0.00 sec
>A genbg n=3+17 e=23:23 d=7:0 D=8:3  class=10/150
>Z 1 graphs generated in 0.05 sec
>F 1 cores checked in 0.00 sec
>A genbg n=3+17 e=23:23 d=7:0 D=8:3  class=11/150
>Z 2 graphs generated in 0.05 sec
>F 2 cores checked in 0.00 sec
>A genbg n=3+17 e=23:23 d=7:0 D=8:3  class=12/150
>Z 4 graphs generated in 0.05 sec
>F 4 cores checked in 0.00 sec
>A genbg n=3+17 e=23:23 d=7:0 D=8:3  class=13/150
>Z 2 graphs generated in 0.05 sec
>F 2 cores checked in 0.00 sec
>A genbg n=3+17 e=23:23 d=7:0 D=8:3  class=14/150
>Z 1 graphs generated in 0.05 sec
>F 1 cores checked in 0.00 sec
>A genbg n=3+17 e=23:23 d=7:0 D=8:3  class=15/150
>Z 1 graphs generated in 0.05 sec
>F 1 cores checked in 0.00 sec
>A genbg n=3+17 e=23:23 d=7:0 D=8:3  class=16/150
>Z 2 graphs generated in 0.05 sec
>F 2 cores checked in 0.00 sec
>A genbg n=3+17 e=23:23 d=7:0 D=8:3  class=17/150
>Z 2 graphs generated in 0.05 sec
>F 2 cores checked in 0.00 sec
>A genbg n=3+17 e=23:23 d=7:0 D=8:3  class=18/150
>Z 3 graphs generated in 0.05 sec
>F 3 cores checked in 0.00 sec
>A genbg n=3+17 e=23:23 d=7:0 D=8:3  class=19/150
>Z 3 graphs generated in 0.05 sec
>F 3 cores checked in 0.00 sec
>A genbg n=3+17 e=23:23 d=7:0 D=8:3  class=20/150
>Z 2 graphs generated in 0.04 sec
>F 2 cores checked in 0.00 sec
>A genbg n=3+17 e=23:23 d=7:0 D=8:3  class=21/150
>Z 3 graphs generated in 0.04 sec
>F 3 cores checked in 0.00 sec
>A genbg n=3+17 e=23:23 d=7:0 D=8:3  class=22/150
>Z 1 graphs generated in 0.05 sec
>F 1 cores checked in 0.00 sec
>A genbg n=3+17 e=23:23 d=7:0 D=8:3  class=23/150
>Z 1 graphs generated in 0.05 sec
>F 1 cores checked in 0.00 sec
>A genbg n=3+17 e=23:23 d=7:0 D=8:3  class=24/150
>Z 3 graphs generated in 0.04 sec
>F 3 cores checked in 0.00 sec
>A genbg n=3+17 e=23:23 d=7:0 D=8:3  class=25/150
>Z 2 graphs generated in 0.05 sec
>F 2 cores checked in 0.00 sec
>A genbg n=3+17 e=23:23 d=7:0 D=8:3  class=26/150
>Z 1 graphs generated in 0.05 sec
>F 1 cores checked in 0.00 sec
>A genbg n=3+17 e=23:23 d=7:0 D=8:3  class=27/150
>Z 4 graphs generated in 0.04 sec
>F 4 cores checked in 0.01 sec
>A genbg n=3+17 e=23:23 d=7:0 D=8:3  class=28/150
>Z 3 graphs generated in 0.05 sec
>F 3 cores checked in 0.00 sec
>A genbg n=3+17 e=23:23 d=7:0 D=8:3  class=29/150
>Z 1 graphs generated in 0.05 sec
>F 1 cores checked in 0.00 sec
>A genbg n=3+17 e=23:23 d=7:0 D=8:3  class=30/150
>Z 2 graphs generated in 0.05 sec
>F 2 cores checked in 0.00 sec
>A genbg n=3+17 e=23:23 d=7:0 D=8:3  class=31/150
>Z 3 graphs generated in 0.05 sec
>F 3 cores checked in 0.00 sec
>A genbg n=3+17 e=23:23 d=7:0 D=8:3  class=32/150
>Z 3 graphs generated in 0.05 sec
>F 3 cores checked in 0.00 sec
>A genbg n=3+17 e=23:23 d=7:0 D=8:3  class=33/150
>Z 1 graphs generated in 0.05 sec
>F 1 cores checked in 0.00 sec
>A genbg n=3+17 e=23:23 d=7:0 D=8:3  class=34/150
>Z 2 graphs generated in 0.05 sec
>F 2 cores checked in 0.00 sec
>A genbg n=3+17 e=23:23 d=7:0 D=8:3  class=35/150
>Z 3 graphs generated in 0.04 sec
>F 3 cores checked in 0.00 sec
>A genbg n=3+17 e=23:23 d=7:0 D=8:3  class=36/150
>Z 2 graphs generated in 0.05 sec
>F 2 cores checked in 0.00 sec
>A genbg n=3+17 e=23:23 d=7:0 D=8:3  class=37/150
>Z 2 graphs generated in 0.05 sec
>F 2 cores checked in 0.00 sec
>A genbg n=3+17 e=23:23 d=7:0 D=8:3  class=38/150
>Z 3 graphs generated in 0.05 sec
>F 3 cores checked in 0.00 sec
>A genbg n=3+17 e=23:23 d=7:0 D=8:3  class=39/150
>Z 2 graphs generated in 0.05 sec
>F 2 cores checked in 0.00 sec
>A genbg n=3+17 e=23:23 d=7:0 D=8:3  class=40/150
>Z 2 graphs generated in 0.05 sec
>F 2 cores checked in 0.00 sec
>A genbg n=3+17 e=23:23 d=7:0 D=8:3  class=41/150
>Z 3 graphs generated in 0.05 sec
>F 3 cores checked in 0.00 sec
>A genbg n=3+17 e=23:23 d=7:0 D=8:3  class=42/150
>Z 1 graphs generated in 0.05 sec
>F 1 cores checked in 0.00 sec
>A genbg n=3+17 e=23:23 d=7:0 D=8:3  class=43/150
>Z 2 graphs generated in 0.04 sec
>F 2 cores checked in 0.00 sec
>A genbg n=3+17 e=23:23 d=7:0 D=8:3  class=44/150
>Z 1 graphs generated in 0.05 sec
>F 1 cores checked in 0.00 sec
>A genbg n=3+17 e=23:23 d=7:0 D=8:3  class=45/150
>Z 3 graphs generated in 0.04 sec
>F 3 cores checked in 0.00 sec
>A genbg n=3+17 e=23:23 d=7:0 D=8:3  class=46/150
>Z 4 graphs generated in 0.05 sec
>F 4 cores checked in 0.00 sec
>A genbg n=3+17 e=23:23 d=7:0 D=8:3  class=47/150
>Z 0 graphs generated in 0.05 sec
>F 0 cores checked in 0.00 sec
>A genbg n=3+17 e=23:23 d=7:0 D=8:3  class=48/150
>Z 2 graphs generated in 0.05 sec
>F 2 cores checked in 0.00 sec
>A genbg n=3+17 e=23:23 d=7:0 D=8:3  class=49/150
>Z 0 graphs generated in 0.05 sec
>F 0 cores checked in 0.00 sec
>A genbg n=3+17 e=23:23 d=7:0 D=8:3  class=50/150
>Z 3 graphs generated in 0.05 sec
>F 3 cores checked in 0.00 sec
>A genbg n=3+17 e=23:23 d=7:0 D=8:3  class=51/150
>Z 4 graphs generated in 0.05 sec
>F 4 cores checked in 0.00 sec
>A genbg n=3+17 e=23:23 d=7:0 D=8:3  class=52/150
>Z 0 graphs generated in 0.05 sec
>F 0 cores checked in 0.00 sec
>A genbg n=3+17 e=23:23 d=7:0 D=8:3  class=53/150
>Z 1 graphs generated in 0.05 sec
>F 1 cores checked in 0.00 sec
>A genbg n=3+17 e=23:23 d=7:0 D=8:3  class=54/150
>Z 0 graphs generated in 0.05 sec
>F 0 cores checked in 0.00 sec
>A genbg n=3+17 e=23:23 d=7:0 D=8:3  class=55/150
>Z 2 graphs generated in 0.04 sec
>F 2 cores checked in 0.00 sec
>A genbg n=3+17 e=23:23 d=7:0 D=8:3  class=56/150
>Z 2 graphs generated in 0.04 sec
>F 2 cores checked in 0.00 sec
>A genbg n=3+17 e=23:23 d=7:0 D=8:3  class=57/150
>Z 3 graphs generated in 0.05 sec
>F 3 cores checked in 0.00 sec
>A genbg n=3+17 e=23:23 d=7:0 D=8:3  class=58/150
>Z 2 graphs generated in 0.05 sec
>F 2 cores checked in 0.00 sec
>A genbg n=3+17 e=23:23 d=7:0 D=8:3  class=59/150
>Z 0 graphs generated in 0.04 sec
>F 0 cores checked in 0.00 sec
>A genbg n=3+17 e=23:23 d=7:0 D=8:3  class=60/150
>Z 1 graphs generated in 0.05 sec
>F 1 cores checked in 0.00 sec
>A genbg n=3+17 e=23:23 d=7:0 D=8:3  class=61/150
>Z 1 graphs generated in 0.04 sec
>F 1 cores checked in 0.00 sec
>A genbg n=3+17 e=23:23 d=7:0 D=8:3  class=62/150
>Z 1 graphs generated in 0.05 sec
>F 1 cores checked in 0.00 sec
>A genbg n=3+17 e=23:23 d=7:0 D=8:3  class=63/150
>Z 1 graphs generated in 0.04 sec
>F 1 cores checked in 0.00 sec
>A genbg n=3+17 e=23:23 d=7:0 D=8:3  class=64/150
>Z 2 graphs generated in 0.04 sec
>F 2 cores checked in 0.00 sec
>A genbg n=3+17 e=23:23 d=7:0 D=8:3  class=65/150
>Z 5 graphs generated in 0.05 sec
>F 5 cores checked in 0.01 sec
>A genbg n=3+17 e=23:23 d=7:0 D=8:3  class=66/150
>Z 1 graphs generated in 0.04 sec
>F 1 cores checked in 0.00 sec
>A genbg n=3+17 e=23:23 d=7:0 D=8:3  class=67/150
>Z 2 graphs generated in 0.05 sec
>F 2 cores checked in 0.00 sec
>A genbg n=3+17 e=23:23 d=7:0 D=8:3  class=68/150
>Z 1 graphs generated in 0.05 sec
>F 1 cores checked in 0.00 sec
>A genbg n=3+17 e=23:23 d=7:0 D=8:3  class=69/150
>Z 0 graphs generated in 0.04 sec
>F 0 cores checked in 0.00 sec
>A genbg n=3+17 e=23:23 d=7:0 D=8:3  class=70/150
>Z 0 graphs generated in 0.05 sec
>F 0 cores checked in 0.00 sec
>A genbg n=3+17 e=23:23 d=7:0 D=8:3  class=71/150
>Z 1 graphs generated in 0.05 sec
>F 1 cores checked in 0.00 sec
>A genbg n=3+17 e=23:23 d=7:0 D=8:3  class=72/150
>Z 8 graphs generated in 0.05 sec
>F 8 cores checked in 0.01 sec
>A genbg n=3+17 e=23:23 d=7:0 D=8:3  class=73/150
>Z 2 graphs generated in 0.05 sec
>F 2 cores checked in 0.00 sec
>A genbg n=3+17 e=23:23 d=7:0 D=8:3  class=74/150
>Z 0 graphs generated in 0.04 sec
>F 0 cores checked in 0.00 sec
>A genbg n=3+17 e=23:23 d=7:0 D=8:3  class=75/150
>Z 0 graphs generated in 0.05 sec
>F 0 cores checked in 0.00 sec
>A genbg n=3+17 e=23:23 d=7:0 D=8:3  class=76/150
>Z 3 graphs generated in 0.04 sec
>F 3 cores checked in 0.00 sec
>A genbg n=3+17 e=23:23 d=7:0 D=8:3  class=77/150
>Z 1 graphs generated in 0.04 sec
>F 1 cores checked in 0.00 sec
>A genbg n=3+17 e=23:23 d=7:0 D=8:3  class=78/150
>Z 1 graphs generated in 0.05 sec
>F 1 cores checked in 0.00 sec
>A genbg n=3+17 e=23:23 d=7:0 D=8:3  class=79/150
>Z 4 graphs generated in 0.05 sec
>F 4 cores checked in 0.00 sec
>A genbg n=3+17 e=23:23 d=7:0 D=8:3  class=80/150
>Z 2 graphs generated in 0.05 sec
>F 2 cores checked in 0.00 sec
>A genbg n=3+17 e=23:23 d=7:0 D=8:3  class=81/150
>Z 1 graphs generated in 0.05 sec
>F 1 cores checked in 0.00 sec
>A genbg n=3+17 e=23:23 d=7:0 D=8:3  class=82/150
>Z 1 graphs generated in 0.05 sec
>F 1 cores checked in 0.00 sec
>A genbg n=3+17 e=23:23 d=7:0 D=8:3  class=83/150
>Z 4 graphs generated in 0.05 sec
>F 4 cores checked in 0.00 sec
>A genbg n=3+17 e=23:23 d=7:0 D=8:3  class=84/150
>Z 3 graphs generated in 0.05 sec
>F 3 cores checked in 0.00 sec
>A genbg n=3+17 e=23:23 d=7:0 D=8:3  class=85/150
>Z 2 graphs generated in 0.05 sec
>F 2 cores checked in 0.00 sec
>A genbg n=3+17 e=23:23 d=7:0 D=8:3  class=86/150
>Z 1 graphs generated in 0.05 sec
>F 1 cores checked in 0.00 sec
>A genbg n=3+17 e=23:23 d=7:0 D=8:3  class=87/150
>Z 3 graphs generated in 0.04 sec
>F 3 cores checked in 0.00 sec
>A genbg n=3+17 e=23:23 d=7:0 D=8:3  class=88/150
>Z 0 graphs generated in 0.05 sec
>F 0 cores checked in 0.00 sec
>A genbg n=3+17 e=23:23 d=7:0 D=8:3  class=89/150
>Z 2 graphs generated in 0.05 sec
>F 2 cores checked in 0.00 sec
>A genbg n=3+17 e=23:23 d=7:0 D=8:3  class=90/150
>Z 1 graphs generated in 0.04 sec
>F 1 cores checked in 0.00 sec
>A genbg n=3+17 e=23:23 d=7:0 D=8:3  class=91/150
>Z 2 graphs generated in 0.05 sec
>F 2 cores checked in 0.00 sec
>A genbg n=3+17 e=23:23 d=7:0 D=8:3  class=92/150
>Z 0 graphs generated in 0.05 sec
>F 0 cores checked in 0.00 sec
>A genbg n=3+17 e=23:23 d=7:0 D=8:3  class=93/150
>Z 0 graphs generated in 0.04 sec
>F 0 cores checked in 0.00 sec
>A genbg n=3+17 e=23:23 d=7:0 D=8:3  class=94/150
>Z 2 graphs generated in 0.05 sec
>F 2 cores checked in 0.00 sec
>A genbg n=3+17 e=23:23 d=7:0 D=8:3  class=95/150
>Z 3 graphs generated in 0.05 sec
>F 3 cores checked in 0.00 sec
>A genbg n=3+17 e=23:23 d=7:0 D=8:3  class=96/150
>Z 0 graphs generated in 0.04 sec
>F 0 cores checked in 0.00 sec
>A genbg n=3+17 e=23:23 d=7:0 D=8:3  class=97/150
>Z 1 graphs generated in 0.05 sec
>F 1 cores checked in 0.00 sec
>A genbg n=3+17 e=23:23 d=7:0 D=8:3  class=98/150
>Z 1 graphs generated in 0.05 sec
>F 1 cores checked in 0.00 sec
>A genbg n=3+17 e=23:23 d=7:0 D=8:3  class=99/150
>Z 1 graphs generated in 0.04 sec
>F 1 cores checked in 0.00 sec
>A genbg n=3+17 e=23:23 d=7:0 D=8:3  class=100/150
>Z 3 graphs generated in 0.05 sec
>F 3 cores checked in 0.00 sec
>A genbg n=3+17 e=23:23 d=7:0 D=8:3  class=101/150
>Z 1 graphs generated in 0.05 sec
>F 1 cores checked in 0.00 sec
>A genbg n=3+17 e=23:23 d=7:0 D=8:3  class=102/150
>Z 3 graphs generated in 0.05 sec
>F 3 cores checked in 0.00 sec
>A genbg n=3+17 e=23:23 d=7:0 D=8:3  class=103/150
>Z 2 graphs generated in 0.05 sec
>F 2 cores checked in 0.00 sec
>A genbg n=3+17 e=23:23 d=7:0 D=8:3  class=104/150
>Z 3 graphs generated in 0.05 sec
>F 3 cores checked in 0.00 sec
>A genbg n=3+17 e=23:23 d=7:0 D=8:3  class=105/150
>Z 1 graphs generated in 0.05 sec
>F 1 cores checked in 0.00 sec
>A genbg n=3+17 e=23:23 d=7:0 D=8:3  class=106/150
>Z 3 graphs generated in 0.05 sec
>F 3 cores checked in 0.00 sec
>A genbg n=3+17 e=23:23 d=7:0 D=8:3  class=107/150
>Z 1 graphs generated in 0.05 sec
>F 1 cores checked in 0.00 sec
>A genbg n=3+17 e=23:23 d=7:0 D=8:3  class=108/150
>Z 0 graphs generated in 0.05 sec
>F 0 cores checked in 0.00 sec
>A genbg n=3+17 e=23:23 d=7:0 D=8:3  class=109/150
>Z 1 graphs generated in 0.04 sec
>F 1 cores checked in 0.00 sec
>A genbg n=3+17 e=23:23 d=7:0 D=8:3  class=110/150
>Z 2 graphs generated in 0.04 sec
>F 2 cores checked in 0.00 sec
>A genbg n=3+17 e=23:23 d=7:0 D=8:3  class=111/150
>Z 2 graphs generated in 0.04 sec
>F 2 cores checked in 0.00 sec
>A genbg n=3+17 e=23:23 d=7:0 D=8:3  class=112/150
>Z 1 graphs generated in 0.05 sec
>F 1 cores checked in 0.00 sec
>A genbg n=3+17 e=23:23 d=7:0 D=8:3  class=113/150
>Z 3 graphs generated in 0.04 sec
>F 3 cores checked in 0.00 sec
>A genbg n=3+17 e=23:23 d=7:0 D=8:3  class=114/150
>Z 1 graphs generated in 0.05 sec
>F 1 cores checked in 0.00 sec
>A genbg n=3+17 e=23:23 d=7:0 D=8:3  class=115/150
>Z 1 graphs generated in 0.05 sec
>F 1 cores checked in 0.00 sec
>A genbg n=3+17 e=23:23 d=7:0 D=8:3  class=116/150
>Z 3 graphs generated in 0.05 sec
>F 3 cores checked in 0.00 sec
>A genbg n=3+17 e=23:23 d=7:0 D=8:3  class=117/150
>Z 1 graphs generated in 0.05 sec
>F 1 cores checked in 0.00 sec
>A genbg n=3+17 e=23:23 d=7:0 D=8:3  class=118/150
>Z 4 graphs generated in 0.04 sec
>F 4 cores checked in 0.00 sec
>A genbg n=3+17 e=23:23 d=7:0 D=8:3  class=119/150
>Z 2 graphs generated in 0.05 sec
>F 2 cores checked in 0.00 sec
>A genbg n=3+17 e=23:23 d=7:0 D=8:3  class=120/150
>Z 1 graphs generated in 0.05 sec
>F 1 cores checked in 0.00 sec
>A genbg n=3+17 e=23:23 d=7:0 D=8:3  class=121/150
>Z 4 graphs generated in 0.05 sec
>F 4 cores checked in 0.00 sec
>A genbg n=3+17 e=23:23 d=7:0 D=8:3  class=122/150
>Z 1 graphs generated in 0.05 sec
>F 1 cores checked in 0.00 sec
>A genbg n=3+17 e=23:23 d=7:0 D=8:3  class=123/150
>Z 3 graphs generated in 0.05 sec
>F 3 cores checked in 0.00 sec
>A genbg n=3+17 e=23:23 d=7:0 D=8:3  class=124/150
>Z 1 graphs generated in 0.05 sec
>F 1 cores checked in 0.00 sec
>A genbg n=3+17 e=23:23 d=7:0 D=8:3  class=125/150
>Z 1 graphs generated in 0.05 sec
>F 1 cores checked in 0.00 sec
>A genbg n=3+17 e=23:23 d=7:0 D=8:3  class=126/150
>Z 2 graphs generated in 0.04 sec
>F 2 cores checked in 0.00 sec
>A genbg n=3+17 e=23:23 d=7:0 D=8:3  class=127/150
>Z 3 graphs generated in 0.05 sec
>F 3 cores checked in 0.00 sec
>A genbg n=3+17 e=23:23 d=7:0 D=8:3  class=128/150
>Z 1 graphs generated in 0.05 sec
>F 1 cores checked in 0.00 sec
>A genbg n=3+17 e=23:23 d=7:0 D=8:3  class=129/150
>Z 3 graphs generated in 0.05 sec
>F 3 cores checked in 0.00 sec
>A genbg n=3+17 e=23:23 d=7:0 D=8:3  class=130/150
>Z 0 graphs generated in 0.05 sec
>F 0 cores checked in 0.00 sec
>A genbg n=3+17 e=23:23 d=7:0 D=8:3  class=131/150
>Z 2 graphs generated in 0.05 sec
>F 2 cores checked in 0.00 sec
>A genbg n=3+17 e=23:23 d=7:0 D=8:3  class=132/150
>Z 3 graphs generated in 0.05 sec
>F 3 cores checked in 0.00 sec
>A genbg n=3+17 e=23:23 d=7:0 D=8:3  class=133/150
>Z 1 graphs generated in 0.05 sec
>F 1 cores checked in 0.00 sec
>A genbg n=3+17 e=23:23 d=7:0 D=8:3  class=134/150
>Z 1 graphs generated in 0.05 sec
>F 1 cores checked in 0.00 sec
>A genbg n=3+17 e=23:23 d=7:0 D=8:3  class=135/150
>Z 2 graphs generated in 0.05 sec
>F 2 cores checked in 0.00 sec
>A genbg n=3+17 e=23:23 d=7:0 D=8:3  class=136/150
>Z 3 graphs generated in 0.05 sec
>F 3 cores checked in 0.00 sec
>A genbg n=3+17 e=23:23 d=7:0 D=8:3  class=137/150
>Z 2 graphs generated in 0.05 sec
>F 2 cores checked in 0.00 sec
>A genbg n=3+17 e=23:23 d=7:0 D=8:3  class=138/150
>Z 1 graphs generated in 0.05 sec
>F 1 cores checked in 0.00 sec
>A genbg n=3+17 e=23:23 d=7:0 D=8:3  class=139/150
>Z 1 graphs generated in 0.04 sec
>F 1 cores checked in 0.00 sec
>A genbg n=3+17 e=23:23 d=7:0 D=8:3  class=140/150
>Z 1 graphs generated in 0.05 sec
>F 1 cores checked in 0.00 sec
>A genbg n=3+17 e=23:23 d=7:0 D=8:3  class=141/150
>Z 0 graphs generated in 0.05 sec
>F 0 cores checked in 0.00 sec
>A genbg n=3+17 e=23:23 d=7:0 D=8:3  class=142/150
>Z 3 graphs generated in 0.05 sec
>F 3 cores checked in 0.00 sec
>A genbg n=3+17 e=23:23 d=7:0 D=8:3  class=143/150
>Z 0 graphs generated in 0.05 sec
>F 0 cores checked in 0.00 sec
>A genbg n=3+17 e=23:23 d=7:0 D=8:3  class=144/150
>Z 0 graphs generated in 0.05 sec
>F 0 cores checked in 0.00 sec
>A genbg n=3+17 e=23:23 d=7:0 D=8:3  class=145/150
>Z 2 graphs generated in 0.04 sec
>F 2 cores checked in 0.00 sec
>A genbg n=3+17 e=23:23 d=7:0 D=8:3  class=146/150
>Z 1 graphs generated in 0.05 sec
>F 1 cores checked in 0.00 sec
>A genbg n=3+17 e=23:23 d=7:0 D=8:3  class=147/150
>Z 2 graphs generated in 0.05 sec
>F 2 cores checked in 0.00 sec
>A genbg n=3+17 e=23:23 d=7:0 D=8:3  class=148/150
>Z 0 graphs generated in 0.04 sec
>F 0 cores checked in 0.00 sec
>A genbg n=3+17 e=23:23 d=7:0 D=8:3  class=149/150
>Z 0 graphs generated in 0.04 sec
>F 0 cores checked in 0.00 sec



=== Total number of graphs generated: 270
=== Total number of graphs checked: 270
=== Total time for generation: 7.16 seconds
=== Total time for checking: 0.03 seconds
=== Total number of exceptional graphs: 0
